/var/lib/slurm/slurmd/job3515723/slurm_script: line 9: batch_scripts/MT50_batch/seed.sh: No such file or directory
SLURM_JOBID=3515723
working directory=/viscam/u/jialugao/Imitation-SoftModule
########################
logging outputs to  /viscam/u/jialugao/Imitation-SoftModule/data/Base_bc_reach_reach-v1_2640.000125-01-2022_23-54-01
########################
{'expert_policy_file': '../Multi-Task-RL/log/MT50_Single_Task/reach-v1/Fixed/238/model/model_pf_best.pth', 'exp_name': 'bc_reach', 'do_dagger': False, 'ep_len': 200, 'gradient_steps': 1, 'n_iter': 100000, 'render_interval': 1, 'eval_interval': 200, 'batch_size': 64, 'eval_batch_size': 32, 'train_batch_size': 32, 'n_layers': 2, 'size': 400, 'learning_rate': 0.0001, 'video_log_freq': -1, 'scalar_log_freq': 1, 'no_gpu': False, 'which_gpu': 0, 'max_replay_buffer_size': 1000000, 'save_params': False, 'seed': 32, 'worker_nums': 1, 'eval_worker_nums': 1, 'config': 'config/BC.json', 'no_cuda': True, 'random_init': False, 'device': 'cpu', 'id': 'MT50_Single_Task', 'task_name': 'reach-v1', 'task_env': 'MT50_task_env', 'cuda': False, 'log_dir': '/viscam/u/jialugao/Imitation-SoftModule/data/Base_bc_reach_reach-v1_2640.000125-01-2022_23-54-01', 'agent_class': <class 'agents.bc_agent.MLPAgent'>, 'agent_params': {'n_layers': 2, 'size': 400, 'learning_rate': 0.0001, 'max_replay_buffer_size': 1000000, 'discrete': False, 'ac_dim': 4, 'ob_dim': 9}}
{'env_name': 'single_task', 'env': {'reward_scale': 1, 'obs_norm': False}, 'meta_env': {'obs_type': 'with_goal', 'random_init': False}, 'replay_buffer': {'size': 1000000.0}, 'net': {'hidden_shapes': [400, 400], 'append_hidden_shapes': [400], 'base_type': <class 'networks.base.MLPBase'>}, 'general_setting': {'discount': 0.99, 'pretrain_epochs': 20, 'num_epochs': 7500, 'epoch_frames': 200, 'max_episode_frames': 200, 'batch_size': 1280, 'min_pool': 10000, 'target_hard_update_period': 1000, 'use_soft_update': True, 'tau': 0.005, 'opt_times': 200, 'eval_episodes': 100, 'train_render': False, 'eval_render': False, 'env': <NormAct<RewardShift<SingleWrapperNone>>>, 'logger': <utils.logger.Logger object at 0x7fe1ad4c4d10>, 'device': device(type='cpu')}, 'sac': {'plr': 0.0003, 'qlr': 0.0003, 'reparameterization': True, 'automatic_entropy_tuning': True, 'policy_std_reg_weight': 0, 'policy_mean_reg_weight': 0}}
Loading expert policy from... ../Multi-Task-RL/log/MT50_Single_Task/reach-v1/Fixed/238/model/model_pf_best.pth
tensor([[ 0.0214, -0.0104, -0.0506,  ..., -0.0046, -0.0152, -0.0612],
        [ 0.0370, -0.0356, -0.0366,  ...,  0.0480, -0.0077, -0.0774],
        [ 0.0022, -0.0753, -0.0489,  ...,  0.0323, -0.0224, -0.0443],
        ...,
        [ 0.0479, -0.0673,  0.0047,  ...,  0.0670, -0.0361, -0.0313],
        [-0.0004, -0.0397, -0.0516,  ..., -0.0080,  0.0060, -0.0196],
        [ 0.0292, -0.0141, -0.0670,  ...,  0.0244, -0.0595, -0.0276]])
Done restoring expert policy...
<NormAct<RewardShift<AugObs<SawyerReachPushPickPlaceEnv instance>>>>


-------------------------------- Iteration 0 -------------------------------- 
initial ob: [-0.03265039  0.51487777  0.2368754   0.          0.6         0.01492813
 -0.1         0.8         0.2        -0.1         0.8         0.2       ]
expert:[-0.8535297   0.99049544  0.9818099   0.97459364]
expert:[-0.9008343   0.99347264  0.98900247  0.9633698 ]
expert:[-0.9557764   0.9932084   0.98684263  0.9438044 ]
expert:[-0.97723854  0.9926434   0.9847183   0.939028  ]
expert:[-0.98456943  0.9921295   0.9826774   0.9358052 ]
expert:[-0.9872217   0.9916852   0.9800158   0.92877275]
expert:[-0.98793083  0.99122614  0.9779629   0.9167158 ]
expert:[-0.98671734  0.9894886   0.97018665  0.877444  ]
expert:[-0.9860597   0.9785852   0.8972953   0.74810684]
expert:[-0.98260635  0.93649083 -0.06231993  0.22899637]
expert:[-0.9702608   0.9220157  -0.7696403  -0.15135323]
expert:[-0.60636663  0.9673555  -0.88124007  0.11012328]
expert:[ 0.80045676  0.98390263 -0.87282807  0.5188352 ]
expert:[ 0.93017083  0.98349977 -0.8165625   0.7370112 ]
expert:[ 0.9446902   0.98016787 -0.72562164  0.79222184]
expert:[ 0.8991931   0.98023206 -0.5438989   0.76484376]
expert:[ 0.66407967  0.9800307  -0.17419799  0.64255863]
expert:[-0.40154254  0.97829103  0.06726699  0.40129852]
expert:[-0.8994544   0.966522    0.12617512  0.1144502 ]
expert:[-0.95530915  0.94168437  0.10977191  0.07330631]
expert:[-0.9504848   0.8854378   0.07752728  0.22272234]
expert:[-0.85915667  0.74848807 -0.00117598  0.3953106 ]
expert:[-0.5567272   0.45593613 -0.01958082  0.5187403 ]
expert:[0.15791455 0.06466886 0.07751478 0.604197  ]
expert:[ 0.65493643 -0.08150335  0.29985934  0.6927188 ]
expert:[ 0.77856624 -0.14915976  0.38553104  0.73296773]
expert:[ 0.7361405  -0.23772673  0.29523975  0.7382578 ]
expert:[ 0.49327862 -0.37006623  0.02252391  0.7459788 ]
expert:[-0.00303884 -0.49907967 -0.31451666  0.76005435]
expert:[-0.4489427  -0.5717516  -0.5260039   0.76356447]
expert:[-0.6005677  -0.5644961  -0.560811    0.75789714]
expert:[-0.5138203  -0.47585258 -0.42734876  0.743979  ]
expert:[-0.11913937 -0.29185495 -0.08575864  0.7113174 ]
expert:[ 0.4562655  -0.09096567  0.3414662   0.6816091 ]
expert:[0.74542236 0.0420379  0.589946   0.7029766 ]
expert:[0.7697943  0.13873161 0.62638843 0.6872334 ]
expert:[0.5446347  0.19456099 0.4718393  0.6276584 ]
expert:[-0.12430438  0.25637084  0.12460392  0.56324613]
expert:[-0.6450098  0.284212  -0.2498895  0.5657523]
expert:[-0.8074303   0.24748582 -0.45820093  0.5727961 ]
expert:[-0.7982096   0.17776404 -0.51279336  0.58728904]
expert:[-0.61368275  0.08384588 -0.42868635  0.60222846]
expert:[-0.08070494 -0.02235956 -0.1560482   0.62101567]
expert:[ 0.58774304 -0.00559546  0.27930868  0.66301286]
expert:[0.81578845 0.02114891 0.5463152  0.71808004]
expert:[0.8247786  0.00186236 0.5726115  0.7283316 ]
expert:[ 0.65105575 -0.07320824  0.37279505  0.69807935]
expert:[ 0.04129995 -0.16420336 -0.06213489  0.67429066]
expert:[-0.562452   -0.22830957 -0.4456756   0.67227095]
expert:[-0.76734567 -0.19928844 -0.58904546  0.66195625]
expert:[-0.76869076 -0.1427548  -0.5681546   0.65067613]
expert:[-0.5776307 -0.0708326 -0.3837957  0.6386519]
expert:[-0.01059215 -0.00145246  0.01325106  0.62280333]
expert:[0.6428973  0.08369459 0.45876107 0.66411555]
expert:[0.8471561  0.12206875 0.6543396  0.71225184]
expert:[0.8349821  0.1271628  0.64061743 0.705718  ]
expert:[0.581591  0.1052504 0.4116886 0.6463635]
expert:[-0.14882402  0.05121477 -0.05818233  0.60725874]
expert:[-0.68997204  0.04531876 -0.43206635  0.616506  ]
expert:[-0.8478475   0.00222502 -0.58308405  0.6162686 ]
expert:[-0.8221418  -0.01710988 -0.5846292   0.62282395]
expert:[-0.6150618  -0.03346685 -0.43345731  0.62894756]
expert:[-0.00944428 -0.03527457 -0.04888682  0.6318124 ]
expert:[0.67866445 0.01679467 0.42953473 0.6823167 ]
expert:[0.8653325  0.075053   0.6578599  0.73243946]
expert:[0.86190146 0.06686755 0.65645903 0.732769  ]
expert:[ 0.6721145  -0.00320208  0.43101814  0.6868608 ]
expert:[-0.02089015 -0.07136229 -0.05347981  0.6436814 ]
expert:[-0.6323858  -0.10290988 -0.46768475  0.6418997 ]
expert:[-0.82999545 -0.09961817 -0.61751664  0.6360273 ]
expert:[-0.8329798  -0.07715751 -0.6098379   0.63185275]
expert:[-0.65773606 -0.03743366 -0.45305917  0.631137  ]
expert:[-0.09042975 -0.01790667 -0.07062576  0.6238926 ]
expert:[0.6409312  0.06009717 0.4283917  0.66672677]
expert:[0.86689186 0.11079836 0.6710624  0.72515666]
expert:[0.8741525 0.1145057 0.6845086 0.7289799]
expert:[0.7018468  0.05949218 0.4868195  0.68048435]
expert:[ 0.03074347 -0.00357094  0.01200805  0.6240107 ]
expert:[-0.6286221  -0.03051259 -0.4248368   0.6302268 ]
expert:[-0.843341   -0.05618611 -0.60599315  0.6266359 ]
expert:[-0.8589069  -0.06644864 -0.62096834  0.6247322 ]
expert:[-0.6996028  -0.04367773 -0.49672398  0.6310393 ]
expert:[-0.18485598 -0.04555897 -0.14859457  0.62967646]
expert:[0.593615   0.03497215 0.37175056 0.6623725 ]
expert:[0.8624188  0.09244949 0.6579691  0.72674227]
expert:[0.88657135 0.10572278 0.69518405 0.73782164]
expert:[0.76123625 0.0375539  0.53071827 0.69886035]
expert:[ 0.17291228 -0.01087308  0.0864713   0.6312825 ]
expert:[-0.55202925 -0.06167556 -0.39294836  0.6349895 ]
expert:[-0.82252157 -0.07274779 -0.60485935  0.632543  ]
expert:[-0.87010825 -0.08448076 -0.63374     0.6254567 ]
expert:[-0.7418941  -0.04695032 -0.5307702   0.6316502 ]
expert:[-0.30879265 -0.0366138  -0.21980253  0.62765664]
expert:[0.4957103  0.03969697 0.30726224 0.64525723]
expert:[0.8467942  0.08694241 0.63850677 0.7193787 ]
expert:[0.889728   0.1182351  0.70460755 0.7395725 ]
expert:[0.8003014  0.0536366  0.581157   0.70711786]
expert:[0.30796716 0.01820481 0.18503605 0.62745225]
expert:[-0.469833   -0.05024343 -0.32859492  0.6320819 ]
expert:[-0.80036867 -0.05926684 -0.58570737  0.6337203 ]
expert:[-0.8794983  -0.08753147 -0.63889915  0.62415683]
expert:[-0.77882427 -0.05210375 -0.5652402   0.63229996]
expert:[-0.42112538 -0.04149778 -0.29785058  0.62927765]
expert:[0.36554208 0.02912596 0.21586931 0.62878025]
expert:[0.81997854 0.06598338 0.601265   0.7113455 ]
expert:[0.89078045 0.11567234 0.70609975 0.7414448 ]
expert:[0.8328098  0.06751697 0.62402934 0.71736676]
expert:[0.45107892 0.02167778 0.2808968  0.6439694 ]
expert:[-0.3623789  -0.05823116 -0.2542792   0.63379323]
expert:[-0.7694067  -0.06404498 -0.5577983   0.6348677 ]
expert:[-0.87776893 -0.09028715 -0.63915926  0.624967  ]
expert:[-0.8033401  -0.05400229 -0.5906097   0.6320824 ]
expert:[-0.51286036 -0.03662094 -0.35984737  0.62970567]
expert:[0.21921052 0.01457473 0.11769951 0.6243361 ]
expert:[0.78201354 0.05468586 0.5533575  0.70037496]
expert:[0.88912004 0.11625513 0.70227796 0.73910284]
expert:[0.85448956 0.08552121 0.6542058  0.7243909 ]
expert:[0.56088287 0.03054034 0.36189047 0.6594667 ]
expert:[-0.23737018 -0.05517127 -0.17044929  0.6327638 ]
expert:[-0.7327283  -0.05859149 -0.5227535   0.63433635]
expert:[-0.8730231  -0.0850895  -0.63410926  0.6252493 ]
expert:[-0.832383   -0.06218917 -0.60656685  0.6288564 ]
expert:[-0.5975613  -0.03705391 -0.4166947   0.6302982 ]
expert:[ 0.07478129 -0.00360366  0.02247434  0.6250331 ]
expert:[0.73641783 0.05233103 0.50315356 0.68857014]
expert:[0.8873088  0.11590094 0.69657075 0.73666114]
expert:[0.87341213 0.10162547 0.6791005  0.7311083 ]
expert:[0.6555663  0.03696106 0.4342658  0.67507803]
expert:[-0.09177108 -0.0421142  -0.08179408  0.631738  ]
expert:[-0.6849408  -0.05865855 -0.48714125  0.6341922 ]
expert:[-0.86380774 -0.08390278 -0.63071007  0.6265613 ]
expert:[-0.85442275 -0.07428782 -0.6237047   0.62649655]
expert:[-0.6648194  -0.04211039 -0.46953672  0.63083917]
expert:[-0.07291618 -0.02626132 -0.07387252  0.6268636 ]
expert:[0.66944104 0.04803098 0.4402871  0.674368  ]
expert:[0.87972647 0.11085982 0.68487877 0.7320332 ]
expert:[0.88604546 0.11493941 0.6956502  0.73533106]
expert:[0.72576594 0.04899193 0.4988343  0.6875402 ]
expert:[ 0.05689113 -0.01353579  0.01632537  0.6279713 ]
expert:[-0.6231802  -0.04984948 -0.43566018  0.63302445]
expert:[-0.84858286 -0.07523178 -0.6182747   0.6283845 ]
expert:[-0.86940736 -0.08339015 -0.63366234  0.6252655 ]
expert:[-0.71631646 -0.05040312 -0.5125074   0.63216823]
expert:[-0.21803585 -0.04472175 -0.16657014  0.6295903 ]
expert:[0.5795662 0.0394427 0.3643778 0.6590235]
expert:[0.8651918  0.10279429 0.6616652  0.7256999 ]
expert:[0.8907434  0.12605251 0.7026623  0.73902243]
expert:[0.7802708  0.05518806 0.55376583 0.70004064]
expert:[0.21770741 0.0082616  0.12079668 0.6266225 ]
expert:[-0.53400004 -0.04991774 -0.37376046  0.6328227 ]
expert_success: 1.0
path_length: 150



-------------------------------- Iteration 0 -------------------------------- 
initial ob: [-0.03265039  0.51487777  0.2368754   0.          0.6         0.01492813
 -0.1         0.8         0.2        -0.1         0.8         0.2       ]
agent_success: 0

training time:  0.1219484806060791
evaluation time:  7.1481711864471436
epoch time:  7.270146608352661


-------------------------------- Iteration 200 -------------------------------- 
initial ob: [-0.03265039  0.51487777  0.2368754   0.          0.6         0.01492813
 -0.1         0.8         0.2        -0.1         0.8         0.2       ]
agent_success: 1.0

training time:  0.0023660659790039062
evaluation time:  7.110821723937988
epoch time:  7.113207578659058


-------------------------------- Iteration 400 -------------------------------- 
initial ob: [-0.03265039  0.51487777  0.2368754   0.          0.6         0.01492813
 -0.1         0.8         0.2        -0.1         0.8         0.2       ]
agent_success: 1.0

training time:  0.0023186206817626953
evaluation time:  7.108319044113159
epoch time:  7.110660552978516


-------------------------------- Iteration 600 -------------------------------- 
initial ob: [-0.03265039  0.51487777  0.2368754   0.          0.6         0.01492813
 -0.1         0.8         0.2        -0.1         0.8         0.2       ]
agent_success: 1.0

training time:  0.0022733211517333984
evaluation time:  7.091879367828369
epoch time:  7.094175815582275


-------------------------------- Iteration 800 -------------------------------- 
initial ob: [-0.03265039  0.51487777  0.2368754   0.          0.6         0.01492813
 -0.1         0.8         0.2        -0.1         0.8         0.2       ]
agent_success: 1.0

training time:  0.0022869110107421875
evaluation time:  7.089405536651611
epoch time:  7.091714382171631


-------------------------------- Iteration 1000 -------------------------------- 
initial ob: [-0.03265039  0.51487777  0.2368754   0.          0.6         0.01492813
 -0.1         0.8         0.2        -0.1         0.8         0.2       ]
agent_success: 0

training time:  0.002281665802001953
evaluation time:  7.100517988204956
epoch time:  7.10282564163208


-------------------------------- Iteration 1200 -------------------------------- 
initial ob: [-0.03265039  0.51487777  0.2368754   0.          0.6         0.01492813
 -0.1         0.8         0.2        -0.1         0.8         0.2       ]
agent_success: 1.0

training time:  0.0023376941680908203
evaluation time:  7.146755695343018
epoch time:  7.14911150932312


-------------------------------- Iteration 1400 -------------------------------- 
initial ob: [-0.03265039  0.51487777  0.2368754   0.          0.6         0.01492813
 -0.1         0.8         0.2        -0.1         0.8         0.2       ]
agent_success: 1.0

training time:  0.0025014877319335938
evaluation time:  7.166870832443237
epoch time:  7.169387578964233


-------------------------------- Iteration 1600 -------------------------------- 
initial ob: [-0.03265039  0.51487777  0.2368754   0.          0.6         0.01492813
 -0.1         0.8         0.2        -0.1         0.8         0.2       ]
agent_success: 1.0

training time:  0.002317190170288086
evaluation time:  7.0807108879089355
epoch time:  7.0830395221710205


-------------------------------- Iteration 1800 -------------------------------- 
initial ob: [-0.03265039  0.51487777  0.2368754   0.          0.6         0.01492813
 -0.1         0.8         0.2        -0.1         0.8         0.2       ]
agent_success: 1.0

training time:  0.0023279190063476562
evaluation time:  7.093081712722778
epoch time:  7.0954272747039795


-------------------------------- Iteration 2000 -------------------------------- 
initial ob: [-0.03265039  0.51487777  0.2368754   0.          0.6         0.01492813
 -0.1         0.8         0.2        -0.1         0.8         0.2       ]
agent_success: 1.0

training time:  0.0023310184478759766
evaluation time:  7.113176345825195
epoch time:  7.115518569946289


-------------------------------- Iteration 2200 -------------------------------- 
initial ob: [-0.03265039  0.51487777  0.2368754   0.          0.6         0.01492813
 -0.1         0.8         0.2        -0.1         0.8         0.2       ]
agent_success: 1.0

training time:  0.002296924591064453
evaluation time:  7.094463109970093
epoch time:  7.096775770187378


-------------------------------- Iteration 2400 -------------------------------- 
initial ob: [-0.03265039  0.51487777  0.2368754   0.          0.6         0.01492813
 -0.1         0.8         0.2        -0.1         0.8         0.2       ]
agent_success: 1.0

training time:  0.002316713333129883
evaluation time:  7.101250410079956
epoch time:  7.103578329086304


-------------------------------- Iteration 2600 -------------------------------- 
initial ob: [-0.03265039  0.51487777  0.2368754   0.          0.6         0.01492813
 -0.1         0.8         0.2        -0.1         0.8         0.2       ]
agent_success: 1.0

training time:  0.0023152828216552734
evaluation time:  7.095685243606567
epoch time:  7.0980236530303955


-------------------------------- Iteration 2800 -------------------------------- 
initial ob: [-0.03265039  0.51487777  0.2368754   0.          0.6         0.01492813
 -0.1         0.8         0.2        -0.1         0.8         0.2       ]
agent_success: 1.0

training time:  0.0023164749145507812
evaluation time:  7.1108269691467285
epoch time:  7.1131556034088135


-------------------------------- Iteration 3000 -------------------------------- 
initial ob: [-0.03265039  0.51487777  0.2368754   0.          0.6         0.01492813
 -0.1         0.8         0.2        -0.1         0.8         0.2       ]
agent_success: 1.0

training time:  0.0022835731506347656
evaluation time:  7.098128080368042
epoch time:  7.100423336029053


-------------------------------- Iteration 3200 -------------------------------- 
initial ob: [-0.03265039  0.51487777  0.2368754   0.          0.6         0.01492813
 -0.1         0.8         0.2        -0.1         0.8         0.2       ]
agent_success: 1.0

training time:  0.002304553985595703
evaluation time:  7.099223613739014
epoch time:  7.101550579071045


-------------------------------- Iteration 3400 -------------------------------- 
initial ob: [-0.03265039  0.51487777  0.2368754   0.          0.6         0.01492813
 -0.1         0.8         0.2        -0.1         0.8         0.2       ]
agent_success: 1.0

training time:  0.0023016929626464844
evaluation time:  7.0999321937561035
epoch time:  7.102245092391968


-------------------------------- Iteration 3600 -------------------------------- 
initial ob: [-0.03265039  0.51487777  0.2368754   0.          0.6         0.01492813
 -0.1         0.8         0.2        -0.1         0.8         0.2       ]
agent_success: 1.0

training time:  0.002295255661010742
evaluation time:  7.114537000656128
epoch time:  7.116847991943359


-------------------------------- Iteration 3800 -------------------------------- 
initial ob: [-0.03265039  0.51487777  0.2368754   0.          0.6         0.01492813
 -0.1         0.8         0.2        -0.1         0.8         0.2       ]
agent_success: 1.0

training time:  0.002338886260986328
evaluation time:  7.092892408370972
epoch time:  7.095255613327026


-------------------------------- Iteration 4000 -------------------------------- 
initial ob: [-0.03265039  0.51487777  0.2368754   0.          0.6         0.01492813
 -0.1         0.8         0.2        -0.1         0.8         0.2       ]
agent_success: 1.0

training time:  0.0023238658905029297
evaluation time:  7.116087436676025
epoch time:  7.118435382843018


-------------------------------- Iteration 4200 -------------------------------- 
initial ob: [-0.03265039  0.51487777  0.2368754   0.          0.6         0.01492813
 -0.1         0.8         0.2        -0.1         0.8         0.2       ]
agent_success: 1.0

training time:  0.002300739288330078
evaluation time:  7.100268363952637
epoch time:  7.1025800704956055


-------------------------------- Iteration 4400 -------------------------------- 
initial ob: [-0.03265039  0.51487777  0.2368754   0.          0.6         0.01492813
 -0.1         0.8         0.2        -0.1         0.8         0.2       ]
agent_success: 1.0

training time:  0.0023093223571777344
evaluation time:  7.1224424839019775
epoch time:  7.12476658821106


-------------------------------- Iteration 4600 -------------------------------- 
initial ob: [-0.03265039  0.51487777  0.2368754   0.          0.6         0.01492813
 -0.1         0.8         0.2        -0.1         0.8         0.2       ]
agent_success: 1.0

training time:  0.0023000240325927734
evaluation time:  7.1189727783203125
epoch time:  7.1212852001190186


-------------------------------- Iteration 4800 -------------------------------- 
initial ob: [-0.03265039  0.51487777  0.2368754   0.          0.6         0.01492813
 -0.1         0.8         0.2        -0.1         0.8         0.2       ]
agent_success: 1.0

training time:  0.0023365020751953125
evaluation time:  7.129884958267212
epoch time:  7.132239580154419


-------------------------------- Iteration 5000 -------------------------------- 
initial ob: [-0.03265039  0.51487777  0.2368754   0.          0.6         0.01492813
 -0.1         0.8         0.2        -0.1         0.8         0.2       ]
agent_success: 1.0

training time:  0.002292156219482422
evaluation time:  7.130455493927002
epoch time:  7.132758617401123


-------------------------------- Iteration 5200 -------------------------------- 
initial ob: [-0.03265039  0.51487777  0.2368754   0.          0.6         0.01492813
 -0.1         0.8         0.2        -0.1         0.8         0.2       ]
agent_success: 1.0

training time:  0.002288818359375
evaluation time:  7.102365016937256
epoch time:  7.10467529296875


-------------------------------- Iteration 5400 -------------------------------- 
initial ob: [-0.03265039  0.51487777  0.2368754   0.          0.6         0.01492813
 -0.1         0.8         0.2        -0.1         0.8         0.2       ]
agent_success: 1.0

training time:  0.002301931381225586
evaluation time:  7.099868059158325
epoch time:  7.102190971374512


-------------------------------- Iteration 5600 -------------------------------- 
initial ob: [-0.03265039  0.51487777  0.2368754   0.          0.6         0.01492813
 -0.1         0.8         0.2        -0.1         0.8         0.2       ]
agent_success: 1.0

training time:  0.0023107528686523438
evaluation time:  7.106122970581055
epoch time:  7.108444929122925


-------------------------------- Iteration 5800 -------------------------------- 
initial ob: [-0.03265039  0.51487777  0.2368754   0.          0.6         0.01492813
 -0.1         0.8         0.2        -0.1         0.8         0.2       ]
agent_success: 1.0

training time:  0.002317190170288086
evaluation time:  7.102456092834473
epoch time:  7.104785442352295


-------------------------------- Iteration 6000 -------------------------------- 
initial ob: [-0.03265039  0.51487777  0.2368754   0.          0.6         0.01492813
 -0.1         0.8         0.2        -0.1         0.8         0.2       ]
agent_success: 1.0

training time:  0.002307415008544922
evaluation time:  7.117985248565674
epoch time:  7.120307683944702


-------------------------------- Iteration 6200 -------------------------------- 
initial ob: [-0.03265039  0.51487777  0.2368754   0.          0.6         0.01492813
 -0.1         0.8         0.2        -0.1         0.8         0.2       ]
agent_success: 1.0

training time:  0.002368450164794922
evaluation time:  7.117152452468872
epoch time:  7.119547605514526


-------------------------------- Iteration 6400 -------------------------------- 
initial ob: [-0.03265039  0.51487777  0.2368754   0.          0.6         0.01492813
 -0.1         0.8         0.2        -0.1         0.8         0.2       ]
agent_success: 1.0

training time:  0.002319812774658203
evaluation time:  7.103884696960449
epoch time:  7.1062188148498535


-------------------------------- Iteration 6600 -------------------------------- 
initial ob: [-0.03265039  0.51487777  0.2368754   0.          0.6         0.01492813
 -0.1         0.8         0.2        -0.1         0.8         0.2       ]
agent_success: 1.0

training time:  0.0023152828216552734
evaluation time:  7.110019207000732
epoch time:  7.112346172332764


-------------------------------- Iteration 6800 -------------------------------- 
initial ob: [-0.03265039  0.51487777  0.2368754   0.          0.6         0.01492813
 -0.1         0.8         0.2        -0.1         0.8         0.2       ]
agent_success: 1.0

training time:  0.0023305416107177734
evaluation time:  7.082101583480835
epoch time:  7.084444999694824


-------------------------------- Iteration 7000 -------------------------------- 
initial ob: [-0.03265039  0.51487777  0.2368754   0.          0.6         0.01492813
 -0.1         0.8         0.2        -0.1         0.8         0.2       ]
agent_success: 1.0

training time:  0.0023643970489501953
evaluation time:  7.102788209915161
epoch time:  7.105167865753174


-------------------------------- Iteration 7200 -------------------------------- 
initial ob: [-0.03265039  0.51487777  0.2368754   0.          0.6         0.01492813
 -0.1         0.8         0.2        -0.1         0.8         0.2       ]
agent_success: 1.0

training time:  0.0023229122161865234
evaluation time:  7.091933965682983
epoch time:  7.094268083572388


-------------------------------- Iteration 7400 -------------------------------- 
initial ob: [-0.03265039  0.51487777  0.2368754   0.          0.6         0.01492813
 -0.1         0.8         0.2        -0.1         0.8         0.2       ]
agent_success: 1.0

training time:  0.0023245811462402344
evaluation time:  7.091183423995972
epoch time:  7.093519926071167


-------------------------------- Iteration 7600 -------------------------------- 
initial ob: [-0.03265039  0.51487777  0.2368754   0.          0.6         0.01492813
 -0.1         0.8         0.2        -0.1         0.8         0.2       ]
agent_success: 1.0

training time:  0.002302408218383789
evaluation time:  7.106536865234375
epoch time:  7.108849287033081


-------------------------------- Iteration 7800 -------------------------------- 
initial ob: [-0.03265039  0.51487777  0.2368754   0.          0.6         0.01492813
 -0.1         0.8         0.2        -0.1         0.8         0.2       ]
agent_success: 1.0

training time:  0.0023119449615478516
evaluation time:  7.09593939781189
epoch time:  7.098262310028076


-------------------------------- Iteration 8000 -------------------------------- 
initial ob: [-0.03265039  0.51487777  0.2368754   0.          0.6         0.01492813
 -0.1         0.8         0.2        -0.1         0.8         0.2       ]
agent_success: 1.0

training time:  0.0023179054260253906
evaluation time:  7.102255821228027
epoch time:  7.1045989990234375


-------------------------------- Iteration 8200 -------------------------------- 
initial ob: [-0.03265039  0.51487777  0.2368754   0.          0.6         0.01492813
 -0.1         0.8         0.2        -0.1         0.8         0.2       ]
agent_success: 1.0

training time:  0.0023696422576904297
evaluation time:  7.110149145126343
epoch time:  7.112545967102051


-------------------------------- Iteration 8400 -------------------------------- 
initial ob: [-0.03265039  0.51487777  0.2368754   0.          0.6         0.01492813
 -0.1         0.8         0.2        -0.1         0.8         0.2       ]
agent_success: 1.0

training time:  0.002317190170288086
evaluation time:  7.103404760360718
epoch time:  7.105732202529907


-------------------------------- Iteration 8600 -------------------------------- 
initial ob: [-0.03265039  0.51487777  0.2368754   0.          0.6         0.01492813
 -0.1         0.8         0.2        -0.1         0.8         0.2       ]
agent_success: 1.0

training time:  0.0023207664489746094
evaluation time:  7.108709096908569
epoch time:  7.1110405921936035


-------------------------------- Iteration 8800 -------------------------------- 
initial ob: [-0.03265039  0.51487777  0.2368754   0.          0.6         0.01492813
 -0.1         0.8         0.2        -0.1         0.8         0.2       ]
agent_success: 1.0

training time:  0.0023212432861328125
evaluation time:  7.103555202484131
epoch time:  7.1059041023254395


-------------------------------- Iteration 9000 -------------------------------- 
initial ob: [-0.03265039  0.51487777  0.2368754   0.          0.6         0.01492813
 -0.1         0.8         0.2        -0.1         0.8         0.2       ]
agent_success: 1.0

training time:  0.0023245811462402344
evaluation time:  7.257733583450317
epoch time:  7.260069370269775


-------------------------------- Iteration 9200 -------------------------------- 
initial ob: [-0.03265039  0.51487777  0.2368754   0.          0.6         0.01492813
 -0.1         0.8         0.2        -0.1         0.8         0.2       ]
agent_success: 1.0

training time:  0.0023107528686523438
evaluation time:  7.097286939620972
epoch time:  7.099615812301636


-------------------------------- Iteration 9400 -------------------------------- 
initial ob: [-0.03265039  0.51487777  0.2368754   0.          0.6         0.01492813
 -0.1         0.8         0.2        -0.1         0.8         0.2       ]
agent_success: 1.0

training time:  0.00232696533203125
evaluation time:  7.109839200973511
epoch time:  7.112177133560181


-------------------------------- Iteration 9600 -------------------------------- 
initial ob: [-0.03265039  0.51487777  0.2368754   0.          0.6         0.01492813
 -0.1         0.8         0.2        -0.1         0.8         0.2       ]
agent_success: 1.0

training time:  0.0023047924041748047
evaluation time:  7.10735011100769
epoch time:  7.109670639038086


-------------------------------- Iteration 9800 -------------------------------- 
initial ob: [-0.03265039  0.51487777  0.2368754   0.          0.6         0.01492813
 -0.1         0.8         0.2        -0.1         0.8         0.2       ]
agent_success: 1.0

training time:  0.002315521240234375
evaluation time:  7.089935541152954
epoch time:  7.0922691822052


-------------------------------- Iteration 10000 -------------------------------- 
initial ob: [-0.03265039  0.51487777  0.2368754   0.          0.6         0.01492813
 -0.1         0.8         0.2        -0.1         0.8         0.2       ]
agent_success: 1.0

training time:  0.0023505687713623047
evaluation time:  7.096998691558838
epoch time:  7.099371671676636


-------------------------------- Iteration 10200 -------------------------------- 
initial ob: [-0.03265039  0.51487777  0.2368754   0.          0.6         0.01492813
 -0.1         0.8         0.2        -0.1         0.8         0.2       ]
agent_success: 1.0

training time:  0.002305269241333008
evaluation time:  7.093968868255615
epoch time:  7.096290588378906


-------------------------------- Iteration 10400 -------------------------------- 
initial ob: [-0.03265039  0.51487777  0.2368754   0.          0.6         0.01492813
 -0.1         0.8         0.2        -0.1         0.8         0.2       ]
agent_success: 1.0

training time:  0.002407550811767578
evaluation time:  7.0925133228302
epoch time:  7.094932556152344


-------------------------------- Iteration 10600 -------------------------------- 
initial ob: [-0.03265039  0.51487777  0.2368754   0.          0.6         0.01492813
 -0.1         0.8         0.2        -0.1         0.8         0.2       ]
agent_success: 1.0

training time:  0.002326488494873047
evaluation time:  7.112825632095337
epoch time:  7.115163326263428


-------------------------------- Iteration 10800 -------------------------------- 
initial ob: [-0.03265039  0.51487777  0.2368754   0.          0.6         0.01492813
 -0.1         0.8         0.2        -0.1         0.8         0.2       ]
agent_success: 1.0

training time:  0.0023114681243896484
evaluation time:  7.088103294372559
epoch time:  7.090425968170166


-------------------------------- Iteration 11000 -------------------------------- 
initial ob: [-0.03265039  0.51487777  0.2368754   0.          0.6         0.01492813
 -0.1         0.8         0.2        -0.1         0.8         0.2       ]
agent_success: 1.0

training time:  0.0023779869079589844
evaluation time:  7.086508512496948
epoch time:  7.088898181915283


-------------------------------- Iteration 11200 -------------------------------- 
initial ob: [-0.03265039  0.51487777  0.2368754   0.          0.6         0.01492813
 -0.1         0.8         0.2        -0.1         0.8         0.2       ]
agent_success: 1.0

training time:  0.0023403167724609375
evaluation time:  7.101930379867554
epoch time:  7.104291915893555


-------------------------------- Iteration 11400 -------------------------------- 
initial ob: [-0.03265039  0.51487777  0.2368754   0.          0.6         0.01492813
 -0.1         0.8         0.2        -0.1         0.8         0.2       ]
agent_success: 1.0

training time:  0.0023093223571777344
evaluation time:  7.11085319519043
epoch time:  7.113190412521362


-------------------------------- Iteration 11600 -------------------------------- 
initial ob: [-0.03265039  0.51487777  0.2368754   0.          0.6         0.01492813
 -0.1         0.8         0.2        -0.1         0.8         0.2       ]
agent_success: 1.0

training time:  0.0023262500762939453
evaluation time:  7.092233657836914
epoch time:  7.094570636749268


-------------------------------- Iteration 11800 -------------------------------- 
initial ob: [-0.03265039  0.51487777  0.2368754   0.          0.6         0.01492813
 -0.1         0.8         0.2        -0.1         0.8         0.2       ]
agent_success: 1.0

training time:  0.0023040771484375
evaluation time:  7.099231958389282
epoch time:  7.101578235626221


-------------------------------- Iteration 12000 -------------------------------- 
initial ob: [-0.03265039  0.51487777  0.2368754   0.          0.6         0.01492813
 -0.1         0.8         0.2        -0.1         0.8         0.2       ]
agent_success: 1.0

training time:  0.002299785614013672
evaluation time:  7.103581666946411
epoch time:  7.1058924198150635


-------------------------------- Iteration 12200 -------------------------------- 
initial ob: [-0.03265039  0.51487777  0.2368754   0.          0.6         0.01492813
 -0.1         0.8         0.2        -0.1         0.8         0.2       ]
agent_success: 1.0

training time:  0.0023238658905029297
evaluation time:  7.113792181015015
epoch time:  7.116133213043213


-------------------------------- Iteration 12400 -------------------------------- 
initial ob: [-0.03265039  0.51487777  0.2368754   0.          0.6         0.01492813
 -0.1         0.8         0.2        -0.1         0.8         0.2       ]
agent_success: 1.0

training time:  0.0023262500762939453
evaluation time:  7.107975959777832
epoch time:  7.110313415527344


-------------------------------- Iteration 12600 -------------------------------- 
initial ob: [-0.03265039  0.51487777  0.2368754   0.          0.6         0.01492813
 -0.1         0.8         0.2        -0.1         0.8         0.2       ]
agent_success: 1.0

training time:  0.002315044403076172
evaluation time:  7.0994203090667725
epoch time:  7.1017467975616455


-------------------------------- Iteration 12800 -------------------------------- 
initial ob: [-0.03265039  0.51487777  0.2368754   0.          0.6         0.01492813
 -0.1         0.8         0.2        -0.1         0.8         0.2       ]
agent_success: 1.0

training time:  0.002306699752807617
evaluation time:  7.110280513763428
epoch time:  7.112634181976318


-------------------------------- Iteration 13000 -------------------------------- 
initial ob: [-0.03265039  0.51487777  0.2368754   0.          0.6         0.01492813
 -0.1         0.8         0.2        -0.1         0.8         0.2       ]
agent_success: 1.0

training time:  0.002346515655517578
evaluation time:  7.104636192321777
epoch time:  7.106993675231934


-------------------------------- Iteration 13200 -------------------------------- 
initial ob: [-0.03265039  0.51487777  0.2368754   0.          0.6         0.01492813
 -0.1         0.8         0.2        -0.1         0.8         0.2       ]
agent_success: 1.0

training time:  0.0023126602172851562
evaluation time:  7.092136859893799
epoch time:  7.094460964202881


-------------------------------- Iteration 13400 -------------------------------- 
initial ob: [-0.03265039  0.51487777  0.2368754   0.          0.6         0.01492813
 -0.1         0.8         0.2        -0.1         0.8         0.2       ]
agent_success: 1.0

training time:  0.002298593521118164
evaluation time:  7.11144495010376
epoch time:  7.1137566566467285


-------------------------------- Iteration 13600 -------------------------------- 
initial ob: [-0.03265039  0.51487777  0.2368754   0.          0.6         0.01492813
 -0.1         0.8         0.2        -0.1         0.8         0.2       ]
agent_success: 1.0

training time:  0.0022895336151123047
evaluation time:  7.143130779266357
epoch time:  7.1454315185546875


-------------------------------- Iteration 13800 -------------------------------- 
initial ob: [-0.03265039  0.51487777  0.2368754   0.          0.6         0.01492813
 -0.1         0.8         0.2        -0.1         0.8         0.2       ]
agent_success: 1.0

training time:  0.0023446083068847656
evaluation time:  7.156718969345093
epoch time:  7.159079313278198


-------------------------------- Iteration 14000 -------------------------------- 
initial ob: [-0.03265039  0.51487777  0.2368754   0.          0.6         0.01492813
 -0.1         0.8         0.2        -0.1         0.8         0.2       ]
agent_success: 1.0

training time:  0.002310037612915039
evaluation time:  7.143476486206055
epoch time:  7.145797491073608


-------------------------------- Iteration 14200 -------------------------------- 
initial ob: [-0.03265039  0.51487777  0.2368754   0.          0.6         0.01492813
 -0.1         0.8         0.2        -0.1         0.8         0.2       ]
agent_success: 1.0

training time:  0.0023751258850097656
evaluation time:  7.13073205947876
epoch time:  7.1331305503845215


-------------------------------- Iteration 14400 -------------------------------- 
initial ob: [-0.03265039  0.51487777  0.2368754   0.          0.6         0.01492813
 -0.1         0.8         0.2        -0.1         0.8         0.2       ]
agent_success: 1.0

training time:  0.0023462772369384766
evaluation time:  7.134740352630615
epoch time:  7.137102365493774


-------------------------------- Iteration 14600 -------------------------------- 
initial ob: [-0.03265039  0.51487777  0.2368754   0.          0.6         0.01492813
 -0.1         0.8         0.2        -0.1         0.8         0.2       ]
agent_success: 1.0

training time:  0.0024232864379882812
evaluation time:  7.13256049156189
epoch time:  7.134994268417358


-------------------------------- Iteration 14800 -------------------------------- 
initial ob: [-0.03265039  0.51487777  0.2368754   0.          0.6         0.01492813
 -0.1         0.8         0.2        -0.1         0.8         0.2       ]
agent_success: 1.0

training time:  0.002315998077392578
evaluation time:  7.125815153121948
epoch time:  7.1281418800354


-------------------------------- Iteration 15000 -------------------------------- 
initial ob: [-0.03265039  0.51487777  0.2368754   0.          0.6         0.01492813
 -0.1         0.8         0.2        -0.1         0.8         0.2       ]
agent_success: 1.0

training time:  0.002327442169189453
evaluation time:  7.125774145126343
epoch time:  7.128113031387329


-------------------------------- Iteration 15200 -------------------------------- 
initial ob: [-0.03265039  0.51487777  0.2368754   0.          0.6         0.01492813
 -0.1         0.8         0.2        -0.1         0.8         0.2       ]
agent_success: 1.0

training time:  0.002302885055541992
evaluation time:  7.106006383895874
epoch time:  7.108337879180908


-------------------------------- Iteration 15400 -------------------------------- 
initial ob: [-0.03265039  0.51487777  0.2368754   0.          0.6         0.01492813
 -0.1         0.8         0.2        -0.1         0.8         0.2       ]
agent_success: 1.0

training time:  0.002337217330932617
evaluation time:  7.116993427276611
epoch time:  7.1193530559539795


-------------------------------- Iteration 15600 -------------------------------- 
initial ob: [-0.03265039  0.51487777  0.2368754   0.          0.6         0.01492813
 -0.1         0.8         0.2        -0.1         0.8         0.2       ]
agent_success: 1.0

training time:  0.0023338794708251953
evaluation time:  7.105491876602173
epoch time:  7.107836961746216


-------------------------------- Iteration 15800 -------------------------------- 
initial ob: [-0.03265039  0.51487777  0.2368754   0.          0.6         0.01492813
 -0.1         0.8         0.2        -0.1         0.8         0.2       ]
agent_success: 1.0

training time:  0.002341032028198242
evaluation time:  7.101536512374878
epoch time:  7.103889226913452


-------------------------------- Iteration 16000 -------------------------------- 
initial ob: [-0.03265039  0.51487777  0.2368754   0.          0.6         0.01492813
 -0.1         0.8         0.2        -0.1         0.8         0.2       ]
agent_success: 1.0

training time:  0.002331972122192383
evaluation time:  7.110653400421143
epoch time:  7.112996816635132


-------------------------------- Iteration 16200 -------------------------------- 
initial ob: [-0.03265039  0.51487777  0.2368754   0.          0.6         0.01492813
 -0.1         0.8         0.2        -0.1         0.8         0.2       ]
agent_success: 1.0

training time:  0.0023097991943359375
evaluation time:  7.118028163909912
epoch time:  7.120349407196045


-------------------------------- Iteration 16400 -------------------------------- 
initial ob: [-0.03265039  0.51487777  0.2368754   0.          0.6         0.01492813
 -0.1         0.8         0.2        -0.1         0.8         0.2       ]
agent_success: 1.0

training time:  0.002331256866455078
evaluation time:  7.08656907081604
epoch time:  7.088912010192871


-------------------------------- Iteration 16600 -------------------------------- 
initial ob: [-0.03265039  0.51487777  0.2368754   0.          0.6         0.01492813
 -0.1         0.8         0.2        -0.1         0.8         0.2       ]
agent_success: 1.0

training time:  0.0023331642150878906
evaluation time:  7.319041728973389
epoch time:  7.32138991355896


-------------------------------- Iteration 16800 -------------------------------- 
initial ob: [-0.03265039  0.51487777  0.2368754   0.          0.6         0.01492813
 -0.1         0.8         0.2        -0.1         0.8         0.2       ]
agent_success: 1.0

training time:  0.002315998077392578
evaluation time:  7.116485595703125
epoch time:  7.118812561035156


-------------------------------- Iteration 17000 -------------------------------- 
initial ob: [-0.03265039  0.51487777  0.2368754   0.          0.6         0.01492813
 -0.1         0.8         0.2        -0.1         0.8         0.2       ]
agent_success: 1.0

training time:  0.002360105514526367
evaluation time:  7.116738796234131
epoch time:  7.119114637374878


-------------------------------- Iteration 17200 -------------------------------- 
initial ob: [-0.03265039  0.51487777  0.2368754   0.          0.6         0.01492813
 -0.1         0.8         0.2        -0.1         0.8         0.2       ]
agent_success: 1.0

training time:  0.002313375473022461
evaluation time:  7.088742256164551
epoch time:  7.091084718704224


-------------------------------- Iteration 17400 -------------------------------- 
initial ob: [-0.03265039  0.51487777  0.2368754   0.          0.6         0.01492813
 -0.1         0.8         0.2        -0.1         0.8         0.2       ]
agent_success: 1.0

training time:  0.0023467540740966797
evaluation time:  7.085543632507324
epoch time:  7.087901830673218


-------------------------------- Iteration 17600 -------------------------------- 
initial ob: [-0.03265039  0.51487777  0.2368754   0.          0.6         0.01492813
 -0.1         0.8         0.2        -0.1         0.8         0.2       ]
agent_success: 1.0

training time:  0.0022928714752197266
evaluation time:  7.113543748855591
epoch time:  7.115850448608398


-------------------------------- Iteration 17800 -------------------------------- 
initial ob: [-0.03265039  0.51487777  0.2368754   0.          0.6         0.01492813
 -0.1         0.8         0.2        -0.1         0.8         0.2       ]
agent_success: 1.0

training time:  0.002326488494873047
evaluation time:  7.100152015686035
epoch time:  7.102550506591797


-------------------------------- Iteration 18000 -------------------------------- 
initial ob: [-0.03265039  0.51487777  0.2368754   0.          0.6         0.01492813
 -0.1         0.8         0.2        -0.1         0.8         0.2       ]
agent_success: 1.0

training time:  0.002315521240234375
evaluation time:  7.099221706390381
epoch time:  7.101548671722412


-------------------------------- Iteration 18200 -------------------------------- 
initial ob: [-0.03265039  0.51487777  0.2368754   0.          0.6         0.01492813
 -0.1         0.8         0.2        -0.1         0.8         0.2       ]
agent_success: 1.0

training time:  0.002324342727661133
evaluation time:  7.102010011672974
epoch time:  7.104345798492432


-------------------------------- Iteration 18400 -------------------------------- 
initial ob: [-0.03265039  0.51487777  0.2368754   0.          0.6         0.01492813
 -0.1         0.8         0.2        -0.1         0.8         0.2       ]
agent_success: 1.0

training time:  0.0023021697998046875
evaluation time:  7.103126764297485
epoch time:  7.105440616607666


-------------------------------- Iteration 18600 -------------------------------- 
initial ob: [-0.03265039  0.51487777  0.2368754   0.          0.6         0.01492813
 -0.1         0.8         0.2        -0.1         0.8         0.2       ]
agent_success: 1.0

training time:  0.002313852310180664
evaluation time:  7.097604036331177
epoch time:  7.099940538406372


-------------------------------- Iteration 18800 -------------------------------- 
initial ob: [-0.03265039  0.51487777  0.2368754   0.          0.6         0.01492813
 -0.1         0.8         0.2        -0.1         0.8         0.2       ]
agent_success: 1.0

training time:  0.002302408218383789
evaluation time:  7.0892345905303955
epoch time:  7.091563701629639


-------------------------------- Iteration 19000 -------------------------------- 
initial ob: [-0.03265039  0.51487777  0.2368754   0.          0.6         0.01492813
 -0.1         0.8         0.2        -0.1         0.8         0.2       ]
agent_success: 1.0

training time:  0.002330780029296875
evaluation time:  7.178467512130737
epoch time:  7.180825471878052


-------------------------------- Iteration 19200 -------------------------------- 
initial ob: [-0.03265039  0.51487777  0.2368754   0.          0.6         0.01492813
 -0.1         0.8         0.2        -0.1         0.8         0.2       ]
agent_success: 1.0

training time:  0.0023195743560791016
evaluation time:  7.104304075241089
epoch time:  7.10665225982666


-------------------------------- Iteration 19400 -------------------------------- 
initial ob: [-0.03265039  0.51487777  0.2368754   0.          0.6         0.01492813
 -0.1         0.8         0.2        -0.1         0.8         0.2       ]
agent_success: 1.0

training time:  0.002318859100341797
evaluation time:  7.098222732543945
epoch time:  7.100552797317505


-------------------------------- Iteration 19600 -------------------------------- 
initial ob: [-0.03265039  0.51487777  0.2368754   0.          0.6         0.01492813
 -0.1         0.8         0.2        -0.1         0.8         0.2       ]
agent_success: 1.0

training time:  0.002369403839111328
evaluation time:  7.088103532791138
epoch time:  7.090491771697998


-------------------------------- Iteration 19800 -------------------------------- 
initial ob: [-0.03265039  0.51487777  0.2368754   0.          0.6         0.01492813
 -0.1         0.8         0.2        -0.1         0.8         0.2       ]
agent_success: 1.0

training time:  0.0023233890533447266
evaluation time:  7.092559337615967
epoch time:  7.0948944091796875


-------------------------------- Iteration 20000 -------------------------------- 
initial ob: [-0.03265039  0.51487777  0.2368754   0.          0.6         0.01492813
 -0.1         0.8         0.2        -0.1         0.8         0.2       ]
agent_success: 1.0

training time:  0.0023343563079833984
evaluation time:  7.105074167251587
epoch time:  7.107420206069946


-------------------------------- Iteration 20200 -------------------------------- 
initial ob: [-0.03265039  0.51487777  0.2368754   0.          0.6         0.01492813
 -0.1         0.8         0.2        -0.1         0.8         0.2       ]
agent_success: 1.0

training time:  0.0023059844970703125
evaluation time:  7.104123830795288
epoch time:  7.106446981430054


-------------------------------- Iteration 20400 -------------------------------- 
initial ob: [-0.03265039  0.51487777  0.2368754   0.          0.6         0.01492813
 -0.1         0.8         0.2        -0.1         0.8         0.2       ]
agent_success: 1.0

training time:  0.002324342727661133
evaluation time:  7.089491128921509
epoch time:  7.091845273971558


-------------------------------- Iteration 20600 -------------------------------- 
initial ob: [-0.03265039  0.51487777  0.2368754   0.          0.6         0.01492813
 -0.1         0.8         0.2        -0.1         0.8         0.2       ]
agent_success: 1.0

training time:  0.0023043155670166016
evaluation time:  7.0830442905426025
epoch time:  7.085359334945679


-------------------------------- Iteration 20800 -------------------------------- 
initial ob: [-0.03265039  0.51487777  0.2368754   0.          0.6         0.01492813
 -0.1         0.8         0.2        -0.1         0.8         0.2       ]
agent_success: 1.0

training time:  0.0023365020751953125
evaluation time:  7.082658290863037
epoch time:  7.085046052932739


-------------------------------- Iteration 21000 -------------------------------- 
initial ob: [-0.03265039  0.51487777  0.2368754   0.          0.6         0.01492813
 -0.1         0.8         0.2        -0.1         0.8         0.2       ]
agent_success: 1.0

training time:  0.002301454544067383
evaluation time:  7.089885950088501
epoch time:  7.092198133468628


-------------------------------- Iteration 21200 -------------------------------- 
initial ob: [-0.03265039  0.51487777  0.2368754   0.          0.6         0.01492813
 -0.1         0.8         0.2        -0.1         0.8         0.2       ]
agent_success: 1.0

training time:  0.002336740493774414
evaluation time:  7.087540864944458
epoch time:  7.089895248413086


-------------------------------- Iteration 21400 -------------------------------- 
initial ob: [-0.03265039  0.51487777  0.2368754   0.          0.6         0.01492813
 -0.1         0.8         0.2        -0.1         0.8         0.2       ]
agent_success: 1.0

training time:  0.002344846725463867
evaluation time:  7.079625368118286
epoch time:  7.081981182098389


-------------------------------- Iteration 21600 -------------------------------- 
initial ob: [-0.03265039  0.51487777  0.2368754   0.          0.6         0.01492813
 -0.1         0.8         0.2        -0.1         0.8         0.2       ]
agent_success: 1.0

training time:  0.0023071765899658203
evaluation time:  7.085529565811157
epoch time:  7.087847948074341


-------------------------------- Iteration 21800 -------------------------------- 
initial ob: [-0.03265039  0.51487777  0.2368754   0.          0.6         0.01492813
 -0.1         0.8         0.2        -0.1         0.8         0.2       ]
agent_success: 1.0

training time:  0.0023064613342285156
evaluation time:  7.11468768119812
epoch time:  7.11707329750061


-------------------------------- Iteration 22000 -------------------------------- 
initial ob: [-0.03265039  0.51487777  0.2368754   0.          0.6         0.01492813
 -0.1         0.8         0.2        -0.1         0.8         0.2       ]
agent_success: 1.0

training time:  0.002390146255493164
evaluation time:  7.10377836227417
epoch time:  7.1061789989471436


-------------------------------- Iteration 22200 -------------------------------- 
initial ob: [-0.03265039  0.51487777  0.2368754   0.          0.6         0.01492813
 -0.1         0.8         0.2        -0.1         0.8         0.2       ]
agent_success: 1.0

training time:  0.0023136138916015625
evaluation time:  7.087466239929199
epoch time:  7.089790344238281


-------------------------------- Iteration 22400 -------------------------------- 
initial ob: [-0.03265039  0.51487777  0.2368754   0.          0.6         0.01492813
 -0.1         0.8         0.2        -0.1         0.8         0.2       ]
agent_success: 1.0

training time:  0.0022971630096435547
evaluation time:  7.1135101318359375
epoch time:  7.1158177852630615


-------------------------------- Iteration 22600 -------------------------------- 
initial ob: [-0.03265039  0.51487777  0.2368754   0.          0.6         0.01492813
 -0.1         0.8         0.2        -0.1         0.8         0.2       ]
agent_success: 1.0

training time:  0.0023622512817382812
evaluation time:  7.122009992599487
epoch time:  7.124382734298706


-------------------------------- Iteration 22800 -------------------------------- 
initial ob: [-0.03265039  0.51487777  0.2368754   0.          0.6         0.01492813
 -0.1         0.8         0.2        -0.1         0.8         0.2       ]
agent_success: 1.0

training time:  0.002289295196533203
evaluation time:  7.117385625839233
epoch time:  7.119693279266357


-------------------------------- Iteration 23000 -------------------------------- 
initial ob: [-0.03265039  0.51487777  0.2368754   0.          0.6         0.01492813
 -0.1         0.8         0.2        -0.1         0.8         0.2       ]
agent_success: 1.0

training time:  0.002355337142944336
evaluation time:  7.103190183639526
epoch time:  7.10555624961853


-------------------------------- Iteration 23200 -------------------------------- 
initial ob: [-0.03265039  0.51487777  0.2368754   0.          0.6         0.01492813
 -0.1         0.8         0.2        -0.1         0.8         0.2       ]
agent_success: 1.0

training time:  0.0023016929626464844
evaluation time:  7.079829216003418
epoch time:  7.0821592807769775


-------------------------------- Iteration 23400 -------------------------------- 
initial ob: [-0.03265039  0.51487777  0.2368754   0.          0.6         0.01492813
 -0.1         0.8         0.2        -0.1         0.8         0.2       ]
agent_success: 1.0

training time:  0.0023393630981445312
evaluation time:  7.094225168228149
epoch time:  7.096591472625732


-------------------------------- Iteration 23600 -------------------------------- 
initial ob: [-0.03265039  0.51487777  0.2368754   0.          0.6         0.01492813
 -0.1         0.8         0.2        -0.1         0.8         0.2       ]
agent_success: 1.0

training time:  0.0023086071014404297
evaluation time:  7.069678544998169
epoch time:  7.07199764251709


-------------------------------- Iteration 23800 -------------------------------- 
initial ob: [-0.03265039  0.51487777  0.2368754   0.          0.6         0.01492813
 -0.1         0.8         0.2        -0.1         0.8         0.2       ]
agent_success: 1.0

training time:  0.002302885055541992
evaluation time:  7.112180948257446
epoch time:  7.114494323730469


-------------------------------- Iteration 24000 -------------------------------- 
initial ob: [-0.03265039  0.51487777  0.2368754   0.          0.6         0.01492813
 -0.1         0.8         0.2        -0.1         0.8         0.2       ]
agent_success: 1.0

training time:  0.002557039260864258
evaluation time:  7.086058139801025
epoch time:  7.088630199432373


-------------------------------- Iteration 24200 -------------------------------- 
initial ob: [-0.03265039  0.51487777  0.2368754   0.          0.6         0.01492813
 -0.1         0.8         0.2        -0.1         0.8         0.2       ]
agent_success: 1.0

training time:  0.002307415008544922
evaluation time:  7.192839622497559
epoch time:  7.195174217224121


-------------------------------- Iteration 24400 -------------------------------- 
initial ob: [-0.03265039  0.51487777  0.2368754   0.          0.6         0.01492813
 -0.1         0.8         0.2        -0.1         0.8         0.2       ]
agent_success: 1.0

training time:  0.0023069381713867188
evaluation time:  7.106013536453247
epoch time:  7.108334302902222


-------------------------------- Iteration 24600 -------------------------------- 
initial ob: [-0.03265039  0.51487777  0.2368754   0.          0.6         0.01492813
 -0.1         0.8         0.2        -0.1         0.8         0.2       ]
agent_success: 1.0

training time:  0.002310514450073242
evaluation time:  7.0837156772613525
epoch time:  7.086036920547485


-------------------------------- Iteration 24800 -------------------------------- 
initial ob: [-0.03265039  0.51487777  0.2368754   0.          0.6         0.01492813
 -0.1         0.8         0.2        -0.1         0.8         0.2       ]
agent_success: 1.0

training time:  0.002307415008544922
evaluation time:  7.0736916065216064
epoch time:  7.076009511947632


-------------------------------- Iteration 25000 -------------------------------- 
initial ob: [-0.03265039  0.51487777  0.2368754   0.          0.6         0.01492813
 -0.1         0.8         0.2        -0.1         0.8         0.2       ]
agent_success: 1.0

training time:  0.002292633056640625
evaluation time:  7.0898756980896
epoch time:  7.092182159423828


-------------------------------- Iteration 25200 -------------------------------- 
initial ob: [-0.03265039  0.51487777  0.2368754   0.          0.6         0.01492813
 -0.1         0.8         0.2        -0.1         0.8         0.2       ]
agent_success: 1.0

training time:  0.0022940635681152344
evaluation time:  7.068681955337524
epoch time:  7.070986270904541


-------------------------------- Iteration 25400 -------------------------------- 
initial ob: [-0.03265039  0.51487777  0.2368754   0.          0.6         0.01492813
 -0.1         0.8         0.2        -0.1         0.8         0.2       ]
agent_success: 1.0

training time:  0.0023212432861328125
evaluation time:  7.077520370483398
epoch time:  7.079851865768433


-------------------------------- Iteration 25600 -------------------------------- 
initial ob: [-0.03265039  0.51487777  0.2368754   0.          0.6         0.01492813
 -0.1         0.8         0.2        -0.1         0.8         0.2       ]
agent_success: 1.0

training time:  0.0023221969604492188
evaluation time:  7.071002244949341
epoch time:  7.073335886001587


-------------------------------- Iteration 25800 -------------------------------- 
initial ob: [-0.03265039  0.51487777  0.2368754   0.          0.6         0.01492813
 -0.1         0.8         0.2        -0.1         0.8         0.2       ]
agent_success: 1.0

training time:  0.0023043155670166016
evaluation time:  7.068350553512573
epoch time:  7.070665597915649


-------------------------------- Iteration 26000 -------------------------------- 
initial ob: [-0.03265039  0.51487777  0.2368754   0.          0.6         0.01492813
 -0.1         0.8         0.2        -0.1         0.8         0.2       ]
agent_success: 1.0

training time:  0.002309560775756836
evaluation time:  7.055289030075073
epoch time:  7.0576171875


-------------------------------- Iteration 26200 -------------------------------- 
initial ob: [-0.03265039  0.51487777  0.2368754   0.          0.6         0.01492813
 -0.1         0.8         0.2        -0.1         0.8         0.2       ]
agent_success: 1.0

training time:  0.0023050308227539062
evaluation time:  7.0629050731658936
epoch time:  7.065255641937256


-------------------------------- Iteration 26400 -------------------------------- 
initial ob: [-0.03265039  0.51487777  0.2368754   0.          0.6         0.01492813
 -0.1         0.8         0.2        -0.1         0.8         0.2       ]
agent_success: 1.0

training time:  0.002318859100341797
evaluation time:  7.072999954223633
epoch time:  7.075328588485718


-------------------------------- Iteration 26600 -------------------------------- 
initial ob: [-0.03265039  0.51487777  0.2368754   0.          0.6         0.01492813
 -0.1         0.8         0.2        -0.1         0.8         0.2       ]
agent_success: 1.0

training time:  0.002290010452270508
evaluation time:  7.0777506828308105
epoch time:  7.0800511837005615


-------------------------------- Iteration 26800 -------------------------------- 
initial ob: [-0.03265039  0.51487777  0.2368754   0.          0.6         0.01492813
 -0.1         0.8         0.2        -0.1         0.8         0.2       ]
agent_success: 1.0

training time:  0.002313375473022461
evaluation time:  7.065290212631226
epoch time:  7.067631244659424


-------------------------------- Iteration 27000 -------------------------------- 
initial ob: [-0.03265039  0.51487777  0.2368754   0.          0.6         0.01492813
 -0.1         0.8         0.2        -0.1         0.8         0.2       ]
agent_success: 1.0

training time:  0.002321481704711914
evaluation time:  7.082061529159546
epoch time:  7.084394216537476


-------------------------------- Iteration 27200 -------------------------------- 
initial ob: [-0.03265039  0.51487777  0.2368754   0.          0.6         0.01492813
 -0.1         0.8         0.2        -0.1         0.8         0.2       ]
agent_success: 1.0

training time:  0.0023109912872314453
evaluation time:  7.085270643234253
epoch time:  7.087595224380493


-------------------------------- Iteration 27400 -------------------------------- 
initial ob: [-0.03265039  0.51487777  0.2368754   0.          0.6         0.01492813
 -0.1         0.8         0.2        -0.1         0.8         0.2       ]
agent_success: 1.0

training time:  0.002317190170288086
evaluation time:  7.0867109298706055
epoch time:  7.089038848876953


-------------------------------- Iteration 27600 -------------------------------- 
initial ob: [-0.03265039  0.51487777  0.2368754   0.          0.6         0.01492813
 -0.1         0.8         0.2        -0.1         0.8         0.2       ]
agent_success: 1.0

training time:  0.002301931381225586
evaluation time:  7.085387706756592
epoch time:  7.087703466415405


-------------------------------- Iteration 27800 -------------------------------- 
initial ob: [-0.03265039  0.51487777  0.2368754   0.          0.6         0.01492813
 -0.1         0.8         0.2        -0.1         0.8         0.2       ]
agent_success: 1.0

training time:  0.0022928714752197266
evaluation time:  7.083122253417969
epoch time:  7.08544135093689


-------------------------------- Iteration 28000 -------------------------------- 
initial ob: [-0.03265039  0.51487777  0.2368754   0.          0.6         0.01492813
 -0.1         0.8         0.2        -0.1         0.8         0.2       ]
agent_success: 1.0

training time:  0.002300739288330078
evaluation time:  7.064407587051392
epoch time:  7.06673526763916


-------------------------------- Iteration 28200 -------------------------------- 
initial ob: [-0.03265039  0.51487777  0.2368754   0.          0.6         0.01492813
 -0.1         0.8         0.2        -0.1         0.8         0.2       ]
agent_success: 1.0

training time:  0.0023276805877685547
evaluation time:  7.066767930984497
epoch time:  7.0691258907318115


-------------------------------- Iteration 28400 -------------------------------- 
initial ob: [-0.03265039  0.51487777  0.2368754   0.          0.6         0.01492813
 -0.1         0.8         0.2        -0.1         0.8         0.2       ]
agent_success: 1.0

training time:  0.002302408218383789
evaluation time:  7.0729920864105225
epoch time:  7.075305223464966


-------------------------------- Iteration 28600 -------------------------------- 
initial ob: [-0.03265039  0.51487777  0.2368754   0.          0.6         0.01492813
 -0.1         0.8         0.2        -0.1         0.8         0.2       ]
agent_success: 1.0

training time:  0.002348184585571289
evaluation time:  7.0752058029174805
epoch time:  7.07756495475769


-------------------------------- Iteration 28800 -------------------------------- 
initial ob: [-0.03265039  0.51487777  0.2368754   0.          0.6         0.01492813
 -0.1         0.8         0.2        -0.1         0.8         0.2       ]
agent_success: 1.0

training time:  0.0023453235626220703
evaluation time:  7.07760214805603
epoch time:  7.079959154129028


-------------------------------- Iteration 29000 -------------------------------- 
initial ob: [-0.03265039  0.51487777  0.2368754   0.          0.6         0.01492813
 -0.1         0.8         0.2        -0.1         0.8         0.2       ]
agent_success: 1.0

training time:  0.0023202896118164062
evaluation time:  7.056248188018799
epoch time:  7.058578968048096


-------------------------------- Iteration 29200 -------------------------------- 
initial ob: [-0.03265039  0.51487777  0.2368754   0.          0.6         0.01492813
 -0.1         0.8         0.2        -0.1         0.8         0.2       ]
agent_success: 1.0

training time:  0.00229644775390625
evaluation time:  7.065857172012329
epoch time:  7.068174123764038


-------------------------------- Iteration 29400 -------------------------------- 
initial ob: [-0.03265039  0.51487777  0.2368754   0.          0.6         0.01492813
 -0.1         0.8         0.2        -0.1         0.8         0.2       ]
agent_success: 1.0

training time:  0.002301454544067383
evaluation time:  7.0738019943237305
epoch time:  7.0761144161224365


-------------------------------- Iteration 29600 -------------------------------- 
initial ob: [-0.03265039  0.51487777  0.2368754   0.          0.6         0.01492813
 -0.1         0.8         0.2        -0.1         0.8         0.2       ]
agent_success: 1.0

training time:  0.002321481704711914
evaluation time:  7.078341007232666
epoch time:  7.080672740936279


-------------------------------- Iteration 29800 -------------------------------- 
initial ob: [-0.03265039  0.51487777  0.2368754   0.          0.6         0.01492813
 -0.1         0.8         0.2        -0.1         0.8         0.2       ]
agent_success: 1.0

training time:  0.0023109912872314453
evaluation time:  7.06645655632019
epoch time:  7.0687971115112305


-------------------------------- Iteration 30000 -------------------------------- 
initial ob: [-0.03265039  0.51487777  0.2368754   0.          0.6         0.01492813
 -0.1         0.8         0.2        -0.1         0.8         0.2       ]
agent_success: 1.0

training time:  0.002301931381225586
evaluation time:  7.057969570159912
epoch time:  7.060283184051514


-------------------------------- Iteration 30200 -------------------------------- 
initial ob: [-0.03265039  0.51487777  0.2368754   0.          0.6         0.01492813
 -0.1         0.8         0.2        -0.1         0.8         0.2       ]
agent_success: 1.0

training time:  0.002308368682861328
evaluation time:  7.077255964279175
epoch time:  7.079592943191528


-------------------------------- Iteration 30400 -------------------------------- 
initial ob: [-0.03265039  0.51487777  0.2368754   0.          0.6         0.01492813
 -0.1         0.8         0.2        -0.1         0.8         0.2       ]
agent_success: 1.0

training time:  0.002313852310180664
evaluation time:  7.076627731323242
epoch time:  7.0789549350738525


-------------------------------- Iteration 30600 -------------------------------- 
initial ob: [-0.03265039  0.51487777  0.2368754   0.          0.6         0.01492813
 -0.1         0.8         0.2        -0.1         0.8         0.2       ]
agent_success: 1.0

training time:  0.0023260116577148438
evaluation time:  7.055393695831299
epoch time:  7.057730436325073


-------------------------------- Iteration 30800 -------------------------------- 
initial ob: [-0.03265039  0.51487777  0.2368754   0.          0.6         0.01492813
 -0.1         0.8         0.2        -0.1         0.8         0.2       ]
agent_success: 1.0

training time:  0.002315998077392578
evaluation time:  7.06818413734436
epoch time:  7.070514678955078


-------------------------------- Iteration 31000 -------------------------------- 
initial ob: [-0.03265039  0.51487777  0.2368754   0.          0.6         0.01492813
 -0.1         0.8         0.2        -0.1         0.8         0.2       ]
agent_success: 1.0

training time:  0.0024840831756591797
evaluation time:  7.0603413581848145
epoch time:  7.062836170196533


-------------------------------- Iteration 31200 -------------------------------- 
initial ob: [-0.03265039  0.51487777  0.2368754   0.          0.6         0.01492813
 -0.1         0.8         0.2        -0.1         0.8         0.2       ]
agent_success: 1.0

training time:  0.0023152828216552734
evaluation time:  7.0800700187683105
epoch time:  7.082395553588867


-------------------------------- Iteration 31400 -------------------------------- 
initial ob: [-0.03265039  0.51487777  0.2368754   0.          0.6         0.01492813
 -0.1         0.8         0.2        -0.1         0.8         0.2       ]
agent_success: 1.0

training time:  0.0023217201232910156
evaluation time:  7.083292245864868
epoch time:  7.085628271102905


-------------------------------- Iteration 31600 -------------------------------- 
initial ob: [-0.03265039  0.51487777  0.2368754   0.          0.6         0.01492813
 -0.1         0.8         0.2        -0.1         0.8         0.2       ]
agent_success: 1.0

training time:  0.002300739288330078
evaluation time:  7.065338850021362
epoch time:  7.067650556564331


-------------------------------- Iteration 31800 -------------------------------- 
initial ob: [-0.03265039  0.51487777  0.2368754   0.          0.6         0.01492813
 -0.1         0.8         0.2        -0.1         0.8         0.2       ]
agent_success: 1.0

training time:  0.0023179054260253906
evaluation time:  7.086819648742676
epoch time:  7.089150905609131


-------------------------------- Iteration 32000 -------------------------------- 
initial ob: [-0.03265039  0.51487777  0.2368754   0.          0.6         0.01492813
 -0.1         0.8         0.2        -0.1         0.8         0.2       ]
agent_success: 1.0

training time:  0.002323150634765625
evaluation time:  7.169986963272095
epoch time:  7.172320365905762


-------------------------------- Iteration 32200 -------------------------------- 
initial ob: [-0.03265039  0.51487777  0.2368754   0.          0.6         0.01492813
 -0.1         0.8         0.2        -0.1         0.8         0.2       ]
agent_success: 1.0

training time:  0.0023164749145507812
evaluation time:  7.0974626541137695
epoch time:  7.099807262420654


-------------------------------- Iteration 32400 -------------------------------- 
initial ob: [-0.03265039  0.51487777  0.2368754   0.          0.6         0.01492813
 -0.1         0.8         0.2        -0.1         0.8         0.2       ]
agent_success: 1.0

training time:  0.002313375473022461
evaluation time:  7.077937126159668
epoch time:  7.080289602279663


-------------------------------- Iteration 32600 -------------------------------- 
initial ob: [-0.03265039  0.51487777  0.2368754   0.          0.6         0.01492813
 -0.1         0.8         0.2        -0.1         0.8         0.2       ]
agent_success: 1.0

training time:  0.002307891845703125
evaluation time:  7.0777459144592285
epoch time:  7.080080509185791


-------------------------------- Iteration 32800 -------------------------------- 
initial ob: [-0.03265039  0.51487777  0.2368754   0.          0.6         0.01492813
 -0.1         0.8         0.2        -0.1         0.8         0.2       ]
agent_success: 1.0

training time:  0.00232696533203125
evaluation time:  7.080183982849121
epoch time:  7.082521915435791


-------------------------------- Iteration 33000 -------------------------------- 
initial ob: [-0.03265039  0.51487777  0.2368754   0.          0.6         0.01492813
 -0.1         0.8         0.2        -0.1         0.8         0.2       ]
agent_success: 1.0

training time:  0.0023348331451416016
evaluation time:  7.0833916664123535
epoch time:  7.085737466812134


-------------------------------- Iteration 33200 -------------------------------- 
initial ob: [-0.03265039  0.51487777  0.2368754   0.          0.6         0.01492813
 -0.1         0.8         0.2        -0.1         0.8         0.2       ]
agent_success: 1.0

training time:  0.0023107528686523438
evaluation time:  7.075679779052734
epoch time:  7.078033924102783


-------------------------------- Iteration 33400 -------------------------------- 
initial ob: [-0.03265039  0.51487777  0.2368754   0.          0.6         0.01492813
 -0.1         0.8         0.2        -0.1         0.8         0.2       ]
agent_success: 1.0

training time:  0.0023031234741210938
evaluation time:  7.088333606719971
epoch time:  7.090652227401733


-------------------------------- Iteration 33600 -------------------------------- 
initial ob: [-0.03265039  0.51487777  0.2368754   0.          0.6         0.01492813
 -0.1         0.8         0.2        -0.1         0.8         0.2       ]
agent_success: 1.0

training time:  0.002313375473022461
evaluation time:  7.119510650634766
epoch time:  7.12183403968811


-------------------------------- Iteration 33800 -------------------------------- 
initial ob: [-0.03265039  0.51487777  0.2368754   0.          0.6         0.01492813
 -0.1         0.8         0.2        -0.1         0.8         0.2       ]
agent_success: 1.0

training time:  0.0023026466369628906
evaluation time:  7.087323427200317
epoch time:  7.089651107788086


-------------------------------- Iteration 34000 -------------------------------- 
initial ob: [-0.03265039  0.51487777  0.2368754   0.          0.6         0.01492813
 -0.1         0.8         0.2        -0.1         0.8         0.2       ]
agent_success: 1.0

training time:  0.002319812774658203
evaluation time:  7.096586227416992
epoch time:  7.098923683166504


-------------------------------- Iteration 34200 -------------------------------- 
initial ob: [-0.03265039  0.51487777  0.2368754   0.          0.6         0.01492813
 -0.1         0.8         0.2        -0.1         0.8         0.2       ]
agent_success: 1.0

training time:  0.0023233890533447266
evaluation time:  7.094164848327637
epoch time:  7.096532821655273


-------------------------------- Iteration 34400 -------------------------------- 
initial ob: [-0.03265039  0.51487777  0.2368754   0.          0.6         0.01492813
 -0.1         0.8         0.2        -0.1         0.8         0.2       ]
agent_success: 1.0

training time:  0.0023262500762939453
evaluation time:  7.098249912261963
epoch time:  7.1005871295928955


-------------------------------- Iteration 34600 -------------------------------- 
initial ob: [-0.03265039  0.51487777  0.2368754   0.          0.6         0.01492813
 -0.1         0.8         0.2        -0.1         0.8         0.2       ]
agent_success: 1.0

training time:  0.0023069381713867188
evaluation time:  7.096254110336304
epoch time:  7.098576307296753


-------------------------------- Iteration 34800 -------------------------------- 
initial ob: [-0.03265039  0.51487777  0.2368754   0.          0.6         0.01492813
 -0.1         0.8         0.2        -0.1         0.8         0.2       ]
agent_success: 1.0

training time:  0.002335071563720703
evaluation time:  7.080186605453491
epoch time:  7.08253288269043


-------------------------------- Iteration 35000 -------------------------------- 
initial ob: [-0.03265039  0.51487777  0.2368754   0.          0.6         0.01492813
 -0.1         0.8         0.2        -0.1         0.8         0.2       ]
agent_success: 1.0

training time:  0.0023441314697265625
evaluation time:  7.093984127044678
epoch time:  7.096343994140625


-------------------------------- Iteration 35200 -------------------------------- 
initial ob: [-0.03265039  0.51487777  0.2368754   0.          0.6         0.01492813
 -0.1         0.8         0.2        -0.1         0.8         0.2       ]
agent_success: 1.0

training time:  0.002327442169189453
evaluation time:  7.095939636230469
epoch time:  7.098296642303467


-------------------------------- Iteration 35400 -------------------------------- 
initial ob: [-0.03265039  0.51487777  0.2368754   0.          0.6         0.01492813
 -0.1         0.8         0.2        -0.1         0.8         0.2       ]
agent_success: 1.0

training time:  0.0023381710052490234
evaluation time:  7.091442108154297
epoch time:  7.093791246414185


-------------------------------- Iteration 35600 -------------------------------- 
initial ob: [-0.03265039  0.51487777  0.2368754   0.          0.6         0.01492813
 -0.1         0.8         0.2        -0.1         0.8         0.2       ]
agent_success: 1.0

training time:  0.002321958541870117
evaluation time:  7.096047878265381
epoch time:  7.098383903503418


-------------------------------- Iteration 35800 -------------------------------- 
initial ob: [-0.03265039  0.51487777  0.2368754   0.          0.6         0.01492813
 -0.1         0.8         0.2        -0.1         0.8         0.2       ]
agent_success: 1.0

training time:  0.0023081302642822266
evaluation time:  7.095128059387207
epoch time:  7.097447395324707


-------------------------------- Iteration 36000 -------------------------------- 
initial ob: [-0.03265039  0.51487777  0.2368754   0.          0.6         0.01492813
 -0.1         0.8         0.2        -0.1         0.8         0.2       ]
agent_success: 1.0

training time:  0.0023407936096191406
evaluation time:  7.098315954208374
epoch time:  7.100668430328369


-------------------------------- Iteration 36200 -------------------------------- 
initial ob: [-0.03265039  0.51487777  0.2368754   0.          0.6         0.01492813
 -0.1         0.8         0.2        -0.1         0.8         0.2       ]
agent_success: 1.0

training time:  0.00234222412109375
evaluation time:  7.110813140869141
epoch time:  7.113166570663452


-------------------------------- Iteration 36400 -------------------------------- 
initial ob: [-0.03265039  0.51487777  0.2368754   0.          0.6         0.01492813
 -0.1         0.8         0.2        -0.1         0.8         0.2       ]
agent_success: 1.0

training time:  0.0023186206817626953
evaluation time:  7.083609580993652
epoch time:  7.085938930511475


-------------------------------- Iteration 36600 -------------------------------- 
initial ob: [-0.03265039  0.51487777  0.2368754   0.          0.6         0.01492813
 -0.1         0.8         0.2        -0.1         0.8         0.2       ]
agent_success: 1.0

training time:  0.002308368682861328
evaluation time:  7.106632947921753
epoch time:  7.108977556228638


-------------------------------- Iteration 36800 -------------------------------- 
initial ob: [-0.03265039  0.51487777  0.2368754   0.          0.6         0.01492813
 -0.1         0.8         0.2        -0.1         0.8         0.2       ]
agent_success: 1.0

training time:  0.0023195743560791016
evaluation time:  7.104205846786499
epoch time:  7.106553554534912


-------------------------------- Iteration 37000 -------------------------------- 
initial ob: [-0.03265039  0.51487777  0.2368754   0.          0.6         0.01492813
 -0.1         0.8         0.2        -0.1         0.8         0.2       ]
agent_success: 1.0

training time:  0.0023009777069091797
evaluation time:  7.083559274673462
epoch time:  7.085870265960693


-------------------------------- Iteration 37200 -------------------------------- 
initial ob: [-0.03265039  0.51487777  0.2368754   0.          0.6         0.01492813
 -0.1         0.8         0.2        -0.1         0.8         0.2       ]
agent_success: 1.0

training time:  0.0023124217987060547
evaluation time:  7.10114598274231
epoch time:  7.1034698486328125


-------------------------------- Iteration 37400 -------------------------------- 
initial ob: [-0.03265039  0.51487777  0.2368754   0.          0.6         0.01492813
 -0.1         0.8         0.2        -0.1         0.8         0.2       ]
agent_success: 1.0

training time:  0.002298116683959961
evaluation time:  7.090351343154907
epoch time:  7.092660903930664


-------------------------------- Iteration 37600 -------------------------------- 
initial ob: [-0.03265039  0.51487777  0.2368754   0.          0.6         0.01492813
 -0.1         0.8         0.2        -0.1         0.8         0.2       ]
agent_success: 1.0

training time:  0.0023162364959716797
evaluation time:  7.097906112670898
epoch time:  7.100267171859741


-------------------------------- Iteration 37800 -------------------------------- 
initial ob: [-0.03265039  0.51487777  0.2368754   0.          0.6         0.01492813
 -0.1         0.8         0.2        -0.1         0.8         0.2       ]
agent_success: 1.0

training time:  0.0024635791778564453
evaluation time:  7.1029372215271
epoch time:  7.105414867401123


-------------------------------- Iteration 38000 -------------------------------- 
initial ob: [-0.03265039  0.51487777  0.2368754   0.          0.6         0.01492813
 -0.1         0.8         0.2        -0.1         0.8         0.2       ]
agent_success: 1.0

training time:  0.0023148059844970703
evaluation time:  7.090268611907959
epoch time:  7.092594861984253


-------------------------------- Iteration 38200 -------------------------------- 
initial ob: [-0.03265039  0.51487777  0.2368754   0.          0.6         0.01492813
 -0.1         0.8         0.2        -0.1         0.8         0.2       ]
agent_success: 1.0

training time:  0.0022993087768554688
evaluation time:  7.109009027481079
epoch time:  7.111324071884155


-------------------------------- Iteration 38400 -------------------------------- 
initial ob: [-0.03265039  0.51487777  0.2368754   0.          0.6         0.01492813
 -0.1         0.8         0.2        -0.1         0.8         0.2       ]
agent_success: 1.0

training time:  0.0023076534271240234
evaluation time:  7.10169243812561
epoch time:  7.104010820388794


-------------------------------- Iteration 38600 -------------------------------- 
initial ob: [-0.03265039  0.51487777  0.2368754   0.          0.6         0.01492813
 -0.1         0.8         0.2        -0.1         0.8         0.2       ]
agent_success: 1.0

training time:  0.0023255348205566406
evaluation time:  7.080056667327881
epoch time:  7.082392692565918


-------------------------------- Iteration 38800 -------------------------------- 
initial ob: [-0.03265039  0.51487777  0.2368754   0.          0.6         0.01492813
 -0.1         0.8         0.2        -0.1         0.8         0.2       ]
agent_success: 1.0

training time:  0.002296924591064453
evaluation time:  7.09480619430542
epoch time:  7.097118139266968


-------------------------------- Training stopped due to early stopping -------------------------------- 
min loss:  0.004910239


-------------------------------- Test Results -------------------------------- 
initial ob: [-0.03265039  0.51487777  0.2368754   0.          0.6         0.01492813
 -0.1         0.8         0.2        -0.1         0.8         0.2       ]
agent_success: 1.0

mean_success_rate:  1.0
Done
