/var/lib/slurm/slurmd/job3515634/slurm_script: line 9: batch_scripts/MT50_batch/seed.sh: No such file or directory
SLURM_JOBID=3515634
working directory=/viscam/u/jialugao/Imitation-SoftModule
########################
logging outputs to  /viscam/u/jialugao/Imitation-SoftModule/data/Base_bc_reach_bin-picking-v1_2640.000125-01-2022_23-01-58
########################
{'expert_policy_file': '../Multi-Task-RL/log/MT50_Single_Task/bin-picking-v1/Fixed/238/model/model_pf_best.pth', 'exp_name': 'bc_reach', 'do_dagger': False, 'ep_len': 200, 'gradient_steps': 1, 'n_iter': 10000, 'render_interval': 1, 'eval_interval': 200, 'batch_size': 64, 'eval_batch_size': 32, 'train_batch_size': 32, 'n_layers': 2, 'size': 400, 'learning_rate': 0.0001, 'video_log_freq': -1, 'scalar_log_freq': 1, 'no_gpu': False, 'which_gpu': 0, 'max_replay_buffer_size': 1000000, 'save_params': False, 'seed': 32, 'worker_nums': 1, 'eval_worker_nums': 1, 'config': 'config/BC.json', 'no_cuda': True, 'random_init': False, 'device': 'cpu', 'id': 'MT50_Single_Task', 'task_name': 'bin-picking-v1', 'task_env': 'MT50_task_env', 'cuda': False, 'log_dir': '/viscam/u/jialugao/Imitation-SoftModule/data/Base_bc_reach_bin-picking-v1_2640.000125-01-2022_23-01-58', 'agent_class': <class 'agents.bc_agent.MLPAgent'>, 'agent_params': {'n_layers': 2, 'size': 400, 'learning_rate': 0.0001, 'max_replay_buffer_size': 1000000, 'discrete': False, 'ac_dim': 4, 'ob_dim': 9}}
{'env_name': 'single_task', 'env': {'reward_scale': 1, 'obs_norm': False}, 'meta_env': {'obs_type': 'with_goal', 'random_init': False}, 'replay_buffer': {'size': 1000000.0}, 'net': {'hidden_shapes': [400, 400], 'append_hidden_shapes': [400], 'base_type': <class 'networks.base.MLPBase'>}, 'general_setting': {'discount': 0.99, 'pretrain_epochs': 20, 'num_epochs': 7500, 'epoch_frames': 200, 'max_episode_frames': 200, 'batch_size': 1280, 'min_pool': 10000, 'target_hard_update_period': 1000, 'use_soft_update': True, 'tau': 0.005, 'opt_times': 200, 'eval_episodes': 100, 'train_render': False, 'eval_render': False, 'env': <NormAct<RewardShift<SingleWrapperNone>>>, 'logger': <utils.logger.Logger object at 0x7fdd7c12ac10>, 'device': device(type='cpu')}, 'sac': {'plr': 0.0003, 'qlr': 0.0003, 'reparameterization': True, 'automatic_entropy_tuning': True, 'policy_std_reg_weight': 0, 'policy_mean_reg_weight': 0}}
Loading expert policy from... ../Multi-Task-RL/log/MT50_Single_Task/bin-picking-v1/Fixed/238/model/model_pf_best.pth
tensor([[-0.0583, -0.0187, -0.3388,  ..., -0.0574, -0.0042, -0.0499],
        [ 0.6834, -0.0910, -0.2252,  ..., -0.0328, -0.0106, -0.0800],
        [ 0.0100, -0.0871, -0.0854,  ..., -0.0374, -0.0244, -0.0458],
        ...,
        [ 0.0435, -0.0720,  0.0029,  ...,  0.0079, -0.0413, -0.0361],
        [-0.0018, -0.0390, -0.0477,  ..., -0.0843,  0.0058, -0.0191],
        [-0.0084, -0.0103, -0.0668,  ..., -0.0610, -0.0539, -0.0216]])
Done restoring expert policy...
<NormAct<RewardShift<AugObs<SawyerBinPickingEnv instance>>>>


-------------------------------- Iteration 0 -------------------------------- 
initial ob: [-0.03264955  0.51487925  0.23688598 -0.12        0.7         0.04532742
  0.12        0.7         0.02        0.12        0.7         0.02      ]
expert:[-0.987942   0.983992   0.9931393  0.9704989]
expert:[-0.9829905  0.9700026  0.9896664  0.9397687]
expert:[-0.98165184  0.9595873   0.9861255   0.9242888 ]
expert:[-0.97945017  0.95391595  0.9825029   0.92288995]
expert:[-0.97587055  0.9463035   0.974209    0.9065743 ]
expert:[-0.9663335   0.93749654  0.9543681   0.8783555 ]
expert:[-0.7941751   0.79345703 -0.1845687   0.07824425]
expert:[-0.43233427  0.68440646 -0.7588683  -0.20751625]
expert:[ 0.08291537  0.66208094 -0.85027945 -0.07840201]
expert:[ 0.4409184   0.57434934 -0.85219926 -0.03088088]
expert:[ 0.5796468   0.42470852 -0.81384194 -0.0433481 ]
expert:[ 0.5809973   0.23463222 -0.6101584  -0.1048426 ]
expert:[ 0.44113743  0.05610827  0.0411034  -0.21275644]
expert:[ 0.16335593 -0.09398433  0.6912734  -0.34637362]
expert:[-0.19322877 -0.2499353   0.86088574 -0.49081114]
expert:[-0.46571755 -0.34232512  0.872087   -0.55473626]
expert:[-0.5434866  -0.31987536  0.8015881  -0.5362166 ]
expert:[-0.4328656  -0.16848668  0.50575817 -0.42764643]
expert:[-0.13247168  0.04083319 -0.20895363 -0.26231775]
expert:[ 0.2433841   0.15348412 -0.6299861  -0.15579268]
expert:[ 0.47304702  0.17898227 -0.74902326 -0.09907623]
expert:[ 0.5225848  0.1734267 -0.7534196 -0.090988 ]
expert:[ 0.41588536  0.16149667 -0.6579712  -0.12556371]
expert:[ 0.12506573  0.08579229 -0.34114802 -0.20569062]
expert:[-0.22314301 -0.03847395  0.2691032  -0.33371317]
expert:[-0.47205126 -0.2163277   0.69178796 -0.47570682]
expert:[-0.5459058  -0.282465    0.77721614 -0.52399033]
expert:[-0.46509907 -0.24329393  0.7354521  -0.48843235]
expert:[-0.20591854 -0.09251661  0.45673892 -0.3627098 ]
expert:[ 0.15384491  0.03606723 -0.13749693 -0.22721457]
expert:[ 0.4558457   0.11371533 -0.5442458  -0.13899806]
expert:[ 0.57288384  0.13620286 -0.68746346 -0.09852972]
expert:[ 0.5325445   0.15696925 -0.6789518  -0.10392178]
expert:[ 0.3204359   0.14862154 -0.5228205  -0.15367836]
expert:[-0.04147681  0.08164317 -0.15934019 -0.24248397]
expert:[-0.3722722  -0.04912699  0.3918679  -0.3779986 ]
expert:[-0.56233495 -0.2033435   0.69115245 -0.4965464 ]
expert:[-0.57839924 -0.2361063   0.7336988  -0.5146603 ]
expert:[-0.43387958 -0.15149637  0.6150425  -0.44205078]
expert:[-0.10974042 -0.00377958  0.17562622 -0.30120844]
expert:[ 0.27101454  0.08868666 -0.33843878 -0.18487613]
expert:[ 0.52760494  0.12414483 -0.60744596 -0.11921047]
expert:[ 0.58733016  0.12565869 -0.6708612  -0.1008894 ]
expert:[ 0.50169337  0.13604912 -0.59567857 -0.12288048]
expert:[ 0.23083092  0.10387817 -0.33852455 -0.18756063]
expert:[-0.13831683  0.02113839  0.13613261 -0.29653043]
expert:[-0.44526127 -0.123705    0.58477634 -0.43451476]
expert:[-0.5757425  -0.22287293  0.72314656 -0.5097996 ]
expert:[-0.5444893  -0.20187077  0.68643296 -0.49017802]
expert:[-0.3326569  -0.06157558  0.4066205  -0.37406117]
expert:[ 0.01410374  0.06259298 -0.13543239 -0.24054196]
expert:[ 0.36454436  0.12941195 -0.5062065  -0.15257226]
expert:[ 0.54651994  0.13894826 -0.6564789  -0.10744704]
expert:[ 0.55330735  0.13317376 -0.64833    -0.10843705]
expert:[ 0.3929779   0.11947723 -0.4768417  -0.15254056]
expert:[ 0.08336844  0.05977621 -0.10632376 -0.2350141 ]
expert:[-0.2605546  -0.04939516  0.40902987 -0.35661092]
expert:[-0.49627864 -0.1852782   0.6861387  -0.4753027 ]
expert:[-0.5543214  -0.22462702  0.7209355  -0.5031909 ]
expert:[-0.45136106 -0.1447523   0.581136   -0.43864706]
expert:[-0.17199326  0.0053894   0.13104422 -0.30555645]
expert:[ 0.1827326   0.09902908 -0.35811946 -0.19411252]
expert:[ 0.45323616  0.14683867 -0.6077661  -0.12789096]
expert:[ 0.5450513   0.14055885 -0.6641583  -0.1064316 ]
expert:[ 0.4763565   0.1336793  -0.5826959  -0.12872042]
expert:[ 0.2374862   0.09070987 -0.32075447 -0.19032992]
expert:[-0.09844811  0.00688491  0.1566934  -0.29553235]
expert:[-0.39110032 -0.12721695  0.5894607  -0.42424282]
expert:[-0.5306917  -0.21995297  0.7204121  -0.4958976 ]
expert:[-0.50612926 -0.1997894   0.6787022  -0.47813153]
expert:[-0.30637202 -0.06464088  0.39249852 -0.3677073 ]
expert:[ 0.01550963  0.05577621 -0.14454551 -0.2407965 ]
expert:[ 0.34425458  0.12568256 -0.5058756  -0.15618981]
expert:[ 0.51791215  0.14314592 -0.65143514 -0.1128071 ]
expert:[ 0.5207263   0.1389525  -0.64092255 -0.11434307]
expert:[ 0.35503533  0.11662389 -0.46695897 -0.15921009]
expert:[ 0.051312    0.05308842 -0.09848492 -0.24090578]
expert:[-0.26987693 -0.05709319  0.40819013 -0.36020887]
expert:[-0.48487717 -0.18920314  0.67887014 -0.47179613]
expert:[-0.5308822  -0.22185187  0.71141803 -0.49415192]
expert:[-0.4145247  -0.13923898  0.5639739  -0.4270115 ]
expert:[-0.13564609  0.0022788   0.1155908  -0.29889378]
expert:[ 0.20866393  0.09237634 -0.36054653 -0.19169383]
expert:[ 0.4594114   0.13835181 -0.6024806  -0.1289776 ]
expert:[ 0.5352523   0.13711637 -0.6555712  -0.11006046]
expert:[ 0.44856513  0.1313812  -0.565925   -0.13509087]
expert:[ 0.20067132  0.08537462 -0.3010434  -0.19776024]
expert:[-1.3042973e-01  2.9591471e-04  1.7583992e-01 -3.0330479e-01]
expert:[-0.40634748 -0.13396852  0.5902466  -0.42873064]
expert:[-0.52814287 -0.2185284   0.71291924 -0.49337712]
expert:[-0.4885758  -0.19063652  0.66158986 -0.46936977]
expert:[-0.27558148 -0.0546966   0.3580848  -0.35523906]
expert:[ 0.05004716  0.05768966 -0.17181195 -0.23348662]
expert:[ 0.36440626  0.12381185 -0.51366436 -0.15316297]
expert:[ 0.5215508   0.13872954 -0.64774936 -0.11338118]
expert:[ 0.5114234   0.1360223  -0.6267553  -0.11816885]
expert:[ 0.33085743  0.11147492 -0.4396064  -0.16543055]
expert:[ 0.02038928  0.04671047 -0.05918374 -0.2494284 ]
expert:[-0.29382563 -0.06677783  0.43513504 -0.37044984]
expert:[-0.4942989  -0.19347396  0.68206644 -0.4752003 ]
expert:[-0.52630323 -0.21668503  0.70199907 -0.49022877]
expert:[-0.39447084 -0.12394708  0.5312873  -0.4151714 ]
expert:[-0.10723642  0.01194798  0.06685883 -0.28799036]
expert:[ 0.23583402  0.09769847 -0.38685477 -0.18516617]
expert:[ 0.4724193   0.13781996 -0.61042964 -0.12624443]
expert:[ 0.532894    0.13551171 -0.65064096 -0.111434  ]
expert:[ 0.42973682  0.12773544 -0.54446864 -0.14047953]
expert:[ 0.17248675  0.07804272 -0.26430225 -0.20553201]
expert:[-0.15818065 -0.01143052  0.22724314 -0.3144254 ]
expert:[-0.42255878 -0.1462182   0.610994   -0.43799925]
expert:[-0.528454   -0.21927987  0.71205497 -0.4933613 ]
expert:[-0.47416702 -0.18041255  0.6425738  -0.46077985]
expert:[-0.24739791 -0.04118823  0.3075466  -0.34200045]
expert:[ 0.08266329  0.06536017 -0.22039968 -0.22341582]
expert:[ 0.38444957  0.12775397 -0.534978   -0.14792979]
expert:[ 0.5249939   0.13826308 -0.6498885  -0.11254184]
expert:[ 0.5010535   0.13555713 -0.614901   -0.12143113]
expert:[ 0.30450436  0.10595488 -0.4085457  -0.17226404]
expert:[-0.01379645  0.03669163 -0.00440733 -0.26144883]
expert:[-0.31983075 -0.08099113  0.475421   -0.38380262]
expert:[-0.5027987  -0.20031245  0.6907059  -0.4799713 ]
expert:[-0.51901543 -0.21193956  0.6942201  -0.48614305]
expert:[-0.36930594 -0.10670199  0.49400613 -0.40147096]
expert:[-0.07349144  0.02342755  0.00912366 -0.27502802]
expert:[ 0.2665134   0.1047997  -0.41898787 -0.17728557]
expert:[ 0.48596087  0.138663   -0.621206   -0.12282297]
expert:[ 0.5287859   0.13540027 -0.6467975  -0.11272799]
expert:[ 0.40770158  0.12384014 -0.5221387  -0.14626834]
expert:[ 0.13720602  0.07016277 -0.21847805 -0.21579778]
expert:[-0.19130741 -0.02463113  0.28339157 -0.32719758]
expert:[-0.44057035 -0.1591425   0.6307255  -0.44770586]
expert:[-0.52821875 -0.21988128  0.7102916  -0.49299416]
expert:[-0.45646852 -0.16878633  0.6198793  -0.4506815 ]
expert:[-0.21484391 -0.02751378  0.2481239  -0.32827273]
expert:[ 0.1203196   0.0730304  -0.2680315  -0.21318649]
expert:[ 0.40659636  0.13116284 -0.5558279  -0.14241546]
expert:[ 0.5277564   0.13727832 -0.6507858  -0.11207848]
expert:[ 0.4848338   0.13339055 -0.59851545 -0.12603486]
expert:[ 0.2740747   0.09923061 -0.3742581  -0.18012634]
expert:[-0.04862336  0.02501756  0.05340704 -0.27469423]
expert:[-0.34572148 -0.09547827  0.5157336  -0.39780694]
expert:[-0.51041913 -0.20635043  0.69809836 -0.48421007]
expert:[-0.5097219  -0.20567946  0.6843573  -0.4809723 ]
expert:[-0.33972454 -0.08717894  0.4515447  -0.38631797]
expert:[-0.03684339  0.03587245 -0.05285047 -0.26094192]
expert:[ 0.2977285   0.11223266 -0.45116344 -0.16908336]
expert:[ 0.49771562  0.13924067 -0.6311005  -0.11966662]
expert:[ 0.52275574  0.13540246 -0.64127934 -0.11455382]
expert:[ 0.38279718  0.1189196  -0.4959173  -0.15278323]
expert:[ 0.09945089  0.06183349 -0.16784976 -0.22690454]
expert_success: 0
path_length: 150
