/var/lib/slurm/slurmd/job3513854/slurm_script: line 9: batch_scripts/MT50_batch/seed.sh: No such file or directory
SLURM_JOBID=3513854
working directory=/viscam/u/jialugao/Imitation-SoftModule
########################
logging outputs to  /viscam/u/jialugao/Imitation-SoftModule/data/Base_bc_reach_plate-slide-back-side-v1_2640.000124-01-2022_18-56-08
########################
{'expert_policy_file': '../Multi-Task-RL/log/MT50_Single_Task/plate-slide-back-side-v1/Fixed/238/model/model_pf_best.pth', 'exp_name': 'bc_reach', 'do_dagger': False, 'ep_len': 200, 'gradient_steps': 1, 'n_iter': 10000, 'render_interval': 1, 'eval_interval': 200, 'batch_size': 64, 'eval_batch_size': 32, 'train_batch_size': 32, 'n_layers': 2, 'size': 400, 'learning_rate': 0.0001, 'video_log_freq': -1, 'scalar_log_freq': 1, 'no_gpu': False, 'which_gpu': 0, 'max_replay_buffer_size': 1000000, 'save_params': False, 'seed': 32, 'worker_nums': 1, 'eval_worker_nums': 1, 'config': 'config/BC.json', 'no_cuda': True, 'random_init': False, 'device': 'cpu', 'id': 'MT50_Single_Task', 'task_name': 'plate-slide-back-side-v1', 'task_env': 'MT50_task_env', 'cuda': False, 'log_dir': '/viscam/u/jialugao/Imitation-SoftModule/data/Base_bc_reach_plate-slide-back-side-v1_2640.000124-01-2022_18-56-08', 'agent_class': <class 'agents.bc_agent.MLPAgent'>, 'agent_params': {'n_layers': 2, 'size': 400, 'learning_rate': 0.0001, 'max_replay_buffer_size': 1000000, 'discrete': False, 'ac_dim': 4, 'ob_dim': 9}}
{'env_name': 'single_task', 'env': {'reward_scale': 1, 'obs_norm': False}, 'meta_env': {'obs_type': 'with_goal', 'random_init': False}, 'replay_buffer': {'size': 1000000.0}, 'net': {'hidden_shapes': [400, 400], 'append_hidden_shapes': [400], 'base_type': <class 'networks.base.MLPBase'>}, 'general_setting': {'discount': 0.99, 'pretrain_epochs': 20, 'num_epochs': 7500, 'epoch_frames': 200, 'max_episode_frames': 200, 'batch_size': 1280, 'min_pool': 10000, 'target_hard_update_period': 1000, 'use_soft_update': True, 'tau': 0.005, 'opt_times': 200, 'eval_episodes': 100, 'train_render': False, 'eval_render': False, 'env': <NormAct<RewardShift<SingleWrapperNone>>>, 'logger': <utils.logger.Logger object at 0x7f3be268de10>, 'device': device(type='cpu')}, 'sac': {'plr': 0.0003, 'qlr': 0.0003, 'reparameterization': True, 'automatic_entropy_tuning': True, 'policy_std_reg_weight': 0, 'policy_mean_reg_weight': 0}}
Loading expert policy from... ../Multi-Task-RL/log/MT50_Single_Task/plate-slide-back-side-v1/Fixed/238/model/model_pf_best.pth
tensor([[ 0.0153, -0.0204, -0.0598,  ..., -0.0365, -0.0272, -0.0730],
        [ 0.7446, -0.1413,  0.6130,  ...,  0.0090,  0.0062, -0.0636],
        [-0.0107, -0.0921, -0.0646,  ..., -0.0016, -0.0393, -0.0605],
        ...,
        [ 0.5172, -0.1047,  0.9064,  ...,  0.0400, -0.0201, -0.0153],
        [ 0.0377, -0.0449, -0.0482,  ..., -0.0461, -0.0040, -0.0282],
        [ 0.0225, -0.0171, -0.0761,  ..., -0.0211, -0.0659, -0.0331]])
Done restoring expert policy...
<NormAct<RewardShift<AugObs<SawyerPlateSlideBackSideEnv instance>>>>


-------------------------------- Iteration 0 -------------------------------- 
initial ob: [-0.03264849  0.51488124  0.2368859  -0.2         0.6         0.015
  0.          0.6         0.015       0.          0.6         0.015     ]
expert:[-0.97477335 -0.3726795  -0.9530437   0.42607656]
expert:[-0.97668904 -0.3988901  -0.96536964  0.6782991 ]
expert:[-0.9808661   0.45474693 -0.9693818   0.87082726]
expert:[-0.98144    0.7211249 -0.969114   0.887713 ]
expert:[-0.9790692  0.8368368 -0.9704305  0.8681423]
expert:[-0.97674185  0.86900115 -0.9659494   0.80741554]
expert:[-0.9734538   0.80033356 -0.95900834  0.687037  ]
expert:[-0.9734355   0.62689036 -0.9556226   0.46534833]
expert:[-0.9767618  0.4131717 -0.9559839  0.3941049]
expert:[-0.97701466 -0.44997752 -0.9531285   0.20520449]
expert:[-0.97113895 -0.57350445 -0.94452375  0.00834367]
expert:[-0.9655376   0.10127982 -0.92465067 -0.27114254]
expert:[-0.9694929   0.86917347 -0.7164618  -0.66582054]
expert:[-0.9691437   0.93680936 -0.26354635 -0.69912535]
expert:[-0.94014955  0.89238465  0.7423871  -0.43448135]
expert:[-0.88326925  0.71393186  0.9049093  -0.33920774]
expert:[-0.90056866 -0.1121      0.86581016 -0.49457452]
expert:[-0.7229942  -0.58102924 -0.6130534  -0.77364045]
expert:[-0.17830957 -0.3854301  -0.9835363  -0.9116791 ]
expert:[ 0.13149445  0.01923921 -0.9861852  -0.9436661 ]
expert:[ 0.281011    0.2041136  -0.98261845 -0.9251901 ]
expert:[ 0.7811976  -0.25766897  0.04289855  0.35481888]
expert:[ 0.7617023  -0.2772037   0.05620167  0.35902852]
expert:[ 0.74907535 -0.27563676  0.09084785  0.38804597]
expert:[ 0.7338105  -0.29165852  0.12581618  0.41093412]
expert:[ 0.711418   -0.31980264  0.18058856  0.44779858]
expert:[ 0.6857578  -0.38005215  0.2317533   0.5256745 ]
expert:[ 0.67109156 -0.428433    0.2412617   0.58529544]
expert:[ 0.65313065 -0.45154628  0.2557022   0.6051607 ]
expert:[ 0.6490328  -0.47298247  0.27113947  0.62423646]
expert:[ 0.5405098  -0.43481293  0.39538997  0.6284333 ]
expert:[-0.6314548  -0.27744645  0.8336179   0.51050675]
expert:[-0.81761676 -0.32054687  0.71279544  0.20062414]
expert:[-0.68804777 -0.8302378  -0.7095378   0.0788266 ]
expert:[ 0.36660382 -0.93502337 -0.9843298   0.48982155]
expert:[ 0.69763327 -0.8771642  -0.99005145  0.5338083 ]
expert:[ 0.93379027 -0.23584187 -0.9926784   0.20215972]
expert:[ 0.9809187   0.7652916  -0.95565164  0.21458352]
expert:[ 0.9859863   0.8384065  -0.76754504  0.5989517 ]
expert:[ 0.9805218   0.7650565  -0.67728853  0.71087664]
expert:[ 0.9743329   0.53876853 -0.72486484  0.7696495 ]
expert:[ 0.9652314   0.08154755 -0.8120694   0.7774318 ]
expert:[ 0.96000797 -0.37973747 -0.87015134  0.7477995 ]
expert:[ 0.957428  -0.6113143 -0.9087943  0.7058081]
expert:[ 0.95095676 -0.7093331  -0.9259782   0.6628533 ]
expert:[ 0.9385705  -0.72129774 -0.9279742   0.60890603]
expert:[ 0.91804326 -0.6969483  -0.92277056  0.5551265 ]
expert:[ 0.83797616 -0.6355247  -0.9100255   0.49350736]
expert:[ 0.6140698  -0.42024022 -0.9110101   0.57271206]
expert:[ 0.24130301 -0.08828189 -0.91986257  0.69369304]
expert:[ 0.09697556  0.06358876 -0.9245291   0.7360359 ]
expert:[ 0.02453957  0.10473744 -0.93276346  0.75498897]
expert:[-0.03193949  0.12528652 -0.9439744   0.7703345 ]
expert:[-0.04959463  0.11869238 -0.9494541   0.77943623]
expert:[-0.06080132  0.10995398 -0.95460916  0.78379637]
expert:[-0.06755111  0.1023803  -0.95760995  0.7856479 ]
expert:[-0.07082424  0.09571093 -0.95925933  0.78637004]
expert:[-0.0717866   0.09004236 -0.9599922   0.78532076]
expert:[-0.07108784  0.08512338 -0.9601257   0.7829696 ]
expert:[-0.06934538  0.08094753 -0.95984346  0.77988416]
expert:[-0.06695287  0.07741397 -0.9592777   0.7763768 ]
expert:[-0.06471531  0.07249109 -0.95868033  0.7729017 ]
expert:[-0.06293132  0.06565107 -0.95815927  0.769655  ]
expert:[-0.0610056   0.0593385  -0.957552    0.76638496]
expert:[-0.05879183  0.05302421 -0.95726955  0.7632223 ]
expert:[-0.05640107  0.04704069 -0.95708984  0.76026326]
expert:[-0.05397402  0.04169473 -0.9568599   0.75741315]
expert:[-0.05109093  0.03725397 -0.95629674  0.75590414]
expert:[-0.04446356  0.02875023 -0.95579344  0.7531958 ]
expert:[-0.03825918  0.02126229 -0.9552222   0.75143284]
expert:[-0.03246669  0.01472824 -0.954634    0.75005513]
expert:[-0.02707838  0.00915289 -0.9540654   0.74905753]
expert:[-0.02232065  0.00489647 -0.9534857   0.74834585]
expert:[-0.0181447   0.00164093 -0.95292604  0.7477886 ]
expert:[-1.4520302e-02 -7.9028105e-04 -9.5240086e-01  7.4733359e-01]
expert:[-0.01140189 -0.00251294 -0.9519178   0.7469395 ]
expert:[-0.00875237 -0.00363558 -0.9514792   0.7466001 ]
expert:[-0.00653246 -0.00425838 -0.9510844   0.74631655]
expert:[-0.00470603 -0.00449084 -0.95073324  0.74609387]
expert:[-0.00321752 -0.00442023 -0.9504263   0.7459088 ]
expert:[-0.00203216 -0.00413774 -0.95016146  0.74576825]
expert:[-0.00110586 -0.00371456 -0.94993705  0.745662  ]
expert:[-3.9105859e-04 -3.2078347e-03 -9.4975102e-01  7.4557352e-01]
expert:[ 1.3749301e-04 -2.6828414e-03 -9.4960076e-01  7.4551111e-01]
expert:[ 5.0891185e-04 -2.1793342e-03 -9.4948310e-01  7.4547267e-01]
expert:[ 7.5717259e-04 -1.7117674e-03 -9.4939435e-01  7.4544632e-01]
expert:[ 9.1063208e-04 -1.2877111e-03 -9.4932973e-01  7.4542725e-01]
expert:[ 9.8488445e-04 -9.1729849e-04 -9.4928503e-01  7.4542046e-01]
expert:[ 1.0030788e-03 -6.0386764e-04 -9.4925714e-01  7.4541754e-01]
expert:[ 9.7781385e-04 -3.4837238e-04 -9.4924283e-01  7.4542016e-01]
expert:[ 9.2333526e-04 -1.4518015e-04 -9.4923890e-01  7.4542499e-01]
expert:[ 8.4932870e-04  8.2124025e-06 -9.4924313e-01  7.4543160e-01]
expert:[ 7.6434744e-04  1.1785515e-04 -9.4925332e-01  7.4543852e-01]
expert:[ 6.7444134e-04  1.9191392e-04 -9.4926739e-01  7.4544555e-01]
expert:[ 5.8437878e-04  2.3584254e-04 -9.4928384e-01  7.4545228e-01]
expert:[ 4.9783284e-04  2.5634654e-04 -9.4930154e-01  7.4545819e-01]
expert:[ 4.1727719e-04  2.5798567e-04 -9.4931948e-01  7.4546295e-01]
expert:[ 3.4414232e-04  2.4675019e-04 -9.4933695e-01  7.4546659e-01]
expert:[ 2.7920306e-04  2.2636540e-04 -9.4935334e-01  7.4546915e-01]
expert:[ 2.2274256e-04  2.0073541e-04 -9.4936848e-01  7.4547070e-01]
expert:[ 1.7460436e-04  1.7176755e-04 -9.4938207e-01  7.4547130e-01]
expert:[ 1.3433397e-04  1.4375336e-04 -9.4939387e-01  7.4547094e-01]
expert:[ 1.01506710e-04  1.16424635e-04 -9.49404180e-01  7.45469749e-01]
expert:[ 7.5057149e-05  9.0526417e-05 -9.4941288e-01  7.4546796e-01]
expert:[ 5.441159e-05  6.710179e-05 -9.494202e-01  7.454655e-01]
expert:[ 3.8817525e-05  4.7730282e-05 -9.4942617e-01  7.4546260e-01]
expert:[ 2.7477741e-05  3.1339005e-05 -9.4943100e-01  7.4545920e-01]
expert:[ 1.9460917e-05  1.7927960e-05 -9.4943482e-01  7.4545574e-01]
expert:[ 1.4409423e-05  6.9607049e-06 -9.4943780e-01  7.4545181e-01]
expert:[ 1.1309981e-05 -4.8987567e-07 -9.4944000e-01  7.4544805e-01]
expert:[ 1.0080636e-05 -6.1523169e-06 -9.4944173e-01  7.4544400e-01]
expert:[ 9.8496675e-06 -9.7882003e-06 -9.4944304e-01  7.4544007e-01]
expert:[ 1.0602176e-05 -1.2649223e-05 -9.4944406e-01  7.4543601e-01]
expert:[ 1.18911266e-05 -1.36923045e-05 -9.49444830e-01  7.45432079e-01]
expert:[ 1.3515353e-05 -1.3394281e-05 -9.4944531e-01  7.4542826e-01]
expert:[ 1.5109777e-05 -1.2381002e-05 -9.4944566e-01  7.4542463e-01]
expert:[ 1.68234110e-05 -1.18445605e-05 -9.49446082e-01  7.45421052e-01]
expert:[ 1.8522143e-05 -1.1039898e-05 -9.4944644e-01  7.4541759e-01]
expert:[ 1.9744039e-05 -9.1325492e-06 -9.4944674e-01  7.4541450e-01]
expert:[ 2.0787120e-05 -8.4470958e-06 -9.4944715e-01  7.4541140e-01]
expert:[ 2.1860003e-05 -6.7781657e-06 -9.4944745e-01  7.4540848e-01]
expert:[ 2.2336841e-05 -6.3907355e-06 -9.4944793e-01  7.4540579e-01]
expert:[ 2.2672117e-05 -4.6323985e-06 -9.4944829e-01  7.4540335e-01]
expert:[ 2.2813678e-05 -4.1853637e-06 -9.4944870e-01  7.4540085e-01]
expert:[ 2.2709370e-05 -3.8575381e-06 -9.4944918e-01  7.4539876e-01]
expert:[ 2.2128224e-05 -3.4105033e-06 -9.4944966e-01  7.4539715e-01]
expert:[ 1.9639730e-05 -3.3807009e-06 -9.4944996e-01  7.4539798e-01]
expert:[ 1.0906160e-04  1.0006316e-04 -9.4939226e-01  7.4553847e-01]
expert:[ 1.2089312e-04  4.6231036e-04 -9.4928652e-01  7.4585730e-01]
expert:[ 1.1011958e-04  9.0824231e-04 -9.4923115e-01  7.4594718e-01]
expert:[-4.7087669e-06  1.2366039e-03 -9.4921345e-01  7.4601251e-01]
expert:[-1.4138222e-04  1.4141658e-03 -9.4922018e-01  7.4604821e-01]
expert:[-2.6026368e-04  1.4596143e-03 -9.4923854e-01  7.4606496e-01]
expert:[-3.4803152e-04  1.4018873e-03 -9.4926047e-01  7.4607348e-01]
expert:[-3.9377806e-04  1.2802642e-03 -9.4928229e-01  7.4606514e-01]
expert:[-4.1657683e-04  1.1185869e-03 -9.4930035e-01  7.4606395e-01]
expert:[-4.1497496e-04  9.4233610e-04 -9.4931519e-01  7.4605775e-01]
expert:[-3.9812920e-04  7.6614489e-04 -9.4932675e-01  7.4605048e-01]
expert:[-3.7248430e-04  5.9972884e-04 -9.4933522e-01  7.4604416e-01]
expert:[-3.4131110e-04  4.5038943e-04 -9.4934112e-01  7.4603754e-01]
expert:[-3.0744076e-04  3.1994469e-04 -9.4934493e-01  7.4603081e-01]
expert:[-2.7272105e-04  2.1080859e-04 -9.4934672e-01  7.4602467e-01]
expert:[-2.3877621e-04  1.2095459e-04 -9.4934702e-01  7.4601930e-01]
expert:[-2.0596385e-04  5.0472096e-05 -9.4934601e-01  7.4601430e-01]
expert:[-1.7535686e-04 -2.1588057e-06 -9.4934386e-01  7.4601012e-01]
expert:[-1.4693290e-04 -4.0365383e-05 -9.4934106e-01  7.4600655e-01]
expert:[-1.2123585e-04 -6.4564869e-05 -9.4933760e-01  7.4600363e-01]
expert:[-9.8064542e-05 -7.9555437e-05 -9.4933397e-01  7.4600124e-01]
expert:[-7.787347e-05 -8.548610e-05 -9.493301e-01  7.459995e-01]
expert:[-6.0364604e-05 -8.5754320e-05 -9.4932640e-01  7.4599820e-01]
expert_success: 1.0
path_length: 150



-------------------------------- Iteration 0 -------------------------------- 
initial ob: [-0.03264849  0.51488124  0.2368859  -0.2         0.6         0.015
  0.          0.6         0.015       0.          0.6         0.015     ]
agent_success: 0

training time:  0.12548279762268066
evaluation time:  6.945205450057983
epoch time:  7.070720911026001


-------------------------------- Iteration 200 -------------------------------- 
initial ob: [-0.03264849  0.51488124  0.2368859  -0.2         0.6         0.015
  0.          0.6         0.015       0.          0.6         0.015     ]
agent_success: 0

training time:  0.0024340152740478516
evaluation time:  7.383474588394165
epoch time:  7.385935068130493


-------------------------------- Iteration 400 -------------------------------- 
initial ob: [-0.03264849  0.51488124  0.2368859  -0.2         0.6         0.015
  0.          0.6         0.015       0.          0.6         0.015     ]
agent_success: 0

training time:  0.0025091171264648438
evaluation time:  7.53528618812561
epoch time:  7.537826776504517


-------------------------------- Iteration 600 -------------------------------- 
initial ob: [-0.03264849  0.51488124  0.2368859  -0.2         0.6         0.015
  0.          0.6         0.015       0.          0.6         0.015     ]
agent_success: 0

training time:  0.0025587081909179688
evaluation time:  7.479285717010498
epoch time:  7.481870174407959


-------------------------------- Iteration 800 -------------------------------- 
initial ob: [-0.03264849  0.51488124  0.2368859  -0.2         0.6         0.015
  0.          0.6         0.015       0.          0.6         0.015     ]
agent_success: 0

training time:  0.002483844757080078
evaluation time:  7.47337532043457
epoch time:  7.475894451141357


-------------------------------- Iteration 1000 -------------------------------- 
initial ob: [-0.03264849  0.51488124  0.2368859  -0.2         0.6         0.015
  0.          0.6         0.015       0.          0.6         0.015     ]
agent_success: 0

training time:  0.002452850341796875
evaluation time:  7.341092824935913
epoch time:  7.343591213226318


-------------------------------- Iteration 1200 -------------------------------- 
initial ob: [-0.03264849  0.51488124  0.2368859  -0.2         0.6         0.015
  0.          0.6         0.015       0.          0.6         0.015     ]
agent_success: 0

training time:  0.0024542808532714844
evaluation time:  7.120569467544556
epoch time:  7.123057842254639


-------------------------------- Iteration 1400 -------------------------------- 
initial ob: [-0.03264849  0.51488124  0.2368859  -0.2         0.6         0.015
  0.          0.6         0.015       0.          0.6         0.015     ]
agent_success: 0

training time:  0.0023314952850341797
evaluation time:  7.209376335144043
epoch time:  7.211730480194092


-------------------------------- Iteration 1600 -------------------------------- 
initial ob: [-0.03264849  0.51488124  0.2368859  -0.2         0.6         0.015
  0.          0.6         0.015       0.          0.6         0.015     ]
agent_success: 0

training time:  0.002489805221557617
evaluation time:  7.435209512710571
epoch time:  7.437729597091675


-------------------------------- Iteration 1800 -------------------------------- 
initial ob: [-0.03264849  0.51488124  0.2368859  -0.2         0.6         0.015
  0.          0.6         0.015       0.          0.6         0.015     ]
agent_success: 0

training time:  0.002440214157104492
evaluation time:  7.387467384338379
epoch time:  7.389928817749023


-------------------------------- Iteration 2000 -------------------------------- 
initial ob: [-0.03264849  0.51488124  0.2368859  -0.2         0.6         0.015
  0.          0.6         0.015       0.          0.6         0.015     ]
agent_success: 0

training time:  0.0024526119232177734
evaluation time:  7.399061918258667
epoch time:  7.401541233062744


-------------------------------- Iteration 2200 -------------------------------- 
initial ob: [-0.03264849  0.51488124  0.2368859  -0.2         0.6         0.015
  0.          0.6         0.015       0.          0.6         0.015     ]
agent_success: 0

training time:  0.002616405487060547
evaluation time:  7.358209133148193
epoch time:  7.360839366912842


-------------------------------- Iteration 2400 -------------------------------- 
initial ob: [-0.03264849  0.51488124  0.2368859  -0.2         0.6         0.015
  0.          0.6         0.015       0.          0.6         0.015     ]
agent_success: 0

training time:  0.002425670623779297
evaluation time:  7.347572088241577
epoch time:  7.350036144256592


-------------------------------- Iteration 2600 -------------------------------- 
initial ob: [-0.03264849  0.51488124  0.2368859  -0.2         0.6         0.015
  0.          0.6         0.015       0.          0.6         0.015     ]
agent_success: 0

training time:  0.002429962158203125
evaluation time:  7.270727634429932
epoch time:  7.2731781005859375


-------------------------------- Iteration 2800 -------------------------------- 
initial ob: [-0.03264849  0.51488124  0.2368859  -0.2         0.6         0.015
  0.          0.6         0.015       0.          0.6         0.015     ]
agent_success: 0

training time:  0.002310037612915039
evaluation time:  7.127708673477173
epoch time:  7.130113124847412


-------------------------------- Iteration 3000 -------------------------------- 
initial ob: [-0.03264849  0.51488124  0.2368859  -0.2         0.6         0.015
  0.          0.6         0.015       0.          0.6         0.015     ]
agent_success: 0

training time:  0.0026144981384277344
evaluation time:  7.253785610198975
epoch time:  7.256415367126465


-------------------------------- Iteration 3200 -------------------------------- 
initial ob: [-0.03264849  0.51488124  0.2368859  -0.2         0.6         0.015
  0.          0.6         0.015       0.          0.6         0.015     ]
agent_success: 0

training time:  0.002512693405151367
evaluation time:  7.40686559677124
epoch time:  7.409398555755615


-------------------------------- Iteration 3400 -------------------------------- 
initial ob: [-0.03264849  0.51488124  0.2368859  -0.2         0.6         0.015
  0.          0.6         0.015       0.          0.6         0.015     ]
agent_success: 0

training time:  0.0028061866760253906
evaluation time:  7.447845697402954
epoch time:  7.4506676197052


-------------------------------- Iteration 3600 -------------------------------- 
initial ob: [-0.03264849  0.51488124  0.2368859  -0.2         0.6         0.015
  0.          0.6         0.015       0.          0.6         0.015     ]
agent_success: 0

training time:  0.002448558807373047
evaluation time:  7.404151916503906
epoch time:  7.4066221714019775


-------------------------------- Iteration 3800 -------------------------------- 
initial ob: [-0.03264849  0.51488124  0.2368859  -0.2         0.6         0.015
  0.          0.6         0.015       0.          0.6         0.015     ]
agent_success: 0

training time:  0.002470254898071289
evaluation time:  7.411479234695435
epoch time:  7.413977861404419


-------------------------------- Iteration 4000 -------------------------------- 
initial ob: [-0.03264849  0.51488124  0.2368859  -0.2         0.6         0.015
  0.          0.6         0.015       0.          0.6         0.015     ]
agent_success: 0

training time:  0.002443075180053711
evaluation time:  7.367948532104492
epoch time:  7.370409250259399


-------------------------------- Iteration 4200 -------------------------------- 
initial ob: [-0.03264849  0.51488124  0.2368859  -0.2         0.6         0.015
  0.          0.6         0.015       0.          0.6         0.015     ]
agent_success: 0

training time:  0.002452373504638672
evaluation time:  7.247201442718506
epoch time:  7.249669075012207


-------------------------------- Iteration 4400 -------------------------------- 
initial ob: [-0.03264849  0.51488124  0.2368859  -0.2         0.6         0.015
  0.          0.6         0.015       0.          0.6         0.015     ]
agent_success: 0

training time:  0.0023651123046875
evaluation time:  7.129088878631592
epoch time:  7.131567716598511


-------------------------------- Iteration 4600 -------------------------------- 
initial ob: [-0.03264849  0.51488124  0.2368859  -0.2         0.6         0.015
  0.          0.6         0.015       0.          0.6         0.015     ]
agent_success: 0

training time:  0.0024232864379882812
evaluation time:  7.315512180328369
epoch time:  7.317951440811157


-------------------------------- Iteration 4800 -------------------------------- 
initial ob: [-0.03264849  0.51488124  0.2368859  -0.2         0.6         0.015
  0.          0.6         0.015       0.          0.6         0.015     ]
agent_success: 0

training time:  0.002498149871826172
evaluation time:  7.425774574279785
epoch time:  7.4282941818237305


-------------------------------- Iteration 5000 -------------------------------- 
initial ob: [-0.03264849  0.51488124  0.2368859  -0.2         0.6         0.015
  0.          0.6         0.015       0.          0.6         0.015     ]
agent_success: 0

training time:  0.0024538040161132812
evaluation time:  7.4440765380859375
epoch time:  7.446547508239746


-------------------------------- Iteration 5200 -------------------------------- 
initial ob: [-0.03264849  0.51488124  0.2368859  -0.2         0.6         0.015
  0.          0.6         0.015       0.          0.6         0.015     ]
agent_success: 0

training time:  0.0024576187133789062
evaluation time:  7.406036615371704
epoch time:  7.408517360687256


-------------------------------- Iteration 5400 -------------------------------- 
initial ob: [-0.03264849  0.51488124  0.2368859  -0.2         0.6         0.015
  0.          0.6         0.015       0.          0.6         0.015     ]
agent_success: 0

training time:  0.002483844757080078
evaluation time:  7.37745475769043
epoch time:  7.379956483840942


-------------------------------- Iteration 5600 -------------------------------- 
initial ob: [-0.03264849  0.51488124  0.2368859  -0.2         0.6         0.015
  0.          0.6         0.015       0.          0.6         0.015     ]
agent_success: 0

training time:  0.0023927688598632812
evaluation time:  7.250666856765747
epoch time:  7.25307822227478


-------------------------------- Iteration 5800 -------------------------------- 
initial ob: [-0.03264849  0.51488124  0.2368859  -0.2         0.6         0.015
  0.          0.6         0.015       0.          0.6         0.015     ]
agent_success: 0

training time:  0.0024254322052001953
evaluation time:  7.280660390853882
epoch time:  7.283106803894043


-------------------------------- Iteration 6000 -------------------------------- 
initial ob: [-0.03264849  0.51488124  0.2368859  -0.2         0.6         0.015
  0.          0.6         0.015       0.          0.6         0.015     ]
agent_success: 0

training time:  0.0023751258850097656
evaluation time:  7.176548480987549
epoch time:  7.178997039794922


-------------------------------- Iteration 6200 -------------------------------- 
initial ob: [-0.03264849  0.51488124  0.2368859  -0.2         0.6         0.015
  0.          0.6         0.015       0.          0.6         0.015     ]
agent_success: 0

training time:  0.0023386478424072266
evaluation time:  7.395519971847534
epoch time:  7.397902250289917


-------------------------------- Iteration 6400 -------------------------------- 
initial ob: [-0.03264849  0.51488124  0.2368859  -0.2         0.6         0.015
  0.          0.6         0.015       0.          0.6         0.015     ]
agent_success: 0

training time:  0.0025250911712646484
evaluation time:  7.422550439834595
epoch time:  7.4250922203063965


-------------------------------- Iteration 6600 -------------------------------- 
initial ob: [-0.03264849  0.51488124  0.2368859  -0.2         0.6         0.015
  0.          0.6         0.015       0.          0.6         0.015     ]
agent_success: 0

training time:  0.0024912357330322266
evaluation time:  7.454132080078125
epoch time:  7.456671237945557


-------------------------------- Iteration 6800 -------------------------------- 
initial ob: [-0.03264849  0.51488124  0.2368859  -0.2         0.6         0.015
  0.          0.6         0.015       0.          0.6         0.015     ]
agent_success: 0

training time:  0.002449512481689453
evaluation time:  7.442394495010376
epoch time:  7.444865465164185


-------------------------------- Iteration 7000 -------------------------------- 
initial ob: [-0.03264849  0.51488124  0.2368859  -0.2         0.6         0.015
  0.          0.6         0.015       0.          0.6         0.015     ]
agent_success: 0

training time:  0.0024399757385253906
evaluation time:  7.474867343902588
epoch time:  7.47732400894165


-------------------------------- Iteration 7200 -------------------------------- 
initial ob: [-0.03264849  0.51488124  0.2368859  -0.2         0.6         0.015
  0.          0.6         0.015       0.          0.6         0.015     ]
agent_success: 0

training time:  0.0024323463439941406
evaluation time:  7.424763917922974
epoch time:  7.427219390869141


-------------------------------- Iteration 7400 -------------------------------- 
initial ob: [-0.03264849  0.51488124  0.2368859  -0.2         0.6         0.015
  0.          0.6         0.015       0.          0.6         0.015     ]
agent_success: 0

training time:  0.0023784637451171875
evaluation time:  7.272315502166748
epoch time:  7.274709224700928


-------------------------------- Iteration 7600 -------------------------------- 
initial ob: [-0.03264849  0.51488124  0.2368859  -0.2         0.6         0.015
  0.          0.6         0.015       0.          0.6         0.015     ]
agent_success: 0

training time:  0.002328157424926758
evaluation time:  7.222796440124512
epoch time:  7.2251410484313965


-------------------------------- Iteration 7800 -------------------------------- 
initial ob: [-0.03264849  0.51488124  0.2368859  -0.2         0.6         0.015
  0.          0.6         0.015       0.          0.6         0.015     ]
agent_success: 0

training time:  0.002428293228149414
evaluation time:  7.433000087738037
epoch time:  7.435481071472168


-------------------------------- Iteration 8000 -------------------------------- 
initial ob: [-0.03264849  0.51488124  0.2368859  -0.2         0.6         0.015
  0.          0.6         0.015       0.          0.6         0.015     ]
agent_success: 0

training time:  0.0024461746215820312
evaluation time:  7.471519947052002
epoch time:  7.473982572555542


-------------------------------- Iteration 8200 -------------------------------- 
initial ob: [-0.03264849  0.51488124  0.2368859  -0.2         0.6         0.015
  0.          0.6         0.015       0.          0.6         0.015     ]
agent_success: 0

training time:  0.002620220184326172
evaluation time:  7.471477270126343
epoch time:  7.47411322593689


-------------------------------- Iteration 8400 -------------------------------- 
initial ob: [-0.03264849  0.51488124  0.2368859  -0.2         0.6         0.015
  0.          0.6         0.015       0.          0.6         0.015     ]
agent_success: 0

training time:  0.0024666786193847656
evaluation time:  7.4155144691467285
epoch time:  7.418013334274292


-------------------------------- Iteration 8600 -------------------------------- 
initial ob: [-0.03264849  0.51488124  0.2368859  -0.2         0.6         0.015
  0.          0.6         0.015       0.          0.6         0.015     ]
agent_success: 0

training time:  0.002418994903564453
evaluation time:  7.403399705886841
epoch time:  7.405835151672363


-------------------------------- Iteration 8800 -------------------------------- 
initial ob: [-0.03264849  0.51488124  0.2368859  -0.2         0.6         0.015
  0.          0.6         0.015       0.          0.6         0.015     ]
agent_success: 0

training time:  0.002393484115600586
evaluation time:  7.417778730392456
epoch time:  7.42022442817688


-------------------------------- Iteration 9000 -------------------------------- 
initial ob: [-0.03264849  0.51488124  0.2368859  -0.2         0.6         0.015
  0.          0.6         0.015       0.          0.6         0.015     ]
agent_success: 0

training time:  0.0024154186248779297
evaluation time:  7.262243747711182
epoch time:  7.264677047729492


-------------------------------- Iteration 9200 -------------------------------- 
initial ob: [-0.03264849  0.51488124  0.2368859  -0.2         0.6         0.015
  0.          0.6         0.015       0.          0.6         0.015     ]
agent_success: 0

training time:  0.002333402633666992
evaluation time:  7.247441530227661
epoch time:  7.249791622161865


-------------------------------- Iteration 9400 -------------------------------- 
initial ob: [-0.03264849  0.51488124  0.2368859  -0.2         0.6         0.015
  0.          0.6         0.015       0.          0.6         0.015     ]
agent_success: 0

training time:  0.002499103546142578
evaluation time:  7.477653741836548
epoch time:  7.48017430305481


-------------------------------- Iteration 9600 -------------------------------- 
initial ob: [-0.03264849  0.51488124  0.2368859  -0.2         0.6         0.015
  0.          0.6         0.015       0.          0.6         0.015     ]
agent_success: 0

training time:  0.0024347305297851562
evaluation time:  7.498759746551514
epoch time:  7.501210689544678


-------------------------------- Iteration 9800 -------------------------------- 
initial ob: [-0.03264849  0.51488124  0.2368859  -0.2         0.6         0.015
  0.          0.6         0.015       0.          0.6         0.015     ]
agent_success: 0

training time:  0.002454996109008789
evaluation time:  7.426555633544922
epoch time:  7.429056882858276


-------------------------------- Test Results -------------------------------- 
initial ob: [-0.03264849  0.51488124  0.2368859  -0.2         0.6         0.015
  0.          0.6         0.015       0.          0.6         0.015     ]
agent_success: 0

mean_success_rate:  0.0
Done
