/var/lib/slurm/slurmd/job3513847/slurm_script: line 9: batch_scripts/MT50_batch/seed.sh: No such file or directory
SLURM_JOBID=3513847
working directory=/viscam/u/jialugao/Imitation-SoftModule
########################
logging outputs to  /viscam/u/jialugao/Imitation-SoftModule/data/Base_bc_reach_window-open-v1_2640.000124-01-2022_18-56-09
########################
{'expert_policy_file': '../Multi-Task-RL/log/MT50_Single_Task/window-open-v1/Fixed/238/model/model_pf_best.pth', 'exp_name': 'bc_reach', 'do_dagger': False, 'ep_len': 200, 'gradient_steps': 1, 'n_iter': 10000, 'render_interval': 1, 'eval_interval': 200, 'batch_size': 64, 'eval_batch_size': 32, 'train_batch_size': 32, 'n_layers': 2, 'size': 400, 'learning_rate': 0.0001, 'video_log_freq': -1, 'scalar_log_freq': 1, 'no_gpu': False, 'which_gpu': 0, 'max_replay_buffer_size': 1000000, 'save_params': False, 'seed': 32, 'worker_nums': 1, 'eval_worker_nums': 1, 'config': 'config/BC.json', 'no_cuda': True, 'random_init': False, 'device': 'cpu', 'id': 'MT50_Single_Task', 'task_name': 'window-open-v1', 'task_env': 'MT50_task_env', 'cuda': False, 'log_dir': '/viscam/u/jialugao/Imitation-SoftModule/data/Base_bc_reach_window-open-v1_2640.000124-01-2022_18-56-09', 'agent_class': <class 'agents.bc_agent.MLPAgent'>, 'agent_params': {'n_layers': 2, 'size': 400, 'learning_rate': 0.0001, 'max_replay_buffer_size': 1000000, 'discrete': False, 'ac_dim': 4, 'ob_dim': 9}}
{'env_name': 'single_task', 'env': {'reward_scale': 1, 'obs_norm': False}, 'meta_env': {'obs_type': 'with_goal', 'random_init': False}, 'replay_buffer': {'size': 1000000.0}, 'net': {'hidden_shapes': [400, 400], 'append_hidden_shapes': [400], 'base_type': <class 'networks.base.MLPBase'>}, 'general_setting': {'discount': 0.99, 'pretrain_epochs': 20, 'num_epochs': 7500, 'epoch_frames': 200, 'max_episode_frames': 200, 'batch_size': 1280, 'min_pool': 10000, 'target_hard_update_period': 1000, 'use_soft_update': True, 'tau': 0.005, 'opt_times': 200, 'eval_episodes': 100, 'train_render': False, 'eval_render': False, 'env': <NormAct<RewardShift<SingleWrapperNone>>>, 'logger': <utils.logger.Logger object at 0x7f2866cbae90>, 'device': device(type='cpu')}, 'sac': {'plr': 0.0003, 'qlr': 0.0003, 'reparameterization': True, 'automatic_entropy_tuning': True, 'policy_std_reg_weight': 0, 'policy_mean_reg_weight': 0}}
Loading expert policy from... ../Multi-Task-RL/log/MT50_Single_Task/window-open-v1/Fixed/238/model/model_pf_best.pth
tensor([[-6.7466e-01,  1.0668e-01, -9.9232e-01,  ...,  1.0309e-03,
          5.4287e-02,  8.3271e-03],
        [ 9.5353e-04, -3.0587e-02, -3.6775e-02,  ..., -2.5607e-02,
         -3.4064e-03, -7.3042e-02],
        [ 1.8385e+00, -2.4245e-01, -5.1885e-01,  ...,  9.0146e-02,
          1.0326e-01,  8.1370e-02],
        ...,
        [ 1.6120e+00, -4.4520e-01, -2.0377e-01,  ...,  1.6563e-01,
          1.1658e-01,  1.2134e-01],
        [-2.9830e-02, -3.8638e-02, -4.6222e-02,  ..., -8.2696e-02,
          7.4370e-03, -1.8139e-02],
        [ 7.2323e-04, -2.0259e-02, -7.3416e-02,  ..., -7.1831e-02,
         -6.4658e-02, -3.2753e-02]])
Done restoring expert policy...
<NormAct<RewardShift<AugObs<SawyerWindowOpenEnv instance>>>>


-------------------------------- Iteration 0 -------------------------------- 
initial ob: [-0.03445341  0.50704491  0.23981405 -0.12        0.73000003  0.15000001
  0.08        0.785       0.15        0.08        0.785       0.15      ]
expert:[-0.9232436   0.8747683   0.69273895 -0.00477903]
expert:[-0.94225955  0.8401846   0.8583574   0.7197117 ]
expert:[-0.95385396  0.7487506   0.86369026  0.7292917 ]
expert:[-0.95189494  0.6475314   0.75649476  0.6410681 ]
expert:[-0.9393063   0.65323806  0.48437732  0.5123065 ]
expert:[-0.93032724  0.6542414  -0.12063722  0.3433471 ]
expert:[-0.94788975  0.57135594 -0.38255188  0.15668862]
expert:[-0.9608756   0.42223114 -0.46291518 -0.20576158]
expert:[-0.96654505  0.3444083  -0.68367535 -0.63554883]
expert:[-0.9683247  -0.00991942 -0.92372835 -0.64781433]
expert:[-0.9680582  -0.01495037 -0.96152127 -0.5570975 ]
expert:[-0.9595389   0.29273394 -0.9631066  -0.619376  ]
expert:[-0.9334802   0.779521   -0.98126704 -0.8426346 ]
expert:[-0.81268007  0.923177   -0.9846732  -0.7608104 ]
expert:[-0.33769932  0.92771065 -0.97832674  0.16327317]
expert:[ 0.9105437   0.72873676 -0.95025206  0.76230603]
expert:[ 0.9715728   0.66432226 -0.94876283  0.7607614 ]
expert:[ 0.9759721   0.8800119  -0.79584503  0.65627885]
expert:[ 0.96719414  0.6466539  -0.42902473  0.90530217]
expert:[ 0.7969768   0.40488318 -0.5821089   0.82314306]
expert:[ 0.9049003   0.26111853 -0.455882    0.7179227 ]
expert:[ 0.92673373  0.20500301 -0.3234528   0.7003627 ]
expert:[ 0.93327224  0.19465116 -0.25402984  0.7031878 ]
expert:[ 0.9360985   0.19243595 -0.25029507  0.69601166]
expert:[ 0.93828815  0.18391122 -0.26972556  0.6744819 ]
expert:[ 0.9404242   0.1747217  -0.30096126  0.64086056]
expert:[ 0.9424391   0.17553188 -0.32861087  0.5879586 ]
expert:[ 0.9443496   0.16262469 -0.36518362  0.53624105]
expert:[ 0.9449107   0.13365057 -0.41242513  0.4856747 ]
expert:[ 0.9508741   0.10162499 -0.46238285  0.41470858]
expert:[ 0.9540863   0.08176729 -0.49234736  0.35412884]
expert:[ 0.9560408   0.0664706  -0.5109534   0.29749933]
expert:[ 0.95855635  0.05003216 -0.52834386  0.23495497]
expert:[ 0.9628212   0.036825   -0.5398262   0.18612587]
expert:[ 0.9676644   0.01985703 -0.5481957   0.13530077]
expert:[ 0.969974    0.00436013 -0.55701613  0.08135581]
expert:[ 0.97250116 -0.0123104  -0.5636298   0.02832842]
expert:[ 0.9757487  -0.02174161 -0.548413    0.01081451]
expert:[ 0.97869074 -0.01676107 -0.5385202   0.01795173]
expert:[ 0.97895765 -0.00142409 -0.5308973   0.02041094]
expert:[ 0.9791603   0.0192134  -0.5233273   0.02612449]
expert:[ 0.97929174  0.04015019 -0.51343393  0.03195629]
expert:[ 0.97800004  0.06447171 -0.47508737  0.04822911]
expert:[ 0.97659945  0.09443872 -0.42364284  0.07805728]
expert:[ 0.9750033   0.11918426 -0.37400785  0.10214479]
expert:[ 0.9734274   0.12376368 -0.3005353   0.10406178]
expert:[ 0.97415966  0.12745349 -0.26940078  0.11781355]
expert:[ 0.97464466  0.13490804 -0.25004318  0.12295062]
expert:[ 0.97461617  0.14240518 -0.23431951  0.12616824]
expert:[ 0.97432476  0.14987212 -0.21617918  0.13053855]
expert:[ 0.97301304  0.15440486 -0.19005208  0.13177231]
expert:[ 0.9707836   0.1581632  -0.16033679  0.14016679]
expert:[ 0.96892023  0.16434781 -0.13538943  0.15859868]
expert:[ 0.96789765  0.16915965 -0.11277157  0.17616977]
expert:[ 0.9668904   0.16704364 -0.09194937  0.18182334]
expert:[ 0.96667343  0.14931285 -0.0740345   0.1569738 ]
expert:[ 0.96634585  0.12593739 -0.06851521  0.1144899 ]
expert:[ 0.9662169   0.10647739 -0.07013067  0.07546182]
expert:[ 0.9658992   0.09512015 -0.08216934  0.04918131]
expert:[ 0.9656133   0.08398981 -0.09310076  0.02597238]
expert:[ 0.96558356  0.06568339 -0.09424667  0.00861772]
expert:[ 0.965592    0.04294024 -0.10737165 -0.01294669]
expert:[ 0.9645073   0.02706422 -0.12008537 -0.02602679]
expert:[ 0.9638203   0.01606789 -0.12889153 -0.02567413]
expert:[ 0.963471    0.00906421 -0.13364665 -0.01386223]
expert:[ 9.6249831e-01  2.7041184e-03 -1.4250895e-01  3.4719333e-04]
expert:[ 0.96129185 -0.00695298 -0.15031745  0.01083454]
expert:[ 0.95950603 -0.01985667 -0.1591083   0.00809767]
expert:[ 0.9596483  -0.03333199 -0.16736554  0.00856552]
expert:[ 0.95988035 -0.04789895 -0.1798317   0.00820295]
expert:[ 0.95977974 -0.06725302 -0.18865788  0.00737714]
expert:[ 0.95877594 -0.10395716 -0.18062438  0.01234241]
expert:[ 9.5772856e-01 -1.5884486e-01 -5.6305522e-04  1.7401999e-01]
expert:[ 0.9651245  -0.03246403  0.96820194  0.9275836 ]
expert:[0.961836   0.04212311 0.9933541  0.9770318 ]
expert:[0.95402104 0.05261662 0.99404323 0.9796402 ]
expert:[0.9469051  0.05981439 0.9948727  0.9828248 ]
expert:[0.9423583  0.06292866 0.99553186 0.9857055 ]
expert:[0.93803996 0.05088374 0.99580395 0.98810786]
expert:[0.9180609  0.02347085 0.99560285 0.98880976]
expert:[ 0.8796017  -0.01428332  0.9946817   0.98836404]
expert:[ 0.81340456 -0.03764438  0.99363554  0.9878586 ]
expert:[ 0.707436   -0.05287066  0.9930936   0.98757595]
expert:[ 0.56838006 -0.06811075  0.9927678   0.98701   ]
expert:[ 0.3871998  -0.07726989  0.9925533   0.98633194]
expert:[ 0.26783526 -0.08552554  0.9922002   0.98576486]
expert:[ 0.17283659 -0.08873671  0.9920862   0.98633844]
expert:[ 0.16548868 -0.08659236  0.9918341   0.9865884 ]
expert:[ 0.15720585 -0.08512118  0.9915309   0.9866979 ]
expert:[ 0.1453977  -0.07873515  0.99093086  0.9864718 ]
expert:[ 0.15052421 -0.06076676  0.9902106   0.98624355]
expert:[ 0.17120472 -0.03414841  0.989576    0.9858291 ]
expert:[ 0.1944456  -0.00724199  0.98878187  0.9851941 ]
expert:[0.23015389 0.02689963 0.9883714  0.9848531 ]
expert:[0.27027565 0.06696432 0.9874213  0.98389   ]
expert:[0.31203988 0.10462419 0.9870857  0.98384255]
expert:[0.3574913  0.13945949 0.98715234 0.9842369 ]
expert:[0.4035347  0.168235   0.9873166  0.98475724]
expert:[0.43871137 0.18739855 0.9874823  0.9849073 ]
expert:[0.47192895 0.19747113 0.9880912  0.9857306 ]
expert:[0.5055814  0.20891444 0.988654   0.98655397]
expert:[0.5372225 0.2201289 0.9891655 0.9873006]
expert:[0.5669358  0.23018585 0.9896     0.98799413]
expert:[0.6129326  0.23275499 0.98970056 0.98839813]
expert:[0.6653671  0.22961573 0.9895018  0.98852116]
expert:[0.6949429  0.22242631 0.98856115 0.9881052 ]
expert:[0.7321999  0.21755269 0.9881842  0.9881867 ]
expert:[0.77778816 0.21279328 0.988358   0.988762  ]
expert:[0.81550217 0.20834762 0.988493   0.98925203]
expert:[0.84261346 0.2030102  0.98829234 0.9894613 ]
expert:[0.86576176 0.19796757 0.98814875 0.9896839 ]
expert:[0.88778895 0.1926013  0.9881297  0.9899627 ]
expert:[0.90442055 0.18513276 0.9878126  0.99001443]
expert:[0.91937166 0.18094355 0.9875709  0.9901567 ]
expert:[0.9329096  0.17695951 0.98739195 0.9904126 ]
expert:[0.94592386 0.17315468 0.9872652  0.9905752 ]
expert:[0.9573763  0.1691089  0.98714995 0.9906425 ]
expert:[0.9663673  0.16651964 0.98689395 0.9906403 ]
expert:[0.97327185 0.16683756 0.98656476 0.99049336]
expert:[0.97840184 0.16751221 0.9861571  0.9903854 ]
expert:[0.9824315  0.17145118 0.98610437 0.9905224 ]
expert:[0.985388   0.1962908  0.98610634 0.9906995 ]
expert:[0.9876566  0.21994634 0.98609996 0.9909299 ]
expert:[0.9894829  0.24288447 0.9860564  0.99114984]
expert:[0.9910135  0.26600814 0.9859808  0.9913424 ]
expert:[0.9923437  0.28960583 0.9860045  0.9915664 ]
expert:[0.99322134 0.30866662 0.98600644 0.99171734]
expert:[0.9934825 0.3176768 0.9858104 0.991677 ]
expert:[0.9936271  0.3248304  0.9855539  0.99159014]
expert:[0.9937501  0.3307663  0.9853426  0.99152106]
expert:[0.99383795 0.33546188 0.9851556  0.9914568 ]
expert:[0.9939111  0.3398619  0.9849824  0.99139416]
expert:[0.99395794 0.34356317 0.98480815 0.9913264 ]
expert:[0.99399555 0.34695584 0.98464656 0.9912616 ]
expert:[0.994021   0.35006303 0.9844883  0.9911952 ]
expert:[0.9940296  0.3527288  0.9843221  0.99112266]
expert:[0.9940323  0.35521823 0.98415947 0.9910501 ]
expert:[0.9940254  0.35750324 0.9840154  0.9909764 ]
expert:[0.99401486 0.3596874  0.98390096 0.99090743]
expert:[0.99400437 0.36159602 0.98379385 0.9908431 ]
expert:[0.99398875 0.36330664 0.98368937 0.99077874]
expert:[0.99397075 0.36490816 0.9835887  0.99071604]
expert:[0.99393755 0.36650276 0.9834707  0.99063826]
expert:[0.9939012  0.3679879  0.98335403 0.9905605 ]
expert:[0.99385977 0.36946315 0.9832438  0.9904809 ]
expert:[0.9938211  0.37111232 0.98321664 0.9904242 ]
expert:[0.9937791  0.37270325 0.98318934 0.9903659 ]
expert:[0.9937348  0.37424093 0.9831626  0.99030656]
expert:[0.99368393 0.37573427 0.9831353  0.9902436 ]
expert:[0.9936362  0.37717184 0.98310876 0.99018306]
expert_success: 1.0
path_length: 150



-------------------------------- Iteration 0 -------------------------------- 
initial ob: [-0.03445341  0.50704491  0.23981405 -0.12        0.73000003  0.15000001
  0.08        0.785       0.15        0.08        0.785       0.15      ]
agent_success: 0

training time:  0.1749255657196045
evaluation time:  10.027350187301636
epoch time:  10.202303409576416


-------------------------------- Iteration 200 -------------------------------- 
initial ob: [-0.03445341  0.50704491  0.23981405 -0.12        0.73000003  0.15000001
  0.08        0.785       0.15        0.08        0.785       0.15      ]
agent_success: 0

training time:  0.0022788047790527344
evaluation time:  8.003077507019043
epoch time:  8.005383491516113


-------------------------------- Iteration 400 -------------------------------- 
initial ob: [-0.03445341  0.50704491  0.23981405 -0.12        0.73000003  0.15000001
  0.08        0.785       0.15        0.08        0.785       0.15      ]
agent_success: 0

training time:  0.0022699832916259766
evaluation time:  7.970722675323486
epoch time:  7.973013877868652


-------------------------------- Iteration 600 -------------------------------- 
initial ob: [-0.03445341  0.50704491  0.23981405 -0.12        0.73000003  0.15000001
  0.08        0.785       0.15        0.08        0.785       0.15      ]
agent_success: 0

training time:  0.0022859573364257812
evaluation time:  7.923036336898804
epoch time:  7.925339460372925


-------------------------------- Iteration 800 -------------------------------- 
initial ob: [-0.03445341  0.50704491  0.23981405 -0.12        0.73000003  0.15000001
  0.08        0.785       0.15        0.08        0.785       0.15      ]
agent_success: 0

training time:  0.002284526824951172
evaluation time:  7.957288980484009
epoch time:  7.959596157073975


-------------------------------- Iteration 1000 -------------------------------- 
initial ob: [-0.03445341  0.50704491  0.23981405 -0.12        0.73000003  0.15000001
  0.08        0.785       0.15        0.08        0.785       0.15      ]
agent_success: 0

training time:  0.0022716522216796875
evaluation time:  8.006081342697144
epoch time:  8.008382081985474


-------------------------------- Iteration 1200 -------------------------------- 
initial ob: [-0.03445341  0.50704491  0.23981405 -0.12        0.73000003  0.15000001
  0.08        0.785       0.15        0.08        0.785       0.15      ]
agent_success: 0

training time:  0.0022802352905273438
evaluation time:  8.029955863952637
epoch time:  8.032275676727295


-------------------------------- Iteration 1400 -------------------------------- 
initial ob: [-0.03445341  0.50704491  0.23981405 -0.12        0.73000003  0.15000001
  0.08        0.785       0.15        0.08        0.785       0.15      ]
agent_success: 0

training time:  0.0022649765014648438
evaluation time:  8.025403499603271
epoch time:  8.027686834335327


-------------------------------- Iteration 1600 -------------------------------- 
initial ob: [-0.03445341  0.50704491  0.23981405 -0.12        0.73000003  0.15000001
  0.08        0.785       0.15        0.08        0.785       0.15      ]
agent_success: 0

training time:  0.0022678375244140625
evaluation time:  8.250627994537354
epoch time:  8.252910137176514


-------------------------------- Iteration 1800 -------------------------------- 
initial ob: [-0.03445341  0.50704491  0.23981405 -0.12        0.73000003  0.15000001
  0.08        0.785       0.15        0.08        0.785       0.15      ]
agent_success: 0

training time:  0.002272367477416992
evaluation time:  8.54159140586853
epoch time:  8.543880939483643


-------------------------------- Iteration 2000 -------------------------------- 
initial ob: [-0.03445341  0.50704491  0.23981405 -0.12        0.73000003  0.15000001
  0.08        0.785       0.15        0.08        0.785       0.15      ]
agent_success: 0

training time:  0.0022537708282470703
evaluation time:  8.46860957145691
epoch time:  8.470878839492798


-------------------------------- Iteration 2200 -------------------------------- 
initial ob: [-0.03445341  0.50704491  0.23981405 -0.12        0.73000003  0.15000001
  0.08        0.785       0.15        0.08        0.785       0.15      ]
agent_success: 0

training time:  0.002276182174682617
evaluation time:  8.701837301254272
epoch time:  8.704132080078125


-------------------------------- Iteration 2400 -------------------------------- 
initial ob: [-0.03445341  0.50704491  0.23981405 -0.12        0.73000003  0.15000001
  0.08        0.785       0.15        0.08        0.785       0.15      ]
agent_success: 0

training time:  0.0022649765014648438
evaluation time:  8.786152124404907
epoch time:  8.788442373275757


-------------------------------- Iteration 2600 -------------------------------- 
initial ob: [-0.03445341  0.50704491  0.23981405 -0.12        0.73000003  0.15000001
  0.08        0.785       0.15        0.08        0.785       0.15      ]
agent_success: 0

training time:  0.0022819042205810547
evaluation time:  8.883634328842163
epoch time:  8.885930061340332


-------------------------------- Iteration 2800 -------------------------------- 
initial ob: [-0.03445341  0.50704491  0.23981405 -0.12        0.73000003  0.15000001
  0.08        0.785       0.15        0.08        0.785       0.15      ]
agent_success: 0

training time:  0.002299785614013672
evaluation time:  8.901644706726074
epoch time:  8.904009819030762


-------------------------------- Iteration 3000 -------------------------------- 
initial ob: [-0.03445341  0.50704491  0.23981405 -0.12        0.73000003  0.15000001
  0.08        0.785       0.15        0.08        0.785       0.15      ]
agent_success: 0

training time:  0.002275705337524414
evaluation time:  8.975090742111206
epoch time:  8.977381944656372


-------------------------------- Iteration 3200 -------------------------------- 
initial ob: [-0.03445341  0.50704491  0.23981405 -0.12        0.73000003  0.15000001
  0.08        0.785       0.15        0.08        0.785       0.15      ]
agent_success: 0

training time:  0.002276182174682617
evaluation time:  8.97799301147461
epoch time:  8.980279922485352


-------------------------------- Iteration 3400 -------------------------------- 
initial ob: [-0.03445341  0.50704491  0.23981405 -0.12        0.73000003  0.15000001
  0.08        0.785       0.15        0.08        0.785       0.15      ]
agent_success: 0

training time:  0.002267599105834961
evaluation time:  9.058575630187988
epoch time:  9.060859680175781


-------------------------------- Iteration 3600 -------------------------------- 
initial ob: [-0.03445341  0.50704491  0.23981405 -0.12        0.73000003  0.15000001
  0.08        0.785       0.15        0.08        0.785       0.15      ]
agent_success: 0

training time:  0.002260923385620117
evaluation time:  9.290067195892334
epoch time:  9.292339563369751


-------------------------------- Iteration 3800 -------------------------------- 
initial ob: [-0.03445341  0.50704491  0.23981405 -0.12        0.73000003  0.15000001
  0.08        0.785       0.15        0.08        0.785       0.15      ]
agent_success: 0

training time:  0.0022759437561035156
evaluation time:  9.219939231872559
epoch time:  9.222243785858154


-------------------------------- Iteration 4000 -------------------------------- 
initial ob: [-0.03445341  0.50704491  0.23981405 -0.12        0.73000003  0.15000001
  0.08        0.785       0.15        0.08        0.785       0.15      ]
agent_success: 0

training time:  0.0022907257080078125
evaluation time:  9.210400581359863
epoch time:  9.212711572647095


-------------------------------- Iteration 4200 -------------------------------- 
initial ob: [-0.03445341  0.50704491  0.23981405 -0.12        0.73000003  0.15000001
  0.08        0.785       0.15        0.08        0.785       0.15      ]
agent_success: 0

training time:  0.0023086071014404297
evaluation time:  9.389678478240967
epoch time:  9.391999959945679


-------------------------------- Iteration 4400 -------------------------------- 
initial ob: [-0.03445341  0.50704491  0.23981405 -0.12        0.73000003  0.15000001
  0.08        0.785       0.15        0.08        0.785       0.15      ]
agent_success: 0

training time:  0.0022535324096679688
evaluation time:  9.786627769470215
epoch time:  9.788899183273315


-------------------------------- Iteration 4600 -------------------------------- 
initial ob: [-0.03445341  0.50704491  0.23981405 -0.12        0.73000003  0.15000001
  0.08        0.785       0.15        0.08        0.785       0.15      ]
agent_success: 0

training time:  0.0022516250610351562
evaluation time:  9.55320692062378
epoch time:  9.55547046661377


-------------------------------- Iteration 4800 -------------------------------- 
initial ob: [-0.03445341  0.50704491  0.23981405 -0.12        0.73000003  0.15000001
  0.08        0.785       0.15        0.08        0.785       0.15      ]
agent_success: 0

training time:  0.002269744873046875
evaluation time:  9.835813522338867
epoch time:  9.838104963302612


-------------------------------- Iteration 5000 -------------------------------- 
initial ob: [-0.03445341  0.50704491  0.23981405 -0.12        0.73000003  0.15000001
  0.08        0.785       0.15        0.08        0.785       0.15      ]
agent_success: 0

training time:  0.0022826194763183594
evaluation time:  9.628680944442749
epoch time:  9.630976676940918


-------------------------------- Iteration 5200 -------------------------------- 
initial ob: [-0.03445341  0.50704491  0.23981405 -0.12        0.73000003  0.15000001
  0.08        0.785       0.15        0.08        0.785       0.15      ]
agent_success: 0

training time:  0.0022895336151123047
evaluation time:  9.733105421066284
epoch time:  9.735411882400513


-------------------------------- Iteration 5400 -------------------------------- 
initial ob: [-0.03445341  0.50704491  0.23981405 -0.12        0.73000003  0.15000001
  0.08        0.785       0.15        0.08        0.785       0.15      ]
agent_success: 0

training time:  0.0022819042205810547
evaluation time:  9.809587240219116
epoch time:  9.811882734298706


-------------------------------- Iteration 5600 -------------------------------- 
initial ob: [-0.03445341  0.50704491  0.23981405 -0.12        0.73000003  0.15000001
  0.08        0.785       0.15        0.08        0.785       0.15      ]
agent_success: 0

training time:  0.002271413803100586
evaluation time:  9.6553316116333
epoch time:  9.6576247215271


-------------------------------- Iteration 5800 -------------------------------- 
initial ob: [-0.03445341  0.50704491  0.23981405 -0.12        0.73000003  0.15000001
  0.08        0.785       0.15        0.08        0.785       0.15      ]
agent_success: 0

training time:  0.0022754669189453125
evaluation time:  9.761531829833984
epoch time:  9.763819932937622


-------------------------------- Iteration 6000 -------------------------------- 
initial ob: [-0.03445341  0.50704491  0.23981405 -0.12        0.73000003  0.15000001
  0.08        0.785       0.15        0.08        0.785       0.15      ]
agent_success: 0

training time:  0.0022830963134765625
evaluation time:  9.685243844985962
epoch time:  9.687544822692871


-------------------------------- Iteration 6200 -------------------------------- 
initial ob: [-0.03445341  0.50704491  0.23981405 -0.12        0.73000003  0.15000001
  0.08        0.785       0.15        0.08        0.785       0.15      ]
agent_success: 0

training time:  0.002268552780151367
evaluation time:  9.69217848777771
epoch time:  9.694514274597168


-------------------------------- Iteration 6400 -------------------------------- 
initial ob: [-0.03445341  0.50704491  0.23981405 -0.12        0.73000003  0.15000001
  0.08        0.785       0.15        0.08        0.785       0.15      ]
agent_success: 0

training time:  0.0022668838500976562
evaluation time:  9.880614519119263
epoch time:  9.882903575897217


-------------------------------- Iteration 6600 -------------------------------- 
initial ob: [-0.03445341  0.50704491  0.23981405 -0.12        0.73000003  0.15000001
  0.08        0.785       0.15        0.08        0.785       0.15      ]
agent_success: 0

training time:  0.00228118896484375
evaluation time:  10.286794185638428
epoch time:  10.289088010787964


-------------------------------- Iteration 6800 -------------------------------- 
initial ob: [-0.03445341  0.50704491  0.23981405 -0.12        0.73000003  0.15000001
  0.08        0.785       0.15        0.08        0.785       0.15      ]
agent_success: 0

training time:  0.002268075942993164
evaluation time:  9.761064529418945
epoch time:  9.76335096359253


-------------------------------- Iteration 7000 -------------------------------- 
initial ob: [-0.03445341  0.50704491  0.23981405 -0.12        0.73000003  0.15000001
  0.08        0.785       0.15        0.08        0.785       0.15      ]
agent_success: 0

training time:  0.002290010452270508
evaluation time:  9.695829629898071
epoch time:  9.698131084442139


-------------------------------- Iteration 7200 -------------------------------- 
initial ob: [-0.03445341  0.50704491  0.23981405 -0.12        0.73000003  0.15000001
  0.08        0.785       0.15        0.08        0.785       0.15      ]
agent_success: 0

training time:  0.002260923385620117
evaluation time:  9.85032868385315
epoch time:  9.852604389190674


-------------------------------- Iteration 7400 -------------------------------- 
initial ob: [-0.03445341  0.50704491  0.23981405 -0.12        0.73000003  0.15000001
  0.08        0.785       0.15        0.08        0.785       0.15      ]
agent_success: 0

training time:  0.002424001693725586
evaluation time:  9.763322591781616
epoch time:  9.765758752822876


-------------------------------- Iteration 7600 -------------------------------- 
initial ob: [-0.03445341  0.50704491  0.23981405 -0.12        0.73000003  0.15000001
  0.08        0.785       0.15        0.08        0.785       0.15      ]
agent_success: 0

training time:  0.0022737979888916016
evaluation time:  9.743984937667847
epoch time:  9.746273517608643


-------------------------------- Iteration 7800 -------------------------------- 
initial ob: [-0.03445341  0.50704491  0.23981405 -0.12        0.73000003  0.15000001
  0.08        0.785       0.15        0.08        0.785       0.15      ]
agent_success: 0

training time:  0.0022661685943603516
evaluation time:  9.753727436065674
epoch time:  9.756006002426147


-------------------------------- Iteration 8000 -------------------------------- 
initial ob: [-0.03445341  0.50704491  0.23981405 -0.12        0.73000003  0.15000001
  0.08        0.785       0.15        0.08        0.785       0.15      ]
agent_success: 0

training time:  0.0022585391998291016
evaluation time:  9.698040962219238
epoch time:  9.700315713882446


-------------------------------- Iteration 8200 -------------------------------- 
initial ob: [-0.03445341  0.50704491  0.23981405 -0.12        0.73000003  0.15000001
  0.08        0.785       0.15        0.08        0.785       0.15      ]
agent_success: 0

training time:  0.0022706985473632812
evaluation time:  9.75708556175232
epoch time:  9.759422063827515


-------------------------------- Iteration 8400 -------------------------------- 
initial ob: [-0.03445341  0.50704491  0.23981405 -0.12        0.73000003  0.15000001
  0.08        0.785       0.15        0.08        0.785       0.15      ]
agent_success: 0

training time:  0.0022737979888916016
evaluation time:  9.669295310974121
epoch time:  9.671584129333496


-------------------------------- Iteration 8600 -------------------------------- 
initial ob: [-0.03445341  0.50704491  0.23981405 -0.12        0.73000003  0.15000001
  0.08        0.785       0.15        0.08        0.785       0.15      ]
agent_success: 0

training time:  0.0022940635681152344
evaluation time:  9.674437522888184
epoch time:  9.676743030548096


-------------------------------- Iteration 8800 -------------------------------- 
initial ob: [-0.03445341  0.50704491  0.23981405 -0.12        0.73000003  0.15000001
  0.08        0.785       0.15        0.08        0.785       0.15      ]
agent_success: 0

training time:  0.0022726058959960938
evaluation time:  10.346596002578735
epoch time:  10.34890079498291


-------------------------------- Iteration 9000 -------------------------------- 
initial ob: [-0.03445341  0.50704491  0.23981405 -0.12        0.73000003  0.15000001
  0.08        0.785       0.15        0.08        0.785       0.15      ]
agent_success: 0

training time:  0.0022597312927246094
evaluation time:  9.749958753585815
epoch time:  9.752231359481812


-------------------------------- Iteration 9200 -------------------------------- 
initial ob: [-0.03445341  0.50704491  0.23981405 -0.12        0.73000003  0.15000001
  0.08        0.785       0.15        0.08        0.785       0.15      ]
agent_success: 0

training time:  0.0022780895233154297
evaluation time:  9.641057968139648
epoch time:  9.643352031707764


-------------------------------- Iteration 9400 -------------------------------- 
initial ob: [-0.03445341  0.50704491  0.23981405 -0.12        0.73000003  0.15000001
  0.08        0.785       0.15        0.08        0.785       0.15      ]
agent_success: 0

training time:  0.0022819042205810547
evaluation time:  9.657365798950195
epoch time:  9.659659385681152


-------------------------------- Iteration 9600 -------------------------------- 
initial ob: [-0.03445341  0.50704491  0.23981405 -0.12        0.73000003  0.15000001
  0.08        0.785       0.15        0.08        0.785       0.15      ]
agent_success: 0

training time:  0.0022802352905273438
evaluation time:  9.715174674987793
epoch time:  9.71747088432312


-------------------------------- Iteration 9800 -------------------------------- 
initial ob: [-0.03445341  0.50704491  0.23981405 -0.12        0.73000003  0.15000001
  0.08        0.785       0.15        0.08        0.785       0.15      ]
agent_success: 0

training time:  0.0022783279418945312
evaluation time:  9.668610334396362
epoch time:  9.670901536941528


-------------------------------- Test Results -------------------------------- 
initial ob: [-0.03445341  0.50704491  0.23981405 -0.12        0.73000003  0.15000001
  0.08        0.785       0.15        0.08        0.785       0.15      ]
agent_success: 0

mean_success_rate:  0.0
Done
