/var/lib/slurm/slurmd/job3515744/slurm_script: line 9: batch_scripts/MT50_batch/seed.sh: No such file or directory
SLURM_JOBID=3515744
working directory=/viscam/u/jialugao/Imitation-SoftModule
########################
logging outputs to  /viscam/u/jialugao/Imitation-SoftModule/data/Base_bc_reach_plate-slide-side-v1_2640.000125-01-2022_23-53-59
########################
{'expert_policy_file': '../Multi-Task-RL/log/MT50_Single_Task/plate-slide-side-v1/Fixed/238/model/model_pf_best.pth', 'exp_name': 'bc_reach', 'do_dagger': False, 'ep_len': 200, 'gradient_steps': 1, 'n_iter': 100000, 'render_interval': 1, 'eval_interval': 200, 'batch_size': 64, 'eval_batch_size': 32, 'train_batch_size': 32, 'n_layers': 2, 'size': 400, 'learning_rate': 0.0001, 'video_log_freq': -1, 'scalar_log_freq': 1, 'no_gpu': False, 'which_gpu': 0, 'max_replay_buffer_size': 1000000, 'save_params': False, 'seed': 32, 'worker_nums': 1, 'eval_worker_nums': 1, 'config': 'config/BC.json', 'no_cuda': True, 'random_init': False, 'device': 'cpu', 'id': 'MT50_Single_Task', 'task_name': 'plate-slide-side-v1', 'task_env': 'MT50_task_env', 'cuda': False, 'log_dir': '/viscam/u/jialugao/Imitation-SoftModule/data/Base_bc_reach_plate-slide-side-v1_2640.000125-01-2022_23-53-59', 'agent_class': <class 'agents.bc_agent.MLPAgent'>, 'agent_params': {'n_layers': 2, 'size': 400, 'learning_rate': 0.0001, 'max_replay_buffer_size': 1000000, 'discrete': False, 'ac_dim': 4, 'ob_dim': 9}}
{'env_name': 'single_task', 'env': {'reward_scale': 1, 'obs_norm': False}, 'meta_env': {'obs_type': 'with_goal', 'random_init': False}, 'replay_buffer': {'size': 1000000.0}, 'net': {'hidden_shapes': [400, 400], 'append_hidden_shapes': [400], 'base_type': <class 'networks.base.MLPBase'>}, 'general_setting': {'discount': 0.99, 'pretrain_epochs': 20, 'num_epochs': 7500, 'epoch_frames': 200, 'max_episode_frames': 200, 'batch_size': 1280, 'min_pool': 10000, 'target_hard_update_period': 1000, 'use_soft_update': True, 'tau': 0.005, 'opt_times': 200, 'eval_episodes': 100, 'train_render': False, 'eval_render': False, 'env': <NormAct<RewardShift<SingleWrapperNone>>>, 'logger': <utils.logger.Logger object at 0x7f9ca7e54c90>, 'device': device(type='cpu')}, 'sac': {'plr': 0.0003, 'qlr': 0.0003, 'reparameterization': True, 'automatic_entropy_tuning': True, 'policy_std_reg_weight': 0, 'policy_mean_reg_weight': 0}}
Loading expert policy from... ../Multi-Task-RL/log/MT50_Single_Task/plate-slide-side-v1/Fixed/238/model/model_pf_best.pth
tensor([[-1.0585,  0.0078, -0.1767,  ...,  0.1536, -0.1735, -0.2194],
        [ 0.0120, -0.0384, -0.0320,  ...,  0.0505, -0.0102, -0.0797],
        [-0.3644, -0.2529, -0.1381,  ...,  0.1652, -0.1552, -0.1787],
        ...,
        [-0.6660, -0.3893,  0.0933,  ...,  0.0892, -0.0583, -0.0540],
        [-0.0898, -0.0621, -0.0988,  ...,  0.0188, -0.0208, -0.0460],
        [-0.0104, -0.0126, -0.0716,  ...,  0.0238, -0.0589, -0.0269]])
Done restoring expert policy...
<NormAct<RewardShift<AugObs<SawyerPlateSlideSideEnv instance>>>>


-------------------------------- Iteration 0 -------------------------------- 
initial ob: [-0.03264849  0.51488124  0.2368859   0.          0.6         0.015
 -0.25        0.6         0.02       -0.25        0.6         0.02      ]
expert:[ 0.9262574  -0.40408868  0.9231685   0.73541653]
expert:[ 0.944274   -0.8542749  -0.8083214   0.32986185]
expert:[ 0.88470894 -0.821507   -0.9255951   0.16748391]
expert:[ 0.41994065 -0.81257915 -0.9525056   0.08463413]
expert:[-0.19964796 -0.5813507  -0.9632141  -0.22949603]
expert:[-0.86951977  0.3908551  -0.93011254 -0.37783214]
expert:[-0.9312694   0.6100301  -0.85416555 -0.4362115 ]
expert:[-0.7131492   0.29515657 -0.8244463  -0.09697253]
expert:[ 0.9403386   0.79641885 -0.7885722   0.5627151 ]
expert:[ 0.9656138  0.9290185 -0.7075252  0.6628904]
expert:[ 0.9663932   0.954258   -0.82114714  0.7016457 ]
expert:[ 0.9515093   0.9219241  -0.95648694  0.85858065]
expert:[ 0.7022943  -0.05415278 -0.98858976  0.85402304]
expert:[-0.3793092  -0.9076809  -0.98975664  0.5765741 ]
expert:[-0.8541166  -0.94645405 -0.9783232   0.64670604]
expert:[-0.9360235  -0.92971545 -0.98557776  0.7159901 ]
expert:[-0.7930853  -0.5675142  -0.97667456  0.73255223]
expert:[ 0.3823482   0.9328934  -0.9635955   0.10046655]
expert:[-0.29468012  0.94068545 -0.97738683 -0.05318162]
expert:[-0.97819275 -0.50979704 -0.9899319   0.26045504]
expert:[-0.98897725 -0.86708146 -0.9922721   0.59609103]
expert:[-0.9853522  -0.7351849  -0.9851215   0.56087184]
expert:[-0.9636745  -0.29892206 -0.9656439   0.3735546 ]
expert:[-0.9178674  -0.01654683 -0.9148742   0.31532654]
expert:[-0.9104959  -0.03242135 -0.91701126  0.24598494]
expert:[-0.92493594 -0.21126616 -0.95019907  0.10018898]
expert:[-0.96229136 -0.3511162  -0.9250469  -0.33599865]
expert:[-0.9772802  -0.42487803 -0.92233366 -0.566909  ]
expert:[-0.97990453 -0.44427142 -0.9171246  -0.63958573]
expert:[-0.982151   -0.41609314 -0.88886297 -0.7540128 ]
expert:[-0.98329496 -0.28459638 -0.80940235 -0.84544575]
expert:[-0.9837901  -0.10017222 -0.6487087  -0.9166439 ]
expert:[-0.9846441   0.1928714  -0.45961714 -0.94854045]
expert:[-0.98851454  0.42309752 -0.40544367 -0.96231765]
expert:[-0.9931668  0.5344291 -0.367538  -0.9695992]
expert:[-0.99485683  0.5358331  -0.45583665 -0.9659447 ]
expert:[-0.9962839   0.44449982 -0.5872119  -0.94652635]
expert:[-0.99626637  0.36847538 -0.69797295 -0.93941236]
expert:[-0.99413276  0.405884   -0.7499688  -0.94795454]
expert:[-0.9802111   0.32879138 -0.8079552  -0.95653105]
expert:[-0.8641517   0.3227638  -0.80390877 -0.9708019 ]
expert:[-0.5895539  0.333164  -0.79352   -0.9809615]
expert:[-0.56122524  0.33061588 -0.7969835  -0.98212373]
expert:[-0.56022173  0.32716498 -0.79531217 -0.98055756]
expert:[-0.5727043   0.3218725  -0.7939481  -0.97893584]
expert:[-0.5853559  0.3176645 -0.7926888 -0.9775689]
expert:[-0.5899424   0.31456026 -0.7920845  -0.9769256 ]
expert:[-0.5889064   0.31239045 -0.7890268  -0.97635514]
expert:[-0.58818215  0.31091285 -0.78603905 -0.9757786 ]
expert:[-0.5851765   0.30986264 -0.78502357 -0.97568744]
expert:[-0.580044   0.309386  -0.7851439 -0.9759025]
expert:[-0.5742467   0.30915105 -0.7833882  -0.9758339 ]
expert:[-0.56946886  0.3089702  -0.78197014 -0.9757789 ]
expert:[-0.56328607  0.30879354 -0.78131866 -0.97592187]
expert:[-0.55604273  0.30883938 -0.7813045  -0.97623837]
expert:[-0.55146337  0.30942073 -0.78289866 -0.97658485]
expert:[-0.5466719   0.30992588 -0.78478235 -0.9769549 ]
expert:[-0.54185563  0.31019783 -0.7866819  -0.97730094]
expert:[-0.5384656   0.3103994  -0.78801477 -0.97754323]
expert:[-0.5337727   0.31051734 -0.78980863 -0.9778529 ]
expert:[-0.5302999   0.31086513 -0.7887284  -0.9776637 ]
expert:[-0.5282003   0.31117073 -0.78871036 -0.9774847 ]
expert:[-0.52601826  0.31141368 -0.7893828  -0.9773825 ]
expert:[-0.5249711   0.3114924  -0.7893742  -0.97719336]
expert:[-0.52400345  0.31163752 -0.789239   -0.9769924 ]
expert:[-0.5206502   0.31196582 -0.7905876  -0.977035  ]
expert:[-0.5180832   0.31184116 -0.79127634 -0.9769853 ]
expert:[-0.5156226   0.31159025 -0.79168403 -0.97686166]
expert:[-0.5131715   0.31130642 -0.79177105 -0.976635  ]
expert:[-0.51037824  0.31104678 -0.7921684  -0.9764695 ]
expert:[-0.5073763   0.31079477 -0.7928189  -0.9763579 ]
expert:[-0.5037597  0.3105536 -0.7941462 -0.9763817]
expert:[-0.49872273  0.310141   -0.7948634  -0.9762592 ]
expert:[-0.49334168  0.30971628 -0.7955683  -0.9760979 ]
expert:[-0.4881401   0.30946505 -0.7965059  -0.9759941 ]
expert:[-0.4836041   0.30934784 -0.79735994 -0.97590315]
expert:[-0.47961357  0.30909798 -0.7978295  -0.97572064]
expert:[-0.47414705  0.308462   -0.79882216 -0.97549045]
expert:[-0.46959868  0.3078462  -0.7993773  -0.97527003]
expert:[-0.464003   0.3067259 -0.7999103 -0.975042 ]
expert:[-0.45742068  0.30527812 -0.8005475  -0.9747752 ]
expert:[-0.45130286  0.3036805  -0.8012063  -0.9744165 ]
expert:[-0.44629645  0.3016884  -0.8024226  -0.9739852 ]
expert:[-0.44129175  0.29965046 -0.8042477  -0.9735268 ]
expert:[-0.43659192  0.29750153 -0.80807024 -0.9731748 ]
expert:[-0.4329808   0.29552603 -0.8109502  -0.97278684]
expert:[-0.4291498   0.29339942 -0.81386846 -0.9723679 ]
expert:[-0.42517558  0.29125956 -0.8169891  -0.97197944]
expert:[-0.42138088  0.28929153 -0.8204453  -0.97171724]
expert:[-0.4174431   0.28723127 -0.8241406  -0.97147596]
expert:[-0.41289654  0.2851542  -0.828884   -0.97142774]
expert:[-0.40795764  0.2834472  -0.8346003  -0.9713906 ]
expert:[-0.4026281   0.28179422 -0.840718   -0.97122157]
expert:[-0.39653635  0.2800257  -0.84839207 -0.97126484]
expert:[-0.3917793  0.2777738 -0.8544112 -0.9707216]
expert:[-0.32127422  0.17720653 -0.930287   -0.95319444]
expert:[-0.31745693  0.07160433 -0.96475434 -0.83831114]
expert:[-0.50583667  0.06732275 -0.95090574 -0.62364435]
expert:[-0.783405   -0.5296313   0.10309082  0.4909932 ]
expert:[-0.79553175 -0.78199846  0.8316186   0.81079763]
expert:[-0.80509466 -0.8182482   0.89119923  0.84245354]
expert:[-0.811164   -0.8393636   0.91782933  0.85586274]
expert:[-0.8000944  -0.54367137  0.34060162  0.6641748 ]
expert:[-0.3217161   0.16014665 -0.9422409  -0.43280157]
expert:[-0.38181072  0.11766653 -0.9443782  -0.4412644 ]
expert:[-0.3912501   0.11335393 -0.94313425 -0.43337864]
expert:[-0.39399537  0.11088286 -0.94312984 -0.43158346]
expert:[-0.3947106   0.11009917 -0.94318    -0.4296306 ]
expert:[-0.3939391   0.11159094 -0.9427557  -0.42524192]
expert:[-0.39340279  0.11277072 -0.942462   -0.42180565]
expert:[-0.39401004  0.11172103 -0.9428078  -0.42245823]
expert:[-0.39498928  0.10988449 -0.9433502  -0.4245656 ]
expert:[-0.39612865  0.10791354 -0.9439258  -0.42725846]
expert:[-0.3973764   0.10590367 -0.94441426 -0.42984495]
expert:[-0.3983475   0.10407611 -0.94479036 -0.43217614]
expert:[-0.39927638  0.10246994 -0.9451111  -0.4341618 ]
expert:[-0.40009445  0.10111699 -0.94537383 -0.4357879 ]
expert:[-0.40072945  0.10001274 -0.9455838  -0.43715346]
expert:[-0.40131393  0.09909578 -0.94575095 -0.43818867]
expert:[-0.40180618  0.09837782 -0.9458758  -0.43892053]
expert:[-0.40227383  0.09781711 -0.9459673  -0.4393378 ]
expert:[-0.40271923  0.09737308 -0.9460322  -0.43953577]
expert:[-0.40307453  0.09702024 -0.9460782  -0.43965933]
expert:[-0.4033193   0.09675609 -0.94610816 -0.43974048]
expert:[-0.40358335  0.09655438 -0.94612366 -0.43965596]
expert:[-0.4038324   0.09639331 -0.9461292  -0.43949246]
expert:[-0.40402123  0.09630005 -0.9461232  -0.4392537 ]
expert:[-0.4041531   0.09627236 -0.9461049  -0.43895847]
expert:[-0.40441838  0.09623139 -0.9460845  -0.43848544]
expert:[-0.40472645  0.09618001 -0.9460633  -0.43797076]
expert:[-0.40501297  0.09614679 -0.94603926 -0.4374476 ]
expert:[-0.40526974  0.09612497 -0.94601315 -0.43693665]
expert:[-0.4054568   0.09612235 -0.9459851  -0.43649286]
expert:[-0.40562642  0.096133   -0.9459549  -0.43603623]
expert:[-0.40577993  0.09615483 -0.9459231  -0.43557888]
expert:[-0.40592733  0.09617946 -0.94589025 -0.43512335]
expert:[-0.40604195  0.09621377 -0.94585645 -0.4346948 ]
expert:[-0.40616828  0.09624461 -0.94582266 -0.4342567 ]
expert:[-0.4063702  0.0962482 -0.9457916 -0.4337619]
expert:[-0.4065837   0.09624808 -0.94576085 -0.4332578 ]
expert:[-0.40680295  0.0962432  -0.94573027 -0.43275294]
expert:[-0.4070185   0.09624241 -0.9456993  -0.43224534]
expert:[-0.40724197  0.09623373 -0.9456689  -0.43174016]
expert:[-0.40746257  0.09622864 -0.94563806 -0.43123147]
expert:[-0.40769464  0.09622002 -0.94560736 -0.43070793]
expert:[-0.40791595  0.0962104  -0.9455771  -0.4302066 ]
expert:[-0.40813482  0.09619556 -0.9455476  -0.42971677]
expert:[-0.40836906  0.09617862 -0.9455179  -0.4292091 ]
expert:[-0.40860683  0.0961632  -0.94548774 -0.4286918 ]
expert:[-0.40884632  0.09614699 -0.94545746 -0.4281695 ]
expert_success: 1.0
path_length: 150



-------------------------------- Iteration 0 -------------------------------- 
initial ob: [-0.03264849  0.51488124  0.2368859   0.          0.6         0.015
 -0.25        0.6         0.02       -0.25        0.6         0.02      ]
agent_success: 0

training time:  0.24223780632019043
evaluation time:  13.282573938369751
epoch time:  13.524842977523804


-------------------------------- Iteration 200 -------------------------------- 
initial ob: [-0.03264849  0.51488124  0.2368859   0.          0.6         0.015
 -0.25        0.6         0.02       -0.25        0.6         0.02      ]
agent_success: 0

training time:  0.002183675765991211
evaluation time:  15.15916395187378
epoch time:  15.161383628845215


-------------------------------- Iteration 400 -------------------------------- 
initial ob: [-0.03264849  0.51488124  0.2368859   0.          0.6         0.015
 -0.25        0.6         0.02       -0.25        0.6         0.02      ]
agent_success: 0

training time:  0.0021905899047851562
evaluation time:  14.96476674079895
epoch time:  14.966989278793335


-------------------------------- Iteration 600 -------------------------------- 
initial ob: [-0.03264849  0.51488124  0.2368859   0.          0.6         0.015
 -0.25        0.6         0.02       -0.25        0.6         0.02      ]
agent_success: 0

training time:  0.002366781234741211
evaluation time:  14.613256216049194
epoch time:  14.615651607513428


-------------------------------- Iteration 800 -------------------------------- 
initial ob: [-0.03264849  0.51488124  0.2368859   0.          0.6         0.015
 -0.25        0.6         0.02       -0.25        0.6         0.02      ]
agent_success: 0

training time:  0.002214670181274414
evaluation time:  14.348952531814575
epoch time:  14.35120439529419


-------------------------------- Iteration 1000 -------------------------------- 
initial ob: [-0.03264849  0.51488124  0.2368859   0.          0.6         0.015
 -0.25        0.6         0.02       -0.25        0.6         0.02      ]
agent_success: 0

training time:  0.0021965503692626953
evaluation time:  14.633758068084717
epoch time:  14.635995864868164


-------------------------------- Iteration 1200 -------------------------------- 
initial ob: [-0.03264849  0.51488124  0.2368859   0.          0.6         0.015
 -0.25        0.6         0.02       -0.25        0.6         0.02      ]
agent_success: 0

training time:  0.002256631851196289
evaluation time:  14.441065073013306
epoch time:  14.443358659744263


-------------------------------- Iteration 1400 -------------------------------- 
initial ob: [-0.03264849  0.51488124  0.2368859   0.          0.6         0.015
 -0.25        0.6         0.02       -0.25        0.6         0.02      ]
agent_success: 0

training time:  0.002078533172607422
evaluation time:  14.098437786102295
epoch time:  14.100545883178711


-------------------------------- Iteration 1600 -------------------------------- 
initial ob: [-0.03264849  0.51488124  0.2368859   0.          0.6         0.015
 -0.25        0.6         0.02       -0.25        0.6         0.02      ]
agent_success: 0

training time:  0.002085447311401367
evaluation time:  15.653063297271729
epoch time:  15.655175685882568


-------------------------------- Iteration 1800 -------------------------------- 
initial ob: [-0.03264849  0.51488124  0.2368859   0.          0.6         0.015
 -0.25        0.6         0.02       -0.25        0.6         0.02      ]
agent_success: 0

training time:  0.0020554065704345703
evaluation time:  16.43011975288391
epoch time:  16.432196617126465


-------------------------------- Iteration 2000 -------------------------------- 
initial ob: [-0.03264849  0.51488124  0.2368859   0.          0.6         0.015
 -0.25        0.6         0.02       -0.25        0.6         0.02      ]
agent_success: 0

training time:  0.0020873546600341797
evaluation time:  16.979544401168823
epoch time:  16.981652975082397


-------------------------------- Iteration 2200 -------------------------------- 
initial ob: [-0.03264849  0.51488124  0.2368859   0.          0.6         0.015
 -0.25        0.6         0.02       -0.25        0.6         0.02      ]
agent_success: 0

training time:  0.0020661354064941406
evaluation time:  15.919063091278076
epoch time:  15.921148777008057


-------------------------------- Iteration 2400 -------------------------------- 
initial ob: [-0.03264849  0.51488124  0.2368859   0.          0.6         0.015
 -0.25        0.6         0.02       -0.25        0.6         0.02      ]
agent_success: 0

training time:  0.0021104812622070312
evaluation time:  15.786195755004883
epoch time:  15.788347482681274


-------------------------------- Iteration 2600 -------------------------------- 
initial ob: [-0.03264849  0.51488124  0.2368859   0.          0.6         0.015
 -0.25        0.6         0.02       -0.25        0.6         0.02      ]
agent_success: 0

training time:  0.002137899398803711
evaluation time:  17.239912271499634
epoch time:  17.242069721221924


-------------------------------- Iteration 2800 -------------------------------- 
initial ob: [-0.03264849  0.51488124  0.2368859   0.          0.6         0.015
 -0.25        0.6         0.02       -0.25        0.6         0.02      ]
agent_success: 0

training time:  0.0023272037506103516
evaluation time:  16.37433409690857
epoch time:  16.376778841018677


-------------------------------- Iteration 3000 -------------------------------- 
initial ob: [-0.03264849  0.51488124  0.2368859   0.          0.6         0.015
 -0.25        0.6         0.02       -0.25        0.6         0.02      ]
agent_success: 0

training time:  0.002073049545288086
evaluation time:  16.415798664093018
epoch time:  16.417900323867798


-------------------------------- Iteration 3200 -------------------------------- 
initial ob: [-0.03264849  0.51488124  0.2368859   0.          0.6         0.015
 -0.25        0.6         0.02       -0.25        0.6         0.02      ]
agent_success: 0

training time:  0.0020952224731445312
evaluation time:  16.855210065841675
epoch time:  16.85732626914978


-------------------------------- Iteration 3400 -------------------------------- 
initial ob: [-0.03264849  0.51488124  0.2368859   0.          0.6         0.015
 -0.25        0.6         0.02       -0.25        0.6         0.02      ]
agent_success: 0

training time:  0.0020933151245117188
evaluation time:  15.587654113769531
epoch time:  15.589763164520264


-------------------------------- Iteration 3600 -------------------------------- 
initial ob: [-0.03264849  0.51488124  0.2368859   0.          0.6         0.015
 -0.25        0.6         0.02       -0.25        0.6         0.02      ]
agent_success: 0

training time:  0.0020766258239746094
evaluation time:  16.3229877948761
epoch time:  16.32508611679077


-------------------------------- Iteration 3800 -------------------------------- 
initial ob: [-0.03264849  0.51488124  0.2368859   0.          0.6         0.015
 -0.25        0.6         0.02       -0.25        0.6         0.02      ]
agent_success: 0

training time:  0.002162933349609375
evaluation time:  16.288461446762085
epoch time:  16.290661096572876


-------------------------------- Iteration 4000 -------------------------------- 
initial ob: [-0.03264849  0.51488124  0.2368859   0.          0.6         0.015
 -0.25        0.6         0.02       -0.25        0.6         0.02      ]
agent_success: 0

training time:  0.0020895004272460938
evaluation time:  16.507975816726685
epoch time:  16.51008653640747


-------------------------------- Iteration 4200 -------------------------------- 
initial ob: [-0.03264849  0.51488124  0.2368859   0.          0.6         0.015
 -0.25        0.6         0.02       -0.25        0.6         0.02      ]
agent_success: 0

training time:  0.0020875930786132812
evaluation time:  15.80433988571167
epoch time:  15.80645203590393


-------------------------------- Iteration 4400 -------------------------------- 
initial ob: [-0.03264849  0.51488124  0.2368859   0.          0.6         0.015
 -0.25        0.6         0.02       -0.25        0.6         0.02      ]
agent_success: 0

training time:  0.0021119117736816406
evaluation time:  15.921359062194824
epoch time:  15.923500776290894


-------------------------------- Iteration 4600 -------------------------------- 
initial ob: [-0.03264849  0.51488124  0.2368859   0.          0.6         0.015
 -0.25        0.6         0.02       -0.25        0.6         0.02      ]
agent_success: 0

training time:  0.0020983219146728516
evaluation time:  16.21778416633606
epoch time:  16.21989870071411


-------------------------------- Iteration 4800 -------------------------------- 
initial ob: [-0.03264849  0.51488124  0.2368859   0.          0.6         0.015
 -0.25        0.6         0.02       -0.25        0.6         0.02      ]
agent_success: 0

training time:  0.0022695064544677734
evaluation time:  16.125935792922974
epoch time:  16.12822675704956


-------------------------------- Iteration 5000 -------------------------------- 
initial ob: [-0.03264849  0.51488124  0.2368859   0.          0.6         0.015
 -0.25        0.6         0.02       -0.25        0.6         0.02      ]
agent_success: 0

training time:  0.0022857189178466797
evaluation time:  16.627668142318726
epoch time:  16.629975080490112


-------------------------------- Iteration 5200 -------------------------------- 
initial ob: [-0.03264849  0.51488124  0.2368859   0.          0.6         0.015
 -0.25        0.6         0.02       -0.25        0.6         0.02      ]
agent_success: 0

training time:  0.0020639896392822266
evaluation time:  15.784019470214844
epoch time:  15.786117792129517


-------------------------------- Iteration 5400 -------------------------------- 
initial ob: [-0.03264849  0.51488124  0.2368859   0.          0.6         0.015
 -0.25        0.6         0.02       -0.25        0.6         0.02      ]
agent_success: 0

training time:  0.0021779537200927734
evaluation time:  15.500205039978027
epoch time:  15.50243067741394


-------------------------------- Iteration 5600 -------------------------------- 
initial ob: [-0.03264849  0.51488124  0.2368859   0.          0.6         0.015
 -0.25        0.6         0.02       -0.25        0.6         0.02      ]
agent_success: 0

training time:  0.0020761489868164062
evaluation time:  16.113783836364746
epoch time:  16.115875959396362


-------------------------------- Iteration 5800 -------------------------------- 
initial ob: [-0.03264849  0.51488124  0.2368859   0.          0.6         0.015
 -0.25        0.6         0.02       -0.25        0.6         0.02      ]
agent_success: 0

training time:  0.0020678043365478516
evaluation time:  15.973392486572266
epoch time:  15.975481510162354


-------------------------------- Iteration 6000 -------------------------------- 
initial ob: [-0.03264849  0.51488124  0.2368859   0.          0.6         0.015
 -0.25        0.6         0.02       -0.25        0.6         0.02      ]
agent_success: 0

training time:  0.0022809505462646484
evaluation time:  16.090455293655396
epoch time:  16.09275794029236


-------------------------------- Iteration 6200 -------------------------------- 
initial ob: [-0.03264849  0.51488124  0.2368859   0.          0.6         0.015
 -0.25        0.6         0.02       -0.25        0.6         0.02      ]
agent_success: 0

training time:  0.0021915435791015625
evaluation time:  15.817984580993652
epoch time:  15.820213794708252


-------------------------------- Iteration 6400 -------------------------------- 
initial ob: [-0.03264849  0.51488124  0.2368859   0.          0.6         0.015
 -0.25        0.6         0.02       -0.25        0.6         0.02      ]
agent_success: 0

training time:  0.002171039581298828
evaluation time:  15.739882707595825
epoch time:  15.74208378791809


-------------------------------- Iteration 6600 -------------------------------- 
initial ob: [-0.03264849  0.51488124  0.2368859   0.          0.6         0.015
 -0.25        0.6         0.02       -0.25        0.6         0.02      ]
agent_success: 0

training time:  0.002213001251220703
evaluation time:  16.04333209991455
epoch time:  16.045570373535156


-------------------------------- Iteration 6800 -------------------------------- 
initial ob: [-0.03264849  0.51488124  0.2368859   0.          0.6         0.015
 -0.25        0.6         0.02       -0.25        0.6         0.02      ]
agent_success: 0

training time:  0.0022270679473876953
evaluation time:  16.107865571975708
epoch time:  16.110108613967896


-------------------------------- Iteration 7000 -------------------------------- 
initial ob: [-0.03264849  0.51488124  0.2368859   0.          0.6         0.015
 -0.25        0.6         0.02       -0.25        0.6         0.02      ]
agent_success: 0

training time:  0.0021064281463623047
evaluation time:  15.663931369781494
epoch time:  15.666059255599976


-------------------------------- Iteration 7200 -------------------------------- 
initial ob: [-0.03264849  0.51488124  0.2368859   0.          0.6         0.015
 -0.25        0.6         0.02       -0.25        0.6         0.02      ]
agent_success: 0

training time:  0.0020837783813476562
evaluation time:  16.264399766921997
epoch time:  16.266504287719727


-------------------------------- Iteration 7400 -------------------------------- 
initial ob: [-0.03264849  0.51488124  0.2368859   0.          0.6         0.015
 -0.25        0.6         0.02       -0.25        0.6         0.02      ]
agent_success: 0

training time:  0.0020990371704101562
evaluation time:  16.43195915222168
epoch time:  16.43409013748169


-------------------------------- Iteration 7600 -------------------------------- 
initial ob: [-0.03264849  0.51488124  0.2368859   0.          0.6         0.015
 -0.25        0.6         0.02       -0.25        0.6         0.02      ]
agent_success: 0

training time:  0.002125263214111328
evaluation time:  16.078574419021606
epoch time:  16.080724000930786


-------------------------------- Iteration 7800 -------------------------------- 
initial ob: [-0.03264849  0.51488124  0.2368859   0.          0.6         0.015
 -0.25        0.6         0.02       -0.25        0.6         0.02      ]
agent_success: 0

training time:  0.0021038055419921875
evaluation time:  16.22147822380066
epoch time:  16.223612070083618


-------------------------------- Iteration 8000 -------------------------------- 
initial ob: [-0.03264849  0.51488124  0.2368859   0.          0.6         0.015
 -0.25        0.6         0.02       -0.25        0.6         0.02      ]
agent_success: 0

training time:  0.002273082733154297
evaluation time:  15.819486379623413
epoch time:  15.821775674819946


-------------------------------- Iteration 8200 -------------------------------- 
initial ob: [-0.03264849  0.51488124  0.2368859   0.          0.6         0.015
 -0.25        0.6         0.02       -0.25        0.6         0.02      ]
agent_success: 0

training time:  0.002133607864379883
evaluation time:  16.188294172286987
epoch time:  16.190487146377563


-------------------------------- Iteration 8400 -------------------------------- 
initial ob: [-0.03264849  0.51488124  0.2368859   0.          0.6         0.015
 -0.25        0.6         0.02       -0.25        0.6         0.02      ]
agent_success: 0

training time:  0.0021393299102783203
evaluation time:  15.957861185073853
epoch time:  15.960020780563354


-------------------------------- Iteration 8600 -------------------------------- 
initial ob: [-0.03264849  0.51488124  0.2368859   0.          0.6         0.015
 -0.25        0.6         0.02       -0.25        0.6         0.02      ]
agent_success: 0

training time:  0.0020885467529296875
evaluation time:  15.920196294784546
epoch time:  15.92231035232544


-------------------------------- Iteration 8800 -------------------------------- 
initial ob: [-0.03264849  0.51488124  0.2368859   0.          0.6         0.015
 -0.25        0.6         0.02       -0.25        0.6         0.02      ]
agent_success: 0

training time:  0.002264261245727539
evaluation time:  16.112977266311646
epoch time:  16.115286111831665


-------------------------------- Iteration 9000 -------------------------------- 
initial ob: [-0.03264849  0.51488124  0.2368859   0.          0.6         0.015
 -0.25        0.6         0.02       -0.25        0.6         0.02      ]
agent_success: 0

training time:  0.002074003219604492
evaluation time:  16.127479791641235
epoch time:  16.12957000732422


-------------------------------- Iteration 9200 -------------------------------- 
initial ob: [-0.03264849  0.51488124  0.2368859   0.          0.6         0.015
 -0.25        0.6         0.02       -0.25        0.6         0.02      ]
agent_success: 0

training time:  0.002138853073120117
evaluation time:  16.217217683792114
epoch time:  16.219377040863037


-------------------------------- Iteration 9400 -------------------------------- 
initial ob: [-0.03264849  0.51488124  0.2368859   0.          0.6         0.015
 -0.25        0.6         0.02       -0.25        0.6         0.02      ]
agent_success: 0

training time:  0.0022635459899902344
evaluation time:  16.533162355422974
epoch time:  16.535449028015137


-------------------------------- Iteration 9600 -------------------------------- 
initial ob: [-0.03264849  0.51488124  0.2368859   0.          0.6         0.015
 -0.25        0.6         0.02       -0.25        0.6         0.02      ]
agent_success: 0

training time:  0.002111196517944336
evaluation time:  15.873616218566895
epoch time:  15.875749826431274


-------------------------------- Iteration 9800 -------------------------------- 
initial ob: [-0.03264849  0.51488124  0.2368859   0.          0.6         0.015
 -0.25        0.6         0.02       -0.25        0.6         0.02      ]
agent_success: 0

training time:  0.0021219253540039062
evaluation time:  16.20327877998352
epoch time:  16.205442190170288


-------------------------------- Iteration 10000 -------------------------------- 
initial ob: [-0.03264849  0.51488124  0.2368859   0.          0.6         0.015
 -0.25        0.6         0.02       -0.25        0.6         0.02      ]
agent_success: 0

training time:  0.002100706100463867
evaluation time:  16.37648582458496
epoch time:  16.37862277030945


-------------------------------- Iteration 10200 -------------------------------- 
initial ob: [-0.03264849  0.51488124  0.2368859   0.          0.6         0.015
 -0.25        0.6         0.02       -0.25        0.6         0.02      ]
agent_success: 0

training time:  0.0020847320556640625
evaluation time:  15.996776103973389
epoch time:  15.998876571655273


-------------------------------- Iteration 10400 -------------------------------- 
initial ob: [-0.03264849  0.51488124  0.2368859   0.          0.6         0.015
 -0.25        0.6         0.02       -0.25        0.6         0.02      ]
agent_success: 0

training time:  0.0021169185638427734
evaluation time:  16.45391583442688
epoch time:  16.45605444908142


-------------------------------- Iteration 10600 -------------------------------- 
initial ob: [-0.03264849  0.51488124  0.2368859   0.          0.6         0.015
 -0.25        0.6         0.02       -0.25        0.6         0.02      ]
agent_success: 0

training time:  0.002065420150756836
evaluation time:  16.173630714416504
epoch time:  16.175716876983643


-------------------------------- Iteration 10800 -------------------------------- 
initial ob: [-0.03264849  0.51488124  0.2368859   0.          0.6         0.015
 -0.25        0.6         0.02       -0.25        0.6         0.02      ]
agent_success: 0

training time:  0.002056598663330078
evaluation time:  15.776722431182861
epoch time:  15.778808116912842


-------------------------------- Iteration 11000 -------------------------------- 
initial ob: [-0.03264849  0.51488124  0.2368859   0.          0.6         0.015
 -0.25        0.6         0.02       -0.25        0.6         0.02      ]
agent_success: 0

training time:  0.002095937728881836
evaluation time:  15.827080726623535
epoch time:  15.829200506210327


-------------------------------- Iteration 11200 -------------------------------- 
initial ob: [-0.03264849  0.51488124  0.2368859   0.          0.6         0.015
 -0.25        0.6         0.02       -0.25        0.6         0.02      ]
agent_success: 0

training time:  0.0021109580993652344
evaluation time:  16.63776206970215
epoch time:  16.639901399612427


-------------------------------- Iteration 11400 -------------------------------- 
initial ob: [-0.03264849  0.51488124  0.2368859   0.          0.6         0.015
 -0.25        0.6         0.02       -0.25        0.6         0.02      ]
agent_success: 0

training time:  0.0021278858184814453
evaluation time:  16.350088119506836
epoch time:  16.352232933044434


-------------------------------- Iteration 11600 -------------------------------- 
initial ob: [-0.03264849  0.51488124  0.2368859   0.          0.6         0.015
 -0.25        0.6         0.02       -0.25        0.6         0.02      ]
agent_success: 0

training time:  0.0020780563354492188
evaluation time:  16.380040168762207
epoch time:  16.382139682769775


-------------------------------- Iteration 11800 -------------------------------- 
initial ob: [-0.03264849  0.51488124  0.2368859   0.          0.6         0.015
 -0.25        0.6         0.02       -0.25        0.6         0.02      ]
agent_success: 0

training time:  0.002087116241455078
evaluation time:  15.899507522583008
epoch time:  15.901615142822266


-------------------------------- Iteration 12000 -------------------------------- 
initial ob: [-0.03264849  0.51488124  0.2368859   0.          0.6         0.015
 -0.25        0.6         0.02       -0.25        0.6         0.02      ]
agent_success: 0

training time:  0.0020940303802490234
evaluation time:  15.847358226776123
epoch time:  15.849478483200073


-------------------------------- Iteration 12200 -------------------------------- 
initial ob: [-0.03264849  0.51488124  0.2368859   0.          0.6         0.015
 -0.25        0.6         0.02       -0.25        0.6         0.02      ]
agent_success: 0

training time:  0.0020809173583984375
evaluation time:  16.005386114120483
epoch time:  16.00749659538269


-------------------------------- Iteration 12400 -------------------------------- 
initial ob: [-0.03264849  0.51488124  0.2368859   0.          0.6         0.015
 -0.25        0.6         0.02       -0.25        0.6         0.02      ]
agent_success: 0

training time:  0.0020678043365478516
evaluation time:  16.231929302215576
epoch time:  16.23401117324829


-------------------------------- Iteration 12600 -------------------------------- 
initial ob: [-0.03264849  0.51488124  0.2368859   0.          0.6         0.015
 -0.25        0.6         0.02       -0.25        0.6         0.02      ]
agent_success: 0

training time:  0.0022351741790771484
evaluation time:  16.332999229431152
epoch time:  16.33525562286377


-------------------------------- Iteration 12800 -------------------------------- 
initial ob: [-0.03264849  0.51488124  0.2368859   0.          0.6         0.015
 -0.25        0.6         0.02       -0.25        0.6         0.02      ]
agent_success: 0

training time:  0.002131223678588867
evaluation time:  15.917978286743164
epoch time:  15.92023515701294


-------------------------------- Iteration 13000 -------------------------------- 
initial ob: [-0.03264849  0.51488124  0.2368859   0.          0.6         0.015
 -0.25        0.6         0.02       -0.25        0.6         0.02      ]
agent_success: 0

training time:  0.0020782947540283203
evaluation time:  16.136847734451294
epoch time:  16.13894748687744


-------------------------------- Iteration 13200 -------------------------------- 
initial ob: [-0.03264849  0.51488124  0.2368859   0.          0.6         0.015
 -0.25        0.6         0.02       -0.25        0.6         0.02      ]
agent_success: 0

training time:  0.0020952224731445312
evaluation time:  16.1523699760437
epoch time:  16.15449357032776


-------------------------------- Iteration 13400 -------------------------------- 
initial ob: [-0.03264849  0.51488124  0.2368859   0.          0.6         0.015
 -0.25        0.6         0.02       -0.25        0.6         0.02      ]
agent_success: 0

training time:  0.002089977264404297
evaluation time:  15.97830319404602
epoch time:  15.980434894561768


-------------------------------- Iteration 13600 -------------------------------- 
initial ob: [-0.03264849  0.51488124  0.2368859   0.          0.6         0.015
 -0.25        0.6         0.02       -0.25        0.6         0.02      ]
agent_success: 0

training time:  0.0021016597747802734
evaluation time:  16.491452932357788
epoch time:  16.493571281433105


-------------------------------- Iteration 13800 -------------------------------- 
initial ob: [-0.03264849  0.51488124  0.2368859   0.          0.6         0.015
 -0.25        0.6         0.02       -0.25        0.6         0.02      ]
agent_success: 0

training time:  0.002094268798828125
evaluation time:  16.144084453582764
epoch time:  16.146199703216553


-------------------------------- Iteration 14000 -------------------------------- 
initial ob: [-0.03264849  0.51488124  0.2368859   0.          0.6         0.015
 -0.25        0.6         0.02       -0.25        0.6         0.02      ]
agent_success: 0

training time:  0.002089977264404297
evaluation time:  16.483627319335938
epoch time:  16.485737323760986


-------------------------------- Iteration 14200 -------------------------------- 
initial ob: [-0.03264849  0.51488124  0.2368859   0.          0.6         0.015
 -0.25        0.6         0.02       -0.25        0.6         0.02      ]
agent_success: 0

training time:  0.0020830631256103516
evaluation time:  16.33734679222107
epoch time:  16.33945059776306


-------------------------------- Iteration 14400 -------------------------------- 
initial ob: [-0.03264849  0.51488124  0.2368859   0.          0.6         0.015
 -0.25        0.6         0.02       -0.25        0.6         0.02      ]
agent_success: 0

training time:  0.0020935535430908203
evaluation time:  16.213770866394043
epoch time:  16.215893507003784


-------------------------------- Iteration 14600 -------------------------------- 
initial ob: [-0.03264849  0.51488124  0.2368859   0.          0.6         0.015
 -0.25        0.6         0.02       -0.25        0.6         0.02      ]
agent_success: 0

training time:  0.0020775794982910156
evaluation time:  16.028113842010498
epoch time:  16.030220985412598


-------------------------------- Iteration 14800 -------------------------------- 
initial ob: [-0.03264849  0.51488124  0.2368859   0.          0.6         0.015
 -0.25        0.6         0.02       -0.25        0.6         0.02      ]
agent_success: 0

training time:  0.002084493637084961
evaluation time:  16.486036777496338
epoch time:  16.488137245178223


-------------------------------- Iteration 15000 -------------------------------- 
initial ob: [-0.03264849  0.51488124  0.2368859   0.          0.6         0.015
 -0.25        0.6         0.02       -0.25        0.6         0.02      ]
agent_success: 0

training time:  0.00211334228515625
evaluation time:  16.541306734085083
epoch time:  16.54344081878662


-------------------------------- Iteration 15200 -------------------------------- 
initial ob: [-0.03264849  0.51488124  0.2368859   0.          0.6         0.015
 -0.25        0.6         0.02       -0.25        0.6         0.02      ]
agent_success: 0

training time:  0.0021142959594726562
evaluation time:  16.2417049407959
epoch time:  16.243839740753174


-------------------------------- Iteration 15400 -------------------------------- 
initial ob: [-0.03264849  0.51488124  0.2368859   0.          0.6         0.015
 -0.25        0.6         0.02       -0.25        0.6         0.02      ]
agent_success: 0

training time:  0.0020856857299804688
evaluation time:  16.148142337799072
epoch time:  16.150267124176025


-------------------------------- Iteration 15600 -------------------------------- 
initial ob: [-0.03264849  0.51488124  0.2368859   0.          0.6         0.015
 -0.25        0.6         0.02       -0.25        0.6         0.02      ]
agent_success: 0

training time:  0.0021142959594726562
evaluation time:  15.901363611221313
epoch time:  15.903508186340332


-------------------------------- Iteration 15800 -------------------------------- 
initial ob: [-0.03264849  0.51488124  0.2368859   0.          0.6         0.015
 -0.25        0.6         0.02       -0.25        0.6         0.02      ]
agent_success: 0

training time:  0.0020530223846435547
evaluation time:  16.10967254638672
epoch time:  16.111745595932007


-------------------------------- Iteration 16000 -------------------------------- 
initial ob: [-0.03264849  0.51488124  0.2368859   0.          0.6         0.015
 -0.25        0.6         0.02       -0.25        0.6         0.02      ]
agent_success: 0

training time:  0.0020439624786376953
evaluation time:  16.366456747055054
epoch time:  16.368518114089966


-------------------------------- Iteration 16200 -------------------------------- 
initial ob: [-0.03264849  0.51488124  0.2368859   0.          0.6         0.015
 -0.25        0.6         0.02       -0.25        0.6         0.02      ]
agent_success: 0

training time:  0.002084016799926758
evaluation time:  16.270882844924927
epoch time:  16.27298879623413


-------------------------------- Iteration 16400 -------------------------------- 
initial ob: [-0.03264849  0.51488124  0.2368859   0.          0.6         0.015
 -0.25        0.6         0.02       -0.25        0.6         0.02      ]
agent_success: 0

training time:  0.0020995140075683594
evaluation time:  16.506914377212524
epoch time:  16.50903606414795


-------------------------------- Iteration 16600 -------------------------------- 
initial ob: [-0.03264849  0.51488124  0.2368859   0.          0.6         0.015
 -0.25        0.6         0.02       -0.25        0.6         0.02      ]
agent_success: 0

training time:  0.0021011829376220703
evaluation time:  16.302112817764282
epoch time:  16.30424404144287


-------------------------------- Iteration 16800 -------------------------------- 
initial ob: [-0.03264849  0.51488124  0.2368859   0.          0.6         0.015
 -0.25        0.6         0.02       -0.25        0.6         0.02      ]
agent_success: 0

training time:  0.002092123031616211
evaluation time:  15.939353704452515
epoch time:  15.941471099853516


-------------------------------- Iteration 17000 -------------------------------- 
initial ob: [-0.03264849  0.51488124  0.2368859   0.          0.6         0.015
 -0.25        0.6         0.02       -0.25        0.6         0.02      ]
agent_success: 0

training time:  0.0021140575408935547
evaluation time:  15.786389112472534
epoch time:  15.788536310195923


-------------------------------- Iteration 17200 -------------------------------- 
initial ob: [-0.03264849  0.51488124  0.2368859   0.          0.6         0.015
 -0.25        0.6         0.02       -0.25        0.6         0.02      ]
agent_success: 0

training time:  0.0021049976348876953
evaluation time:  15.965195655822754
epoch time:  15.967318058013916


-------------------------------- Iteration 17400 -------------------------------- 
initial ob: [-0.03264849  0.51488124  0.2368859   0.          0.6         0.015
 -0.25        0.6         0.02       -0.25        0.6         0.02      ]
agent_success: 0

training time:  0.002104520797729492
evaluation time:  16.44079327583313
epoch time:  16.442936897277832


-------------------------------- Iteration 17600 -------------------------------- 
initial ob: [-0.03264849  0.51488124  0.2368859   0.          0.6         0.015
 -0.25        0.6         0.02       -0.25        0.6         0.02      ]
agent_success: 0

training time:  0.0020673274993896484
evaluation time:  15.729414224624634
epoch time:  15.731503009796143


-------------------------------- Iteration 17800 -------------------------------- 
initial ob: [-0.03264849  0.51488124  0.2368859   0.          0.6         0.015
 -0.25        0.6         0.02       -0.25        0.6         0.02      ]
agent_success: 0

training time:  0.0021028518676757812
evaluation time:  16.879047632217407
epoch time:  16.88117504119873


-------------------------------- Iteration 18000 -------------------------------- 
initial ob: [-0.03264849  0.51488124  0.2368859   0.          0.6         0.015
 -0.25        0.6         0.02       -0.25        0.6         0.02      ]
agent_success: 0

training time:  0.0021114349365234375
evaluation time:  16.08768630027771
epoch time:  16.089935302734375


-------------------------------- Iteration 18200 -------------------------------- 
initial ob: [-0.03264849  0.51488124  0.2368859   0.          0.6         0.015
 -0.25        0.6         0.02       -0.25        0.6         0.02      ]
agent_success: 0

training time:  0.0020868778228759766
evaluation time:  16.145135641098022
epoch time:  16.147239685058594


-------------------------------- Iteration 18400 -------------------------------- 
initial ob: [-0.03264849  0.51488124  0.2368859   0.          0.6         0.015
 -0.25        0.6         0.02       -0.25        0.6         0.02      ]
agent_success: 0

training time:  0.00209808349609375
evaluation time:  15.967598676681519
epoch time:  15.96971869468689


-------------------------------- Iteration 18600 -------------------------------- 
initial ob: [-0.03264849  0.51488124  0.2368859   0.          0.6         0.015
 -0.25        0.6         0.02       -0.25        0.6         0.02      ]
agent_success: 0

training time:  0.0021021366119384766
evaluation time:  15.835499048233032
epoch time:  15.83762264251709


-------------------------------- Iteration 18800 -------------------------------- 
initial ob: [-0.03264849  0.51488124  0.2368859   0.          0.6         0.015
 -0.25        0.6         0.02       -0.25        0.6         0.02      ]
agent_success: 0

training time:  0.0021109580993652344
evaluation time:  16.160553216934204
epoch time:  16.162681341171265


-------------------------------- Iteration 19000 -------------------------------- 
initial ob: [-0.03264849  0.51488124  0.2368859   0.          0.6         0.015
 -0.25        0.6         0.02       -0.25        0.6         0.02      ]
agent_success: 0

training time:  0.002117633819580078
evaluation time:  16.447957038879395
epoch time:  16.45011806488037


-------------------------------- Iteration 19200 -------------------------------- 
initial ob: [-0.03264849  0.51488124  0.2368859   0.          0.6         0.015
 -0.25        0.6         0.02       -0.25        0.6         0.02      ]
agent_success: 0

training time:  0.0020852088928222656
evaluation time:  15.971736431121826
epoch time:  15.973860740661621


-------------------------------- Iteration 19400 -------------------------------- 
initial ob: [-0.03264849  0.51488124  0.2368859   0.          0.6         0.015
 -0.25        0.6         0.02       -0.25        0.6         0.02      ]
agent_success: 0

training time:  0.0021085739135742188
evaluation time:  16.65221405029297
epoch time:  16.6543390750885


-------------------------------- Iteration 19600 -------------------------------- 
initial ob: [-0.03264849  0.51488124  0.2368859   0.          0.6         0.015
 -0.25        0.6         0.02       -0.25        0.6         0.02      ]
agent_success: 0

training time:  0.002093076705932617
evaluation time:  15.91220474243164
epoch time:  15.914320945739746


-------------------------------- Iteration 19800 -------------------------------- 
initial ob: [-0.03264849  0.51488124  0.2368859   0.          0.6         0.015
 -0.25        0.6         0.02       -0.25        0.6         0.02      ]
agent_success: 0

training time:  0.0020856857299804688
evaluation time:  16.176231145858765
epoch time:  16.178338527679443


-------------------------------- Iteration 20000 -------------------------------- 
initial ob: [-0.03264849  0.51488124  0.2368859   0.          0.6         0.015
 -0.25        0.6         0.02       -0.25        0.6         0.02      ]
agent_success: 0

training time:  0.0020647048950195312
evaluation time:  16.56165313720703
epoch time:  16.56373953819275


-------------------------------- Iteration 20200 -------------------------------- 
initial ob: [-0.03264849  0.51488124  0.2368859   0.          0.6         0.015
 -0.25        0.6         0.02       -0.25        0.6         0.02      ]
agent_success: 0

training time:  0.002095937728881836
evaluation time:  16.05277705192566
epoch time:  16.05489468574524


-------------------------------- Iteration 20400 -------------------------------- 
initial ob: [-0.03264849  0.51488124  0.2368859   0.          0.6         0.015
 -0.25        0.6         0.02       -0.25        0.6         0.02      ]
agent_success: 0

training time:  0.0020737648010253906
evaluation time:  15.810786724090576
epoch time:  15.812891244888306


-------------------------------- Iteration 20600 -------------------------------- 
initial ob: [-0.03264849  0.51488124  0.2368859   0.          0.6         0.015
 -0.25        0.6         0.02       -0.25        0.6         0.02      ]
agent_success: 0

training time:  0.0020754337310791016
evaluation time:  15.611671209335327
epoch time:  15.613762617111206


-------------------------------- Iteration 20800 -------------------------------- 
initial ob: [-0.03264849  0.51488124  0.2368859   0.          0.6         0.015
 -0.25        0.6         0.02       -0.25        0.6         0.02      ]
agent_success: 0

training time:  0.002045869827270508
evaluation time:  16.320101737976074
epoch time:  16.322168827056885


-------------------------------- Iteration 21000 -------------------------------- 
initial ob: [-0.03264849  0.51488124  0.2368859   0.          0.6         0.015
 -0.25        0.6         0.02       -0.25        0.6         0.02      ]
agent_success: 0

training time:  0.002087831497192383
evaluation time:  16.192412853240967
epoch time:  16.194522619247437


-------------------------------- Iteration 21200 -------------------------------- 
initial ob: [-0.03264849  0.51488124  0.2368859   0.          0.6         0.015
 -0.25        0.6         0.02       -0.25        0.6         0.02      ]
agent_success: 0

training time:  0.0020818710327148438
evaluation time:  15.907869338989258
epoch time:  15.909975290298462


-------------------------------- Iteration 21400 -------------------------------- 
initial ob: [-0.03264849  0.51488124  0.2368859   0.          0.6         0.015
 -0.25        0.6         0.02       -0.25        0.6         0.02      ]
agent_success: 0

training time:  0.0020895004272460938
evaluation time:  15.989701509475708
epoch time:  15.991820812225342


-------------------------------- Iteration 21600 -------------------------------- 
initial ob: [-0.03264849  0.51488124  0.2368859   0.          0.6         0.015
 -0.25        0.6         0.02       -0.25        0.6         0.02      ]
agent_success: 0

training time:  0.002070188522338867
evaluation time:  16.124101638793945
epoch time:  16.126188278198242


-------------------------------- Iteration 21800 -------------------------------- 
initial ob: [-0.03264849  0.51488124  0.2368859   0.          0.6         0.015
 -0.25        0.6         0.02       -0.25        0.6         0.02      ]
agent_success: 0

training time:  0.0021860599517822266
evaluation time:  17.468005895614624
epoch time:  17.470219135284424


-------------------------------- Iteration 22000 -------------------------------- 
initial ob: [-0.03264849  0.51488124  0.2368859   0.          0.6         0.015
 -0.25        0.6         0.02       -0.25        0.6         0.02      ]
agent_success: 0

training time:  0.0020744800567626953
evaluation time:  16.15483832359314
epoch time:  16.156978130340576


-------------------------------- Iteration 22200 -------------------------------- 
initial ob: [-0.03264849  0.51488124  0.2368859   0.          0.6         0.015
 -0.25        0.6         0.02       -0.25        0.6         0.02      ]
agent_success: 0

training time:  0.0020732879638671875
evaluation time:  15.888906240463257
epoch time:  15.89099907875061


-------------------------------- Iteration 22400 -------------------------------- 
initial ob: [-0.03264849  0.51488124  0.2368859   0.          0.6         0.015
 -0.25        0.6         0.02       -0.25        0.6         0.02      ]
agent_success: 0

training time:  0.0020494461059570312
evaluation time:  16.09563708305359
epoch time:  16.097718000411987


-------------------------------- Iteration 22600 -------------------------------- 
initial ob: [-0.03264849  0.51488124  0.2368859   0.          0.6         0.015
 -0.25        0.6         0.02       -0.25        0.6         0.02      ]
agent_success: 0

training time:  0.0020499229431152344
evaluation time:  15.90519094467163
epoch time:  15.907298803329468


-------------------------------- Iteration 22800 -------------------------------- 
initial ob: [-0.03264849  0.51488124  0.2368859   0.          0.6         0.015
 -0.25        0.6         0.02       -0.25        0.6         0.02      ]
agent_success: 0

training time:  0.0021026134490966797
evaluation time:  16.108627319335938
epoch time:  16.11074709892273


-------------------------------- Iteration 23000 -------------------------------- 
initial ob: [-0.03264849  0.51488124  0.2368859   0.          0.6         0.015
 -0.25        0.6         0.02       -0.25        0.6         0.02      ]
agent_success: 0

training time:  0.002096414566040039
evaluation time:  16.251365661621094
epoch time:  16.253483295440674


-------------------------------- Iteration 23200 -------------------------------- 
initial ob: [-0.03264849  0.51488124  0.2368859   0.          0.6         0.015
 -0.25        0.6         0.02       -0.25        0.6         0.02      ]
agent_success: 0

training time:  0.002070188522338867
evaluation time:  15.963280439376831
epoch time:  15.96537184715271


-------------------------------- Iteration 23400 -------------------------------- 
initial ob: [-0.03264849  0.51488124  0.2368859   0.          0.6         0.015
 -0.25        0.6         0.02       -0.25        0.6         0.02      ]
agent_success: 1.0

training time:  0.002058267593383789
evaluation time:  15.86229920387268
epoch time:  15.864376783370972


-------------------------------- Iteration 23600 -------------------------------- 
initial ob: [-0.03264849  0.51488124  0.2368859   0.          0.6         0.015
 -0.25        0.6         0.02       -0.25        0.6         0.02      ]
agent_success: 0

training time:  0.0020842552185058594
evaluation time:  15.685741424560547
epoch time:  15.687859535217285


-------------------------------- Iteration 23800 -------------------------------- 
initial ob: [-0.03264849  0.51488124  0.2368859   0.          0.6         0.015
 -0.25        0.6         0.02       -0.25        0.6         0.02      ]
agent_success: 0

training time:  0.0021109580993652344
evaluation time:  16.289344310760498
epoch time:  16.29150390625


-------------------------------- Iteration 24000 -------------------------------- 
initial ob: [-0.03264849  0.51488124  0.2368859   0.          0.6         0.015
 -0.25        0.6         0.02       -0.25        0.6         0.02      ]
agent_success: 0

training time:  0.0020782947540283203
evaluation time:  16.04516625404358
epoch time:  16.047260761260986


-------------------------------- Iteration 24200 -------------------------------- 
initial ob: [-0.03264849  0.51488124  0.2368859   0.          0.6         0.015
 -0.25        0.6         0.02       -0.25        0.6         0.02      ]
agent_success: 0

training time:  0.0020797252655029297
evaluation time:  16.200865268707275
epoch time:  16.202966928482056


-------------------------------- Iteration 24400 -------------------------------- 
initial ob: [-0.03264849  0.51488124  0.2368859   0.          0.6         0.015
 -0.25        0.6         0.02       -0.25        0.6         0.02      ]
agent_success: 0

training time:  0.0020825862884521484
evaluation time:  15.8291654586792
epoch time:  15.83126950263977


-------------------------------- Iteration 24600 -------------------------------- 
initial ob: [-0.03264849  0.51488124  0.2368859   0.          0.6         0.015
 -0.25        0.6         0.02       -0.25        0.6         0.02      ]
agent_success: 0

training time:  0.002089977264404297
evaluation time:  16.104798793792725
epoch time:  16.10695195198059


-------------------------------- Iteration 24800 -------------------------------- 
initial ob: [-0.03264849  0.51488124  0.2368859   0.          0.6         0.015
 -0.25        0.6         0.02       -0.25        0.6         0.02      ]
agent_success: 0

training time:  0.0020842552185058594
evaluation time:  15.712595224380493
epoch time:  15.714709043502808


-------------------------------- Iteration 25000 -------------------------------- 
initial ob: [-0.03264849  0.51488124  0.2368859   0.          0.6         0.015
 -0.25        0.6         0.02       -0.25        0.6         0.02      ]
agent_success: 0

training time:  0.002084970474243164
evaluation time:  15.807947397232056
epoch time:  15.81004786491394


-------------------------------- Iteration 25200 -------------------------------- 
initial ob: [-0.03264849  0.51488124  0.2368859   0.          0.6         0.015
 -0.25        0.6         0.02       -0.25        0.6         0.02      ]
agent_success: 0

training time:  0.002070188522338867
evaluation time:  15.742565870285034
epoch time:  15.744657754898071


-------------------------------- Iteration 25400 -------------------------------- 
initial ob: [-0.03264849  0.51488124  0.2368859   0.          0.6         0.015
 -0.25        0.6         0.02       -0.25        0.6         0.02      ]
agent_success: 0

training time:  0.002111673355102539
evaluation time:  16.48311734199524
epoch time:  16.485249280929565


-------------------------------- Iteration 25600 -------------------------------- 
initial ob: [-0.03264849  0.51488124  0.2368859   0.          0.6         0.015
 -0.25        0.6         0.02       -0.25        0.6         0.02      ]
agent_success: 0

training time:  0.0020799636840820312
evaluation time:  16.351372241973877
epoch time:  16.35347080230713


-------------------------------- Iteration 25800 -------------------------------- 
initial ob: [-0.03264849  0.51488124  0.2368859   0.          0.6         0.015
 -0.25        0.6         0.02       -0.25        0.6         0.02      ]
agent_success: 0

training time:  0.0020890235900878906
evaluation time:  15.862100601196289
epoch time:  15.864220142364502


-------------------------------- Iteration 26000 -------------------------------- 
initial ob: [-0.03264849  0.51488124  0.2368859   0.          0.6         0.015
 -0.25        0.6         0.02       -0.25        0.6         0.02      ]
agent_success: 0

training time:  0.0020911693572998047
evaluation time:  15.69349980354309
epoch time:  15.695612907409668


-------------------------------- Iteration 26200 -------------------------------- 
initial ob: [-0.03264849  0.51488124  0.2368859   0.          0.6         0.015
 -0.25        0.6         0.02       -0.25        0.6         0.02      ]
agent_success: 0

training time:  0.0020716190338134766
evaluation time:  16.186548948287964
epoch time:  16.188637256622314


-------------------------------- Iteration 26400 -------------------------------- 
initial ob: [-0.03264849  0.51488124  0.2368859   0.          0.6         0.015
 -0.25        0.6         0.02       -0.25        0.6         0.02      ]
agent_success: 0

training time:  0.0021271705627441406
evaluation time:  15.82815170288086
epoch time:  15.830298900604248


-------------------------------- Iteration 26600 -------------------------------- 
initial ob: [-0.03264849  0.51488124  0.2368859   0.          0.6         0.015
 -0.25        0.6         0.02       -0.25        0.6         0.02      ]
agent_success: 0

training time:  0.0020804405212402344
evaluation time:  16.709768295288086
epoch time:  16.711868286132812


-------------------------------- Iteration 26800 -------------------------------- 
initial ob: [-0.03264849  0.51488124  0.2368859   0.          0.6         0.015
 -0.25        0.6         0.02       -0.25        0.6         0.02      ]
agent_success: 0

training time:  0.002103567123413086
evaluation time:  16.089671850204468
epoch time:  16.091803789138794


-------------------------------- Iteration 27000 -------------------------------- 
initial ob: [-0.03264849  0.51488124  0.2368859   0.          0.6         0.015
 -0.25        0.6         0.02       -0.25        0.6         0.02      ]
agent_success: 0

training time:  0.0020503997802734375
evaluation time:  16.893033742904663
epoch time:  16.895106554031372


-------------------------------- Iteration 27200 -------------------------------- 
initial ob: [-0.03264849  0.51488124  0.2368859   0.          0.6         0.015
 -0.25        0.6         0.02       -0.25        0.6         0.02      ]
agent_success: 0

training time:  0.0020720958709716797
evaluation time:  15.572616815567017
epoch time:  15.574722051620483


-------------------------------- Iteration 27400 -------------------------------- 
initial ob: [-0.03264849  0.51488124  0.2368859   0.          0.6         0.015
 -0.25        0.6         0.02       -0.25        0.6         0.02      ]
agent_success: 0

training time:  0.002062082290649414
evaluation time:  16.903852939605713
epoch time:  16.90593194961548


-------------------------------- Iteration 27600 -------------------------------- 
initial ob: [-0.03264849  0.51488124  0.2368859   0.          0.6         0.015
 -0.25        0.6         0.02       -0.25        0.6         0.02      ]
agent_success: 0

training time:  0.0020627975463867188
evaluation time:  15.713409662246704
epoch time:  15.715493202209473


-------------------------------- Iteration 27800 -------------------------------- 
initial ob: [-0.03264849  0.51488124  0.2368859   0.          0.6         0.015
 -0.25        0.6         0.02       -0.25        0.6         0.02      ]
agent_success: 0

training time:  0.002088785171508789
evaluation time:  15.936822652816772
epoch time:  15.93893313407898


-------------------------------- Iteration 28000 -------------------------------- 
initial ob: [-0.03264849  0.51488124  0.2368859   0.          0.6         0.015
 -0.25        0.6         0.02       -0.25        0.6         0.02      ]
agent_success: 0

training time:  0.002079010009765625
evaluation time:  16.196295261383057
epoch time:  16.198396682739258


-------------------------------- Iteration 28200 -------------------------------- 
initial ob: [-0.03264849  0.51488124  0.2368859   0.          0.6         0.015
 -0.25        0.6         0.02       -0.25        0.6         0.02      ]
agent_success: 0

training time:  0.0020742416381835938
evaluation time:  15.65217113494873
epoch time:  15.654285907745361


-------------------------------- Iteration 28400 -------------------------------- 
initial ob: [-0.03264849  0.51488124  0.2368859   0.          0.6         0.015
 -0.25        0.6         0.02       -0.25        0.6         0.02      ]
agent_success: 0

training time:  0.002058744430541992
evaluation time:  16.162418842315674
epoch time:  16.164506673812866


-------------------------------- Iteration 28600 -------------------------------- 
initial ob: [-0.03264849  0.51488124  0.2368859   0.          0.6         0.015
 -0.25        0.6         0.02       -0.25        0.6         0.02      ]
agent_success: 0

training time:  0.0020732879638671875
evaluation time:  16.627187490463257
epoch time:  16.629284381866455


-------------------------------- Iteration 28800 -------------------------------- 
initial ob: [-0.03264849  0.51488124  0.2368859   0.          0.6         0.015
 -0.25        0.6         0.02       -0.25        0.6         0.02      ]
agent_success: 0

training time:  0.002088785171508789
evaluation time:  16.063340425491333
epoch time:  16.065452337265015


-------------------------------- Iteration 29000 -------------------------------- 
initial ob: [-0.03264849  0.51488124  0.2368859   0.          0.6         0.015
 -0.25        0.6         0.02       -0.25        0.6         0.02      ]
agent_success: 0

training time:  0.002094268798828125
evaluation time:  15.627729892730713
epoch time:  15.629845142364502


-------------------------------- Iteration 29200 -------------------------------- 
initial ob: [-0.03264849  0.51488124  0.2368859   0.          0.6         0.015
 -0.25        0.6         0.02       -0.25        0.6         0.02      ]
agent_success: 0

training time:  0.002242565155029297
evaluation time:  15.85317873954773
epoch time:  15.855451583862305


-------------------------------- Iteration 29400 -------------------------------- 
initial ob: [-0.03264849  0.51488124  0.2368859   0.          0.6         0.015
 -0.25        0.6         0.02       -0.25        0.6         0.02      ]
agent_success: 0

training time:  0.002173185348510742
evaluation time:  16.00351619720459
epoch time:  16.00571036338806


-------------------------------- Iteration 29600 -------------------------------- 
initial ob: [-0.03264849  0.51488124  0.2368859   0.          0.6         0.015
 -0.25        0.6         0.02       -0.25        0.6         0.02      ]
agent_success: 0

training time:  0.0020766258239746094
evaluation time:  15.842520713806152
epoch time:  15.844624757766724


-------------------------------- Iteration 29800 -------------------------------- 
initial ob: [-0.03264849  0.51488124  0.2368859   0.          0.6         0.015
 -0.25        0.6         0.02       -0.25        0.6         0.02      ]
agent_success: 0

training time:  0.0020759105682373047
evaluation time:  16.21297812461853
epoch time:  16.21507477760315


-------------------------------- Iteration 30000 -------------------------------- 
initial ob: [-0.03264849  0.51488124  0.2368859   0.          0.6         0.015
 -0.25        0.6         0.02       -0.25        0.6         0.02      ]
agent_success: 0

training time:  0.0020694732666015625
evaluation time:  15.902396202087402
epoch time:  15.904487371444702


-------------------------------- Iteration 30200 -------------------------------- 
initial ob: [-0.03264849  0.51488124  0.2368859   0.          0.6         0.015
 -0.25        0.6         0.02       -0.25        0.6         0.02      ]
agent_success: 1.0

training time:  0.0020503997802734375
evaluation time:  16.266761541366577
epoch time:  16.268839836120605


-------------------------------- Iteration 30400 -------------------------------- 
initial ob: [-0.03264849  0.51488124  0.2368859   0.          0.6         0.015
 -0.25        0.6         0.02       -0.25        0.6         0.02      ]
agent_success: 0

training time:  0.002096414566040039
evaluation time:  16.171399116516113
epoch time:  16.17352032661438


-------------------------------- Iteration 30600 -------------------------------- 
initial ob: [-0.03264849  0.51488124  0.2368859   0.          0.6         0.015
 -0.25        0.6         0.02       -0.25        0.6         0.02      ]
agent_success: 0

training time:  0.0020904541015625
evaluation time:  15.917669534683228
epoch time:  15.91979455947876


-------------------------------- Iteration 30800 -------------------------------- 
initial ob: [-0.03264849  0.51488124  0.2368859   0.          0.6         0.015
 -0.25        0.6         0.02       -0.25        0.6         0.02      ]
agent_success: 0

training time:  0.0020737648010253906
evaluation time:  15.83458137512207
epoch time:  15.83667254447937


-------------------------------- Iteration 31000 -------------------------------- 
initial ob: [-0.03264849  0.51488124  0.2368859   0.          0.6         0.015
 -0.25        0.6         0.02       -0.25        0.6         0.02      ]
agent_success: 0

training time:  0.0020809173583984375
evaluation time:  15.87337064743042
epoch time:  15.875468969345093


-------------------------------- Iteration 31200 -------------------------------- 
initial ob: [-0.03264849  0.51488124  0.2368859   0.          0.6         0.015
 -0.25        0.6         0.02       -0.25        0.6         0.02      ]
agent_success: 1.0

training time:  0.0020673274993896484
evaluation time:  16.31478476524353
epoch time:  16.316890478134155


-------------------------------- Iteration 31400 -------------------------------- 
initial ob: [-0.03264849  0.51488124  0.2368859   0.          0.6         0.015
 -0.25        0.6         0.02       -0.25        0.6         0.02      ]
agent_success: 0

training time:  0.002062559127807617
evaluation time:  16.687206268310547
epoch time:  16.689294815063477


-------------------------------- Iteration 31600 -------------------------------- 
initial ob: [-0.03264849  0.51488124  0.2368859   0.          0.6         0.015
 -0.25        0.6         0.02       -0.25        0.6         0.02      ]
agent_success: 0

training time:  0.0020742416381835938
evaluation time:  15.811325073242188
epoch time:  15.813427925109863


-------------------------------- Iteration 31800 -------------------------------- 
initial ob: [-0.03264849  0.51488124  0.2368859   0.          0.6         0.015
 -0.25        0.6         0.02       -0.25        0.6         0.02      ]
agent_success: 0

training time:  0.002061128616333008
evaluation time:  15.793635606765747
epoch time:  15.795726776123047


-------------------------------- Iteration 32000 -------------------------------- 
initial ob: [-0.03264849  0.51488124  0.2368859   0.          0.6         0.015
 -0.25        0.6         0.02       -0.25        0.6         0.02      ]
agent_success: 0

training time:  0.0020470619201660156
evaluation time:  16.017316579818726
epoch time:  16.019385814666748


-------------------------------- Iteration 32200 -------------------------------- 
initial ob: [-0.03264849  0.51488124  0.2368859   0.          0.6         0.015
 -0.25        0.6         0.02       -0.25        0.6         0.02      ]
agent_success: 0

training time:  0.002146005630493164
evaluation time:  16.069290161132812
epoch time:  16.071457147598267


-------------------------------- Iteration 32400 -------------------------------- 
initial ob: [-0.03264849  0.51488124  0.2368859   0.          0.6         0.015
 -0.25        0.6         0.02       -0.25        0.6         0.02      ]
agent_success: 0

training time:  0.0020780563354492188
evaluation time:  15.72676396369934
epoch time:  15.728862047195435


-------------------------------- Iteration 32600 -------------------------------- 
initial ob: [-0.03264849  0.51488124  0.2368859   0.          0.6         0.015
 -0.25        0.6         0.02       -0.25        0.6         0.02      ]
agent_success: 0

training time:  0.0020751953125
evaluation time:  15.904627323150635
epoch time:  15.906731128692627


-------------------------------- Iteration 32800 -------------------------------- 
initial ob: [-0.03264849  0.51488124  0.2368859   0.          0.6         0.015
 -0.25        0.6         0.02       -0.25        0.6         0.02      ]
agent_success: 0

training time:  0.0020742416381835938
evaluation time:  15.60438871383667
epoch time:  15.606506586074829


-------------------------------- Iteration 33000 -------------------------------- 
initial ob: [-0.03264849  0.51488124  0.2368859   0.          0.6         0.015
 -0.25        0.6         0.02       -0.25        0.6         0.02      ]
agent_success: 0

training time:  0.0020825862884521484
evaluation time:  16.298163414001465
epoch time:  16.30027723312378


-------------------------------- Iteration 33200 -------------------------------- 
initial ob: [-0.03264849  0.51488124  0.2368859   0.          0.6         0.015
 -0.25        0.6         0.02       -0.25        0.6         0.02      ]
agent_success: 0

training time:  0.002103567123413086
evaluation time:  15.719480514526367
epoch time:  15.721605777740479


-------------------------------- Iteration 33400 -------------------------------- 
initial ob: [-0.03264849  0.51488124  0.2368859   0.          0.6         0.015
 -0.25        0.6         0.02       -0.25        0.6         0.02      ]
agent_success: 0

training time:  0.002079010009765625
evaluation time:  15.917845487594604
epoch time:  15.919944763183594


-------------------------------- Iteration 33600 -------------------------------- 
initial ob: [-0.03264849  0.51488124  0.2368859   0.          0.6         0.015
 -0.25        0.6         0.02       -0.25        0.6         0.02      ]
agent_success: 0

training time:  0.0020999908447265625
evaluation time:  16.916491985321045
epoch time:  16.918621063232422


-------------------------------- Iteration 33800 -------------------------------- 
initial ob: [-0.03264849  0.51488124  0.2368859   0.          0.6         0.015
 -0.25        0.6         0.02       -0.25        0.6         0.02      ]
agent_success: 0

training time:  0.002098560333251953
evaluation time:  15.820320844650269
epoch time:  15.822460174560547


-------------------------------- Iteration 34000 -------------------------------- 
initial ob: [-0.03264849  0.51488124  0.2368859   0.          0.6         0.015
 -0.25        0.6         0.02       -0.25        0.6         0.02      ]
agent_success: 1.0

training time:  0.0020914077758789062
evaluation time:  15.890394449234009
epoch time:  15.892500638961792


-------------------------------- Iteration 34200 -------------------------------- 
initial ob: [-0.03264849  0.51488124  0.2368859   0.          0.6         0.015
 -0.25        0.6         0.02       -0.25        0.6         0.02      ]
agent_success: 0

training time:  0.0020754337310791016
evaluation time:  16.180954217910767
epoch time:  16.18305015563965


-------------------------------- Iteration 34400 -------------------------------- 
initial ob: [-0.03264849  0.51488124  0.2368859   0.          0.6         0.015
 -0.25        0.6         0.02       -0.25        0.6         0.02      ]
agent_success: 0

training time:  0.002081155776977539
evaluation time:  15.842108964920044
epoch time:  15.844209909439087


-------------------------------- Iteration 34600 -------------------------------- 
initial ob: [-0.03264849  0.51488124  0.2368859   0.          0.6         0.015
 -0.25        0.6         0.02       -0.25        0.6         0.02      ]
agent_success: 0

training time:  0.0020775794982910156
evaluation time:  15.864518642425537
epoch time:  15.866617441177368


-------------------------------- Iteration 34800 -------------------------------- 
initial ob: [-0.03264849  0.51488124  0.2368859   0.          0.6         0.015
 -0.25        0.6         0.02       -0.25        0.6         0.02      ]
agent_success: 0

training time:  0.0021224021911621094
evaluation time:  16.61528253555298
epoch time:  16.61742925643921


-------------------------------- Iteration 35000 -------------------------------- 
initial ob: [-0.03264849  0.51488124  0.2368859   0.          0.6         0.015
 -0.25        0.6         0.02       -0.25        0.6         0.02      ]
agent_success: 0

training time:  0.0021331310272216797
evaluation time:  15.727390050888062
epoch time:  15.729552745819092


-------------------------------- Iteration 35200 -------------------------------- 
initial ob: [-0.03264849  0.51488124  0.2368859   0.          0.6         0.015
 -0.25        0.6         0.02       -0.25        0.6         0.02      ]
agent_success: 0

training time:  0.0020706653594970703
evaluation time:  16.170108795166016
epoch time:  16.17219567298889


-------------------------------- Iteration 35400 -------------------------------- 
initial ob: [-0.03264849  0.51488124  0.2368859   0.          0.6         0.015
 -0.25        0.6         0.02       -0.25        0.6         0.02      ]
agent_success: 1.0

training time:  0.002107858657836914
evaluation time:  16.183008432388306
epoch time:  16.18513035774231


-------------------------------- Iteration 35600 -------------------------------- 
initial ob: [-0.03264849  0.51488124  0.2368859   0.          0.6         0.015
 -0.25        0.6         0.02       -0.25        0.6         0.02      ]
agent_success: 0

training time:  0.002092123031616211
evaluation time:  15.518050193786621
epoch time:  15.520162582397461


-------------------------------- Iteration 35800 -------------------------------- 
initial ob: [-0.03264849  0.51488124  0.2368859   0.          0.6         0.015
 -0.25        0.6         0.02       -0.25        0.6         0.02      ]
agent_success: 0

training time:  0.002073526382446289
evaluation time:  15.806758403778076
epoch time:  15.808857202529907


-------------------------------- Iteration 36000 -------------------------------- 
initial ob: [-0.03264849  0.51488124  0.2368859   0.          0.6         0.015
 -0.25        0.6         0.02       -0.25        0.6         0.02      ]
agent_success: 0

training time:  0.0020668506622314453
evaluation time:  15.798408269882202
epoch time:  15.800504207611084


-------------------------------- Iteration 36200 -------------------------------- 
initial ob: [-0.03264849  0.51488124  0.2368859   0.          0.6         0.015
 -0.25        0.6         0.02       -0.25        0.6         0.02      ]
agent_success: 0

training time:  0.0023589134216308594
evaluation time:  15.787163496017456
epoch time:  15.789538621902466


-------------------------------- Iteration 36400 -------------------------------- 
initial ob: [-0.03264849  0.51488124  0.2368859   0.          0.6         0.015
 -0.25        0.6         0.02       -0.25        0.6         0.02      ]
agent_success: 1.0

training time:  0.002083301544189453
evaluation time:  16.11944818496704
epoch time:  16.121546745300293


-------------------------------- Iteration 36600 -------------------------------- 
initial ob: [-0.03264849  0.51488124  0.2368859   0.          0.6         0.015
 -0.25        0.6         0.02       -0.25        0.6         0.02      ]
agent_success: 0

training time:  0.0020656585693359375
evaluation time:  16.038368701934814
epoch time:  16.04045343399048


-------------------------------- Iteration 36800 -------------------------------- 
initial ob: [-0.03264849  0.51488124  0.2368859   0.          0.6         0.015
 -0.25        0.6         0.02       -0.25        0.6         0.02      ]
agent_success: 0

training time:  0.0020856857299804688
evaluation time:  15.622379541397095
epoch time:  15.62448263168335


-------------------------------- Iteration 37000 -------------------------------- 
initial ob: [-0.03264849  0.51488124  0.2368859   0.          0.6         0.015
 -0.25        0.6         0.02       -0.25        0.6         0.02      ]
agent_success: 0

training time:  0.0020711421966552734
evaluation time:  16.367291688919067
epoch time:  16.369393825531006


-------------------------------- Iteration 37200 -------------------------------- 
initial ob: [-0.03264849  0.51488124  0.2368859   0.          0.6         0.015
 -0.25        0.6         0.02       -0.25        0.6         0.02      ]
agent_success: 0

training time:  0.0021114349365234375
evaluation time:  16.055227041244507
epoch time:  16.0573627948761


-------------------------------- Iteration 37400 -------------------------------- 
initial ob: [-0.03264849  0.51488124  0.2368859   0.          0.6         0.015
 -0.25        0.6         0.02       -0.25        0.6         0.02      ]
agent_success: 0

training time:  0.002101421356201172
evaluation time:  15.673027276992798
epoch time:  15.675145149230957


-------------------------------- Iteration 37600 -------------------------------- 
initial ob: [-0.03264849  0.51488124  0.2368859   0.          0.6         0.015
 -0.25        0.6         0.02       -0.25        0.6         0.02      ]
agent_success: 0

training time:  0.0020554065704345703
evaluation time:  15.772184371948242
epoch time:  15.774262428283691


-------------------------------- Iteration 37800 -------------------------------- 
initial ob: [-0.03264849  0.51488124  0.2368859   0.          0.6         0.015
 -0.25        0.6         0.02       -0.25        0.6         0.02      ]
agent_success: 0

training time:  0.0020520687103271484
evaluation time:  16.41266441345215
epoch time:  16.414737224578857


-------------------------------- Iteration 38000 -------------------------------- 
initial ob: [-0.03264849  0.51488124  0.2368859   0.          0.6         0.015
 -0.25        0.6         0.02       -0.25        0.6         0.02      ]
agent_success: 1.0

training time:  0.0021042823791503906
evaluation time:  16.108542442321777
epoch time:  16.110674619674683


-------------------------------- Iteration 38200 -------------------------------- 
initial ob: [-0.03264849  0.51488124  0.2368859   0.          0.6         0.015
 -0.25        0.6         0.02       -0.25        0.6         0.02      ]
agent_success: 0

training time:  0.0021398067474365234
evaluation time:  15.866220235824585
epoch time:  15.868382215499878


-------------------------------- Iteration 38400 -------------------------------- 
initial ob: [-0.03264849  0.51488124  0.2368859   0.          0.6         0.015
 -0.25        0.6         0.02       -0.25        0.6         0.02      ]
agent_success: 0

training time:  0.002079486846923828
evaluation time:  15.840439319610596
epoch time:  15.84255337715149


-------------------------------- Iteration 38600 -------------------------------- 
initial ob: [-0.03264849  0.51488124  0.2368859   0.          0.6         0.015
 -0.25        0.6         0.02       -0.25        0.6         0.02      ]
agent_success: 0

training time:  0.0020978450775146484
evaluation time:  15.754844188690186
epoch time:  15.756962776184082


-------------------------------- Iteration 38800 -------------------------------- 
initial ob: [-0.03264849  0.51488124  0.2368859   0.          0.6         0.015
 -0.25        0.6         0.02       -0.25        0.6         0.02      ]
agent_success: 0

training time:  0.0022287368774414062
evaluation time:  15.887402057647705
epoch time:  15.889652967453003


-------------------------------- Iteration 39000 -------------------------------- 
initial ob: [-0.03264849  0.51488124  0.2368859   0.          0.6         0.015
 -0.25        0.6         0.02       -0.25        0.6         0.02      ]
agent_success: 0

training time:  0.002131938934326172
evaluation time:  15.796451091766357
epoch time:  15.798614263534546


-------------------------------- Iteration 39200 -------------------------------- 
initial ob: [-0.03264849  0.51488124  0.2368859   0.          0.6         0.015
 -0.25        0.6         0.02       -0.25        0.6         0.02      ]
agent_success: 0

training time:  0.0020904541015625
evaluation time:  16.828282594680786
epoch time:  16.830394744873047


-------------------------------- Iteration 39400 -------------------------------- 
initial ob: [-0.03264849  0.51488124  0.2368859   0.          0.6         0.015
 -0.25        0.6         0.02       -0.25        0.6         0.02      ]
agent_success: 0

training time:  0.002207040786743164
evaluation time:  15.800895929336548
epoch time:  15.803133010864258


-------------------------------- Iteration 39600 -------------------------------- 
initial ob: [-0.03264849  0.51488124  0.2368859   0.          0.6         0.015
 -0.25        0.6         0.02       -0.25        0.6         0.02      ]
agent_success: 0

training time:  0.002067089080810547
evaluation time:  16.025336742401123
epoch time:  16.027420043945312


-------------------------------- Iteration 39800 -------------------------------- 
initial ob: [-0.03264849  0.51488124  0.2368859   0.          0.6         0.015
 -0.25        0.6         0.02       -0.25        0.6         0.02      ]
agent_success: 0

training time:  0.002076387405395508
evaluation time:  15.77315902709961
epoch time:  15.775254487991333


-------------------------------- Iteration 40000 -------------------------------- 
initial ob: [-0.03264849  0.51488124  0.2368859   0.          0.6         0.015
 -0.25        0.6         0.02       -0.25        0.6         0.02      ]
agent_success: 0

training time:  0.0020914077758789062
evaluation time:  15.89777135848999
epoch time:  15.899884462356567


-------------------------------- Iteration 40200 -------------------------------- 
initial ob: [-0.03264849  0.51488124  0.2368859   0.          0.6         0.015
 -0.25        0.6         0.02       -0.25        0.6         0.02      ]
agent_success: 1.0

training time:  0.0020792484283447266
evaluation time:  15.811739206314087
epoch time:  15.813837766647339


-------------------------------- Iteration 40400 -------------------------------- 
initial ob: [-0.03264849  0.51488124  0.2368859   0.          0.6         0.015
 -0.25        0.6         0.02       -0.25        0.6         0.02      ]
agent_success: 0

training time:  0.0020952224731445312
evaluation time:  16.061930656433105
epoch time:  16.064165830612183


-------------------------------- Iteration 40600 -------------------------------- 
initial ob: [-0.03264849  0.51488124  0.2368859   0.          0.6         0.015
 -0.25        0.6         0.02       -0.25        0.6         0.02      ]
agent_success: 0

training time:  0.002080678939819336
evaluation time:  16.15042734146118
epoch time:  16.152525424957275


-------------------------------- Iteration 40800 -------------------------------- 
initial ob: [-0.03264849  0.51488124  0.2368859   0.          0.6         0.015
 -0.25        0.6         0.02       -0.25        0.6         0.02      ]
agent_success: 1.0

training time:  0.002160310745239258
evaluation time:  16.115733861923218
epoch time:  16.117908477783203


-------------------------------- Iteration 41000 -------------------------------- 
initial ob: [-0.03264849  0.51488124  0.2368859   0.          0.6         0.015
 -0.25        0.6         0.02       -0.25        0.6         0.02      ]
agent_success: 1.0

training time:  0.002268075942993164
evaluation time:  16.086222410202026
epoch time:  16.08853268623352


-------------------------------- Iteration 41200 -------------------------------- 
initial ob: [-0.03264849  0.51488124  0.2368859   0.          0.6         0.015
 -0.25        0.6         0.02       -0.25        0.6         0.02      ]
agent_success: 0

training time:  0.002094745635986328
evaluation time:  16.671831130981445
epoch time:  16.673943996429443


-------------------------------- Iteration 41400 -------------------------------- 
initial ob: [-0.03264849  0.51488124  0.2368859   0.          0.6         0.015
 -0.25        0.6         0.02       -0.25        0.6         0.02      ]
agent_success: 0

training time:  0.002114534378051758
evaluation time:  15.840354681015015
epoch time:  15.842499494552612


-------------------------------- Iteration 41600 -------------------------------- 
initial ob: [-0.03264849  0.51488124  0.2368859   0.          0.6         0.015
 -0.25        0.6         0.02       -0.25        0.6         0.02      ]
agent_success: 0

training time:  0.0020961761474609375
evaluation time:  16.12579369544983
epoch time:  16.127912044525146


-------------------------------- Iteration 41800 -------------------------------- 
initial ob: [-0.03264849  0.51488124  0.2368859   0.          0.6         0.015
 -0.25        0.6         0.02       -0.25        0.6         0.02      ]
agent_success: 1.0

training time:  0.0020360946655273438
evaluation time:  16.184906005859375
epoch time:  16.18695569038391


-------------------------------- Iteration 42000 -------------------------------- 
initial ob: [-0.03264849  0.51488124  0.2368859   0.          0.6         0.015
 -0.25        0.6         0.02       -0.25        0.6         0.02      ]
agent_success: 0

training time:  0.002082347869873047
evaluation time:  15.914060592651367
epoch time:  15.916181564331055


-------------------------------- Iteration 42200 -------------------------------- 
initial ob: [-0.03264849  0.51488124  0.2368859   0.          0.6         0.015
 -0.25        0.6         0.02       -0.25        0.6         0.02      ]
agent_success: 0

training time:  0.0020914077758789062
evaluation time:  15.540785789489746
epoch time:  15.542915105819702


-------------------------------- Iteration 42400 -------------------------------- 
initial ob: [-0.03264849  0.51488124  0.2368859   0.          0.6         0.015
 -0.25        0.6         0.02       -0.25        0.6         0.02      ]
agent_success: 1.0

training time:  0.002080678939819336
evaluation time:  16.065686225891113
epoch time:  16.067795276641846


-------------------------------- Iteration 42600 -------------------------------- 
initial ob: [-0.03264849  0.51488124  0.2368859   0.          0.6         0.015
 -0.25        0.6         0.02       -0.25        0.6         0.02      ]
agent_success: 1.0

training time:  0.0020530223846435547
evaluation time:  15.435516119003296
epoch time:  15.437588214874268


-------------------------------- Iteration 42800 -------------------------------- 
initial ob: [-0.03264849  0.51488124  0.2368859   0.          0.6         0.015
 -0.25        0.6         0.02       -0.25        0.6         0.02      ]
agent_success: 1.0

training time:  0.0020978450775146484
evaluation time:  15.693235158920288
epoch time:  15.695347785949707


-------------------------------- Iteration 43000 -------------------------------- 
initial ob: [-0.03264849  0.51488124  0.2368859   0.          0.6         0.015
 -0.25        0.6         0.02       -0.25        0.6         0.02      ]
agent_success: 1.0

training time:  0.0020973682403564453
evaluation time:  16.048121213912964
epoch time:  16.05025553703308


-------------------------------- Iteration 43200 -------------------------------- 
initial ob: [-0.03264849  0.51488124  0.2368859   0.          0.6         0.015
 -0.25        0.6         0.02       -0.25        0.6         0.02      ]
agent_success: 0

training time:  0.0021140575408935547
evaluation time:  16.159358739852905
epoch time:  16.16149139404297


-------------------------------- Iteration 43400 -------------------------------- 
initial ob: [-0.03264849  0.51488124  0.2368859   0.          0.6         0.015
 -0.25        0.6         0.02       -0.25        0.6         0.02      ]
agent_success: 0

training time:  0.002044677734375
evaluation time:  16.089757442474365
epoch time:  16.091822624206543


-------------------------------- Iteration 43600 -------------------------------- 
initial ob: [-0.03264849  0.51488124  0.2368859   0.          0.6         0.015
 -0.25        0.6         0.02       -0.25        0.6         0.02      ]
agent_success: 0

training time:  0.002063274383544922
evaluation time:  16.077431201934814
epoch time:  16.07951807975769


-------------------------------- Iteration 43800 -------------------------------- 
initial ob: [-0.03264849  0.51488124  0.2368859   0.          0.6         0.015
 -0.25        0.6         0.02       -0.25        0.6         0.02      ]
agent_success: 0

training time:  0.0020956993103027344
evaluation time:  15.742521524429321
epoch time:  15.744645595550537


-------------------------------- Iteration 44000 -------------------------------- 
initial ob: [-0.03264849  0.51488124  0.2368859   0.          0.6         0.015
 -0.25        0.6         0.02       -0.25        0.6         0.02      ]
agent_success: 0

training time:  0.002063751220703125
evaluation time:  15.706724882125854
epoch time:  15.708806037902832


-------------------------------- Iteration 44200 -------------------------------- 
initial ob: [-0.03264849  0.51488124  0.2368859   0.          0.6         0.015
 -0.25        0.6         0.02       -0.25        0.6         0.02      ]
agent_success: 0

training time:  0.002075672149658203
evaluation time:  16.167540788650513
epoch time:  16.169634342193604


-------------------------------- Iteration 44400 -------------------------------- 
initial ob: [-0.03264849  0.51488124  0.2368859   0.          0.6         0.015
 -0.25        0.6         0.02       -0.25        0.6         0.02      ]
agent_success: 0

training time:  0.0021011829376220703
evaluation time:  16.014644861221313
epoch time:  16.016765117645264


-------------------------------- Iteration 44600 -------------------------------- 
initial ob: [-0.03264849  0.51488124  0.2368859   0.          0.6         0.015
 -0.25        0.6         0.02       -0.25        0.6         0.02      ]
agent_success: 1.0

training time:  0.0020902156829833984
evaluation time:  15.527699708938599
epoch time:  15.52980923652649


-------------------------------- Iteration 44800 -------------------------------- 
initial ob: [-0.03264849  0.51488124  0.2368859   0.          0.6         0.015
 -0.25        0.6         0.02       -0.25        0.6         0.02      ]
agent_success: 0

training time:  0.002067089080810547
evaluation time:  15.853307962417603
epoch time:  15.8554048538208


-------------------------------- Iteration 45000 -------------------------------- 
initial ob: [-0.03264849  0.51488124  0.2368859   0.          0.6         0.015
 -0.25        0.6         0.02       -0.25        0.6         0.02      ]
agent_success: 0

training time:  0.0020837783813476562
evaluation time:  15.979032516479492
epoch time:  15.98115611076355


-------------------------------- Iteration 45200 -------------------------------- 
initial ob: [-0.03264849  0.51488124  0.2368859   0.          0.6         0.015
 -0.25        0.6         0.02       -0.25        0.6         0.02      ]
agent_success: 0

training time:  0.0020532608032226562
evaluation time:  16.047573804855347
epoch time:  16.049644947052002


-------------------------------- Iteration 45400 -------------------------------- 
initial ob: [-0.03264849  0.51488124  0.2368859   0.          0.6         0.015
 -0.25        0.6         0.02       -0.25        0.6         0.02      ]
agent_success: 1.0

training time:  0.0020492076873779297
evaluation time:  16.023456811904907
epoch time:  16.025524616241455


-------------------------------- Iteration 45600 -------------------------------- 
initial ob: [-0.03264849  0.51488124  0.2368859   0.          0.6         0.015
 -0.25        0.6         0.02       -0.25        0.6         0.02      ]
agent_success: 0

training time:  0.0020470619201660156
evaluation time:  15.959267139434814
epoch time:  15.961363077163696


-------------------------------- Iteration 45800 -------------------------------- 
initial ob: [-0.03264849  0.51488124  0.2368859   0.          0.6         0.015
 -0.25        0.6         0.02       -0.25        0.6         0.02      ]
agent_success: 0

training time:  0.0020945072174072266
evaluation time:  15.936786651611328
epoch time:  15.938909769058228


-------------------------------- Training stopped due to early stopping -------------------------------- 
min loss:  0.004148824


-------------------------------- Test Results -------------------------------- 
initial ob: [-0.03264849  0.51488124  0.2368859   0.          0.6         0.015
 -0.25        0.6         0.02       -0.25        0.6         0.02      ]
agent_success: 0

mean_success_rate:  0.0
Done
