SLURM_JOBID=3527925
working directory=/viscam/u/jialugao/Imitation-SoftModule
{'obs_type': 'with_goal'}
obs type:  with_goal
seed:  167
{'expert_policy_file': 'policy/expert/MT10_Diverse/', 'exp_name': 'bc_reach', 'do_dagger': False, 'ep_len': 200, 'gradient_steps': 1, 'n_iter': 600000, 'render_interval': 40, 'eval_interval': 1000, 'batch_size': 64, 'eval_batch_size': 32, 'train_batch_size': 32, 'n_layers': 2, 'size': 400, 'learning_rate': 0.0001, 'video_log_freq': -1, 'scalar_log_freq': 1, 'no_gpu': False, 'which_gpu': 0, 'max_replay_buffer_size': 1000000, 'save_params': False, 'seed': 167, 'worker_nums': 1, 'eval_worker_nums': 1, 'config': 'config/soft_module_fixed_mt10_diverse.json', 'no_cuda': True, 'random_init': False, 'device': 'cpu', 'id': 'MT50_Single_Task', 'task_name': None, 'task_env': 'MT50_task_env', 'cuda': False, 'agent_class': <class 'agents.bc_agent.SoftModuleAgent'>, 'agent_params': {'n_layers': 2, 'size': 400, 'learning_rate': 0.0001, 'max_replay_buffer_size': 1000000, 'discrete': False}}
{'env_name': 'mt10_diverse', 'env': {'reward_scale': 1, 'obs_norm': False}, 'meta_env': {'obs_type': 'with_goal', 'random_init': False}, 'replay_buffer': {'size': 1000000.0}, 'expert_net': {'hidden_shapes': [400, 400], 'append_hidden_shapes': [400]}, 'net': {'hidden_shapes': [400, 400], 'em_hidden_shapes': [400], 'num_layers': 2, 'num_modules': 2, 'module_hidden': 256, 'num_gating_layers': 2, 'gating_hidden': 256, 'add_bn': False, 'pre_softmax': False, 'base_type': <class 'networks.base.MLPBase'>}, 'general_setting': {'discount': 0.99, 'pretrain_epochs': 20, 'num_epochs': 7500, 'epoch_frames': 200, 'max_episode_frames': 200, 'batch_size': 1280, 'min_pool': 10000, 'target_hard_update_period': 1000, 'use_soft_update': True, 'tau': 0.005, 'opt_times': 200, 'eval_episodes': 1, 'train_render': False, 'eval_render': False, 'env': <NormAct<RewardShift<MTEnv instance>>>, 'device': device(type='cpu')}, 'sac': {'plr': 0.0003, 'qlr': 0.0003, 'reparameterization': True, 'automatic_entropy_tuning': True, 'policy_std_reg_weight': 0, 'policy_mean_reg_weight': 0}}
Loading expert policy from... policy/expert/MT10_Diverse/
Done restoring expert policy...
actor: 
 ModularGuassianGatedCascadeCondContPolicy(
  (base): MLPBase(
    (fc0): Linear(in_features=9, out_features=400, bias=True)
    (fc1): Linear(in_features=400, out_features=400, bias=True)
  )
  (em_base): MLPBase(
    (fc0): Linear(in_features=10, out_features=400, bias=True)
  )
  (module_0_0): Linear(in_features=400, out_features=256, bias=True)
  (module_0_1): Linear(in_features=400, out_features=256, bias=True)
  (module_1_0): Linear(in_features=256, out_features=256, bias=True)
  (module_1_1): Linear(in_features=256, out_features=256, bias=True)
  (last): Linear(in_features=256, out_features=8, bias=True)
  (gating_fc_0): Linear(in_features=400, out_features=256, bias=True)
  (gating_fc_1): Linear(in_features=256, out_features=256, bias=True)
  (gating_weight_fc_0): Linear(in_features=256, out_features=4, bias=True)
  (gating_weight_cond_last): Linear(in_features=4, out_features=256, bias=True)
  (gating_weight_last): Linear(in_features=256, out_features=2, bias=True)
)
<NormAct<RewardShift<AugObs<SawyerFaucetOpenEnv instance>>>>
<NormAct<RewardShift<AugObs<SawyerBoxCloseEnv instance>>>>
<NormAct<RewardShift<AugObs<SawyerWindowCloseEnv instance>>>>
<NormAct<RewardShift<AugObs<SawyerSoccerEnv instance>>>>
<NormAct<RewardShift<AugObs<SawyerDialTurnEnv instance>>>>
<NormAct<RewardShift<AugObs<SawyerShelfPlaceEnv instance>>>>
<NormAct<RewardShift<AugObs<SawyerHandlePressEnv instance>>>>
<NormAct<RewardShift<AugObs<SawyerPlateSlideEnv instance>>>>
<NormAct<RewardShift<AugObs<SawyerDrawerOpenEnv instance>>>>
<NormAct<RewardShift<AugObs<SawyerDoorCloseEnv instance>>>>
/viscam/u/jialugao/.anaconda3/envs/metaworldEnv/lib/python3.7/site-packages/gym/logger.py:30: UserWarning: [33mWARN: Could not seed environment <MTEnv instance>[0m
  warnings.warn(colorize('%s: %s'%('WARN', msg % args), 'yellow'))


-------------------------------- Iteration 0 -------------------------------- 
initial ob: [-0.0344551   0.50704863  0.23980516 -0.015       0.7         0.115
  0.1         0.8         0.115       0.1         0.8         0.115     ]
expert_success: 1.0
path_length: 150

initial ob: [-0.0326477   0.51488164  0.23687858  0.          0.60000002  0.11
  0.          0.9         0.133       0.          0.9         0.133     ]
expert_success: 1.0
path_length: 200

initial ob: [-0.03445605  0.50704462  0.23981209  0.12        0.73000003  0.15000001
 -0.08        0.785       0.15       -0.08        0.785       0.15      ]
expert_success: 1.0
path_length: 150

initial ob: [-0.03265121  0.51487852  0.23688147  0.          0.6         0.02998765
  0.          0.9         0.03        0.          0.9         0.03      ]
expert_success: 1.0
path_length: 150

initial ob: [-0.03445341  0.50704491  0.23981405  0.          0.67        0.08
  0.          0.73        0.08        0.          0.73        0.08      ]
expert_success: 1.0
path_length: 150

initial ob: [-0.03265248  0.51488137  0.23688703  0.          0.6         0.01999588
  0.          0.85000002  0.301       0.          0.85000002  0.301     ]
expert_success: 1.0
path_length: 150

initial ob: [-0.03265156  0.51487877  0.23688007  0.          0.75        0.16
  0.          0.75        0.04        0.          0.75        0.04      ]
expert_success: 1.0
path_length: 150

initial ob: [-0.03264849  0.51488124  0.2368859   0.          0.6         0.015
  0.          0.85        0.02        0.          0.85        0.02      ]
expert_success: 1.0
path_length: 150

initial ob: [-0.03445723  0.50704204  0.23981373  0.          0.69999998  0.09
  0.          0.55        0.04        0.          0.55        0.04      ]
expert_success: 1.0
path_length: 150

initial ob: [-0.03264849  0.51488124  0.2368859  -0.21000095  0.69000054  0.15
  0.2         0.8         0.15        0.2         0.8         0.15      ]
expert_success: 1.0
path_length: 150

{'faucet-open-v1_success_rate': array(1., dtype=float32), 'box-close-v1_success_rate': array(1., dtype=float32), 'window-close-v1_success_rate': array(1., dtype=float32), 'soccer-v1_success_rate': array(1., dtype=float32), 'dial-turn-v1_success_rate': array(1., dtype=float32), 'shelf-place-v1_success_rate': array(1., dtype=float32), 'handle-press-v1_success_rate': array(1., dtype=float32), 'plate-slide-v1_success_rate': array(1., dtype=float32), 'drawer-open-v1_success_rate': array(1., dtype=float32), 'door-close-v1_success_rate': array(1., dtype=float32), 'mean_success_rate': 1.0}
total training samples:  1550


-------------------------------- Iteration 0 -------------------------------- 
training time:  1.235023021697998
evaluation time:  8.064541578292847
epoch time:  9.299578428268433
loss:  0.7879033


-------------------------------- Iteration 1000 -------------------------------- 
training time:  0.01205587387084961
evaluation time:  8.212731122970581
epoch time:  8.224806070327759
loss:  0.36592448


-------------------------------- Iteration 2000 -------------------------------- 
training time:  0.011960744857788086
evaluation time:  7.919126510620117
epoch time:  7.931109666824341
loss:  0.23932643


-------------------------------- Iteration 3000 -------------------------------- 
training time:  0.012995481491088867
evaluation time:  8.083486318588257
epoch time:  8.096504926681519
loss:  0.26098838


-------------------------------- Iteration 4000 -------------------------------- 
training time:  0.01463007926940918
evaluation time:  8.07115912437439
epoch time:  8.085830926895142
loss:  0.2056585


-------------------------------- Iteration 5000 -------------------------------- 
training time:  0.013028621673583984
evaluation time:  8.239319324493408
epoch time:  8.25239372253418
loss:  0.17244697


-------------------------------- Iteration 6000 -------------------------------- 
training time:  0.013417720794677734
evaluation time:  7.879145860671997
epoch time:  7.8925886154174805
loss:  0.22449139


-------------------------------- Iteration 7000 -------------------------------- 
training time:  0.01204371452331543
evaluation time:  8.165641069412231
epoch time:  8.177712678909302
loss:  0.16148245


-------------------------------- Iteration 8000 -------------------------------- 
training time:  0.011995792388916016
evaluation time:  7.871237516403198
epoch time:  7.883251190185547
loss:  0.12605423


-------------------------------- Iteration 9000 -------------------------------- 
training time:  0.011957168579101562
evaluation time:  7.728107213973999
epoch time:  7.740085601806641
loss:  0.17185056


-------------------------------- Iteration 10000 -------------------------------- 
training time:  0.012356281280517578
evaluation time:  7.814620494842529
epoch time:  7.826989650726318
loss:  0.13365534


-------------------------------- Iteration 11000 -------------------------------- 
training time:  0.011914968490600586
evaluation time:  7.767085552215576
epoch time:  7.779039144515991
loss:  0.18616678


-------------------------------- Iteration 12000 -------------------------------- 
training time:  0.012040376663208008
evaluation time:  7.7744667530059814
epoch time:  7.786524057388306
loss:  0.12051289


-------------------------------- Iteration 13000 -------------------------------- 
training time:  0.012321710586547852
evaluation time:  7.73013162612915
epoch time:  7.742487192153931
loss:  0.122614436


-------------------------------- Iteration 14000 -------------------------------- 
training time:  0.011885643005371094
evaluation time:  7.866631269454956
epoch time:  7.878538131713867
loss:  0.1501114


-------------------------------- Iteration 15000 -------------------------------- 
training time:  0.012125730514526367
evaluation time:  7.815347671508789
epoch time:  7.827496528625488
loss:  0.13380237


-------------------------------- Iteration 16000 -------------------------------- 
training time:  0.012179136276245117
evaluation time:  7.718235969543457
epoch time:  7.730429172515869
loss:  0.09063458


-------------------------------- Iteration 17000 -------------------------------- 
training time:  0.011897087097167969
evaluation time:  7.8596577644348145
epoch time:  7.87157678604126
loss:  0.11500815


-------------------------------- Iteration 18000 -------------------------------- 
training time:  0.011917829513549805
evaluation time:  7.730677366256714
epoch time:  7.742629051208496
loss:  0.14920245


-------------------------------- Iteration 19000 -------------------------------- 
training time:  0.011998414993286133
evaluation time:  7.695106267929077
epoch time:  7.707118034362793
loss:  0.13355854


-------------------------------- Iteration 20000 -------------------------------- 
training time:  0.011850595474243164
evaluation time:  7.841647386550903
epoch time:  7.853518009185791
loss:  0.1550208


-------------------------------- Iteration 21000 -------------------------------- 
training time:  0.012393951416015625
evaluation time:  7.681715965270996
epoch time:  7.694123983383179
loss:  0.07846822


-------------------------------- Iteration 22000 -------------------------------- 
training time:  0.01193690299987793
evaluation time:  7.709139585494995
epoch time:  7.721090793609619
loss:  0.0873184


-------------------------------- Iteration 23000 -------------------------------- 
training time:  0.012014627456665039
evaluation time:  7.7524895668029785
epoch time:  7.76452374458313
loss:  0.099660695


-------------------------------- Iteration 24000 -------------------------------- 
training time:  0.012723445892333984
evaluation time:  7.886680603027344
epoch time:  7.89943790435791
loss:  0.10507909


-------------------------------- Iteration 25000 -------------------------------- 
training time:  0.011980533599853516
evaluation time:  7.726604700088501
epoch time:  7.738598823547363
loss:  0.06420006


-------------------------------- Iteration 26000 -------------------------------- 
training time:  0.012163400650024414
evaluation time:  7.743036508560181
epoch time:  7.755217552185059
loss:  0.03785194


-------------------------------- Iteration 27000 -------------------------------- 
training time:  0.011995077133178711
evaluation time:  7.788288593292236
epoch time:  7.800297498703003
loss:  0.064558476


-------------------------------- Iteration 28000 -------------------------------- 
training time:  0.011956453323364258
evaluation time:  7.74092960357666
epoch time:  7.752904415130615
loss:  0.06599898


-------------------------------- Iteration 29000 -------------------------------- 
training time:  0.011896133422851562
evaluation time:  7.799449920654297
epoch time:  7.811360836029053
loss:  0.1340694


-------------------------------- Iteration 30000 -------------------------------- 
training time:  0.011873722076416016
evaluation time:  7.782797574996948
epoch time:  7.794683456420898
loss:  0.103962764


-------------------------------- Iteration 31000 -------------------------------- 
training time:  0.012586832046508789
evaluation time:  7.871350526809692
epoch time:  7.88395619392395
loss:  0.06296905


-------------------------------- Iteration 32000 -------------------------------- 
training time:  0.012011051177978516
evaluation time:  7.818237066268921
epoch time:  7.830266714096069
loss:  0.047397397


-------------------------------- Iteration 33000 -------------------------------- 
training time:  0.012119770050048828
evaluation time:  7.834252834320068
epoch time:  7.846386194229126
loss:  0.06860529


-------------------------------- Iteration 34000 -------------------------------- 
training time:  0.01201772689819336
evaluation time:  7.955126047134399
epoch time:  7.967155933380127
loss:  0.037853543


-------------------------------- Iteration 35000 -------------------------------- 
training time:  0.01209115982055664
evaluation time:  7.934980869293213
epoch time:  7.947112321853638
loss:  0.0686775


-------------------------------- Iteration 36000 -------------------------------- 
training time:  0.0120849609375
evaluation time:  7.801655054092407
epoch time:  7.8137526512146
loss:  0.13150507


-------------------------------- Iteration 37000 -------------------------------- 
training time:  0.01196146011352539
evaluation time:  7.867510557174683
epoch time:  7.879490375518799
loss:  0.057315953


-------------------------------- Iteration 38000 -------------------------------- 
training time:  0.01223611831665039
evaluation time:  7.928055047988892
epoch time:  7.940329074859619
loss:  0.052554954


-------------------------------- Iteration 39000 -------------------------------- 
training time:  0.012437820434570312
evaluation time:  7.8927693367004395
epoch time:  7.905219793319702
loss:  0.019082084


-------------------------------- Iteration 40000 -------------------------------- 
training time:  0.012161731719970703
evaluation time:  7.8182594776153564
epoch time:  7.8304359912872314
loss:  0.022437306


-------------------------------- Iteration 41000 -------------------------------- 
training time:  0.012169599533081055
evaluation time:  8.008814096450806
epoch time:  8.021003484725952
loss:  0.024001503


-------------------------------- Iteration 42000 -------------------------------- 
training time:  0.012204170227050781
evaluation time:  7.84002947807312
epoch time:  7.852246046066284
loss:  0.054690048


-------------------------------- Iteration 43000 -------------------------------- 
training time:  0.012232542037963867
evaluation time:  7.796990871429443
epoch time:  7.809242486953735
loss:  0.071133554


-------------------------------- Iteration 44000 -------------------------------- 
training time:  0.01235818862915039
evaluation time:  7.81628680229187
epoch time:  7.828680992126465
loss:  0.035482462


-------------------------------- Iteration 45000 -------------------------------- 
training time:  0.012298107147216797
evaluation time:  7.94373083114624
epoch time:  7.956040859222412
loss:  0.034106106


-------------------------------- Iteration 46000 -------------------------------- 
training time:  0.012264728546142578
evaluation time:  7.861002206802368
epoch time:  7.87328028678894
loss:  0.036907677


-------------------------------- Iteration 47000 -------------------------------- 
training time:  0.012502908706665039
evaluation time:  7.889892816543579
epoch time:  7.902412176132202
loss:  0.013708469


-------------------------------- Iteration 48000 -------------------------------- 
training time:  0.01233220100402832
evaluation time:  7.845713138580322
epoch time:  7.858058214187622
loss:  0.05730382


-------------------------------- Iteration 49000 -------------------------------- 
training time:  0.012588739395141602
evaluation time:  7.93440842628479
epoch time:  7.947042465209961
loss:  0.055607986


-------------------------------- Iteration 50000 -------------------------------- 
training time:  0.012382030487060547
evaluation time:  7.888020038604736
epoch time:  7.900423288345337
loss:  0.03960815


-------------------------------- Iteration 51000 -------------------------------- 
training time:  0.012789249420166016
evaluation time:  7.8736677169799805
epoch time:  7.886470794677734
loss:  0.037526213


-------------------------------- Iteration 52000 -------------------------------- 
training time:  0.012708425521850586
evaluation time:  8.042636394500732
epoch time:  8.055357217788696
loss:  0.037147768


-------------------------------- Iteration 53000 -------------------------------- 
training time:  0.01259756088256836
evaluation time:  8.007826805114746
epoch time:  8.0204439163208
loss:  0.024235614


-------------------------------- Iteration 54000 -------------------------------- 
training time:  0.012827873229980469
evaluation time:  7.971813917160034
epoch time:  7.984654664993286
loss:  0.015436488


-------------------------------- Iteration 55000 -------------------------------- 
training time:  0.012678384780883789
evaluation time:  7.833710432052612
epoch time:  7.84641170501709
loss:  0.0221496


-------------------------------- Iteration 56000 -------------------------------- 
training time:  0.012751579284667969
evaluation time:  7.9200403690338135
epoch time:  7.932827472686768
loss:  0.007923051


-------------------------------- Iteration 57000 -------------------------------- 
training time:  0.012888193130493164
evaluation time:  7.88081955909729
epoch time:  7.8937201499938965
loss:  0.025533311


-------------------------------- Iteration 58000 -------------------------------- 
training time:  0.013082742691040039
evaluation time:  7.782364368438721
epoch time:  7.7954699993133545
loss:  0.02591187


-------------------------------- Iteration 59000 -------------------------------- 
training time:  0.013423919677734375
evaluation time:  7.791661977767944
epoch time:  7.8051018714904785
loss:  0.02158859


-------------------------------- Iteration 60000 -------------------------------- 
training time:  0.013768434524536133
evaluation time:  7.921070575714111
epoch time:  7.934870958328247
loss:  0.024623163


-------------------------------- Iteration 61000 -------------------------------- 
training time:  0.01415109634399414
evaluation time:  7.791358947753906
epoch time:  7.8055243492126465
loss:  0.021810466


-------------------------------- Iteration 62000 -------------------------------- 
training time:  0.014566183090209961
evaluation time:  7.823936700820923
epoch time:  7.838520050048828
loss:  0.021123808


-------------------------------- Iteration 63000 -------------------------------- 
training time:  0.01473689079284668
evaluation time:  7.846947431564331
epoch time:  7.861697435379028
loss:  0.02089254


-------------------------------- Iteration 64000 -------------------------------- 
training time:  0.01513361930847168
evaluation time:  7.922792434692383
epoch time:  7.937948226928711
loss:  0.017757269


-------------------------------- Iteration 65000 -------------------------------- 
training time:  0.01489114761352539
evaluation time:  7.82001256942749
epoch time:  7.834916114807129
loss:  0.01084596


-------------------------------- Iteration 66000 -------------------------------- 
training time:  0.014992475509643555
evaluation time:  7.7884697914123535
epoch time:  7.803563117980957
loss:  0.020111939


-------------------------------- Iteration 67000 -------------------------------- 
training time:  0.014917135238647461
evaluation time:  7.76757025718689
epoch time:  7.782504081726074
loss:  0.027648916


-------------------------------- Iteration 68000 -------------------------------- 
training time:  0.014882326126098633
evaluation time:  7.898473739624023
epoch time:  7.913370370864868
loss:  0.022241484


-------------------------------- Iteration 69000 -------------------------------- 
training time:  0.015050172805786133
evaluation time:  7.776381015777588
epoch time:  7.791446924209595
loss:  0.017936658


-------------------------------- Iteration 70000 -------------------------------- 
training time:  0.015173673629760742
evaluation time:  7.763886451721191
epoch time:  7.779082298278809
loss:  0.018281609


-------------------------------- Iteration 71000 -------------------------------- 
training time:  0.015002727508544922
evaluation time:  7.747711420059204
epoch time:  7.762729644775391
loss:  0.020597696


-------------------------------- Iteration 72000 -------------------------------- 
training time:  0.015049457550048828
evaluation time:  7.858328580856323
epoch time:  7.87341046333313
loss:  0.015284845


-------------------------------- Iteration 73000 -------------------------------- 
training time:  0.015011072158813477
evaluation time:  7.84428596496582
epoch time:  7.859331369400024
loss:  0.018799683


-------------------------------- Iteration 74000 -------------------------------- 
training time:  0.01510763168334961
evaluation time:  7.852604389190674
epoch time:  7.86774468421936
loss:  0.022596354


-------------------------------- Iteration 75000 -------------------------------- 
training time:  0.015273809432983398
evaluation time:  7.883629083633423
epoch time:  7.898922681808472
loss:  0.013192823


-------------------------------- Iteration 76000 -------------------------------- 
training time:  0.015345573425292969
evaluation time:  7.913517236709595
epoch time:  7.9288880825042725
loss:  0.015272848


-------------------------------- Iteration 77000 -------------------------------- 
training time:  0.015497922897338867
evaluation time:  7.8780341148376465
epoch time:  7.893568277359009
loss:  0.011720718


-------------------------------- Iteration 78000 -------------------------------- 
training time:  0.015393257141113281
evaluation time:  7.812291145324707
epoch time:  7.827708005905151
loss:  0.015265652


-------------------------------- Iteration 79000 -------------------------------- 
training time:  0.015271186828613281
evaluation time:  7.84698224067688
epoch time:  7.862285852432251
loss:  0.017545009


-------------------------------- Iteration 80000 -------------------------------- 
training time:  0.01548457145690918
evaluation time:  7.950314283370972
epoch time:  7.965820074081421
loss:  0.007062058


-------------------------------- Iteration 81000 -------------------------------- 
training time:  0.015333890914916992
evaluation time:  7.862042188644409
epoch time:  7.877415657043457
loss:  0.007687308


-------------------------------- Iteration 82000 -------------------------------- 
training time:  0.015312671661376953
evaluation time:  7.818359136581421
epoch time:  7.833684682846069
loss:  0.011399066


-------------------------------- Iteration 83000 -------------------------------- 
training time:  0.015160083770751953
evaluation time:  7.85675311088562
epoch time:  7.871949911117554
loss:  0.0042155036


-------------------------------- Iteration 84000 -------------------------------- 
training time:  0.015580415725708008
evaluation time:  8.00723385810852
epoch time:  8.022827625274658
loss:  0.013706697


-------------------------------- Iteration 85000 -------------------------------- 
training time:  0.015304803848266602
evaluation time:  7.919625759124756
epoch time:  7.934952020645142
loss:  0.008376818


-------------------------------- Iteration 86000 -------------------------------- 
training time:  0.01540231704711914
evaluation time:  8.042290687561035
epoch time:  8.057720422744751
loss:  0.019346772


-------------------------------- Iteration 87000 -------------------------------- 
training time:  0.015982389450073242
evaluation time:  8.029797792434692
epoch time:  8.045794010162354
loss:  0.011538643


-------------------------------- Iteration 88000 -------------------------------- 
training time:  0.015600919723510742
evaluation time:  8.060225248336792
epoch time:  8.075846433639526
loss:  0.020078458


-------------------------------- Iteration 89000 -------------------------------- 
training time:  0.016296863555908203
evaluation time:  7.962862968444824
epoch time:  7.9791741371154785
loss:  0.018792158


-------------------------------- Iteration 90000 -------------------------------- 
training time:  0.015544652938842773
evaluation time:  8.07456636428833
epoch time:  8.090134620666504
loss:  0.009054142


-------------------------------- Iteration 91000 -------------------------------- 
training time:  0.016168594360351562
evaluation time:  8.085854291915894
epoch time:  8.10204029083252
loss:  0.013265181


-------------------------------- Iteration 92000 -------------------------------- 
training time:  0.015456199645996094
evaluation time:  8.181812763214111
epoch time:  8.197283506393433
loss:  0.022268709


-------------------------------- Iteration 93000 -------------------------------- 
training time:  0.01636981964111328
evaluation time:  8.12751317024231
epoch time:  8.14390778541565
loss:  0.010615478


-------------------------------- Iteration 94000 -------------------------------- 
training time:  0.015683650970458984
evaluation time:  8.16571593284607
epoch time:  8.18143081665039
loss:  0.011325332


-------------------------------- Iteration 95000 -------------------------------- 
training time:  0.016481637954711914
evaluation time:  8.075618982315063
epoch time:  8.092143535614014
loss:  0.005677172


-------------------------------- Iteration 96000 -------------------------------- 
training time:  0.01548314094543457
evaluation time:  8.04771089553833
epoch time:  8.063209772109985
loss:  0.01961483


-------------------------------- Iteration 97000 -------------------------------- 
training time:  0.01694464683532715
evaluation time:  8.165354251861572
epoch time:  8.182313680648804
loss:  0.006614893


-------------------------------- Iteration 98000 -------------------------------- 
training time:  0.015567541122436523
evaluation time:  7.9267730712890625
epoch time:  7.942356824874878
loss:  0.003393271


-------------------------------- Iteration 99000 -------------------------------- 
training time:  0.016035079956054688
evaluation time:  7.8942272663116455
epoch time:  7.910304069519043
loss:  0.009338668


-------------------------------- Iteration 100000 -------------------------------- 
training time:  0.01555323600769043
evaluation time:  8.072076082229614
epoch time:  8.08764386177063
loss:  0.0052471273


-------------------------------- Iteration 101000 -------------------------------- 
training time:  0.017273664474487305
evaluation time:  8.00467300415039
epoch time:  8.021971225738525
loss:  0.01205636


-------------------------------- Iteration 102000 -------------------------------- 
training time:  0.01645660400390625
evaluation time:  8.027684450149536
epoch time:  8.044153928756714
loss:  0.0052169766


-------------------------------- Iteration 103000 -------------------------------- 
training time:  0.01679849624633789
evaluation time:  7.8842058181762695
epoch time:  7.901025772094727
loss:  0.004179666


-------------------------------- Iteration 104000 -------------------------------- 
training time:  0.016111135482788086
evaluation time:  8.001878261566162
epoch time:  8.018009901046753
loss:  0.013300449


-------------------------------- Iteration 105000 -------------------------------- 
training time:  0.015962839126586914
evaluation time:  8.093122005462646
epoch time:  8.109099388122559
loss:  0.004969131


<string>:6: FutureWarning: The input object of type 'Tensor' is an array-like implementing one of the corresponding protocols (`__array__`, `__array_interface__` or `__array_struct__`); but not a sequence (or 0-D). In the future, this object will be coerced as if it was first converted using `np.array(obj)`. To retain the old behaviour, you have to either modify the type 'Tensor', or assign to an empty array created with `np.empty(correct_shape, dtype=object)`.
<string>:6: VisibleDeprecationWarning: Creating an ndarray from ragged nested sequences (which is a list-or-tuple of lists-or-tuples-or ndarrays with different lengths or shapes) is deprecated. If you meant to do this, you must specify 'dtype=object' when creating the ndarray.
-------------------------------- Iteration 106000 -------------------------------- 
training time:  0.01650381088256836
evaluation time:  8.146479606628418
epoch time:  8.162999629974365
loss:  0.008746595


-------------------------------- Iteration 107000 -------------------------------- 
training time:  0.01676630973815918
evaluation time:  8.141417026519775
epoch time:  8.158204317092896
loss:  0.004808138


-------------------------------- Iteration 108000 -------------------------------- 
training time:  0.01592540740966797
evaluation time:  8.115226984024048
epoch time:  8.131166458129883
loss:  0.00471965


-------------------------------- Iteration 109000 -------------------------------- 
training time:  0.0156402587890625
evaluation time:  8.205713987350464
epoch time:  8.221374273300171
loss:  0.004900503


-------------------------------- Iteration 110000 -------------------------------- 
training time:  0.015641450881958008
evaluation time:  8.127431631088257
epoch time:  8.143087387084961
loss:  0.014387253


-------------------------------- Iteration 111000 -------------------------------- 
training time:  0.015556097030639648
evaluation time:  8.146665811538696
epoch time:  8.162260055541992
loss:  0.009486187


-------------------------------- Iteration 112000 -------------------------------- 
training time:  0.01607346534729004
evaluation time:  7.980032682418823
epoch time:  7.996127605438232
loss:  0.009280969


-------------------------------- Iteration 113000 -------------------------------- 
training time:  0.015530109405517578
evaluation time:  8.037601470947266
epoch time:  8.053150177001953
loss:  0.006702427


-------------------------------- Iteration 114000 -------------------------------- 
training time:  0.015635013580322266
evaluation time:  8.059277534484863
epoch time:  8.074963331222534
loss:  0.00612718


-------------------------------- Iteration 115000 -------------------------------- 
training time:  0.01621389389038086
evaluation time:  8.021124839782715
epoch time:  8.037353038787842
loss:  0.009165002


-------------------------------- Iteration 116000 -------------------------------- 
training time:  0.015601396560668945
evaluation time:  7.857217788696289
epoch time:  7.872840166091919
loss:  0.010162013


-------------------------------- Iteration 117000 -------------------------------- 
training time:  0.017943143844604492
evaluation time:  8.145264387130737
epoch time:  8.163247108459473
loss:  0.012242849


-------------------------------- Iteration 118000 -------------------------------- 
training time:  0.01678609848022461
evaluation time:  7.999935865402222
epoch time:  8.016739130020142
loss:  0.015669448


-------------------------------- Iteration 119000 -------------------------------- 
training time:  0.015785932540893555
evaluation time:  7.896949529647827
epoch time:  7.912755489349365
loss:  0.0030346336


-------------------------------- Iteration 120000 -------------------------------- 
training time:  0.015523433685302734
evaluation time:  7.758548021316528
epoch time:  7.7740843296051025
loss:  0.0063354005


-------------------------------- Iteration 121000 -------------------------------- 
training time:  0.015439033508300781
evaluation time:  7.763210296630859
epoch time:  7.778666734695435
loss:  0.0072531877


-------------------------------- Iteration 122000 -------------------------------- 
training time:  0.01539301872253418
evaluation time:  7.910370588302612
epoch time:  7.925775766372681
loss:  0.004938976


-------------------------------- Iteration 123000 -------------------------------- 
training time:  0.015410900115966797
evaluation time:  7.720832347869873
epoch time:  7.7362823486328125
loss:  0.017352812


-------------------------------- Iteration 124000 -------------------------------- 
training time:  0.015290260314941406
evaluation time:  7.698085784912109
epoch time:  7.713390827178955
loss:  0.0070469994


-------------------------------- Iteration 125000 -------------------------------- 
training time:  0.015355587005615234
evaluation time:  7.777483224868774
epoch time:  7.79285192489624
loss:  0.0033871839


-------------------------------- Iteration 126000 -------------------------------- 
training time:  0.015325069427490234
evaluation time:  7.886960744857788
epoch time:  7.902311086654663
loss:  0.0045764796


-------------------------------- Iteration 127000 -------------------------------- 
training time:  0.015382766723632812
evaluation time:  7.74775767326355
epoch time:  7.763153314590454
loss:  0.0033458525


-------------------------------- Iteration 128000 -------------------------------- 
training time:  0.015610694885253906
evaluation time:  7.723257780075073
epoch time:  7.7388811111450195
loss:  0.01064626


-------------------------------- Iteration 129000 -------------------------------- 
training time:  0.015425920486450195
evaluation time:  7.73823356628418
epoch time:  7.753673791885376
loss:  0.0052458984


-------------------------------- Iteration 130000 -------------------------------- 
training time:  0.015363693237304688
evaluation time:  7.737003564834595
epoch time:  7.752381324768066
loss:  0.00501507


-------------------------------- Iteration 131000 -------------------------------- 
training time:  0.015352725982666016
evaluation time:  7.880825757980347
epoch time:  7.896191835403442
loss:  0.006030585


-------------------------------- Iteration 132000 -------------------------------- 
training time:  0.015368938446044922
evaluation time:  7.730872869491577
epoch time:  7.746258735656738
loss:  0.0041320794


-------------------------------- Iteration 133000 -------------------------------- 
training time:  0.015911340713500977
evaluation time:  7.764333724975586
epoch time:  7.780258893966675
loss:  0.011722468


-------------------------------- Iteration 134000 -------------------------------- 
training time:  0.016003847122192383
evaluation time:  7.77792501449585
epoch time:  7.793954610824585
loss:  0.008976721


-------------------------------- Training stopped due to early stopping -------------------------------- 
min loss:  0.0008907717


-------------------------------- Test Results -------------------------------- 
box-close-v1_success_rate _success_rate:  1.0
dial-turn-v1_success_rate _success_rate:  1.0
door-close-v1_success_rate _success_rate:  1.0
drawer-open-v1_success_rate _success_rate:  0.0
faucet-open-v1_success_rate _success_rate:  1.0
handle-press-v1_success_rate _success_rate:  1.0
plate-slide-v1_success_rate _success_rate:  1.0
shelf-place-v1_success_rate _success_rate:  1.0
soccer-v1_success_rate _success_rate:  1.0
window-close-v1_success_rate _success_rate:  1.0
mean_success_rate:  0.9
Done
