/var/lib/slurm/slurmd/job3515628/slurm_script: line 9: batch_scripts/MT50_batch/seed.sh: No such file or directory
SLURM_JOBID=3515628
working directory=/viscam/u/jialugao/Imitation-SoftModule
########################
logging outputs to  /viscam/u/jialugao/Imitation-SoftModule/data/Base_bc_reach_pick-out-of-hole-v1_2640.000125-01-2022_23-01-55
########################
{'expert_policy_file': '../Multi-Task-RL/log/MT50_Single_Task/pick-out-of-hole-v1/Fixed/238/model/model_pf_best.pth', 'exp_name': 'bc_reach', 'do_dagger': False, 'ep_len': 200, 'gradient_steps': 1, 'n_iter': 10000, 'render_interval': 1, 'eval_interval': 200, 'batch_size': 64, 'eval_batch_size': 32, 'train_batch_size': 32, 'n_layers': 2, 'size': 400, 'learning_rate': 0.0001, 'video_log_freq': -1, 'scalar_log_freq': 1, 'no_gpu': False, 'which_gpu': 0, 'max_replay_buffer_size': 1000000, 'save_params': False, 'seed': 32, 'worker_nums': 1, 'eval_worker_nums': 1, 'config': 'config/BC.json', 'no_cuda': True, 'random_init': False, 'device': 'cpu', 'id': 'MT50_Single_Task', 'task_name': 'pick-out-of-hole-v1', 'task_env': 'MT50_task_env', 'cuda': False, 'log_dir': '/viscam/u/jialugao/Imitation-SoftModule/data/Base_bc_reach_pick-out-of-hole-v1_2640.000125-01-2022_23-01-55', 'agent_class': <class 'agents.bc_agent.MLPAgent'>, 'agent_params': {'n_layers': 2, 'size': 400, 'learning_rate': 0.0001, 'max_replay_buffer_size': 1000000, 'discrete': False, 'ac_dim': 4, 'ob_dim': 9}}
{'env_name': 'single_task', 'env': {'reward_scale': 1, 'obs_norm': False}, 'meta_env': {'obs_type': 'with_goal', 'random_init': False}, 'replay_buffer': {'size': 1000000.0}, 'net': {'hidden_shapes': [400, 400], 'append_hidden_shapes': [400], 'base_type': <class 'networks.base.MLPBase'>}, 'general_setting': {'discount': 0.99, 'pretrain_epochs': 20, 'num_epochs': 7500, 'epoch_frames': 200, 'max_episode_frames': 200, 'batch_size': 1280, 'min_pool': 10000, 'target_hard_update_period': 1000, 'use_soft_update': True, 'tau': 0.005, 'opt_times': 200, 'eval_episodes': 100, 'train_render': False, 'eval_render': False, 'env': <NormAct<RewardShift<SingleWrapperNone>>>, 'logger': <utils.logger.Logger object at 0x7f8479988ed0>, 'device': device(type='cpu')}, 'sac': {'plr': 0.0003, 'qlr': 0.0003, 'reparameterization': True, 'automatic_entropy_tuning': True, 'policy_std_reg_weight': 0, 'policy_mean_reg_weight': 0}}
Loading expert policy from... ../Multi-Task-RL/log/MT50_Single_Task/pick-out-of-hole-v1/Fixed/238/model/model_pf_best.pth
tensor([[-0.3221,  0.0766, -0.4757,  ..., -0.0365, -0.0358, -0.0817],
        [ 0.0364, -0.0260, -0.1465,  ...,  0.0090,  0.0018, -0.0678],
        [-0.0602, -0.3861,  0.1324,  ..., -0.0016,  0.0677,  0.0458],
        ...,
        [ 1.3245, -0.2923,  0.2090,  ...,  0.0400,  0.0119,  0.0167],
        [-1.0803, -0.2156, -0.0882,  ..., -0.0461,  0.0796,  0.0540],
        [ 0.0497,  0.0462, -0.6164,  ..., -0.0211, -0.0152,  0.0167]])
Done restoring expert policy...
<NormAct<RewardShift<AugObs<SawyerPickOutOfHoleEnv instance>>>>


-------------------------------- Iteration 0 -------------------------------- 
initial ob: [-0.03357615  0.51377786  0.2363442   0.          0.84       -0.03
  0.          0.6         0.2         0.          0.6         0.2       ]
expert:[-0.78176016  0.9914905   0.99421096 -0.8853001 ]
expert:[-0.6278261  0.9895304  0.9937242 -0.3133649]
expert:[-0.60550785  0.9895803   0.99436384  0.43298665]
expert:[-0.5817633   0.99058944  0.9950861   0.4336214 ]
expert:[-0.46781862  0.9908744   0.9938212   0.19932634]
expert:[-0.23308438  0.9908408   0.9928874  -0.19066629]
expert:[ 0.88214517  0.9842291  -0.90158474 -0.90016806]
expert:[ 0.9336643   0.9846123  -0.95076853 -0.90528023]
expert:[ 0.9440813   0.98462635 -0.9525891  -0.9101895 ]
expert:[ 0.9414229   0.98288935 -0.9487792  -0.90442055]
expert:[ 0.925564    0.9780287  -0.9408735  -0.89336705]
expert:[-0.40618536  0.97331107  0.9814198   0.5095607 ]
expert:[-0.7500566   0.97029144  0.97758204  0.86087507]
expert:[-0.81430715  0.9697784   0.97707176  0.8953089 ]
expert:[-0.7785682  0.9663725  0.9737313  0.8977723]
expert:[-0.6688054   0.96062094  0.9709064   0.89485806]
expert:[-0.48561695  0.9582206   0.97163516  0.8439352 ]
expert:[ 0.7119455   0.9476641  -0.23020999 -0.43195283]
expert:[ 0.9238147   0.9557289  -0.91724193 -0.85407734]
expert:[ 0.9288352   0.9352068  -0.91877866 -0.8611638 ]
expert:[ 0.9159863   0.88946307 -0.90982074 -0.8416637 ]
expert:[ 0.88845646  0.78857267 -0.8988237  -0.79964274]
expert:[ 0.844461    0.31830785 -0.85410625 -0.6602559 ]
expert:[ 0.7772567  -0.20942193 -0.7532751  -0.4701338 ]
expert:[ 0.5992152  -0.40889683 -0.23452559 -0.21496171]
expert:[ 0.3972004  -0.27163196  0.7996104  -0.15113871]
expert:[ 0.43144828  0.47006682  0.945376   -0.22931801]
expert:[0.47936496 0.60591274 0.94355386 0.1759534 ]
expert:[0.45714763 0.49715912 0.8709697  0.54552835]
expert:[0.07142397 0.38100538 0.6971606  0.49283952]
expert:[-0.13818605  0.33972517  0.06034632  0.20361105]
expert:[-0.21642447  0.41437504 -0.33337605  0.04328876]
expert:[-0.27343702  0.43405512 -0.47189292  0.02277291]
expert:[-0.23359965  0.3806752  -0.5329032   0.00666197]
expert:[-0.1244848   0.2528504  -0.5244991   0.00623402]
expert:[ 0.1415487   0.06058405 -0.48412994  0.0040615 ]
expert:[ 0.38461637 -0.08884011 -0.38993332 -0.00203933]
expert:[ 0.44986817 -0.21133597 -0.17231125  0.05150927]
expert:[ 0.41043606 -0.16886461  0.10123856  0.16069843]
expert:[ 0.146287   -0.05975217  0.2789912   0.24959277]
expert:[-0.23332705  0.03033468  0.46299496  0.30703688]
expert:[-0.41351917  0.07102018  0.5088551   0.32836422]
expert:[-0.43631968  0.0681869   0.44446653  0.3034705 ]
expert:[-0.31436637  0.02741268  0.23869485  0.23166731]
expert:[-0.033164   -0.0681238  -0.02486058  0.1503029 ]
expert:[ 0.29143545 -0.17570776 -0.2078604   0.07910638]
expert:[ 0.4432344  -0.252001   -0.314593    0.01895504]
expert:[ 0.44407946 -0.23779587 -0.33907986  0.01195138]
expert:[ 0.25754553 -0.13384597 -0.30412275  0.05624251]
expert:[-0.09022229 -0.01050121 -0.21053064  0.11319385]
expert:[-0.3285246   0.06456879 -0.07807466  0.15931453]
expert:[-0.4645542   0.12346233  0.15256993  0.23115304]
expert:[-0.46728042  0.12580453  0.26634336  0.2652109 ]
expert:[-0.33497563  0.07494093  0.25597885  0.2533344 ]
expert:[-0.02645269  0.00719073  0.1474953   0.22121507]
expert:[ 0.3723339  -0.14726992  0.09817403  0.1670655 ]
expert:[ 0.48732325 -0.28001124  0.05549273  0.1182872 ]
expert:[ 0.4847485  -0.27903357 -0.04847237  0.08462516]
expert:[ 0.3379128  -0.13817589 -0.14690126  0.08111276]
expert:[-0.04472367  0.02324155 -0.18036585  0.1221142 ]
expert:[-0.31627697  0.11449715 -0.16055337  0.14916335]
expert:[-0.44588524  0.18431023 -0.09889613  0.17745191]
expert:[-0.47204342  0.19169499  0.01933199  0.20866218]
expert:[-0.3709475   0.14010462  0.06454     0.2135338 ]
expert:[-0.14263122  0.05928657  0.03465613  0.18938069]
expert:[ 0.24229008 -0.03003136  0.06622699  0.19399793]
expert:[ 0.46402845 -0.19471951  0.11694836  0.15909246]
expert:[ 0.50280327 -0.25537103  0.12089892  0.1450981 ]
expert:[ 0.44275504 -0.18224412  0.04771003  0.12778766]
expert:[ 0.14627309 -0.04158124 -0.04977867  0.14123526]
expert:[-0.19914247  0.07489467 -0.08331534  0.15218984]
expert:[-0.38976312  0.15491182 -0.08430838  0.1738856 ]
expert:[-0.46317524  0.19812255 -0.04740475  0.19151725]
expert:[-0.4138563   0.16667798 -0.03545231  0.18654376]
expert:[-0.24426298  0.09569476 -0.0504725   0.16694382]
expert:[ 0.03975173  0.00154646 -0.03177726  0.15851465]
expert:[ 0.39076707 -0.11894597  0.03677348  0.13579325]
expert:[ 0.47971508 -0.22294395  0.09612172  0.14172724]
expert:[ 0.46344262 -0.20321944  0.09258091  0.14547956]
expert:[ 0.29268607 -0.07255121  0.03388202  0.16237168]
expert:[-0.07779144  0.03376075 -0.02612499  0.16754363]
expert:[-0.32266778  0.11861095 -0.01063441  0.18443918]
expert:[-0.44215766  0.17034404  0.02365123  0.20645405]
expert:[-0.43022344  0.16586424  0.00227257  0.19885148]
expert:[-0.294816    0.10706172 -0.05876716  0.16650076]
expert:[-0.06305739  0.03003552 -0.06744868  0.14651455]
expert:[ 0.27709267 -0.08856522 -0.04348217  0.12003022]
expert:[ 0.4542265  -0.20222358  0.00963551  0.10929354]
expert:[ 0.46667388 -0.21659395  0.03591881  0.11733437]
expert:[ 0.36049554 -0.11595245  0.01507686  0.13163464]
expert:[ 0.01242916  0.00512655 -0.02188056  0.16437085]
expert:[-0.2672715   0.09922794  0.00642575  0.18554562]
expert:[-0.42340416  0.15709719  0.08087286  0.22297235]
expert:[-0.4444111   0.16959378  0.08460401  0.22577192]
expert:[-0.33354628  0.1253533   0.00502105  0.19135977]
expert:[-0.12201706  0.04920296 -0.05662183  0.15509787]
expert:[ 0.20935218 -0.06361933 -0.06284123  0.12277407]
expert:[ 0.44167352 -0.1890687  -0.03161372  0.09560748]
expert:[ 0.47359648 -0.22576697 -0.00809856  0.10121868]
expert:[ 0.40686157 -0.1492195  -0.01975139  0.10289836]
expert:[ 0.08175464 -0.01751363 -0.04308644  0.14948095]
expert:[-0.22316839  0.08622675 -0.02406101  0.17388268]
expert:[-0.40817383  0.15388586  0.076013    0.22106116]
expert:[-0.46279725  0.17475648  0.11946235  0.24092332]
expert:[-0.3747026   0.1430594   0.06541302  0.21479495]
expert:[-0.16887704  0.06903513 -0.03639344  0.16818143]
expert:[ 0.15157798 -0.03851646 -0.05385871  0.13745964]
expert:[ 0.42947704 -0.17049426 -0.0316675   0.09681815]
expert:[ 0.47995907 -0.23091705 -0.01419763  0.09848117]
expert:[ 0.43147656 -0.1743044  -0.02736165  0.09816895]
expert:[ 0.15464343 -0.04135216 -0.05556438  0.13605493]
expert:[-0.17436345  0.07008485 -0.04957018  0.16320078]
expert:[-0.37931502  0.14569323  0.03853705  0.20765328]
expert:[-0.4633652   0.17886978  0.10915241  0.23852743]
expert:[-0.40392783  0.15622905  0.08570588  0.22481076]
expert:[-0.2172517   0.08925599 -0.01613958  0.1767793 ]
expert:[ 0.07757495 -0.00966869 -0.04335336  0.15059048]
expert:[ 0.40489292 -0.13993257 -0.02191252  0.10249417]
expert:[ 0.478267   -0.22506282  0.00132588  0.10433599]
expert:[ 0.45011878 -0.19361882 -0.01015457  0.10276659]
expert:[ 0.2270127  -0.06495149 -0.04909789  0.12775595]
expert:[-0.12289112  0.05173113 -0.05517429  0.15612091]
expert:[-0.3415667   0.13162751 -0.00198883  0.191316  ]
expert:[-0.448988    0.17912139  0.07822229  0.2253085 ]
expert:[-0.42192093  0.16526665  0.07906447  0.2237598 ]
expert:[-0.26364642  0.10519475 -0.00411002  0.18447642]
expert:[ 0.00330068  0.01479777 -0.03980802  0.15685865]
expert:[ 0.3462849  -0.10805566 -0.01590219  0.11776321]
expert:[ 0.46724415 -0.21198848  0.01055432  0.10859499]
expert:[ 0.46073067 -0.20630786  0.00725191  0.10796314]
expert:[ 0.30488545 -0.09485285 -0.02772138  0.12246023]
expert:[-0.04889645  0.02827254 -0.05236912  0.15307498]
expert:[-0.298696    0.11396519 -0.02797528  0.17851374]
expert:[-0.4357138   0.17005406  0.0585809   0.21766375]
expert:[-0.43884605  0.17136404  0.07659369  0.22360586]
expert:[-0.31180838  0.12007257  0.01295715  0.19236155]
expert:[-0.07394676  0.03754866 -0.04083785  0.16060121]
expert:[ 0.27021003 -0.07498511 -0.02642151  0.13203663]
expert:[ 0.45540857 -0.19997807  0.00696093  0.10833722]
expert:[ 0.4725889  -0.2219769   0.0146893   0.10944242]
expert:[ 0.38000432 -0.13226375 -0.01363611  0.10943914]
expert:[ 0.0333367  -0.00065215 -0.04788402  0.1500899 ]
expert:[-0.25219056  0.09550279 -0.0375515   0.17088059]
expert:[-0.42023215  0.16086693  0.04746595  0.21290357]
expert:[-0.455489    0.17861617  0.08223861  0.22664669]
expert:[-0.35780627  0.1359973   0.03227352  0.20277388]
expert:[-0.14813834  0.05985353 -0.04172286  0.16475901]
expert:[ 0.18385588 -0.04668706 -0.04246703  0.13960022]
expert:[ 0.43926534 -0.18133835 -0.00480456  0.10560184]
expert:[ 0.48118755 -0.23186626  0.01483098  0.10870363]
expert:[ 0.42505246 -0.16678876 -0.00510027  0.10667198]
expert:[ 0.12698258 -0.03298823 -0.04590598  0.14515954]
expert:[-0.1948689   0.07549845 -0.04407068  0.16633712]
expert:[-0.39167565  0.14831388  0.03641691  0.20770504]
expert:[-0.46253988  0.18066417  0.09063255  0.23130898]
expert:[-0.39482784  0.15112802  0.05717353  0.21478744]
expert:[-0.20450617  0.08263761 -0.03222555  0.1710072 ]
expert:[ 0.09768827 -0.0185438  -0.04845895  0.146399  ]
expert:[ 0.4129779  -0.14951693 -0.0204522   0.10229106]
expert:[ 0.47871742 -0.22681399  0.00790115  0.10658547]
expert:[ 0.44474038 -0.18784827 -0.0017036   0.10621326]
expert:[ 0.20617686 -0.05512483 -0.04070721  0.13689888]
expert:[-0.1400735   0.05637747 -0.04733764  0.16107155]
expert:[-0.3529546   0.13476552  0.01600355  0.19760212]
expert:[-0.45080128  0.17776111  0.08499369  0.22752419]
expert:[-0.41342825  0.159965    0.07224294  0.22087416]
expert:[-0.24621527  0.09846232 -0.01901013  0.17773744]
expert:[ 0.02524978  0.00685501 -0.04487517  0.15283573]
expert:[ 0.3626216  -0.11880174 -0.02127385  0.11064319]
expert:[ 0.4686681  -0.21482114  0.00586243  0.10678083]
expert:[ 0.45590824 -0.20133567  0.00464019  0.10745393]
expert:[ 0.2788845  -0.08272487 -0.02931204  0.12840194]
expert:[-0.0744684   0.03595584 -0.04940084  0.15601465]
expert:[-0.31471965  0.11976119 -0.01150406  0.18473473]
expert:[-0.43987027  0.1715788   0.06881315  0.2211168 ]
expert:[-0.43132612  0.1672168   0.07629396  0.22298911]
expert:[-0.29251313  0.113537    0.00168717  0.18732825]
expert:[-0.04522509  0.02882653 -0.04337887  0.157687  ]
expert:[ 0.2984915  -0.08870725 -0.02635861  0.12518984]
expert:[ 0.45876718 -0.20430645  0.00436525  0.10711186]
expert:[ 0.4665946  -0.21499415  0.00915996  0.10806236]
expert:[ 0.34857923 -0.11725467 -0.01916763  0.11485343]
expert:[-0.00031474  0.0108846  -0.04838619  0.15194947]
expert:[-0.27050242  0.10276206 -0.03129786  0.1743428 ]
expert:[-0.42619294  0.16360076  0.05719226  0.21635816]
expert:[-0.44796976  0.17459758  0.08417578  0.22639777]
expert:[-0.33822942  0.12885384  0.0268845   0.19901901]
expert:[-0.119464    0.05036364 -0.04128708  0.16279726]
expert:[ 0.21845536 -0.05815784 -0.0388333   0.13583565]
expert:[ 0.44688365 -0.19058324 -0.00244656  0.10575624]
expert:[ 0.4786462  -0.22931886  0.01207655  0.10796347]
expert:[ 0.41278183 -0.15362091 -0.0127171   0.10495301]
expert:[ 0.08869608 -0.01978181 -0.04766191  0.14671871]
expert:[-0.22016582  0.084498   -0.04108062  0.16839845]
expert:[-0.40663356  0.15495677  0.04449488  0.21126056]
expert:[-0.46380153  0.18055175  0.09199817  0.23182051]
expert:[-0.38262033  0.14610977  0.050577    0.21129872]
expert:[-0.18198912  0.07369126 -0.03668321  0.16856927]
expert:[ 0.13412474 -0.03179085 -0.04837396  0.14370733]
expert:[ 0.42563987 -0.16461758 -0.01546988  0.10299677]
expert_success: 0
path_length: 200
