/var/lib/slurm/slurmd/job3515593/slurm_script: line 9: batch_scripts/MT50_batch/seed.sh: No such file or directory
SLURM_JOBID=3515593
working directory=/viscam/u/jialugao/Imitation-SoftModule
########################
logging outputs to  /viscam/u/jialugao/Imitation-SoftModule/data/Base_bc_reach_pick-place-wall-v1_2640.000125-01-2022_23-02-07
########################
{'expert_policy_file': '../Multi-Task-RL/log/MT50_Single_Task/pick-place-wall-v1/Fixed/238/model/model_pf_best.pth', 'exp_name': 'bc_reach', 'do_dagger': False, 'ep_len': 250, 'gradient_steps': 1, 'n_iter': 10000, 'render_interval': 1, 'eval_interval': 200, 'batch_size': 64, 'eval_batch_size': 32, 'train_batch_size': 32, 'n_layers': 2, 'size': 400, 'learning_rate': 0.0001, 'video_log_freq': -1, 'scalar_log_freq': 1, 'no_gpu': False, 'which_gpu': 0, 'max_replay_buffer_size': 1000000, 'save_params': False, 'seed': 32, 'worker_nums': 1, 'eval_worker_nums': 1, 'config': 'config/BC.json', 'no_cuda': True, 'random_init': False, 'device': 'cpu', 'id': 'MT50_Single_Task', 'task_name': 'pick-place-wall-v1', 'task_env': 'MT50_task_env', 'cuda': False, 'log_dir': '/viscam/u/jialugao/Imitation-SoftModule/data/Base_bc_reach_pick-place-wall-v1_2640.000125-01-2022_23-02-07', 'agent_class': <class 'agents.bc_agent.MLPAgent'>, 'agent_params': {'n_layers': 2, 'size': 400, 'learning_rate': 0.0001, 'max_replay_buffer_size': 1000000, 'discrete': False, 'ac_dim': 4, 'ob_dim': 9}}
{'env_name': 'single_task', 'env': {'reward_scale': 1, 'obs_norm': False}, 'meta_env': {'obs_type': 'with_goal', 'random_init': False}, 'replay_buffer': {'size': 1000000.0}, 'net': {'hidden_shapes': [400, 400], 'append_hidden_shapes': [400], 'base_type': <class 'networks.base.MLPBase'>}, 'general_setting': {'discount': 0.99, 'pretrain_epochs': 20, 'num_epochs': 7500, 'epoch_frames': 200, 'max_episode_frames': 200, 'batch_size': 1280, 'min_pool': 10000, 'target_hard_update_period': 1000, 'use_soft_update': True, 'tau': 0.005, 'opt_times': 200, 'eval_episodes': 100, 'train_render': False, 'eval_render': False, 'env': <NormAct<RewardShift<SingleWrapperNone>>>, 'logger': <utils.logger.Logger object at 0x7f50f4ee6d10>, 'device': device(type='cpu')}, 'sac': {'plr': 0.0003, 'qlr': 0.0003, 'reparameterization': True, 'automatic_entropy_tuning': True, 'policy_std_reg_weight': 0, 'policy_mean_reg_weight': 0}}
Loading expert policy from... ../Multi-Task-RL/log/MT50_Single_Task/pick-place-wall-v1/Fixed/238/model/model_pf_best.pth
tensor([[ 0.0568, -0.0308, -0.1118,  ..., -0.0930, -0.0413, -0.0869],
        [ 0.7613, -0.2318, -0.7245,  ..., -0.0288, -0.0065, -0.0762],
        [ 0.8481, -0.2061, -1.0579,  ..., -0.0658, -0.0530, -0.0748],
        ...,
        [ 0.2749, -0.1299, -0.1164,  ...,  0.0302, -0.0117, -0.0097],
        [ 0.5101, -0.0912, -0.9871,  ..., -0.0735,  0.0166, -0.0090],
        [-0.7398, -0.0255, -0.3766,  ..., -0.1917, -0.1852, -0.1531]])
Done restoring expert policy...
<NormAct<RewardShift<AugObs<SawyerReachPushPickPlaceWallEnv instance>>>>


-------------------------------- Iteration 0 -------------------------------- 
initial ob: [-0.03264955  0.51487924  0.23688597  0.          0.6         0.01499496
  0.05        0.8         0.2         0.05        0.8         0.2       ]
expert:[-0.92545146  0.4564931  -0.8131461   0.4973232 ]
expert:[-0.9533678  -0.09380663 -0.8766042   0.08287013]
expert:[-0.92480093 -0.76284283 -0.91184866 -0.3979016 ]
expert:[-0.7053943  -0.93333036 -0.9117037  -0.6263925 ]
expert:[ 0.5292175  -0.9637037  -0.8849875  -0.72708094]
expert:[ 0.8904331  -0.93546236 -0.8730374  -0.6092847 ]
expert:[ 0.71423143 -0.7486147  -0.88546467 -0.42057335]
expert:[-0.08800171  0.02278823 -0.9170826  -0.17623246]
expert:[-0.8482685   0.66059    -0.9250696  -0.14345197]
expert:[-0.92116565  0.7872824  -0.90112025 -0.17383087]
expert:[-0.71221983  0.84815216 -0.83888143 -0.13352332]
expert:[ 0.3208523  0.9162217 -0.8015882  0.1505234]
expert:[ 0.8646632   0.9410462  -0.8120374   0.33964586]
expert:[ 0.946155    0.937635   -0.775375    0.30247128]
expert:[ 0.9076007   0.82292527 -0.33551726  0.14259239]
expert:[ 0.9421196   0.4514472  -0.5298436   0.06656718]
expert:[ 0.8976634 -0.4295647 -0.9369449 -0.3045291]
expert:[ 0.03913005 -0.9573774  -0.92461634 -0.82821995]
expert:[-0.7352233  -0.98496884 -0.88850445  0.02271788]
expert:[-0.8407357  -0.9499845  -0.88885564  0.9018097 ]
expert:[-0.58377993 -0.8768243  -0.7538081   0.9655158 ]
expert:[0.3515895  0.9533392  0.9121679  0.99957454]
expert:[0.5549906  0.99950826 0.998736   0.9999507 ]
expert:[0.5190489  0.99834687 0.99427724 0.9998691 ]
expert:[ 0.18158978 -0.56209224 -0.53660256  0.966515  ]
expert:[-0.6869681  -0.9139162  -0.8309295   0.92939544]
expert:[-0.7644961  -0.94067734 -0.8743192   0.8831584 ]
expert:[-0.6379068  -0.8898075  -0.84829545  0.7809693 ]
expert:[-0.2006722  -0.18190749 -0.27080074  0.9458174 ]
expert:[ 0.17061692 -0.12008868 -0.2783007   0.9238779 ]
expert:[ 0.641763   -0.25838023 -0.53320444  0.84167325]
expert:[ 0.7432604   0.14832227 -0.4026091   0.8659501 ]
expert:[0.66213673 0.8086426  0.23226136 0.96397424]
expert:[0.43901837 0.97427446 0.82572097 0.99574417]
expert:[0.43141726 0.9998156  0.9979274  0.99993813]
expert:[0.42320883 0.9999879  0.9999169  0.99997425]
expert:[0.3257739  0.99974173 0.9988599  0.999877  ]
expert:[0.13417614 0.99872845 0.9997444  0.9997434 ]
expert:[-0.21396211  0.998271    0.99988955  0.9996309 ]
expert:[-0.3705091   0.9982467   0.99983597  0.9989942 ]
expert:[-0.40088877  0.9986613   0.99967605  0.99750453]
expert:[-0.39588806  0.9990049   0.9995959   0.9961251 ]
expert:[-0.33272234  0.99913454  0.99946     0.9951927 ]
expert:[-0.10369165  0.9994297   0.9995203   0.99349105]
expert:[0.26752454 0.99973387 0.9996459  0.9868497 ]
expert:[0.523142   0.99982715 0.999738   0.97285384]
expert:[0.6195692  0.99983484 0.9997412  0.94484264]
expert:[0.6322953  0.9995776  0.99926245 0.8641308 ]
expert:[0.5099762  0.9993685  0.99373686 0.8710427 ]
expert:[0.3217302  0.99866307 0.89234895 0.90443677]
expert:[0.02821081 0.98195124 0.0773991  0.7190203 ]
expert:[-0.02502308  0.9375548  -0.21217823  0.63051444]
expert:[-0.04290618  0.8257397  -0.35887057  0.5615827 ]
expert:[-0.05946436  0.73642355 -0.3796131   0.56353325]
expert:[-0.06583861  0.71259683 -0.368827    0.64930254]
expert:[-0.06875841  0.6683372  -0.34223375  0.7174871 ]
expert:[-0.06446048  0.6131621  -0.31132194  0.76547897]
expert:[-0.05534408  0.5516628  -0.2778112   0.8010055 ]
expert:[-0.04240137  0.48802844 -0.2455023   0.8259273 ]
expert:[ 0.00954783  0.40767136 -0.20229186  0.8431896 ]
expert:[ 0.06089674  0.33037272 -0.15836911  0.8571044 ]
expert:[ 0.10174171  0.2565901  -0.10636248  0.8743581 ]
expert:[ 0.14160089  0.18364985 -0.03894     0.8984487 ]
expert:[0.16202131 0.11648195 0.01817251 0.9211544 ]
expert:[0.15942326 0.05985707 0.06362506 0.94013256]
expert:[0.13686588 0.01744397 0.09952236 0.95520544]
expert:[ 0.09899843 -0.00890971  0.12820214  0.96682066]
expert:[ 0.06152956 -0.02618161  0.15439698  0.974643  ]
expert:[ 0.02898518 -0.03194901  0.17889324  0.98046714]
expert:[ 0.00250189 -0.01845019  0.18851021  0.98269296]
expert:[-1.8164152e-02  3.7384030e-04  1.8827078e-01  9.8354495e-01]
expert:[-0.03191553  0.01919296  0.17942649  0.983493  ]
expert:[-0.0387811   0.03646021  0.16337259  0.9826773 ]
expert:[-0.03947729  0.05075708  0.14194933  0.9811678 ]
expert:[-0.03560263  0.0611745   0.11592469  0.97904545]
expert:[-0.02830024  0.06806164  0.08859447  0.9764648 ]
expert:[-0.01901848  0.0710848   0.06178366  0.9736351 ]
expert:[-0.00958855  0.07769155  0.03568289  0.9699988 ]
expert:[1.9695982e-04 8.5046403e-02 1.1227866e-02 9.6568489e-01]
expert:[ 0.00839222  0.08946101 -0.00778832  0.9619404 ]
expert:[ 0.01491264  0.09073003 -0.02036105  0.9592345 ]
expert:[ 0.02032115  0.08893114 -0.02556843  0.95788634]
expert:[ 0.02266768  0.08488338 -0.02634056  0.9578638 ]
expert:[ 0.02228782  0.0789688  -0.02352047  0.958952  ]
expert:[ 0.01950812  0.07239635 -0.01805465  0.9608669 ]
expert:[ 0.01525786  0.06531411 -0.0110283   0.9631653 ]
expert:[ 0.01041712  0.05811436 -0.00344378  0.96549094]
expert:[0.00579318 0.05111521 0.00383742 0.9675894 ]
expert:[0.00200526 0.04456166 0.01016208 0.9693145 ]
expert:[-5.6179235e-04  3.8610030e-02  1.5128873e-02  9.7061396e-01]
expert:[-0.00178316  0.03335305  0.01857292  0.9714991 ]
expert:[-0.00177957  0.02885161  0.02051794  0.97201645]
expert:[-8.4296224e-04  2.5114559e-02  2.1150190e-02  9.7223854e-01]
expert:[6.5329287e-04 2.2103822e-02 2.0758463e-02 9.7225022e-01]
expert:[0.00231979 0.01975548 0.01966391 0.9721353 ]
expert:[0.00380853 0.017993   0.01817451 0.97197026]
expert:[0.00485913 0.01673548 0.0165433  0.9718143 ]
expert:[0.00535123 0.0158687  0.01497126 0.97171104]
expert:[0.00527497 0.01529115 0.01357214 0.9716794 ]
expert:[0.00470965 0.01491847 0.01238302 0.971716  ]
expert:[0.00380572 0.01467093 0.01139122 0.97180414]
expert:[0.0027425  0.01448667 0.0105444  0.97191787]
expert:[0.00169993 0.01431171 0.00978395 0.972032  ]
expert:[8.1893039e-04 1.4109688e-02 9.0523418e-03 9.7212464e-01]
expert:[2.0066276e-04 1.3854273e-02 8.3091287e-03 9.7218132e-01]
expert:[-1.2140721e-04  1.3536282e-02  7.5360453e-03  9.7219652e-01]
expert:[-1.5485287e-04  1.3146776e-02  6.7401254e-03  9.7217315e-01]
expert:[3.5252422e-05 1.2699219e-02 5.9409486e-03 9.7211927e-01]
expert:[3.7439537e-04 1.2186222e-02 5.1919501e-03 9.7205216e-01]
expert:[7.804854e-04 1.160790e-02 4.539682e-03 9.719871e-01]
expert:[0.00115754 0.01099334 0.00400784 0.97193414]
expert:[0.00144525 0.01034765 0.00362772 0.9719056 ]
expert:[0.00160776 0.00968098 0.00340337 0.97190654]
expert:[0.0016408  0.0089975  0.00332788 0.9719388 ]
expert:[0.00154444 0.00832318 0.00336743 0.9719961 ]
expert:[0.00135035 0.00766793 0.00348562 0.9720713 ]
expert:[0.00110323 0.00703568 0.00364509 0.972156  ]
expert:[8.2378072e-04 6.4637358e-03 3.7865606e-03 9.7223598e-01]
expert:[5.5620814e-04 5.9430497e-03 3.8896454e-03 9.7230721e-01]
expert:[3.3349171e-04 5.4744533e-03 3.9322320e-03 9.7236401e-01]
expert:[1.6896799e-04 5.0665303e-03 3.8922979e-03 9.7240090e-01]
expert:[7.2211027e-05 4.7145137e-03 3.7701994e-03 9.7241759e-01]
expert:[4.5385212e-05 4.4033839e-03 3.5802717e-03 9.7241718e-01]
expert:[7.0828944e-05 4.1370750e-03 3.3303525e-03 9.7240067e-01]
expert:[1.3135374e-04 3.9023559e-03 3.0458327e-03 9.7237426e-01]
expert:[2.1654367e-04 3.6811067e-03 2.7544280e-03 9.7234440e-01]
expert:[2.9730424e-04 3.4839369e-03 2.4618011e-03 9.7231174e-01]
expert:[3.5470349e-04 3.3056019e-03 2.1852667e-03 9.7228116e-01]
expert:[3.9114428e-04 3.1304853e-03 1.9403225e-03 9.7225642e-01]
expert:[3.8672608e-04 2.9769451e-03 1.7165674e-03 9.7223479e-01]
expert:[3.5249439e-04 2.8292462e-03 1.5259224e-03 9.7221971e-01]
expert:[3.0009821e-04 2.6844079e-03 1.3628147e-03 9.7220933e-01]
expert:[2.3409352e-04 2.5469605e-03 1.2178564e-03 9.7220099e-01]
expert:[1.6682222e-04 2.4108244e-03 1.0896767e-03 9.7219437e-01]
expert:[1.01264566e-04 2.28696666e-03 9.63702507e-04 9.72185314e-01]
expert:[4.3623149e-05 2.1709765e-03 8.4052962e-04 9.7217393e-01]
expert:[1.2852252e-06 2.0580860e-03 7.1991968e-04 9.7215992e-01]
expert:[-1.9151717e-05  1.9411420e-03  6.0562784e-04  9.7214454e-01]
expert:[-2.5898218e-05  1.8284896e-03  4.9211079e-04  9.7212577e-01]
expert:[-1.5370548e-05  1.7126186e-03  3.8580594e-04  9.7210574e-01]
expert:[-1.4416873e-06  1.6015158e-03  2.8501451e-04  9.7208452e-01]
expert:[1.6395003e-05 1.4889826e-03 1.9659102e-04 9.7206402e-01]
expert:[3.3430755e-05 1.3751379e-03 1.2202561e-04 9.7204500e-01]
expert:[4.1492283e-05 1.2701147e-03 5.4463744e-05 9.7202599e-01]
expert:[4.5046210e-05 1.1636609e-03 2.8461218e-06 9.7200960e-01]
expert:[ 3.9275736e-05  1.0628101e-03 -3.9920211e-05  9.7199446e-01]
expert:[ 2.5834888e-05  9.6803874e-04 -7.5355172e-05  9.7198004e-01]
expert:[ 6.4596534e-06  8.7910867e-04 -1.0342896e-04  9.7196656e-01]
expert:[-1.3034791e-05  7.9005939e-04 -1.2277067e-04  9.7195464e-01]
expert:[-3.9316714e-05  7.1316946e-04 -1.4410913e-04  9.7194135e-01]
expert_success: 1.0
path_length: 150
