/var/lib/slurm/slurmd/job3511556/slurm_script: line 9: batch_scripts/MT50_batch/seed.sh: No such file or directory
SLURM_JOBID=3511556
working directory=/viscam/u/jialugao/Imitation-SoftModule
########################
logging outputs to  /viscam/u/jialugao/Imitation-SoftModule/data/Base_bc_reach_soccer-v1_2640.000123-01-2022_22-52-09
########################
{'expert_policy_file': '../Multi-Task-RL/log/MT50_Single_Task/soccer-v1/Fixed/238/model/model_pf_best.pth', 'exp_name': 'bc_reach', 'do_dagger': False, 'ep_len': 200, 'gradient_steps': 1, 'n_iter': 10000, 'render_interval': 1, 'eval_interval': 200, 'batch_size': 64, 'eval_batch_size': 32, 'train_batch_size': 32, 'n_layers': 2, 'size': 400, 'learning_rate': 0.0001, 'video_log_freq': -1, 'scalar_log_freq': 1, 'no_gpu': False, 'which_gpu': 0, 'max_replay_buffer_size': 1000000, 'save_params': False, 'seed': 32, 'worker_nums': 1, 'eval_worker_nums': 1, 'config': 'config/BC.json', 'no_cuda': True, 'random_init': False, 'device': 'cpu', 'id': 'MT50_Single_Task', 'task_name': 'soccer-v1', 'task_env': 'MT50_task_env', 'cuda': False, 'log_dir': '/viscam/u/jialugao/Imitation-SoftModule/data/Base_bc_reach_soccer-v1_2640.000123-01-2022_22-52-09', 'agent_class': <class 'agents.bc_agent.MLPAgent'>, 'agent_params': {'n_layers': 2, 'size': 400, 'learning_rate': 0.0001, 'max_replay_buffer_size': 1000000, 'discrete': False, 'ac_dim': 4, 'ob_dim': 9}}
{'env_name': 'single_task', 'env': {'reward_scale': 1, 'obs_norm': False}, 'meta_env': {'obs_type': 'with_goal', 'random_init': False}, 'replay_buffer': {'size': 1000000.0}, 'net': {'hidden_shapes': [400, 400], 'append_hidden_shapes': [400], 'base_type': <class 'networks.base.MLPBase'>}, 'general_setting': {'discount': 0.99, 'pretrain_epochs': 20, 'num_epochs': 7500, 'epoch_frames': 200, 'max_episode_frames': 200, 'batch_size': 1280, 'min_pool': 10000, 'target_hard_update_period': 1000, 'use_soft_update': True, 'tau': 0.005, 'opt_times': 200, 'eval_episodes': 100, 'train_render': False, 'eval_render': False, 'env': <NormAct<RewardShift<SingleWrapperNone>>>, 'logger': <utils.logger.Logger object at 0x7f6d993ddd10>, 'device': device(type='cpu')}, 'sac': {'plr': 0.0003, 'qlr': 0.0003, 'reparameterization': True, 'automatic_entropy_tuning': True, 'policy_std_reg_weight': 0, 'policy_mean_reg_weight': 0}}
Loading expert policy from... ../Multi-Task-RL/log/MT50_Single_Task/soccer-v1/Fixed/238/model/model_pf_best.pth
Done restoring expert policy...
<NormAct<RewardShift<SawyerSoccerEnv instance>>>
<NormAct<RewardShift<SawyerSoccerEnv instance>>>


-------------------------------- Iteration 0 -------------------------------- 
initial ob: [-0.03265121  0.51487852  0.23688147  0.          0.6         0.02998765
  0.          0.9         0.03      ]
expert_success: 0



-------------------------------- Iteration 0 -------------------------------- 
initial ob: [-0.03265121  0.51487852  0.23688147  0.          0.6         0.02998765
  0.          0.9         0.03      ]
agent_success: 0

training time:  0.11942839622497559
evaluation time:  7.056900262832642
epoch time:  7.176361322402954


-------------------------------- Iteration 200 -------------------------------- 
initial ob: [-0.03265121  0.51487852  0.23688147  0.          0.6         0.02998765
  0.          0.9         0.03      ]
agent_success: 0

training time:  0.0023751258850097656
evaluation time:  7.054206609725952
epoch time:  7.056604385375977


-------------------------------- Iteration 400 -------------------------------- 
initial ob: [-0.03265121  0.51487852  0.23688147  0.          0.6         0.02998765
  0.          0.9         0.03      ]
agent_success: 0

training time:  0.002294778823852539
evaluation time:  7.178213357925415
epoch time:  7.180528879165649


-------------------------------- Iteration 600 -------------------------------- 
initial ob: [-0.03265121  0.51487852  0.23688147  0.          0.6         0.02998765
  0.          0.9         0.03      ]
agent_success: 0

training time:  0.0022830963134765625
evaluation time:  7.136023283004761
epoch time:  7.138328552246094


-------------------------------- Iteration 800 -------------------------------- 
initial ob: [-0.03265121  0.51487852  0.23688147  0.          0.6         0.02998765
  0.          0.9         0.03      ]
agent_success: 0

training time:  0.0022804737091064453
evaluation time:  7.297108173370361
epoch time:  7.299421787261963


-------------------------------- Iteration 1000 -------------------------------- 
initial ob: [-0.03265121  0.51487852  0.23688147  0.          0.6         0.02998765
  0.          0.9         0.03      ]
agent_success: 0

training time:  0.002279996871948242
evaluation time:  7.35387396812439
epoch time:  7.3561789989471436


-------------------------------- Training stopped due to early stopping -------------------------------- 
min loss:  0.098685026


-------------------------------- Test Results -------------------------------- 
initial ob: [-0.03265121  0.51487852  0.23688147  0.          0.6         0.02998765
  0.          0.9         0.03      ]
agent_success: 0

mean_success_rate:  0.0
Done
