/var/lib/slurm/slurmd/job3513867/slurm_script: line 9: batch_scripts/MT50_batch/seed.sh: No such file or directory
SLURM_JOBID=3513867
working directory=/viscam/u/jialugao/Imitation-SoftModule
########################
logging outputs to  /viscam/u/jialugao/Imitation-SoftModule/data/Base_bc_reach_coffee-button-v1_2640.000124-01-2022_18-56-18
########################
{'expert_policy_file': '../Multi-Task-RL/log/MT50_Single_Task/coffee-button-v1/Fixed/238/model/model_pf_best.pth', 'exp_name': 'bc_reach', 'do_dagger': False, 'ep_len': 200, 'gradient_steps': 1, 'n_iter': 10000, 'render_interval': 1, 'eval_interval': 200, 'batch_size': 64, 'eval_batch_size': 32, 'train_batch_size': 32, 'n_layers': 2, 'size': 400, 'learning_rate': 0.0001, 'video_log_freq': -1, 'scalar_log_freq': 1, 'no_gpu': False, 'which_gpu': 0, 'max_replay_buffer_size': 1000000, 'save_params': False, 'seed': 32, 'worker_nums': 1, 'eval_worker_nums': 1, 'config': 'config/BC.json', 'no_cuda': True, 'random_init': False, 'device': 'cpu', 'id': 'MT50_Single_Task', 'task_name': 'coffee-button-v1', 'task_env': 'MT50_task_env', 'cuda': False, 'log_dir': '/viscam/u/jialugao/Imitation-SoftModule/data/Base_bc_reach_coffee-button-v1_2640.000124-01-2022_18-56-18', 'agent_class': <class 'agents.bc_agent.MLPAgent'>, 'agent_params': {'n_layers': 2, 'size': 400, 'learning_rate': 0.0001, 'max_replay_buffer_size': 1000000, 'discrete': False, 'ac_dim': 4, 'ob_dim': 9}}
{'env_name': 'single_task', 'env': {'reward_scale': 1, 'obs_norm': False}, 'meta_env': {'obs_type': 'with_goal', 'random_init': False}, 'replay_buffer': {'size': 1000000.0}, 'net': {'hidden_shapes': [400, 400], 'append_hidden_shapes': [400], 'base_type': <class 'networks.base.MLPBase'>}, 'general_setting': {'discount': 0.99, 'pretrain_epochs': 20, 'num_epochs': 7500, 'epoch_frames': 200, 'max_episode_frames': 200, 'batch_size': 1280, 'min_pool': 10000, 'target_hard_update_period': 1000, 'use_soft_update': True, 'tau': 0.005, 'opt_times': 200, 'eval_episodes': 100, 'train_render': False, 'eval_render': False, 'env': <NormAct<RewardShift<SingleWrapperNone>>>, 'logger': <utils.logger.Logger object at 0x7f42ac822cd0>, 'device': device(type='cpu')}, 'sac': {'plr': 0.0003, 'qlr': 0.0003, 'reparameterization': True, 'automatic_entropy_tuning': True, 'policy_std_reg_weight': 0, 'policy_mean_reg_weight': 0}}
Loading expert policy from... ../Multi-Task-RL/log/MT50_Single_Task/coffee-button-v1/Fixed/238/model/model_pf_best.pth
tensor([[-0.0037, -0.0154, -0.0505,  ..., -0.0365, -0.0185, -0.0644],
        [-0.0103, -0.0351, -0.0394,  ...,  0.0090, -0.0075, -0.0771],
        [-0.0227, -0.0756, -0.0476,  ..., -0.0016, -0.0235, -0.0453],
        ...,
        [ 0.0411, -0.0798, -0.0020,  ...,  0.0400, -0.0484, -0.0435],
        [-0.0359, -0.0361, -0.0474,  ..., -0.0461,  0.0083, -0.0172],
        [-0.0148, -0.0080, -0.0662,  ..., -0.0211, -0.0547, -0.0228]])
Done restoring expert policy...
<NormAct<RewardShift<AugObs<SawyerCoffeeButtonEnv instance>>>>


-------------------------------- Iteration 0 -------------------------------- 
initial ob: [-0.03265049  0.51488106  0.23688764  0.          0.75        0.33
  0.          0.8         0.01        0.          0.8         0.01      ]
expert:[-0.00313977  0.9788106   0.98724896 -0.72744   ]
expert:[-0.04422596  0.97882825  0.9852885  -0.7009566 ]
expert:[-0.07463983  0.9854918   0.98466015 -0.694298  ]
expert:[-0.12567206  0.98763627  0.98553383 -0.68489796]
expert:[-0.15914655  0.98837477  0.9863424  -0.67399657]
expert:[-0.15823199  0.9880242   0.98720294 -0.65182024]
expert:[-0.1491171  0.9877603  0.9876872 -0.6128269]
expert:[-0.13600259  0.9871476   0.9878513  -0.5639026 ]
expert:[-0.10144548  0.9852952   0.9884301  -0.5070591 ]
expert:[-0.05116638  0.98034215  0.9880317  -0.42677268]
expert:[ 0.06391945  0.9760227   0.9877363  -0.35026973]
expert:[ 0.42868358  0.9772329   0.9903477  -0.34980598]
expert:[ 0.7372209   0.97776276  0.991219   -0.38935816]
expert:[ 0.8713949  0.9767283  0.9920169 -0.3895292]
expert:[ 0.89912736  0.9731685   0.9923821  -0.37457207]
expert:[ 0.92328304  0.9716327   0.99201185 -0.39406115]
expert:[ 0.93373084  0.97163147  0.9920282  -0.40441692]
expert:[ 0.94489574  0.9677644   0.99249077 -0.37021685]
expert:[ 0.8658322   0.8711555   0.98955834 -0.19245909]
expert:[ 0.20357926  0.5982605   0.9616051  -0.12231079]
expert:[-0.2397941   0.5966687   0.575306   -0.55987555]
expert:[-0.30762315  0.6468893   0.26478755 -0.66135365]
expert:[-0.35297346  0.6294981   0.13768958 -0.64828277]
expert:[-0.36486116  0.62118554  0.11170927 -0.6458419 ]
expert:[-0.36979148  0.62446016  0.10844218 -0.64488316]
expert:[-0.37338582  0.6325024   0.11204813 -0.6440066 ]
expert:[-0.37711567  0.64272195  0.11760208 -0.6428708 ]
expert:[-0.381252    0.65366703  0.12438237 -0.6418918 ]
expert:[-0.38582242  0.6648299   0.13140811 -0.6409202 ]
expert:[-0.3884622   0.67285347  0.13450627 -0.63920724]
expert:[-0.38914686  0.67674893  0.13506341 -0.6379485 ]
expert:[-0.38950577  0.6801162   0.13546841 -0.6369189 ]
expert:[-0.3900419  0.6843958  0.1363715 -0.6357518]
expert:[-0.39074573  0.6897029   0.13777423 -0.6343875 ]
expert:[-0.39156345  0.6959031   0.13964999 -0.6328339 ]
expert:[-0.39245355  0.7028256   0.1419571  -0.6311123 ]
expert:[-0.39345017  0.7101479   0.1440362  -0.6285574 ]
expert:[-0.39464542  0.7175228   0.14484611 -0.6240443 ]
expert:[-0.39591107  0.7253544   0.14579037 -0.619099  ]
expert:[-0.39719564  0.7334319   0.14689481 -0.6138254 ]
expert:[-0.39836675  0.74139553  0.14827164 -0.60847515]
expert:[-0.399408    0.7492237   0.15002987 -0.60300577]
expert:[-0.40044773  0.7572304   0.15214023 -0.5970949 ]
expert:[-0.40150258  0.7654008   0.15442157 -0.5908203 ]
expert:[-0.40257314  0.77370894  0.15687327 -0.5841687 ]
expert:[-0.40386692  0.78204054  0.15759473 -0.5773481 ]
expert:[-0.40568742  0.7905049   0.15414724 -0.57047904]
expert:[-0.40546826  0.79702973  0.14553633 -0.56516355]
expert:[-0.40382856  0.8024763   0.13442037 -0.5605091 ]
expert:[-0.40141913  0.8076437   0.12304749 -0.55315584]
expert:[-0.39895946  0.81278455  0.11190298 -0.54558426]
expert:[-0.3965689   0.81797934  0.10038146 -0.5377765 ]
expert:[-0.39419904  0.822961    0.08709948 -0.5294469 ]
expert:[-0.3916315   0.8277018   0.07308001 -0.5206379 ]
expert:[-0.3889494   0.83212173  0.05870418 -0.5118813 ]
expert:[-0.3860937  0.8364781  0.0443598 -0.5029616]
expert:[-0.38227656  0.84171873  0.03076337 -0.494223  ]
expert:[-0.37727895  0.84619373  0.01983952 -0.48784208]
expert:[-0.37338132  0.84907246  0.00618041 -0.48429886]
expert:[-0.37085062  0.8505556  -0.00901924 -0.48084074]
expert:[-0.36882475  0.85132986 -0.02424381 -0.47757986]
expert:[-0.3666513   0.8522856  -0.04051531 -0.4738998 ]
expert:[-0.36438888  0.85324657 -0.05675963 -0.47013354]
expert:[-0.3619523   0.85341233 -0.07098509 -0.4665061 ]
expert:[-0.35909462  0.8532236  -0.08535081 -0.46274552]
expert:[-0.35617104  0.8528168  -0.0995058  -0.458921  ]
expert:[-0.35325602  0.8521997  -0.11356773 -0.4549303 ]
expert:[-0.3497074  0.8506622 -0.1271093 -0.4506222]
expert:[-0.34597442  0.8489124  -0.14018218 -0.4461748 ]
expert:[-0.34171498  0.84674066 -0.15188587 -0.44194335]
expert:[-0.33699384  0.84390557 -0.16344365 -0.43806502]
expert:[-0.3305035   0.8419405  -0.17207731 -0.42984232]
expert:[-0.3220939   0.8416918  -0.17608817 -0.41621876]
expert:[-0.31328124  0.8413333  -0.17971754 -0.40214354]
expert:[-0.30428657  0.84061176 -0.18347491 -0.38708314]
expert:[-0.29527524  0.8394093  -0.18774077 -0.371568  ]
expert:[-0.2875925   0.83712435 -0.19453728 -0.36439982]
expert:[-0.27849042  0.8364379  -0.19970527 -0.364925  ]
expert:[-0.26951805  0.83601004 -0.20325172 -0.36568075]
expert:[-0.26054665  0.83575016 -0.20579974 -0.3665347 ]
expert:[-0.25136563  0.8354845  -0.20823489 -0.36737475]
expert:[-0.24178915  0.8351365  -0.21006118 -0.36806116]
expert:[-0.2310743   0.83404964 -0.21069624 -0.36785376]
expert:[-0.22263852  0.8310979  -0.21364684 -0.3703599 ]
expert:[-0.21072944  0.8267285  -0.21549688 -0.37400758]
expert:[-0.19445604  0.82081056 -0.21502827 -0.37847045]
expert:[-0.17785187  0.81460416 -0.2170576  -0.3828743 ]
expert:[-0.16101362  0.8073785  -0.22225644 -0.3899626 ]
expert:[-0.14320835  0.79893655 -0.23095374 -0.39628366]
expert:[-0.12176955  0.78908443 -0.2447274  -0.4007238 ]
expert:[-0.09463049  0.7788442  -0.25117984 -0.40516582]
expert:[-0.06283747  0.7698903  -0.24706542 -0.410454  ]
expert:[-0.00249144  0.7725091  -0.19666474 -0.42850596]
expert:[ 0.0869875   0.7923117  -0.07545118 -0.45469907]
expert:[ 0.21332967  0.8229856   0.10963923 -0.48844573]
expert:[ 0.3663143   0.85692626  0.3038318  -0.53069186]
expert:[ 0.51292783  0.8885286   0.47808486 -0.5832031 ]
expert:[ 0.6388378  0.9105677  0.6060944 -0.6402904]
expert:[ 0.73710734  0.92724407  0.69233155 -0.6921597 ]
expert:[ 0.80673605  0.94009155  0.7534839  -0.7392696 ]
expert:[ 0.85640633  0.9497122   0.797514   -0.77942526]
expert:[ 0.89123356  0.9568832   0.82956797 -0.8150803 ]
expert:[ 0.9130889   0.9613978   0.847117   -0.84076566]
expert:[ 0.9276777  0.9640937  0.8576334 -0.8595499]
expert:[ 0.9378574   0.96597934  0.8635181  -0.8752639 ]
expert:[ 0.9452589  0.9673416  0.8668181 -0.8875537]
expert:[ 0.95028496  0.96837085  0.86740255 -0.89700735]
expert:[ 0.9537122   0.9691345   0.86612105 -0.9043377 ]
expert:[ 0.9559689   0.96951884  0.86302626 -0.90992355]
expert:[ 0.9572164  0.9695446  0.8579639 -0.9140506]
expert:[ 0.95763713  0.9692639   0.8511459  -0.9169597 ]
expert:[ 0.9573641  0.9687245  0.8428366 -0.9188286]
expert:[ 0.95641446  0.96794254  0.8331402  -0.9197189 ]
expert:[ 0.954893   0.9669309  0.8221738 -0.9195804]
expert:[ 0.952605    0.9656244   0.80928737 -0.91851413]
expert:[ 0.94932455  0.963995    0.79432225 -0.9166275 ]
expert:[ 0.9447866  0.9619207  0.7764288 -0.9138392]
expert:[ 0.9390013  0.9593953  0.7555424 -0.9098842]
expert:[ 0.9320807  0.9562873  0.7323599 -0.9044567]
expert:[ 0.9222292   0.95220417  0.7011488  -0.89689684]
expert:[ 0.9091535   0.94714797  0.6626498  -0.8872334 ]
expert:[ 0.8920547   0.9410963   0.61667824 -0.87518185]
expert:[ 0.870395    0.9328947   0.56384706 -0.8595975 ]
expert:[ 0.8409028   0.92198163  0.49791393 -0.8387966 ]
expert:[ 0.80044645  0.90821975  0.41552728 -0.81215566]
expert:[ 0.74685544  0.89096093  0.31970578 -0.77874094]
expert:[ 0.67429394  0.87100315  0.20425524 -0.7404896 ]
expert:[ 0.577413    0.847557    0.07018565 -0.6955379 ]
expert:[ 0.45910117  0.8181086  -0.05824018 -0.64781827]
expert:[ 0.30849588  0.7825341  -0.18969624 -0.59257865]
expert:[ 0.14047015  0.7380891  -0.31253645 -0.5175376 ]
expert:[ 0.01999526  0.6870961  -0.42824686 -0.46484235]
expert:[-0.0544245   0.6522863  -0.525955   -0.42712265]
expert:[-0.10217584  0.6293161  -0.57263255 -0.39997298]
expert:[-0.11995819  0.6158951  -0.58644235 -0.39266604]
expert:[-0.1314211   0.6080786  -0.5953133  -0.38928327]
expert:[-0.13969412  0.611038   -0.5956976  -0.39116323]
expert:[-0.14896907  0.61764127 -0.59258294 -0.3953093 ]
expert:[-0.15772782  0.62392217 -0.5891257  -0.39939106]
expert:[-0.16653746  0.63049537 -0.5867609  -0.40303534]
expert:[-0.17600203  0.63928574 -0.5844089  -0.40577123]
expert:[-0.18624082  0.6502399  -0.58337766 -0.40511817]
expert:[-0.19316015  0.6591588  -0.5797018  -0.4036306 ]
expert:[-0.19842282  0.66765285 -0.5740054  -0.4023767 ]
expert:[-0.20327899  0.6759619  -0.5679304  -0.40123418]
expert:[-0.20783508  0.6829048  -0.56239325 -0.39930278]
expert:[-0.21217823  0.6893542  -0.5569828  -0.39708927]
expert:[-0.21629693  0.6957968  -0.5513838  -0.39496443]
expert:[-0.22015455  0.702155   -0.54560095 -0.39293182]
expert:[-0.22392793  0.70778203 -0.5399799  -0.39041862]
expert_success: 1.0
path_length: 150



-------------------------------- Iteration 0 -------------------------------- 
initial ob: [-0.03265049  0.51488106  0.23688764  0.          0.75        0.33
  0.          0.8         0.01        0.          0.8         0.01      ]
agent_success: 0

training time:  0.17342019081115723
evaluation time:  8.093215703964233
epoch time:  8.266670227050781


-------------------------------- Iteration 200 -------------------------------- 
initial ob: [-0.03265049  0.51488106  0.23688764  0.          0.75        0.33
  0.          0.8         0.01        0.          0.8         0.01      ]
agent_success: 1.0

training time:  0.0025091171264648438
evaluation time:  10.241725206375122
epoch time:  10.24426007270813


-------------------------------- Iteration 400 -------------------------------- 
initial ob: [-0.03265049  0.51488106  0.23688764  0.          0.75        0.33
  0.          0.8         0.01        0.          0.8         0.01      ]
agent_success: 1.0

training time:  0.0024678707122802734
evaluation time:  10.197081327438354
epoch time:  10.199572801589966


-------------------------------- Iteration 600 -------------------------------- 
initial ob: [-0.03265049  0.51488106  0.23688764  0.          0.75        0.33
  0.          0.8         0.01        0.          0.8         0.01      ]
agent_success: 1.0

training time:  0.0023789405822753906
evaluation time:  10.013736486434937
epoch time:  10.016136407852173


-------------------------------- Iteration 800 -------------------------------- 
initial ob: [-0.03265049  0.51488106  0.23688764  0.          0.75        0.33
  0.          0.8         0.01        0.          0.8         0.01      ]
agent_success: 1.0

training time:  0.0023255348205566406
evaluation time:  9.787996053695679
epoch time:  9.790342330932617


-------------------------------- Iteration 1000 -------------------------------- 
initial ob: [-0.03265049  0.51488106  0.23688764  0.          0.75        0.33
  0.          0.8         0.01        0.          0.8         0.01      ]
agent_success: 1.0

training time:  0.0024080276489257812
evaluation time:  10.184612512588501
epoch time:  10.187036991119385


-------------------------------- Iteration 1200 -------------------------------- 
initial ob: [-0.03265049  0.51488106  0.23688764  0.          0.75        0.33
  0.          0.8         0.01        0.          0.8         0.01      ]
agent_success: 1.0

training time:  0.002421140670776367
evaluation time:  10.123802185058594
epoch time:  10.126260042190552


-------------------------------- Iteration 1400 -------------------------------- 
initial ob: [-0.03265049  0.51488106  0.23688764  0.          0.75        0.33
  0.          0.8         0.01        0.          0.8         0.01      ]
agent_success: 1.0

training time:  0.0024335384368896484
evaluation time:  9.933193445205688
epoch time:  9.935640096664429


-------------------------------- Iteration 1600 -------------------------------- 
initial ob: [-0.03265049  0.51488106  0.23688764  0.          0.75        0.33
  0.          0.8         0.01        0.          0.8         0.01      ]
agent_success: 1.0

training time:  0.0024428367614746094
evaluation time:  10.07269287109375
epoch time:  10.075153827667236


-------------------------------- Iteration 1800 -------------------------------- 
initial ob: [-0.03265049  0.51488106  0.23688764  0.          0.75        0.33
  0.          0.8         0.01        0.          0.8         0.01      ]
agent_success: 1.0

training time:  0.002397775650024414
evaluation time:  9.888800382614136
epoch time:  9.891210794448853


-------------------------------- Iteration 2000 -------------------------------- 
initial ob: [-0.03265049  0.51488106  0.23688764  0.          0.75        0.33
  0.          0.8         0.01        0.          0.8         0.01      ]
agent_success: 1.0

training time:  0.0023458003997802734
evaluation time:  10.030140161514282
epoch time:  10.032502889633179


-------------------------------- Iteration 2200 -------------------------------- 
initial ob: [-0.03265049  0.51488106  0.23688764  0.          0.75        0.33
  0.          0.8         0.01        0.          0.8         0.01      ]
agent_success: 1.0

training time:  0.0024788379669189453
evaluation time:  10.346666097640991
epoch time:  10.349157571792603


-------------------------------- Iteration 2400 -------------------------------- 
initial ob: [-0.03265049  0.51488106  0.23688764  0.          0.75        0.33
  0.          0.8         0.01        0.          0.8         0.01      ]
agent_success: 1.0

training time:  0.002473115921020508
evaluation time:  10.230655193328857
epoch time:  10.23314642906189


-------------------------------- Iteration 2600 -------------------------------- 
initial ob: [-0.03265049  0.51488106  0.23688764  0.          0.75        0.33
  0.          0.8         0.01        0.          0.8         0.01      ]
agent_success: 1.0

training time:  0.002462625503540039
evaluation time:  10.28445839881897
epoch time:  10.286940097808838


-------------------------------- Iteration 2800 -------------------------------- 
initial ob: [-0.03265049  0.51488106  0.23688764  0.          0.75        0.33
  0.          0.8         0.01        0.          0.8         0.01      ]
agent_success: 1.0

training time:  0.002413511276245117
evaluation time:  10.173604249954224
epoch time:  10.176039934158325


-------------------------------- Iteration 3000 -------------------------------- 
initial ob: [-0.03265049  0.51488106  0.23688764  0.          0.75        0.33
  0.          0.8         0.01        0.          0.8         0.01      ]
agent_success: 1.0

training time:  0.0024080276489257812
evaluation time:  9.869518518447876
epoch time:  9.871939420700073


-------------------------------- Iteration 3200 -------------------------------- 
initial ob: [-0.03265049  0.51488106  0.23688764  0.          0.75        0.33
  0.          0.8         0.01        0.          0.8         0.01      ]
agent_success: 1.0

training time:  0.002351045608520508
evaluation time:  9.971076250076294
epoch time:  9.973440647125244


-------------------------------- Iteration 3400 -------------------------------- 
initial ob: [-0.03265049  0.51488106  0.23688764  0.          0.75        0.33
  0.          0.8         0.01        0.          0.8         0.01      ]
agent_success: 1.0

training time:  0.0024137496948242188
evaluation time:  10.343868732452393
epoch time:  10.346295356750488


-------------------------------- Iteration 3600 -------------------------------- 
initial ob: [-0.03265049  0.51488106  0.23688764  0.          0.75        0.33
  0.          0.8         0.01        0.          0.8         0.01      ]
agent_success: 1.0

training time:  0.0023779869079589844
evaluation time:  10.271324634552002
epoch time:  10.27371883392334


-------------------------------- Iteration 3800 -------------------------------- 
initial ob: [-0.03265049  0.51488106  0.23688764  0.          0.75        0.33
  0.          0.8         0.01        0.          0.8         0.01      ]
agent_success: 1.0

training time:  0.0024275779724121094
evaluation time:  9.916030168533325
epoch time:  9.918470859527588


-------------------------------- Iteration 4000 -------------------------------- 
initial ob: [-0.03265049  0.51488106  0.23688764  0.          0.75        0.33
  0.          0.8         0.01        0.          0.8         0.01      ]
agent_success: 1.0

training time:  0.0023851394653320312
evaluation time:  9.852433443069458
epoch time:  9.854830265045166


-------------------------------- Iteration 4200 -------------------------------- 
initial ob: [-0.03265049  0.51488106  0.23688764  0.          0.75        0.33
  0.          0.8         0.01        0.          0.8         0.01      ]
agent_success: 1.0

training time:  0.0023834705352783203
evaluation time:  9.663276672363281
epoch time:  9.66568636894226


-------------------------------- Iteration 4400 -------------------------------- 
initial ob: [-0.03265049  0.51488106  0.23688764  0.          0.75        0.33
  0.          0.8         0.01        0.          0.8         0.01      ]
agent_success: 1.0

training time:  0.002318859100341797
evaluation time:  9.822101354598999
epoch time:  9.82443356513977


-------------------------------- Iteration 4600 -------------------------------- 
initial ob: [-0.03265049  0.51488106  0.23688764  0.          0.75        0.33
  0.          0.8         0.01        0.          0.8         0.01      ]
agent_success: 1.0

training time:  0.0024878978729248047
evaluation time:  10.035770416259766
epoch time:  10.03827428817749


-------------------------------- Iteration 4800 -------------------------------- 
initial ob: [-0.03265049  0.51488106  0.23688764  0.          0.75        0.33
  0.          0.8         0.01        0.          0.8         0.01      ]
agent_success: 1.0

training time:  0.0024814605712890625
evaluation time:  10.05135178565979
epoch time:  10.053847551345825


-------------------------------- Iteration 5000 -------------------------------- 
initial ob: [-0.03265049  0.51488106  0.23688764  0.          0.75        0.33
  0.          0.8         0.01        0.          0.8         0.01      ]
agent_success: 1.0

training time:  0.0024111270904541016
evaluation time:  10.092990398406982
epoch time:  10.095429182052612


-------------------------------- Iteration 5200 -------------------------------- 
initial ob: [-0.03265049  0.51488106  0.23688764  0.          0.75        0.33
  0.          0.8         0.01        0.          0.8         0.01      ]
agent_success: 1.0

training time:  0.0024530887603759766
evaluation time:  9.956328392028809
epoch time:  9.958809614181519


-------------------------------- Iteration 5400 -------------------------------- 
initial ob: [-0.03265049  0.51488106  0.23688764  0.          0.75        0.33
  0.          0.8         0.01        0.          0.8         0.01      ]
agent_success: 1.0

training time:  0.002412557601928711
evaluation time:  9.709832668304443
epoch time:  9.712279081344604


-------------------------------- Iteration 5600 -------------------------------- 
initial ob: [-0.03265049  0.51488106  0.23688764  0.          0.75        0.33
  0.          0.8         0.01        0.          0.8         0.01      ]
agent_success: 1.0

training time:  0.002351045608520508
evaluation time:  9.958317518234253
epoch time:  9.960682153701782


-------------------------------- Iteration 5800 -------------------------------- 
initial ob: [-0.03265049  0.51488106  0.23688764  0.          0.75        0.33
  0.          0.8         0.01        0.          0.8         0.01      ]
agent_success: 1.0

training time:  0.0024251937866210938
evaluation time:  10.113521099090576
epoch time:  10.115970373153687


-------------------------------- Iteration 6000 -------------------------------- 
initial ob: [-0.03265049  0.51488106  0.23688764  0.          0.75        0.33
  0.          0.8         0.01        0.          0.8         0.01      ]
agent_success: 1.0

training time:  0.0024466514587402344
evaluation time:  10.084406614303589
epoch time:  10.086867332458496


-------------------------------- Iteration 6200 -------------------------------- 
initial ob: [-0.03265049  0.51488106  0.23688764  0.          0.75        0.33
  0.          0.8         0.01        0.          0.8         0.01      ]
agent_success: 1.0

training time:  0.0024394989013671875
evaluation time:  10.053655862808228
epoch time:  10.056126356124878


-------------------------------- Iteration 6400 -------------------------------- 
initial ob: [-0.03265049  0.51488106  0.23688764  0.          0.75        0.33
  0.          0.8         0.01        0.          0.8         0.01      ]
agent_success: 1.0

training time:  0.002447366714477539
evaluation time:  9.96889042854309
epoch time:  9.971349239349365


-------------------------------- Iteration 6600 -------------------------------- 
initial ob: [-0.03265049  0.51488106  0.23688764  0.          0.75        0.33
  0.          0.8         0.01        0.          0.8         0.01      ]
agent_success: 1.0

training time:  0.002353668212890625
evaluation time:  9.759850025177002
epoch time:  9.762221336364746


-------------------------------- Iteration 6800 -------------------------------- 
initial ob: [-0.03265049  0.51488106  0.23688764  0.          0.75        0.33
  0.          0.8         0.01        0.          0.8         0.01      ]
agent_success: 1.0

training time:  0.0024302005767822266
evaluation time:  10.035520792007446
epoch time:  10.037962913513184


-------------------------------- Iteration 7000 -------------------------------- 
initial ob: [-0.03265049  0.51488106  0.23688764  0.          0.75        0.33
  0.          0.8         0.01        0.          0.8         0.01      ]
agent_success: 1.0

training time:  0.002422809600830078
evaluation time:  10.141550779342651
epoch time:  10.143985986709595


-------------------------------- Iteration 7200 -------------------------------- 
initial ob: [-0.03265049  0.51488106  0.23688764  0.          0.75        0.33
  0.          0.8         0.01        0.          0.8         0.01      ]
agent_success: 1.0

training time:  0.002572774887084961
evaluation time:  10.091337203979492
epoch time:  10.093922138214111


-------------------------------- Iteration 7400 -------------------------------- 
initial ob: [-0.03265049  0.51488106  0.23688764  0.          0.75        0.33
  0.          0.8         0.01        0.          0.8         0.01      ]
agent_success: 1.0

training time:  0.0024709701538085938
evaluation time:  9.923641681671143
epoch time:  9.926129341125488


-------------------------------- Iteration 7600 -------------------------------- 
initial ob: [-0.03265049  0.51488106  0.23688764  0.          0.75        0.33
  0.          0.8         0.01        0.          0.8         0.01      ]
agent_success: 1.0

training time:  0.0024046897888183594
evaluation time:  9.738478660583496
epoch time:  9.740895748138428


-------------------------------- Iteration 7800 -------------------------------- 
initial ob: [-0.03265049  0.51488106  0.23688764  0.          0.75        0.33
  0.          0.8         0.01        0.          0.8         0.01      ]
agent_success: 1.0

training time:  0.002317667007446289
evaluation time:  9.572011947631836
epoch time:  9.574341535568237


-------------------------------- Iteration 8000 -------------------------------- 
initial ob: [-0.03265049  0.51488106  0.23688764  0.          0.75        0.33
  0.          0.8         0.01        0.          0.8         0.01      ]
agent_success: 1.0

training time:  0.0023169517517089844
evaluation time:  9.229267120361328
epoch time:  9.231596946716309


-------------------------------- Iteration 8200 -------------------------------- 
initial ob: [-0.03265049  0.51488106  0.23688764  0.          0.75        0.33
  0.          0.8         0.01        0.          0.8         0.01      ]
agent_success: 1.0

training time:  0.0023424625396728516
evaluation time:  9.632704257965088
epoch time:  9.635083198547363


-------------------------------- Iteration 8400 -------------------------------- 
initial ob: [-0.03265049  0.51488106  0.23688764  0.          0.75        0.33
  0.          0.8         0.01        0.          0.8         0.01      ]
agent_success: 1.0

training time:  0.0022847652435302734
evaluation time:  9.546308279037476
epoch time:  9.54860544204712


-------------------------------- Iteration 8600 -------------------------------- 
initial ob: [-0.03265049  0.51488106  0.23688764  0.          0.75        0.33
  0.          0.8         0.01        0.          0.8         0.01      ]
agent_success: 1.0

training time:  0.002284526824951172
evaluation time:  9.245081424713135
epoch time:  9.247379541397095


-------------------------------- Iteration 8800 -------------------------------- 
initial ob: [-0.03265049  0.51488106  0.23688764  0.          0.75        0.33
  0.          0.8         0.01        0.          0.8         0.01      ]
agent_success: 1.0

training time:  0.0024559497833251953
evaluation time:  9.13422417640686
epoch time:  9.136722087860107


-------------------------------- Iteration 9000 -------------------------------- 
initial ob: [-0.03265049  0.51488106  0.23688764  0.          0.75        0.33
  0.          0.8         0.01        0.          0.8         0.01      ]
agent_success: 1.0

training time:  0.0023145675659179688
evaluation time:  9.504165649414062
epoch time:  9.506495714187622


-------------------------------- Iteration 9200 -------------------------------- 
initial ob: [-0.03265049  0.51488106  0.23688764  0.          0.75        0.33
  0.          0.8         0.01        0.          0.8         0.01      ]
agent_success: 1.0

training time:  0.0022919178009033203
evaluation time:  9.541002035140991
epoch time:  9.543307542800903


-------------------------------- Iteration 9400 -------------------------------- 
initial ob: [-0.03265049  0.51488106  0.23688764  0.          0.75        0.33
  0.          0.8         0.01        0.          0.8         0.01      ]
agent_success: 1.0

training time:  0.002317667007446289
evaluation time:  9.5386643409729
epoch time:  9.540995597839355


-------------------------------- Iteration 9600 -------------------------------- 
initial ob: [-0.03265049  0.51488106  0.23688764  0.          0.75        0.33
  0.          0.8         0.01        0.          0.8         0.01      ]
agent_success: 1.0

training time:  0.002318859100341797
evaluation time:  9.45078182220459
epoch time:  9.453112125396729


-------------------------------- Iteration 9800 -------------------------------- 
initial ob: [-0.03265049  0.51488106  0.23688764  0.          0.75        0.33
  0.          0.8         0.01        0.          0.8         0.01      ]
agent_success: 1.0

training time:  0.002297639846801758
evaluation time:  9.453153133392334
epoch time:  9.455486536026001


-------------------------------- Test Results -------------------------------- 
initial ob: [-0.03265049  0.51488106  0.23688764  0.          0.75        0.33
  0.          0.8         0.01        0.          0.8         0.01      ]
agent_success: 1.0

mean_success_rate:  1.0
Done
