/var/lib/slurm/slurmd/job3515591/slurm_script: line 9: batch_scripts/MT50_batch/seed.sh: No such file or directory
SLURM_JOBID=3515591
working directory=/viscam/u/jialugao/Imitation-SoftModule
########################
logging outputs to  /viscam/u/jialugao/Imitation-SoftModule/data/Base_bc_reach_pick-place-v1_2640.000125-01-2022_23-02-07
########################
{'expert_policy_file': '../Multi-Task-RL/log/MT50_Single_Task/pick-place-v1/Fixed/238/model/model_pf_best.pth', 'exp_name': 'bc_reach', 'do_dagger': False, 'ep_len': 200, 'gradient_steps': 1, 'n_iter': 10000, 'render_interval': 1, 'eval_interval': 200, 'batch_size': 64, 'eval_batch_size': 32, 'train_batch_size': 32, 'n_layers': 2, 'size': 400, 'learning_rate': 0.0001, 'video_log_freq': -1, 'scalar_log_freq': 1, 'no_gpu': False, 'which_gpu': 0, 'max_replay_buffer_size': 1000000, 'save_params': False, 'seed': 32, 'worker_nums': 1, 'eval_worker_nums': 1, 'config': 'config/BC.json', 'no_cuda': True, 'random_init': False, 'device': 'cpu', 'id': 'MT50_Single_Task', 'task_name': 'pick-place-v1', 'task_env': 'MT50_task_env', 'cuda': False, 'log_dir': '/viscam/u/jialugao/Imitation-SoftModule/data/Base_bc_reach_pick-place-v1_2640.000125-01-2022_23-02-07', 'agent_class': <class 'agents.bc_agent.MLPAgent'>, 'agent_params': {'n_layers': 2, 'size': 400, 'learning_rate': 0.0001, 'max_replay_buffer_size': 1000000, 'discrete': False, 'ac_dim': 4, 'ob_dim': 9}}
{'env_name': 'single_task', 'env': {'reward_scale': 1, 'obs_norm': False}, 'meta_env': {'obs_type': 'with_goal', 'random_init': False}, 'replay_buffer': {'size': 1000000.0}, 'net': {'hidden_shapes': [400, 400], 'append_hidden_shapes': [400], 'base_type': <class 'networks.base.MLPBase'>}, 'general_setting': {'discount': 0.99, 'pretrain_epochs': 20, 'num_epochs': 7500, 'epoch_frames': 200, 'max_episode_frames': 200, 'batch_size': 1280, 'min_pool': 10000, 'target_hard_update_period': 1000, 'use_soft_update': True, 'tau': 0.005, 'opt_times': 200, 'eval_episodes': 100, 'train_render': False, 'eval_render': False, 'env': <NormAct<RewardShift<SingleWrapperNone>>>, 'logger': <utils.logger.Logger object at 0x7f18f30c1f50>, 'device': device(type='cpu')}, 'sac': {'plr': 0.0003, 'qlr': 0.0003, 'reparameterization': True, 'automatic_entropy_tuning': True, 'policy_std_reg_weight': 0, 'policy_mean_reg_weight': 0}}
Loading expert policy from... ../Multi-Task-RL/log/MT50_Single_Task/pick-place-v1/Fixed/238/model/model_pf_best.pth
tensor([[-0.0206, -0.0147, -0.0709,  ..., -0.0755, -0.0224, -0.0683],
        [-0.0052, -0.0408, -0.0524,  ..., -0.0389, -0.0165, -0.0862],
        [-1.2543, -0.6732,  0.1781,  ...,  0.1188,  0.1318,  0.1100],
        ...,
        [-0.4442,  0.2166, -0.2375,  ..., -0.1832, -0.2323, -0.2275],
        [-0.9441,  0.1342, -1.0642,  ..., -0.0078,  0.0825,  0.0568],
        [-0.8790, -0.0504,  0.0146,  ..., -0.1205, -0.1120, -0.0807]])
Done restoring expert policy...
<NormAct<RewardShift<AugObs<SawyerReachPushPickPlaceEnv instance>>>>


-------------------------------- Iteration 0 -------------------------------- 
initial ob: [-0.03265039  0.51487777  0.2368754   0.          0.6         0.01492813
  0.1         0.8         0.2         0.1         0.8         0.2       ]
expert:[ 0.7957974  -0.6890415  -0.95692307  0.91397667]
expert:[ 0.00750179 -0.60977495 -0.9612688   0.8461732 ]
expert:[-0.75413847 -0.87959224 -0.97309655 -0.2966598 ]
expert:[-0.9199235  -0.8335987  -0.96238375 -0.73955244]
expert:[-0.9424224  -0.83473146 -0.95650417 -0.8211235 ]
expert:[-0.934545   -0.844742   -0.9575679  -0.87466836]
expert:[-0.91397667 -0.81816876 -0.95880574 -0.90963405]
expert:[-0.18487531 -0.0690329  -0.9517436  -0.85683596]
expert:[ 0.7797292  0.9186572 -0.9562523 -0.7942836]
expert:[ 0.82362247  0.9393001  -0.9480163  -0.8843451 ]
expert:[ 0.81300265  0.93147296 -0.9159334  -0.90879637]
expert:[ 0.7776187   0.90472883 -0.89446735 -0.8960166 ]
expert:[ 0.53505605  0.78964555 -0.9126052  -0.7418609 ]
expert:[-0.77368766  0.92166394 -0.9286742  -0.20780674]
expert:[-0.9012356   0.77957606 -0.9050681  -0.06975401]
expert:[-0.882544    0.28375426 -0.82885456 -0.24568291]
expert:[-0.59051746  0.21870354 -0.6184521  -0.38078186]
expert:[ 0.5857755   0.97879076 -0.41690972 -0.7683826 ]
expert:[ 0.9920818   0.97603494 -0.2712242  -0.9914369 ]
expert:[ 0.99801004  0.97616404 -0.11474108 -0.99541306]
expert:[ 0.9981338   0.9963563  -0.35720742 -0.99725085]
expert:[ 0.9990342   0.9976648  -0.34562668 -0.99767923]
expert:[ 0.9951841   0.9954062  -0.36646065 -0.99790525]
expert:[ 0.9897481   0.9965632  -0.38470358 -0.9969131 ]
expert:[ 0.99577785  0.9944229  -0.40309253 -0.993987  ]
expert:[ 0.99597     0.99370736 -0.47412118 -0.97666943]
expert:[ 0.9872193   0.9625922  -0.61052436 -0.8176411 ]
expert:[ 0.31972346  0.7046179  -0.74568295 -0.14948258]
expert:[-0.812969    0.3040584  -0.81113935  0.24335665]
expert:[-0.93168074  0.314233   -0.891189    0.577694  ]
expert:[-0.93830615  0.3846291  -0.91375524  0.72442716]
expert:[-0.8752684   0.535565   -0.84665966  0.7763975 ]
expert:[-0.72696525  0.58390236 -0.64775324  0.7629538 ]
expert:[-0.49114078  0.46022868 -0.64128566  0.5209987 ]
expert:[-0.2843946   0.505453   -0.6371747   0.22701435]
expert:[-0.00897103  0.68509465 -0.443594    0.41694883]
expert:[ 0.34358576  0.7067156  -0.08572929  0.6710656 ]
expert:[0.6598335  0.40271574 0.24466491 0.69419986]
expert:[ 0.7542079  -0.06994705  0.346187    0.512141  ]
expert:[0.65636104 0.37493092 0.5527848  0.7575093 ]
expert:[0.41916293 0.655162   0.5250044  0.8679022 ]
expert:[0.25070944 0.8479865  0.6748432  0.95528704]
expert:[0.21758988 0.9425607  0.95595884 0.9901826 ]
expert:[0.36372095 0.95175636 0.99830335 0.9987085 ]
expert:[0.4294023  0.9309629  0.9995156  0.99978715]
expert:[0.4736241  0.89886034 0.99923784 0.9999068 ]
expert:[0.5278696  0.8622518  0.9982025  0.99990106]
expert:[0.537582   0.79980296 0.99330497 0.9996823 ]
expert:[0.54767555 0.7368017  0.97643125 0.9990438 ]
expert:[0.5373873  0.6916082  0.95676583 0.99776065]
expert:[0.52304304 0.58015347 0.94099367 0.99683076]
expert:[0.40383732 0.39993304 0.9136817  0.9955992 ]
expert:[0.23047961 0.23458214 0.8226641  0.9945639 ]
expert:[0.13304147 0.10982523 0.6777783  0.9942683 ]
expert:[0.0657113  0.02872131 0.5396881  0.9940438 ]
expert:[ 0.03799173 -0.03787756  0.4144836   0.9923038 ]
expert:[ 0.01017826 -0.08369462  0.2833243   0.989895  ]
expert:[-0.00710614 -0.11792801  0.193489    0.9870901 ]
expert:[-0.01134945 -0.1348572   0.14673851  0.9837643 ]
expert:[-0.01171379 -0.14455232  0.11329366  0.98046756]
expert:[-0.01258294 -0.15017831  0.08871552  0.9779835 ]
expert:[-0.0166359  -0.15374844  0.06993943  0.9764891 ]
expert:[-0.01929445 -0.15536223  0.05429388  0.9760392 ]
expert:[-0.02034695 -0.15564728  0.0435536   0.97600603]
expert:[-0.02055748 -0.15560211  0.03616809  0.97602665]
expert:[-0.02121294 -0.15572591  0.0315652   0.97620463]
expert:[-0.02190568 -0.1560116   0.02933645  0.97648513]
expert:[-0.02258305 -0.1564947   0.02924155  0.97685605]
expert:[-0.02329076 -0.15708838  0.03075111  0.9772911 ]
expert:[-0.02402392 -0.15777592  0.03345497  0.9777733 ]
expert:[-0.02430652 -0.15816343  0.0363656   0.97823006]
expert:[-0.02446713 -0.15848735  0.03958764  0.9786902 ]
expert:[-0.02456982 -0.15888658  0.04319929  0.97916615]
expert:[-0.02457905 -0.15821238  0.04565245  0.97953606]
expert:[-0.02456535 -0.15685637  0.04719056  0.9798302 ]
expert:[-0.02429995 -0.15587036  0.049488    0.9801588 ]
expert:[-0.02473059 -0.15147981  0.05217526  0.9805424 ]
expert:[-0.02548563 -0.14594872  0.05440854  0.9809136 ]
expert:[-0.02589007 -0.14096999  0.05742862  0.98130494]
expert:[-0.02697955 -0.13571766  0.05832849  0.9816408 ]
expert:[-0.0282595  -0.13016522  0.05831495  0.98193216]
expert:[-0.02948425 -0.12469715  0.05813995  0.9822099 ]
expert:[-0.03063321 -0.11930878  0.05780999  0.9824685 ]
expert:[-0.03168985 -0.11400003  0.05735092  0.9827056 ]
expert:[-0.03260399 -0.10882618  0.05697135  0.98292965]
expert:[-0.0332756  -0.1039764   0.05681331  0.98313785]
expert:[-0.03378284 -0.09928109  0.05690712  0.9833426 ]
expert:[-0.03416375 -0.09473777  0.05685318  0.9835176 ]
expert:[-0.0341179  -0.09089882  0.05739761  0.9836755 ]
expert:[-0.03335986 -0.08855878  0.0578865   0.9837033 ]
expert:[-0.03257303 -0.08627632  0.05807876  0.98370904]
expert:[-0.03160232 -0.08424962  0.05904491  0.98375976]
expert:[-0.03063896 -0.08228385  0.05985644  0.98380363]
expert:[-0.02976927 -0.08033955  0.06010881  0.9838165 ]
expert:[-0.02886312 -0.07852047  0.06039159  0.98383206]
expert:[-0.02781833 -0.0768116   0.06023243  0.9837827 ]
expert:[-0.02678015 -0.07519998  0.06010727  0.98374283]
expert:[-0.02568035 -0.07298962  0.05932621  0.9836465 ]
expert:[-0.02476206 -0.07081685  0.05967782  0.9836634 ]
expert:[-0.02384743 -0.06894987  0.05931827  0.98365015]
expert:[-0.0229818  -0.06714539  0.05881201  0.9836353 ]
expert:[-0.02216869 -0.06541329  0.0581531   0.98361933]
expert:[-0.02139646 -0.06371648  0.05736824  0.9836004 ]
expert:[-0.02066594 -0.06208069  0.05650276  0.9835824 ]
expert:[-0.01967056 -0.06055752  0.05567455  0.98357755]
expert:[-0.01822587 -0.0593328   0.05404561  0.98352355]
expert:[-0.01658255 -0.05964573  0.05251886  0.98350954]
expert:[-0.01503852 -0.06009473  0.05113684  0.98350954]
expert:[-0.01360611 -0.06056559  0.04974683  0.9835159 ]
expert:[-0.01247419 -0.06138922  0.04817186  0.98354423]
expert:[-0.01142309 -0.06183962  0.04632551  0.98355395]
expert:[-0.01051589 -0.06187151  0.04450085  0.9835733 ]
expert:[-0.0097908  -0.06191472  0.04245022  0.9835883 ]
expert:[-0.00922782 -0.06160012  0.03979953  0.9835689 ]
expert:[-0.00874906 -0.06133346  0.03730185  0.9835591 ]
expert:[-0.00833312 -0.06102921  0.03496525  0.98355603]
expert:[-0.00794896 -0.06041239  0.03241641  0.9835303 ]
expert:[-0.00762201 -0.05991358  0.0303655   0.98353374]
expert:[-0.0073586  -0.05959967  0.02870982  0.98355937]
expert:[-0.00712306 -0.0592537   0.02732829  0.9835951 ]
expert:[-0.00689557 -0.05873105  0.02597301  0.98362166]
expert:[-0.00669373 -0.05817696  0.0247589   0.9836515 ]
expert:[-0.00651805 -0.05761582  0.02369614  0.98368675]
expert:[-0.00635184 -0.05700842  0.02273131  0.9837209 ]
expert:[-0.00619747 -0.05637689  0.02188159  0.98375696]
expert:[-0.00605828 -0.05574313  0.02114082  0.9837961 ]
expert:[-0.00593207 -0.05510074  0.02048175  0.983837  ]
expert:[-0.0058085  -0.05443004  0.01989178  0.9838773 ]
expert:[-0.00566942 -0.0535132   0.01911388  0.98389906]
expert:[-0.00559496 -0.05312068  0.01895703  0.98396677]
expert:[-0.00549256 -0.05245199  0.01854977  0.9840097 ]
expert:[-0.00539539 -0.0517763   0.0181757   0.9840527 ]
expert:[-0.00530726 -0.05111245  0.01783154  0.9840968 ]
expert:[-0.0052198  -0.05045027  0.01752112  0.9841405 ]
expert:[-0.00512211 -0.04976117  0.01687897  0.9841534 ]
expert:[-0.00509178 -0.04890174  0.01585591  0.98414767]
expert:[-0.00514593 -0.04782853  0.01447554  0.98412913]
expert:[-0.00519805 -0.04676628  0.0131688   0.98411214]
expert:[-0.00526163 -0.04634011  0.01285388  0.9841378 ]
expert:[-0.00531185 -0.04582943  0.01252531  0.9841592 ]
expert:[-0.0053443  -0.0448569   0.01162235  0.98414797]
expert:[-0.00539155 -0.04421409  0.01105414  0.98410195]
expert:[-0.0054441  -0.04412295  0.01132887  0.98409265]
expert:[-0.00547195 -0.04381212  0.01142017  0.9840734 ]
expert:[-0.00548262 -0.04288829  0.01068127  0.9840168 ]
expert:[-0.00552899 -0.04279388  0.01102738  0.9840107 ]
expert:[-0.00555511 -0.04206036  0.01052938  0.9839664 ]
expert:[-0.005568   -0.04162598  0.01064852  0.98394984]
expert:[-0.005571   -0.04095591  0.0104466   0.9839186 ]
expert:[-0.00558529 -0.03987852  0.00910261  0.98383355]
expert_success: 1.0
path_length: 150
