/var/lib/slurm/slurmd/job3515589/slurm_script: line 9: batch_scripts/MT50_batch/seed.sh: No such file or directory
SLURM_JOBID=3515589
working directory=/viscam/u/jialugao/Imitation-SoftModule
########################
logging outputs to  /viscam/u/jialugao/Imitation-SoftModule/data/Base_bc_reach_reach-v1_2640.000125-01-2022_23-02-07
########################
{'expert_policy_file': '../Multi-Task-RL/log/MT50_Single_Task/reach-v1/Fixed/238/model/model_pf_best.pth', 'exp_name': 'bc_reach', 'do_dagger': False, 'ep_len': 200, 'gradient_steps': 1, 'n_iter': 10000, 'render_interval': 1, 'eval_interval': 200, 'batch_size': 64, 'eval_batch_size': 32, 'train_batch_size': 32, 'n_layers': 2, 'size': 400, 'learning_rate': 0.0001, 'video_log_freq': -1, 'scalar_log_freq': 1, 'no_gpu': False, 'which_gpu': 0, 'max_replay_buffer_size': 1000000, 'save_params': False, 'seed': 32, 'worker_nums': 1, 'eval_worker_nums': 1, 'config': 'config/BC.json', 'no_cuda': True, 'random_init': False, 'device': 'cpu', 'id': 'MT50_Single_Task', 'task_name': 'reach-v1', 'task_env': 'MT50_task_env', 'cuda': False, 'log_dir': '/viscam/u/jialugao/Imitation-SoftModule/data/Base_bc_reach_reach-v1_2640.000125-01-2022_23-02-07', 'agent_class': <class 'agents.bc_agent.MLPAgent'>, 'agent_params': {'n_layers': 2, 'size': 400, 'learning_rate': 0.0001, 'max_replay_buffer_size': 1000000, 'discrete': False, 'ac_dim': 4, 'ob_dim': 9}}
{'env_name': 'single_task', 'env': {'reward_scale': 1, 'obs_norm': False}, 'meta_env': {'obs_type': 'with_goal', 'random_init': False}, 'replay_buffer': {'size': 1000000.0}, 'net': {'hidden_shapes': [400, 400], 'append_hidden_shapes': [400], 'base_type': <class 'networks.base.MLPBase'>}, 'general_setting': {'discount': 0.99, 'pretrain_epochs': 20, 'num_epochs': 7500, 'epoch_frames': 200, 'max_episode_frames': 200, 'batch_size': 1280, 'min_pool': 10000, 'target_hard_update_period': 1000, 'use_soft_update': True, 'tau': 0.005, 'opt_times': 200, 'eval_episodes': 100, 'train_render': False, 'eval_render': False, 'env': <NormAct<RewardShift<SingleWrapperNone>>>, 'logger': <utils.logger.Logger object at 0x7f2986f4ec90>, 'device': device(type='cpu')}, 'sac': {'plr': 0.0003, 'qlr': 0.0003, 'reparameterization': True, 'automatic_entropy_tuning': True, 'policy_std_reg_weight': 0, 'policy_mean_reg_weight': 0}}
Loading expert policy from... ../Multi-Task-RL/log/MT50_Single_Task/reach-v1/Fixed/238/model/model_pf_best.pth
tensor([[ 0.0214, -0.0104, -0.0506,  ..., -0.0046, -0.0152, -0.0612],
        [ 0.0370, -0.0356, -0.0366,  ...,  0.0480, -0.0077, -0.0774],
        [ 0.0022, -0.0753, -0.0489,  ...,  0.0323, -0.0224, -0.0443],
        ...,
        [ 0.0479, -0.0673,  0.0047,  ...,  0.0670, -0.0361, -0.0313],
        [-0.0004, -0.0397, -0.0516,  ..., -0.0080,  0.0060, -0.0196],
        [ 0.0292, -0.0141, -0.0670,  ...,  0.0244, -0.0595, -0.0276]])
Done restoring expert policy...
<NormAct<RewardShift<AugObs<SawyerReachPushPickPlaceEnv instance>>>>


-------------------------------- Iteration 0 -------------------------------- 
initial ob: [-0.03265039  0.51487777  0.2368754   0.          0.6         0.01492813
 -0.1         0.8         0.2        -0.1         0.8         0.2       ]
expert:[-0.8535297   0.99049544  0.9818099   0.97459364]
expert:[-0.9008343   0.99347264  0.98900247  0.9633698 ]
expert:[-0.9557764   0.9932084   0.98684263  0.9438044 ]
expert:[-0.97723854  0.9926434   0.9847183   0.939028  ]
expert:[-0.98456943  0.9921295   0.9826774   0.9358052 ]
expert:[-0.9872217   0.9916852   0.9800158   0.92877275]
expert:[-0.98793083  0.99122614  0.9779629   0.9167158 ]
expert:[-0.98671734  0.9894886   0.97018665  0.877444  ]
expert:[-0.9860597   0.9785852   0.8972953   0.74810684]
expert:[-0.98260635  0.93649083 -0.06231993  0.22899637]
expert:[-0.9702608   0.9220157  -0.7696403  -0.15135323]
expert:[-0.60636663  0.9673555  -0.88124007  0.11012328]
expert:[ 0.80045676  0.98390263 -0.87282807  0.5188352 ]
expert:[ 0.93017083  0.98349977 -0.8165625   0.7370112 ]
expert:[ 0.9446902   0.98016787 -0.72562164  0.79222184]
expert:[ 0.8991931   0.98023206 -0.5438989   0.76484376]
expert:[ 0.66407967  0.9800307  -0.17419799  0.64255863]
expert:[-0.40154254  0.97829103  0.06726699  0.40129852]
expert:[-0.8994544   0.966522    0.12617512  0.1144502 ]
expert:[-0.95530915  0.94168437  0.10977191  0.07330631]
expert:[-0.9504848   0.8854378   0.07752728  0.22272234]
expert:[-0.85915667  0.74848807 -0.00117598  0.3953106 ]
expert:[-0.5567272   0.45593613 -0.01958082  0.5187403 ]
expert:[0.15791455 0.06466886 0.07751478 0.604197  ]
expert:[ 0.65493643 -0.08150335  0.29985934  0.6927188 ]
expert:[ 0.77856624 -0.14915976  0.38553104  0.73296773]
expert:[ 0.7361405  -0.23772673  0.29523975  0.7382578 ]
expert:[ 0.49327862 -0.37006623  0.02252391  0.7459788 ]
expert:[-0.00303884 -0.49907967 -0.31451666  0.76005435]
expert:[-0.4489427  -0.5717516  -0.5260039   0.76356447]
expert:[-0.6005677  -0.5644961  -0.560811    0.75789714]
expert:[-0.5138203  -0.47585258 -0.42734876  0.743979  ]
expert:[-0.11913937 -0.29185495 -0.08575864  0.7113174 ]
expert:[ 0.4562655  -0.09096567  0.3414662   0.6816091 ]
expert:[0.74542236 0.0420379  0.589946   0.7029766 ]
expert:[0.7697943  0.13873161 0.62638843 0.6872334 ]
expert:[0.5446347  0.19456099 0.4718393  0.6276584 ]
expert:[-0.12430438  0.25637084  0.12460392  0.56324613]
expert:[-0.6450098  0.284212  -0.2498895  0.5657523]
expert:[-0.8074303   0.24748582 -0.45820093  0.5727961 ]
expert:[-0.7982096   0.17776404 -0.51279336  0.58728904]
expert:[-0.61368275  0.08384588 -0.42868635  0.60222846]
expert:[-0.08070494 -0.02235956 -0.1560482   0.62101567]
expert:[ 0.58774304 -0.00559546  0.27930868  0.66301286]
expert:[0.81578845 0.02114891 0.5463152  0.71808004]
expert:[0.8247786  0.00186236 0.5726115  0.7283316 ]
expert:[ 0.65105575 -0.07320824  0.37279505  0.69807935]
expert:[ 0.04129995 -0.16420336 -0.06213489  0.67429066]
expert:[-0.562452   -0.22830957 -0.4456756   0.67227095]
expert:[-0.76734567 -0.19928844 -0.58904546  0.66195625]
expert:[-0.76869076 -0.1427548  -0.5681546   0.65067613]
expert:[-0.5776307 -0.0708326 -0.3837957  0.6386519]
expert:[-0.01059215 -0.00145246  0.01325106  0.62280333]
expert:[0.6428973  0.08369459 0.45876107 0.66411555]
expert:[0.8471561  0.12206875 0.6543396  0.71225184]
expert:[0.8349821  0.1271628  0.64061743 0.705718  ]
expert:[0.581591  0.1052504 0.4116886 0.6463635]
expert:[-0.14882402  0.05121477 -0.05818233  0.60725874]
expert:[-0.68997204  0.04531876 -0.43206635  0.616506  ]
expert:[-0.8478475   0.00222502 -0.58308405  0.6162686 ]
expert:[-0.8221418  -0.01710988 -0.5846292   0.62282395]
expert:[-0.6150618  -0.03346685 -0.43345731  0.62894756]
expert:[-0.00944428 -0.03527457 -0.04888682  0.6318124 ]
expert:[0.67866445 0.01679467 0.42953473 0.6823167 ]
expert:[0.8653325  0.075053   0.6578599  0.73243946]
expert:[0.86190146 0.06686755 0.65645903 0.732769  ]
expert:[ 0.6721145  -0.00320208  0.43101814  0.6868608 ]
expert:[-0.02089015 -0.07136229 -0.05347981  0.6436814 ]
expert:[-0.6323858  -0.10290988 -0.46768475  0.6418997 ]
expert:[-0.82999545 -0.09961817 -0.61751664  0.6360273 ]
expert:[-0.8329798  -0.07715751 -0.6098379   0.63185275]
expert:[-0.65773606 -0.03743366 -0.45305917  0.631137  ]
expert:[-0.09042975 -0.01790667 -0.07062576  0.6238926 ]
expert:[0.6409312  0.06009717 0.4283917  0.66672677]
expert:[0.86689186 0.11079836 0.6710624  0.72515666]
expert:[0.8741525 0.1145057 0.6845086 0.7289799]
expert:[0.7018468  0.05949218 0.4868195  0.68048435]
expert:[ 0.03074347 -0.00357094  0.01200805  0.6240107 ]
expert:[-0.6286221  -0.03051259 -0.4248368   0.6302268 ]
expert:[-0.843341   -0.05618611 -0.60599315  0.6266359 ]
expert:[-0.8589069  -0.06644864 -0.62096834  0.6247322 ]
expert:[-0.6996028  -0.04367773 -0.49672398  0.6310393 ]
expert:[-0.18485598 -0.04555897 -0.14859457  0.62967646]
expert:[0.593615   0.03497215 0.37175056 0.6623725 ]
expert:[0.8624188  0.09244949 0.6579691  0.72674227]
expert:[0.88657135 0.10572278 0.69518405 0.73782164]
expert:[0.76123625 0.0375539  0.53071827 0.69886035]
expert:[ 0.17291228 -0.01087308  0.0864713   0.6312825 ]
expert:[-0.55202925 -0.06167556 -0.39294836  0.6349895 ]
expert:[-0.82252157 -0.07274779 -0.60485935  0.632543  ]
expert:[-0.87010825 -0.08448076 -0.63374     0.6254567 ]
expert:[-0.7418941  -0.04695032 -0.5307702   0.6316502 ]
expert:[-0.30879265 -0.0366138  -0.21980253  0.62765664]
expert:[0.4957103  0.03969697 0.30726224 0.64525723]
expert:[0.8467942  0.08694241 0.63850677 0.7193787 ]
expert:[0.889728   0.1182351  0.70460755 0.7395725 ]
expert:[0.8003014  0.0536366  0.581157   0.70711786]
expert:[0.30796716 0.01820481 0.18503605 0.62745225]
expert:[-0.469833   -0.05024343 -0.32859492  0.6320819 ]
expert:[-0.80036867 -0.05926684 -0.58570737  0.6337203 ]
expert:[-0.8794983  -0.08753147 -0.63889915  0.62415683]
expert:[-0.77882427 -0.05210375 -0.5652402   0.63229996]
expert:[-0.42112538 -0.04149778 -0.29785058  0.62927765]
expert:[0.36554208 0.02912596 0.21586931 0.62878025]
expert:[0.81997854 0.06598338 0.601265   0.7113455 ]
expert:[0.89078045 0.11567234 0.70609975 0.7414448 ]
expert:[0.8328098  0.06751697 0.62402934 0.71736676]
expert:[0.45107892 0.02167778 0.2808968  0.6439694 ]
expert:[-0.3623789  -0.05823116 -0.2542792   0.63379323]
expert:[-0.7694067  -0.06404498 -0.5577983   0.6348677 ]
expert:[-0.87776893 -0.09028715 -0.63915926  0.624967  ]
expert:[-0.8033401  -0.05400229 -0.5906097   0.6320824 ]
expert:[-0.51286036 -0.03662094 -0.35984737  0.62970567]
expert:[0.21921052 0.01457473 0.11769951 0.6243361 ]
expert:[0.78201354 0.05468586 0.5533575  0.70037496]
expert:[0.88912004 0.11625513 0.70227796 0.73910284]
expert:[0.85448956 0.08552121 0.6542058  0.7243909 ]
expert:[0.56088287 0.03054034 0.36189047 0.6594667 ]
expert:[-0.23737018 -0.05517127 -0.17044929  0.6327638 ]
expert:[-0.7327283  -0.05859149 -0.5227535   0.63433635]
expert:[-0.8730231  -0.0850895  -0.63410926  0.6252493 ]
expert:[-0.832383   -0.06218917 -0.60656685  0.6288564 ]
expert:[-0.5975613  -0.03705391 -0.4166947   0.6302982 ]
expert:[ 0.07478129 -0.00360366  0.02247434  0.6250331 ]
expert:[0.73641783 0.05233103 0.50315356 0.68857014]
expert:[0.8873088  0.11590094 0.69657075 0.73666114]
expert:[0.87341213 0.10162547 0.6791005  0.7311083 ]
expert:[0.6555663  0.03696106 0.4342658  0.67507803]
expert:[-0.09177108 -0.0421142  -0.08179408  0.631738  ]
expert:[-0.6849408  -0.05865855 -0.48714125  0.6341922 ]
expert:[-0.86380774 -0.08390278 -0.63071007  0.6265613 ]
expert:[-0.85442275 -0.07428782 -0.6237047   0.62649655]
expert:[-0.6648194  -0.04211039 -0.46953672  0.63083917]
expert:[-0.07291618 -0.02626132 -0.07387252  0.6268636 ]
expert:[0.66944104 0.04803098 0.4402871  0.674368  ]
expert:[0.87972647 0.11085982 0.68487877 0.7320332 ]
expert:[0.88604546 0.11493941 0.6956502  0.73533106]
expert:[0.72576594 0.04899193 0.4988343  0.6875402 ]
expert:[ 0.05689113 -0.01353579  0.01632537  0.6279713 ]
expert:[-0.6231802  -0.04984948 -0.43566018  0.63302445]
expert:[-0.84858286 -0.07523178 -0.6182747   0.6283845 ]
expert:[-0.86940736 -0.08339015 -0.63366234  0.6252655 ]
expert:[-0.71631646 -0.05040312 -0.5125074   0.63216823]
expert:[-0.21803585 -0.04472175 -0.16657014  0.6295903 ]
expert:[0.5795662 0.0394427 0.3643778 0.6590235]
expert:[0.8651918  0.10279429 0.6616652  0.7256999 ]
expert:[0.8907434  0.12605251 0.7026623  0.73902243]
expert:[0.7802708  0.05518806 0.55376583 0.70004064]
expert:[0.21770741 0.0082616  0.12079668 0.6266225 ]
expert:[-0.53400004 -0.04991774 -0.37376046  0.6328227 ]
expert_success: 1.0
path_length: 150
