/var/lib/slurm/slurmd/job3515739/slurm_script: line 9: batch_scripts/MT50_batch/seed.sh: No such file or directory
SLURM_JOBID=3515739
working directory=/viscam/u/jialugao/Imitation-SoftModule
########################
logging outputs to  /viscam/u/jialugao/Imitation-SoftModule/data/Base_bc_reach_window-open-v1_2640.000125-01-2022_23-53-54
########################
{'expert_policy_file': '../Multi-Task-RL/log/MT50_Single_Task/window-open-v1/Fixed/238/model/model_pf_best.pth', 'exp_name': 'bc_reach', 'do_dagger': False, 'ep_len': 200, 'gradient_steps': 1, 'n_iter': 100000, 'render_interval': 1, 'eval_interval': 200, 'batch_size': 64, 'eval_batch_size': 32, 'train_batch_size': 32, 'n_layers': 2, 'size': 400, 'learning_rate': 0.0001, 'video_log_freq': -1, 'scalar_log_freq': 1, 'no_gpu': False, 'which_gpu': 0, 'max_replay_buffer_size': 1000000, 'save_params': False, 'seed': 32, 'worker_nums': 1, 'eval_worker_nums': 1, 'config': 'config/BC.json', 'no_cuda': True, 'random_init': False, 'device': 'cpu', 'id': 'MT50_Single_Task', 'task_name': 'window-open-v1', 'task_env': 'MT50_task_env', 'cuda': False, 'log_dir': '/viscam/u/jialugao/Imitation-SoftModule/data/Base_bc_reach_window-open-v1_2640.000125-01-2022_23-53-54', 'agent_class': <class 'agents.bc_agent.MLPAgent'>, 'agent_params': {'n_layers': 2, 'size': 400, 'learning_rate': 0.0001, 'max_replay_buffer_size': 1000000, 'discrete': False, 'ac_dim': 4, 'ob_dim': 9}}
{'env_name': 'single_task', 'env': {'reward_scale': 1, 'obs_norm': False}, 'meta_env': {'obs_type': 'with_goal', 'random_init': False}, 'replay_buffer': {'size': 1000000.0}, 'net': {'hidden_shapes': [400, 400], 'append_hidden_shapes': [400], 'base_type': <class 'networks.base.MLPBase'>}, 'general_setting': {'discount': 0.99, 'pretrain_epochs': 20, 'num_epochs': 7500, 'epoch_frames': 200, 'max_episode_frames': 200, 'batch_size': 1280, 'min_pool': 10000, 'target_hard_update_period': 1000, 'use_soft_update': True, 'tau': 0.005, 'opt_times': 200, 'eval_episodes': 100, 'train_render': False, 'eval_render': False, 'env': <NormAct<RewardShift<SingleWrapperNone>>>, 'logger': <utils.logger.Logger object at 0x7fce3ee2ae10>, 'device': device(type='cpu')}, 'sac': {'plr': 0.0003, 'qlr': 0.0003, 'reparameterization': True, 'automatic_entropy_tuning': True, 'policy_std_reg_weight': 0, 'policy_mean_reg_weight': 0}}
Loading expert policy from... ../Multi-Task-RL/log/MT50_Single_Task/window-open-v1/Fixed/238/model/model_pf_best.pth
tensor([[-6.7466e-01,  1.0668e-01, -9.9232e-01,  ...,  1.0309e-03,
          5.4287e-02,  8.3271e-03],
        [ 9.5353e-04, -3.0587e-02, -3.6775e-02,  ..., -2.5607e-02,
         -3.4064e-03, -7.3042e-02],
        [ 1.8385e+00, -2.4245e-01, -5.1885e-01,  ...,  9.0146e-02,
          1.0326e-01,  8.1370e-02],
        ...,
        [ 1.6120e+00, -4.4520e-01, -2.0377e-01,  ...,  1.6563e-01,
          1.1658e-01,  1.2134e-01],
        [-2.9830e-02, -3.8638e-02, -4.6222e-02,  ..., -8.2696e-02,
          7.4370e-03, -1.8139e-02],
        [ 7.2323e-04, -2.0259e-02, -7.3416e-02,  ..., -7.1831e-02,
         -6.4658e-02, -3.2753e-02]])
Done restoring expert policy...
<NormAct<RewardShift<AugObs<SawyerWindowOpenEnv instance>>>>


-------------------------------- Iteration 0 -------------------------------- 
initial ob: [-0.03445341  0.50704491  0.23981405 -0.12        0.73000003  0.15000001
  0.08        0.785       0.15        0.08        0.785       0.15      ]
expert:[-0.9232436   0.8747683   0.6927389  -0.00477928]
expert:[-0.9422595   0.84018457  0.8583575   0.7197118 ]
expert:[-0.9538539   0.7487506   0.86369026  0.72929156]
expert:[-0.95189494  0.6475314   0.75649446  0.641068  ]
expert:[-0.93930626  0.65323794  0.4843772   0.5123064 ]
expert:[-0.93032724  0.6542413  -0.12063684  0.3433471 ]
expert:[-0.9478898   0.57135606 -0.38255185  0.15668863]
expert:[-0.9608756  0.422232  -0.4629152 -0.2057613]
expert:[-0.96654505  0.34440905 -0.6836744  -0.6355483 ]
expert:[-0.9683247  -0.00991907 -0.9237283  -0.6478142 ]
expert:[-0.96805817 -0.01494789 -0.9615212  -0.5570975 ]
expert:[-0.959539    0.29272702 -0.9631067  -0.6193759 ]
expert:[-0.9334802   0.77952087 -0.98126704 -0.84263456]
expert:[-0.81268024  0.92317665 -0.9846732  -0.76080996]
expert:[-0.33769757  0.92771035 -0.9783268   0.16327375]
expert:[ 0.9105433  0.7287377 -0.950252   0.7623053]
expert:[ 0.9715728   0.6643224  -0.94876283  0.760762  ]
expert:[ 0.975972    0.88001084 -0.7958461   0.65628177]
expert:[ 0.9671939   0.6466524  -0.42902634  0.90530235]
expert:[ 0.7969753   0.40488383 -0.58211064  0.8231436 ]
expert:[ 0.9048998   0.26111853 -0.45588353  0.7179227 ]
expert:[ 0.92673326  0.20500569 -0.32345706  0.70036423]
expert:[ 0.933272    0.19465145 -0.25403026  0.7031888 ]
expert:[ 0.93609846  0.19243604 -0.25029492  0.6960118 ]
expert:[ 0.9382883   0.18391149 -0.26972568  0.67448264]
expert:[ 0.940424    0.17472124 -0.3009633   0.6408625 ]
expert:[ 0.942439    0.17553174 -0.32861108  0.5879585 ]
expert:[ 0.9443495   0.16262542 -0.3651839   0.53624207]
expert:[ 0.94491065  0.1336509  -0.41242462  0.48567516]
expert:[ 0.95087403  0.101625   -0.46238303  0.41470852]
expert:[ 0.9540863   0.08176743 -0.49234718  0.35412923]
expert:[ 0.9560408   0.06647148 -0.51095396  0.2975009 ]
expert:[ 0.95855635  0.05003247 -0.52834404  0.23495549]
expert:[ 0.96282107  0.0368261  -0.5398272   0.18612763]
expert:[ 0.9676645   0.01985683 -0.5481956   0.13530028]
expert:[ 0.969974    0.00436008 -0.55701613  0.08135559]
expert:[ 0.97250116 -0.01231029 -0.5636302   0.02832836]
expert:[ 0.9757487  -0.02174163 -0.54841256  0.01081477]
expert:[ 0.9786907  -0.01676095 -0.53852063  0.01795158]
expert:[ 0.9789577  -0.00142422 -0.53089875  0.02041063]
expert:[ 0.9791603   0.01921338 -0.52332735  0.02612454]
expert:[ 0.9792917   0.04015023 -0.51343405  0.03195616]
expert:[ 0.97800004  0.06447171 -0.47508764  0.04822894]
expert:[ 0.97659945  0.09443868 -0.42364362  0.07805705]
expert:[ 0.9750034   0.11918416 -0.37401122  0.10214429]
expert:[ 0.9734274   0.12376375 -0.30053735  0.10406113]
expert:[ 0.9741596   0.1274535  -0.26940104  0.11781342]
expert:[ 0.97464466  0.13490802 -0.25004378  0.1229505 ]
expert:[ 0.9746162   0.14240512 -0.23432209  0.12616776]
expert:[ 0.97432476  0.14987211 -0.21617918  0.1305385 ]
expert:[ 0.97301304  0.15440476 -0.19005392  0.13177194]
expert:[ 0.97078365  0.15816309 -0.16033885  0.14016573]
expert:[ 0.96892023  0.16434778 -0.13539006  0.1585984 ]
expert:[ 0.9678977   0.16915959 -0.11277431  0.17616832]
expert:[ 0.9668904   0.1670436  -0.0919512   0.18182255]
expert:[ 0.96667343  0.14931275 -0.07403691  0.15697248]
expert:[ 0.96634585  0.12593743 -0.06851476  0.11449002]
expert:[ 0.9662169   0.10647744 -0.07013027  0.07546207]
expert:[ 0.9658992   0.09512003 -0.08217128  0.04918058]
expert:[ 0.9656133   0.08398995 -0.09310059  0.0259725 ]
expert:[ 0.96558356  0.06568351 -0.09424642  0.00861772]
expert:[ 0.9655921   0.0429401  -0.10737316 -0.01294675]
expert:[ 0.9645073   0.02706409 -0.12008619 -0.02602689]
expert:[ 0.9638203   0.01606802 -0.12889057 -0.02567407]
expert:[ 0.963471    0.00906418 -0.13364628 -0.0138623 ]
expert:[ 9.6249837e-01  2.7040923e-03 -1.4251071e-01  3.4692511e-04]
expert:[ 0.96129185 -0.00695294 -0.1503178   0.01083455]
expert:[ 0.95950603 -0.01985662 -0.15910795  0.00809768]
expert:[ 0.9596483  -0.03333205 -0.16736554  0.00856538]
expert:[ 0.9598805  -0.04789893 -0.17983317  0.00820293]
expert:[ 0.95977974 -0.06725305 -0.18865794  0.00737716]
expert:[ 0.958776   -0.10395719 -0.18062647  0.01234146]
expert:[ 9.5772856e-01 -1.5884477e-01 -5.6341285e-04  1.7401962e-01]
expert:[ 0.9651245  -0.03246452  0.9682016   0.92758304]
expert:[0.961836   0.04212312 0.9933541  0.9770318 ]
expert:[0.9540211  0.05261667 0.99404323 0.9796402 ]
expert:[0.9469052 0.0598148 0.9948727 0.9828248]
expert:[0.9423583  0.06292871 0.99553186 0.9857055 ]
expert:[0.9380399  0.05088374 0.99580395 0.98810786]
expert:[0.9180609  0.02347091 0.99560285 0.98880976]
expert:[ 0.8796018  -0.01428334  0.9946817   0.98836404]
expert:[ 0.81340474 -0.03764434  0.99363554  0.9878586 ]
expert:[ 0.70743626 -0.05287054  0.9930936   0.98757595]
expert:[ 0.56838155 -0.06811004  0.9927678   0.98701   ]
expert:[ 0.3872     -0.07726989  0.9925533   0.98633194]
expert:[ 0.26783717 -0.0855248   0.9922002   0.9857649 ]
expert:[ 0.17283653 -0.08873662  0.9920862   0.9863384 ]
expert:[ 0.16548873 -0.08659236  0.9918341   0.9865884 ]
expert:[ 0.1572062  -0.08512105  0.99153084  0.9866979 ]
expert:[ 0.14539897 -0.07873473  0.9909309   0.9864718 ]
expert:[ 0.15052396 -0.06076688  0.9902106   0.98624355]
expert:[ 0.17120518 -0.03414828  0.989576    0.9858291 ]
expert:[ 0.1944457  -0.00724195  0.98878187  0.9851941 ]
expert:[0.23015413 0.02689961 0.98837143 0.9848531 ]
expert:[0.27027646 0.06696452 0.9874213  0.98389006]
expert:[0.31204015 0.10462432 0.9870857  0.98384255]
expert:[0.35749203 0.1394597  0.98715234 0.9842369 ]
expert:[0.4035344  0.16823491 0.9873166  0.98475724]
expert:[0.43871137 0.18739854 0.9874823  0.9849073 ]
expert:[0.4719293  0.19747117 0.9880912  0.9857306 ]
expert:[0.5055813  0.20891447 0.988654   0.98655397]
expert:[0.5372226 0.220129  0.9891655 0.9873006]
expert:[0.5669357  0.23018591 0.9896     0.98799413]
expert:[0.6129323  0.232755   0.98970056 0.98839813]
expert:[0.66536695 0.2296157  0.9895018  0.98852116]
expert:[0.694943   0.22242627 0.98856115 0.9881052 ]
expert:[0.73219997 0.2175527  0.9881842  0.9881867 ]
expert:[0.77778834 0.21279335 0.988358   0.988762  ]
expert:[0.815502   0.20834765 0.988493   0.98925203]
expert:[0.84261334 0.20301025 0.98829234 0.9894613 ]
expert:[0.86576164 0.19796757 0.98814875 0.989684  ]
expert:[0.88778895 0.19260126 0.9881297  0.9899627 ]
expert:[0.90442055 0.18513274 0.9878126  0.99001443]
expert:[0.91937166 0.18094352 0.9875709  0.9901567 ]
expert:[0.93290955 0.17695951 0.98739195 0.9904126 ]
expert:[0.9459238  0.17315465 0.9872652  0.9905752 ]
expert:[0.9573762 0.1691089 0.9871499 0.9906425]
expert:[0.96636724 0.1665196  0.9868939  0.9906403 ]
expert:[0.9732718  0.1668376  0.98656476 0.9904933 ]
expert:[0.9784018  0.16751225 0.9861572  0.9903854 ]
expert:[0.9824314  0.17145063 0.98610437 0.9905224 ]
expert:[0.9853879  0.19629052 0.9861063  0.9906995 ]
expert:[0.9876566  0.21994612 0.98609996 0.9909299 ]
expert:[0.9894829  0.24288467 0.9860564  0.99114984]
expert:[0.9910135  0.26600823 0.9859808  0.99134237]
expert:[0.99234366 0.28960568 0.9860045  0.9915664 ]
expert:[0.99322134 0.3086665  0.9860064  0.9917173 ]
expert:[0.99348235 0.31767452 0.9858103  0.9916769 ]
expert:[0.99362516 0.32480088 0.9855505  0.99158853]
expert:[0.99374825 0.33072716 0.9853394  0.9915195 ]
expert:[0.9938368  0.33543596 0.98515356 0.99145585]
expert:[0.99390984 0.33984122 0.98497975 0.99139297]
expert:[0.99395955 0.3435629  0.9848133  0.9913288 ]
expert:[0.9940045  0.34713164 0.9846602  0.99126846]
expert:[0.99401957 0.34993145 0.98449    0.9911962 ]
expert:[0.9940402  0.35269788 0.9843417  0.99113387]
expert:[0.9940405  0.35511342 0.9841781  0.9910606 ]
expert:[0.99402946 0.35730729 0.98402536 0.9909834 ]
expert:[0.994014   0.35944298 0.98390603 0.9909102 ]
expert:[0.99399495 0.3613247  0.9837897  0.9908378 ]
expert:[0.99397373 0.36306033 0.983678   0.99076754]
expert:[0.9939621  0.36467147 0.9835824  0.99070996]
expert:[0.99393225 0.36620504 0.98347384 0.9906388 ]
expert:[0.993894   0.36775282 0.9833502  0.99055624]
expert:[0.9938575  0.3691953  0.9832484  0.99048316]
expert:[0.99381804 0.37084642 0.9832219  0.99042594]
expert:[0.9937818 0.372371  0.9831951 0.9903727]
expert:[0.99373245 0.37392414 0.98316807 0.99031   ]
expert:[0.9936909  0.37538463 0.9831419  0.99025345]
expert:[0.9936344  0.37684464 0.98311424 0.9901873 ]
expert_success: 1.0
path_length: 150



-------------------------------- Iteration 0 -------------------------------- 
initial ob: [-0.03445341  0.50704491  0.23981405 -0.12        0.73000003  0.15000001
  0.08        0.785       0.15        0.08        0.785       0.15      ]
agent_success: 0

training time:  0.31468701362609863
evaluation time:  20.04922389984131
epoch time:  20.363943338394165


-------------------------------- Iteration 200 -------------------------------- 
initial ob: [-0.03445341  0.50704491  0.23981405 -0.12        0.73000003  0.15000001
  0.08        0.785       0.15        0.08        0.785       0.15      ]
agent_success: 0

training time:  0.0021305084228515625
evaluation time:  15.819534063339233
epoch time:  15.821701526641846


-------------------------------- Iteration 400 -------------------------------- 
initial ob: [-0.03445341  0.50704491  0.23981405 -0.12        0.73000003  0.15000001
  0.08        0.785       0.15        0.08        0.785       0.15      ]
agent_success: 0

training time:  0.002103567123413086
evaluation time:  15.642954349517822
epoch time:  15.645094871520996


-------------------------------- Iteration 600 -------------------------------- 
initial ob: [-0.03445341  0.50704491  0.23981405 -0.12        0.73000003  0.15000001
  0.08        0.785       0.15        0.08        0.785       0.15      ]
agent_success: 0

training time:  0.002131223678588867
evaluation time:  15.61003851890564
epoch time:  15.612205266952515


-------------------------------- Iteration 800 -------------------------------- 
initial ob: [-0.03445341  0.50704491  0.23981405 -0.12        0.73000003  0.15000001
  0.08        0.785       0.15        0.08        0.785       0.15      ]
agent_success: 0

training time:  0.0023794174194335938
evaluation time:  15.876712083816528
epoch time:  15.879127740859985


-------------------------------- Iteration 1000 -------------------------------- 
initial ob: [-0.03445341  0.50704491  0.23981405 -0.12        0.73000003  0.15000001
  0.08        0.785       0.15        0.08        0.785       0.15      ]
agent_success: 0

training time:  0.0021898746490478516
evaluation time:  15.92054533958435
epoch time:  15.922764778137207


-------------------------------- Iteration 1200 -------------------------------- 
initial ob: [-0.03445341  0.50704491  0.23981405 -0.12        0.73000003  0.15000001
  0.08        0.785       0.15        0.08        0.785       0.15      ]
agent_success: 0

training time:  0.002187013626098633
evaluation time:  16.024049520492554
epoch time:  16.026262044906616


-------------------------------- Iteration 1400 -------------------------------- 
initial ob: [-0.03445341  0.50704491  0.23981405 -0.12        0.73000003  0.15000001
  0.08        0.785       0.15        0.08        0.785       0.15      ]
agent_success: 0

training time:  0.0021598339080810547
evaluation time:  15.79139494895935
epoch time:  15.79358196258545


-------------------------------- Iteration 1600 -------------------------------- 
initial ob: [-0.03445341  0.50704491  0.23981405 -0.12        0.73000003  0.15000001
  0.08        0.785       0.15        0.08        0.785       0.15      ]
agent_success: 0

training time:  0.002361774444580078
evaluation time:  16.334429025650024
epoch time:  16.336823225021362


-------------------------------- Iteration 1800 -------------------------------- 
initial ob: [-0.03445341  0.50704491  0.23981405 -0.12        0.73000003  0.15000001
  0.08        0.785       0.15        0.08        0.785       0.15      ]
agent_success: 0

training time:  0.0021750926971435547
evaluation time:  16.52216649055481
epoch time:  16.524362802505493


-------------------------------- Iteration 2000 -------------------------------- 
initial ob: [-0.03445341  0.50704491  0.23981405 -0.12        0.73000003  0.15000001
  0.08        0.785       0.15        0.08        0.785       0.15      ]
agent_success: 0

training time:  0.0021409988403320312
evaluation time:  16.800500869750977
epoch time:  16.802674531936646


-------------------------------- Iteration 2200 -------------------------------- 
initial ob: [-0.03445341  0.50704491  0.23981405 -0.12        0.73000003  0.15000001
  0.08        0.785       0.15        0.08        0.785       0.15      ]
agent_success: 0

training time:  0.002145051956176758
evaluation time:  17.095861196517944
epoch time:  17.098028421401978


-------------------------------- Iteration 2400 -------------------------------- 
initial ob: [-0.03445341  0.50704491  0.23981405 -0.12        0.73000003  0.15000001
  0.08        0.785       0.15        0.08        0.785       0.15      ]
agent_success: 0

training time:  0.0021278858184814453
evaluation time:  17.392597198486328
epoch time:  17.39484930038452


-------------------------------- Iteration 2600 -------------------------------- 
initial ob: [-0.03445341  0.50704491  0.23981405 -0.12        0.73000003  0.15000001
  0.08        0.785       0.15        0.08        0.785       0.15      ]
agent_success: 0

training time:  0.0021746158599853516
evaluation time:  17.300099849700928
epoch time:  17.302290439605713


-------------------------------- Iteration 2800 -------------------------------- 
initial ob: [-0.03445341  0.50704491  0.23981405 -0.12        0.73000003  0.15000001
  0.08        0.785       0.15        0.08        0.785       0.15      ]
agent_success: 0

training time:  0.0021948814392089844
evaluation time:  17.19718313217163
epoch time:  17.199414491653442


-------------------------------- Iteration 3000 -------------------------------- 
initial ob: [-0.03445341  0.50704491  0.23981405 -0.12        0.73000003  0.15000001
  0.08        0.785       0.15        0.08        0.785       0.15      ]
agent_success: 0

training time:  0.0021398067474365234
evaluation time:  17.429226398468018
epoch time:  17.431386709213257


-------------------------------- Iteration 3200 -------------------------------- 
initial ob: [-0.03445341  0.50704491  0.23981405 -0.12        0.73000003  0.15000001
  0.08        0.785       0.15        0.08        0.785       0.15      ]
agent_success: 0

training time:  0.002121448516845703
evaluation time:  17.479004621505737
epoch time:  17.48114538192749


-------------------------------- Iteration 3400 -------------------------------- 
initial ob: [-0.03445341  0.50704491  0.23981405 -0.12        0.73000003  0.15000001
  0.08        0.785       0.15        0.08        0.785       0.15      ]
agent_success: 0

training time:  0.0021393299102783203
evaluation time:  17.982859134674072
epoch time:  17.98502016067505


-------------------------------- Iteration 3600 -------------------------------- 
initial ob: [-0.03445341  0.50704491  0.23981405 -0.12        0.73000003  0.15000001
  0.08        0.785       0.15        0.08        0.785       0.15      ]
agent_success: 0

training time:  0.0020728111267089844
evaluation time:  18.22785973548889
epoch time:  18.229957103729248


-------------------------------- Iteration 3800 -------------------------------- 
initial ob: [-0.03445341  0.50704491  0.23981405 -0.12        0.73000003  0.15000001
  0.08        0.785       0.15        0.08        0.785       0.15      ]
agent_success: 0

training time:  0.002138853073120117
evaluation time:  18.490063428878784
epoch time:  18.492234706878662


-------------------------------- Iteration 4000 -------------------------------- 
initial ob: [-0.03445341  0.50704491  0.23981405 -0.12        0.73000003  0.15000001
  0.08        0.785       0.15        0.08        0.785       0.15      ]
agent_success: 0

training time:  0.0021152496337890625
evaluation time:  18.533947229385376
epoch time:  18.536086559295654


-------------------------------- Iteration 4200 -------------------------------- 
initial ob: [-0.03445341  0.50704491  0.23981405 -0.12        0.73000003  0.15000001
  0.08        0.785       0.15        0.08        0.785       0.15      ]
agent_success: 0

training time:  0.002315521240234375
evaluation time:  18.878698110580444
epoch time:  18.881043672561646


-------------------------------- Iteration 4400 -------------------------------- 
initial ob: [-0.03445341  0.50704491  0.23981405 -0.12        0.73000003  0.15000001
  0.08        0.785       0.15        0.08        0.785       0.15      ]
agent_success: 0

training time:  0.0023386478424072266
evaluation time:  19.510932683944702
epoch time:  19.51329755783081


-------------------------------- Iteration 4600 -------------------------------- 
initial ob: [-0.03445341  0.50704491  0.23981405 -0.12        0.73000003  0.15000001
  0.08        0.785       0.15        0.08        0.785       0.15      ]
agent_success: 0

training time:  0.0020971298217773438
evaluation time:  19.280219316482544
epoch time:  19.28235125541687


-------------------------------- Iteration 4800 -------------------------------- 
initial ob: [-0.03445341  0.50704491  0.23981405 -0.12        0.73000003  0.15000001
  0.08        0.785       0.15        0.08        0.785       0.15      ]
agent_success: 0

training time:  0.0023355484008789062
evaluation time:  19.35011124610901
epoch time:  19.352474689483643


-------------------------------- Iteration 5000 -------------------------------- 
initial ob: [-0.03445341  0.50704491  0.23981405 -0.12        0.73000003  0.15000001
  0.08        0.785       0.15        0.08        0.785       0.15      ]
agent_success: 0

training time:  0.0022215843200683594
evaluation time:  19.27869486808777
epoch time:  19.280946493148804


-------------------------------- Iteration 5200 -------------------------------- 
initial ob: [-0.03445341  0.50704491  0.23981405 -0.12        0.73000003  0.15000001
  0.08        0.785       0.15        0.08        0.785       0.15      ]
agent_success: 0

training time:  0.0021207332611083984
evaluation time:  19.452919960021973
epoch time:  19.45508337020874


-------------------------------- Iteration 5400 -------------------------------- 
initial ob: [-0.03445341  0.50704491  0.23981405 -0.12        0.73000003  0.15000001
  0.08        0.785       0.15        0.08        0.785       0.15      ]
agent_success: 0

training time:  0.0020864009857177734
evaluation time:  19.553097248077393
epoch time:  19.555221796035767


-------------------------------- Iteration 5600 -------------------------------- 
initial ob: [-0.03445341  0.50704491  0.23981405 -0.12        0.73000003  0.15000001
  0.08        0.785       0.15        0.08        0.785       0.15      ]
agent_success: 0

training time:  0.0020987987518310547
evaluation time:  19.011067867279053
epoch time:  19.013190984725952


-------------------------------- Iteration 5800 -------------------------------- 
initial ob: [-0.03445341  0.50704491  0.23981405 -0.12        0.73000003  0.15000001
  0.08        0.785       0.15        0.08        0.785       0.15      ]
agent_success: 0

training time:  0.0020716190338134766
evaluation time:  19.275880098342896
epoch time:  19.277984857559204


-------------------------------- Iteration 6000 -------------------------------- 
initial ob: [-0.03445341  0.50704491  0.23981405 -0.12        0.73000003  0.15000001
  0.08        0.785       0.15        0.08        0.785       0.15      ]
agent_success: 0

training time:  0.0023365020751953125
evaluation time:  19.259795904159546
epoch time:  19.262157440185547


-------------------------------- Iteration 6200 -------------------------------- 
initial ob: [-0.03445341  0.50704491  0.23981405 -0.12        0.73000003  0.15000001
  0.08        0.785       0.15        0.08        0.785       0.15      ]
agent_success: 0

training time:  0.0021390914916992188
evaluation time:  19.443201065063477
epoch time:  19.445414543151855


-------------------------------- Iteration 6400 -------------------------------- 
initial ob: [-0.03445341  0.50704491  0.23981405 -0.12        0.73000003  0.15000001
  0.08        0.785       0.15        0.08        0.785       0.15      ]
agent_success: 0

training time:  0.0021033287048339844
evaluation time:  19.749669551849365
epoch time:  19.751796007156372


-------------------------------- Iteration 6600 -------------------------------- 
initial ob: [-0.03445341  0.50704491  0.23981405 -0.12        0.73000003  0.15000001
  0.08        0.785       0.15        0.08        0.785       0.15      ]
agent_success: 0

training time:  0.0021371841430664062
evaluation time:  20.44518542289734
epoch time:  20.4473557472229


-------------------------------- Iteration 6800 -------------------------------- 
initial ob: [-0.03445341  0.50704491  0.23981405 -0.12        0.73000003  0.15000001
  0.08        0.785       0.15        0.08        0.785       0.15      ]
agent_success: 0

training time:  0.0021457672119140625
evaluation time:  19.461530447006226
epoch time:  19.463700532913208


-------------------------------- Iteration 7000 -------------------------------- 
initial ob: [-0.03445341  0.50704491  0.23981405 -0.12        0.73000003  0.15000001
  0.08        0.785       0.15        0.08        0.785       0.15      ]
agent_success: 0

training time:  0.0021371841430664062
evaluation time:  19.040637493133545
epoch time:  19.04280710220337


-------------------------------- Iteration 7200 -------------------------------- 
initial ob: [-0.03445341  0.50704491  0.23981405 -0.12        0.73000003  0.15000001
  0.08        0.785       0.15        0.08        0.785       0.15      ]
agent_success: 0

training time:  0.002110719680786133
evaluation time:  19.655691385269165
epoch time:  19.65782594680786


-------------------------------- Iteration 7400 -------------------------------- 
initial ob: [-0.03445341  0.50704491  0.23981405 -0.12        0.73000003  0.15000001
  0.08        0.785       0.15        0.08        0.785       0.15      ]
agent_success: 0

training time:  0.002206087112426758
evaluation time:  19.43423080444336
epoch time:  19.43646740913391


-------------------------------- Iteration 7600 -------------------------------- 
initial ob: [-0.03445341  0.50704491  0.23981405 -0.12        0.73000003  0.15000001
  0.08        0.785       0.15        0.08        0.785       0.15      ]
agent_success: 0

training time:  0.0021851062774658203
evaluation time:  19.266587495803833
epoch time:  19.268798112869263


-------------------------------- Iteration 7800 -------------------------------- 
initial ob: [-0.03445341  0.50704491  0.23981405 -0.12        0.73000003  0.15000001
  0.08        0.785       0.15        0.08        0.785       0.15      ]
agent_success: 0

training time:  0.002184152603149414
evaluation time:  19.165937185287476
epoch time:  19.16815185546875


-------------------------------- Iteration 8000 -------------------------------- 
initial ob: [-0.03445341  0.50704491  0.23981405 -0.12        0.73000003  0.15000001
  0.08        0.785       0.15        0.08        0.785       0.15      ]
agent_success: 0

training time:  0.0021638870239257812
evaluation time:  19.10989999771118
epoch time:  19.112080097198486


-------------------------------- Iteration 8200 -------------------------------- 
initial ob: [-0.03445341  0.50704491  0.23981405 -0.12        0.73000003  0.15000001
  0.08        0.785       0.15        0.08        0.785       0.15      ]
agent_success: 0

training time:  0.00213623046875
evaluation time:  19.35145878791809
epoch time:  19.35363531112671


-------------------------------- Iteration 8400 -------------------------------- 
initial ob: [-0.03445341  0.50704491  0.23981405 -0.12        0.73000003  0.15000001
  0.08        0.785       0.15        0.08        0.785       0.15      ]
agent_success: 0

training time:  0.002150297164916992
evaluation time:  19.116565942764282
epoch time:  19.11873698234558


-------------------------------- Iteration 8600 -------------------------------- 
initial ob: [-0.03445341  0.50704491  0.23981405 -0.12        0.73000003  0.15000001
  0.08        0.785       0.15        0.08        0.785       0.15      ]
agent_success: 0

training time:  0.002157449722290039
evaluation time:  19.03431534767151
epoch time:  19.03649401664734


-------------------------------- Iteration 8800 -------------------------------- 
initial ob: [-0.03445341  0.50704491  0.23981405 -0.12        0.73000003  0.15000001
  0.08        0.785       0.15        0.08        0.785       0.15      ]
agent_success: 0

training time:  0.002351045608520508
evaluation time:  20.52725648880005
epoch time:  20.529629707336426


-------------------------------- Iteration 9000 -------------------------------- 
initial ob: [-0.03445341  0.50704491  0.23981405 -0.12        0.73000003  0.15000001
  0.08        0.785       0.15        0.08        0.785       0.15      ]
agent_success: 0

training time:  0.0023560523986816406
evaluation time:  19.429768323898315
epoch time:  19.432146787643433


-------------------------------- Iteration 9200 -------------------------------- 
initial ob: [-0.03445341  0.50704491  0.23981405 -0.12        0.73000003  0.15000001
  0.08        0.785       0.15        0.08        0.785       0.15      ]
agent_success: 0

training time:  0.002126455307006836
evaluation time:  18.996994018554688
epoch time:  18.999143838882446


-------------------------------- Iteration 9400 -------------------------------- 
initial ob: [-0.03445341  0.50704491  0.23981405 -0.12        0.73000003  0.15000001
  0.08        0.785       0.15        0.08        0.785       0.15      ]
agent_success: 0

training time:  0.002141237258911133
evaluation time:  19.30398178100586
epoch time:  19.306145191192627


-------------------------------- Iteration 9600 -------------------------------- 
initial ob: [-0.03445341  0.50704491  0.23981405 -0.12        0.73000003  0.15000001
  0.08        0.785       0.15        0.08        0.785       0.15      ]
agent_success: 0

training time:  0.0023581981658935547
evaluation time:  19.37174963951111
epoch time:  19.3741295337677


-------------------------------- Iteration 9800 -------------------------------- 
initial ob: [-0.03445341  0.50704491  0.23981405 -0.12        0.73000003  0.15000001
  0.08        0.785       0.15        0.08        0.785       0.15      ]
agent_success: 0

training time:  0.0026764869689941406
evaluation time:  19.008999824523926
epoch time:  19.01171350479126


-------------------------------- Iteration 10000 -------------------------------- 
initial ob: [-0.03445341  0.50704491  0.23981405 -0.12        0.73000003  0.15000001
  0.08        0.785       0.15        0.08        0.785       0.15      ]
agent_success: 0

training time:  0.0021064281463623047
evaluation time:  18.946210861206055
epoch time:  18.94835138320923


-------------------------------- Iteration 10200 -------------------------------- 
initial ob: [-0.03445341  0.50704491  0.23981405 -0.12        0.73000003  0.15000001
  0.08        0.785       0.15        0.08        0.785       0.15      ]
agent_success: 0

training time:  0.002307415008544922
evaluation time:  19.30751371383667
epoch time:  19.309887886047363


-------------------------------- Iteration 10400 -------------------------------- 
initial ob: [-0.03445341  0.50704491  0.23981405 -0.12        0.73000003  0.15000001
  0.08        0.785       0.15        0.08        0.785       0.15      ]
agent_success: 0

training time:  0.0021882057189941406
evaluation time:  19.053926467895508
epoch time:  19.056135892868042


-------------------------------- Iteration 10600 -------------------------------- 
initial ob: [-0.03445341  0.50704491  0.23981405 -0.12        0.73000003  0.15000001
  0.08        0.785       0.15        0.08        0.785       0.15      ]
agent_success: 0

training time:  0.002112865447998047
evaluation time:  19.3435640335083
epoch time:  19.345698833465576


-------------------------------- Iteration 10800 -------------------------------- 
initial ob: [-0.03445341  0.50704491  0.23981405 -0.12        0.73000003  0.15000001
  0.08        0.785       0.15        0.08        0.785       0.15      ]
agent_success: 0

training time:  0.0021626949310302734
evaluation time:  19.24564528465271
epoch time:  19.24784564971924


-------------------------------- Iteration 11000 -------------------------------- 
initial ob: [-0.03445341  0.50704491  0.23981405 -0.12        0.73000003  0.15000001
  0.08        0.785       0.15        0.08        0.785       0.15      ]
agent_success: 0

training time:  0.0023026466369628906
evaluation time:  19.170921564102173
epoch time:  19.173253536224365


-------------------------------- Iteration 11200 -------------------------------- 
initial ob: [-0.03445341  0.50704491  0.23981405 -0.12        0.73000003  0.15000001
  0.08        0.785       0.15        0.08        0.785       0.15      ]
agent_success: 0

training time:  0.0024132728576660156
evaluation time:  19.24724578857422
epoch time:  19.24968123435974


-------------------------------- Iteration 11400 -------------------------------- 
initial ob: [-0.03445341  0.50704491  0.23981405 -0.12        0.73000003  0.15000001
  0.08        0.785       0.15        0.08        0.785       0.15      ]
agent_success: 0

training time:  0.002305269241333008
evaluation time:  20.571991205215454
epoch time:  20.57433032989502


-------------------------------- Iteration 11600 -------------------------------- 
initial ob: [-0.03445341  0.50704491  0.23981405 -0.12        0.73000003  0.15000001
  0.08        0.785       0.15        0.08        0.785       0.15      ]
agent_success: 0

training time:  0.002333402633666992
evaluation time:  19.264434337615967
epoch time:  19.266791105270386


-------------------------------- Iteration 11800 -------------------------------- 
initial ob: [-0.03445341  0.50704491  0.23981405 -0.12        0.73000003  0.15000001
  0.08        0.785       0.15        0.08        0.785       0.15      ]
agent_success: 0

training time:  0.0021102428436279297
evaluation time:  19.065192699432373
epoch time:  19.067344188690186


-------------------------------- Iteration 12000 -------------------------------- 
initial ob: [-0.03445341  0.50704491  0.23981405 -0.12        0.73000003  0.15000001
  0.08        0.785       0.15        0.08        0.785       0.15      ]
agent_success: 0

training time:  0.0023636817932128906
evaluation time:  19.291743516921997
epoch time:  19.294127225875854


-------------------------------- Iteration 12200 -------------------------------- 
initial ob: [-0.03445341  0.50704491  0.23981405 -0.12        0.73000003  0.15000001
  0.08        0.785       0.15        0.08        0.785       0.15      ]
agent_success: 0

training time:  0.0021278858184814453
evaluation time:  19.315494060516357
epoch time:  19.31764245033264


-------------------------------- Iteration 12400 -------------------------------- 
initial ob: [-0.03445341  0.50704491  0.23981405 -0.12        0.73000003  0.15000001
  0.08        0.785       0.15        0.08        0.785       0.15      ]
agent_success: 0

training time:  0.0021712779998779297
evaluation time:  19.232791900634766
epoch time:  19.234984159469604


-------------------------------- Iteration 12600 -------------------------------- 
initial ob: [-0.03445341  0.50704491  0.23981405 -0.12        0.73000003  0.15000001
  0.08        0.785       0.15        0.08        0.785       0.15      ]
agent_success: 0

training time:  0.002100229263305664
evaluation time:  19.05876064300537
epoch time:  19.060882568359375


-------------------------------- Iteration 12800 -------------------------------- 
initial ob: [-0.03445341  0.50704491  0.23981405 -0.12        0.73000003  0.15000001
  0.08        0.785       0.15        0.08        0.785       0.15      ]
agent_success: 0

training time:  0.0021877288818359375
evaluation time:  19.020570993423462
epoch time:  19.022799730300903


-------------------------------- Iteration 13000 -------------------------------- 
initial ob: [-0.03445341  0.50704491  0.23981405 -0.12        0.73000003  0.15000001
  0.08        0.785       0.15        0.08        0.785       0.15      ]
agent_success: 0

training time:  0.0021076202392578125
evaluation time:  19.004433393478394
epoch time:  19.0065598487854


-------------------------------- Iteration 13200 -------------------------------- 
initial ob: [-0.03445341  0.50704491  0.23981405 -0.12        0.73000003  0.15000001
  0.08        0.785       0.15        0.08        0.785       0.15      ]
agent_success: 0

training time:  0.0020744800567626953
evaluation time:  18.975209951400757
epoch time:  18.97731852531433


-------------------------------- Iteration 13400 -------------------------------- 
initial ob: [-0.03445341  0.50704491  0.23981405 -0.12        0.73000003  0.15000001
  0.08        0.785       0.15        0.08        0.785       0.15      ]
agent_success: 0

training time:  0.002164125442504883
evaluation time:  19.055456399917603
epoch time:  19.05764603614807


-------------------------------- Iteration 13600 -------------------------------- 
initial ob: [-0.03445341  0.50704491  0.23981405 -0.12        0.73000003  0.15000001
  0.08        0.785       0.15        0.08        0.785       0.15      ]
agent_success: 0

training time:  0.002120494842529297
evaluation time:  18.96432065963745
epoch time:  18.966472148895264


-------------------------------- Iteration 13800 -------------------------------- 
initial ob: [-0.03445341  0.50704491  0.23981405 -0.12        0.73000003  0.15000001
  0.08        0.785       0.15        0.08        0.785       0.15      ]
agent_success: 0

training time:  0.002142190933227539
evaluation time:  19.13910937309265
epoch time:  19.141276121139526


-------------------------------- Iteration 14000 -------------------------------- 
initial ob: [-0.03445341  0.50704491  0.23981405 -0.12        0.73000003  0.15000001
  0.08        0.785       0.15        0.08        0.785       0.15      ]
agent_success: 0

training time:  0.0021376609802246094
evaluation time:  18.489339351654053
epoch time:  18.491507291793823


-------------------------------- Iteration 14200 -------------------------------- 
initial ob: [-0.03445341  0.50704491  0.23981405 -0.12        0.73000003  0.15000001
  0.08        0.785       0.15        0.08        0.785       0.15      ]
agent_success: 0

training time:  0.002172231674194336
evaluation time:  18.731168746948242
epoch time:  18.733381986618042


-------------------------------- Iteration 14400 -------------------------------- 
initial ob: [-0.03445341  0.50704491  0.23981405 -0.12        0.73000003  0.15000001
  0.08        0.785       0.15        0.08        0.785       0.15      ]
agent_success: 0

training time:  0.0021820068359375
evaluation time:  18.812795877456665
epoch time:  18.815009593963623


-------------------------------- Iteration 14600 -------------------------------- 
initial ob: [-0.03445341  0.50704491  0.23981405 -0.12        0.73000003  0.15000001
  0.08        0.785       0.15        0.08        0.785       0.15      ]
agent_success: 0

training time:  0.0020897388458251953
evaluation time:  18.692812204360962
epoch time:  18.694925785064697


-------------------------------- Iteration 14800 -------------------------------- 
initial ob: [-0.03445341  0.50704491  0.23981405 -0.12        0.73000003  0.15000001
  0.08        0.785       0.15        0.08        0.785       0.15      ]
agent_success: 0

training time:  0.002173900604248047
evaluation time:  18.75478744506836
epoch time:  18.756993293762207


-------------------------------- Iteration 15000 -------------------------------- 
initial ob: [-0.03445341  0.50704491  0.23981405 -0.12        0.73000003  0.15000001
  0.08        0.785       0.15        0.08        0.785       0.15      ]
agent_success: 0

training time:  0.0020987987518310547
evaluation time:  18.77402925491333
epoch time:  18.77615237236023


-------------------------------- Iteration 15200 -------------------------------- 
initial ob: [-0.03445341  0.50704491  0.23981405 -0.12        0.73000003  0.15000001
  0.08        0.785       0.15        0.08        0.785       0.15      ]
agent_success: 0

training time:  0.002158641815185547
evaluation time:  18.61215829849243
epoch time:  18.614351749420166


-------------------------------- Iteration 15400 -------------------------------- 
initial ob: [-0.03445341  0.50704491  0.23981405 -0.12        0.73000003  0.15000001
  0.08        0.785       0.15        0.08        0.785       0.15      ]
agent_success: 0

training time:  0.0020809173583984375
evaluation time:  18.72717809677124
epoch time:  18.729278564453125


-------------------------------- Iteration 15600 -------------------------------- 
initial ob: [-0.03445341  0.50704491  0.23981405 -0.12        0.73000003  0.15000001
  0.08        0.785       0.15        0.08        0.785       0.15      ]
agent_success: 0

training time:  0.0021452903747558594
evaluation time:  18.81697392463684
epoch time:  18.81913995742798


-------------------------------- Iteration 15800 -------------------------------- 
initial ob: [-0.03445341  0.50704491  0.23981405 -0.12        0.73000003  0.15000001
  0.08        0.785       0.15        0.08        0.785       0.15      ]
agent_success: 0

training time:  0.0021910667419433594
evaluation time:  18.793901681900024
epoch time:  18.796115159988403


-------------------------------- Iteration 16000 -------------------------------- 
initial ob: [-0.03445341  0.50704491  0.23981405 -0.12        0.73000003  0.15000001
  0.08        0.785       0.15        0.08        0.785       0.15      ]
agent_success: 0

training time:  0.0020799636840820312
evaluation time:  18.50397229194641
epoch time:  18.506069898605347


-------------------------------- Iteration 16200 -------------------------------- 
initial ob: [-0.03445341  0.50704491  0.23981405 -0.12        0.73000003  0.15000001
  0.08        0.785       0.15        0.08        0.785       0.15      ]
agent_success: 0

training time:  0.002091646194458008
evaluation time:  18.629303216934204
epoch time:  18.631416082382202


-------------------------------- Iteration 16400 -------------------------------- 
initial ob: [-0.03445341  0.50704491  0.23981405 -0.12        0.73000003  0.15000001
  0.08        0.785       0.15        0.08        0.785       0.15      ]
agent_success: 0

training time:  0.002372264862060547
evaluation time:  18.73615598678589
epoch time:  18.738548755645752


-------------------------------- Iteration 16600 -------------------------------- 
initial ob: [-0.03445341  0.50704491  0.23981405 -0.12        0.73000003  0.15000001
  0.08        0.785       0.15        0.08        0.785       0.15      ]
agent_success: 0

training time:  0.0021581649780273438
evaluation time:  18.753040313720703
epoch time:  18.75521993637085


-------------------------------- Iteration 16800 -------------------------------- 
initial ob: [-0.03445341  0.50704491  0.23981405 -0.12        0.73000003  0.15000001
  0.08        0.785       0.15        0.08        0.785       0.15      ]
agent_success: 0

training time:  0.0021080970764160156
evaluation time:  18.596618175506592
epoch time:  18.598747491836548


-------------------------------- Iteration 17000 -------------------------------- 
initial ob: [-0.03445341  0.50704491  0.23981405 -0.12        0.73000003  0.15000001
  0.08        0.785       0.15        0.08        0.785       0.15      ]
agent_success: 0

training time:  0.0020647048950195312
evaluation time:  18.649110555648804
epoch time:  18.651196002960205


-------------------------------- Iteration 17200 -------------------------------- 
initial ob: [-0.03445341  0.50704491  0.23981405 -0.12        0.73000003  0.15000001
  0.08        0.785       0.15        0.08        0.785       0.15      ]
agent_success: 0

training time:  0.0020885467529296875
evaluation time:  19.14755606651306
epoch time:  19.14970827102661


-------------------------------- Iteration 17400 -------------------------------- 
initial ob: [-0.03445341  0.50704491  0.23981405 -0.12        0.73000003  0.15000001
  0.08        0.785       0.15        0.08        0.785       0.15      ]
agent_success: 0

training time:  0.002180337905883789
evaluation time:  18.41826367378235
epoch time:  18.420474529266357


-------------------------------- Iteration 17600 -------------------------------- 
initial ob: [-0.03445341  0.50704491  0.23981405 -0.12        0.73000003  0.15000001
  0.08        0.785       0.15        0.08        0.785       0.15      ]
agent_success: 0

training time:  0.002063274383544922
evaluation time:  19.579304695129395
epoch time:  19.58139395713806


-------------------------------- Iteration 17800 -------------------------------- 
initial ob: [-0.03445341  0.50704491  0.23981405 -0.12        0.73000003  0.15000001
  0.08        0.785       0.15        0.08        0.785       0.15      ]
agent_success: 0

training time:  0.0022630691528320312
evaluation time:  19.362433910369873
epoch time:  19.364745378494263


-------------------------------- Iteration 18000 -------------------------------- 
initial ob: [-0.03445341  0.50704491  0.23981405 -0.12        0.73000003  0.15000001
  0.08        0.785       0.15        0.08        0.785       0.15      ]
agent_success: 0

training time:  0.0022497177124023438
evaluation time:  19.031494140625
epoch time:  19.033769130706787


-------------------------------- Iteration 18200 -------------------------------- 
initial ob: [-0.03445341  0.50704491  0.23981405 -0.12        0.73000003  0.15000001
  0.08        0.785       0.15        0.08        0.785       0.15      ]
agent_success: 0

training time:  0.002177715301513672
evaluation time:  18.324003219604492
epoch time:  18.326213598251343


-------------------------------- Iteration 18400 -------------------------------- 
initial ob: [-0.03445341  0.50704491  0.23981405 -0.12        0.73000003  0.15000001
  0.08        0.785       0.15        0.08        0.785       0.15      ]
agent_success: 0

training time:  0.002110719680786133
evaluation time:  19.020490407943726
epoch time:  19.022626399993896


-------------------------------- Iteration 18600 -------------------------------- 
initial ob: [-0.03445341  0.50704491  0.23981405 -0.12        0.73000003  0.15000001
  0.08        0.785       0.15        0.08        0.785       0.15      ]
agent_success: 0

training time:  0.002156496047973633
evaluation time:  19.050119161605835
epoch time:  19.052306652069092


-------------------------------- Iteration 18800 -------------------------------- 
initial ob: [-0.03445341  0.50704491  0.23981405 -0.12        0.73000003  0.15000001
  0.08        0.785       0.15        0.08        0.785       0.15      ]
agent_success: 0

training time:  0.0021157264709472656
evaluation time:  19.144547939300537
epoch time:  19.146708965301514


-------------------------------- Iteration 19000 -------------------------------- 
initial ob: [-0.03445341  0.50704491  0.23981405 -0.12        0.73000003  0.15000001
  0.08        0.785       0.15        0.08        0.785       0.15      ]
agent_success: 0

training time:  0.0021419525146484375
evaluation time:  18.844338178634644
epoch time:  18.84650993347168


-------------------------------- Iteration 19200 -------------------------------- 
initial ob: [-0.03445341  0.50704491  0.23981405 -0.12        0.73000003  0.15000001
  0.08        0.785       0.15        0.08        0.785       0.15      ]
agent_success: 0

training time:  0.0021033287048339844
evaluation time:  18.77513074874878
epoch time:  18.777260065078735


-------------------------------- Iteration 19400 -------------------------------- 
initial ob: [-0.03445341  0.50704491  0.23981405 -0.12        0.73000003  0.15000001
  0.08        0.785       0.15        0.08        0.785       0.15      ]
agent_success: 0

training time:  0.0021622180938720703
evaluation time:  18.949511766433716
epoch time:  18.95170497894287


-------------------------------- Iteration 19600 -------------------------------- 
initial ob: [-0.03445341  0.50704491  0.23981405 -0.12        0.73000003  0.15000001
  0.08        0.785       0.15        0.08        0.785       0.15      ]
agent_success: 0

training time:  0.0021004676818847656
evaluation time:  19.346279621124268
epoch time:  19.348406314849854


-------------------------------- Iteration 19800 -------------------------------- 
initial ob: [-0.03445341  0.50704491  0.23981405 -0.12        0.73000003  0.15000001
  0.08        0.785       0.15        0.08        0.785       0.15      ]
agent_success: 0

training time:  0.0021822452545166016
evaluation time:  19.024435997009277
epoch time:  19.02663493156433


-------------------------------- Iteration 20000 -------------------------------- 
initial ob: [-0.03445341  0.50704491  0.23981405 -0.12        0.73000003  0.15000001
  0.08        0.785       0.15        0.08        0.785       0.15      ]
agent_success: 0

training time:  0.0021495819091796875
evaluation time:  19.3322172164917
epoch time:  19.334386587142944


-------------------------------- Iteration 20200 -------------------------------- 
initial ob: [-0.03445341  0.50704491  0.23981405 -0.12        0.73000003  0.15000001
  0.08        0.785       0.15        0.08        0.785       0.15      ]
agent_success: 0

training time:  0.002080202102661133
evaluation time:  18.7267107963562
epoch time:  18.72881269454956


-------------------------------- Iteration 20400 -------------------------------- 
initial ob: [-0.03445341  0.50704491  0.23981405 -0.12        0.73000003  0.15000001
  0.08        0.785       0.15        0.08        0.785       0.15      ]
agent_success: 0

training time:  0.0021181106567382812
evaluation time:  18.9038188457489
epoch time:  18.905958890914917


-------------------------------- Iteration 20600 -------------------------------- 
initial ob: [-0.03445341  0.50704491  0.23981405 -0.12        0.73000003  0.15000001
  0.08        0.785       0.15        0.08        0.785       0.15      ]
agent_success: 0

training time:  0.0021266937255859375
evaluation time:  18.808788061141968
epoch time:  18.8109347820282


-------------------------------- Iteration 20800 -------------------------------- 
initial ob: [-0.03445341  0.50704491  0.23981405 -0.12        0.73000003  0.15000001
  0.08        0.785       0.15        0.08        0.785       0.15      ]
agent_success: 0

training time:  0.0021300315856933594
evaluation time:  19.40549921989441
epoch time:  19.40765142440796


-------------------------------- Iteration 21000 -------------------------------- 
initial ob: [-0.03445341  0.50704491  0.23981405 -0.12        0.73000003  0.15000001
  0.08        0.785       0.15        0.08        0.785       0.15      ]
agent_success: 0

training time:  0.002092123031616211
evaluation time:  18.824040174484253
epoch time:  18.826152324676514


-------------------------------- Iteration 21200 -------------------------------- 
initial ob: [-0.03445341  0.50704491  0.23981405 -0.12        0.73000003  0.15000001
  0.08        0.785       0.15        0.08        0.785       0.15      ]
agent_success: 0

training time:  0.0021207332611083984
evaluation time:  18.52193284034729
epoch time:  18.5240740776062


-------------------------------- Iteration 21400 -------------------------------- 
initial ob: [-0.03445341  0.50704491  0.23981405 -0.12        0.73000003  0.15000001
  0.08        0.785       0.15        0.08        0.785       0.15      ]
agent_success: 0

training time:  0.002147197723388672
evaluation time:  18.925790309906006
epoch time:  18.927959203720093


-------------------------------- Iteration 21600 -------------------------------- 
initial ob: [-0.03445341  0.50704491  0.23981405 -0.12        0.73000003  0.15000001
  0.08        0.785       0.15        0.08        0.785       0.15      ]
agent_success: 0

training time:  0.0021054744720458984
evaluation time:  18.965421676635742
epoch time:  18.96754813194275


-------------------------------- Iteration 21800 -------------------------------- 
initial ob: [-0.03445341  0.50704491  0.23981405 -0.12        0.73000003  0.15000001
  0.08        0.785       0.15        0.08        0.785       0.15      ]
agent_success: 0

training time:  0.0020761489868164062
evaluation time:  18.86073112487793
epoch time:  18.862829446792603


-------------------------------- Iteration 22000 -------------------------------- 
initial ob: [-0.03445341  0.50704491  0.23981405 -0.12        0.73000003  0.15000001
  0.08        0.785       0.15        0.08        0.785       0.15      ]
agent_success: 0

training time:  0.002172231674194336
evaluation time:  18.903348684310913
epoch time:  18.905542373657227


-------------------------------- Iteration 22200 -------------------------------- 
initial ob: [-0.03445341  0.50704491  0.23981405 -0.12        0.73000003  0.15000001
  0.08        0.785       0.15        0.08        0.785       0.15      ]
agent_success: 0

training time:  0.0021278858184814453
evaluation time:  19.834792137145996
epoch time:  19.836942434310913


-------------------------------- Iteration 22400 -------------------------------- 
initial ob: [-0.03445341  0.50704491  0.23981405 -0.12        0.73000003  0.15000001
  0.08        0.785       0.15        0.08        0.785       0.15      ]
agent_success: 0

training time:  0.0021860599517822266
evaluation time:  19.526078939437866
epoch time:  19.52828550338745


-------------------------------- Iteration 22600 -------------------------------- 
initial ob: [-0.03445341  0.50704491  0.23981405 -0.12        0.73000003  0.15000001
  0.08        0.785       0.15        0.08        0.785       0.15      ]
agent_success: 0

training time:  0.0023670196533203125
evaluation time:  19.7299644947052
epoch time:  19.732353448867798


-------------------------------- Iteration 22800 -------------------------------- 
initial ob: [-0.03445341  0.50704491  0.23981405 -0.12        0.73000003  0.15000001
  0.08        0.785       0.15        0.08        0.785       0.15      ]
agent_success: 0

training time:  0.00234222412109375
evaluation time:  19.466079711914062
epoch time:  19.468443393707275


-------------------------------- Iteration 23000 -------------------------------- 
initial ob: [-0.03445341  0.50704491  0.23981405 -0.12        0.73000003  0.15000001
  0.08        0.785       0.15        0.08        0.785       0.15      ]
agent_success: 0

training time:  0.0020911693572998047
evaluation time:  19.618602752685547
epoch time:  19.62071466445923


-------------------------------- Iteration 23200 -------------------------------- 
initial ob: [-0.03445341  0.50704491  0.23981405 -0.12        0.73000003  0.15000001
  0.08        0.785       0.15        0.08        0.785       0.15      ]
agent_success: 0

training time:  0.0023136138916015625
evaluation time:  20.07479238510132
epoch time:  20.077141284942627


-------------------------------- Iteration 23400 -------------------------------- 
initial ob: [-0.03445341  0.50704491  0.23981405 -0.12        0.73000003  0.15000001
  0.08        0.785       0.15        0.08        0.785       0.15      ]
agent_success: 0

training time:  0.002290964126586914
evaluation time:  19.644817352294922
epoch time:  19.647148847579956


-------------------------------- Iteration 23600 -------------------------------- 
initial ob: [-0.03445341  0.50704491  0.23981405 -0.12        0.73000003  0.15000001
  0.08        0.785       0.15        0.08        0.785       0.15      ]
agent_success: 0

training time:  0.002144336700439453
evaluation time:  19.550630569458008
epoch time:  19.552796363830566


-------------------------------- Iteration 23800 -------------------------------- 
initial ob: [-0.03445341  0.50704491  0.23981405 -0.12        0.73000003  0.15000001
  0.08        0.785       0.15        0.08        0.785       0.15      ]
agent_success: 0

training time:  0.0020890235900878906
evaluation time:  19.849273204803467
epoch time:  19.85138440132141


-------------------------------- Iteration 24000 -------------------------------- 
initial ob: [-0.03445341  0.50704491  0.23981405 -0.12        0.73000003  0.15000001
  0.08        0.785       0.15        0.08        0.785       0.15      ]
agent_success: 0

training time:  0.0021076202392578125
evaluation time:  19.699425220489502
epoch time:  19.7015540599823


-------------------------------- Iteration 24200 -------------------------------- 
initial ob: [-0.03445341  0.50704491  0.23981405 -0.12        0.73000003  0.15000001
  0.08        0.785       0.15        0.08        0.785       0.15      ]
agent_success: 0

training time:  0.0022957324981689453
evaluation time:  19.55833864212036
epoch time:  19.560656547546387


-------------------------------- Iteration 24400 -------------------------------- 
initial ob: [-0.03445341  0.50704491  0.23981405 -0.12        0.73000003  0.15000001
  0.08        0.785       0.15        0.08        0.785       0.15      ]
agent_success: 0

training time:  0.0021262168884277344
evaluation time:  19.248070001602173
epoch time:  19.250216245651245


-------------------------------- Iteration 24600 -------------------------------- 
initial ob: [-0.03445341  0.50704491  0.23981405 -0.12        0.73000003  0.15000001
  0.08        0.785       0.15        0.08        0.785       0.15      ]
agent_success: 0

training time:  0.0021250247955322266
evaluation time:  19.301968812942505
epoch time:  19.304115056991577


-------------------------------- Iteration 24800 -------------------------------- 
initial ob: [-0.03445341  0.50704491  0.23981405 -0.12        0.73000003  0.15000001
  0.08        0.785       0.15        0.08        0.785       0.15      ]
agent_success: 0

training time:  0.0020797252655029297
evaluation time:  19.361783981323242
epoch time:  19.363884449005127


-------------------------------- Iteration 25000 -------------------------------- 
initial ob: [-0.03445341  0.50704491  0.23981405 -0.12        0.73000003  0.15000001
  0.08        0.785       0.15        0.08        0.785       0.15      ]
agent_success: 0

training time:  0.002151966094970703
evaluation time:  19.570271253585815
epoch time:  19.572441816329956


-------------------------------- Iteration 25200 -------------------------------- 
initial ob: [-0.03445341  0.50704491  0.23981405 -0.12        0.73000003  0.15000001
  0.08        0.785       0.15        0.08        0.785       0.15      ]
agent_success: 0

training time:  0.002440929412841797
evaluation time:  18.906527519226074
epoch time:  18.908989191055298


-------------------------------- Iteration 25400 -------------------------------- 
initial ob: [-0.03445341  0.50704491  0.23981405 -0.12        0.73000003  0.15000001
  0.08        0.785       0.15        0.08        0.785       0.15      ]
agent_success: 0

training time:  0.0020904541015625
evaluation time:  18.883450508117676
epoch time:  18.885562658309937


-------------------------------- Iteration 25600 -------------------------------- 
initial ob: [-0.03445341  0.50704491  0.23981405 -0.12        0.73000003  0.15000001
  0.08        0.785       0.15        0.08        0.785       0.15      ]
agent_success: 0

training time:  0.0021021366119384766
evaluation time:  19.728262901306152
epoch time:  19.730386972427368


-------------------------------- Iteration 25800 -------------------------------- 
initial ob: [-0.03445341  0.50704491  0.23981405 -0.12        0.73000003  0.15000001
  0.08        0.785       0.15        0.08        0.785       0.15      ]
agent_success: 0

training time:  0.002361774444580078
evaluation time:  18.882808208465576
epoch time:  18.885192394256592


-------------------------------- Iteration 26000 -------------------------------- 
initial ob: [-0.03445341  0.50704491  0.23981405 -0.12        0.73000003  0.15000001
  0.08        0.785       0.15        0.08        0.785       0.15      ]
agent_success: 0

training time:  0.002357006072998047
evaluation time:  19.748563766479492
epoch time:  19.75094223022461


-------------------------------- Iteration 26200 -------------------------------- 
initial ob: [-0.03445341  0.50704491  0.23981405 -0.12        0.73000003  0.15000001
  0.08        0.785       0.15        0.08        0.785       0.15      ]
agent_success: 0

training time:  0.0021026134490966797
evaluation time:  19.25447678565979
epoch time:  19.256651878356934


-------------------------------- Iteration 26400 -------------------------------- 
initial ob: [-0.03445341  0.50704491  0.23981405 -0.12        0.73000003  0.15000001
  0.08        0.785       0.15        0.08        0.785       0.15      ]
agent_success: 0

training time:  0.002523183822631836
evaluation time:  19.53935170173645
epoch time:  19.541897535324097


-------------------------------- Iteration 26600 -------------------------------- 
initial ob: [-0.03445341  0.50704491  0.23981405 -0.12        0.73000003  0.15000001
  0.08        0.785       0.15        0.08        0.785       0.15      ]
agent_success: 0

training time:  0.002468109130859375
evaluation time:  19.289966106414795
epoch time:  19.292455196380615


-------------------------------- Iteration 26800 -------------------------------- 
initial ob: [-0.03445341  0.50704491  0.23981405 -0.12        0.73000003  0.15000001
  0.08        0.785       0.15        0.08        0.785       0.15      ]
agent_success: 0

training time:  0.0021440982818603516
evaluation time:  19.58716130256653
epoch time:  19.589335680007935


-------------------------------- Training stopped due to early stopping -------------------------------- 
min loss:  0.0046582846


-------------------------------- Test Results -------------------------------- 
initial ob: [-0.03445341  0.50704491  0.23981405 -0.12        0.73000003  0.15000001
  0.08        0.785       0.15        0.08        0.785       0.15      ]
agent_success: 0

mean_success_rate:  0.0
Done
