/var/lib/slurm/slurmd/job3513831/slurm_script: line 9: batch_scripts/MT50_batch/seed.sh: No such file or directory
SLURM_JOBID=3513831
working directory=/viscam/u/jialugao/Imitation-SoftModule
########################
logging outputs to  /viscam/u/jialugao/Imitation-SoftModule/data/Base_bc_reach_reach-v1_2640.000124-01-2022_18-56-04
########################
{'expert_policy_file': '../Multi-Task-RL/log/MT50_Single_Task/reach-v1/Fixed/238/model/model_pf_best.pth', 'exp_name': 'bc_reach', 'do_dagger': False, 'ep_len': 200, 'gradient_steps': 1, 'n_iter': 10000, 'render_interval': 1, 'eval_interval': 200, 'batch_size': 64, 'eval_batch_size': 32, 'train_batch_size': 32, 'n_layers': 2, 'size': 400, 'learning_rate': 0.0001, 'video_log_freq': -1, 'scalar_log_freq': 1, 'no_gpu': False, 'which_gpu': 0, 'max_replay_buffer_size': 1000000, 'save_params': False, 'seed': 32, 'worker_nums': 1, 'eval_worker_nums': 1, 'config': 'config/BC.json', 'no_cuda': True, 'random_init': False, 'device': 'cpu', 'id': 'MT50_Single_Task', 'task_name': 'reach-v1', 'task_env': 'MT50_task_env', 'cuda': False, 'log_dir': '/viscam/u/jialugao/Imitation-SoftModule/data/Base_bc_reach_reach-v1_2640.000124-01-2022_18-56-04', 'agent_class': <class 'agents.bc_agent.MLPAgent'>, 'agent_params': {'n_layers': 2, 'size': 400, 'learning_rate': 0.0001, 'max_replay_buffer_size': 1000000, 'discrete': False, 'ac_dim': 4, 'ob_dim': 9}}
{'env_name': 'single_task', 'env': {'reward_scale': 1, 'obs_norm': False}, 'meta_env': {'obs_type': 'with_goal', 'random_init': False}, 'replay_buffer': {'size': 1000000.0}, 'net': {'hidden_shapes': [400, 400], 'append_hidden_shapes': [400], 'base_type': <class 'networks.base.MLPBase'>}, 'general_setting': {'discount': 0.99, 'pretrain_epochs': 20, 'num_epochs': 7500, 'epoch_frames': 200, 'max_episode_frames': 200, 'batch_size': 1280, 'min_pool': 10000, 'target_hard_update_period': 1000, 'use_soft_update': True, 'tau': 0.005, 'opt_times': 200, 'eval_episodes': 100, 'train_render': False, 'eval_render': False, 'env': <NormAct<RewardShift<SingleWrapperNone>>>, 'logger': <utils.logger.Logger object at 0x7f095b0d5e50>, 'device': device(type='cpu')}, 'sac': {'plr': 0.0003, 'qlr': 0.0003, 'reparameterization': True, 'automatic_entropy_tuning': True, 'policy_std_reg_weight': 0, 'policy_mean_reg_weight': 0}}
Loading expert policy from... ../Multi-Task-RL/log/MT50_Single_Task/reach-v1/Fixed/238/model/model_pf_best.pth
tensor([[ 0.0214, -0.0104, -0.0506,  ..., -0.0046, -0.0152, -0.0612],
        [ 0.0370, -0.0356, -0.0366,  ...,  0.0480, -0.0077, -0.0774],
        [ 0.0022, -0.0753, -0.0489,  ...,  0.0323, -0.0224, -0.0443],
        ...,
        [ 0.0479, -0.0673,  0.0047,  ...,  0.0670, -0.0361, -0.0313],
        [-0.0004, -0.0397, -0.0516,  ..., -0.0080,  0.0060, -0.0196],
        [ 0.0292, -0.0141, -0.0670,  ...,  0.0244, -0.0595, -0.0276]])
Done restoring expert policy...
<NormAct<RewardShift<AugObs<SawyerReachPushPickPlaceEnv instance>>>>


-------------------------------- Iteration 0 -------------------------------- 
initial ob: [-0.03265039  0.51487777  0.2368754   0.          0.6         0.01492813
 -0.1         0.8         0.2        -0.1         0.8         0.2       ]
expert:[-0.8535294   0.99049544  0.98180985  0.97459364]
expert:[-0.9008344   0.99347264  0.98900247  0.9633698 ]
expert:[-0.9557764   0.9932084   0.98684263  0.9438044 ]
expert:[-0.9772386   0.9926434   0.9847183   0.93902797]
expert:[-0.9845695  0.9921295  0.9826774  0.9358052]
expert:[-0.9872217   0.9916852   0.9800158   0.92877275]
expert:[-0.98793083  0.99122614  0.977963    0.9167158 ]
expert:[-0.9867173   0.98948854  0.97018665  0.8774439 ]
expert:[-0.9860597   0.9785852   0.89729524  0.7481068 ]
expert:[-0.98260635  0.9364909  -0.06231947  0.22899704]
expert:[-0.9702606   0.92201585 -0.7696403  -0.15135276]
expert:[-0.6063682   0.9673554  -0.8812403   0.11012247]
expert:[ 0.80045635  0.98390263 -0.8728281   0.5188348 ]
expert:[ 0.9301706   0.9834998  -0.8165614   0.73701143]
expert:[ 0.9446903   0.98016787 -0.72562176  0.79222184]
expert:[ 0.89919347  0.98023206 -0.54389817  0.7648445 ]
expert:[ 0.6640809   0.9800307  -0.17419836  0.64255893]
expert:[-0.40154195  0.97829103  0.0672668   0.40129864]
expert:[-0.8994545   0.966522    0.1261753   0.11445011]
expert:[-0.95530915  0.9416843   0.10977036  0.07330641]
expert:[-0.95048475  0.88543797  0.07752737  0.22272234]
expert:[-0.85915715  0.7484887  -0.00117619  0.39530993]
expert:[-0.55672693  0.45593622 -0.01958106  0.5187403 ]
expert:[0.15791437 0.06466901 0.07751516 0.60419697]
expert:[ 0.65493584 -0.08150261  0.29985863  0.6927185 ]
expert:[ 0.77856565 -0.14916064  0.38553134  0.7329677 ]
expert:[ 0.73614043 -0.23772693  0.29523942  0.73825794]
expert:[ 0.49327818 -0.37006736  0.02252453  0.7459791 ]
expert:[-0.00303691 -0.49907896 -0.31451613  0.7600543 ]
expert:[-0.4489422  -0.57175124 -0.5260035   0.76356447]
expert:[-0.6005663  -0.56449574 -0.56081086  0.757897  ]
expert:[-0.51382023 -0.4758527  -0.42734873  0.7439789 ]
expert:[-0.11914119 -0.29185492 -0.08575974  0.71131736]
expert:[ 0.45626438 -0.09096617  0.34146583  0.6816091 ]
expert:[0.74542165 0.04203876 0.58994544 0.7029761 ]
expert:[0.7697945  0.13873428 0.6263895  0.68723285]
expert:[0.5446356  0.19456108 0.471841   0.6276588 ]
expert:[-0.12430356  0.2563713   0.12460392  0.56324613]
expert:[-0.6450097  0.2842143 -0.2498892  0.5657517]
expert:[-0.80743057  0.24748322 -0.458201    0.5727969 ]
expert:[-0.7982099   0.17776376 -0.5127934   0.58728915]
expert:[-0.6136843   0.08384205 -0.42868912  0.60222924]
expert:[-0.08070996 -0.02236227 -0.15604939  0.6210166 ]
expert:[ 0.58774376 -0.0055942   0.27931073  0.6630129 ]
expert:[0.81578887 0.02114816 0.5463164  0.7180804 ]
expert:[0.82478017 0.00186436 0.572613   0.7283318 ]
expert:[ 0.65105915 -0.07320633  0.3727975   0.6980795 ]
expert:[ 0.04130447 -0.16420285 -0.06213354  0.6742906 ]
expert:[-0.5624498  -0.22830941 -0.44567698  0.67227066]
expert:[-0.76734596 -0.19929041 -0.5890476   0.6619565 ]
expert:[-0.76869285 -0.14275378 -0.56815654  0.6506759 ]
expert:[-0.5776343  -0.07083307 -0.3837977   0.6386521 ]
expert:[-0.01059932 -0.00145399  0.0132475   0.6228037 ]
expert:[0.6428934  0.08369276 0.4587574  0.66411525]
expert:[0.84715635 0.12206867 0.65434    0.71225196]
expert:[0.83498454 0.12716405 0.6406206  0.7057188 ]
expert:[0.5815989  0.10525324 0.41169414 0.6463641 ]
expert:[-0.14881423  0.05122239 -0.05817318  0.60725707]
expert:[-0.68997025  0.04531631 -0.4320654   0.61650646]
expert:[-0.84784734  0.0022253  -0.5830838   0.61626846]
expert:[-0.82214534 -0.01711473 -0.58463216  0.6228243 ]
expert:[-0.6150688  -0.03346935 -0.43346545  0.6289478 ]
expert:[-0.00945351 -0.03527568 -0.04889422  0.6318122 ]
expert:[0.6786594  0.01679272 0.42952922 0.68231606]
expert:[0.8653325  0.0750517  0.65786004 0.7324397 ]
expert:[0.86190385 0.06686883 0.6564626  0.73276985]
expert:[ 0.6721207  -0.00320178  0.4310247   0.6868621 ]
expert:[-0.02087784 -0.07136083 -0.05347089  0.64368147]
expert:[-0.63238    -0.10290938 -0.4676796   0.6418999 ]
expert:[-0.8299946  -0.09962193 -0.617518    0.63602793]
expert:[-0.8329818  -0.07715484 -0.60983884  0.6318519 ]
expert:[-0.6577416  -0.03743302 -0.45306224  0.63113683]
expert:[-0.09044395 -0.01790882 -0.07063554  0.62389284]
expert:[0.6409236  0.06009699 0.42838496 0.66672516]
expert:[0.86689126 0.11079999 0.6710607  0.72515595]
expert:[0.8741531  0.11450642 0.68450916 0.72897995]
expert:[0.7018541  0.05949478 0.48682606 0.6804854 ]
expert:[ 0.03075822 -0.00356743  0.0120177   0.62400997]
expert:[-0.6286152  -0.03051086 -0.4248296   0.63022655]
expert:[-0.8433393  -0.05618427 -0.6059924   0.6266357 ]
expert:[-0.8589089  -0.06645056 -0.62096936  0.6247322 ]
expert:[-0.6996085  -0.04368159 -0.49672928  0.6310402 ]
expert:[-0.18487322 -0.04556171 -0.1486064   0.6296771 ]
expert:[0.5936048  0.03497048 0.37174216 0.6623712 ]
expert:[0.862418   0.09244834 0.6579673  0.7267421 ]
expert:[0.88657224 0.10572459 0.69518536 0.73782235]
expert:[0.76124376 0.03755484 0.53072584 0.6988621 ]
expert:[ 0.17293449 -0.01086995  0.08648504  0.63128227]
expert:[-0.55201733 -0.0616751  -0.3929401   0.6349894 ]
expert:[-0.8225192  -0.07274605 -0.6048584   0.63254297]
expert:[-0.8701106  -0.08447917 -0.6337393   0.62545615]
expert:[-0.74190223 -0.04695324 -0.5307765   0.63165087]
expert:[-0.3088129  -0.03661244 -0.2198147   0.6276562 ]
expert:[0.49569103 0.03969289 0.30724782 0.64525545]
expert:[0.8467909  0.08694012 0.63850135 0.7193774 ]
expert:[0.8897286  0.11823695 0.704608   0.73957276]
expert:[0.8003071  0.05363773 0.58116424 0.70711964]
expert:[0.30799365 0.01820879 0.18505512 0.62745225]
expert:[-0.4698147  -0.05024495 -0.32858336  0.6320819 ]
expert:[-0.8003646  -0.05926637 -0.58570486  0.63372004]
expert:[-0.87949854 -0.08753225 -0.6388992   0.624157  ]
expert:[-0.7788302  -0.05210712 -0.565247    0.6323005 ]
expert:[-0.42114362 -0.04150067 -0.29786345  0.62927854]
expert:[0.36551815 0.02912604 0.21585308 0.6287767 ]
expert:[0.81997263 0.06597897 0.6012581  0.7113442 ]
expert:[0.89078015 0.11567184 0.7060995  0.74144477]
expert:[0.83281446 0.06751931 0.6240363  0.71736866]
expert:[0.4510998  0.02167834 0.2809128  0.6439725 ]
expert:[-0.36235872 -0.05823122 -0.25426334  0.63379323]
expert:[-0.7694003  -0.06404172 -0.55779016  0.6348673 ]
expert:[-0.8777679  -0.09028387 -0.6391571   0.6249667 ]
expert:[-0.8033453  -0.05400261 -0.59061354  0.63208145]
expert:[-0.5128741  -0.03662034 -0.35985675  0.62970585]
expert:[0.21918319 0.01457249 0.11767919 0.62433577]
expert:[0.78200525 0.05468452 0.5533474  0.7003729 ]
expert:[0.8891197  0.11625498 0.7022761  0.7391023 ]
expert:[0.85449356 0.08552494 0.6542099  0.724392  ]
expert:[0.56090045 0.03054103 0.3619036  0.65946954]
expert:[-0.23734452 -0.05516961 -0.17043282  0.6327634 ]
expert:[-0.73271966 -0.05859146 -0.52274656  0.63433635]
expert:[-0.8730211  -0.08508996 -0.63410825  0.62524986]
expert:[-0.8323876  -0.06219023 -0.6065703   0.6288556 ]
expert:[-0.59757525 -0.03705439 -0.41670612  0.630298  ]
expert:[ 0.07475581 -0.00360651  0.02245867  0.6250331 ]
expert:[0.73640716 0.05233093 0.50314367 0.6885675 ]
expert:[0.8873078  0.11590011 0.69656885 0.7366601 ]
expert:[0.87341416 0.10162618 0.6791025  0.73110884]
expert:[0.655578   0.03696134 0.4342758  0.6750802 ]
expert:[-0.09174611 -0.04211008 -0.08177671  0.6317378 ]
expert:[-0.68493116 -0.05865888 -0.48713365  0.6341924 ]
expert:[-0.8638051  -0.08390062 -0.63070726  0.62656176]
expert:[-0.85442454 -0.07428914 -0.6237071   0.62649614]
expert:[-0.6648285  -0.04211589 -0.46954626  0.63084   ]
expert:[-0.07293955 -0.02626667 -0.07388779  0.6268645 ]
expert:[0.6694288  0.04803161 0.44027627 0.6743653 ]
expert:[0.8797243  0.11085758 0.6848768  0.7320327 ]
expert:[0.88604665 0.11494075 0.695653   0.7353324 ]
expert:[0.7257761  0.04899525 0.49884492 0.6875418 ]
expert:[ 0.05691527 -0.01353183  0.0163424   0.627971  ]
expert:[-0.6231687  -0.04984625 -0.43565002  0.6330239 ]
expert:[-0.84857976 -0.0752269  -0.61827147  0.62838423]
expert:[-0.8694094  -0.08339018 -0.63366497  0.6252647 ]
expert:[-0.7163241  -0.05040339 -0.51251405  0.6321682 ]
expert:[-0.21806015 -0.04472395 -0.16658624  0.6295907 ]
expert:[0.5795483  0.0394398  0.36436296 0.65902084]
expert:[0.8651884  0.10278929 0.66166097 0.7256993 ]
expert:[0.89074373 0.12605171 0.70266277 0.73902303]
expert:[0.7802794  0.0551874  0.55377364 0.7000429 ]
expert:[0.21773756 0.00826619 0.12081715 0.6266219 ]
expert:[-0.5339808  -0.04992007 -0.37374902  0.6328228 ]
expert_success: 1.0
path_length: 150



-------------------------------- Iteration 0 -------------------------------- 
initial ob: [-0.03265039  0.51487777  0.2368754   0.          0.6         0.01492813
 -0.1         0.8         0.2        -0.1         0.8         0.2       ]
agent_success: 0

training time:  0.2043609619140625
evaluation time:  12.362523078918457
epoch time:  12.56691575050354


-------------------------------- Iteration 200 -------------------------------- 
initial ob: [-0.03265039  0.51487777  0.2368754   0.          0.6         0.01492813
 -0.1         0.8         0.2        -0.1         0.8         0.2       ]
agent_success: 1.0

training time:  0.0018014907836914062
evaluation time:  12.240585088729858
epoch time:  12.242416381835938


-------------------------------- Iteration 400 -------------------------------- 
initial ob: [-0.03265039  0.51487777  0.2368754   0.          0.6         0.01492813
 -0.1         0.8         0.2        -0.1         0.8         0.2       ]
agent_success: 1.0

training time:  0.0020401477813720703
evaluation time:  12.116119384765625
epoch time:  12.118181705474854


-------------------------------- Iteration 600 -------------------------------- 
initial ob: [-0.03265039  0.51487777  0.2368754   0.          0.6         0.01492813
 -0.1         0.8         0.2        -0.1         0.8         0.2       ]
agent_success: 1.0

training time:  0.0018279552459716797
evaluation time:  12.204590082168579
epoch time:  12.206445217132568


-------------------------------- Iteration 800 -------------------------------- 
initial ob: [-0.03265039  0.51487777  0.2368754   0.          0.6         0.01492813
 -0.1         0.8         0.2        -0.1         0.8         0.2       ]
agent_success: 1.0

training time:  0.002322673797607422
evaluation time:  12.19837236404419
epoch time:  12.200721025466919


-------------------------------- Iteration 1000 -------------------------------- 
initial ob: [-0.03265039  0.51487777  0.2368754   0.          0.6         0.01492813
 -0.1         0.8         0.2        -0.1         0.8         0.2       ]
agent_success: 0

training time:  0.0019683837890625
evaluation time:  12.294532775878906
epoch time:  12.29654049873352


-------------------------------- Iteration 1200 -------------------------------- 
initial ob: [-0.03265039  0.51487777  0.2368754   0.          0.6         0.01492813
 -0.1         0.8         0.2        -0.1         0.8         0.2       ]
agent_success: 1.0

training time:  0.001800537109375
evaluation time:  12.178725957870483
epoch time:  12.180559873580933


-------------------------------- Iteration 1400 -------------------------------- 
initial ob: [-0.03265039  0.51487777  0.2368754   0.          0.6         0.01492813
 -0.1         0.8         0.2        -0.1         0.8         0.2       ]
agent_success: 1.0

training time:  0.0018186569213867188
evaluation time:  12.13105034828186
epoch time:  12.1328866481781


-------------------------------- Iteration 1600 -------------------------------- 
initial ob: [-0.03265039  0.51487777  0.2368754   0.          0.6         0.01492813
 -0.1         0.8         0.2        -0.1         0.8         0.2       ]
agent_success: 1.0

training time:  0.0018305778503417969
evaluation time:  12.21425461769104
epoch time:  12.21610164642334


-------------------------------- Iteration 1800 -------------------------------- 
initial ob: [-0.03265039  0.51487777  0.2368754   0.          0.6         0.01492813
 -0.1         0.8         0.2        -0.1         0.8         0.2       ]
agent_success: 1.0

training time:  0.0018181800842285156
evaluation time:  12.345279216766357
epoch time:  12.347117185592651


-------------------------------- Iteration 2000 -------------------------------- 
initial ob: [-0.03265039  0.51487777  0.2368754   0.          0.6         0.01492813
 -0.1         0.8         0.2        -0.1         0.8         0.2       ]
agent_success: 1.0

training time:  0.001987934112548828
evaluation time:  12.386509656906128
epoch time:  12.388524770736694


-------------------------------- Iteration 2200 -------------------------------- 
initial ob: [-0.03265039  0.51487777  0.2368754   0.          0.6         0.01492813
 -0.1         0.8         0.2        -0.1         0.8         0.2       ]
agent_success: 1.0

training time:  0.0018277168273925781
evaluation time:  12.356009244918823
epoch time:  12.357852935791016


-------------------------------- Iteration 2400 -------------------------------- 
initial ob: [-0.03265039  0.51487777  0.2368754   0.          0.6         0.01492813
 -0.1         0.8         0.2        -0.1         0.8         0.2       ]
agent_success: 1.0

training time:  0.001840353012084961
evaluation time:  12.480786561965942
epoch time:  12.482736825942993


-------------------------------- Iteration 2600 -------------------------------- 
initial ob: [-0.03265039  0.51487777  0.2368754   0.          0.6         0.01492813
 -0.1         0.8         0.2        -0.1         0.8         0.2       ]
agent_success: 1.0

training time:  0.0021812915802001953
evaluation time:  12.583897590637207
epoch time:  12.586097955703735


-------------------------------- Iteration 2800 -------------------------------- 
initial ob: [-0.03265039  0.51487777  0.2368754   0.          0.6         0.01492813
 -0.1         0.8         0.2        -0.1         0.8         0.2       ]
agent_success: 1.0

training time:  0.0018687248229980469
evaluation time:  12.355948448181152
epoch time:  12.3578519821167


-------------------------------- Iteration 3000 -------------------------------- 
initial ob: [-0.03265039  0.51487777  0.2368754   0.          0.6         0.01492813
 -0.1         0.8         0.2        -0.1         0.8         0.2       ]
agent_success: 1.0

training time:  0.0018215179443359375
evaluation time:  12.04715871810913
epoch time:  12.04899525642395


-------------------------------- Iteration 3200 -------------------------------- 
initial ob: [-0.03265039  0.51487777  0.2368754   0.          0.6         0.01492813
 -0.1         0.8         0.2        -0.1         0.8         0.2       ]
agent_success: 1.0

training time:  0.001806497573852539
evaluation time:  12.115246772766113
epoch time:  12.117072343826294


-------------------------------- Iteration 3400 -------------------------------- 
initial ob: [-0.03265039  0.51487777  0.2368754   0.          0.6         0.01492813
 -0.1         0.8         0.2        -0.1         0.8         0.2       ]
agent_success: 1.0

training time:  0.0020067691802978516
evaluation time:  12.230886936187744
epoch time:  12.232913494110107


-------------------------------- Iteration 3600 -------------------------------- 
initial ob: [-0.03265039  0.51487777  0.2368754   0.          0.6         0.01492813
 -0.1         0.8         0.2        -0.1         0.8         0.2       ]
agent_success: 1.0

training time:  0.0019502639770507812
evaluation time:  12.15833044052124
epoch time:  12.16029667854309


-------------------------------- Iteration 3800 -------------------------------- 
initial ob: [-0.03265039  0.51487777  0.2368754   0.          0.6         0.01492813
 -0.1         0.8         0.2        -0.1         0.8         0.2       ]
agent_success: 1.0

training time:  0.0018224716186523438
evaluation time:  12.207972288131714
epoch time:  12.20984673500061


-------------------------------- Iteration 4000 -------------------------------- 
initial ob: [-0.03265039  0.51487777  0.2368754   0.          0.6         0.01492813
 -0.1         0.8         0.2        -0.1         0.8         0.2       ]
agent_success: 1.0

training time:  0.001827239990234375
evaluation time:  12.193277359008789
epoch time:  12.195122718811035


-------------------------------- Iteration 4200 -------------------------------- 
initial ob: [-0.03265039  0.51487777  0.2368754   0.          0.6         0.01492813
 -0.1         0.8         0.2        -0.1         0.8         0.2       ]
agent_success: 1.0

training time:  0.0018284320831298828
evaluation time:  12.1680006980896
epoch time:  12.16984510421753


-------------------------------- Iteration 4400 -------------------------------- 
initial ob: [-0.03265039  0.51487777  0.2368754   0.          0.6         0.01492813
 -0.1         0.8         0.2        -0.1         0.8         0.2       ]
agent_success: 1.0

training time:  0.0020852088928222656
evaluation time:  12.218906164169312
epoch time:  12.221017122268677


-------------------------------- Iteration 4600 -------------------------------- 
initial ob: [-0.03265039  0.51487777  0.2368754   0.          0.6         0.01492813
 -0.1         0.8         0.2        -0.1         0.8         0.2       ]
agent_success: 1.0

training time:  0.001870870590209961
evaluation time:  12.265851020812988
epoch time:  12.267737865447998


-------------------------------- Iteration 4800 -------------------------------- 
initial ob: [-0.03265039  0.51487777  0.2368754   0.          0.6         0.01492813
 -0.1         0.8         0.2        -0.1         0.8         0.2       ]
agent_success: 1.0

training time:  0.002065420150756836
evaluation time:  12.144801616668701
epoch time:  12.14688754081726


-------------------------------- Iteration 5000 -------------------------------- 
initial ob: [-0.03265039  0.51487777  0.2368754   0.          0.6         0.01492813
 -0.1         0.8         0.2        -0.1         0.8         0.2       ]
agent_success: 1.0

training time:  0.002119302749633789
evaluation time:  12.20578122138977
epoch time:  12.207924365997314


-------------------------------- Iteration 5200 -------------------------------- 
initial ob: [-0.03265039  0.51487777  0.2368754   0.          0.6         0.01492813
 -0.1         0.8         0.2        -0.1         0.8         0.2       ]
agent_success: 1.0

training time:  0.0019159317016601562
evaluation time:  12.105895757675171
epoch time:  12.107840061187744


-------------------------------- Iteration 5400 -------------------------------- 
initial ob: [-0.03265039  0.51487777  0.2368754   0.          0.6         0.01492813
 -0.1         0.8         0.2        -0.1         0.8         0.2       ]
agent_success: 1.0

training time:  0.0018291473388671875
evaluation time:  12.15679121017456
epoch time:  12.15864872932434


-------------------------------- Iteration 5600 -------------------------------- 
initial ob: [-0.03265039  0.51487777  0.2368754   0.          0.6         0.01492813
 -0.1         0.8         0.2        -0.1         0.8         0.2       ]
agent_success: 1.0

training time:  0.002096414566040039
evaluation time:  12.398433923721313
epoch time:  12.40055513381958


-------------------------------- Iteration 5800 -------------------------------- 
initial ob: [-0.03265039  0.51487777  0.2368754   0.          0.6         0.01492813
 -0.1         0.8         0.2        -0.1         0.8         0.2       ]
agent_success: 1.0

training time:  0.001962423324584961
evaluation time:  12.260982751846313
epoch time:  12.26296091079712


-------------------------------- Iteration 6000 -------------------------------- 
initial ob: [-0.03265039  0.51487777  0.2368754   0.          0.6         0.01492813
 -0.1         0.8         0.2        -0.1         0.8         0.2       ]
agent_success: 1.0

training time:  0.0018410682678222656
evaluation time:  12.29570460319519
epoch time:  12.297561645507812


-------------------------------- Iteration 6200 -------------------------------- 
initial ob: [-0.03265039  0.51487777  0.2368754   0.          0.6         0.01492813
 -0.1         0.8         0.2        -0.1         0.8         0.2       ]
agent_success: 1.0

training time:  0.0020132064819335938
evaluation time:  12.224405288696289
epoch time:  12.226473808288574


-------------------------------- Iteration 6400 -------------------------------- 
initial ob: [-0.03265039  0.51487777  0.2368754   0.          0.6         0.01492813
 -0.1         0.8         0.2        -0.1         0.8         0.2       ]
agent_success: 1.0

training time:  0.0018429756164550781
evaluation time:  12.057163000106812
epoch time:  12.059024572372437


-------------------------------- Iteration 6600 -------------------------------- 
initial ob: [-0.03265039  0.51487777  0.2368754   0.          0.6         0.01492813
 -0.1         0.8         0.2        -0.1         0.8         0.2       ]
agent_success: 1.0

training time:  0.002170562744140625
evaluation time:  12.260623216629028
epoch time:  12.26281476020813


-------------------------------- Iteration 6800 -------------------------------- 
initial ob: [-0.03265039  0.51487777  0.2368754   0.          0.6         0.01492813
 -0.1         0.8         0.2        -0.1         0.8         0.2       ]
agent_success: 1.0

training time:  0.0019309520721435547
evaluation time:  12.188209295272827
epoch time:  12.19015622138977


-------------------------------- Iteration 7000 -------------------------------- 
initial ob: [-0.03265039  0.51487777  0.2368754   0.          0.6         0.01492813
 -0.1         0.8         0.2        -0.1         0.8         0.2       ]
agent_success: 1.0

training time:  0.002113819122314453
evaluation time:  12.156869888305664
epoch time:  12.159003257751465


-------------------------------- Iteration 7200 -------------------------------- 
initial ob: [-0.03265039  0.51487777  0.2368754   0.          0.6         0.01492813
 -0.1         0.8         0.2        -0.1         0.8         0.2       ]
agent_success: 1.0

training time:  0.0018458366394042969
evaluation time:  12.12272047996521
epoch time:  12.12458610534668


-------------------------------- Iteration 7400 -------------------------------- 
initial ob: [-0.03265039  0.51487777  0.2368754   0.          0.6         0.01492813
 -0.1         0.8         0.2        -0.1         0.8         0.2       ]
agent_success: 1.0

training time:  0.002056121826171875
evaluation time:  12.1246919631958
epoch time:  12.126763343811035


-------------------------------- Iteration 7600 -------------------------------- 
initial ob: [-0.03265039  0.51487777  0.2368754   0.          0.6         0.01492813
 -0.1         0.8         0.2        -0.1         0.8         0.2       ]
agent_success: 1.0

training time:  0.002219676971435547
evaluation time:  12.066519021987915
epoch time:  12.068756103515625


-------------------------------- Iteration 7800 -------------------------------- 
initial ob: [-0.03265039  0.51487777  0.2368754   0.          0.6         0.01492813
 -0.1         0.8         0.2        -0.1         0.8         0.2       ]
agent_success: 1.0

training time:  0.0020759105682373047
evaluation time:  12.062968254089355
epoch time:  12.065059423446655


-------------------------------- Iteration 8000 -------------------------------- 
initial ob: [-0.03265039  0.51487777  0.2368754   0.          0.6         0.01492813
 -0.1         0.8         0.2        -0.1         0.8         0.2       ]
agent_success: 1.0

training time:  0.001941680908203125
evaluation time:  12.140198469161987
epoch time:  12.14215636253357


-------------------------------- Iteration 8200 -------------------------------- 
initial ob: [-0.03265039  0.51487777  0.2368754   0.          0.6         0.01492813
 -0.1         0.8         0.2        -0.1         0.8         0.2       ]
agent_success: 1.0

training time:  0.002064228057861328
evaluation time:  12.101006269454956
epoch time:  12.103111267089844


-------------------------------- Iteration 8400 -------------------------------- 
initial ob: [-0.03265039  0.51487777  0.2368754   0.          0.6         0.01492813
 -0.1         0.8         0.2        -0.1         0.8         0.2       ]
agent_success: 1.0

training time:  0.0018308162689208984
evaluation time:  12.088638544082642
epoch time:  12.090485572814941


-------------------------------- Iteration 8600 -------------------------------- 
initial ob: [-0.03265039  0.51487777  0.2368754   0.          0.6         0.01492813
 -0.1         0.8         0.2        -0.1         0.8         0.2       ]
agent_success: 1.0

training time:  0.0019805431365966797
evaluation time:  12.17846417427063
epoch time:  12.18046236038208


-------------------------------- Iteration 8800 -------------------------------- 
initial ob: [-0.03265039  0.51487777  0.2368754   0.          0.6         0.01492813
 -0.1         0.8         0.2        -0.1         0.8         0.2       ]
agent_success: 1.0

training time:  0.002087116241455078
evaluation time:  12.19607162475586
epoch time:  12.198199987411499


-------------------------------- Iteration 9000 -------------------------------- 
initial ob: [-0.03265039  0.51487777  0.2368754   0.          0.6         0.01492813
 -0.1         0.8         0.2        -0.1         0.8         0.2       ]
agent_success: 1.0

training time:  0.001875162124633789
evaluation time:  12.239253759384155
epoch time:  12.241144180297852


-------------------------------- Iteration 9200 -------------------------------- 
initial ob: [-0.03265039  0.51487777  0.2368754   0.          0.6         0.01492813
 -0.1         0.8         0.2        -0.1         0.8         0.2       ]
agent_success: 1.0

training time:  0.0018284320831298828
evaluation time:  12.216331243515015
epoch time:  12.218176126480103


-------------------------------- Iteration 9400 -------------------------------- 
initial ob: [-0.03265039  0.51487777  0.2368754   0.          0.6         0.01492813
 -0.1         0.8         0.2        -0.1         0.8         0.2       ]
agent_success: 1.0

training time:  0.0018215179443359375
evaluation time:  12.117173194885254
epoch time:  12.119011163711548


-------------------------------- Iteration 9600 -------------------------------- 
initial ob: [-0.03265039  0.51487777  0.2368754   0.          0.6         0.01492813
 -0.1         0.8         0.2        -0.1         0.8         0.2       ]
agent_success: 1.0

training time:  0.0018963813781738281
evaluation time:  12.140803098678589
epoch time:  12.142717123031616


-------------------------------- Iteration 9800 -------------------------------- 
initial ob: [-0.03265039  0.51487777  0.2368754   0.          0.6         0.01492813
 -0.1         0.8         0.2        -0.1         0.8         0.2       ]
agent_success: 1.0

training time:  0.001840353012084961
evaluation time:  11.704596996307373
epoch time:  11.70646595954895


-------------------------------- Test Results -------------------------------- 
initial ob: [-0.03265039  0.51487777  0.2368754   0.          0.6         0.01492813
 -0.1         0.8         0.2        -0.1         0.8         0.2       ]
agent_success: 1.0

mean_success_rate:  1.0
Done
