/var/lib/slurm/slurmd/job3511552/slurm_script: line 9: batch_scripts/MT50_batch/seed.sh: No such file or directory
SLURM_JOBID=3511552
working directory=/viscam/u/jialugao/Imitation-SoftModule
########################
logging outputs to  /viscam/u/jialugao/Imitation-SoftModule/data/Base_bc_reach_handle-pull-side-v1_2640.000123-01-2022_22-52-07
########################
{'expert_policy_file': '../Multi-Task-RL/log/MT50_Single_Task/handle-pull-side-v1/Fixed/238/model/model_pf_best.pth', 'exp_name': 'bc_reach', 'do_dagger': False, 'ep_len': 200, 'gradient_steps': 1, 'n_iter': 10000, 'render_interval': 1, 'eval_interval': 200, 'batch_size': 64, 'eval_batch_size': 32, 'train_batch_size': 32, 'n_layers': 2, 'size': 400, 'learning_rate': 0.0001, 'video_log_freq': -1, 'scalar_log_freq': 1, 'no_gpu': False, 'which_gpu': 0, 'max_replay_buffer_size': 1000000, 'save_params': False, 'seed': 32, 'worker_nums': 1, 'eval_worker_nums': 1, 'config': 'config/BC.json', 'no_cuda': True, 'random_init': False, 'device': 'cpu', 'id': 'MT50_Single_Task', 'task_name': 'handle-pull-side-v1', 'task_env': 'MT50_task_env', 'cuda': False, 'log_dir': '/viscam/u/jialugao/Imitation-SoftModule/data/Base_bc_reach_handle-pull-side-v1_2640.000123-01-2022_22-52-07', 'agent_class': <class 'agents.bc_agent.MLPAgent'>, 'agent_params': {'n_layers': 2, 'size': 400, 'learning_rate': 0.0001, 'max_replay_buffer_size': 1000000, 'discrete': False, 'ac_dim': 4, 'ob_dim': 9}}
{'env_name': 'single_task', 'env': {'reward_scale': 1, 'obs_norm': False}, 'meta_env': {'obs_type': 'with_goal', 'random_init': False}, 'replay_buffer': {'size': 1000000.0}, 'net': {'hidden_shapes': [400, 400], 'append_hidden_shapes': [400], 'base_type': <class 'networks.base.MLPBase'>}, 'general_setting': {'discount': 0.99, 'pretrain_epochs': 20, 'num_epochs': 7500, 'epoch_frames': 200, 'max_episode_frames': 200, 'batch_size': 1280, 'min_pool': 10000, 'target_hard_update_period': 1000, 'use_soft_update': True, 'tau': 0.005, 'opt_times': 200, 'eval_episodes': 100, 'train_render': False, 'eval_render': False, 'env': <NormAct<RewardShift<SingleWrapperNone>>>, 'logger': <utils.logger.Logger object at 0x7fb6a4993c10>, 'device': device(type='cpu')}, 'sac': {'plr': 0.0003, 'qlr': 0.0003, 'reparameterization': True, 'automatic_entropy_tuning': True, 'policy_std_reg_weight': 0, 'policy_mean_reg_weight': 0}}
Loading expert policy from... ../Multi-Task-RL/log/MT50_Single_Task/handle-pull-side-v1/Fixed/238/model/model_pf_best.pth
Done restoring expert policy...
<NormAct<RewardShift<SawyerHandlePullSideEnv instance>>>
<NormAct<RewardShift<SawyerHandlePullSideEnv instance>>>


-------------------------------- Iteration 0 -------------------------------- 
initial ob: [-0.03264907  0.51488483  0.23687569 -0.15        0.7         0.04
 -0.35        0.7         0.16      ]
expert_success: 1.0



-------------------------------- Iteration 0 -------------------------------- 
initial ob: [-0.03264907  0.51488483  0.23687569 -0.15        0.7         0.04
 -0.35        0.7         0.16      ]
agent_success: 0

training time:  0.24730610847473145
evaluation time:  7.514161825180054
epoch time:  7.761502027511597


-------------------------------- Iteration 200 -------------------------------- 
initial ob: [-0.03264907  0.51488483  0.23687569 -0.15        0.7         0.04
 -0.35        0.7         0.16      ]
agent_success: 0

training time:  0.0023202896118164062
evaluation time:  6.6284544467926025
epoch time:  6.630802631378174


-------------------------------- Iteration 400 -------------------------------- 
initial ob: [-0.03264907  0.51488483  0.23687569 -0.15        0.7         0.04
 -0.35        0.7         0.16      ]
agent_success: 0

training time:  0.002313375473022461
evaluation time:  6.669726133346558
epoch time:  6.672060251235962


-------------------------------- Iteration 600 -------------------------------- 
initial ob: [-0.03264907  0.51488483  0.23687569 -0.15        0.7         0.04
 -0.35        0.7         0.16      ]
agent_success: 0

training time:  0.0023276805877685547
evaluation time:  6.627274751663208
epoch time:  6.6296234130859375


-------------------------------- Iteration 800 -------------------------------- 
initial ob: [-0.03264907  0.51488483  0.23687569 -0.15        0.7         0.04
 -0.35        0.7         0.16      ]
agent_success: 0

training time:  0.002299785614013672
evaluation time:  6.586738109588623
epoch time:  6.589068412780762


-------------------------------- Iteration 1000 -------------------------------- 
initial ob: [-0.03264907  0.51488483  0.23687569 -0.15        0.7         0.04
 -0.35        0.7         0.16      ]
agent_success: 0

training time:  0.0023467540740966797
evaluation time:  6.601496696472168
epoch time:  6.603864669799805


-------------------------------- Iteration 1200 -------------------------------- 
initial ob: [-0.03264907  0.51488483  0.23687569 -0.15        0.7         0.04
 -0.35        0.7         0.16      ]
agent_success: 0

training time:  0.0022776126861572266
evaluation time:  6.612306118011475
epoch time:  6.614617109298706


-------------------------------- Iteration 1400 -------------------------------- 
initial ob: [-0.03264907  0.51488483  0.23687569 -0.15        0.7         0.04
 -0.35        0.7         0.16      ]
agent_success: 0

training time:  0.002265453338623047
evaluation time:  6.596920728683472
epoch time:  6.599250316619873


-------------------------------- Iteration 1600 -------------------------------- 
initial ob: [-0.03264907  0.51488483  0.23687569 -0.15        0.7         0.04
 -0.35        0.7         0.16      ]
agent_success: 0

training time:  0.0022916793823242188
evaluation time:  6.674264192581177
epoch time:  6.676571607589722


-------------------------------- Iteration 1800 -------------------------------- 
initial ob: [-0.03264907  0.51488483  0.23687569 -0.15        0.7         0.04
 -0.35        0.7         0.16      ]
agent_success: 0

training time:  0.002288818359375
evaluation time:  6.670643091201782
epoch time:  6.672947645187378


-------------------------------- Iteration 2000 -------------------------------- 
initial ob: [-0.03264907  0.51488483  0.23687569 -0.15        0.7         0.04
 -0.35        0.7         0.16      ]
agent_success: 0

training time:  0.0022923946380615234
evaluation time:  6.66455864906311
epoch time:  6.666876316070557


-------------------------------- Iteration 2200 -------------------------------- 
initial ob: [-0.03264907  0.51488483  0.23687569 -0.15        0.7         0.04
 -0.35        0.7         0.16      ]
agent_success: 0

training time:  0.0022525787353515625
evaluation time:  6.70965838432312
epoch time:  6.711928844451904


-------------------------------- Iteration 2400 -------------------------------- 
initial ob: [-0.03264907  0.51488483  0.23687569 -0.15        0.7         0.04
 -0.35        0.7         0.16      ]
agent_success: 0

training time:  0.002270221710205078
evaluation time:  6.671635150909424
epoch time:  6.673936128616333


-------------------------------- Iteration 2600 -------------------------------- 
initial ob: [-0.03264907  0.51488483  0.23687569 -0.15        0.7         0.04
 -0.35        0.7         0.16      ]
agent_success: 0

training time:  0.0022873878479003906
evaluation time:  6.724297046661377
epoch time:  6.726597785949707


-------------------------------- Iteration 2800 -------------------------------- 
initial ob: [-0.03264907  0.51488483  0.23687569 -0.15        0.7         0.04
 -0.35        0.7         0.16      ]
agent_success: 0

training time:  0.002290010452270508
evaluation time:  6.761868238449097
epoch time:  6.7641825675964355


-------------------------------- Iteration 3000 -------------------------------- 
initial ob: [-0.03264907  0.51488483  0.23687569 -0.15        0.7         0.04
 -0.35        0.7         0.16      ]
agent_success: 0

training time:  0.0022890567779541016
evaluation time:  6.683157920837402
epoch time:  6.68546724319458


-------------------------------- Iteration 3200 -------------------------------- 
initial ob: [-0.03264907  0.51488483  0.23687569 -0.15        0.7         0.04
 -0.35        0.7         0.16      ]
agent_success: 0

training time:  0.0022847652435302734
evaluation time:  6.73582649230957
epoch time:  6.7381250858306885


-------------------------------- Training stopped due to early stopping -------------------------------- 
min loss:  0.08583839


-------------------------------- Test Results -------------------------------- 
initial ob: [-0.03264907  0.51488483  0.23687569 -0.15        0.7         0.04
 -0.35        0.7         0.16      ]
agent_success: 0

mean_success_rate:  0.0
Done
