/var/lib/slurm/slurmd/job3515594/slurm_script: line 9: batch_scripts/MT50_batch/seed.sh: No such file or directory
SLURM_JOBID=3515594
working directory=/viscam/u/jialugao/Imitation-SoftModule
########################
logging outputs to  /viscam/u/jialugao/Imitation-SoftModule/data/Base_bc_reach_push-wall-v1_2640.000125-01-2022_23-02-07
########################
{'expert_policy_file': '../Multi-Task-RL/log/MT50_Single_Task/push-wall-v1/Fixed/238/model/model_pf_best.pth', 'exp_name': 'bc_reach', 'do_dagger': False, 'ep_len': 200, 'gradient_steps': 1, 'n_iter': 10000, 'render_interval': 1, 'eval_interval': 200, 'batch_size': 64, 'eval_batch_size': 32, 'train_batch_size': 32, 'n_layers': 2, 'size': 400, 'learning_rate': 0.0001, 'video_log_freq': -1, 'scalar_log_freq': 1, 'no_gpu': False, 'which_gpu': 0, 'max_replay_buffer_size': 1000000, 'save_params': False, 'seed': 32, 'worker_nums': 1, 'eval_worker_nums': 1, 'config': 'config/BC.json', 'no_cuda': True, 'random_init': False, 'device': 'cpu', 'id': 'MT50_Single_Task', 'task_name': 'push-wall-v1', 'task_env': 'MT50_task_env', 'cuda': False, 'log_dir': '/viscam/u/jialugao/Imitation-SoftModule/data/Base_bc_reach_push-wall-v1_2640.000125-01-2022_23-02-07', 'agent_class': <class 'agents.bc_agent.MLPAgent'>, 'agent_params': {'n_layers': 2, 'size': 400, 'learning_rate': 0.0001, 'max_replay_buffer_size': 1000000, 'discrete': False, 'ac_dim': 4, 'ob_dim': 9}}
{'env_name': 'single_task', 'env': {'reward_scale': 1, 'obs_norm': False}, 'meta_env': {'obs_type': 'with_goal', 'random_init': False}, 'replay_buffer': {'size': 1000000.0}, 'net': {'hidden_shapes': [400, 400], 'append_hidden_shapes': [400], 'base_type': <class 'networks.base.MLPBase'>}, 'general_setting': {'discount': 0.99, 'pretrain_epochs': 20, 'num_epochs': 7500, 'epoch_frames': 200, 'max_episode_frames': 200, 'batch_size': 1280, 'min_pool': 10000, 'target_hard_update_period': 1000, 'use_soft_update': True, 'tau': 0.005, 'opt_times': 200, 'eval_episodes': 100, 'train_render': False, 'eval_render': False, 'env': <NormAct<RewardShift<SingleWrapperNone>>>, 'logger': <utils.logger.Logger object at 0x7f538cda0cd0>, 'device': device(type='cpu')}, 'sac': {'plr': 0.0003, 'qlr': 0.0003, 'reparameterization': True, 'automatic_entropy_tuning': True, 'policy_std_reg_weight': 0, 'policy_mean_reg_weight': 0}}
Loading expert policy from... ../Multi-Task-RL/log/MT50_Single_Task/push-wall-v1/Fixed/238/model/model_pf_best.pth
tensor([[ 0.0443, -0.0454, -0.2330,  ..., -0.0911, -0.0441, -0.0795],
        [ 0.5664, -0.0485, -0.0414,  ...,  0.0080,  0.0303, -0.0395],
        [ 0.4266, -0.2816, -0.6347,  ...,  0.0363,  0.0495,  0.0274],
        ...,
        [ 0.2082, -0.3932, -0.0124,  ...,  0.0875,  0.0384,  0.0431],
        [-0.3596, -0.0904, -0.1145,  ..., -0.0780,  0.0165, -0.0153],
        [ 0.5132,  0.1098, -0.5202,  ..., -0.1230, -0.1158, -0.0838]])
Done restoring expert policy...
<NormAct<RewardShift<AugObs<SawyerReachPushPickPlaceWallEnv instance>>>>


-------------------------------- Iteration 0 -------------------------------- 
initial ob: [-0.03264955  0.51487924  0.23688597  0.          0.6         0.01499496
  0.05        0.8         0.015       0.05        0.8         0.015     ]
expert:[ 0.9851631   0.91224504 -0.9351646  -0.9532353 ]
expert:[ 0.96794236  0.6703919  -0.9515596  -0.8767709 ]
expert:[-0.3987111  -0.92198765 -0.96769446  0.5663918 ]
expert:[-0.58726275 -0.9618107  -0.9655028   0.4925085 ]
expert:[-0.6835567  -0.972297   -0.96603996  0.41337913]
expert:[-0.7420328  -0.97961986 -0.9718118   0.367201  ]
expert:[-0.7353876  -0.978972   -0.9738928   0.25350606]
expert:[-0.6394178  -0.96244174 -0.96957195 -0.0089961 ]
expert:[-0.38091403 -0.8493069  -0.95574963 -0.6187377 ]
expert:[ 0.76783216  0.13179062 -0.92291164 -0.9375822 ]
expert:[ 0.9501849   0.5698683  -0.924276   -0.96432704]
expert:[ 0.94160795  0.46727654 -0.8828647  -0.9617246 ]
expert:[ 0.77947384  0.16619475 -0.8089105  -0.96771634]
expert:[-0.16824786 -0.33902407 -0.84498626 -0.87210494]
expert:[-0.743334   -0.5237873  -0.91015327 -0.11078538]
expert:[-0.6329289  -0.67546195 -0.93864304  0.77923036]
expert:[-0.35873523 -0.52848196 -0.93510824  0.93060225]
expert:[-0.2461326   0.26209784 -0.9124157   0.90434664]
expert:[-0.2630449  0.7378962 -0.8875507  0.8611193]
expert:[-0.2626533  0.8288055 -0.8703007  0.8279406]
expert:[-0.2598071   0.85626304 -0.86169684  0.7986509 ]
expert:[-0.2517184   0.87315416 -0.85226953  0.7575447 ]
expert:[-0.23186931  0.89360625 -0.84490806  0.700274  ]
expert:[-0.17513822  0.89212966 -0.8442155   0.62786585]
expert:[-0.15276034  0.88242877 -0.85283655  0.5308288 ]
expert:[-0.19431351  0.8342204  -0.89537317  0.31381205]
expert:[ 0.23312664  0.67014146 -0.9145229   0.17503707]
expert:[ 0.7153575   0.39235702 -0.9242975   0.15137395]
expert:[ 0.78648704  0.28261754 -0.92756194  0.04240761]
expert:[ 0.77268046  0.25365728 -0.92347014 -0.01901443]
expert:[ 0.669922    0.29304042 -0.9265935  -0.05049616]
expert:[ 0.18649611  0.39708865 -0.9368119  -0.106049  ]
expert:[-0.5205832   0.54740196 -0.9477915  -0.22433832]
expert:[-0.6584534   0.6543969  -0.95482945 -0.44401047]
expert:[-0.57636344  0.67305136 -0.93773395 -0.68305695]
expert:[-0.499003    0.5655959  -0.90927225 -0.7874657 ]
expert:[-0.4441237   0.33345896 -0.8841966  -0.85725313]
expert:[-0.3377732   0.18429403 -0.87815714 -0.8517614 ]
expert:[-0.13441235  0.1795526  -0.8419407  -0.7887269 ]
expert:[-0.03980044  0.59235245 -0.88108295 -0.8278126 ]
expert:[-0.00608283  0.8860268  -0.86659116 -0.739448  ]
expert:[-0.15362549  0.89197457 -0.6246847  -0.64157903]
expert:[-0.52130973  0.90366036 -0.3025787  -0.6193732 ]
expert:[-0.75744593  0.8946146  -0.11062551 -0.65014845]
expert:[-0.74455196  0.66559607 -0.02470479 -0.70635617]
expert:[-0.74556744  0.74159455 -0.05436315 -0.6769693 ]
expert:[-0.6932225   0.9594522  -0.05266112 -0.30015808]
expert:[-0.48272905  0.95119536 -0.22945696 -0.12493797]
expert:[-0.34798184  0.8968042  -0.32242987 -0.09722385]
expert:[-0.18869685  0.7319183  -0.41657805 -0.09454588]
expert:[-0.14190952  0.7431964  -0.48195183 -0.06360467]
expert:[-0.10560559  0.77461857 -0.5283342  -0.01963013]
expert:[-0.09509627  0.79414946 -0.5364486   0.00877567]
expert:[-0.11240411  0.8216675  -0.555322    0.03171758]
expert:[-0.06827187  0.8300375  -0.57994837  0.03788871]
expert:[ 0.12081742  0.81770545 -0.5056698   0.00807816]
expert:[ 0.22723776  0.77553195 -0.4343473  -0.05904918]
expert:[ 0.275091    0.72726935 -0.39728132 -0.11065666]
expert:[ 0.3068637   0.6646398  -0.38919023 -0.15530156]
expert:[ 0.34903002  0.57773036 -0.4204565  -0.1927914 ]
expert:[ 0.38561925  0.45614854 -0.53442204 -0.28175056]
expert:[ 0.5462119   0.31029043 -0.64084935 -0.40357897]
expert:[ 0.74192435  0.07347164 -0.716845   -0.5267761 ]
expert:[ 0.8771499  -0.09015686 -0.831252   -0.61884123]
expert:[ 0.95267147 -0.32321307 -0.88545287 -0.65995216]
expert:[ 0.97069377 -0.46291465 -0.93113714 -0.7056447 ]
expert:[ 0.9807738  -0.47525594 -0.9682503  -0.71775925]
expert:[ 0.98997366 -0.5212348  -0.9848613  -0.72267693]
expert:[ 0.99481165 -0.59627134 -0.9928787  -0.7177467 ]
expert:[ 0.9971712  -0.64477676 -0.99685425 -0.8859642 ]
expert:[ 0.9976023  -0.6896431  -0.99835247 -0.94589657]
expert:[ 0.99568146 -0.64440465 -0.99868286 -0.94194406]
expert:[ 0.99260694 -0.5957909  -0.9976682  -0.9403082 ]
expert:[ 0.9572576  -0.42281345 -0.9960477  -0.97606045]
expert:[ 0.86102873 -0.1133217  -0.98865134 -0.97518766]
expert:[ 6.3433743e-01 -8.8302395e-04 -9.5915842e-01 -8.8530624e-01]
expert:[ 0.4305598   0.06370243 -0.87290215 -0.7352992 ]
expert:[ 0.5537696   0.16782153 -0.69209975 -0.6119392 ]
expert:[ 0.7083456   0.07500733 -0.5329358  -0.7045339 ]
expert:[ 0.6949933   0.04316809 -0.417735   -0.6499022 ]
expert:[ 0.5537904   0.12131954 -0.32678    -0.31608364]
expert:[ 0.34140483  0.10061372 -0.19269839 -0.02357254]
expert:[ 0.17339012  0.04888734 -0.09658482 -0.13351016]
expert:[ 0.1534233   0.01568232 -0.10962466 -0.18557504]
expert:[ 0.22513156 -0.07918935 -0.11763129 -0.16715695]
expert:[ 0.270148   -0.158236   -0.15012558 -0.1200548 ]
expert:[ 0.3494572  -0.1778075  -0.20438044 -0.10887425]
expert:[ 0.40861517 -0.17825526 -0.25275567 -0.09597603]
expert:[ 0.35785618 -0.18294808 -0.2644719  -0.07847237]
expert:[ 0.31314528 -0.18804666 -0.26013473 -0.07438172]
expert:[ 0.27247807 -0.19797833 -0.247406   -0.07433736]
expert:[ 0.23112108 -0.21214876 -0.22761267 -0.08957981]
expert:[ 0.19491689 -0.22051723 -0.20501693 -0.10993285]
expert:[ 0.16456944 -0.23042285 -0.17899893 -0.13079129]
expert:[ 0.15192254 -0.23841804 -0.17582573 -0.15708545]
expert:[ 0.15330064 -0.24091408 -0.1737285  -0.16748042]
expert:[ 0.15464243 -0.23663142 -0.17569175 -0.15715128]
expert:[ 0.15909038 -0.2281085  -0.17946495 -0.13357407]
expert:[ 0.17960887 -0.2286405  -0.18982863 -0.13053402]
expert:[ 0.23230004 -0.22627716 -0.21319343 -0.12577125]
expert:[ 0.30210593 -0.21924429 -0.2407228  -0.11760165]
expert:[ 0.29265016 -0.22217737 -0.23713867 -0.12041961]
expert:[ 0.27136222 -0.2270785  -0.22767733 -0.12703866]
expert:[ 0.2671666  -0.22891882 -0.22488579 -0.13036953]
expert:[ 0.26116174 -0.22896977 -0.2244408  -0.12871107]
expert:[ 0.25685632 -0.22850591 -0.22487679 -0.12591301]
expert:[ 0.253371   -0.22826512 -0.22534224 -0.12369281]
expert:[ 0.25028583 -0.22825935 -0.22567767 -0.12208685]
expert:[ 0.24740097 -0.22841038 -0.22590826 -0.12086129]
expert:[ 0.24461494 -0.22865476 -0.22606575 -0.11988931]
expert:[ 0.24187459 -0.22895396 -0.2261835  -0.11905027]
expert:[ 0.2391625  -0.2292834  -0.22628002 -0.11827948]
expert:[ 0.23645721 -0.22963047 -0.22636233 -0.11755652]
expert:[ 0.23375574 -0.22998731 -0.22643791 -0.11686072]
expert:[ 0.23104237 -0.23035151 -0.22650978 -0.11617744]
expert:[ 0.22833014 -0.2307185  -0.22658181 -0.11549281]
expert:[ 0.2256139  -0.23108707 -0.22665015 -0.11482316]
expert:[ 0.22287914 -0.23145944 -0.22672151 -0.1141456 ]
expert:[ 0.22014321 -0.23183212 -0.22679201 -0.11347235]
expert:[ 0.21740124 -0.2322055  -0.22686282 -0.11280022]
expert:[ 0.21465144 -0.23257975 -0.22693378 -0.11212863]
expert:[ 0.21189329 -0.23295498 -0.22700498 -0.11145807]
expert:[ 0.20913927 -0.23332942 -0.22707833 -0.11077926]
expert:[ 0.206371   -0.23370257 -0.22714058 -0.11012811]
expert:[ 0.20373045 -0.23405464 -0.22719018 -0.10951334]
expert:[ 0.20110787 -0.23440942 -0.22725865 -0.1088689 ]
expert:[ 0.19848181 -0.23476005 -0.2273125  -0.10825285]
expert:[ 0.19594541 -0.23510042 -0.22737297 -0.10763521]
expert:[ 0.19337548 -0.23544647 -0.22743747 -0.10701312]
expert:[ 0.19084424 -0.23581819 -0.22747847 -0.10641804]
expert:[ 0.18832088 -0.23620297 -0.22751038 -0.10583359]
expert:[ 0.18580493 -0.23658887 -0.22755066 -0.10524106]
expert:[ 0.18332796 -0.23697478 -0.22759658 -0.10466617]
expert:[ 0.18081515 -0.23742954 -0.22767007 -0.10412282]
expert:[ 0.17827892 -0.23790419 -0.22775264 -0.1035796 ]
expert:[ 0.17575574 -0.23837605 -0.22783528 -0.10304109]
expert:[ 0.17326494 -0.23884429 -0.22792268 -0.10249788]
expert:[ 0.17104773 -0.23937869 -0.22788768 -0.10179107]
expert:[ 0.16952963 -0.23989834 -0.22772323 -0.10088493]
expert:[ 0.16799013 -0.24043013 -0.22755353 -0.09996226]
expert:[ 0.16634895 -0.24099186 -0.22737196 -0.09905718]
expert:[ 0.16470748 -0.24155815 -0.22719374 -0.09814091]
expert:[ 0.16307978 -0.24212131 -0.22701782 -0.09722646]
expert:[ 0.16154858 -0.2427088  -0.22690567 -0.09636697]
expert:[ 0.16004701 -0.24330308 -0.22681056 -0.09551272]
expert:[ 0.15855263 -0.24389552 -0.22671685 -0.09465896]
expert:[ 0.15706073 -0.244488   -0.22662471 -0.0938043 ]
expert:[ 0.15564679 -0.24502842 -0.22654441 -0.09309177]
expert:[ 0.15457912 -0.24537872 -0.22648168 -0.09276906]
expert:[ 0.15376621 -0.24561277 -0.22641857 -0.09260838]
expert_success: 1.0
path_length: 150
