/var/lib/slurm/slurmd/job3515636/slurm_script: line 9: batch_scripts/MT50_batch/seed.sh: No such file or directory
SLURM_JOBID=3515636
working directory=/viscam/u/jialugao/Imitation-SoftModule
########################
logging outputs to  /viscam/u/jialugao/Imitation-SoftModule/data/Base_bc_reach_hand-insert-v1_2640.000125-01-2022_23-02-05
########################
{'expert_policy_file': '../Multi-Task-RL/log/MT50_Single_Task/hand-insert-v1/Fixed/238/model/model_pf_best.pth', 'exp_name': 'bc_reach', 'do_dagger': False, 'ep_len': 200, 'gradient_steps': 1, 'n_iter': 10000, 'render_interval': 1, 'eval_interval': 200, 'batch_size': 64, 'eval_batch_size': 32, 'train_batch_size': 32, 'n_layers': 2, 'size': 400, 'learning_rate': 0.0001, 'video_log_freq': -1, 'scalar_log_freq': 1, 'no_gpu': False, 'which_gpu': 0, 'max_replay_buffer_size': 1000000, 'save_params': False, 'seed': 32, 'worker_nums': 1, 'eval_worker_nums': 1, 'config': 'config/BC.json', 'no_cuda': True, 'random_init': False, 'device': 'cpu', 'id': 'MT50_Single_Task', 'task_name': 'hand-insert-v1', 'task_env': 'MT50_task_env', 'cuda': False, 'log_dir': '/viscam/u/jialugao/Imitation-SoftModule/data/Base_bc_reach_hand-insert-v1_2640.000125-01-2022_23-02-05', 'agent_class': <class 'agents.bc_agent.MLPAgent'>, 'agent_params': {'n_layers': 2, 'size': 400, 'learning_rate': 0.0001, 'max_replay_buffer_size': 1000000, 'discrete': False, 'ac_dim': 4, 'ob_dim': 9}}
{'env_name': 'single_task', 'env': {'reward_scale': 1, 'obs_norm': False}, 'meta_env': {'obs_type': 'with_goal', 'random_init': False}, 'replay_buffer': {'size': 1000000.0}, 'net': {'hidden_shapes': [400, 400], 'append_hidden_shapes': [400], 'base_type': <class 'networks.base.MLPBase'>}, 'general_setting': {'discount': 0.99, 'pretrain_epochs': 20, 'num_epochs': 7500, 'epoch_frames': 200, 'max_episode_frames': 200, 'batch_size': 1280, 'min_pool': 10000, 'target_hard_update_period': 1000, 'use_soft_update': True, 'tau': 0.005, 'opt_times': 200, 'eval_episodes': 100, 'train_render': False, 'eval_render': False, 'env': <NormAct<RewardShift<SingleWrapperNone>>>, 'logger': <utils.logger.Logger object at 0x7f5fc8855890>, 'device': device(type='cpu')}, 'sac': {'plr': 0.0003, 'qlr': 0.0003, 'reparameterization': True, 'automatic_entropy_tuning': True, 'policy_std_reg_weight': 0, 'policy_mean_reg_weight': 0}}
Loading expert policy from... ../Multi-Task-RL/log/MT50_Single_Task/hand-insert-v1/Fixed/238/model/model_pf_best.pth
tensor([[-8.6736e-03, -3.0210e-02, -6.5632e-02,  ..., -3.6539e-02,
         -3.1922e-02,  1.9230e-02],
        [ 1.3482e+00,  1.1416e-01, -9.3282e-01,  ...,  9.0029e-03,
         -8.2436e-02,  7.5236e-02],
        [-3.0053e-02, -8.7874e-02, -6.0902e-02,  ..., -1.5992e-03,
         -3.4231e-02,  3.5042e-02],
        ...,
        [-2.3220e-01, -4.6395e-01,  1.1266e-01,  ...,  4.0015e-02,
          1.0326e-01, -1.1661e-01],
        [ 2.2660e+00, -1.0054e-01, -5.6669e-02,  ..., -4.6097e-02,
          1.1563e-03,  6.1353e-02],
        [ 1.3118e+00,  2.9013e-01,  8.9368e-02,  ..., -2.1146e-02,
         -8.7158e-02,  9.1074e-02]])
Done restoring expert policy...
<NormAct<RewardShift<AugObs<SawyerHandInsertEnv instance>>>>


-------------------------------- Iteration 0 -------------------------------- 
initial ob: [-0.03359098  0.51376544  0.23633854  0.          0.6         0.01997144
  0.          0.83999997 -0.08        0.          0.83999997 -0.08      ]
expert:[ 0.974396    0.99314237 -0.99019396 -0.9857154 ]
expert:[ 0.9829142   0.99521136 -0.993124   -0.98681855]
expert:[ 0.99022037  0.99640936 -0.99605733 -0.9899232 ]
expert:[ 0.99114805  0.9970197  -0.9966694  -0.99080145]
expert:[ 0.99060553  0.9971789  -0.9967313  -0.9896763 ]
expert:[ 0.9881377   0.99692583 -0.9965498  -0.9884652 ]
expert:[-0.72477674  0.99491566 -0.9964335  -0.82938427]
expert:[-0.8115813   0.9954107  -0.9967675  -0.80232483]
expert:[-0.8854173   0.99594164 -0.9965433  -0.8343332 ]
expert:[-0.91560185  0.99572647 -0.9948013  -0.8611197 ]
expert:[-0.91810024  0.9960461  -0.98936015 -0.8813032 ]
expert:[-0.9206378   0.9956644  -0.95946443 -0.8595779 ]
expert:[-0.9257516   0.99541724 -0.7181986  -0.8010046 ]
expert:[-0.92845035  0.9947107  -0.54888815 -0.7295735 ]
expert:[-0.6674368   0.99540603 -0.67632    -0.65909046]
expert:[ 0.9781661   0.9973683  -0.95240605 -0.83627033]
expert:[ 0.9910637   0.9971576  -0.9751315  -0.89261305]
expert:[ 0.99267256  0.997019   -0.94925445 -0.8791354 ]
expert:[0.90533465 0.9935367  0.16205649 0.5679033 ]
expert:[0.4206778 0.9910907 0.9230293 0.988916 ]
expert:[-0.3640478  0.9929423  0.6099876  0.8510018]
expert:[-0.6759379   0.9933083  -0.02706559  0.33590904]
expert:[-0.74957     0.9898491  -0.62183785  0.28281036]
expert:[-0.58586353  0.9867683  -0.9046686   0.43705615]
expert:[ 0.00703423  0.98191625 -0.95857143  0.735841  ]
expert:[ 0.9268316  0.9876904 -0.9918612  0.762791 ]
expert:[ 0.9134971   0.96996075 -0.9970387   0.51533306]
expert:[-0.7159106  -0.31166995 -0.9977913   0.10652226]
expert:[-0.9528679  -0.9357088  -0.9967508   0.10235631]
expert:[-0.8941027  -0.9307136  -0.9952689   0.31109735]
expert:[-0.6063864  -0.9243433  -0.99372977  0.7686643 ]
expert:[ 0.4117173  -0.79238653 -0.9944625   0.9636732 ]
expert:[ 0.90330625 -0.58080196 -0.9962893   0.9822603 ]
expert:[ 0.91321605 -0.33688778 -0.99630487  0.9316804 ]
expert:[ 0.7764407   0.13471222 -0.99559337  0.75420743]
expert:[ 0.32061294  0.36338937 -0.97119004  0.8036575 ]
expert:[-0.282525   0.2983143 -0.7899161  0.9340879]
expert:[-0.6639964   0.1525284  -0.5657057   0.95180124]
expert:[-0.7629263   0.02481109 -0.63413     0.93001235]
expert:[-0.81067455 -0.08471101 -0.47606358  0.9429765 ]
expert:[-0.8471299  -0.02774968 -0.3028174   0.9345853 ]
expert:[-0.85830206  0.06266809 -0.21067268  0.9208032 ]
expert:[-0.86842954  0.13372177 -0.21105894  0.9029431 ]
expert:[-0.86969435  0.21197437 -0.2636623   0.87301195]
expert:[-0.84832805  0.2985022  -0.39536998  0.8303933 ]
expert:[-0.6445293   0.36527586 -0.53941923  0.7539685 ]
expert:[-0.38879773  0.37524843 -0.7501036   0.6028006 ]
expert:[-0.11057964  0.3787402  -0.8642957   0.43894526]
expert:[ 0.0394423   0.35899252 -0.88731456  0.36144945]
expert:[ 0.07585166  0.362325   -0.8914462   0.3332363 ]
expert:[ 0.0911677   0.36697266 -0.89424086  0.32255447]
expert:[ 0.0986471   0.37005705 -0.89608043  0.31729725]
expert:[ 0.10355503  0.37238097 -0.8974704   0.31385952]
expert:[ 0.10725886  0.37429157 -0.898548    0.3111656 ]
expert:[ 0.1102844   0.37567925 -0.8993555   0.30916825]
expert:[ 0.11309906  0.3763855  -0.89991724  0.3078739 ]
expert:[ 0.11566069  0.37708265 -0.9003858   0.3065879 ]
expert:[ 0.11800658  0.3777606  -0.900781    0.30532622]
expert:[ 0.12008728  0.37841517 -0.90111274  0.30413598]
expert:[ 0.12183438  0.37904903 -0.90138745  0.30306426]
expert:[ 0.1232201   0.37966835 -0.90160924  0.30212802]
expert:[ 0.12430337  0.38028052 -0.9017872   0.30130303]
expert:[ 0.12516959  0.380892   -0.90192795  0.3005442 ]
expert:[ 0.12587647  0.38150483 -0.90203416  0.29982108]
expert:[ 0.12645848  0.38211718 -0.90210927  0.29912022]
expert:[ 0.12693593  0.3827297  -0.9021538   0.29843017]
expert:[ 0.12731853  0.3833315  -0.902165    0.2977495 ]
expert:[ 0.1275968   0.3839576  -0.90215975  0.2970837 ]
expert:[ 0.12781958  0.38462457 -0.9021491   0.2964081 ]
expert:[ 0.12802196  0.38533005 -0.90213627  0.29570976]
expert:[ 0.12821715  0.38606846 -0.90212005  0.29498348]
expert:[ 0.1284091   0.38683483 -0.90209895  0.29422823]
expert:[ 0.12859818  0.3876256  -0.90207165  0.2934441 ]
expert:[ 0.1287728   0.38839445 -0.9020878   0.29277477]
expert:[ 0.12893654  0.38915583 -0.90212804  0.29216817]
expert:[ 0.12909465  0.38993487 -0.90216064  0.29153842]
expert:[ 0.12925309  0.3907315  -0.902188    0.29088527]
expert:[ 0.12942067  0.39154965 -0.90221226  0.29020467]
expert:[ 0.12959273  0.39238974 -0.90223384  0.28949916]
expert:[ 0.1297657   0.3932524  -0.90225065  0.28876734]
expert:[ 0.1299364   0.3941357  -0.90226257  0.28801212]
expert:[ 0.13010466  0.39504015 -0.90226763  0.28722924]
expert:[ 0.13026915  0.3959645  -0.90226555  0.28642076]
expert:[ 0.13042936  0.39690873 -0.9022553   0.28558466]
expert:[ 0.1305838  0.3978722 -0.9022365  0.2847214]
expert:[ 0.13096067  0.39893505 -0.9022941   0.2837793 ]
expert:[ 0.1386099   0.40238112 -0.9048196   0.28112218]
expert:[ 0.16994481  0.40374795 -0.8969649   0.1933126 ]
expert:[ 0.22193982  0.3977964  -0.89117336  0.08089893]
expert:[ 0.18919276  0.3811405  -0.8169738  -0.0135667 ]
expert:[ 0.12004901  0.35206622 -0.6949515  -0.0013359 ]
expert:[-0.05421625  0.39122567 -0.5005127   0.01011239]
expert:[-0.16270539  0.4124484  -0.27927864  0.0739259 ]
expert:[-0.10989948  0.44895416  0.20532832  0.19740252]
expert:[-0.03130556  0.46041697  0.4411198   0.27010912]
expert:[-0.04164826  0.4650318   0.40077257  0.2763767 ]
expert:[-0.17118634  0.48295322  0.04386311  0.19936167]
expert:[-0.22805001  0.51481414 -0.36582717  0.03150179]
expert:[-0.16043244  0.52857023 -0.4736438  -0.03414125]
expert:[-0.09429672  0.49244502 -0.31180522  0.05278319]
expert:[ 0.05452467  0.40867501 -0.02372545  0.18806155]
expert:[0.22111337 0.3213672  0.21987927 0.2760905 ]
expert:[0.27264842 0.28947988 0.31082207 0.32465774]
expert:[0.23304455 0.3028824  0.30396363 0.31925362]
expert:[0.09704191 0.379147   0.22286436 0.262111  ]
expert:[-0.08478992  0.45421296 -0.07764047  0.17608649]
expert:[-0.17600946  0.5147907  -0.3721062   0.02115505]
expert:[-0.193903    0.5338957  -0.47852895 -0.04231426]
expert:[-0.185271    0.5027167  -0.29483417  0.06722042]
expert:[-0.08761887  0.44324782  0.03652694  0.21861234]
expert:[0.09980166 0.40267816 0.3670391  0.29687622]
expert:[0.16427876 0.35881472 0.38617522 0.32464945]
expert:[0.13662176 0.357744   0.26800263 0.2876842 ]
expert:[0.04190322 0.4100095  0.03087329 0.20567133]
expert:[-0.05537129  0.4740094  -0.23395091  0.09151882]
expert:[-0.08226523  0.51463646 -0.42026755 -0.00053187]
expert:[-0.09846488  0.5116344  -0.40184712  0.00547705]
expert:[-0.07582238  0.46561554 -0.15989129  0.13293597]
expert:[0.02111132 0.40693754 0.14568    0.2361101 ]
expert:[0.13859414 0.37501723 0.3690203  0.31087354]
expert:[0.15194173 0.3671668  0.380936   0.31882194]
expert:[0.06859574 0.3904975  0.22035946 0.2605463 ]
expert:[-0.05980665  0.45281637 -0.09140576  0.16578199]
expert:[-0.12200709  0.5086587  -0.37165362  0.0182652 ]
expert:[-0.11838823  0.52418965 -0.45557863 -0.02140705]
expert:[-0.11630358  0.4965676  -0.30878443  0.05568298]
expert:[-0.03252271  0.4367087  -0.01487185  0.19396523]
expert:[0.10801351 0.37877643 0.28595218 0.28291667]
expert:[0.17330429 0.35125875 0.3834226  0.3280075 ]
expert:[0.15028475 0.3587427  0.3361959  0.31086794]
expert:[0.02784359 0.40615118 0.11400912 0.22710516]
expert:[-0.0890718   0.4740375  -0.18639725  0.11921085]
expert:[-0.11978638  0.5198936  -0.43281108 -0.01157541]
expert:[-0.12284695  0.52239406 -0.44623542 -0.01770776]
expert:[-0.11115567  0.47972232 -0.20885213  0.11060104]
expert:[-0.00246416  0.4175783   0.10034376  0.22340013]
expert:[0.1363885  0.37177444 0.3460112  0.30582607]
expert:[0.167317   0.35300234 0.37006646 0.32352316]
expert:[0.10972623 0.3705107  0.2511332  0.27748868]
expert:[-0.00676192  0.4293466  -0.01718146  0.19416448]
expert:[-0.1014898   0.4928859  -0.29158294  0.06322569]
expert:[-0.11404977  0.52063906 -0.4392473  -0.01347465]
expert:[-0.1222847   0.5065157  -0.3636936   0.02354769]
expert:[-0.06527803  0.45153406 -0.08936591  0.16864717]
expert:[0.07109952 0.393447   0.23894162 0.26252988]
expert:[0.15677962 0.36258423 0.3767023  0.31948024]
expert:[0.14956509 0.36200324 0.34813586 0.31254637]
expert:[0.04400228 0.39895356 0.1484281  0.23748401]
expert:[-0.07042468  0.46455893 -0.14906059  0.13699399]
expert:[-0.11545112  0.5138819  -0.40425086  0.00154333]
expert:[-0.11630596  0.5212029  -0.44228348 -0.01501507]
expert:[-0.10831064  0.48469466 -0.24242511  0.09210779]
expert:[-0.0129294   0.42442888  0.05380752  0.21051134]
expert:[0.12637384 0.37449163 0.32531875 0.2977813 ]
expert:[0.16986538 0.35298786 0.37915608 0.32598335]
expert:[0.12551995 0.3672667  0.29274827 0.29270476]
expert:[0.00076851 0.42273363 0.03113755 0.20648214]
expert:[-0.10213296  0.4869747  -0.25387913  0.08423381]
expert:[-0.11796393  0.52149826 -0.44180137 -0.01524438]
expert:[-0.12436241  0.5136239  -0.40296695  0.00122267]
expert:[-0.08222882  0.4619485  -0.13311878  0.14769356]
expert:[0.04437806 0.39960146 0.19005488 0.24917376]
expert:[0.15227148 0.36394322 0.36678064 0.31578687]
expert:[0.15794982 0.35712054 0.3554802  0.3172984 ]
expert:[0.07209785 0.38853917 0.19232422 0.25183374]
expert:[-0.04529877  0.451134   -0.10450907  0.15865739]
expert:[-0.1137327   0.50772154 -0.37219986  0.01767994]
expert:[-0.11540025  0.52187634 -0.44549417 -0.01637974]
expert:[-0.11536708  0.4933952  -0.29002944  0.06635124]
expert:[-0.03472419  0.43580168  0.00162412  0.19881164]
expert:[0.10992109 0.38195947 0.30605927 0.28752586]
expert:[0.17061862 0.35535637 0.3927451  0.3283749 ]
expert:[0.14242287 0.36465716 0.33591595 0.30752793]
expert:[0.01372308 0.4132922  0.08678754 0.22056787]
expert:[-0.09900241  0.4801441  -0.21328776  0.10586713]
expert:[-0.11816076  0.5224264  -0.44586706 -0.01715885]
expert:[-0.12084908  0.52115774 -0.44107014 -0.01506306]
expert:[-0.10088629  0.47440866 -0.18738185  0.12102209]
expert:[0.01208387 0.41062823 0.12902741 0.2308458 ]
expert:[0.14353895 0.36743122 0.35119164 0.30961168]
expert:[0.16598457 0.3528212  0.3644035  0.32210195]
expert:[0.1017426  0.3751578  0.23706925 0.26956585]
expert:[-0.01706284  0.4345281  -0.04468077  0.18543473]
expert:[-0.10664266  0.49792734 -0.3183304   0.04863324]
expert:[-0.11536767  0.5215342  -0.44338003 -0.01549151]
expert:[-0.12216967  0.50309336 -0.34358793  0.03557265]
expert:[-0.05757294  0.44576538 -0.06382511  0.18100043]
expert:[0.08398622 0.3897577  0.26201114 0.2701677 ]
expert:[0.16055214 0.36095083 0.3826333  0.3221624 ]
expert:[0.14668442 0.36331266 0.34423065 0.3106942 ]
expert:[0.03098817 0.40405986 0.12749897 0.23080471]
expert:[-0.07972444  0.46972233 -0.17020507  0.12683286]
expert:[-0.11519453  0.51657486 -0.41788557 -0.00433016]
expert:[-0.11630111  0.5209435  -0.4411871  -0.01449792]
expert:[-0.10516635  0.48086315 -0.22138718  0.10317887]
expert:[-0.00374666  0.41936165  0.07779074  0.2165588 ]
expert:[0.13295372 0.3716021  0.33369437 0.30202505]
expert:[0.16898248 0.35246176 0.37354478 0.32475445]
expert:[0.11685484 0.36869538 0.271276   0.28528845]
expert:[-0.00462424  0.426515    0.00768116  0.2005443 ]
expert_success: 1.0
path_length: 200
