/var/lib/slurm/slurmd/job3515728/slurm_script: line 9: batch_scripts/MT50_batch/seed.sh: No such file or directory
SLURM_JOBID=3515728
working directory=/viscam/u/jialugao/Imitation-SoftModule
########################
logging outputs to  /viscam/u/jialugao/Imitation-SoftModule/data/Base_bc_reach_push-wall-v1_2640.000125-01-2022_23-54-00
########################
{'expert_policy_file': '../Multi-Task-RL/log/MT50_Single_Task/push-wall-v1/Fixed/238/model/model_pf_best.pth', 'exp_name': 'bc_reach', 'do_dagger': False, 'ep_len': 200, 'gradient_steps': 1, 'n_iter': 100000, 'render_interval': 1, 'eval_interval': 200, 'batch_size': 64, 'eval_batch_size': 32, 'train_batch_size': 32, 'n_layers': 2, 'size': 400, 'learning_rate': 0.0001, 'video_log_freq': -1, 'scalar_log_freq': 1, 'no_gpu': False, 'which_gpu': 0, 'max_replay_buffer_size': 1000000, 'save_params': False, 'seed': 32, 'worker_nums': 1, 'eval_worker_nums': 1, 'config': 'config/BC.json', 'no_cuda': True, 'random_init': False, 'device': 'cpu', 'id': 'MT50_Single_Task', 'task_name': 'push-wall-v1', 'task_env': 'MT50_task_env', 'cuda': False, 'log_dir': '/viscam/u/jialugao/Imitation-SoftModule/data/Base_bc_reach_push-wall-v1_2640.000125-01-2022_23-54-00', 'agent_class': <class 'agents.bc_agent.MLPAgent'>, 'agent_params': {'n_layers': 2, 'size': 400, 'learning_rate': 0.0001, 'max_replay_buffer_size': 1000000, 'discrete': False, 'ac_dim': 4, 'ob_dim': 9}}
{'env_name': 'single_task', 'env': {'reward_scale': 1, 'obs_norm': False}, 'meta_env': {'obs_type': 'with_goal', 'random_init': False}, 'replay_buffer': {'size': 1000000.0}, 'net': {'hidden_shapes': [400, 400], 'append_hidden_shapes': [400], 'base_type': <class 'networks.base.MLPBase'>}, 'general_setting': {'discount': 0.99, 'pretrain_epochs': 20, 'num_epochs': 7500, 'epoch_frames': 200, 'max_episode_frames': 200, 'batch_size': 1280, 'min_pool': 10000, 'target_hard_update_period': 1000, 'use_soft_update': True, 'tau': 0.005, 'opt_times': 200, 'eval_episodes': 100, 'train_render': False, 'eval_render': False, 'env': <NormAct<RewardShift<SingleWrapperNone>>>, 'logger': <utils.logger.Logger object at 0x7f072464dd10>, 'device': device(type='cpu')}, 'sac': {'plr': 0.0003, 'qlr': 0.0003, 'reparameterization': True, 'automatic_entropy_tuning': True, 'policy_std_reg_weight': 0, 'policy_mean_reg_weight': 0}}
Loading expert policy from... ../Multi-Task-RL/log/MT50_Single_Task/push-wall-v1/Fixed/238/model/model_pf_best.pth
tensor([[ 0.0443, -0.0454, -0.2330,  ..., -0.0911, -0.0441, -0.0795],
        [ 0.5664, -0.0485, -0.0414,  ...,  0.0080,  0.0303, -0.0395],
        [ 0.4266, -0.2816, -0.6347,  ...,  0.0363,  0.0495,  0.0274],
        ...,
        [ 0.2082, -0.3932, -0.0124,  ...,  0.0875,  0.0384,  0.0431],
        [-0.3596, -0.0904, -0.1145,  ..., -0.0780,  0.0165, -0.0153],
        [ 0.5132,  0.1098, -0.5202,  ..., -0.1230, -0.1158, -0.0838]])
Done restoring expert policy...
<NormAct<RewardShift<AugObs<SawyerReachPushPickPlaceWallEnv instance>>>>


-------------------------------- Iteration 0 -------------------------------- 
initial ob: [-0.03264955  0.51487924  0.23688597  0.          0.6         0.01499496
  0.05        0.8         0.015       0.05        0.8         0.015     ]
expert:[ 0.9851631   0.91224504 -0.9351646  -0.9532353 ]
expert:[ 0.96794236  0.6703919  -0.9515596  -0.8767709 ]
expert:[-0.3987111  -0.92198765 -0.96769446  0.5663918 ]
expert:[-0.58726275 -0.9618107  -0.9655028   0.4925085 ]
expert:[-0.6835567  -0.972297   -0.96603996  0.41337913]
expert:[-0.7420328  -0.97961986 -0.9718118   0.367201  ]
expert:[-0.7353876  -0.978972   -0.9738928   0.25350606]
expert:[-0.6394178  -0.96244174 -0.96957195 -0.0089961 ]
expert:[-0.38091403 -0.8493069  -0.95574963 -0.6187377 ]
expert:[ 0.76783216  0.13179062 -0.92291164 -0.9375822 ]
expert:[ 0.9501849   0.5698683  -0.924276   -0.96432704]
expert:[ 0.94160795  0.46727654 -0.8828647  -0.9617246 ]
expert:[ 0.77947384  0.16619475 -0.8089105  -0.96771634]
expert:[-0.16824786 -0.33902407 -0.84498626 -0.87210494]
expert:[-0.743334   -0.5237873  -0.91015327 -0.11078538]
expert:[-0.6329289  -0.67546195 -0.93864304  0.77923036]
expert:[-0.35873523 -0.52848196 -0.93510824  0.93060225]
expert:[-0.2461326   0.26209784 -0.9124157   0.90434664]
expert:[-0.2630449  0.7378962 -0.8875507  0.8611193]
expert:[-0.2626533  0.8288055 -0.8703007  0.8279406]
expert:[-0.2598071   0.85626304 -0.86169684  0.7986509 ]
expert:[-0.2517184   0.87315416 -0.85226953  0.7575447 ]
expert:[-0.23186931  0.89360625 -0.84490806  0.700274  ]
expert:[-0.17513822  0.89212966 -0.8442155   0.62786585]
expert:[-0.15276034  0.88242877 -0.85283655  0.5308288 ]
expert:[-0.19431351  0.8342204  -0.89537317  0.31381205]
expert:[ 0.23312664  0.67014146 -0.9145229   0.17503707]
expert:[ 0.7153575   0.39235702 -0.9242975   0.15137395]
expert:[ 0.78648704  0.28261754 -0.92756194  0.04240761]
expert:[ 0.77268046  0.25365728 -0.92347014 -0.01901443]
expert:[ 0.669922    0.29304042 -0.9265935  -0.05049616]
expert:[ 0.18649611  0.39708865 -0.9368119  -0.106049  ]
expert:[-0.5205832   0.54740196 -0.9477915  -0.22433832]
expert:[-0.6584534   0.6543969  -0.95482945 -0.44401047]
expert:[-0.57636344  0.67305136 -0.93773395 -0.68305695]
expert:[-0.499003    0.5655959  -0.90927225 -0.7874657 ]
expert:[-0.4441237   0.33345896 -0.8841966  -0.85725313]
expert:[-0.3377732   0.18429403 -0.87815714 -0.8517614 ]
expert:[-0.13441235  0.1795526  -0.8419407  -0.7887269 ]
expert:[-0.03980044  0.59235245 -0.88108295 -0.8278126 ]
expert:[-0.00608283  0.8860268  -0.86659116 -0.739448  ]
expert:[-0.15362549  0.89197457 -0.6246847  -0.64157903]
expert:[-0.52130973  0.90366036 -0.3025787  -0.6193732 ]
expert:[-0.75744593  0.8946146  -0.11062551 -0.65014845]
expert:[-0.74455196  0.66559607 -0.02470479 -0.70635617]
expert:[-0.74556744  0.74159455 -0.05436315 -0.6769693 ]
expert:[-0.6932225   0.9594522  -0.05266112 -0.30015808]
expert:[-0.48272905  0.95119536 -0.22945696 -0.12493797]
expert:[-0.34798184  0.8968042  -0.32242987 -0.09722385]
expert:[-0.18869685  0.7319183  -0.41657805 -0.09454588]
expert:[-0.14190952  0.7431964  -0.48195183 -0.06360467]
expert:[-0.10560559  0.77461857 -0.5283342  -0.01963013]
expert:[-0.09509627  0.79414946 -0.5364486   0.00877567]
expert:[-0.11240411  0.8216675  -0.555322    0.03171758]
expert:[-0.06827187  0.8300375  -0.57994837  0.03788871]
expert:[ 0.12081742  0.81770545 -0.5056698   0.00807816]
expert:[ 0.22723776  0.77553195 -0.4343473  -0.05904918]
expert:[ 0.275091    0.72726935 -0.39728132 -0.11065666]
expert:[ 0.3068637   0.6646398  -0.38919023 -0.15530156]
expert:[ 0.34903002  0.57773036 -0.4204565  -0.1927914 ]
expert:[ 0.38561925  0.45614854 -0.53442204 -0.28175056]
expert:[ 0.5462119   0.31029043 -0.64084935 -0.40357897]
expert:[ 0.74192435  0.07347164 -0.716845   -0.5267761 ]
expert:[ 0.8771499  -0.09015686 -0.831252   -0.61884123]
expert:[ 0.95267147 -0.32321307 -0.88545287 -0.65995216]
expert:[ 0.97069377 -0.46291465 -0.93113714 -0.7056447 ]
expert:[ 0.9807738  -0.47525594 -0.9682503  -0.71775925]
expert:[ 0.98997366 -0.5212348  -0.9848613  -0.72267693]
expert:[ 0.99481165 -0.59627134 -0.9928787  -0.7177467 ]
expert:[ 0.9971712  -0.64477676 -0.99685425 -0.8859642 ]
expert:[ 0.9976023  -0.6896431  -0.99835247 -0.94589657]
expert:[ 0.99568146 -0.64440465 -0.99868286 -0.94194406]
expert:[ 0.99260694 -0.5957909  -0.9976682  -0.9403082 ]
expert:[ 0.9572576  -0.42281345 -0.9960477  -0.97606045]
expert:[ 0.86102873 -0.1133217  -0.98865134 -0.97518766]
expert:[ 6.3433743e-01 -8.8302395e-04 -9.5915842e-01 -8.8530624e-01]
expert:[ 0.4305598   0.06370243 -0.87290215 -0.7352992 ]
expert:[ 0.5537696   0.16782153 -0.69209975 -0.6119392 ]
expert:[ 0.7083456   0.07500733 -0.5329358  -0.7045339 ]
expert:[ 0.6949933   0.04316809 -0.417735   -0.6499022 ]
expert:[ 0.5537904   0.12131954 -0.32678    -0.31608364]
expert:[ 0.34140483  0.10061372 -0.19269839 -0.02357254]
expert:[ 0.17339012  0.04888734 -0.09658482 -0.13351016]
expert:[ 0.1534233   0.01568232 -0.10962466 -0.18557504]
expert:[ 0.22513156 -0.07918935 -0.11763129 -0.16715695]
expert:[ 0.270148   -0.158236   -0.15012558 -0.1200548 ]
expert:[ 0.3494572  -0.1778075  -0.20438044 -0.10887425]
expert:[ 0.40861517 -0.17825526 -0.25275567 -0.09597603]
expert:[ 0.35785618 -0.18294808 -0.2644719  -0.07847237]
expert:[ 0.31314528 -0.18804666 -0.26013473 -0.07438172]
expert:[ 0.27247807 -0.19797833 -0.247406   -0.07433736]
expert:[ 0.23112108 -0.21214876 -0.22761267 -0.08957981]
expert:[ 0.19491689 -0.22051723 -0.20501693 -0.10993285]
expert:[ 0.16456944 -0.23042285 -0.17899893 -0.13079129]
expert:[ 0.15192254 -0.23841804 -0.17582573 -0.15708545]
expert:[ 0.15330064 -0.24091408 -0.1737285  -0.16748042]
expert:[ 0.15464243 -0.23663142 -0.17569175 -0.15715128]
expert:[ 0.15909038 -0.2281085  -0.17946495 -0.13357407]
expert:[ 0.17960887 -0.2286405  -0.18982863 -0.13053402]
expert:[ 0.23230004 -0.22627716 -0.21319343 -0.12577125]
expert:[ 0.30210593 -0.21924429 -0.2407228  -0.11760165]
expert:[ 0.29265016 -0.22217737 -0.23713867 -0.12041961]
expert:[ 0.27136222 -0.2270785  -0.22767733 -0.12703866]
expert:[ 0.2671666  -0.22891882 -0.22488579 -0.13036953]
expert:[ 0.26116174 -0.22896977 -0.2244408  -0.12871107]
expert:[ 0.25685632 -0.22850591 -0.22487679 -0.12591301]
expert:[ 0.253371   -0.22826512 -0.22534224 -0.12369281]
expert:[ 0.25028583 -0.22825935 -0.22567767 -0.12208685]
expert:[ 0.24740097 -0.22841038 -0.22590826 -0.12086129]
expert:[ 0.24461494 -0.22865476 -0.22606575 -0.11988931]
expert:[ 0.24187459 -0.22895396 -0.2261835  -0.11905027]
expert:[ 0.2391625  -0.2292834  -0.22628002 -0.11827948]
expert:[ 0.23645721 -0.22963047 -0.22636233 -0.11755652]
expert:[ 0.23375574 -0.22998731 -0.22643791 -0.11686072]
expert:[ 0.23104237 -0.23035151 -0.22650978 -0.11617744]
expert:[ 0.22833014 -0.2307185  -0.22658181 -0.11549281]
expert:[ 0.2256139  -0.23108707 -0.22665015 -0.11482316]
expert:[ 0.22287914 -0.23145944 -0.22672151 -0.1141456 ]
expert:[ 0.22014321 -0.23183212 -0.22679201 -0.11347235]
expert:[ 0.21740124 -0.2322055  -0.22686282 -0.11280022]
expert:[ 0.21465144 -0.23257975 -0.22693378 -0.11212863]
expert:[ 0.21189329 -0.23295498 -0.22700498 -0.11145807]
expert:[ 0.20913927 -0.23332942 -0.22707833 -0.11077926]
expert:[ 0.206371   -0.23370257 -0.22714058 -0.11012811]
expert:[ 0.20373045 -0.23405464 -0.22719018 -0.10951334]
expert:[ 0.20110787 -0.23440942 -0.22725865 -0.1088689 ]
expert:[ 0.19848181 -0.23476005 -0.2273125  -0.10825285]
expert:[ 0.19594541 -0.23510042 -0.22737297 -0.10763521]
expert:[ 0.19337548 -0.23544647 -0.22743747 -0.10701312]
expert:[ 0.19084424 -0.23581819 -0.22747847 -0.10641804]
expert:[ 0.18832088 -0.23620297 -0.22751038 -0.10583359]
expert:[ 0.18580493 -0.23658887 -0.22755066 -0.10524106]
expert:[ 0.18332796 -0.23697478 -0.22759658 -0.10466617]
expert:[ 0.18081515 -0.23742954 -0.22767007 -0.10412282]
expert:[ 0.17827892 -0.23790419 -0.22775264 -0.1035796 ]
expert:[ 0.17575574 -0.23837605 -0.22783528 -0.10304109]
expert:[ 0.17326494 -0.23884429 -0.22792268 -0.10249788]
expert:[ 0.17104773 -0.23937869 -0.22788768 -0.10179107]
expert:[ 0.16952963 -0.23989834 -0.22772323 -0.10088493]
expert:[ 0.16799013 -0.24043013 -0.22755353 -0.09996226]
expert:[ 0.16634895 -0.24099186 -0.22737196 -0.09905718]
expert:[ 0.16470748 -0.24155815 -0.22719374 -0.09814091]
expert:[ 0.16307978 -0.24212131 -0.22701782 -0.09722646]
expert:[ 0.16154858 -0.2427088  -0.22690567 -0.09636697]
expert:[ 0.16004701 -0.24330308 -0.22681056 -0.09551272]
expert:[ 0.15855263 -0.24389552 -0.22671685 -0.09465896]
expert:[ 0.15706073 -0.244488   -0.22662471 -0.0938043 ]
expert:[ 0.15564679 -0.24502842 -0.22654441 -0.09309177]
expert:[ 0.15457912 -0.24537872 -0.22648168 -0.09276906]
expert:[ 0.15376621 -0.24561277 -0.22641857 -0.09260838]
expert_success: 1.0
path_length: 150



-------------------------------- Iteration 0 -------------------------------- 
initial ob: [-0.03264955  0.51487924  0.23688597  0.          0.6         0.01499496
  0.05        0.8         0.015       0.05        0.8         0.015     ]
agent_success: 0

training time:  0.15699386596679688
evaluation time:  7.42099666595459
epoch time:  7.578022718429565


-------------------------------- Iteration 200 -------------------------------- 
initial ob: [-0.03264955  0.51487924  0.23688597  0.          0.6         0.01499496
  0.05        0.8         0.015       0.05        0.8         0.015     ]
agent_success: 0

training time:  0.002331972122192383
evaluation time:  7.6659767627716064
epoch time:  7.668339490890503


-------------------------------- Iteration 400 -------------------------------- 
initial ob: [-0.03264955  0.51487924  0.23688597  0.          0.6         0.01499496
  0.05        0.8         0.015       0.05        0.8         0.015     ]
agent_success: 0

training time:  0.002402782440185547
evaluation time:  8.087961673736572
epoch time:  8.09039044380188


-------------------------------- Iteration 600 -------------------------------- 
initial ob: [-0.03264955  0.51487924  0.23688597  0.          0.6         0.01499496
  0.05        0.8         0.015       0.05        0.8         0.015     ]
agent_success: 0

training time:  0.0023565292358398438
evaluation time:  7.86984395980835
epoch time:  7.872223854064941


-------------------------------- Iteration 800 -------------------------------- 
initial ob: [-0.03264955  0.51487924  0.23688597  0.          0.6         0.01499496
  0.05        0.8         0.015       0.05        0.8         0.015     ]
agent_success: 0

training time:  0.0023877620697021484
evaluation time:  8.480031251907349
epoch time:  8.482449531555176


-------------------------------- Iteration 1000 -------------------------------- 
initial ob: [-0.03264955  0.51487924  0.23688597  0.          0.6         0.01499496
  0.05        0.8         0.015       0.05        0.8         0.015     ]
agent_success: 0

training time:  0.002343416213989258
evaluation time:  9.053406000137329
epoch time:  9.05577278137207


-------------------------------- Iteration 1200 -------------------------------- 
initial ob: [-0.03264955  0.51487924  0.23688597  0.          0.6         0.01499496
  0.05        0.8         0.015       0.05        0.8         0.015     ]
agent_success: 0

training time:  0.002356290817260742
evaluation time:  8.508755922317505
epoch time:  8.511132955551147


-------------------------------- Iteration 1400 -------------------------------- 
initial ob: [-0.03264955  0.51487924  0.23688597  0.          0.6         0.01499496
  0.05        0.8         0.015       0.05        0.8         0.015     ]
agent_success: 0

training time:  0.002343893051147461
evaluation time:  8.465068340301514
epoch time:  8.467440128326416


-------------------------------- Iteration 1600 -------------------------------- 
initial ob: [-0.03264955  0.51487924  0.23688597  0.          0.6         0.01499496
  0.05        0.8         0.015       0.05        0.8         0.015     ]
agent_success: 0

training time:  0.0024056434631347656
evaluation time:  8.488914489746094
epoch time:  8.491340398788452


-------------------------------- Iteration 1800 -------------------------------- 
initial ob: [-0.03264955  0.51487924  0.23688597  0.          0.6         0.01499496
  0.05        0.8         0.015       0.05        0.8         0.015     ]
agent_success: 0

training time:  0.0023529529571533203
evaluation time:  8.784181594848633
epoch time:  8.78656554222107


-------------------------------- Iteration 2000 -------------------------------- 
initial ob: [-0.03264955  0.51487924  0.23688597  0.          0.6         0.01499496
  0.05        0.8         0.015       0.05        0.8         0.015     ]
agent_success: 0

training time:  0.0023734569549560547
evaluation time:  9.013594388961792
epoch time:  9.015989303588867


-------------------------------- Iteration 2200 -------------------------------- 
initial ob: [-0.03264955  0.51487924  0.23688597  0.          0.6         0.01499496
  0.05        0.8         0.015       0.05        0.8         0.015     ]
agent_success: 0

training time:  0.0023550987243652344
evaluation time:  8.612831592559814
epoch time:  8.615212678909302


-------------------------------- Iteration 2400 -------------------------------- 
initial ob: [-0.03264955  0.51487924  0.23688597  0.          0.6         0.01499496
  0.05        0.8         0.015       0.05        0.8         0.015     ]
agent_success: 0

training time:  0.0023429393768310547
evaluation time:  8.751516819000244
epoch time:  8.753875732421875


-------------------------------- Iteration 2600 -------------------------------- 
initial ob: [-0.03264955  0.51487924  0.23688597  0.          0.6         0.01499496
  0.05        0.8         0.015       0.05        0.8         0.015     ]
agent_success: 0

training time:  0.002354860305786133
evaluation time:  8.896581888198853
epoch time:  8.898962020874023


-------------------------------- Iteration 2800 -------------------------------- 
initial ob: [-0.03264955  0.51487924  0.23688597  0.          0.6         0.01499496
  0.05        0.8         0.015       0.05        0.8         0.015     ]
agent_success: 0

training time:  0.002364635467529297
evaluation time:  8.630651473999023
epoch time:  8.633036851882935


-------------------------------- Iteration 3000 -------------------------------- 
initial ob: [-0.03264955  0.51487924  0.23688597  0.          0.6         0.01499496
  0.05        0.8         0.015       0.05        0.8         0.015     ]
agent_success: 0

training time:  0.002342700958251953
evaluation time:  8.751556158065796
epoch time:  8.753920078277588


-------------------------------- Iteration 3200 -------------------------------- 
initial ob: [-0.03264955  0.51487924  0.23688597  0.          0.6         0.01499496
  0.05        0.8         0.015       0.05        0.8         0.015     ]
agent_success: 0

training time:  0.002377033233642578
evaluation time:  9.026307582855225
epoch time:  9.02869963645935


-------------------------------- Iteration 3400 -------------------------------- 
initial ob: [-0.03264955  0.51487924  0.23688597  0.          0.6         0.01499496
  0.05        0.8         0.015       0.05        0.8         0.015     ]
agent_success: 0

training time:  0.002338886260986328
evaluation time:  8.321276903152466
epoch time:  8.323636293411255


-------------------------------- Iteration 3600 -------------------------------- 
initial ob: [-0.03264955  0.51487924  0.23688597  0.          0.6         0.01499496
  0.05        0.8         0.015       0.05        0.8         0.015     ]
agent_success: 0

training time:  0.0023419857025146484
evaluation time:  8.557581663131714
epoch time:  8.559940338134766


-------------------------------- Iteration 3800 -------------------------------- 
initial ob: [-0.03264955  0.51487924  0.23688597  0.          0.6         0.01499496
  0.05        0.8         0.015       0.05        0.8         0.015     ]
agent_success: 0

training time:  0.0023581981658935547
evaluation time:  8.509019136428833
epoch time:  8.511399030685425


-------------------------------- Iteration 4000 -------------------------------- 
initial ob: [-0.03264955  0.51487924  0.23688597  0.          0.6         0.01499496
  0.05        0.8         0.015       0.05        0.8         0.015     ]
agent_success: 0

training time:  0.0023419857025146484
evaluation time:  7.949237108230591
epoch time:  7.951594114303589


-------------------------------- Iteration 4200 -------------------------------- 
initial ob: [-0.03264955  0.51487924  0.23688597  0.          0.6         0.01499496
  0.05        0.8         0.015       0.05        0.8         0.015     ]
agent_success: 1.0

training time:  0.0023577213287353516
evaluation time:  8.128618478775024
epoch time:  8.130993366241455


-------------------------------- Iteration 4400 -------------------------------- 
initial ob: [-0.03264955  0.51487924  0.23688597  0.          0.6         0.01499496
  0.05        0.8         0.015       0.05        0.8         0.015     ]
agent_success: 0

training time:  0.0023605823516845703
evaluation time:  8.773900985717773
epoch time:  8.776275873184204


-------------------------------- Iteration 4600 -------------------------------- 
initial ob: [-0.03264955  0.51487924  0.23688597  0.          0.6         0.01499496
  0.05        0.8         0.015       0.05        0.8         0.015     ]
agent_success: 0

training time:  0.0023283958435058594
evaluation time:  8.782268524169922
epoch time:  8.78461766242981


-------------------------------- Iteration 4800 -------------------------------- 
initial ob: [-0.03264955  0.51487924  0.23688597  0.          0.6         0.01499496
  0.05        0.8         0.015       0.05        0.8         0.015     ]
agent_success: 0

training time:  0.002346515655517578
evaluation time:  8.062301874160767
epoch time:  8.064660549163818


-------------------------------- Iteration 5000 -------------------------------- 
initial ob: [-0.03264955  0.51487924  0.23688597  0.          0.6         0.01499496
  0.05        0.8         0.015       0.05        0.8         0.015     ]
agent_success: 0

training time:  0.002373933792114258
evaluation time:  8.805490255355835
epoch time:  8.807891845703125


-------------------------------- Iteration 5200 -------------------------------- 
initial ob: [-0.03264955  0.51487924  0.23688597  0.          0.6         0.01499496
  0.05        0.8         0.015       0.05        0.8         0.015     ]
agent_success: 0

training time:  0.002349376678466797
evaluation time:  8.077151775360107
epoch time:  8.079530239105225


-------------------------------- Iteration 5400 -------------------------------- 
initial ob: [-0.03264955  0.51487924  0.23688597  0.          0.6         0.01499496
  0.05        0.8         0.015       0.05        0.8         0.015     ]
agent_success: 0

training time:  0.002344369888305664
evaluation time:  8.60091519355774
epoch time:  8.603304147720337


-------------------------------- Iteration 5600 -------------------------------- 
initial ob: [-0.03264955  0.51487924  0.23688597  0.          0.6         0.01499496
  0.05        0.8         0.015       0.05        0.8         0.015     ]
agent_success: 0

training time:  0.0023398399353027344
evaluation time:  8.424681186676025
epoch time:  8.427036762237549


-------------------------------- Iteration 5800 -------------------------------- 
initial ob: [-0.03264955  0.51487924  0.23688597  0.          0.6         0.01499496
  0.05        0.8         0.015       0.05        0.8         0.015     ]
agent_success: 0

training time:  0.002367734909057617
evaluation time:  9.316108465194702
epoch time:  9.318502187728882


-------------------------------- Iteration 6000 -------------------------------- 
initial ob: [-0.03264955  0.51487924  0.23688597  0.          0.6         0.01499496
  0.05        0.8         0.015       0.05        0.8         0.015     ]
agent_success: 0

training time:  0.002401590347290039
evaluation time:  8.287660837173462
epoch time:  8.290078163146973


-------------------------------- Iteration 6200 -------------------------------- 
initial ob: [-0.03264955  0.51487924  0.23688597  0.          0.6         0.01499496
  0.05        0.8         0.015       0.05        0.8         0.015     ]
agent_success: 0

training time:  0.002349376678466797
evaluation time:  8.989766597747803
epoch time:  8.992148160934448


-------------------------------- Iteration 6400 -------------------------------- 
initial ob: [-0.03264955  0.51487924  0.23688597  0.          0.6         0.01499496
  0.05        0.8         0.015       0.05        0.8         0.015     ]
agent_success: 0

training time:  0.002366304397583008
evaluation time:  8.08557677268982
epoch time:  8.0879647731781


-------------------------------- Iteration 6600 -------------------------------- 
initial ob: [-0.03264955  0.51487924  0.23688597  0.          0.6         0.01499496
  0.05        0.8         0.015       0.05        0.8         0.015     ]
agent_success: 0

training time:  0.002382516860961914
evaluation time:  8.475000381469727
epoch time:  8.477399110794067


-------------------------------- Iteration 6800 -------------------------------- 
initial ob: [-0.03264955  0.51487924  0.23688597  0.          0.6         0.01499496
  0.05        0.8         0.015       0.05        0.8         0.015     ]
agent_success: 0

training time:  0.0023756027221679688
evaluation time:  8.816393852233887
epoch time:  8.81878924369812


-------------------------------- Iteration 7000 -------------------------------- 
initial ob: [-0.03264955  0.51487924  0.23688597  0.          0.6         0.01499496
  0.05        0.8         0.015       0.05        0.8         0.015     ]
agent_success: 0

training time:  0.0023610591888427734
evaluation time:  8.477681398391724
epoch time:  8.48005747795105


-------------------------------- Iteration 7200 -------------------------------- 
initial ob: [-0.03264955  0.51487924  0.23688597  0.          0.6         0.01499496
  0.05        0.8         0.015       0.05        0.8         0.015     ]
agent_success: 0

training time:  0.0023343563079833984
evaluation time:  8.794939041137695
epoch time:  8.797293901443481


-------------------------------- Iteration 7400 -------------------------------- 
initial ob: [-0.03264955  0.51487924  0.23688597  0.          0.6         0.01499496
  0.05        0.8         0.015       0.05        0.8         0.015     ]
agent_success: 0

training time:  0.002346515655517578
evaluation time:  8.014891862869263
epoch time:  8.017252206802368


-------------------------------- Iteration 7600 -------------------------------- 
initial ob: [-0.03264955  0.51487924  0.23688597  0.          0.6         0.01499496
  0.05        0.8         0.015       0.05        0.8         0.015     ]
agent_success: 0

training time:  0.002360105514526367
evaluation time:  8.258463859558105
epoch time:  8.260850191116333


-------------------------------- Iteration 7800 -------------------------------- 
initial ob: [-0.03264955  0.51487924  0.23688597  0.          0.6         0.01499496
  0.05        0.8         0.015       0.05        0.8         0.015     ]
agent_success: 0

training time:  0.0023620128631591797
evaluation time:  7.67943811416626
epoch time:  7.681814193725586


-------------------------------- Iteration 8000 -------------------------------- 
initial ob: [-0.03264955  0.51487924  0.23688597  0.          0.6         0.01499496
  0.05        0.8         0.015       0.05        0.8         0.015     ]
agent_success: 0

training time:  0.0024628639221191406
evaluation time:  7.918299913406372
epoch time:  7.920777082443237


-------------------------------- Iteration 8200 -------------------------------- 
initial ob: [-0.03264955  0.51487924  0.23688597  0.          0.6         0.01499496
  0.05        0.8         0.015       0.05        0.8         0.015     ]
agent_success: 0

training time:  0.002361774444580078
evaluation time:  8.538896560668945
epoch time:  8.541280746459961


-------------------------------- Iteration 8400 -------------------------------- 
initial ob: [-0.03264955  0.51487924  0.23688597  0.          0.6         0.01499496
  0.05        0.8         0.015       0.05        0.8         0.015     ]
agent_success: 0

training time:  0.002360105514526367
evaluation time:  8.61972427368164
epoch time:  8.622098445892334


-------------------------------- Iteration 8600 -------------------------------- 
initial ob: [-0.03264955  0.51487924  0.23688597  0.          0.6         0.01499496
  0.05        0.8         0.015       0.05        0.8         0.015     ]
agent_success: 0

training time:  0.0023365020751953125
evaluation time:  7.881395101547241
epoch time:  7.8837571144104


-------------------------------- Iteration 8800 -------------------------------- 
initial ob: [-0.03264955  0.51487924  0.23688597  0.          0.6         0.01499496
  0.05        0.8         0.015       0.05        0.8         0.015     ]
agent_success: 0

training time:  0.002355813980102539
evaluation time:  8.32265329360962
epoch time:  8.325056314468384


-------------------------------- Iteration 9000 -------------------------------- 
initial ob: [-0.03264955  0.51487924  0.23688597  0.          0.6         0.01499496
  0.05        0.8         0.015       0.05        0.8         0.015     ]
agent_success: 0

training time:  0.0023450851440429688
evaluation time:  8.196041345596313
epoch time:  8.198413848876953


-------------------------------- Iteration 9200 -------------------------------- 
initial ob: [-0.03264955  0.51487924  0.23688597  0.          0.6         0.01499496
  0.05        0.8         0.015       0.05        0.8         0.015     ]
agent_success: 0

training time:  0.0023474693298339844
evaluation time:  9.287291526794434
epoch time:  9.289653539657593


-------------------------------- Iteration 9400 -------------------------------- 
initial ob: [-0.03264955  0.51487924  0.23688597  0.          0.6         0.01499496
  0.05        0.8         0.015       0.05        0.8         0.015     ]
agent_success: 0

training time:  0.0024819374084472656
evaluation time:  8.040973663330078
epoch time:  8.043470859527588


-------------------------------- Iteration 9600 -------------------------------- 
initial ob: [-0.03264955  0.51487924  0.23688597  0.          0.6         0.01499496
  0.05        0.8         0.015       0.05        0.8         0.015     ]
agent_success: 0

training time:  0.0023593902587890625
evaluation time:  8.554140567779541
epoch time:  8.556522130966187


-------------------------------- Iteration 9800 -------------------------------- 
initial ob: [-0.03264955  0.51487924  0.23688597  0.          0.6         0.01499496
  0.05        0.8         0.015       0.05        0.8         0.015     ]
agent_success: 0

training time:  0.002341032028198242
evaluation time:  8.4349844455719
epoch time:  8.437357902526855


-------------------------------- Iteration 10000 -------------------------------- 
initial ob: [-0.03264955  0.51487924  0.23688597  0.          0.6         0.01499496
  0.05        0.8         0.015       0.05        0.8         0.015     ]
agent_success: 0

training time:  0.002354860305786133
evaluation time:  8.509999513626099
epoch time:  8.512376546859741


-------------------------------- Iteration 10200 -------------------------------- 
initial ob: [-0.03264955  0.51487924  0.23688597  0.          0.6         0.01499496
  0.05        0.8         0.015       0.05        0.8         0.015     ]
agent_success: 0

training time:  0.0023527145385742188
evaluation time:  8.565613508224487
epoch time:  8.567983627319336


-------------------------------- Iteration 10400 -------------------------------- 
initial ob: [-0.03264955  0.51487924  0.23688597  0.          0.6         0.01499496
  0.05        0.8         0.015       0.05        0.8         0.015     ]
agent_success: 0

training time:  0.0023539066314697266
evaluation time:  8.23118257522583
epoch time:  8.233559131622314


-------------------------------- Iteration 10600 -------------------------------- 
initial ob: [-0.03264955  0.51487924  0.23688597  0.          0.6         0.01499496
  0.05        0.8         0.015       0.05        0.8         0.015     ]
agent_success: 0

training time:  0.002342700958251953
evaluation time:  8.23423957824707
epoch time:  8.236598014831543


-------------------------------- Iteration 10800 -------------------------------- 
initial ob: [-0.03264955  0.51487924  0.23688597  0.          0.6         0.01499496
  0.05        0.8         0.015       0.05        0.8         0.015     ]
agent_success: 0

training time:  0.0023488998413085938
evaluation time:  8.503947973251343
epoch time:  8.506325483322144


-------------------------------- Iteration 11000 -------------------------------- 
initial ob: [-0.03264955  0.51487924  0.23688597  0.          0.6         0.01499496
  0.05        0.8         0.015       0.05        0.8         0.015     ]
agent_success: 0

training time:  0.0023651123046875
evaluation time:  8.300412893295288
epoch time:  8.302795648574829


-------------------------------- Iteration 11200 -------------------------------- 
initial ob: [-0.03264955  0.51487924  0.23688597  0.          0.6         0.01499496
  0.05        0.8         0.015       0.05        0.8         0.015     ]
agent_success: 0

training time:  0.002337932586669922
evaluation time:  8.132242202758789
epoch time:  8.134597301483154


-------------------------------- Iteration 11400 -------------------------------- 
initial ob: [-0.03264955  0.51487924  0.23688597  0.          0.6         0.01499496
  0.05        0.8         0.015       0.05        0.8         0.015     ]
agent_success: 0

training time:  0.002346515655517578
evaluation time:  8.68242859840393
epoch time:  8.684831857681274


-------------------------------- Iteration 11600 -------------------------------- 
initial ob: [-0.03264955  0.51487924  0.23688597  0.          0.6         0.01499496
  0.05        0.8         0.015       0.05        0.8         0.015     ]
agent_success: 0

training time:  0.0025377273559570312
evaluation time:  8.623749732971191
epoch time:  8.626304864883423


-------------------------------- Iteration 11800 -------------------------------- 
initial ob: [-0.03264955  0.51487924  0.23688597  0.          0.6         0.01499496
  0.05        0.8         0.015       0.05        0.8         0.015     ]
agent_success: 0

training time:  0.0023789405822753906
evaluation time:  7.84751033782959
epoch time:  7.84993052482605


-------------------------------- Iteration 12000 -------------------------------- 
initial ob: [-0.03264955  0.51487924  0.23688597  0.          0.6         0.01499496
  0.05        0.8         0.015       0.05        0.8         0.015     ]
agent_success: 0

training time:  0.0023398399353027344
evaluation time:  8.303537607192993
epoch time:  8.305889129638672


-------------------------------- Iteration 12200 -------------------------------- 
initial ob: [-0.03264955  0.51487924  0.23688597  0.          0.6         0.01499496
  0.05        0.8         0.015       0.05        0.8         0.015     ]
agent_success: 0

training time:  0.002349853515625
evaluation time:  8.558207511901855
epoch time:  8.560582160949707


-------------------------------- Iteration 12400 -------------------------------- 
initial ob: [-0.03264955  0.51487924  0.23688597  0.          0.6         0.01499496
  0.05        0.8         0.015       0.05        0.8         0.015     ]
agent_success: 0

training time:  0.002399444580078125
evaluation time:  8.263824224472046
epoch time:  8.266240119934082


-------------------------------- Iteration 12600 -------------------------------- 
initial ob: [-0.03264955  0.51487924  0.23688597  0.          0.6         0.01499496
  0.05        0.8         0.015       0.05        0.8         0.015     ]
agent_success: 0

training time:  0.002357959747314453
evaluation time:  8.218929052352905
epoch time:  8.221312522888184


-------------------------------- Iteration 12800 -------------------------------- 
initial ob: [-0.03264955  0.51487924  0.23688597  0.          0.6         0.01499496
  0.05        0.8         0.015       0.05        0.8         0.015     ]
agent_success: 0

training time:  0.0023686885833740234
evaluation time:  8.166741371154785
epoch time:  8.169142723083496


-------------------------------- Iteration 13000 -------------------------------- 
initial ob: [-0.03264955  0.51487924  0.23688597  0.          0.6         0.01499496
  0.05        0.8         0.015       0.05        0.8         0.015     ]
agent_success: 0

training time:  0.0023584365844726562
evaluation time:  8.227956056594849
epoch time:  8.230331659317017


-------------------------------- Iteration 13200 -------------------------------- 
initial ob: [-0.03264955  0.51487924  0.23688597  0.          0.6         0.01499496
  0.05        0.8         0.015       0.05        0.8         0.015     ]
agent_success: 0

training time:  0.002389669418334961
evaluation time:  7.697463512420654
epoch time:  7.6998724937438965


-------------------------------- Iteration 13400 -------------------------------- 
initial ob: [-0.03264955  0.51487924  0.23688597  0.          0.6         0.01499496
  0.05        0.8         0.015       0.05        0.8         0.015     ]
agent_success: 0

training time:  0.0024695396423339844
evaluation time:  8.825167179107666
epoch time:  8.827651262283325


-------------------------------- Iteration 13600 -------------------------------- 
initial ob: [-0.03264955  0.51487924  0.23688597  0.          0.6         0.01499496
  0.05        0.8         0.015       0.05        0.8         0.015     ]
agent_success: 0

training time:  0.002340555191040039
evaluation time:  8.000593185424805
epoch time:  8.00295114517212


-------------------------------- Iteration 13800 -------------------------------- 
initial ob: [-0.03264955  0.51487924  0.23688597  0.          0.6         0.01499496
  0.05        0.8         0.015       0.05        0.8         0.015     ]
agent_success: 0

training time:  0.0023584365844726562
evaluation time:  8.288249254226685
epoch time:  8.290624141693115


-------------------------------- Iteration 14000 -------------------------------- 
initial ob: [-0.03264955  0.51487924  0.23688597  0.          0.6         0.01499496
  0.05        0.8         0.015       0.05        0.8         0.015     ]
agent_success: 0

training time:  0.002351522445678711
evaluation time:  8.595513582229614
epoch time:  8.597892999649048


-------------------------------- Iteration 14200 -------------------------------- 
initial ob: [-0.03264955  0.51487924  0.23688597  0.          0.6         0.01499496
  0.05        0.8         0.015       0.05        0.8         0.015     ]
agent_success: 0

training time:  0.002353191375732422
evaluation time:  8.2968270778656
epoch time:  8.299215078353882


-------------------------------- Iteration 14400 -------------------------------- 
initial ob: [-0.03264955  0.51487924  0.23688597  0.          0.6         0.01499496
  0.05        0.8         0.015       0.05        0.8         0.015     ]
agent_success: 0

training time:  0.0023622512817382812
evaluation time:  8.190009593963623
epoch time:  8.192391872406006


-------------------------------- Iteration 14600 -------------------------------- 
initial ob: [-0.03264955  0.51487924  0.23688597  0.          0.6         0.01499496
  0.05        0.8         0.015       0.05        0.8         0.015     ]
agent_success: 0

training time:  0.0023589134216308594
evaluation time:  8.085188627243042
epoch time:  8.087564468383789


-------------------------------- Iteration 14800 -------------------------------- 
initial ob: [-0.03264955  0.51487924  0.23688597  0.          0.6         0.01499496
  0.05        0.8         0.015       0.05        0.8         0.015     ]
agent_success: 0

training time:  0.0023813247680664062
evaluation time:  8.125488042831421
epoch time:  8.127886056900024


-------------------------------- Iteration 15000 -------------------------------- 
initial ob: [-0.03264955  0.51487924  0.23688597  0.          0.6         0.01499496
  0.05        0.8         0.015       0.05        0.8         0.015     ]
agent_success: 0

training time:  0.002354860305786133
evaluation time:  8.097184896469116
epoch time:  8.099557876586914


-------------------------------- Iteration 15200 -------------------------------- 
initial ob: [-0.03264955  0.51487924  0.23688597  0.          0.6         0.01499496
  0.05        0.8         0.015       0.05        0.8         0.015     ]
agent_success: 0

training time:  0.0023446083068847656
evaluation time:  8.575099468231201
epoch time:  8.577478885650635


-------------------------------- Iteration 15400 -------------------------------- 
initial ob: [-0.03264955  0.51487924  0.23688597  0.          0.6         0.01499496
  0.05        0.8         0.015       0.05        0.8         0.015     ]
agent_success: 0

training time:  0.002353668212890625
evaluation time:  8.26225996017456
epoch time:  8.26463532447815


-------------------------------- Iteration 15600 -------------------------------- 
initial ob: [-0.03264955  0.51487924  0.23688597  0.          0.6         0.01499496
  0.05        0.8         0.015       0.05        0.8         0.015     ]
agent_success: 0

training time:  0.0023751258850097656
evaluation time:  8.190370798110962
epoch time:  8.192759990692139


-------------------------------- Iteration 15800 -------------------------------- 
initial ob: [-0.03264955  0.51487924  0.23688597  0.          0.6         0.01499496
  0.05        0.8         0.015       0.05        0.8         0.015     ]
agent_success: 0

training time:  0.002529144287109375
evaluation time:  7.94825291633606
epoch time:  7.950796604156494


-------------------------------- Iteration 16000 -------------------------------- 
initial ob: [-0.03264955  0.51487924  0.23688597  0.          0.6         0.01499496
  0.05        0.8         0.015       0.05        0.8         0.015     ]
agent_success: 0

training time:  0.002337217330932617
evaluation time:  8.608761072158813
epoch time:  8.6111319065094


-------------------------------- Iteration 16200 -------------------------------- 
initial ob: [-0.03264955  0.51487924  0.23688597  0.          0.6         0.01499496
  0.05        0.8         0.015       0.05        0.8         0.015     ]
agent_success: 0

training time:  0.0023605823516845703
evaluation time:  8.786444425582886
epoch time:  8.788822174072266


-------------------------------- Iteration 16400 -------------------------------- 
initial ob: [-0.03264955  0.51487924  0.23688597  0.          0.6         0.01499496
  0.05        0.8         0.015       0.05        0.8         0.015     ]
agent_success: 0

training time:  0.0023441314697265625
evaluation time:  8.623591184616089
epoch time:  8.625953197479248


-------------------------------- Iteration 16600 -------------------------------- 
initial ob: [-0.03264955  0.51487924  0.23688597  0.          0.6         0.01499496
  0.05        0.8         0.015       0.05        0.8         0.015     ]
agent_success: 1.0

training time:  0.0023293495178222656
evaluation time:  8.81115984916687
epoch time:  8.813501358032227


-------------------------------- Iteration 16800 -------------------------------- 
initial ob: [-0.03264955  0.51487924  0.23688597  0.          0.6         0.01499496
  0.05        0.8         0.015       0.05        0.8         0.015     ]
agent_success: 0

training time:  0.002350330352783203
evaluation time:  8.193628787994385
epoch time:  8.196001052856445


-------------------------------- Iteration 17000 -------------------------------- 
initial ob: [-0.03264955  0.51487924  0.23688597  0.          0.6         0.01499496
  0.05        0.8         0.015       0.05        0.8         0.015     ]
agent_success: 0

training time:  0.00238800048828125
evaluation time:  8.381443977355957
epoch time:  8.383846998214722


-------------------------------- Iteration 17200 -------------------------------- 
initial ob: [-0.03264955  0.51487924  0.23688597  0.          0.6         0.01499496
  0.05        0.8         0.015       0.05        0.8         0.015     ]
agent_success: 0

training time:  0.0024569034576416016
evaluation time:  8.570921659469604
epoch time:  8.57341980934143


-------------------------------- Iteration 17400 -------------------------------- 
initial ob: [-0.03264955  0.51487924  0.23688597  0.          0.6         0.01499496
  0.05        0.8         0.015       0.05        0.8         0.015     ]
agent_success: 0

training time:  0.002379179000854492
evaluation time:  8.448392868041992
epoch time:  8.450786590576172


-------------------------------- Iteration 17600 -------------------------------- 
initial ob: [-0.03264955  0.51487924  0.23688597  0.          0.6         0.01499496
  0.05        0.8         0.015       0.05        0.8         0.015     ]
agent_success: 0

training time:  0.002346515655517578
evaluation time:  8.82724142074585
epoch time:  8.829612255096436


-------------------------------- Iteration 17800 -------------------------------- 
initial ob: [-0.03264955  0.51487924  0.23688597  0.          0.6         0.01499496
  0.05        0.8         0.015       0.05        0.8         0.015     ]
agent_success: 0

training time:  0.002379894256591797
evaluation time:  8.418171644210815
epoch time:  8.42058539390564


-------------------------------- Iteration 18000 -------------------------------- 
initial ob: [-0.03264955  0.51487924  0.23688597  0.          0.6         0.01499496
  0.05        0.8         0.015       0.05        0.8         0.015     ]
agent_success: 0

training time:  0.002334117889404297
evaluation time:  8.081332921981812
epoch time:  8.08368182182312


-------------------------------- Iteration 18200 -------------------------------- 
initial ob: [-0.03264955  0.51487924  0.23688597  0.          0.6         0.01499496
  0.05        0.8         0.015       0.05        0.8         0.015     ]
agent_success: 0

training time:  0.002521038055419922
evaluation time:  7.980933427810669
epoch time:  7.983470916748047


-------------------------------- Iteration 18400 -------------------------------- 
initial ob: [-0.03264955  0.51487924  0.23688597  0.          0.6         0.01499496
  0.05        0.8         0.015       0.05        0.8         0.015     ]
agent_success: 0

training time:  0.0023615360260009766
evaluation time:  8.2024667263031
epoch time:  8.204845190048218


-------------------------------- Iteration 18600 -------------------------------- 
initial ob: [-0.03264955  0.51487924  0.23688597  0.          0.6         0.01499496
  0.05        0.8         0.015       0.05        0.8         0.015     ]
agent_success: 0

training time:  0.00238800048828125
evaluation time:  8.15442442893982
epoch time:  8.156834125518799


-------------------------------- Iteration 18800 -------------------------------- 
initial ob: [-0.03264955  0.51487924  0.23688597  0.          0.6         0.01499496
  0.05        0.8         0.015       0.05        0.8         0.015     ]
agent_success: 0

training time:  0.0024187564849853516
evaluation time:  8.998128652572632
epoch time:  9.000583171844482


-------------------------------- Iteration 19000 -------------------------------- 
initial ob: [-0.03264955  0.51487924  0.23688597  0.          0.6         0.01499496
  0.05        0.8         0.015       0.05        0.8         0.015     ]
agent_success: 0

training time:  0.0023660659790039062
evaluation time:  8.159192323684692
epoch time:  8.161598682403564


-------------------------------- Iteration 19200 -------------------------------- 
initial ob: [-0.03264955  0.51487924  0.23688597  0.          0.6         0.01499496
  0.05        0.8         0.015       0.05        0.8         0.015     ]
agent_success: 0

training time:  0.002345561981201172
evaluation time:  8.916395664215088
epoch time:  8.918774127960205


-------------------------------- Iteration 19400 -------------------------------- 
initial ob: [-0.03264955  0.51487924  0.23688597  0.          0.6         0.01499496
  0.05        0.8         0.015       0.05        0.8         0.015     ]
agent_success: 0

training time:  0.0023250579833984375
evaluation time:  8.726436376571655
epoch time:  8.728787422180176


-------------------------------- Iteration 19600 -------------------------------- 
initial ob: [-0.03264955  0.51487924  0.23688597  0.          0.6         0.01499496
  0.05        0.8         0.015       0.05        0.8         0.015     ]
agent_success: 0

training time:  0.0023517608642578125
evaluation time:  8.14998197555542
epoch time:  8.152348279953003


-------------------------------- Iteration 19800 -------------------------------- 
initial ob: [-0.03264955  0.51487924  0.23688597  0.          0.6         0.01499496
  0.05        0.8         0.015       0.05        0.8         0.015     ]
agent_success: 0

training time:  0.002364635467529297
evaluation time:  8.205516338348389
epoch time:  8.207913398742676


-------------------------------- Iteration 20000 -------------------------------- 
initial ob: [-0.03264955  0.51487924  0.23688597  0.          0.6         0.01499496
  0.05        0.8         0.015       0.05        0.8         0.015     ]
agent_success: 1.0

training time:  0.0023584365844726562
evaluation time:  8.563376426696777
epoch time:  8.565747737884521


-------------------------------- Iteration 20200 -------------------------------- 
initial ob: [-0.03264955  0.51487924  0.23688597  0.          0.6         0.01499496
  0.05        0.8         0.015       0.05        0.8         0.015     ]
agent_success: 1.0

training time:  0.0023491382598876953
evaluation time:  8.643593072891235
epoch time:  8.645955562591553


-------------------------------- Iteration 20400 -------------------------------- 
initial ob: [-0.03264955  0.51487924  0.23688597  0.          0.6         0.01499496
  0.05        0.8         0.015       0.05        0.8         0.015     ]
agent_success: 0

training time:  0.0025708675384521484
evaluation time:  8.299872159957886
epoch time:  8.302481412887573


-------------------------------- Iteration 20600 -------------------------------- 
initial ob: [-0.03264955  0.51487924  0.23688597  0.          0.6         0.01499496
  0.05        0.8         0.015       0.05        0.8         0.015     ]
agent_success: 0

training time:  0.002367258071899414
evaluation time:  8.888046264648438
epoch time:  8.890428066253662


-------------------------------- Iteration 20800 -------------------------------- 
initial ob: [-0.03264955  0.51487924  0.23688597  0.          0.6         0.01499496
  0.05        0.8         0.015       0.05        0.8         0.015     ]
agent_success: 0

training time:  0.002364635467529297
evaluation time:  8.396934032440186
epoch time:  8.399338006973267


-------------------------------- Iteration 21000 -------------------------------- 
initial ob: [-0.03264955  0.51487924  0.23688597  0.          0.6         0.01499496
  0.05        0.8         0.015       0.05        0.8         0.015     ]
agent_success: 0

training time:  0.002390623092651367
evaluation time:  8.02322793006897
epoch time:  8.025633335113525


-------------------------------- Iteration 21200 -------------------------------- 
initial ob: [-0.03264955  0.51487924  0.23688597  0.          0.6         0.01499496
  0.05        0.8         0.015       0.05        0.8         0.015     ]
agent_success: 0

training time:  0.0023605823516845703
evaluation time:  8.554330348968506
epoch time:  8.55671238899231


-------------------------------- Iteration 21400 -------------------------------- 
initial ob: [-0.03264955  0.51487924  0.23688597  0.          0.6         0.01499496
  0.05        0.8         0.015       0.05        0.8         0.015     ]
agent_success: 0

training time:  0.002343416213989258
evaluation time:  9.187248706817627
epoch time:  9.189605236053467


-------------------------------- Iteration 21600 -------------------------------- 
initial ob: [-0.03264955  0.51487924  0.23688597  0.          0.6         0.01499496
  0.05        0.8         0.015       0.05        0.8         0.015     ]
agent_success: 0

training time:  0.0023534297943115234
evaluation time:  8.739491701126099
epoch time:  8.741859912872314


-------------------------------- Iteration 21800 -------------------------------- 
initial ob: [-0.03264955  0.51487924  0.23688597  0.          0.6         0.01499496
  0.05        0.8         0.015       0.05        0.8         0.015     ]
agent_success: 0

training time:  0.0023698806762695312
evaluation time:  9.1198410987854
epoch time:  9.122255086898804


-------------------------------- Iteration 22000 -------------------------------- 
initial ob: [-0.03264955  0.51487924  0.23688597  0.          0.6         0.01499496
  0.05        0.8         0.015       0.05        0.8         0.015     ]
agent_success: 0

training time:  0.0023491382598876953
evaluation time:  8.742371320724487
epoch time:  8.744735956192017


-------------------------------- Iteration 22200 -------------------------------- 
initial ob: [-0.03264955  0.51487924  0.23688597  0.          0.6         0.01499496
  0.05        0.8         0.015       0.05        0.8         0.015     ]
agent_success: 0

training time:  0.002355813980102539
evaluation time:  8.533418416976929
epoch time:  8.53579306602478


-------------------------------- Iteration 22400 -------------------------------- 
initial ob: [-0.03264955  0.51487924  0.23688597  0.          0.6         0.01499496
  0.05        0.8         0.015       0.05        0.8         0.015     ]
agent_success: 0

training time:  0.00238800048828125
evaluation time:  8.154468059539795
epoch time:  8.156869649887085


-------------------------------- Iteration 22600 -------------------------------- 
initial ob: [-0.03264955  0.51487924  0.23688597  0.          0.6         0.01499496
  0.05        0.8         0.015       0.05        0.8         0.015     ]
agent_success: 1.0

training time:  0.0023415088653564453
evaluation time:  8.406151294708252
epoch time:  8.408504962921143


-------------------------------- Iteration 22800 -------------------------------- 
initial ob: [-0.03264955  0.51487924  0.23688597  0.          0.6         0.01499496
  0.05        0.8         0.015       0.05        0.8         0.015     ]
agent_success: 0

training time:  0.002629518508911133
evaluation time:  8.532967329025269
epoch time:  8.5356125831604


-------------------------------- Iteration 23000 -------------------------------- 
initial ob: [-0.03264955  0.51487924  0.23688597  0.          0.6         0.01499496
  0.05        0.8         0.015       0.05        0.8         0.015     ]
agent_success: 0

training time:  0.002366781234741211
evaluation time:  8.332502365112305
epoch time:  8.3348970413208


-------------------------------- Iteration 23200 -------------------------------- 
initial ob: [-0.03264955  0.51487924  0.23688597  0.          0.6         0.01499496
  0.05        0.8         0.015       0.05        0.8         0.015     ]
agent_success: 0

training time:  0.0023527145385742188
evaluation time:  8.252646207809448
epoch time:  8.25503420829773


-------------------------------- Iteration 23400 -------------------------------- 
initial ob: [-0.03264955  0.51487924  0.23688597  0.          0.6         0.01499496
  0.05        0.8         0.015       0.05        0.8         0.015     ]
agent_success: 0

training time:  0.0023627281188964844
evaluation time:  8.595720291137695
epoch time:  8.59812045097351


-------------------------------- Iteration 23600 -------------------------------- 
initial ob: [-0.03264955  0.51487924  0.23688597  0.          0.6         0.01499496
  0.05        0.8         0.015       0.05        0.8         0.015     ]
agent_success: 0

training time:  0.0025501251220703125
evaluation time:  9.070406675338745
epoch time:  9.072971820831299


-------------------------------- Iteration 23800 -------------------------------- 
initial ob: [-0.03264955  0.51487924  0.23688597  0.          0.6         0.01499496
  0.05        0.8         0.015       0.05        0.8         0.015     ]
agent_success: 0

training time:  0.0023963451385498047
evaluation time:  8.140976905822754
epoch time:  8.14338755607605


-------------------------------- Iteration 24000 -------------------------------- 
initial ob: [-0.03264955  0.51487924  0.23688597  0.          0.6         0.01499496
  0.05        0.8         0.015       0.05        0.8         0.015     ]
agent_success: 0

training time:  0.002336263656616211
evaluation time:  8.23834490776062
epoch time:  8.240700960159302


-------------------------------- Iteration 24200 -------------------------------- 
initial ob: [-0.03264955  0.51487924  0.23688597  0.          0.6         0.01499496
  0.05        0.8         0.015       0.05        0.8         0.015     ]
agent_success: 0

training time:  0.0023431777954101562
evaluation time:  8.126576900482178
epoch time:  8.12893557548523


-------------------------------- Iteration 24400 -------------------------------- 
initial ob: [-0.03264955  0.51487924  0.23688597  0.          0.6         0.01499496
  0.05        0.8         0.015       0.05        0.8         0.015     ]
agent_success: 0

training time:  0.0023775100708007812
evaluation time:  8.413399696350098
epoch time:  8.415794134140015


-------------------------------- Iteration 24600 -------------------------------- 
initial ob: [-0.03264955  0.51487924  0.23688597  0.          0.6         0.01499496
  0.05        0.8         0.015       0.05        0.8         0.015     ]
agent_success: 0

training time:  0.0023527145385742188
evaluation time:  8.985662937164307
epoch time:  8.988029718399048


-------------------------------- Iteration 24800 -------------------------------- 
initial ob: [-0.03264955  0.51487924  0.23688597  0.          0.6         0.01499496
  0.05        0.8         0.015       0.05        0.8         0.015     ]
agent_success: 0

training time:  0.0023584365844726562
evaluation time:  8.545127630233765
epoch time:  8.547510385513306


-------------------------------- Iteration 25000 -------------------------------- 
initial ob: [-0.03264955  0.51487924  0.23688597  0.          0.6         0.01499496
  0.05        0.8         0.015       0.05        0.8         0.015     ]
agent_success: 0

training time:  0.002346515655517578
evaluation time:  8.172821760177612
epoch time:  8.175183057785034


-------------------------------- Iteration 25200 -------------------------------- 
initial ob: [-0.03264955  0.51487924  0.23688597  0.          0.6         0.01499496
  0.05        0.8         0.015       0.05        0.8         0.015     ]
agent_success: 0

training time:  0.0023627281188964844
evaluation time:  8.713014125823975
epoch time:  8.715404987335205


-------------------------------- Iteration 25400 -------------------------------- 
initial ob: [-0.03264955  0.51487924  0.23688597  0.          0.6         0.01499496
  0.05        0.8         0.015       0.05        0.8         0.015     ]
agent_success: 0

training time:  0.0023446083068847656
evaluation time:  8.332300662994385
epoch time:  8.334660053253174


-------------------------------- Iteration 25600 -------------------------------- 
initial ob: [-0.03264955  0.51487924  0.23688597  0.          0.6         0.01499496
  0.05        0.8         0.015       0.05        0.8         0.015     ]
agent_success: 0

training time:  0.0024137496948242188
evaluation time:  8.313105821609497
epoch time:  8.315534591674805


-------------------------------- Iteration 25800 -------------------------------- 
initial ob: [-0.03264955  0.51487924  0.23688597  0.          0.6         0.01499496
  0.05        0.8         0.015       0.05        0.8         0.015     ]
agent_success: 0

training time:  0.0023691654205322266
evaluation time:  8.263746976852417
epoch time:  8.266136646270752


-------------------------------- Iteration 26000 -------------------------------- 
initial ob: [-0.03264955  0.51487924  0.23688597  0.          0.6         0.01499496
  0.05        0.8         0.015       0.05        0.8         0.015     ]
agent_success: 0

training time:  0.002368450164794922
evaluation time:  8.737996339797974
epoch time:  8.740379333496094


-------------------------------- Iteration 26200 -------------------------------- 
initial ob: [-0.03264955  0.51487924  0.23688597  0.          0.6         0.01499496
  0.05        0.8         0.015       0.05        0.8         0.015     ]
agent_success: 0

training time:  0.0023534297943115234
evaluation time:  8.023546695709229
epoch time:  8.025923490524292


-------------------------------- Iteration 26400 -------------------------------- 
initial ob: [-0.03264955  0.51487924  0.23688597  0.          0.6         0.01499496
  0.05        0.8         0.015       0.05        0.8         0.015     ]
agent_success: 0

training time:  0.002354860305786133
evaluation time:  8.217278718948364
epoch time:  8.219648122787476


-------------------------------- Iteration 26600 -------------------------------- 
initial ob: [-0.03264955  0.51487924  0.23688597  0.          0.6         0.01499496
  0.05        0.8         0.015       0.05        0.8         0.015     ]
agent_success: 0

training time:  0.0023615360260009766
evaluation time:  8.382602214813232
epoch time:  8.384989500045776


-------------------------------- Iteration 26800 -------------------------------- 
initial ob: [-0.03264955  0.51487924  0.23688597  0.          0.6         0.01499496
  0.05        0.8         0.015       0.05        0.8         0.015     ]
agent_success: 0

training time:  0.002360820770263672
evaluation time:  8.343219757080078
epoch time:  8.34561538696289


-------------------------------- Iteration 27000 -------------------------------- 
initial ob: [-0.03264955  0.51487924  0.23688597  0.          0.6         0.01499496
  0.05        0.8         0.015       0.05        0.8         0.015     ]
agent_success: 0

training time:  0.0023474693298339844
evaluation time:  8.329267501831055
epoch time:  8.331637144088745


-------------------------------- Iteration 27200 -------------------------------- 
initial ob: [-0.03264955  0.51487924  0.23688597  0.          0.6         0.01499496
  0.05        0.8         0.015       0.05        0.8         0.015     ]
agent_success: 1.0

training time:  0.002404451370239258
evaluation time:  8.155832529067993
epoch time:  8.158249616622925


-------------------------------- Iteration 27400 -------------------------------- 
initial ob: [-0.03264955  0.51487924  0.23688597  0.          0.6         0.01499496
  0.05        0.8         0.015       0.05        0.8         0.015     ]
agent_success: 1.0

training time:  0.0023870468139648438
evaluation time:  8.409461736679077
epoch time:  8.411861896514893


-------------------------------- Iteration 27600 -------------------------------- 
initial ob: [-0.03264955  0.51487924  0.23688597  0.          0.6         0.01499496
  0.05        0.8         0.015       0.05        0.8         0.015     ]
agent_success: 1.0

training time:  0.0023593902587890625
evaluation time:  8.657310485839844
epoch time:  8.659686803817749


-------------------------------- Iteration 27800 -------------------------------- 
initial ob: [-0.03264955  0.51487924  0.23688597  0.          0.6         0.01499496
  0.05        0.8         0.015       0.05        0.8         0.015     ]
agent_success: 0

training time:  0.0023937225341796875
evaluation time:  8.48014521598816
epoch time:  8.482572555541992


-------------------------------- Iteration 28000 -------------------------------- 
initial ob: [-0.03264955  0.51487924  0.23688597  0.          0.6         0.01499496
  0.05        0.8         0.015       0.05        0.8         0.015     ]
agent_success: 0

training time:  0.0023665428161621094
evaluation time:  7.802422046661377
epoch time:  7.8048248291015625


-------------------------------- Iteration 28200 -------------------------------- 
initial ob: [-0.03264955  0.51487924  0.23688597  0.          0.6         0.01499496
  0.05        0.8         0.015       0.05        0.8         0.015     ]
agent_success: 0

training time:  0.002343893051147461
evaluation time:  7.8647496700286865
epoch time:  7.86712908744812


-------------------------------- Iteration 28400 -------------------------------- 
initial ob: [-0.03264955  0.51487924  0.23688597  0.          0.6         0.01499496
  0.05        0.8         0.015       0.05        0.8         0.015     ]
agent_success: 0

training time:  0.002384185791015625
evaluation time:  8.881700277328491
epoch time:  8.88410997390747


-------------------------------- Iteration 28600 -------------------------------- 
initial ob: [-0.03264955  0.51487924  0.23688597  0.          0.6         0.01499496
  0.05        0.8         0.015       0.05        0.8         0.015     ]
agent_success: 1.0

training time:  0.0023686885833740234
evaluation time:  8.823059320449829
epoch time:  8.825441122055054


-------------------------------- Iteration 28800 -------------------------------- 
initial ob: [-0.03264955  0.51487924  0.23688597  0.          0.6         0.01499496
  0.05        0.8         0.015       0.05        0.8         0.015     ]
agent_success: 1.0

training time:  0.0023555755615234375
evaluation time:  8.427475690841675
epoch time:  8.42986798286438


-------------------------------- Iteration 29000 -------------------------------- 
initial ob: [-0.03264955  0.51487924  0.23688597  0.          0.6         0.01499496
  0.05        0.8         0.015       0.05        0.8         0.015     ]
agent_success: 0

training time:  0.002368927001953125
evaluation time:  8.812480449676514
epoch time:  8.814865112304688


-------------------------------- Iteration 29200 -------------------------------- 
initial ob: [-0.03264955  0.51487924  0.23688597  0.          0.6         0.01499496
  0.05        0.8         0.015       0.05        0.8         0.015     ]
agent_success: 0

training time:  0.002577543258666992
evaluation time:  8.56912350654602
epoch time:  8.571715831756592


-------------------------------- Iteration 29400 -------------------------------- 
initial ob: [-0.03264955  0.51487924  0.23688597  0.          0.6         0.01499496
  0.05        0.8         0.015       0.05        0.8         0.015     ]
agent_success: 0

training time:  0.002351045608520508
evaluation time:  8.667781591415405
epoch time:  8.670225143432617


-------------------------------- Iteration 29600 -------------------------------- 
initial ob: [-0.03264955  0.51487924  0.23688597  0.          0.6         0.01499496
  0.05        0.8         0.015       0.05        0.8         0.015     ]
agent_success: 0

training time:  0.002345561981201172
evaluation time:  7.740255832672119
epoch time:  7.74261474609375


-------------------------------- Iteration 29800 -------------------------------- 
initial ob: [-0.03264955  0.51487924  0.23688597  0.          0.6         0.01499496
  0.05        0.8         0.015       0.05        0.8         0.015     ]
agent_success: 0

training time:  0.0023474693298339844
evaluation time:  8.378585577011108
epoch time:  8.380969524383545


-------------------------------- Iteration 30000 -------------------------------- 
initial ob: [-0.03264955  0.51487924  0.23688597  0.          0.6         0.01499496
  0.05        0.8         0.015       0.05        0.8         0.015     ]
agent_success: 1.0

training time:  0.00237274169921875
evaluation time:  8.774796962738037
epoch time:  8.77718186378479


-------------------------------- Iteration 30200 -------------------------------- 
initial ob: [-0.03264955  0.51487924  0.23688597  0.          0.6         0.01499496
  0.05        0.8         0.015       0.05        0.8         0.015     ]
agent_success: 0

training time:  0.0023589134216308594
evaluation time:  8.019758462905884
epoch time:  8.022142171859741


-------------------------------- Iteration 30400 -------------------------------- 
initial ob: [-0.03264955  0.51487924  0.23688597  0.          0.6         0.01499496
  0.05        0.8         0.015       0.05        0.8         0.015     ]
agent_success: 1.0

training time:  0.002357006072998047
evaluation time:  8.645368337631226
epoch time:  8.647737741470337


-------------------------------- Iteration 30600 -------------------------------- 
initial ob: [-0.03264955  0.51487924  0.23688597  0.          0.6         0.01499496
  0.05        0.8         0.015       0.05        0.8         0.015     ]
agent_success: 0

training time:  0.0023450851440429688
evaluation time:  8.682632207870483
epoch time:  8.685002326965332


-------------------------------- Iteration 30800 -------------------------------- 
initial ob: [-0.03264955  0.51487924  0.23688597  0.          0.6         0.01499496
  0.05        0.8         0.015       0.05        0.8         0.015     ]
agent_success: 0

training time:  0.0024182796478271484
evaluation time:  7.689638614654541
epoch time:  7.692091941833496


-------------------------------- Iteration 31000 -------------------------------- 
initial ob: [-0.03264955  0.51487924  0.23688597  0.          0.6         0.01499496
  0.05        0.8         0.015       0.05        0.8         0.015     ]
agent_success: 0

training time:  0.002347230911254883
evaluation time:  7.6946189403533936
epoch time:  7.696981191635132


-------------------------------- Iteration 31200 -------------------------------- 
initial ob: [-0.03264955  0.51487924  0.23688597  0.          0.6         0.01499496
  0.05        0.8         0.015       0.05        0.8         0.015     ]
agent_success: 0

training time:  0.002493143081665039
evaluation time:  7.695894956588745
epoch time:  7.698409557342529


-------------------------------- Iteration 31400 -------------------------------- 
initial ob: [-0.03264955  0.51487924  0.23688597  0.          0.6         0.01499496
  0.05        0.8         0.015       0.05        0.8         0.015     ]
agent_success: 0

training time:  0.0023670196533203125
evaluation time:  8.040146827697754
epoch time:  8.042529344558716


-------------------------------- Iteration 31600 -------------------------------- 
initial ob: [-0.03264955  0.51487924  0.23688597  0.          0.6         0.01499496
  0.05        0.8         0.015       0.05        0.8         0.015     ]
agent_success: 0

training time:  0.002359628677368164
evaluation time:  7.775995969772339
epoch time:  7.778381824493408


-------------------------------- Iteration 31800 -------------------------------- 
initial ob: [-0.03264955  0.51487924  0.23688597  0.          0.6         0.01499496
  0.05        0.8         0.015       0.05        0.8         0.015     ]
agent_success: 0

training time:  0.002399444580078125
evaluation time:  7.8002917766571045
epoch time:  7.802708148956299


-------------------------------- Iteration 32000 -------------------------------- 
initial ob: [-0.03264955  0.51487924  0.23688597  0.          0.6         0.01499496
  0.05        0.8         0.015       0.05        0.8         0.015     ]
agent_success: 0

training time:  0.002416372299194336
evaluation time:  7.7991578578948975
epoch time:  7.801588535308838


-------------------------------- Iteration 32200 -------------------------------- 
initial ob: [-0.03264955  0.51487924  0.23688597  0.          0.6         0.01499496
  0.05        0.8         0.015       0.05        0.8         0.015     ]
agent_success: 0

training time:  0.0023660659790039062
evaluation time:  7.923963785171509
epoch time:  7.926368713378906


-------------------------------- Iteration 32400 -------------------------------- 
initial ob: [-0.03264955  0.51487924  0.23688597  0.          0.6         0.01499496
  0.05        0.8         0.015       0.05        0.8         0.015     ]
agent_success: 1.0

training time:  0.0023851394653320312
evaluation time:  8.314163208007812
epoch time:  8.316581010818481


-------------------------------- Iteration 32600 -------------------------------- 
initial ob: [-0.03264955  0.51487924  0.23688597  0.          0.6         0.01499496
  0.05        0.8         0.015       0.05        0.8         0.015     ]
agent_success: 0

training time:  0.002353668212890625
evaluation time:  7.701186180114746
epoch time:  7.703564405441284


-------------------------------- Iteration 32800 -------------------------------- 
initial ob: [-0.03264955  0.51487924  0.23688597  0.          0.6         0.01499496
  0.05        0.8         0.015       0.05        0.8         0.015     ]
agent_success: 0

training time:  0.0023543834686279297
evaluation time:  7.697384357452393
epoch time:  7.699753522872925


-------------------------------- Iteration 33000 -------------------------------- 
initial ob: [-0.03264955  0.51487924  0.23688597  0.          0.6         0.01499496
  0.05        0.8         0.015       0.05        0.8         0.015     ]
agent_success: 0

training time:  0.0023446083068847656
evaluation time:  8.541616439819336
epoch time:  8.543986797332764


-------------------------------- Iteration 33200 -------------------------------- 
initial ob: [-0.03264955  0.51487924  0.23688597  0.          0.6         0.01499496
  0.05        0.8         0.015       0.05        0.8         0.015     ]
agent_success: 0

training time:  0.002338886260986328
evaluation time:  8.383946895599365
epoch time:  8.38633680343628


-------------------------------- Iteration 33400 -------------------------------- 
initial ob: [-0.03264955  0.51487924  0.23688597  0.          0.6         0.01499496
  0.05        0.8         0.015       0.05        0.8         0.015     ]
agent_success: 0

training time:  0.0023484230041503906
evaluation time:  8.627007722854614
epoch time:  8.629371166229248


-------------------------------- Iteration 33600 -------------------------------- 
initial ob: [-0.03264955  0.51487924  0.23688597  0.          0.6         0.01499496
  0.05        0.8         0.015       0.05        0.8         0.015     ]
agent_success: 1.0

training time:  0.0023336410522460938
evaluation time:  8.447651147842407
epoch time:  8.449997425079346


-------------------------------- Iteration 33800 -------------------------------- 
initial ob: [-0.03264955  0.51487924  0.23688597  0.          0.6         0.01499496
  0.05        0.8         0.015       0.05        0.8         0.015     ]
agent_success: 1.0

training time:  0.002345561981201172
evaluation time:  8.421479225158691
epoch time:  8.423838376998901


-------------------------------- Iteration 34000 -------------------------------- 
initial ob: [-0.03264955  0.51487924  0.23688597  0.          0.6         0.01499496
  0.05        0.8         0.015       0.05        0.8         0.015     ]
agent_success: 0

training time:  0.002344369888305664
evaluation time:  8.61588454246521
epoch time:  8.618249893188477


-------------------------------- Iteration 34200 -------------------------------- 
initial ob: [-0.03264955  0.51487924  0.23688597  0.          0.6         0.01499496
  0.05        0.8         0.015       0.05        0.8         0.015     ]
agent_success: 0

training time:  0.0023796558380126953
evaluation time:  8.404751300811768
epoch time:  8.40714716911316


-------------------------------- Iteration 34400 -------------------------------- 
initial ob: [-0.03264955  0.51487924  0.23688597  0.          0.6         0.01499496
  0.05        0.8         0.015       0.05        0.8         0.015     ]
agent_success: 0

training time:  0.0023648738861083984
evaluation time:  8.421380996704102
epoch time:  8.423770189285278


-------------------------------- Iteration 34600 -------------------------------- 
initial ob: [-0.03264955  0.51487924  0.23688597  0.          0.6         0.01499496
  0.05        0.8         0.015       0.05        0.8         0.015     ]
agent_success: 0

training time:  0.002350330352783203
evaluation time:  8.379908800125122
epoch time:  8.382275581359863


-------------------------------- Iteration 34800 -------------------------------- 
initial ob: [-0.03264955  0.51487924  0.23688597  0.          0.6         0.01499496
  0.05        0.8         0.015       0.05        0.8         0.015     ]
agent_success: 0

training time:  0.0023713111877441406
evaluation time:  8.403275966644287
epoch time:  8.40567398071289


-------------------------------- Iteration 35000 -------------------------------- 
initial ob: [-0.03264955  0.51487924  0.23688597  0.          0.6         0.01499496
  0.05        0.8         0.015       0.05        0.8         0.015     ]
agent_success: 0

training time:  0.0023424625396728516
evaluation time:  8.548191785812378
epoch time:  8.550549030303955


-------------------------------- Iteration 35200 -------------------------------- 
initial ob: [-0.03264955  0.51487924  0.23688597  0.          0.6         0.01499496
  0.05        0.8         0.015       0.05        0.8         0.015     ]
agent_success: 0

training time:  0.0023488998413085938
evaluation time:  8.575963735580444
epoch time:  8.578327894210815


-------------------------------- Iteration 35400 -------------------------------- 
initial ob: [-0.03264955  0.51487924  0.23688597  0.          0.6         0.01499496
  0.05        0.8         0.015       0.05        0.8         0.015     ]
agent_success: 0

training time:  0.0023822784423828125
evaluation time:  8.600083112716675
epoch time:  8.60248589515686


-------------------------------- Iteration 35600 -------------------------------- 
initial ob: [-0.03264955  0.51487924  0.23688597  0.          0.6         0.01499496
  0.05        0.8         0.015       0.05        0.8         0.015     ]
agent_success: 0

training time:  0.0023250579833984375
evaluation time:  8.533530950546265
epoch time:  8.53586745262146


-------------------------------- Iteration 35800 -------------------------------- 
initial ob: [-0.03264955  0.51487924  0.23688597  0.          0.6         0.01499496
  0.05        0.8         0.015       0.05        0.8         0.015     ]
agent_success: 0

training time:  0.0023186206817626953
evaluation time:  8.533085107803345
epoch time:  8.535422801971436


-------------------------------- Iteration 36000 -------------------------------- 
initial ob: [-0.03264955  0.51487924  0.23688597  0.          0.6         0.01499496
  0.05        0.8         0.015       0.05        0.8         0.015     ]
agent_success: 0

training time:  0.0023169517517089844
evaluation time:  8.509834051132202
epoch time:  8.512163639068604


-------------------------------- Iteration 36200 -------------------------------- 
initial ob: [-0.03264955  0.51487924  0.23688597  0.          0.6         0.01499496
  0.05        0.8         0.015       0.05        0.8         0.015     ]
agent_success: 0

training time:  0.0023207664489746094
evaluation time:  8.491302728652954
epoch time:  8.493643999099731


-------------------------------- Iteration 36400 -------------------------------- 
initial ob: [-0.03264955  0.51487924  0.23688597  0.          0.6         0.01499496
  0.05        0.8         0.015       0.05        0.8         0.015     ]
agent_success: 0

training time:  0.002322673797607422
evaluation time:  8.619298934936523
epoch time:  8.62163519859314


-------------------------------- Iteration 36600 -------------------------------- 
initial ob: [-0.03264955  0.51487924  0.23688597  0.          0.6         0.01499496
  0.05        0.8         0.015       0.05        0.8         0.015     ]
agent_success: 0

training time:  0.0023326873779296875
evaluation time:  8.656494855880737
epoch time:  8.658851385116577


-------------------------------- Iteration 36800 -------------------------------- 
initial ob: [-0.03264955  0.51487924  0.23688597  0.          0.6         0.01499496
  0.05        0.8         0.015       0.05        0.8         0.015     ]
agent_success: 0

training time:  0.002331256866455078
evaluation time:  8.512889623641968
epoch time:  8.51524305343628


-------------------------------- Iteration 37000 -------------------------------- 
initial ob: [-0.03264955  0.51487924  0.23688597  0.          0.6         0.01499496
  0.05        0.8         0.015       0.05        0.8         0.015     ]
agent_success: 0

training time:  0.0025000572204589844
evaluation time:  8.430720806121826
epoch time:  8.43324089050293


-------------------------------- Iteration 37200 -------------------------------- 
initial ob: [-0.03264955  0.51487924  0.23688597  0.          0.6         0.01499496
  0.05        0.8         0.015       0.05        0.8         0.015     ]
agent_success: 0

training time:  0.0023391246795654297
evaluation time:  8.527793884277344
epoch time:  8.530147790908813


-------------------------------- Iteration 37400 -------------------------------- 
initial ob: [-0.03264955  0.51487924  0.23688597  0.          0.6         0.01499496
  0.05        0.8         0.015       0.05        0.8         0.015     ]
agent_success: 0

training time:  0.0023336410522460938
evaluation time:  8.573770999908447
epoch time:  8.576117992401123


-------------------------------- Iteration 37600 -------------------------------- 
initial ob: [-0.03264955  0.51487924  0.23688597  0.          0.6         0.01499496
  0.05        0.8         0.015       0.05        0.8         0.015     ]
agent_success: 0

training time:  0.00231170654296875
evaluation time:  8.418029069900513
epoch time:  8.420358180999756


-------------------------------- Iteration 37800 -------------------------------- 
initial ob: [-0.03264955  0.51487924  0.23688597  0.          0.6         0.01499496
  0.05        0.8         0.015       0.05        0.8         0.015     ]
agent_success: 0

training time:  0.002338886260986328
evaluation time:  8.433831214904785
epoch time:  8.436184406280518


-------------------------------- Iteration 38000 -------------------------------- 
initial ob: [-0.03264955  0.51487924  0.23688597  0.          0.6         0.01499496
  0.05        0.8         0.015       0.05        0.8         0.015     ]
agent_success: 0

training time:  0.002336263656616211
evaluation time:  8.490225076675415
epoch time:  8.492576599121094


-------------------------------- Iteration 38200 -------------------------------- 
initial ob: [-0.03264955  0.51487924  0.23688597  0.          0.6         0.01499496
  0.05        0.8         0.015       0.05        0.8         0.015     ]
agent_success: 0

training time:  0.002329587936401367
evaluation time:  8.747337102890015
epoch time:  8.749680280685425


-------------------------------- Iteration 38400 -------------------------------- 
initial ob: [-0.03264955  0.51487924  0.23688597  0.          0.6         0.01499496
  0.05        0.8         0.015       0.05        0.8         0.015     ]
agent_success: 0

training time:  0.0023660659790039062
evaluation time:  8.619396924972534
epoch time:  8.62178897857666


-------------------------------- Iteration 38600 -------------------------------- 
initial ob: [-0.03264955  0.51487924  0.23688597  0.          0.6         0.01499496
  0.05        0.8         0.015       0.05        0.8         0.015     ]
agent_success: 0

training time:  0.0023217201232910156
evaluation time:  8.422471284866333
epoch time:  8.4248046875


-------------------------------- Iteration 38800 -------------------------------- 
initial ob: [-0.03264955  0.51487924  0.23688597  0.          0.6         0.01499496
  0.05        0.8         0.015       0.05        0.8         0.015     ]
agent_success: 0

training time:  0.0023317337036132812
evaluation time:  8.689849138259888
epoch time:  8.692206144332886


-------------------------------- Iteration 39000 -------------------------------- 
initial ob: [-0.03264955  0.51487924  0.23688597  0.          0.6         0.01499496
  0.05        0.8         0.015       0.05        0.8         0.015     ]
agent_success: 0

training time:  0.002333402633666992
evaluation time:  8.38615107536316
epoch time:  8.388496398925781


-------------------------------- Iteration 39200 -------------------------------- 
initial ob: [-0.03264955  0.51487924  0.23688597  0.          0.6         0.01499496
  0.05        0.8         0.015       0.05        0.8         0.015     ]
agent_success: 0

training time:  0.0023376941680908203
evaluation time:  8.488743305206299
epoch time:  8.49109435081482


-------------------------------- Iteration 39400 -------------------------------- 
initial ob: [-0.03264955  0.51487924  0.23688597  0.          0.6         0.01499496
  0.05        0.8         0.015       0.05        0.8         0.015     ]
agent_success: 0

training time:  0.0023202896118164062
evaluation time:  8.48632550239563
epoch time:  8.488664150238037


-------------------------------- Iteration 39600 -------------------------------- 
initial ob: [-0.03264955  0.51487924  0.23688597  0.          0.6         0.01499496
  0.05        0.8         0.015       0.05        0.8         0.015     ]
agent_success: 0

training time:  0.002347707748413086
evaluation time:  8.659744501113892
epoch time:  8.662105083465576


-------------------------------- Iteration 39800 -------------------------------- 
initial ob: [-0.03264955  0.51487924  0.23688597  0.          0.6         0.01499496
  0.05        0.8         0.015       0.05        0.8         0.015     ]
agent_success: 0

training time:  0.0023229122161865234
evaluation time:  8.573948621749878
epoch time:  8.576290845870972


-------------------------------- Iteration 40000 -------------------------------- 
initial ob: [-0.03264955  0.51487924  0.23688597  0.          0.6         0.01499496
  0.05        0.8         0.015       0.05        0.8         0.015     ]
agent_success: 0

training time:  0.002342700958251953
evaluation time:  8.409578561782837
epoch time:  8.411937236785889


-------------------------------- Iteration 40200 -------------------------------- 
initial ob: [-0.03264955  0.51487924  0.23688597  0.          0.6         0.01499496
  0.05        0.8         0.015       0.05        0.8         0.015     ]
agent_success: 0

training time:  0.002317667007446289
evaluation time:  8.669744491577148
epoch time:  8.672086954116821


-------------------------------- Iteration 40400 -------------------------------- 
initial ob: [-0.03264955  0.51487924  0.23688597  0.          0.6         0.01499496
  0.05        0.8         0.015       0.05        0.8         0.015     ]
agent_success: 0

training time:  0.0023376941680908203
evaluation time:  8.75749921798706
epoch time:  8.759849786758423


-------------------------------- Iteration 40600 -------------------------------- 
initial ob: [-0.03264955  0.51487924  0.23688597  0.          0.6         0.01499496
  0.05        0.8         0.015       0.05        0.8         0.015     ]
agent_success: 0

training time:  0.002328634262084961
evaluation time:  8.522275447845459
epoch time:  8.524630069732666


-------------------------------- Iteration 40800 -------------------------------- 
initial ob: [-0.03264955  0.51487924  0.23688597  0.          0.6         0.01499496
  0.05        0.8         0.015       0.05        0.8         0.015     ]
agent_success: 0

training time:  0.002317190170288086
evaluation time:  8.516724109649658
epoch time:  8.519055604934692


-------------------------------- Iteration 41000 -------------------------------- 
initial ob: [-0.03264955  0.51487924  0.23688597  0.          0.6         0.01499496
  0.05        0.8         0.015       0.05        0.8         0.015     ]
agent_success: 0

training time:  0.002318143844604492
evaluation time:  8.642969131469727
epoch time:  8.645308256149292


-------------------------------- Iteration 41200 -------------------------------- 
initial ob: [-0.03264955  0.51487924  0.23688597  0.          0.6         0.01499496
  0.05        0.8         0.015       0.05        0.8         0.015     ]
agent_success: 0

training time:  0.002335071563720703
evaluation time:  8.479255437850952
epoch time:  8.481624126434326


-------------------------------- Iteration 41400 -------------------------------- 
initial ob: [-0.03264955  0.51487924  0.23688597  0.          0.6         0.01499496
  0.05        0.8         0.015       0.05        0.8         0.015     ]
agent_success: 0

training time:  0.0023207664489746094
evaluation time:  8.451793909072876
epoch time:  8.454149007797241


-------------------------------- Iteration 41600 -------------------------------- 
initial ob: [-0.03264955  0.51487924  0.23688597  0.          0.6         0.01499496
  0.05        0.8         0.015       0.05        0.8         0.015     ]
agent_success: 0

training time:  0.002347707748413086
evaluation time:  8.875983238220215
epoch time:  8.878345012664795


-------------------------------- Iteration 41800 -------------------------------- 
initial ob: [-0.03264955  0.51487924  0.23688597  0.          0.6         0.01499496
  0.05        0.8         0.015       0.05        0.8         0.015     ]
agent_success: 0

training time:  0.002323150634765625
evaluation time:  8.458059310913086
epoch time:  8.460396528244019


-------------------------------- Iteration 42000 -------------------------------- 
initial ob: [-0.03264955  0.51487924  0.23688597  0.          0.6         0.01499496
  0.05        0.8         0.015       0.05        0.8         0.015     ]
agent_success: 0

training time:  0.002319812774658203
evaluation time:  8.551028728485107
epoch time:  8.553366661071777


-------------------------------- Iteration 42200 -------------------------------- 
initial ob: [-0.03264955  0.51487924  0.23688597  0.          0.6         0.01499496
  0.05        0.8         0.015       0.05        0.8         0.015     ]
agent_success: 0

training time:  0.002331256866455078
evaluation time:  8.52915620803833
epoch time:  8.531519889831543


-------------------------------- Iteration 42400 -------------------------------- 
initial ob: [-0.03264955  0.51487924  0.23688597  0.          0.6         0.01499496
  0.05        0.8         0.015       0.05        0.8         0.015     ]
agent_success: 0

training time:  0.002329111099243164
evaluation time:  8.460272312164307
epoch time:  8.462620258331299


-------------------------------- Iteration 42600 -------------------------------- 
initial ob: [-0.03264955  0.51487924  0.23688597  0.          0.6         0.01499496
  0.05        0.8         0.015       0.05        0.8         0.015     ]
agent_success: 0

training time:  0.002346038818359375
evaluation time:  8.655603170394897
epoch time:  8.657961130142212


-------------------------------- Iteration 42800 -------------------------------- 
initial ob: [-0.03264955  0.51487924  0.23688597  0.          0.6         0.01499496
  0.05        0.8         0.015       0.05        0.8         0.015     ]
agent_success: 0

training time:  0.002337217330932617
evaluation time:  8.831465005874634
epoch time:  8.833824634552002


-------------------------------- Iteration 43000 -------------------------------- 
initial ob: [-0.03264955  0.51487924  0.23688597  0.          0.6         0.01499496
  0.05        0.8         0.015       0.05        0.8         0.015     ]
agent_success: 0

training time:  0.002312898635864258
evaluation time:  8.581202507019043
epoch time:  8.58352518081665


-------------------------------- Iteration 43200 -------------------------------- 
initial ob: [-0.03264955  0.51487924  0.23688597  0.          0.6         0.01499496
  0.05        0.8         0.015       0.05        0.8         0.015     ]
agent_success: 0

training time:  0.0023381710052490234
evaluation time:  8.675388097763062
epoch time:  8.677743673324585


-------------------------------- Iteration 43400 -------------------------------- 
initial ob: [-0.03264955  0.51487924  0.23688597  0.          0.6         0.01499496
  0.05        0.8         0.015       0.05        0.8         0.015     ]
agent_success: 0

training time:  0.0023212432861328125
evaluation time:  8.668177604675293
epoch time:  8.670511484146118


-------------------------------- Iteration 43600 -------------------------------- 
initial ob: [-0.03264955  0.51487924  0.23688597  0.          0.6         0.01499496
  0.05        0.8         0.015       0.05        0.8         0.015     ]
agent_success: 0

training time:  0.002329111099243164
evaluation time:  8.527182579040527
epoch time:  8.529525518417358


-------------------------------- Iteration 43800 -------------------------------- 
initial ob: [-0.03264955  0.51487924  0.23688597  0.          0.6         0.01499496
  0.05        0.8         0.015       0.05        0.8         0.015     ]
agent_success: 0

training time:  0.0023288726806640625
evaluation time:  8.63024616241455
epoch time:  8.632593870162964


-------------------------------- Iteration 44000 -------------------------------- 
initial ob: [-0.03264955  0.51487924  0.23688597  0.          0.6         0.01499496
  0.05        0.8         0.015       0.05        0.8         0.015     ]
agent_success: 0

training time:  0.002318859100341797
evaluation time:  8.987228393554688
epoch time:  8.9895601272583


-------------------------------- Iteration 44200 -------------------------------- 
initial ob: [-0.03264955  0.51487924  0.23688597  0.          0.6         0.01499496
  0.05        0.8         0.015       0.05        0.8         0.015     ]
agent_success: 0

training time:  0.002314329147338867
evaluation time:  8.554471969604492
epoch time:  8.556820392608643


-------------------------------- Iteration 44400 -------------------------------- 
initial ob: [-0.03264955  0.51487924  0.23688597  0.          0.6         0.01499496
  0.05        0.8         0.015       0.05        0.8         0.015     ]
agent_success: 0

training time:  0.0023398399353027344
evaluation time:  8.967393159866333
epoch time:  8.969745397567749


-------------------------------- Iteration 44600 -------------------------------- 
initial ob: [-0.03264955  0.51487924  0.23688597  0.          0.6         0.01499496
  0.05        0.8         0.015       0.05        0.8         0.015     ]
agent_success: 0

training time:  0.0025348663330078125
evaluation time:  8.430261135101318
epoch time:  8.432820558547974


-------------------------------- Iteration 44800 -------------------------------- 
initial ob: [-0.03264955  0.51487924  0.23688597  0.          0.6         0.01499496
  0.05        0.8         0.015       0.05        0.8         0.015     ]
agent_success: 0

training time:  0.002331256866455078
evaluation time:  8.656841278076172
epoch time:  8.659205198287964


-------------------------------- Training stopped due to early stopping -------------------------------- 
min loss:  0.004957472


-------------------------------- Test Results -------------------------------- 
initial ob: [-0.03264955  0.51487924  0.23688597  0.          0.6         0.01499496
  0.05        0.8         0.015       0.05        0.8         0.015     ]
agent_success: 0

mean_success_rate:  0.0
Done
