/var/lib/slurm/slurmd/job3513868/slurm_script: line 9: batch_scripts/MT50_batch/seed.sh: No such file or directory
SLURM_JOBID=3513868
working directory=/viscam/u/jialugao/Imitation-SoftModule
########################
logging outputs to  /viscam/u/jialugao/Imitation-SoftModule/data/Base_bc_reach_sweep-v1_2640.000124-01-2022_18-56-22
########################
{'expert_policy_file': '../Multi-Task-RL/log/MT50_Single_Task/sweep-v1/Fixed/238/model/model_pf_best.pth', 'exp_name': 'bc_reach', 'do_dagger': False, 'ep_len': 200, 'gradient_steps': 1, 'n_iter': 10000, 'render_interval': 1, 'eval_interval': 200, 'batch_size': 64, 'eval_batch_size': 32, 'train_batch_size': 32, 'n_layers': 2, 'size': 400, 'learning_rate': 0.0001, 'video_log_freq': -1, 'scalar_log_freq': 1, 'no_gpu': False, 'which_gpu': 0, 'max_replay_buffer_size': 1000000, 'save_params': False, 'seed': 32, 'worker_nums': 1, 'eval_worker_nums': 1, 'config': 'config/BC.json', 'no_cuda': True, 'random_init': False, 'device': 'cpu', 'id': 'MT50_Single_Task', 'task_name': 'sweep-v1', 'task_env': 'MT50_task_env', 'cuda': False, 'log_dir': '/viscam/u/jialugao/Imitation-SoftModule/data/Base_bc_reach_sweep-v1_2640.000124-01-2022_18-56-22', 'agent_class': <class 'agents.bc_agent.MLPAgent'>, 'agent_params': {'n_layers': 2, 'size': 400, 'learning_rate': 0.0001, 'max_replay_buffer_size': 1000000, 'discrete': False, 'ac_dim': 4, 'ob_dim': 9}}
{'env_name': 'single_task', 'env': {'reward_scale': 1, 'obs_norm': False}, 'meta_env': {'obs_type': 'with_goal', 'random_init': False}, 'replay_buffer': {'size': 1000000.0}, 'net': {'hidden_shapes': [400, 400], 'append_hidden_shapes': [400], 'base_type': <class 'networks.base.MLPBase'>}, 'general_setting': {'discount': 0.99, 'pretrain_epochs': 20, 'num_epochs': 7500, 'epoch_frames': 200, 'max_episode_frames': 200, 'batch_size': 1280, 'min_pool': 10000, 'target_hard_update_period': 1000, 'use_soft_update': True, 'tau': 0.005, 'opt_times': 200, 'eval_episodes': 100, 'train_render': False, 'eval_render': False, 'env': <NormAct<RewardShift<SingleWrapperNone>>>, 'logger': <utils.logger.Logger object at 0x7fbb8187fad0>, 'device': device(type='cpu')}, 'sac': {'plr': 0.0003, 'qlr': 0.0003, 'reparameterization': True, 'automatic_entropy_tuning': True, 'policy_std_reg_weight': 0, 'policy_mean_reg_weight': 0}}
Loading expert policy from... ../Multi-Task-RL/log/MT50_Single_Task/sweep-v1/Fixed/238/model/model_pf_best.pth
tensor([[ 1.9288e-02,  1.7522e-02, -1.5702e-02,  ..., -3.6539e-02,
          1.2055e-02, -2.4622e-02],
        [ 2.1420e-02, -1.3254e-02, -1.8433e-02,  ...,  9.0029e-03,
          1.3025e-02, -2.0149e-02],
        [ 7.4010e-04, -7.7423e-02, -4.0593e-02,  ..., -1.5992e-03,
         -2.4659e-02,  2.5772e-02],
        ...,
        [ 5.4193e-02, -3.5363e-02,  4.0632e-02,  ...,  4.0015e-02,
         -6.3440e-03, -7.0764e-03],
        [ 1.2588e-02, -1.2576e-02, -1.1520e-02,  ..., -4.6097e-02,
          3.2807e-02,  2.9786e-02],
        [ 1.4029e-02,  4.6560e-02, -2.5807e-03,  ..., -2.1146e-02,
          5.3840e-05,  3.9649e-03]])
Done restoring expert policy...
<NormAct<RewardShift<AugObs<SawyerSweepEnv instance>>>>


-------------------------------- Iteration 0 -------------------------------- 
initial ob: [-0.03358889  0.51377023  0.23633834  0.          0.6         0.02
  0.          0.95       -0.3         0.          0.95       -0.3       ]
expert:[ 0.00274405  0.22309984 -0.938587    0.12575005]
expert:[ 0.00274405  0.22309984 -0.938587    0.12575005]
expert:[ 0.00274405  0.22309984 -0.938587    0.12575005]
expert:[ 0.00274405  0.22309984 -0.938587    0.12575005]
expert:[ 0.00274405  0.22309984 -0.938587    0.12575005]
expert:[ 0.00274405  0.22309984 -0.938587    0.12575005]
expert:[ 0.00274405  0.22309984 -0.938587    0.12575005]
expert:[ 0.00274405  0.22309984 -0.938587    0.12575005]
expert:[ 0.00274405  0.22309984 -0.938587    0.12575005]
expert:[ 0.00274405  0.22309984 -0.938587    0.12575005]
expert:[ 0.00274405  0.22309984 -0.938587    0.12575005]
expert:[ 0.00274405  0.22309984 -0.938587    0.12575005]
expert:[ 0.00274405  0.22309984 -0.938587    0.12575005]
expert:[ 0.00274405  0.22309984 -0.938587    0.12575005]
expert:[ 0.00274405  0.22309984 -0.938587    0.12575005]
expert:[ 0.00274405  0.22309984 -0.938587    0.12575005]
expert:[ 0.00274405  0.22309984 -0.938587    0.12575005]
expert:[ 0.00274405  0.22309984 -0.938587    0.12575005]
expert:[ 0.00274405  0.22309984 -0.938587    0.12575005]
expert:[ 0.00274405  0.22309984 -0.938587    0.12575005]
expert:[ 0.00274405  0.22309984 -0.938587    0.12575005]
expert:[ 0.00274405  0.22309984 -0.938587    0.12575005]
expert:[ 0.00274405  0.22309984 -0.938587    0.12575005]
expert:[ 0.00274405  0.22309984 -0.938587    0.12575005]
expert:[ 0.00274405  0.22309984 -0.938587    0.12575005]
expert:[ 0.00274405  0.22309984 -0.938587    0.12575005]
expert:[ 0.00274405  0.22309984 -0.938587    0.12575005]
expert:[ 0.00274405  0.22309984 -0.938587    0.12575005]
expert:[ 0.00274405  0.22309984 -0.938587    0.12575005]
expert:[ 0.00274405  0.22309984 -0.938587    0.12575005]
expert:[ 0.00274405  0.22309984 -0.938587    0.12575005]
expert:[ 0.00274405  0.22309984 -0.938587    0.12575005]
expert:[ 0.00274405  0.22309984 -0.938587    0.12575005]
expert:[ 0.00274405  0.22309984 -0.938587    0.12575005]
expert:[ 0.00274405  0.22309984 -0.938587    0.12575005]
expert:[ 0.00274405  0.22309984 -0.938587    0.12575005]
expert:[ 0.00274405  0.22309984 -0.938587    0.12575005]
expert:[ 0.00274405  0.22309984 -0.938587    0.12575005]
expert:[ 0.00274405  0.22309984 -0.938587    0.12575005]
expert:[ 0.00274405  0.22309984 -0.938587    0.12575005]
expert:[ 0.00274405  0.22309984 -0.938587    0.12575005]
expert:[ 0.00274405  0.22309984 -0.938587    0.12575005]
expert:[ 0.00274405  0.22309984 -0.938587    0.12575005]
expert:[ 0.00274405  0.22309984 -0.938587    0.12575005]
expert:[ 0.00274405  0.22309984 -0.938587    0.12575005]
expert:[ 0.00274405  0.22309984 -0.938587    0.12575005]
expert:[ 0.00274405  0.22309984 -0.938587    0.12575005]
expert:[ 0.00274405  0.22309984 -0.938587    0.12575005]
expert:[ 0.00274405  0.22309984 -0.938587    0.12575005]
expert:[ 0.00274405  0.22309984 -0.938587    0.12575005]
expert:[ 0.00274405  0.22309984 -0.938587    0.12575005]
expert:[ 0.00274405  0.22309984 -0.938587    0.12575005]
expert:[ 0.00274405  0.22309984 -0.938587    0.12575005]
expert:[ 0.00274405  0.22309984 -0.938587    0.12575005]
expert:[ 0.00274405  0.22309984 -0.938587    0.12575005]
expert:[ 0.00274405  0.22309984 -0.938587    0.12575005]
expert:[ 0.00274405  0.22309984 -0.938587    0.12575005]
expert:[ 0.00274405  0.22309984 -0.938587    0.12575005]
expert:[ 0.00274405  0.22309984 -0.938587    0.12575005]
expert:[ 0.00274405  0.22309984 -0.938587    0.12575005]
expert:[ 0.00274405  0.22309984 -0.938587    0.12575005]
expert:[ 0.00274405  0.22309984 -0.938587    0.12575005]
expert:[ 0.00274405  0.22309984 -0.938587    0.12575005]
expert:[ 0.00274405  0.22309984 -0.938587    0.12575005]
expert:[ 0.00274405  0.22309984 -0.938587    0.12575005]
expert:[ 0.00274405  0.22309984 -0.938587    0.12575005]
expert:[ 0.00274405  0.22309984 -0.938587    0.12575005]
expert:[ 0.00274405  0.22309984 -0.938587    0.12575005]
expert:[ 0.00274405  0.22309984 -0.938587    0.12575005]
expert:[ 0.00274405  0.22309984 -0.938587    0.12575005]
expert:[ 0.00274405  0.22309984 -0.938587    0.12575005]
expert:[ 0.00274405  0.22309984 -0.938587    0.12575005]
expert:[ 0.00274405  0.22309984 -0.938587    0.12575005]
expert:[ 0.00274405  0.22309984 -0.938587    0.12575005]
expert:[ 0.00274405  0.22309984 -0.938587    0.12575005]
expert:[ 0.00274405  0.22309984 -0.938587    0.12575005]
expert:[ 0.00274405  0.22309984 -0.938587    0.12575005]
expert:[ 0.00274405  0.22309984 -0.938587    0.12575005]
expert:[ 0.00274405  0.22309984 -0.938587    0.12575005]
expert:[ 0.00274405  0.22309984 -0.938587    0.12575005]
expert:[ 0.00274405  0.22309984 -0.938587    0.12575005]
expert:[ 0.00274405  0.22309984 -0.938587    0.12575005]
expert:[ 0.00274405  0.22309984 -0.938587    0.12575005]
expert:[ 0.00274405  0.22309984 -0.938587    0.12575005]
expert:[ 0.00274405  0.22309984 -0.938587    0.12575005]
expert:[ 0.00274405  0.22309984 -0.938587    0.12575005]
expert:[ 0.00274405  0.22309984 -0.938587    0.12575005]
expert:[ 0.00274405  0.22309984 -0.938587    0.12575005]
expert:[ 0.00274405  0.22309984 -0.938587    0.12575005]
expert:[ 0.00274405  0.22309984 -0.938587    0.12575005]
expert:[ 0.00274405  0.22309984 -0.938587    0.12575005]
expert:[ 0.00274405  0.22309984 -0.938587    0.12575005]
expert:[ 0.00274405  0.22309984 -0.938587    0.12575005]
expert:[ 0.00274405  0.22309984 -0.938587    0.12575005]
expert:[ 0.00274405  0.22309984 -0.938587    0.12575005]
expert:[ 0.00274405  0.22309984 -0.938587    0.12575005]
expert:[ 0.00274405  0.22309984 -0.938587    0.12575005]
expert:[ 0.00274405  0.22309984 -0.938587    0.12575005]
expert:[ 0.00274405  0.22309984 -0.938587    0.12575005]
expert:[ 0.00274405  0.22309984 -0.938587    0.12575005]
expert:[ 0.00274405  0.22309984 -0.938587    0.12575005]
expert:[ 0.00274405  0.22309984 -0.938587    0.12575005]
expert:[ 0.00274405  0.22309984 -0.938587    0.12575005]
expert:[ 0.00274405  0.22309984 -0.938587    0.12575005]
expert:[ 0.00274405  0.22309984 -0.938587    0.12575005]
expert:[ 0.00274405  0.22309984 -0.938587    0.12575005]
expert:[ 0.00274405  0.22309984 -0.938587    0.12575005]
expert:[ 0.00274405  0.22309984 -0.938587    0.12575005]
expert:[ 0.00274405  0.22309984 -0.938587    0.12575005]
expert:[ 0.00274405  0.22309984 -0.938587    0.12575005]
expert:[ 0.00274405  0.22309984 -0.938587    0.12575005]
expert:[ 0.00274405  0.22309984 -0.938587    0.12575005]
expert:[ 0.00274405  0.22309984 -0.938587    0.12575005]
expert:[ 0.00274405  0.22309984 -0.938587    0.12575005]
expert:[ 0.00274405  0.22309984 -0.938587    0.12575005]
expert:[ 0.00274405  0.22309984 -0.938587    0.12575005]
expert:[ 0.00274405  0.22309984 -0.938587    0.12575005]
expert:[ 0.00274405  0.22309984 -0.938587    0.12575005]
expert:[ 0.00274405  0.22309984 -0.938587    0.12575005]
expert:[ 0.00274405  0.22309984 -0.938587    0.12575005]
expert:[ 0.00274405  0.22309984 -0.938587    0.12575005]
expert:[ 0.00274405  0.22309984 -0.938587    0.12575005]
expert:[ 0.00274405  0.22309984 -0.938587    0.12575005]
expert:[ 0.00274405  0.22309984 -0.938587    0.12575005]
expert:[ 0.00274405  0.22309984 -0.938587    0.12575005]
expert:[ 0.00274405  0.22309984 -0.938587    0.12575005]
expert:[ 0.00274405  0.22309984 -0.938587    0.12575005]
expert:[ 0.00274405  0.22309984 -0.938587    0.12575005]
expert:[ 0.00274405  0.22309984 -0.938587    0.12575005]
expert:[ 0.00274405  0.22309984 -0.938587    0.12575005]
expert:[ 0.00274405  0.22309984 -0.938587    0.12575005]
expert:[ 0.00274405  0.22309984 -0.938587    0.12575005]
expert:[ 0.00274405  0.22309984 -0.938587    0.12575005]
expert:[ 0.00274405  0.22309984 -0.938587    0.12575005]
expert:[ 0.00274405  0.22309984 -0.938587    0.12575005]
expert:[ 0.00274405  0.22309984 -0.938587    0.12575005]
expert:[ 0.00274405  0.22309984 -0.938587    0.12575005]
expert:[ 0.00274405  0.22309984 -0.938587    0.12575005]
expert:[ 0.00274405  0.22309984 -0.938587    0.12575005]
expert:[ 0.00274405  0.22309984 -0.938587    0.12575005]
expert:[ 0.00274405  0.22309984 -0.938587    0.12575005]
expert:[ 0.00274405  0.22309984 -0.938587    0.12575005]
expert:[ 0.00274405  0.22309984 -0.938587    0.12575005]
expert:[ 0.00274405  0.22309984 -0.938587    0.12575005]
expert:[ 0.00274405  0.22309984 -0.938587    0.12575005]
expert:[ 0.00274405  0.22309984 -0.938587    0.12575005]
expert:[ 0.00274405  0.22309984 -0.938587    0.12575005]
expert:[ 0.00274405  0.22309984 -0.938587    0.12575005]
expert:[ 0.00274405  0.22309984 -0.938587    0.12575005]
expert:[ 0.00274405  0.22309984 -0.938587    0.12575005]
expert_success: 0
path_length: 150



-------------------------------- Iteration 0 -------------------------------- 
initial ob: [-0.03358889  0.51377023  0.23633834  0.          0.6         0.02
  0.          0.95       -0.3         0.          0.95       -0.3       ]
agent_success: 0

training time:  0.19554471969604492
evaluation time:  7.197594881057739
epoch time:  7.39316725730896


-------------------------------- Training stopped due to early stopping -------------------------------- 
min loss:  0.0036167884


-------------------------------- Test Results -------------------------------- 
initial ob: [-0.03358889  0.51377023  0.23633834  0.          0.6         0.02
  0.          0.95       -0.3         0.          0.95       -0.3       ]
agent_success: 0

mean_success_rate:  0.0
Done
