/var/lib/slurm/slurmd/job3513832/slurm_script: line 9: batch_scripts/MT50_batch/seed.sh: No such file or directory
SLURM_JOBID=3513832
working directory=/viscam/u/jialugao/Imitation-SoftModule
########################
logging outputs to  /viscam/u/jialugao/Imitation-SoftModule/data/Base_bc_reach_push-v1_2640.000124-01-2022_18-56-04
########################
{'expert_policy_file': '../Multi-Task-RL/log/MT50_Single_Task/push-v1/Fixed/238/model/model_pf_best.pth', 'exp_name': 'bc_reach', 'do_dagger': False, 'ep_len': 200, 'gradient_steps': 1, 'n_iter': 10000, 'render_interval': 1, 'eval_interval': 200, 'batch_size': 64, 'eval_batch_size': 32, 'train_batch_size': 32, 'n_layers': 2, 'size': 400, 'learning_rate': 0.0001, 'video_log_freq': -1, 'scalar_log_freq': 1, 'no_gpu': False, 'which_gpu': 0, 'max_replay_buffer_size': 1000000, 'save_params': False, 'seed': 32, 'worker_nums': 1, 'eval_worker_nums': 1, 'config': 'config/BC.json', 'no_cuda': True, 'random_init': False, 'device': 'cpu', 'id': 'MT50_Single_Task', 'task_name': 'push-v1', 'task_env': 'MT50_task_env', 'cuda': False, 'log_dir': '/viscam/u/jialugao/Imitation-SoftModule/data/Base_bc_reach_push-v1_2640.000124-01-2022_18-56-04', 'agent_class': <class 'agents.bc_agent.MLPAgent'>, 'agent_params': {'n_layers': 2, 'size': 400, 'learning_rate': 0.0001, 'max_replay_buffer_size': 1000000, 'discrete': False, 'ac_dim': 4, 'ob_dim': 9}}
{'env_name': 'single_task', 'env': {'reward_scale': 1, 'obs_norm': False}, 'meta_env': {'obs_type': 'with_goal', 'random_init': False}, 'replay_buffer': {'size': 1000000.0}, 'net': {'hidden_shapes': [400, 400], 'append_hidden_shapes': [400], 'base_type': <class 'networks.base.MLPBase'>}, 'general_setting': {'discount': 0.99, 'pretrain_epochs': 20, 'num_epochs': 7500, 'epoch_frames': 200, 'max_episode_frames': 200, 'batch_size': 1280, 'min_pool': 10000, 'target_hard_update_period': 1000, 'use_soft_update': True, 'tau': 0.005, 'opt_times': 200, 'eval_episodes': 100, 'train_render': False, 'eval_render': False, 'env': <NormAct<RewardShift<SingleWrapperNone>>>, 'logger': <utils.logger.Logger object at 0x7f52ea357bd0>, 'device': device(type='cpu')}, 'sac': {'plr': 0.0003, 'qlr': 0.0003, 'reparameterization': True, 'automatic_entropy_tuning': True, 'policy_std_reg_weight': 0, 'policy_mean_reg_weight': 0}}
Loading expert policy from... ../Multi-Task-RL/log/MT50_Single_Task/push-v1/Fixed/238/model/model_pf_best.pth
tensor([[-1.6365, -0.0422,  0.4934,  ..., -0.1641, -0.1100, -0.1586],
        [-0.2673, -0.1008, -0.0131,  ..., -0.0683, -0.0446, -0.1179],
        [ 0.0032, -0.0901, -0.0547,  ..., -0.0504, -0.0373, -0.0590],
        ...,
        [ 0.2442, -0.4963,  0.4462,  ...,  0.1417,  0.0937,  0.0955],
        [ 0.1520, -0.0453, -0.0662,  ..., -0.0508,  0.0408,  0.0120],
        [ 0.4992,  0.1345, -0.2358,  ..., -0.2010, -0.1930, -0.1629]])
Done restoring expert policy...
<NormAct<RewardShift<AugObs<SawyerReachPushPickPlaceEnv instance>>>>


-------------------------------- Iteration 0 -------------------------------- 
initial ob: [-0.03265039  0.51487777  0.2368754   0.          0.6         0.01492813
  0.1         0.8         0.02        0.1         0.8         0.02      ]
expert:[-0.964967    0.40635794 -0.9466482   0.19005316]
expert:[-0.9476171  -0.16142681 -0.949482    0.59178734]
expert:[-0.9546521  -0.89909685 -0.9739257   0.904146  ]
expert:[-0.9453106  -0.95066553 -0.96838564  0.85565704]
expert:[-0.935553  -0.9587027 -0.9664867  0.6771032]
expert:[-0.8834693  -0.94308925 -0.9582091   0.4852005 ]
expert:[-0.75587225 -0.9321724  -0.96437     0.42270797]
expert:[ 0.86546826 -0.8089459  -0.9750682   0.27250212]
expert:[ 0.95394236 -0.5406449  -0.97298115  0.21701571]
expert:[ 0.92480934  0.55020344 -0.9666481  -0.569194  ]
expert:[ 0.8119251   0.85871136 -0.945102   -0.8379614 ]
expert:[ 0.6156184   0.8982507  -0.9330836  -0.89072365]
expert:[-0.20621905  0.8918262  -0.9649631  -0.9424017 ]
expert:[-0.6750305   0.8721312  -0.97635853 -0.9496653 ]
expert:[-0.4119429   0.69634616 -0.9440348  -0.8810071 ]
expert:[ 0.44380566  0.4568813  -0.5410475  -0.45655867]
expert:[ 0.5382628   0.98645836  0.97179615 -0.992814  ]
expert:[ 0.6807078  0.9794072  0.9746079 -0.9922622]
expert:[ 0.6655049   0.9632737   0.91876644 -0.98423535]
expert:[ 0.78742164  0.9178871   0.60775113 -0.93536824]
expert:[ 0.81299525  0.8385281  -0.08116185 -0.82453537]
expert:[ 0.7627245   0.8306982  -0.50148743 -0.6543739 ]
expert:[ 0.6738685   0.93654615 -0.7972292  -0.71622854]
expert:[-0.86840624  0.8360559  -0.9790885  -0.9926505 ]
expert:[-0.9686966   0.7581657  -0.98804927 -0.9943607 ]
expert:[-0.9371726   0.781569   -0.95912296 -0.98633707]
expert:[ 0.70158756  0.96712714 -0.75172085  0.338017  ]
expert:[ 0.7300096   0.9406839  -0.00857006  0.8149976 ]
expert:[0.46730435 0.900065   0.65048474 0.8108957 ]
expert:[0.37551764 0.7807895  0.67470413 0.8790018 ]
expert:[0.3074323  0.16040458 0.23686211 0.9010807 ]
expert:[ 0.5260736 -0.6177388 -0.6244903  0.8453253]
expert:[0.38601285 0.12704876 0.44277933 0.94330466]
expert:[-0.13056715  0.77213347  0.9509002   0.9776762 ]
expert:[0.11092483 0.8920934  0.84814507 0.98035574]
expert:[0.5722334  0.9084427  0.27322605 0.9749946 ]
expert:[ 0.7657957   0.912922   -0.54987687  0.9751405 ]
expert:[ 0.86223906  0.9302973  -0.9047339   0.98326504]
expert:[ 0.9046086   0.959224   -0.96889895  0.9896129 ]
expert:[ 0.9305007   0.973363   -0.9849328   0.98875356]
expert:[ 0.9458012  0.9798626 -0.9840982  0.9716909]
expert:[ 0.8853876   0.9495737  -0.93245703  0.7525444 ]
expert:[ 0.71799767  0.71969527 -0.8137498   0.24971561]
expert:[ 0.55161077  0.42791045 -0.7752841   0.08100162]
expert:[ 0.36005867  0.1841951  -0.71767354  0.01638424]
expert:[ 0.11825655  0.0688095  -0.6329812  -0.08038405]
expert:[-0.0095016  -0.05832472 -0.54566765 -0.07395791]
expert:[-0.08480082 -0.15403818 -0.44081745 -0.04242962]
expert:[-0.1277909  -0.18138953 -0.36345854 -0.03124903]
expert:[-0.13766459 -0.19347283 -0.31276992 -0.03947319]
expert:[-0.13800342 -0.20903361 -0.25891525 -0.04153525]
expert:[-0.11801758 -0.21034706 -0.22789128 -0.0441376 ]
expert:[-0.08034598 -0.19949172 -0.21369788 -0.05718658]
expert:[-0.05195512 -0.19258605 -0.21788894 -0.10949977]
expert:[-0.02533336 -0.18123382 -0.22841409 -0.16548431]
expert:[-0.01008302 -0.16224459 -0.23895825 -0.21670513]
expert:[ 0.01169444 -0.13493645 -0.24794444 -0.25921658]
expert:[ 0.04728335 -0.10184319 -0.2528925  -0.29855198]
expert:[ 0.06892867 -0.07103384 -0.25674802 -0.32683504]
expert:[ 0.0755408  -0.04035027 -0.26126125 -0.34641558]
expert:[ 0.07653254 -0.01213515 -0.2657353  -0.35100704]
expert:[ 0.07166038  0.00399891 -0.25769037 -0.3381561 ]
expert:[ 0.05361268  0.00696973 -0.23888637 -0.3009546 ]
expert:[ 0.01775838  0.00570486 -0.22701941 -0.25510776]
expert:[ 0.00066118  0.00803817 -0.21322826 -0.2167034 ]
expert:[-0.01123194  0.01209829 -0.20154747 -0.1846883 ]
expert:[-0.01959113  0.01413105 -0.19332542 -0.16201983]
expert:[-0.02480891  0.01466384 -0.1882225  -0.14930433]
expert:[-0.02719742  0.01404437 -0.18597084 -0.14548029]
expert:[-0.026584    0.01255938 -0.18676832 -0.14903626]
expert:[-0.02342078  0.01058961 -0.19014555 -0.15833049]
expert:[-0.01867577  0.00844628 -0.19510327 -0.17136061]
expert:[-0.01330587  0.00632975 -0.2006636  -0.1860256 ]
expert:[-0.00807503  0.00436163 -0.20605269 -0.20049071]
expert:[-0.00352784  0.00274881 -0.21075813 -0.21342942]
expert:[ 1.0326505e-05  1.5149105e-03 -2.1445675e-01 -2.2401148e-01]
expert:[ 0.00244777  0.00048825 -0.21702406 -0.23185043]
expert:[ 0.00390904 -0.00032124 -0.21857823 -0.23696142]
expert:[ 0.00469679 -0.00049037 -0.21927036 -0.23952536]
expert:[ 0.00484467 -0.00084448 -0.21942516 -0.24019043]
expert:[ 0.00452154 -0.00131421 -0.21918418 -0.23942704]
expert:[ 0.00387251 -0.00182766 -0.2186647  -0.23770191]
expert:[ 0.00307659 -0.00209617 -0.21794198 -0.23538473]
expert:[ 0.00225813 -0.00204181 -0.21711197 -0.23282668]
expert:[ 0.00146193 -0.00188571 -0.21629407 -0.23036398]
expert:[ 0.00074942 -0.00165497 -0.21555217 -0.22818859]
expert:[ 1.5940517e-04 -1.3778798e-03 -2.1492878e-01 -2.2641678e-01]
expert:[-0.00028744 -0.0010806  -0.21444719 -0.2250987 ]
expert:[-0.00058881 -0.00078443 -0.21411277 -0.22423221]
expert:[-0.00075493 -0.00050634 -0.21391633 -0.2237768 ]
expert:[-0.00080693 -0.00025856 -0.2138382  -0.22366509]
expert:[-7.6974166e-04 -4.7266483e-05 -2.1385379e-01 -2.2381949e-01]
expert:[-6.72396156e-04  1.19656324e-04 -2.13934541e-01 -2.24153519e-01]
expert:[-0.00054086  0.00024328 -0.21405424 -0.22458942]
expert:[-0.00039766  0.00032325 -0.21419044 -0.2250597 ]
expert:[-0.00025982  0.00036651 -0.21432498 -0.22551303]
expert:[-1.3939664e-04  3.7662682e-04 -2.1444564e-01 -2.2591290e-01]
expert:[-4.3310225e-05  3.5938618e-04 -2.1454446e-01 -2.2623627e-01]
expert:[ 2.6460737e-05  3.2277405e-04 -2.1461895e-01 -2.2647573e-01]
expert:[ 7.0933253e-05  2.7415156e-04 -2.1466903e-01 -2.2663383e-01]
expert:[ 9.3217939e-05  2.1685660e-04 -2.1469772e-01 -2.2671859e-01]
expert:[ 9.7636133e-05  1.5881658e-04 -2.1470846e-01 -2.2674423e-01]
expert:[ 9.0330839e-05  1.0409951e-04 -2.1470676e-01 -2.2672750e-01]
expert:[ 7.5083226e-05  5.4031610e-05 -2.1469678e-01 -2.2668213e-01]
expert:[ 5.6546181e-05  1.2934208e-05 -2.1468237e-01 -2.2662230e-01]
expert:[ 3.8474798e-05 -1.9147992e-05 -2.1466769e-01 -2.2656028e-01]
expert:[ 2.2102147e-05 -4.3660402e-05 -2.1465366e-01 -2.2650118e-01]
expert:[ 9.2796981e-06 -5.8025122e-05 -2.1464202e-01 -2.2645171e-01]
expert:[ 6.7427754e-07 -6.4849854e-05 -2.1463406e-01 -2.2641394e-01]
expert:[-4.6864152e-06 -6.6518784e-05 -2.1462883e-01 -2.2638775e-01]
expert:[-6.4745545e-06 -6.2867999e-05 -2.1462658e-01 -2.2637279e-01]
expert:[-5.8412552e-06 -5.5134296e-05 -2.1462642e-01 -2.2636731e-01]
expert:[-3.8780272e-06 -4.5761466e-05 -2.1462755e-01 -2.2636785e-01]
expert:[-1.0319054e-06 -3.5092235e-05 -2.1462899e-01 -2.2637220e-01]
expert:[ 1.5608966e-06 -2.4676323e-05 -2.1463071e-01 -2.2637831e-01]
expert:[ 3.3676624e-06 -1.5765429e-05 -2.1463141e-01 -2.2638357e-01]
expert:[ 4.6342611e-06 -7.5399876e-06 -2.1463196e-01 -2.2638817e-01]
expert:[ 5.2154064e-06 -2.8312206e-07 -2.1463175e-01 -2.2639161e-01]
expert:[ 4.8391521e-06  4.1276217e-06 -2.1463086e-01 -2.2639289e-01]
expert:[ 3.8817525e-06  7.8380108e-06 -2.1462972e-01 -2.2639352e-01]
expert:[ 2.5555491e-06  1.0937452e-05 -2.1462810e-01 -2.2639230e-01]
expert:[ 7.1898103e-07  1.1593103e-05 -2.1462615e-01 -2.2638947e-01]
expert:[-9.0897083e-07  1.0788441e-05 -2.1462469e-01 -2.2638713e-01]
expert:[-2.2873282e-06  1.0043383e-05 -2.1462348e-01 -2.2638464e-01]
expert:[-3.3527613e-06  8.8810921e-06 -2.1462244e-01 -2.2638294e-01]
expert:[-3.9711595e-06  7.8380108e-06 -2.1462189e-01 -2.2638234e-01]
expert:[-3.9488077e-06  6.5565109e-06 -2.1462224e-01 -2.2638300e-01]
expert:[-4.0270388e-06  4.2766333e-06 -2.1462247e-01 -2.2638357e-01]
expert:[-3.5874546e-06  3.0398369e-06 -2.1462305e-01 -2.2638486e-01]
expert:[-3.0510128e-06  1.6987324e-06 -2.1462379e-01 -2.2638641e-01]
expert:[-2.2388995e-06  5.2154064e-07 -2.1462461e-01 -2.2638857e-01]
expert:[-1.3820827e-06  4.1723251e-07 -2.1462570e-01 -2.2639097e-01]
expert:[-3.6507845e-07  4.7683716e-07 -2.1462680e-01 -2.2639385e-01]
expert:[ 4.8428774e-08 -4.1723251e-07 -2.1462739e-01 -2.2639510e-01]
expert:[ 8.9406967e-07 -4.6193600e-07 -2.1462810e-01 -2.2639696e-01]
expert:[ 1.0244548e-06 -5.9604645e-07 -2.1462832e-01 -2.2639765e-01]
expert:[ 1.2181699e-06 -5.6624413e-07 -2.1462843e-01 -2.2639821e-01]
expert:[ 1.2181699e-06 -5.6624413e-07 -2.1462843e-01 -2.2639821e-01]
expert:[ 1.0244548e-06 -5.9604645e-07 -2.1462832e-01 -2.2639765e-01]
expert:[ 1.2554228e-06  6.8545341e-07 -2.1462864e-01 -2.2639900e-01]
expert:[ 1.1138618e-06  8.0466270e-07 -2.1462832e-01 -2.2639838e-01]
expert:[ 6.5565109e-07  1.1622906e-06 -2.1462786e-01 -2.2639753e-01]
expert:[ 5.1036477e-07  1.0728836e-06 -2.1462752e-01 -2.2639680e-01]
expert:[ 6.7055225e-08  7.7486038e-07 -2.1462718e-01 -2.2639598e-01]
expert:[-1.8626451e-08  1.1771917e-06 -2.1462703e-01 -2.2639592e-01]
expert:[-4.7683716e-07  1.0132790e-06 -2.1462670e-01 -2.2639507e-01]
expert:[-5.1409006e-07  1.6093254e-06 -2.1462673e-01 -2.2639605e-01]
expert:[-7.0780516e-07  4.4703484e-07 -2.1462667e-01 -2.2639567e-01]
expert:[-6.5192580e-07  4.1723251e-07 -2.1462658e-01 -2.2639576e-01]
expert:[-7.4133277e-07  2.6822090e-07 -2.1462664e-01 -2.2639580e-01]
expert_success: 1.0
path_length: 150



-------------------------------- Iteration 0 -------------------------------- 
initial ob: [-0.03265039  0.51487777  0.2368754   0.          0.6         0.01492813
  0.1         0.8         0.02        0.1         0.8         0.02      ]
agent_success: 0

training time:  0.18988728523254395
evaluation time:  12.84958267211914
epoch time:  13.039499998092651


-------------------------------- Iteration 200 -------------------------------- 
initial ob: [-0.03265039  0.51487777  0.2368754   0.          0.6         0.01492813
  0.1         0.8         0.02        0.1         0.8         0.02      ]
agent_success: 0

training time:  0.0018122196197509766
evaluation time:  12.8355073928833
epoch time:  12.83734679222107


-------------------------------- Iteration 400 -------------------------------- 
initial ob: [-0.03265039  0.51487777  0.2368754   0.          0.6         0.01492813
  0.1         0.8         0.02        0.1         0.8         0.02      ]
agent_success: 0

training time:  0.0020666122436523438
evaluation time:  12.860907793045044
epoch time:  12.863006591796875


-------------------------------- Iteration 600 -------------------------------- 
initial ob: [-0.03265039  0.51487777  0.2368754   0.          0.6         0.01492813
  0.1         0.8         0.02        0.1         0.8         0.02      ]
agent_success: 0

training time:  0.0018575191497802734
evaluation time:  12.79175877571106
epoch time:  12.793643951416016


-------------------------------- Iteration 800 -------------------------------- 
initial ob: [-0.03265039  0.51487777  0.2368754   0.          0.6         0.01492813
  0.1         0.8         0.02        0.1         0.8         0.02      ]
agent_success: 0

training time:  0.0020754337310791016
evaluation time:  12.867119789123535
epoch time:  12.869234561920166


-------------------------------- Iteration 1000 -------------------------------- 
initial ob: [-0.03265039  0.51487777  0.2368754   0.          0.6         0.01492813
  0.1         0.8         0.02        0.1         0.8         0.02      ]
agent_success: 0

training time:  0.0018270015716552734
evaluation time:  12.883050441741943
epoch time:  12.884912967681885


-------------------------------- Iteration 1200 -------------------------------- 
initial ob: [-0.03265039  0.51487777  0.2368754   0.          0.6         0.01492813
  0.1         0.8         0.02        0.1         0.8         0.02      ]
agent_success: 0

training time:  0.001840353012084961
evaluation time:  12.804462194442749
epoch time:  12.806341648101807


-------------------------------- Iteration 1400 -------------------------------- 
initial ob: [-0.03265039  0.51487777  0.2368754   0.          0.6         0.01492813
  0.1         0.8         0.02        0.1         0.8         0.02      ]
agent_success: 0

training time:  0.0020284652709960938
evaluation time:  12.892891645431519
epoch time:  12.894944906234741


-------------------------------- Iteration 1600 -------------------------------- 
initial ob: [-0.03265039  0.51487777  0.2368754   0.          0.6         0.01492813
  0.1         0.8         0.02        0.1         0.8         0.02      ]
agent_success: 0

training time:  0.0021848678588867188
evaluation time:  12.8767409324646
epoch time:  12.878955125808716


-------------------------------- Iteration 1800 -------------------------------- 
initial ob: [-0.03265039  0.51487777  0.2368754   0.          0.6         0.01492813
  0.1         0.8         0.02        0.1         0.8         0.02      ]
agent_success: 0

training time:  0.0018353462219238281
evaluation time:  12.935524702072144
epoch time:  12.937379360198975


-------------------------------- Iteration 2000 -------------------------------- 
initial ob: [-0.03265039  0.51487777  0.2368754   0.          0.6         0.01492813
  0.1         0.8         0.02        0.1         0.8         0.02      ]
agent_success: 0

training time:  0.0022215843200683594
evaluation time:  12.96477222442627
epoch time:  12.967013835906982


-------------------------------- Iteration 2200 -------------------------------- 
initial ob: [-0.03265039  0.51487777  0.2368754   0.          0.6         0.01492813
  0.1         0.8         0.02        0.1         0.8         0.02      ]
agent_success: 0

training time:  0.002066373825073242
evaluation time:  12.933526992797852
epoch time:  12.935622930526733


-------------------------------- Iteration 2400 -------------------------------- 
initial ob: [-0.03265039  0.51487777  0.2368754   0.          0.6         0.01492813
  0.1         0.8         0.02        0.1         0.8         0.02      ]
agent_success: 0

training time:  0.0018873214721679688
evaluation time:  12.954522609710693
epoch time:  12.95646071434021


-------------------------------- Iteration 2600 -------------------------------- 
initial ob: [-0.03265039  0.51487777  0.2368754   0.          0.6         0.01492813
  0.1         0.8         0.02        0.1         0.8         0.02      ]
agent_success: 0

training time:  0.0018334388732910156
evaluation time:  13.005370855331421
epoch time:  13.007226943969727


-------------------------------- Iteration 2800 -------------------------------- 
initial ob: [-0.03265039  0.51487777  0.2368754   0.          0.6         0.01492813
  0.1         0.8         0.02        0.1         0.8         0.02      ]
agent_success: 0

training time:  0.0021719932556152344
evaluation time:  12.86430835723877
epoch time:  12.866618156433105


-------------------------------- Iteration 3000 -------------------------------- 
initial ob: [-0.03265039  0.51487777  0.2368754   0.          0.6         0.01492813
  0.1         0.8         0.02        0.1         0.8         0.02      ]
agent_success: 0

training time:  0.002070188522338867
evaluation time:  12.756429433822632
epoch time:  12.758517742156982


-------------------------------- Iteration 3200 -------------------------------- 
initial ob: [-0.03265039  0.51487777  0.2368754   0.          0.6         0.01492813
  0.1         0.8         0.02        0.1         0.8         0.02      ]
agent_success: 0

training time:  0.0020744800567626953
evaluation time:  12.937499284744263
epoch time:  12.939594507217407


-------------------------------- Iteration 3400 -------------------------------- 
initial ob: [-0.03265039  0.51487777  0.2368754   0.          0.6         0.01492813
  0.1         0.8         0.02        0.1         0.8         0.02      ]
agent_success: 0

training time:  0.001962423324584961
evaluation time:  12.842315196990967
epoch time:  12.844305992126465


-------------------------------- Iteration 3600 -------------------------------- 
initial ob: [-0.03265039  0.51487777  0.2368754   0.          0.6         0.01492813
  0.1         0.8         0.02        0.1         0.8         0.02      ]
agent_success: 1.0

training time:  0.002087116241455078
evaluation time:  12.945463180541992
epoch time:  12.947568655014038


-------------------------------- Iteration 3800 -------------------------------- 
initial ob: [-0.03265039  0.51487777  0.2368754   0.          0.6         0.01492813
  0.1         0.8         0.02        0.1         0.8         0.02      ]
agent_success: 0

training time:  0.0018041133880615234
evaluation time:  12.885974168777466
epoch time:  12.887894630432129


-------------------------------- Iteration 4000 -------------------------------- 
initial ob: [-0.03265039  0.51487777  0.2368754   0.          0.6         0.01492813
  0.1         0.8         0.02        0.1         0.8         0.02      ]
agent_success: 0

training time:  0.0020093917846679688
evaluation time:  12.938453435897827
epoch time:  12.940488576889038


-------------------------------- Iteration 4200 -------------------------------- 
initial ob: [-0.03265039  0.51487777  0.2368754   0.          0.6         0.01492813
  0.1         0.8         0.02        0.1         0.8         0.02      ]
agent_success: 1.0

training time:  0.002061605453491211
evaluation time:  12.877082824707031
epoch time:  12.879161357879639


-------------------------------- Iteration 4400 -------------------------------- 
initial ob: [-0.03265039  0.51487777  0.2368754   0.          0.6         0.01492813
  0.1         0.8         0.02        0.1         0.8         0.02      ]
agent_success: 0

training time:  0.001834869384765625
evaluation time:  12.942192792892456
epoch time:  12.94404911994934


-------------------------------- Iteration 4600 -------------------------------- 
initial ob: [-0.03265039  0.51487777  0.2368754   0.          0.6         0.01492813
  0.1         0.8         0.02        0.1         0.8         0.02      ]
agent_success: 1.0

training time:  0.0018448829650878906
evaluation time:  12.94076657295227
epoch time:  12.94264030456543


-------------------------------- Iteration 4800 -------------------------------- 
initial ob: [-0.03265039  0.51487777  0.2368754   0.          0.6         0.01492813
  0.1         0.8         0.02        0.1         0.8         0.02      ]
agent_success: 0

training time:  0.0018205642700195312
evaluation time:  12.967931032180786
epoch time:  12.969771385192871


-------------------------------- Iteration 5000 -------------------------------- 
initial ob: [-0.03265039  0.51487777  0.2368754   0.          0.6         0.01492813
  0.1         0.8         0.02        0.1         0.8         0.02      ]
agent_success: 1.0

training time:  0.001918792724609375
evaluation time:  12.829986572265625
epoch time:  12.831922769546509


-------------------------------- Iteration 5200 -------------------------------- 
initial ob: [-0.03265039  0.51487777  0.2368754   0.          0.6         0.01492813
  0.1         0.8         0.02        0.1         0.8         0.02      ]
agent_success: 1.0

training time:  0.0020716190338134766
evaluation time:  13.009286403656006
epoch time:  13.011402606964111


-------------------------------- Iteration 5400 -------------------------------- 
initial ob: [-0.03265039  0.51487777  0.2368754   0.          0.6         0.01492813
  0.1         0.8         0.02        0.1         0.8         0.02      ]
agent_success: 0

training time:  0.0021474361419677734
evaluation time:  13.094882488250732
epoch time:  13.097058534622192


-------------------------------- Iteration 5600 -------------------------------- 
initial ob: [-0.03265039  0.51487777  0.2368754   0.          0.6         0.01492813
  0.1         0.8         0.02        0.1         0.8         0.02      ]
agent_success: 1.0

training time:  0.001953125
evaluation time:  13.002509355545044
epoch time:  13.004478931427002


-------------------------------- Iteration 5800 -------------------------------- 
initial ob: [-0.03265039  0.51487777  0.2368754   0.          0.6         0.01492813
  0.1         0.8         0.02        0.1         0.8         0.02      ]
agent_success: 1.0

training time:  0.0022258758544921875
evaluation time:  12.871303796768188
epoch time:  12.873555660247803


-------------------------------- Iteration 6000 -------------------------------- 
initial ob: [-0.03265039  0.51487777  0.2368754   0.          0.6         0.01492813
  0.1         0.8         0.02        0.1         0.8         0.02      ]
agent_success: 1.0

training time:  0.00182342529296875
evaluation time:  12.93235969543457
epoch time:  12.934197425842285


-------------------------------- Iteration 6200 -------------------------------- 
initial ob: [-0.03265039  0.51487777  0.2368754   0.          0.6         0.01492813
  0.1         0.8         0.02        0.1         0.8         0.02      ]
agent_success: 1.0

training time:  0.002058267593383789
evaluation time:  12.933531284332275
epoch time:  12.935638904571533


-------------------------------- Iteration 6400 -------------------------------- 
initial ob: [-0.03265039  0.51487777  0.2368754   0.          0.6         0.01492813
  0.1         0.8         0.02        0.1         0.8         0.02      ]
agent_success: 0

training time:  0.001965761184692383
evaluation time:  12.883743286132812
epoch time:  12.88573956489563


-------------------------------- Iteration 6600 -------------------------------- 
initial ob: [-0.03265039  0.51487777  0.2368754   0.          0.6         0.01492813
  0.1         0.8         0.02        0.1         0.8         0.02      ]
agent_success: 1.0

training time:  0.0020766258239746094
evaluation time:  12.880512475967407
epoch time:  12.882605075836182


-------------------------------- Iteration 6800 -------------------------------- 
initial ob: [-0.03265039  0.51487777  0.2368754   0.          0.6         0.01492813
  0.1         0.8         0.02        0.1         0.8         0.02      ]
agent_success: 0

training time:  0.001981496810913086
evaluation time:  12.882965087890625
epoch time:  12.884966373443604


-------------------------------- Iteration 7000 -------------------------------- 
initial ob: [-0.03265039  0.51487777  0.2368754   0.          0.6         0.01492813
  0.1         0.8         0.02        0.1         0.8         0.02      ]
agent_success: 1.0

training time:  0.0018663406372070312
evaluation time:  14.424760818481445
epoch time:  14.426656723022461


-------------------------------- Iteration 7200 -------------------------------- 
initial ob: [-0.03265039  0.51487777  0.2368754   0.          0.6         0.01492813
  0.1         0.8         0.02        0.1         0.8         0.02      ]
agent_success: 1.0

training time:  0.0020749568939208984
evaluation time:  12.78071928024292
epoch time:  12.782809734344482


-------------------------------- Iteration 7400 -------------------------------- 
initial ob: [-0.03265039  0.51487777  0.2368754   0.          0.6         0.01492813
  0.1         0.8         0.02        0.1         0.8         0.02      ]
agent_success: 0

training time:  0.001953125
evaluation time:  12.820409059524536
epoch time:  12.822381973266602


-------------------------------- Iteration 7600 -------------------------------- 
initial ob: [-0.03265039  0.51487777  0.2368754   0.          0.6         0.01492813
  0.1         0.8         0.02        0.1         0.8         0.02      ]
agent_success: 0

training time:  0.0018444061279296875
evaluation time:  12.786574602127075
epoch time:  12.788447141647339


-------------------------------- Iteration 7800 -------------------------------- 
initial ob: [-0.03265039  0.51487777  0.2368754   0.          0.6         0.01492813
  0.1         0.8         0.02        0.1         0.8         0.02      ]
agent_success: 1.0

training time:  0.0018420219421386719
evaluation time:  12.778323411941528
epoch time:  12.780180931091309


-------------------------------- Iteration 8000 -------------------------------- 
initial ob: [-0.03265039  0.51487777  0.2368754   0.          0.6         0.01492813
  0.1         0.8         0.02        0.1         0.8         0.02      ]
agent_success: 0

training time:  0.0018491744995117188
evaluation time:  12.77037763595581
epoch time:  12.77224612236023


-------------------------------- Iteration 8200 -------------------------------- 
initial ob: [-0.03265039  0.51487777  0.2368754   0.          0.6         0.01492813
  0.1         0.8         0.02        0.1         0.8         0.02      ]
agent_success: 0

training time:  0.001844644546508789
evaluation time:  12.923203706741333
epoch time:  12.925174474716187


-------------------------------- Iteration 8400 -------------------------------- 
initial ob: [-0.03265039  0.51487777  0.2368754   0.          0.6         0.01492813
  0.1         0.8         0.02        0.1         0.8         0.02      ]
agent_success: 0

training time:  0.0018520355224609375
evaluation time:  12.83176851272583
epoch time:  12.833638668060303


-------------------------------- Iteration 8600 -------------------------------- 
initial ob: [-0.03265039  0.51487777  0.2368754   0.          0.6         0.01492813
  0.1         0.8         0.02        0.1         0.8         0.02      ]
agent_success: 1.0

training time:  0.0018787384033203125
evaluation time:  12.811067581176758
epoch time:  12.812962532043457


-------------------------------- Iteration 8800 -------------------------------- 
initial ob: [-0.03265039  0.51487777  0.2368754   0.          0.6         0.01492813
  0.1         0.8         0.02        0.1         0.8         0.02      ]
agent_success: 0

training time:  0.002140045166015625
evaluation time:  12.816357851028442
epoch time:  12.818540096282959


-------------------------------- Iteration 9000 -------------------------------- 
initial ob: [-0.03265039  0.51487777  0.2368754   0.          0.6         0.01492813
  0.1         0.8         0.02        0.1         0.8         0.02      ]
agent_success: 1.0

training time:  0.0018157958984375
evaluation time:  12.833362340927124
epoch time:  12.83519458770752


-------------------------------- Iteration 9200 -------------------------------- 
initial ob: [-0.03265039  0.51487777  0.2368754   0.          0.6         0.01492813
  0.1         0.8         0.02        0.1         0.8         0.02      ]
agent_success: 1.0

training time:  0.0018115043640136719
evaluation time:  12.71267819404602
epoch time:  12.714504718780518


-------------------------------- Iteration 9400 -------------------------------- 
initial ob: [-0.03265039  0.51487777  0.2368754   0.          0.6         0.01492813
  0.1         0.8         0.02        0.1         0.8         0.02      ]
agent_success: 1.0

training time:  0.0015909671783447266
evaluation time:  11.92791748046875
epoch time:  11.92953372001648


-------------------------------- Iteration 9600 -------------------------------- 
initial ob: [-0.03265039  0.51487777  0.2368754   0.          0.6         0.01492813
  0.1         0.8         0.02        0.1         0.8         0.02      ]
agent_success: 0

training time:  0.0020601749420166016
evaluation time:  11.557323694229126
epoch time:  11.55940055847168


-------------------------------- Iteration 9800 -------------------------------- 
initial ob: [-0.03265039  0.51487777  0.2368754   0.          0.6         0.01492813
  0.1         0.8         0.02        0.1         0.8         0.02      ]
agent_success: 0

training time:  0.0015554428100585938
evaluation time:  11.582608461380005
epoch time:  11.584183931350708


-------------------------------- Test Results -------------------------------- 
initial ob: [-0.03265039  0.51487777  0.2368754   0.          0.6         0.01492813
  0.1         0.8         0.02        0.1         0.8         0.02      ]
agent_success: 0

mean_success_rate:  0.0
Done
