/var/lib/slurm/slurmd/job3515605/slurm_script: line 9: batch_scripts/MT50_batch/seed.sh: No such file or directory
SLURM_JOBID=3515605
working directory=/viscam/u/jialugao/Imitation-SoftModule
########################
logging outputs to  /viscam/u/jialugao/Imitation-SoftModule/data/Base_bc_reach_window-open-v1_2640.000125-01-2022_23-01-56
########################
{'expert_policy_file': '../Multi-Task-RL/log/MT50_Single_Task/window-open-v1/Fixed/238/model/model_pf_best.pth', 'exp_name': 'bc_reach', 'do_dagger': False, 'ep_len': 200, 'gradient_steps': 1, 'n_iter': 10000, 'render_interval': 1, 'eval_interval': 200, 'batch_size': 64, 'eval_batch_size': 32, 'train_batch_size': 32, 'n_layers': 2, 'size': 400, 'learning_rate': 0.0001, 'video_log_freq': -1, 'scalar_log_freq': 1, 'no_gpu': False, 'which_gpu': 0, 'max_replay_buffer_size': 1000000, 'save_params': False, 'seed': 32, 'worker_nums': 1, 'eval_worker_nums': 1, 'config': 'config/BC.json', 'no_cuda': True, 'random_init': False, 'device': 'cpu', 'id': 'MT50_Single_Task', 'task_name': 'window-open-v1', 'task_env': 'MT50_task_env', 'cuda': False, 'log_dir': '/viscam/u/jialugao/Imitation-SoftModule/data/Base_bc_reach_window-open-v1_2640.000125-01-2022_23-01-56', 'agent_class': <class 'agents.bc_agent.MLPAgent'>, 'agent_params': {'n_layers': 2, 'size': 400, 'learning_rate': 0.0001, 'max_replay_buffer_size': 1000000, 'discrete': False, 'ac_dim': 4, 'ob_dim': 9}}
{'env_name': 'single_task', 'env': {'reward_scale': 1, 'obs_norm': False}, 'meta_env': {'obs_type': 'with_goal', 'random_init': False}, 'replay_buffer': {'size': 1000000.0}, 'net': {'hidden_shapes': [400, 400], 'append_hidden_shapes': [400], 'base_type': <class 'networks.base.MLPBase'>}, 'general_setting': {'discount': 0.99, 'pretrain_epochs': 20, 'num_epochs': 7500, 'epoch_frames': 200, 'max_episode_frames': 200, 'batch_size': 1280, 'min_pool': 10000, 'target_hard_update_period': 1000, 'use_soft_update': True, 'tau': 0.005, 'opt_times': 200, 'eval_episodes': 100, 'train_render': False, 'eval_render': False, 'env': <NormAct<RewardShift<SingleWrapperNone>>>, 'logger': <utils.logger.Logger object at 0x7f8819680ed0>, 'device': device(type='cpu')}, 'sac': {'plr': 0.0003, 'qlr': 0.0003, 'reparameterization': True, 'automatic_entropy_tuning': True, 'policy_std_reg_weight': 0, 'policy_mean_reg_weight': 0}}
Loading expert policy from... ../Multi-Task-RL/log/MT50_Single_Task/window-open-v1/Fixed/238/model/model_pf_best.pth
tensor([[-6.7466e-01,  1.0668e-01, -9.9232e-01,  ...,  1.0309e-03,
          5.4287e-02,  8.3271e-03],
        [ 9.5353e-04, -3.0587e-02, -3.6775e-02,  ..., -2.5607e-02,
         -3.4064e-03, -7.3042e-02],
        [ 1.8385e+00, -2.4245e-01, -5.1885e-01,  ...,  9.0146e-02,
          1.0326e-01,  8.1370e-02],
        ...,
        [ 1.6120e+00, -4.4520e-01, -2.0377e-01,  ...,  1.6563e-01,
          1.1658e-01,  1.2134e-01],
        [-2.9830e-02, -3.8638e-02, -4.6222e-02,  ..., -8.2696e-02,
          7.4370e-03, -1.8139e-02],
        [ 7.2323e-04, -2.0259e-02, -7.3416e-02,  ..., -7.1831e-02,
         -6.4658e-02, -3.2753e-02]])
Done restoring expert policy...
<NormAct<RewardShift<AugObs<SawyerWindowOpenEnv instance>>>>


-------------------------------- Iteration 0 -------------------------------- 
initial ob: [-0.03445341  0.50704491  0.23981405 -0.12        0.73000003  0.15000001
  0.08        0.785       0.15        0.08        0.785       0.15      ]
expert:[-0.9232436   0.8747683   0.6927389  -0.00477928]
expert:[-0.9422595   0.84018457  0.8583575   0.7197118 ]
expert:[-0.9538539   0.7487506   0.86369026  0.72929156]
expert:[-0.95189494  0.6475314   0.75649446  0.641068  ]
expert:[-0.93930626  0.65323794  0.4843772   0.5123064 ]
expert:[-0.93032724  0.6542413  -0.12063684  0.3433471 ]
expert:[-0.9478898   0.57135606 -0.38255185  0.15668863]
expert:[-0.9608756  0.422232  -0.4629152 -0.2057613]
expert:[-0.96654505  0.34440905 -0.6836744  -0.6355483 ]
expert:[-0.9683247  -0.00991907 -0.9237283  -0.6478142 ]
expert:[-0.96805817 -0.01494789 -0.9615212  -0.5570975 ]
expert:[-0.959539    0.29272702 -0.9631067  -0.6193759 ]
expert:[-0.9334802   0.77952087 -0.98126704 -0.84263456]
expert:[-0.81268024  0.92317665 -0.9846732  -0.76080996]
expert:[-0.33769757  0.92771035 -0.9783268   0.16327375]
expert:[ 0.9105433  0.7287377 -0.950252   0.7623053]
expert:[ 0.9715728   0.6643224  -0.94876283  0.760762  ]
expert:[ 0.975972    0.88001084 -0.7958461   0.65628177]
expert:[ 0.9671939   0.6466524  -0.42902634  0.90530235]
expert:[ 0.7969753   0.40488383 -0.58211064  0.8231436 ]
expert:[ 0.9048998   0.26111853 -0.45588353  0.7179227 ]
expert:[ 0.92673326  0.20500569 -0.32345706  0.70036423]
expert:[ 0.933272    0.19465145 -0.25403026  0.7031888 ]
expert:[ 0.93609846  0.19243604 -0.25029492  0.6960118 ]
expert:[ 0.9382883   0.18391149 -0.26972568  0.67448264]
expert:[ 0.940424    0.17472124 -0.3009633   0.6408625 ]
expert:[ 0.942439    0.17553174 -0.32861108  0.5879585 ]
expert:[ 0.9443495   0.16262542 -0.3651839   0.53624207]
expert:[ 0.94491065  0.1336509  -0.41242462  0.48567516]
expert:[ 0.95087403  0.101625   -0.46238303  0.41470852]
expert:[ 0.9540863   0.08176743 -0.49234718  0.35412923]
expert:[ 0.9560408   0.06647148 -0.51095396  0.2975009 ]
expert:[ 0.95855635  0.05003247 -0.52834404  0.23495549]
expert:[ 0.96282107  0.0368261  -0.5398272   0.18612763]
expert:[ 0.9676645   0.01985683 -0.5481956   0.13530028]
expert:[ 0.969974    0.00436008 -0.55701613  0.08135559]
expert:[ 0.97250116 -0.01231029 -0.5636302   0.02832836]
expert:[ 0.9757487  -0.02174163 -0.54841256  0.01081477]
expert:[ 0.9786907  -0.01676095 -0.53852063  0.01795158]
expert:[ 0.9789577  -0.00142422 -0.53089875  0.02041063]
expert:[ 0.9791603   0.01921338 -0.52332735  0.02612454]
expert:[ 0.9792917   0.04015023 -0.51343405  0.03195616]
expert:[ 0.97800004  0.06447171 -0.47508764  0.04822894]
expert:[ 0.97659945  0.09443868 -0.42364362  0.07805705]
expert:[ 0.9750034   0.11918416 -0.37401122  0.10214429]
expert:[ 0.9734274   0.12376375 -0.30053735  0.10406113]
expert:[ 0.9741596   0.1274535  -0.26940104  0.11781342]
expert:[ 0.97464466  0.13490802 -0.25004378  0.1229505 ]
expert:[ 0.9746162   0.14240512 -0.23432209  0.12616776]
expert:[ 0.97432476  0.14987211 -0.21617918  0.1305385 ]
expert:[ 0.97301304  0.15440476 -0.19005392  0.13177194]
expert:[ 0.97078365  0.15816309 -0.16033885  0.14016573]
expert:[ 0.96892023  0.16434778 -0.13539006  0.1585984 ]
expert:[ 0.9678977   0.16915959 -0.11277431  0.17616832]
expert:[ 0.9668904   0.1670436  -0.0919512   0.18182255]
expert:[ 0.96667343  0.14931275 -0.07403691  0.15697248]
expert:[ 0.96634585  0.12593743 -0.06851476  0.11449002]
expert:[ 0.9662169   0.10647744 -0.07013027  0.07546207]
expert:[ 0.9658992   0.09512003 -0.08217128  0.04918058]
expert:[ 0.9656133   0.08398995 -0.09310059  0.0259725 ]
expert:[ 0.96558356  0.06568351 -0.09424642  0.00861772]
expert:[ 0.9655921   0.0429401  -0.10737316 -0.01294675]
expert:[ 0.9645073   0.02706409 -0.12008619 -0.02602689]
expert:[ 0.9638203   0.01606802 -0.12889057 -0.02567407]
expert:[ 0.963471    0.00906418 -0.13364628 -0.0138623 ]
expert:[ 9.6249837e-01  2.7040923e-03 -1.4251071e-01  3.4692511e-04]
expert:[ 0.96129185 -0.00695294 -0.1503178   0.01083455]
expert:[ 0.95950603 -0.01985662 -0.15910795  0.00809768]
expert:[ 0.9596483  -0.03333205 -0.16736554  0.00856538]
expert:[ 0.9598805  -0.04789893 -0.17983317  0.00820293]
expert:[ 0.95977974 -0.06725305 -0.18865794  0.00737716]
expert:[ 0.958776   -0.10395719 -0.18062647  0.01234146]
expert:[ 9.5772856e-01 -1.5884477e-01 -5.6341285e-04  1.7401962e-01]
expert:[ 0.9651245  -0.03246452  0.9682016   0.92758304]
expert:[0.961836   0.04212312 0.9933541  0.9770318 ]
expert:[0.9540211  0.05261667 0.99404323 0.9796402 ]
expert:[0.9469052 0.0598148 0.9948727 0.9828248]
expert:[0.9423583  0.06292871 0.99553186 0.9857055 ]
expert:[0.9380399  0.05088374 0.99580395 0.98810786]
expert:[0.9180609  0.02347091 0.99560285 0.98880976]
expert:[ 0.8796018  -0.01428334  0.9946817   0.98836404]
expert:[ 0.81340474 -0.03764434  0.99363554  0.9878586 ]
expert:[ 0.70743626 -0.05287054  0.9930936   0.98757595]
expert:[ 0.56838155 -0.06811004  0.9927678   0.98701   ]
expert:[ 0.3872     -0.07726989  0.9925533   0.98633194]
expert:[ 0.26783717 -0.0855248   0.9922002   0.9857649 ]
expert:[ 0.17283653 -0.08873662  0.9920862   0.9863384 ]
expert:[ 0.16548873 -0.08659236  0.9918341   0.9865884 ]
expert:[ 0.1572062  -0.08512105  0.99153084  0.9866979 ]
expert:[ 0.14539897 -0.07873473  0.9909309   0.9864718 ]
expert:[ 0.15052396 -0.06076688  0.9902106   0.98624355]
expert:[ 0.17120518 -0.03414828  0.989576    0.9858291 ]
expert:[ 0.1944457  -0.00724195  0.98878187  0.9851941 ]
expert:[0.23015413 0.02689961 0.98837143 0.9848531 ]
expert:[0.27027646 0.06696452 0.9874213  0.98389006]
expert:[0.31204015 0.10462432 0.9870857  0.98384255]
expert:[0.35749203 0.1394597  0.98715234 0.9842369 ]
expert:[0.4035344  0.16823491 0.9873166  0.98475724]
expert:[0.43871137 0.18739854 0.9874823  0.9849073 ]
expert:[0.4719293  0.19747117 0.9880912  0.9857306 ]
expert:[0.5055813  0.20891447 0.988654   0.98655397]
expert:[0.5372226 0.220129  0.9891655 0.9873006]
expert:[0.5669357  0.23018591 0.9896     0.98799413]
expert:[0.6129323  0.232755   0.98970056 0.98839813]
expert:[0.66536695 0.2296157  0.9895018  0.98852116]
expert:[0.694943   0.22242627 0.98856115 0.9881052 ]
expert:[0.73219997 0.2175527  0.9881842  0.9881867 ]
expert:[0.77778834 0.21279335 0.988358   0.988762  ]
expert:[0.815502   0.20834765 0.988493   0.98925203]
expert:[0.84261334 0.20301025 0.98829234 0.9894613 ]
expert:[0.86576164 0.19796757 0.98814875 0.989684  ]
expert:[0.88778895 0.19260126 0.9881297  0.9899627 ]
expert:[0.90442055 0.18513274 0.9878126  0.99001443]
expert:[0.91937166 0.18094352 0.9875709  0.9901567 ]
expert:[0.93290955 0.17695951 0.98739195 0.9904126 ]
expert:[0.9459238  0.17315465 0.9872652  0.9905752 ]
expert:[0.9573762 0.1691089 0.9871499 0.9906425]
expert:[0.96636724 0.1665196  0.9868939  0.9906403 ]
expert:[0.9732718  0.1668376  0.98656476 0.9904933 ]
expert:[0.9784018  0.16751225 0.9861572  0.9903854 ]
expert:[0.9824314  0.17145063 0.98610437 0.9905224 ]
expert:[0.9853879  0.19629052 0.9861063  0.9906995 ]
expert:[0.9876566  0.21994612 0.98609996 0.9909299 ]
expert:[0.9894829  0.24288467 0.9860564  0.99114984]
expert:[0.9910135  0.26600823 0.9859808  0.99134237]
expert:[0.99234366 0.28960568 0.9860045  0.9915664 ]
expert:[0.99322134 0.3086665  0.9860064  0.9917173 ]
expert:[0.99348235 0.31767452 0.9858103  0.9916769 ]
expert:[0.99362516 0.32480088 0.9855505  0.99158853]
expert:[0.99374825 0.33072716 0.9853394  0.9915195 ]
expert:[0.9938368  0.33543596 0.98515356 0.99145585]
expert:[0.99390984 0.33984122 0.98497975 0.99139297]
expert:[0.99395955 0.3435629  0.9848133  0.9913288 ]
expert:[0.9940045  0.34713164 0.9846602  0.99126846]
expert:[0.99401957 0.34993145 0.98449    0.9911962 ]
expert:[0.9940402  0.35269788 0.9843417  0.99113387]
expert:[0.9940405  0.35511342 0.9841781  0.9910606 ]
expert:[0.99402946 0.35730729 0.98402536 0.9909834 ]
expert:[0.994014   0.35944298 0.98390603 0.9909102 ]
expert:[0.99399495 0.3613247  0.9837897  0.9908378 ]
expert:[0.99397373 0.36306033 0.983678   0.99076754]
expert:[0.9939621  0.36467147 0.9835824  0.99070996]
expert:[0.99393225 0.36620504 0.98347384 0.9906388 ]
expert:[0.993894   0.36775282 0.9833502  0.99055624]
expert:[0.9938575  0.3691953  0.9832484  0.99048316]
expert:[0.99381804 0.37084642 0.9832219  0.99042594]
expert:[0.9937818 0.372371  0.9831951 0.9903727]
expert:[0.99373245 0.37392414 0.98316807 0.99031   ]
expert:[0.9936909  0.37538463 0.9831419  0.99025345]
expert:[0.9936344  0.37684464 0.98311424 0.9901873 ]
expert_success: 1.0
path_length: 150
