/var/lib/slurm/slurmd/job3515618/slurm_script: line 9: batch_scripts/MT50_batch/seed.sh: No such file or directory
SLURM_JOBID=3515618
working directory=/viscam/u/jialugao/Imitation-SoftModule
########################
logging outputs to  /viscam/u/jialugao/Imitation-SoftModule/data/Base_bc_reach_stick-pull-v1_2640.000125-01-2022_23-01-58
########################
{'expert_policy_file': '../Multi-Task-RL/log/MT50_Single_Task/stick-pull-v1/Fixed/238/model/model_pf_best.pth', 'exp_name': 'bc_reach', 'do_dagger': False, 'ep_len': 200, 'gradient_steps': 1, 'n_iter': 10000, 'render_interval': 1, 'eval_interval': 200, 'batch_size': 64, 'eval_batch_size': 32, 'train_batch_size': 32, 'n_layers': 2, 'size': 400, 'learning_rate': 0.0001, 'video_log_freq': -1, 'scalar_log_freq': 1, 'no_gpu': False, 'which_gpu': 0, 'max_replay_buffer_size': 1000000, 'save_params': False, 'seed': 32, 'worker_nums': 1, 'eval_worker_nums': 1, 'config': 'config/BC.json', 'no_cuda': True, 'random_init': False, 'device': 'cpu', 'id': 'MT50_Single_Task', 'task_name': 'stick-pull-v1', 'task_env': 'MT50_task_env', 'cuda': False, 'log_dir': '/viscam/u/jialugao/Imitation-SoftModule/data/Base_bc_reach_stick-pull-v1_2640.000125-01-2022_23-01-58', 'agent_class': <class 'agents.bc_agent.MLPAgent'>, 'agent_params': {'n_layers': 2, 'size': 400, 'learning_rate': 0.0001, 'max_replay_buffer_size': 1000000, 'discrete': False, 'ac_dim': 4, 'ob_dim': 12}}
{'env_name': 'single_task', 'env': {'reward_scale': 1, 'obs_norm': False}, 'meta_env': {'obs_type': 'with_goal', 'random_init': False}, 'replay_buffer': {'size': 1000000.0}, 'net': {'hidden_shapes': [400, 400], 'append_hidden_shapes': [400], 'base_type': <class 'networks.base.MLPBase'>}, 'general_setting': {'discount': 0.99, 'pretrain_epochs': 20, 'num_epochs': 7500, 'epoch_frames': 200, 'max_episode_frames': 200, 'batch_size': 1280, 'min_pool': 10000, 'target_hard_update_period': 1000, 'use_soft_update': True, 'tau': 0.005, 'opt_times': 200, 'eval_episodes': 100, 'train_render': False, 'eval_render': False, 'env': <NormAct<RewardShift<SingleWrapperNone>>>, 'logger': <utils.logger.Logger object at 0x7f150d7bbc90>, 'device': device(type='cpu')}, 'sac': {'plr': 0.0003, 'qlr': 0.0003, 'reparameterization': True, 'automatic_entropy_tuning': True, 'policy_std_reg_weight': 0, 'policy_mean_reg_weight': 0}}
Loading expert policy from... ../Multi-Task-RL/log/MT50_Single_Task/stick-pull-v1/Fixed/238/model/model_pf_best.pth
tensor([[-1.5226, -0.1782, -0.5754,  ...,  0.1857,  0.1883,  0.1816],
        [-0.0288, -0.0146,  0.0042,  ..., -0.0488, -0.0543, -0.0077],
        [-0.0239, -0.0349, -0.0670,  ..., -0.0244, -0.0384, -0.0636],
        ...,
        [-0.0125, -0.0892,  0.0179,  ..., -0.0251, -0.0041, -0.0701],
        [ 0.2355,  0.0098, -0.1369,  ..., -0.0104,  0.0632,  0.0201],
        [ 0.6435,  0.3120, -0.0525,  ..., -0.2130, -0.2420, -0.2075]])
Done restoring expert policy...
<NormAct<RewardShift<AugObs<SawyerStickPullEnv instance>>>>


-------------------------------- Iteration 0 -------------------------------- 
initial ob: [-0.032652    0.51487875  0.23688607  0.          0.6         0.02
  0.2         0.6         0.08        0.3         0.4         0.02
  0.3         0.4         0.02      ]
expert:[ 0.5003432   0.6896489  -0.09357781  0.50070333]
expert:[0.5726964  0.8258636  0.71938616 0.7649184 ]
expert:[0.56385434 0.87588716 0.9357876  0.85873336]
expert:[0.65032756 0.8944448  0.96318567 0.90904856]
expert:[0.6906832  0.9067724  0.95794624 0.9017114 ]
expert:[0.75075305 0.90139204 0.941651   0.9007138 ]
expert:[0.79712117 0.89119995 0.92306066 0.90817326]
expert:[0.80979365 0.84471494 0.90103686 0.90155506]
expert:[0.8408773  0.78052723 0.87908906 0.90118706]
expert:[0.86495864 0.7024383  0.85588044 0.90306944]
expert:[0.8804088 0.570088  0.7952658 0.9016239]
expert:[0.89530367 0.32160887 0.6027277  0.89096457]
expert:[0.89661455 0.10655666 0.43072742 0.89015627]
expert:[ 0.88307565 -0.02990756  0.33618858  0.89619416]
expert:[ 0.85610545 -0.13874967  0.22662199  0.8998637 ]
expert:[ 0.81367666 -0.2174747   0.13575785  0.8978699 ]
expert:[ 0.76227707 -0.2586068   0.05681882  0.89455694]
expert:[ 0.75979567 -0.25268018  0.03623213  0.88946104]
expert:[ 0.74752027 -0.21766236  0.00429333  0.8815808 ]
expert:[ 0.718692   -0.15105565 -0.03270434  0.87096035]
expert:[ 0.7039435  -0.09897813 -0.05102467  0.8622432 ]
expert:[ 0.66878104 -0.05245499 -0.06673479  0.85560983]
expert:[ 0.63065404 -0.01415887 -0.08467171  0.84941363]
expert:[ 0.5846448   0.01797523 -0.12175521  0.84498376]
expert:[ 0.5220671   0.07027306 -0.15346111  0.83661824]
expert:[ 0.4439099   0.13002437 -0.18402249  0.8261279 ]
expert:[ 0.34958246  0.19493194 -0.20706637  0.81239873]
expert:[ 0.24465173  0.2552604  -0.21811749  0.7949442 ]
expert:[ 0.14568558  0.31840914 -0.22944832  0.77323514]
expert:[ 0.08565544  0.37394792 -0.24211273  0.7464608 ]
expert:[ 0.02507079  0.4222875  -0.25818744  0.72097176]
expert:[-0.03085285  0.46382183 -0.27886128  0.6984574 ]
expert:[-0.07005725  0.5074596  -0.2791442   0.6858492 ]
expert:[-0.09694516  0.5518457  -0.26267552  0.6823996 ]
expert:[-0.12124396  0.5898058  -0.24895088  0.6771831 ]
expert:[-0.14964484  0.62373847 -0.24042624  0.66732943]
expert:[-0.17371643  0.65204936 -0.23286477  0.66060215]
expert:[-0.19170374  0.6736075  -0.22533141  0.6568199 ]
expert:[-0.21482174  0.68892103 -0.2276228   0.652486  ]
expert:[-0.23911227  0.70072013 -0.23408875  0.6494955 ]
expert:[-0.2627727   0.7095833  -0.24385044  0.6484226 ]
expert:[-0.2891333   0.71757156 -0.25333044  0.64520556]
expert:[-0.31724498  0.7262898  -0.25777352  0.63959026]
expert:[-0.33791998  0.73469746 -0.25396463  0.64459723]
expert:[-0.357322    0.7368598  -0.26501048  0.6560894 ]
expert:[-0.37563115  0.7357491  -0.28396487  0.6681374 ]
expert:[-0.37593696  0.7327927  -0.302867    0.6786952 ]
expert:[-0.3760265   0.7293459  -0.32435504  0.68990964]
expert:[-0.3765751   0.72497255 -0.35108918  0.70203054]
expert:[-0.38062766  0.7210496  -0.37711325  0.71067166]
expert:[-0.392074    0.72157186 -0.4007172   0.7160374 ]
expert:[-0.41415977  0.7227816  -0.43279538  0.714329  ]
expert:[-0.45440924  0.72055876 -0.47995687  0.7075288 ]
expert:[-0.4985525  0.7221987 -0.535616   0.6934652]
expert:[-0.5424332   0.7336867  -0.63131636  0.6611908 ]
expert:[-0.5544777  0.7483162 -0.7008591  0.6204219]
expert:[-0.5687874   0.69507325 -0.7730706   0.5492507 ]
expert:[-0.59278804  0.6447895  -0.80589926  0.49416083]
expert:[-0.53187096  0.5535241  -0.85159034  0.40409765]
expert:[-0.35763684  0.44095257 -0.904109    0.24059142]
expert:[-0.20720801  0.3343619  -0.9299123   0.10698748]
expert:[-0.13030806  0.13440569 -0.9455323  -0.04923099]
expert:[ 0.00096162 -0.1061893  -0.9581498  -0.39262936]
expert:[ 0.21218324 -0.2500157  -0.96553934 -0.67464006]
expert:[ 0.42817134 -0.31687558 -0.9719425  -0.85943276]
expert:[ 0.7511126  -0.37203464 -0.98228425 -0.91998863]
expert:[ 0.84638023 -0.4438415  -0.98892844 -0.95302963]
expert:[ 0.85140556 -0.5797308  -0.99156654 -0.9739889 ]
expert:[ 0.88558644 -0.7302356  -0.9940033  -0.98930603]
expert:[ 0.9172274  -0.87542254 -0.9947702  -0.9926845 ]
expert:[ 0.94880575 -0.9480205  -0.9946543  -0.99309164]
expert:[ 0.9724351  -0.95809436 -0.99381983 -0.98913175]
expert:[ 0.9796126  -0.97256976 -0.99186707 -0.98318136]
expert:[ 0.9706893  -0.97624075 -0.9885556  -0.9788329 ]
expert:[ 0.96438676 -0.97858727 -0.98643863 -0.97128   ]
expert:[ 0.9590892  -0.9832744  -0.98250437 -0.9767739 ]
expert:[ 0.9396782  -0.98290426 -0.98258156 -0.9814581 ]
expert:[ 0.91772705 -0.9831496  -0.9838718  -0.9821234 ]
expert:[ 0.9237661  -0.98354506 -0.98701406 -0.98323846]
expert:[ 0.91471666 -0.98144186 -0.9881979  -0.9828291 ]
expert:[ 0.9020616  -0.9846527  -0.99317116 -0.9860903 ]
expert:[ 0.86975217 -0.9886293  -0.9952094  -0.9892391 ]
expert:[ 0.6464384  -0.9878132  -0.99627125 -0.99250597]
expert:[-0.13816461 -0.9669131  -0.9970499  -0.9920093 ]
expert:[-0.7252041 -0.8905634 -0.9969702 -0.9867756]
expert:[-0.8866078  -0.7521732  -0.99585116 -0.97470003]
expert:[-0.9090488  -0.60564095 -0.9947984  -0.95778537]
expert:[-0.88466287 -0.45606634 -0.99476576 -0.93540484]
expert:[-0.8155915 -0.4710314 -0.9949137 -0.8914596]
expert:[-0.6622703  -0.49354836 -0.99434465 -0.80524474]
expert:[-0.48928964 -0.50893027 -0.99375373 -0.7658483 ]
expert:[-0.2434818  -0.6656556  -0.99282116 -0.7069764 ]
expert:[ 0.00365585 -0.7799712  -0.9910167  -0.61413455]
expert:[ 0.08501109 -0.8752094  -0.9880888  -0.56376433]
expert:[ 0.04222791 -0.9239859  -0.98424304 -0.48052853]
expert:[-0.02967093 -0.9579057  -0.9798376  -0.37372002]
expert:[-0.08446474 -0.9733127  -0.9762637  -0.27342772]
expert:[-0.10310499 -0.98147607 -0.9706806  -0.1621812 ]
expert:[-0.14014275 -0.9838957  -0.96722394 -0.10313737]
expert:[-0.19838859 -0.98359144 -0.96573037 -0.1255419 ]
expert:[-0.43550137 -0.972129   -0.9643061  -0.23263294]
expert:[-0.65743905 -0.9351219  -0.96028155 -0.34558228]
expert:[-0.75816405 -0.87943035 -0.9545679  -0.42912605]
expert:[-0.8346555 -0.7666509 -0.9437989 -0.5414322]
expert:[-0.86427224 -0.5669182  -0.9288712  -0.6043512 ]
expert:[-0.84429044 -0.39463687 -0.9103838  -0.62247545]
expert:[-0.8311479  -0.32516024 -0.895393   -0.6608711 ]
expert:[-0.8243248  -0.31251174 -0.8801954  -0.6893605 ]
expert:[-0.8634996  -0.28966194 -0.8628415  -0.7394729 ]
expert:[-0.8898887  -0.32691824 -0.8450872  -0.7714565 ]
expert:[-0.89974135 -0.48578233 -0.82097524 -0.7818867 ]
expert:[-0.9042254  -0.6314079  -0.80278885 -0.7934477 ]
expert:[-0.9007542  -0.78532046 -0.7894374  -0.80849767]
expert:[-0.8856198  -0.88485503 -0.771619   -0.797826  ]
expert:[-0.8697464  -0.93811685 -0.7667312  -0.79258996]
expert:[-0.84665304 -0.95554066 -0.76633406 -0.7482877 ]
expert:[-0.82145125 -0.95976627 -0.76299024 -0.68323773]
expert:[-0.78129    -0.96661395 -0.77652735 -0.68428427]
expert:[-0.57914454 -0.9278819  -0.75822324 -0.54270864]
expert:[-0.5120203  -0.8981313  -0.7217352  -0.42536747]
expert:[-0.55206    -0.89641505 -0.72699785 -0.45471302]
expert:[-0.60884714 -0.9039831  -0.7351478  -0.5004231 ]
expert:[-0.6565721 -0.914903  -0.7307962 -0.5312775]
expert:[-0.6907293  -0.92150277 -0.72722864 -0.5544412 ]
expert:[-0.7147099 -0.9249909 -0.7242879 -0.5711821]
expert:[-0.7317837  -0.92642695 -0.721815   -0.5831989 ]
expert:[-0.74395365 -0.9263088  -0.71999097 -0.59153676]
expert:[-0.7507049  -0.92372215 -0.7204188  -0.59486806]
expert:[-0.755897  -0.9206756 -0.7204256 -0.5968393]
expert:[-0.7600829 -0.9173699 -0.7201539 -0.5979599]
expert:[-0.76347756 -0.91384786 -0.71965575 -0.5983362 ]
expert:[-0.76620317 -0.91013795 -0.7189613  -0.598015  ]
expert:[-0.765757  -0.9067759 -0.717338  -0.5933866]
expert:[-0.76428795 -0.9029214  -0.7153217  -0.5871495 ]
expert:[-0.76184    -0.89856887 -0.7129439  -0.57925814]
expert:[-0.75835085 -0.8936279  -0.71019495 -0.5696047 ]
expert:[-0.75436157 -0.8883579  -0.70741063 -0.5589064 ]
expert:[-0.7489797 -0.8822456 -0.7028191 -0.5457396]
expert:[-0.74177915 -0.8750896  -0.6934344  -0.5289608 ]
expert:[-0.73406476 -0.8674822  -0.68359154 -0.51117086]
expert:[-0.7255794  -0.85923135 -0.67304677 -0.49197257]
expert:[-0.716481   -0.8504087  -0.66195863 -0.47163004]
expert:[-0.7103614  -0.84343666 -0.65391016 -0.4570928 ]
expert:[-0.7052363  -0.83708274 -0.64693236 -0.4444956 ]
expert:[-0.6993699  -0.83017606 -0.63928556 -0.430402  ]
expert:[-0.69262284 -0.82258815 -0.6308292  -0.41463834]
expert:[-0.6851209 -0.8143749 -0.6216903 -0.3975234]
expert:[-0.6769937  -0.8056069  -0.61200273 -0.3793521 ]
expert:[-0.66870666 -0.79657114 -0.6025251  -0.3621739 ]
expert:[-0.660911   -0.7875278  -0.59408075 -0.3448717 ]
expert:[-0.6537528  -0.7781194  -0.5860751  -0.32626277]
expert:[-0.6411141  -0.76381755 -0.5726095  -0.2987773 ]
expert:[-0.6268881  -0.74766785 -0.5576561  -0.2685799 ]
expert:[0.6558397  0.62028927 0.32361764 0.72475594]
expert:[0.89451957 0.9029946  0.7172923  0.87766266]
expert:[0.90443534 0.9206241  0.7241816  0.89101833]
expert:[0.8829234  0.90940976 0.6541182  0.8827401 ]
expert:[0.8609267  0.9010118  0.58139527 0.8745471 ]
expert:[0.84295994 0.89447653 0.5240007  0.8682735 ]
expert:[0.8312481  0.88944227 0.49170637 0.86502284]
expert:[0.8237764 0.886001  0.4721622 0.8634683]
expert:[0.8181788  0.8836694  0.4560657  0.86282724]
expert:[0.8090368 0.8792174 0.4291814 0.8617023]
expert:[0.96002334 0.98408675 0.8205356  0.95580465]
expert:[0.9838504  0.9954384  0.90082467 0.9761995 ]
expert:[0.99927074 0.9998826  0.98860586 0.99634403]
expert:[0.9982778  0.9998238  0.9991318  0.99543893]
expert:[0.9995619 0.9996816 0.9994331 0.9972518]
expert:[0.99981153 0.99958235 0.99779487 0.9972089 ]
expert:[0.9994283 0.9997148 0.9798218 0.9953543]
expert:[0.99539185 0.9987207  0.7389412  0.9714    ]
expert:[ 0.93539107  0.9769664  -0.07923611  0.8266885 ]
expert:[ 0.57601136  0.84537673 -0.58531606  0.36045623]
expert:[ 0.34666005  0.7150834  -0.68430984  0.14088039]
expert:[ 0.21800555  0.54139143 -0.719725    0.0423761 ]
expert:[ 0.11462138  0.35084924 -0.7159227  -0.01096428]
expert:[ 0.07863755  0.2313696  -0.64034635 -0.00719539]
expert:[ 0.04673187  0.16381083 -0.5476556   0.0136132 ]
expert:[ 0.03170195  0.13590854 -0.46178675  0.04315427]
expert:[ 0.01897877  0.11579556 -0.38737231  0.08188247]
expert:[ 0.014666    0.10613454 -0.31862798  0.12718259]
expert:[ 0.03063365  0.10691929 -0.2609955   0.16328637]
expert:[ 0.04424151  0.11107484 -0.2179256   0.18876421]
expert:[ 0.05572651  0.11738907 -0.18536827  0.20741624]
expert:[ 0.06555603  0.1227845  -0.15687603  0.22356127]
expert:[ 0.07355318  0.12610106 -0.13072178  0.23829181]
expert:[ 0.07936969  0.12760068 -0.10601728  0.25169817]
expert:[ 0.08257505  0.12606739 -0.0827577   0.2629705 ]
expert:[ 0.08379228  0.1211744  -0.06019622  0.27325246]
expert:[ 0.0835202   0.11395197 -0.03786844  0.28334975]
expert:[ 0.0826265   0.10651182 -0.0211952   0.29435498]
expert:[ 0.08033553  0.09862745 -0.01491108  0.30445868]
expert:[ 0.07391444  0.09462954 -0.0115927   0.31172845]
expert:[ 0.06519933  0.0924921  -0.00810398  0.31881127]
expert:[0.06070414 0.08359616 0.00136042 0.32370606]
expert:[0.05490018 0.0699335  0.00985304 0.32612488]
expert:[0.04735729 0.05283475 0.01648259 0.3264477 ]
expert:[0.03881228 0.03468931 0.01931472 0.32629624]
expert:[0.02914314 0.01737341 0.0193003  0.32591113]
expert:[0.0194238  0.00171886 0.01778475 0.32541826]
expert_success: 1.0
path_length: 200
