/var/lib/slurm/slurmd/job3515763/slurm_script: line 9: batch_scripts/MT50_batch/seed.sh: No such file or directory
SLURM_JOBID=3515763
working directory=/viscam/u/jialugao/Imitation-SoftModule
########################
logging outputs to  /viscam/u/jialugao/Imitation-SoftModule/data/Base_bc_reach_assembly-v1_2640.000125-01-2022_23-53-55
########################
{'expert_policy_file': '../Multi-Task-RL/log/MT50_Single_Task/assembly-v1/Fixed/238/model/model_pf_best.pth', 'exp_name': 'bc_reach', 'do_dagger': False, 'ep_len': 200, 'gradient_steps': 1, 'n_iter': 100000, 'render_interval': 1, 'eval_interval': 200, 'batch_size': 64, 'eval_batch_size': 32, 'train_batch_size': 32, 'n_layers': 2, 'size': 400, 'learning_rate': 0.0001, 'video_log_freq': -1, 'scalar_log_freq': 1, 'no_gpu': False, 'which_gpu': 0, 'max_replay_buffer_size': 1000000, 'save_params': False, 'seed': 32, 'worker_nums': 1, 'eval_worker_nums': 1, 'config': 'config/BC.json', 'no_cuda': True, 'random_init': False, 'device': 'cpu', 'id': 'MT50_Single_Task', 'task_name': 'assembly-v1', 'task_env': 'MT50_task_env', 'cuda': False, 'log_dir': '/viscam/u/jialugao/Imitation-SoftModule/data/Base_bc_reach_assembly-v1_2640.000125-01-2022_23-53-55', 'agent_class': <class 'agents.bc_agent.MLPAgent'>, 'agent_params': {'n_layers': 2, 'size': 400, 'learning_rate': 0.0001, 'max_replay_buffer_size': 1000000, 'discrete': False, 'ac_dim': 4, 'ob_dim': 9}}
{'env_name': 'single_task', 'env': {'reward_scale': 1, 'obs_norm': False}, 'meta_env': {'obs_type': 'with_goal', 'random_init': False}, 'replay_buffer': {'size': 1000000.0}, 'net': {'hidden_shapes': [400, 400], 'append_hidden_shapes': [400], 'base_type': <class 'networks.base.MLPBase'>}, 'general_setting': {'discount': 0.99, 'pretrain_epochs': 20, 'num_epochs': 7500, 'epoch_frames': 200, 'max_episode_frames': 200, 'batch_size': 1280, 'min_pool': 10000, 'target_hard_update_period': 1000, 'use_soft_update': True, 'tau': 0.005, 'opt_times': 200, 'eval_episodes': 100, 'train_render': False, 'eval_render': False, 'env': <NormAct<RewardShift<SingleWrapperNone>>>, 'logger': <utils.logger.Logger object at 0x7f2b721d2d10>, 'device': device(type='cpu')}, 'sac': {'plr': 0.0003, 'qlr': 0.0003, 'reparameterization': True, 'automatic_entropy_tuning': True, 'policy_std_reg_weight': 0, 'policy_mean_reg_weight': 0}}
Loading expert policy from... ../Multi-Task-RL/log/MT50_Single_Task/assembly-v1/Fixed/238/model/model_pf_best.pth
tensor([[ 0.0681,  0.0866, -0.2936,  ..., -0.0720, -0.0188, -0.0647],
        [ 0.6724, -0.1268, -0.0903,  ..., -0.0180,  0.0042, -0.0654],
        [-0.8694, -0.0732, -0.2174,  ..., -0.0783, -0.0652, -0.0871],
        ...,
        [ 0.0328, -0.0706,  0.0045,  ...,  0.0067, -0.0425, -0.0376],
        [-0.5692,  0.0536, -0.3468,  ..., -0.0858,  0.0043, -0.0212],
        [-0.6253,  0.1232, -0.2408,  ..., -0.0594, -0.0522, -0.0203]])
Done restoring expert policy...
<NormAct<RewardShift<AugObs<SawyerNutAssemblyEnv instance>>>>


-------------------------------- Iteration 0 -------------------------------- 
initial ob: [-0.03265068  0.5148846   0.23688553  0.06        0.60000002  0.02
  0.1         0.80000001  0.1         0.1         0.80000001  0.1       ]
expert:[ 0.91593003  0.99654484  0.98109263 -0.9983669 ]
expert:[ 0.9466205   0.9934814   0.97996795 -0.9968277 ]
expert:[ 0.94893974  0.9837633   0.9762563  -0.9934478 ]
expert:[ 0.9073704   0.91675943  0.9565926  -0.9662453 ]
expert:[ 0.6850449  0.5756953  0.8626126 -0.6376644]
expert:[ 5.9715653e-04  3.0704367e-01  7.1840042e-01 -9.3174614e-03]
expert:[-0.66456854  0.10160677  0.32038578  0.47477615]
expert:[-0.75337774 -0.12707822 -0.8199603   0.7439686 ]
expert:[-0.77609116 -0.26936713 -0.9018838   0.80973756]
expert:[-0.65599734 -0.36686835 -0.9048021   0.7874125 ]
expert:[-0.2040812  -0.38894546 -0.86203414  0.6380338 ]
expert:[ 0.4538703  -0.35684386 -0.6968765   0.2921796 ]
expert:[ 0.6141942  -0.23830205  0.10408626  0.00155367]
expert:[ 0.52305657 -0.15808156  0.599881   -0.07134084]
expert:[ 0.23845257 -0.11679405  0.7474279   0.00376176]
expert:[-0.21600004 -0.09678983  0.82314765  0.14361344]
expert:[-0.50148815 -0.07432434  0.8141304   0.27344528]
expert:[-0.5179932  -0.0376674   0.6454873   0.34853077]
expert:[-0.27451935 -0.02517003  0.0309099   0.3595995 ]
expert:[ 0.18213274 -0.03507742 -0.6646288   0.30117524]
expert:[ 0.45955282 -0.03082686 -0.7840674   0.1998521 ]
expert:[ 0.53560483 -0.01791484 -0.78233576  0.1415654 ]
expert:[ 0.44162616  0.01226906 -0.7190471   0.17260449]
expert:[ 0.02885719  0.05443328 -0.32656717  0.27157867]
expert:[-0.4935697   0.08690846  0.36250564  0.37662256]
expert:[-0.71277624  0.0783151   0.71700734  0.4134709 ]
expert:[-0.70635927  0.06337834  0.7855075   0.38329923]
expert:[-0.41865304  0.06235179  0.6781795   0.26623145]
expert:[0.27238205 0.04687911 0.41093275 0.0386611 ]
expert:[ 0.7361066   0.0101598  -0.22025514 -0.1420536 ]
expert:[ 0.8315798  -0.04471147 -0.5896171  -0.19631706]
expert:[ 0.785374   -0.06225161 -0.7032855  -0.10427412]
expert:[ 0.52653307 -0.04164712 -0.7103628   0.13386986]
expert:[-0.2257792  -0.01156315 -0.5052281   0.4286388 ]
expert:[-0.73421395  0.01443821  0.05383867  0.57987905]
expert:[-0.87963426 -0.03113633  0.5741906   0.6053967 ]
expert:[-0.8844868  -0.04063994  0.75693727  0.55897045]
expert:[-0.74995214  0.0117598   0.7409517   0.44292322]
expert:[-0.0959758   0.03080695  0.49942493  0.18288472]
expert:[ 0.70312256  0.02326124 -0.06414068 -0.13432498]
expert:[ 0.87791944 -0.02698739 -0.49396715 -0.30282742]
expert:[ 0.88856524 -0.04425661 -0.62710536 -0.3084633 ]
expert:[ 0.83149034 -0.03879934 -0.66352004 -0.1888109 ]
expert:[ 0.5150785   0.00486593 -0.5744834   0.09805197]
expert:[-0.4346443   0.03882187 -0.11501114  0.4382517 ]
expert:[-0.8395665   0.02788948  0.4149197   0.5956917 ]
expert:[-0.91233313 -0.03943961  0.6918846   0.6154322 ]
expert:[-0.89744925 -0.02980326  0.73042095  0.58302456]
expert:[-0.72776246  0.03421835  0.5777628   0.47617093]
expert:[0.03228988 0.03236989 0.19714005 0.18994479]
expert:[ 0.76274866 -0.00164167 -0.44415483 -0.1370435 ]
expert:[ 0.88178736 -0.03705748 -0.6194664  -0.29589805]
expert:[ 0.8844329  -0.03972388 -0.6521789  -0.2985786 ]
expert:[ 0.81461143 -0.01869513 -0.61254704 -0.17707457]
expert:[ 0.39759454  0.0337113  -0.3153141   0.10836422]
expert:[-0.56059444  0.05959912  0.2524934   0.4360273 ]
expert:[-0.87027186  0.01812529  0.6273351   0.58078957]
expert:[-0.9121898  -0.03941895  0.73773754  0.60061574]
expert:[-0.8705983  -0.00687148  0.66187596  0.57319117]
expert:[-0.59294516  0.03402327  0.33797482  0.4449351 ]
expert:[ 0.32963723  0.01534231 -0.22522072  0.13332498]
expert:[ 0.80816585 -0.02874484 -0.6015553  -0.16484874]
expert:[ 0.8776902  -0.04329028 -0.65356475 -0.28042558]
expert:[ 0.86414    -0.03277448 -0.6289115  -0.25750178]
expert:[ 0.71751624  0.01151387 -0.4742396  -0.08714528]
expert:[-0.02302821  0.05115728  0.11532106  0.22238892]
expert:[-0.7357504   0.05727942  0.5288417   0.4894376 ]
expert:[-0.89115846 -0.01005268  0.71665853  0.5789923 ]
expert:[-0.89182216 -0.02448934  0.6976354   0.5863436 ]
expert:[-0.75999296  0.02646546  0.46091715  0.52687865]
expert:[-0.18063556  0.01481374 -0.02007702  0.3187501 ]
expert:[ 0.6593601  -0.01514819 -0.55707777 -0.00903708]
expert:[ 0.8515411  -0.04723045 -0.6605707  -0.22154091]
expert:[ 0.8705248  -0.0428344  -0.64665    -0.26471615]
expert:[ 0.80259174 -0.01283192 -0.54319537 -0.17095259]
expert:[ 0.3850157   0.04051468 -0.08974198  0.07679143]
expert:[-0.53852355  0.05946682  0.43638515  0.3912085 ]
expert:[-0.85664487  0.01722882  0.693338    0.5487495 ]
expert:[-0.89673644 -0.02828613  0.730566    0.5820238 ]
expert:[-0.83105934  0.00794234  0.57273966  0.559352  ]
expert:[-0.47742504  0.02080184  0.14890991  0.42043954]
expert:[ 0.4502194  -0.00474687 -0.45046708  0.11451277]
expert:[ 0.81330127 -0.04310472 -0.6549065  -0.15966552]
expert:[ 0.8670457  -0.04715664 -0.66147023 -0.2535161 ]
expert:[ 0.8350611  -0.02584582 -0.5923585  -0.20916201]
expert:[ 0.5931816   0.03064303 -0.28359443 -0.01129236]
expert:[-0.297451    0.0557532   0.33501375  0.2976482 ]
expert:[-0.8039763   0.03928752  0.64682806  0.51260304]
expert:[-0.8924869  -0.02026048  0.7392282   0.573536  ]
expert:[-0.86048484 -0.00560852  0.6420147   0.5689004 ]
expert:[-0.6195947   0.02604766  0.2818017   0.4725337 ]
expert:[ 0.19825836  0.0014145  -0.29315975  0.20906761]
expert:[ 0.76122576 -0.03672046 -0.63268614 -0.09476067]
expert:[ 0.8589896  -0.0492002  -0.6662781  -0.23488486]
expert:[ 0.849525   -0.03506465 -0.6207418  -0.22764494]
expert:[ 0.6930075   0.01367343 -0.4157199  -0.07209934]
expert:[-0.04689553  0.04877805  0.20435154  0.21725485]
expert:[-0.7300081   0.05163326  0.5829431   0.4727315 ]
expert:[-0.8819506  -0.00776297  0.7287345   0.56450677]
expert:[-0.8755989  -0.01484627  0.6821942   0.5728234 ]
expert:[-0.71097404  0.02830662  0.39522395  0.5075862 ]
expert:[-0.05891806  0.00898764 -0.11828318  0.2866728 ]
expert:[ 0.69049436 -0.02469566 -0.5912654  -0.02934523]
expert:[ 0.84991366 -0.05036203 -0.6673703  -0.21611778]
expert:[ 0.85980654 -0.04229083 -0.64250976 -0.24249248]
expert:[ 0.7633125  -0.0045683  -0.5108828  -0.12700139]
expert:[0.21986184 0.04319357 0.04108002 0.13310161]
expert:[-0.6254303   0.05614934  0.4963637   0.42586455]
expert:[-0.8674842   0.00604368  0.70922214  0.5551117 ]
expert:[-0.8886769 -0.0240142  0.7138725  0.5777419]
expert:[-0.7884966   0.01763514  0.5114661   0.53751427]
expert:[-0.3217745   0.01493588  0.05464305  0.36632097]
expert:[ 0.57500744 -0.01038767 -0.5252261   0.05317465]
expert:[ 0.83292097 -0.04788408 -0.6637842  -0.18747663]
expert:[ 0.8656196  -0.04620909 -0.65694606 -0.25129563]
expert:[ 0.81115407 -0.01903655 -0.5681354  -0.17751217]
expert:[ 0.462236    0.03546906 -0.16608605  0.04946117]
expert:[-0.46066162  0.05779124  0.395909    0.36117703]
expert:[-0.83907807  0.02553813  0.67935264  0.5355283 ]
expert:[-0.89447844 -0.02519187  0.73864895  0.5763583 ]
expert:[-0.8402013   0.00504298  0.6066451   0.55957687]
expert:[-0.5226535   0.02304467  0.21057492  0.4324271 ]
expert:[ 0.38363475 -0.00227753 -0.38975587  0.13877495]
expert:[ 0.8002126  -0.0413109  -0.6463743  -0.14220808]
expert:[ 0.8644837  -0.04879134 -0.6659566  -0.24668814]
expert:[ 0.8389132  -0.03029543 -0.6093905  -0.2117695 ]
expert:[ 0.6249118   0.02367824 -0.34912625 -0.02490278]
expert:[-0.23141126  0.05224952  0.28010494  0.28007615]
expert:[-0.78665656  0.0437262   0.6221993   0.5049615 ]
expert:[-0.8907279  -0.01756941  0.73797375  0.5717711 ]
expert:[-0.86694205 -0.00946478  0.66366166  0.569254  ]
expert:[-0.65286994  0.02787749  0.33786216  0.48191544]
expert:[ 0.1211823   0.00579608 -0.21926549  0.22920133]
expert:[ 0.74536854 -0.03231834 -0.6153891  -0.08030007]
expert:[ 0.8582439  -0.04946463 -0.6664187  -0.23322438]
expert:[ 0.85468435 -0.03816235 -0.632394   -0.23515375]
expert:[ 0.7223056   0.00612534 -0.46602547 -0.0913787 ]
expert:[0.04840237 0.046833   0.13747755 0.18974088]
expert:[-0.69833976  0.05376937  0.54401016  0.4601076 ]
expert:[-0.87871885 -0.00342682  0.72012997  0.5636705 ]
expert:[-0.8826973  -0.01939404  0.69684064  0.5761732 ]
expert:[-0.74639946  0.02643971  0.4517987   0.51985335]
expert:[-0.16814777  0.0119801  -0.03712949  0.31710538]
expert:[ 6.5221655e-01 -1.8120484e-02 -5.6610447e-01 -2.9498897e-04]
expert:[ 0.8455853  -0.04958165 -0.6661113  -0.20829967]
expert:[ 0.864086   -0.04422474 -0.6502658  -0.24964815]
expert:[ 0.7887683  -0.01229204 -0.5414015  -0.15221496]
expert:[ 0.3367595   0.03961078 -0.06500347  0.097105  ]
expert:[-0.56466204  0.05788108  0.4523027   0.4018633 ]
expert:[-0.8591154   0.01417163  0.7000211   0.5493737 ]
expert:[-0.8939209  -0.02665843  0.7305454   0.57853425]
expert:[-0.81811243  0.0112242   0.56493735  0.5495868 ]
expert:[-0.43077558  0.019359    0.13721983  0.40011084]
expert:[ 0.49940726 -0.00594901 -0.46793345  0.09028821]
expert:[ 0.8215174  -0.04494492 -0.65821815 -0.17113866]
expert:[ 0.86696696 -0.0474604  -0.66315717 -0.25304   ]
expert:[ 0.82818085 -0.02485894 -0.59279245 -0.19826132]
expert:[ 0.55709237  0.03095596 -0.26707125  0.01043113]
expert:[-0.35371286  0.05650022  0.34229997  0.32151717]
expert:[-0.81737655  0.03540575  0.6532595   0.5226432 ]
expert:[-0.8945656  -0.02259999  0.7412122   0.5754348 ]
expert:[-0.8572331  -0.00313832  0.6399001   0.56635463]
expert:[-0.5968591   0.02635322  0.27510262  0.4606498 ]
expert:[ 0.25410005  0.00179026 -0.3050943   0.18596514]
expert:[ 0.77532107 -0.03726311 -0.6335197  -0.11192705]
expert:[ 0.8617332  -0.04880871 -0.6659557  -0.24079324]
expert:[ 0.8479248  -0.03421467 -0.6208696  -0.22497371]
expert:[ 0.6795994   0.01541479 -0.41197553 -0.06058279]
expert:[-0.09278682  0.04923097  0.20868821  0.23552437]
expert:[-0.74516636  0.05109451  0.5862649   0.48295248]
expert:[-0.88509995 -0.01038783  0.7306335   0.5674897 ]
expert:[-0.875295   -0.01446486  0.68204224  0.5725362 ]
expert:[-0.70288163  0.02882735  0.39284396  0.5026959 ]
expert:[-0.02525736  0.00924546 -0.12538597  0.2740845 ]
expert:[ 0.70409924 -0.02559475 -0.5921855  -0.04227114]
expert:[ 0.8528888  -0.05002113 -0.66642904 -0.22222014]
expert:[ 0.8603191  -0.04181213 -0.6423113  -0.2438048 ]
expert:[ 0.7595832  -0.0035276  -0.5102849  -0.12300358]
expert:[0.19710518 0.04390514 0.04752025 0.14192   ]
expert:[-0.63816684  0.05599746  0.49720767  0.43294388]
expert:[-0.8701626   0.00434631  0.7095771   0.5577874 ]
expert:[-0.8890973  -0.0242236   0.7130948   0.57847536]
expert:[-0.7859925   0.01847654  0.50867647  0.53614706]
expert:[-0.3079219   0.01504981  0.05098558  0.3609287 ]
expert:[ 0.58494943 -0.01064062 -0.5276626   0.0461956 ]
expert:[ 0.83518803 -0.04781111 -0.6632229  -0.19138522]
expert:[ 0.8662331  -0.04591632 -0.65624064 -0.25283816]
expert:[ 0.81043285 -0.01855346 -0.5669411  -0.17680475]
expert:[ 0.4552973   0.03589206 -0.16186227  0.05249979]
expert:[-0.46914873  0.05798065  0.3976453   0.36492875]
expert:[-0.8410715   0.02481827  0.6800724   0.5372087 ]
expert:[-0.8948916  -0.02552855  0.73813003  0.5770542 ]
expert:[-0.8397522   0.00537847  0.60472375  0.5596561 ]
expert:[-0.51943004  0.02304167  0.20760508  0.43125728]
expert:[ 0.3896386  -0.00222706 -0.39291754  0.13620086]
expert:[ 0.8016429  -0.04132191 -0.6465804  -0.14423819]
expert:[ 0.8649174  -0.04864909 -0.6655709  -0.24773292]
expert:[ 0.8389351  -0.03003492 -0.6084961  -0.2120212 ]
expert:[ 0.62344927  0.02407015 -0.3461511  -0.0242565 ]
expert:[-0.23551887  0.05246637  0.28268993  0.28130144]
expert_success: 0
path_length: 200



-------------------------------- Iteration 0 -------------------------------- 
initial ob: [-0.03265068  0.5148846   0.23688553  0.06        0.60000002  0.02
  0.1         0.80000001  0.1         0.1         0.80000001  0.1       ]
agent_success: 0

training time:  0.190077543258667
evaluation time:  12.951385974884033
epoch time:  13.141493320465088


-------------------------------- Iteration 200 -------------------------------- 
initial ob: [-0.03265068  0.5148846   0.23688553  0.06        0.60000002  0.02
  0.1         0.80000001  0.1         0.1         0.80000001  0.1       ]
agent_success: 0

training time:  0.002295970916748047
evaluation time:  12.93003797531128
epoch time:  12.93236756324768


-------------------------------- Iteration 400 -------------------------------- 
initial ob: [-0.03265068  0.5148846   0.23688553  0.06        0.60000002  0.02
  0.1         0.80000001  0.1         0.1         0.80000001  0.1       ]
agent_success: 0

training time:  0.002326488494873047
evaluation time:  12.882192611694336
epoch time:  12.884551286697388


-------------------------------- Iteration 600 -------------------------------- 
initial ob: [-0.03265068  0.5148846   0.23688553  0.06        0.60000002  0.02
  0.1         0.80000001  0.1         0.1         0.80000001  0.1       ]
agent_success: 0

training time:  0.0022835731506347656
evaluation time:  12.928324460983276
epoch time:  12.93063473701477


-------------------------------- Iteration 800 -------------------------------- 
initial ob: [-0.03265068  0.5148846   0.23688553  0.06        0.60000002  0.02
  0.1         0.80000001  0.1         0.1         0.80000001  0.1       ]
agent_success: 0

training time:  0.0022788047790527344
evaluation time:  12.892220973968506
epoch time:  12.89452576637268


-------------------------------- Iteration 1000 -------------------------------- 
initial ob: [-0.03265068  0.5148846   0.23688553  0.06        0.60000002  0.02
  0.1         0.80000001  0.1         0.1         0.80000001  0.1       ]
agent_success: 0

training time:  0.0022962093353271484
evaluation time:  12.81752610206604
epoch time:  12.819846391677856


-------------------------------- Iteration 1200 -------------------------------- 
initial ob: [-0.03265068  0.5148846   0.23688553  0.06        0.60000002  0.02
  0.1         0.80000001  0.1         0.1         0.80000001  0.1       ]
agent_success: 0

training time:  0.00228118896484375
evaluation time:  12.82032823562622
epoch time:  12.822628736495972


-------------------------------- Iteration 1400 -------------------------------- 
initial ob: [-0.03265068  0.5148846   0.23688553  0.06        0.60000002  0.02
  0.1         0.80000001  0.1         0.1         0.80000001  0.1       ]
agent_success: 0

training time:  0.0022802352905273438
evaluation time:  12.820615530014038
epoch time:  12.82291841506958


-------------------------------- Iteration 1600 -------------------------------- 
initial ob: [-0.03265068  0.5148846   0.23688553  0.06        0.60000002  0.02
  0.1         0.80000001  0.1         0.1         0.80000001  0.1       ]
agent_success: 0

training time:  0.0022687911987304688
evaluation time:  12.834104776382446
epoch time:  12.836392641067505


-------------------------------- Iteration 1800 -------------------------------- 
initial ob: [-0.03265068  0.5148846   0.23688553  0.06        0.60000002  0.02
  0.1         0.80000001  0.1         0.1         0.80000001  0.1       ]
agent_success: 0

training time:  0.002253293991088867
evaluation time:  12.816065311431885
epoch time:  12.818341255187988


-------------------------------- Iteration 2000 -------------------------------- 
initial ob: [-0.03265068  0.5148846   0.23688553  0.06        0.60000002  0.02
  0.1         0.80000001  0.1         0.1         0.80000001  0.1       ]
agent_success: 0

training time:  0.0022590160369873047
evaluation time:  12.840835094451904
epoch time:  12.843114852905273


-------------------------------- Iteration 2200 -------------------------------- 
initial ob: [-0.03265068  0.5148846   0.23688553  0.06        0.60000002  0.02
  0.1         0.80000001  0.1         0.1         0.80000001  0.1       ]
agent_success: 0

training time:  0.002276182174682617
evaluation time:  12.814990520477295
epoch time:  12.817289590835571


-------------------------------- Iteration 2400 -------------------------------- 
initial ob: [-0.03265068  0.5148846   0.23688553  0.06        0.60000002  0.02
  0.1         0.80000001  0.1         0.1         0.80000001  0.1       ]
agent_success: 0

training time:  0.0022935867309570312
evaluation time:  12.829304695129395
epoch time:  12.831617832183838


-------------------------------- Iteration 2600 -------------------------------- 
initial ob: [-0.03265068  0.5148846   0.23688553  0.06        0.60000002  0.02
  0.1         0.80000001  0.1         0.1         0.80000001  0.1       ]
agent_success: 0

training time:  0.0022857189178466797
evaluation time:  12.822119235992432
epoch time:  12.824418306350708


-------------------------------- Iteration 2800 -------------------------------- 
initial ob: [-0.03265068  0.5148846   0.23688553  0.06        0.60000002  0.02
  0.1         0.80000001  0.1         0.1         0.80000001  0.1       ]
agent_success: 0

training time:  0.002276897430419922
evaluation time:  12.82922911643982
epoch time:  12.831523656845093


-------------------------------- Iteration 3000 -------------------------------- 
initial ob: [-0.03265068  0.5148846   0.23688553  0.06        0.60000002  0.02
  0.1         0.80000001  0.1         0.1         0.80000001  0.1       ]
agent_success: 0

training time:  0.002293825149536133
evaluation time:  12.851266145706177
epoch time:  12.8535795211792


-------------------------------- Iteration 3200 -------------------------------- 
initial ob: [-0.03265068  0.5148846   0.23688553  0.06        0.60000002  0.02
  0.1         0.80000001  0.1         0.1         0.80000001  0.1       ]
agent_success: 0

training time:  0.0022916793823242188
evaluation time:  12.835815191268921
epoch time:  12.838120460510254


-------------------------------- Iteration 3400 -------------------------------- 
initial ob: [-0.03265068  0.5148846   0.23688553  0.06        0.60000002  0.02
  0.1         0.80000001  0.1         0.1         0.80000001  0.1       ]
agent_success: 0

training time:  0.002300739288330078
evaluation time:  12.828829765319824
epoch time:  12.831151485443115


-------------------------------- Iteration 3600 -------------------------------- 
initial ob: [-0.03265068  0.5148846   0.23688553  0.06        0.60000002  0.02
  0.1         0.80000001  0.1         0.1         0.80000001  0.1       ]
agent_success: 0

training time:  0.002307415008544922
evaluation time:  12.822036027908325
epoch time:  12.824365615844727


-------------------------------- Iteration 3800 -------------------------------- 
initial ob: [-0.03265068  0.5148846   0.23688553  0.06        0.60000002  0.02
  0.1         0.80000001  0.1         0.1         0.80000001  0.1       ]
agent_success: 0

training time:  0.0022783279418945312
evaluation time:  12.842158794403076
epoch time:  12.844452619552612


-------------------------------- Iteration 4000 -------------------------------- 
initial ob: [-0.03265068  0.5148846   0.23688553  0.06        0.60000002  0.02
  0.1         0.80000001  0.1         0.1         0.80000001  0.1       ]
agent_success: 0

training time:  0.002288818359375
evaluation time:  12.831209897994995
epoch time:  12.833516836166382


-------------------------------- Iteration 4200 -------------------------------- 
initial ob: [-0.03265068  0.5148846   0.23688553  0.06        0.60000002  0.02
  0.1         0.80000001  0.1         0.1         0.80000001  0.1       ]
agent_success: 0

training time:  0.0022923946380615234
evaluation time:  12.808984994888306
epoch time:  12.81129765510559


-------------------------------- Iteration 4400 -------------------------------- 
initial ob: [-0.03265068  0.5148846   0.23688553  0.06        0.60000002  0.02
  0.1         0.80000001  0.1         0.1         0.80000001  0.1       ]
agent_success: 0

training time:  0.0022928714752197266
evaluation time:  12.831028699874878
epoch time:  12.833409786224365


-------------------------------- Iteration 4600 -------------------------------- 
initial ob: [-0.03265068  0.5148846   0.23688553  0.06        0.60000002  0.02
  0.1         0.80000001  0.1         0.1         0.80000001  0.1       ]
agent_success: 0

training time:  0.002256631851196289
evaluation time:  12.80614185333252
epoch time:  12.808417797088623


-------------------------------- Iteration 4800 -------------------------------- 
initial ob: [-0.03265068  0.5148846   0.23688553  0.06        0.60000002  0.02
  0.1         0.80000001  0.1         0.1         0.80000001  0.1       ]
agent_success: 0

training time:  0.002271413803100586
evaluation time:  12.82261347770691
epoch time:  12.824904441833496


-------------------------------- Iteration 5000 -------------------------------- 
initial ob: [-0.03265068  0.5148846   0.23688553  0.06        0.60000002  0.02
  0.1         0.80000001  0.1         0.1         0.80000001  0.1       ]
agent_success: 0

training time:  0.0022897720336914062
evaluation time:  12.801298379898071
epoch time:  12.80360221862793


-------------------------------- Iteration 5200 -------------------------------- 
initial ob: [-0.03265068  0.5148846   0.23688553  0.06        0.60000002  0.02
  0.1         0.80000001  0.1         0.1         0.80000001  0.1       ]
agent_success: 0

training time:  0.0022695064544677734
evaluation time:  12.81611943244934
epoch time:  12.818408727645874


-------------------------------- Iteration 5400 -------------------------------- 
initial ob: [-0.03265068  0.5148846   0.23688553  0.06        0.60000002  0.02
  0.1         0.80000001  0.1         0.1         0.80000001  0.1       ]
agent_success: 0

training time:  0.002270936965942383
evaluation time:  12.810522317886353
epoch time:  12.812814474105835


-------------------------------- Iteration 5600 -------------------------------- 
initial ob: [-0.03265068  0.5148846   0.23688553  0.06        0.60000002  0.02
  0.1         0.80000001  0.1         0.1         0.80000001  0.1       ]
agent_success: 0

training time:  0.002268075942993164
evaluation time:  12.820220232009888
epoch time:  12.822504997253418


-------------------------------- Iteration 5800 -------------------------------- 
initial ob: [-0.03265068  0.5148846   0.23688553  0.06        0.60000002  0.02
  0.1         0.80000001  0.1         0.1         0.80000001  0.1       ]
agent_success: 0

training time:  0.002313375473022461
evaluation time:  12.795041561126709
epoch time:  12.79737401008606


-------------------------------- Iteration 6000 -------------------------------- 
initial ob: [-0.03265068  0.5148846   0.23688553  0.06        0.60000002  0.02
  0.1         0.80000001  0.1         0.1         0.80000001  0.1       ]
agent_success: 0

training time:  0.0022640228271484375
evaluation time:  12.825816631317139
epoch time:  12.828104257583618


-------------------------------- Iteration 6200 -------------------------------- 
initial ob: [-0.03265068  0.5148846   0.23688553  0.06        0.60000002  0.02
  0.1         0.80000001  0.1         0.1         0.80000001  0.1       ]
agent_success: 0

training time:  0.0022859573364257812
evaluation time:  12.834138870239258
epoch time:  12.836470365524292


-------------------------------- Iteration 6400 -------------------------------- 
initial ob: [-0.03265068  0.5148846   0.23688553  0.06        0.60000002  0.02
  0.1         0.80000001  0.1         0.1         0.80000001  0.1       ]
agent_success: 0

training time:  0.002310514450073242
evaluation time:  12.803917169570923
epoch time:  12.806246280670166


-------------------------------- Iteration 6600 -------------------------------- 
initial ob: [-0.03265068  0.5148846   0.23688553  0.06        0.60000002  0.02
  0.1         0.80000001  0.1         0.1         0.80000001  0.1       ]
agent_success: 0

training time:  0.002303600311279297
evaluation time:  12.838505268096924
epoch time:  12.840827941894531


-------------------------------- Iteration 6800 -------------------------------- 
initial ob: [-0.03265068  0.5148846   0.23688553  0.06        0.60000002  0.02
  0.1         0.80000001  0.1         0.1         0.80000001  0.1       ]
agent_success: 0

training time:  0.0022919178009033203
evaluation time:  12.817836999893188
epoch time:  12.82014513015747


-------------------------------- Iteration 7000 -------------------------------- 
initial ob: [-0.03265068  0.5148846   0.23688553  0.06        0.60000002  0.02
  0.1         0.80000001  0.1         0.1         0.80000001  0.1       ]
agent_success: 0

training time:  0.002271890640258789
evaluation time:  12.834417343139648
epoch time:  12.836709022521973


-------------------------------- Iteration 7200 -------------------------------- 
initial ob: [-0.03265068  0.5148846   0.23688553  0.06        0.60000002  0.02
  0.1         0.80000001  0.1         0.1         0.80000001  0.1       ]
agent_success: 0

training time:  0.002270221710205078
evaluation time:  12.838350534439087
epoch time:  12.840640783309937


-------------------------------- Iteration 7400 -------------------------------- 
initial ob: [-0.03265068  0.5148846   0.23688553  0.06        0.60000002  0.02
  0.1         0.80000001  0.1         0.1         0.80000001  0.1       ]
agent_success: 0

training time:  0.002293825149536133
evaluation time:  12.84435486793518
epoch time:  12.846664667129517


-------------------------------- Iteration 7600 -------------------------------- 
initial ob: [-0.03265068  0.5148846   0.23688553  0.06        0.60000002  0.02
  0.1         0.80000001  0.1         0.1         0.80000001  0.1       ]
agent_success: 0

training time:  0.002300739288330078
evaluation time:  12.851201057434082
epoch time:  12.853517055511475


-------------------------------- Iteration 7800 -------------------------------- 
initial ob: [-0.03265068  0.5148846   0.23688553  0.06        0.60000002  0.02
  0.1         0.80000001  0.1         0.1         0.80000001  0.1       ]
agent_success: 0

training time:  0.0024907588958740234
evaluation time:  12.850646018981934
epoch time:  12.853159666061401


-------------------------------- Iteration 8000 -------------------------------- 
initial ob: [-0.03265068  0.5148846   0.23688553  0.06        0.60000002  0.02
  0.1         0.80000001  0.1         0.1         0.80000001  0.1       ]
agent_success: 0

training time:  0.002285480499267578
evaluation time:  12.846800565719604
epoch time:  12.849101543426514


-------------------------------- Iteration 8200 -------------------------------- 
initial ob: [-0.03265068  0.5148846   0.23688553  0.06        0.60000002  0.02
  0.1         0.80000001  0.1         0.1         0.80000001  0.1       ]
agent_success: 0

training time:  0.002281665802001953
evaluation time:  12.832470417022705
epoch time:  12.834769487380981


-------------------------------- Iteration 8400 -------------------------------- 
initial ob: [-0.03265068  0.5148846   0.23688553  0.06        0.60000002  0.02
  0.1         0.80000001  0.1         0.1         0.80000001  0.1       ]
agent_success: 0

training time:  0.0022792816162109375
evaluation time:  12.822043657302856
epoch time:  12.82434368133545


-------------------------------- Iteration 8600 -------------------------------- 
initial ob: [-0.03265068  0.5148846   0.23688553  0.06        0.60000002  0.02
  0.1         0.80000001  0.1         0.1         0.80000001  0.1       ]
agent_success: 0

training time:  0.0022897720336914062
evaluation time:  12.823240280151367
epoch time:  12.825545072555542


-------------------------------- Iteration 8800 -------------------------------- 
initial ob: [-0.03265068  0.5148846   0.23688553  0.06        0.60000002  0.02
  0.1         0.80000001  0.1         0.1         0.80000001  0.1       ]
agent_success: 0

training time:  0.0022819042205810547
evaluation time:  12.839200496673584
epoch time:  12.841503381729126


-------------------------------- Iteration 9000 -------------------------------- 
initial ob: [-0.03265068  0.5148846   0.23688553  0.06        0.60000002  0.02
  0.1         0.80000001  0.1         0.1         0.80000001  0.1       ]
agent_success: 0

training time:  0.0022957324981689453
evaluation time:  12.845063924789429
epoch time:  12.847379922866821


-------------------------------- Iteration 9200 -------------------------------- 
initial ob: [-0.03265068  0.5148846   0.23688553  0.06        0.60000002  0.02
  0.1         0.80000001  0.1         0.1         0.80000001  0.1       ]
agent_success: 0

training time:  0.0022895336151123047
evaluation time:  12.843265295028687
epoch time:  12.845571517944336


-------------------------------- Iteration 9400 -------------------------------- 
initial ob: [-0.03265068  0.5148846   0.23688553  0.06        0.60000002  0.02
  0.1         0.80000001  0.1         0.1         0.80000001  0.1       ]
agent_success: 0

training time:  0.002292633056640625
evaluation time:  12.826701641082764
epoch time:  12.829012870788574


-------------------------------- Iteration 9600 -------------------------------- 
initial ob: [-0.03265068  0.5148846   0.23688553  0.06        0.60000002  0.02
  0.1         0.80000001  0.1         0.1         0.80000001  0.1       ]
agent_success: 0

training time:  0.002287149429321289
evaluation time:  12.823551893234253
epoch time:  12.825857639312744


-------------------------------- Iteration 9800 -------------------------------- 
initial ob: [-0.03265068  0.5148846   0.23688553  0.06        0.60000002  0.02
  0.1         0.80000001  0.1         0.1         0.80000001  0.1       ]
agent_success: 0

training time:  0.0022802352905273438
evaluation time:  12.83604907989502
epoch time:  12.83836555480957


-------------------------------- Iteration 10000 -------------------------------- 
initial ob: [-0.03265068  0.5148846   0.23688553  0.06        0.60000002  0.02
  0.1         0.80000001  0.1         0.1         0.80000001  0.1       ]
agent_success: 0

training time:  0.0022623538970947266
evaluation time:  12.839223623275757
epoch time:  12.841526746749878


-------------------------------- Iteration 10200 -------------------------------- 
initial ob: [-0.03265068  0.5148846   0.23688553  0.06        0.60000002  0.02
  0.1         0.80000001  0.1         0.1         0.80000001  0.1       ]
agent_success: 0

training time:  0.0022809505462646484
evaluation time:  12.85644268989563
epoch time:  12.858744144439697


-------------------------------- Iteration 10400 -------------------------------- 
initial ob: [-0.03265068  0.5148846   0.23688553  0.06        0.60000002  0.02
  0.1         0.80000001  0.1         0.1         0.80000001  0.1       ]
agent_success: 0

training time:  0.0022819042205810547
evaluation time:  12.829567670822144
epoch time:  12.831863403320312


-------------------------------- Iteration 10600 -------------------------------- 
initial ob: [-0.03265068  0.5148846   0.23688553  0.06        0.60000002  0.02
  0.1         0.80000001  0.1         0.1         0.80000001  0.1       ]
agent_success: 0

training time:  0.0023038387298583984
evaluation time:  12.829806804656982
epoch time:  12.832128763198853


-------------------------------- Iteration 10800 -------------------------------- 
initial ob: [-0.03265068  0.5148846   0.23688553  0.06        0.60000002  0.02
  0.1         0.80000001  0.1         0.1         0.80000001  0.1       ]
agent_success: 0

training time:  0.0022988319396972656
evaluation time:  12.826464653015137
epoch time:  12.828807353973389


-------------------------------- Iteration 11000 -------------------------------- 
initial ob: [-0.03265068  0.5148846   0.23688553  0.06        0.60000002  0.02
  0.1         0.80000001  0.1         0.1         0.80000001  0.1       ]
agent_success: 0

training time:  0.002283811569213867
evaluation time:  12.832289457321167
epoch time:  12.83458924293518


-------------------------------- Iteration 11200 -------------------------------- 
initial ob: [-0.03265068  0.5148846   0.23688553  0.06        0.60000002  0.02
  0.1         0.80000001  0.1         0.1         0.80000001  0.1       ]
agent_success: 0

training time:  0.0022950172424316406
evaluation time:  12.834571123123169
epoch time:  12.836886882781982


-------------------------------- Iteration 11400 -------------------------------- 
initial ob: [-0.03265068  0.5148846   0.23688553  0.06        0.60000002  0.02
  0.1         0.80000001  0.1         0.1         0.80000001  0.1       ]
agent_success: 0

training time:  0.0022966861724853516
evaluation time:  12.839188814163208
epoch time:  12.841506481170654


-------------------------------- Iteration 11600 -------------------------------- 
initial ob: [-0.03265068  0.5148846   0.23688553  0.06        0.60000002  0.02
  0.1         0.80000001  0.1         0.1         0.80000001  0.1       ]
agent_success: 0

training time:  0.00228118896484375
evaluation time:  12.874589681625366
epoch time:  12.876885652542114


-------------------------------- Iteration 11800 -------------------------------- 
initial ob: [-0.03265068  0.5148846   0.23688553  0.06        0.60000002  0.02
  0.1         0.80000001  0.1         0.1         0.80000001  0.1       ]
agent_success: 0

training time:  0.002315044403076172
evaluation time:  12.826466083526611
epoch time:  12.828799486160278


-------------------------------- Iteration 12000 -------------------------------- 
initial ob: [-0.03265068  0.5148846   0.23688553  0.06        0.60000002  0.02
  0.1         0.80000001  0.1         0.1         0.80000001  0.1       ]
agent_success: 0

training time:  0.0022933483123779297
evaluation time:  12.838927268981934
epoch time:  12.841241598129272


-------------------------------- Iteration 12200 -------------------------------- 
initial ob: [-0.03265068  0.5148846   0.23688553  0.06        0.60000002  0.02
  0.1         0.80000001  0.1         0.1         0.80000001  0.1       ]
agent_success: 0

training time:  0.002441883087158203
evaluation time:  12.812211036682129
epoch time:  12.81466555595398


-------------------------------- Iteration 12400 -------------------------------- 
initial ob: [-0.03265068  0.5148846   0.23688553  0.06        0.60000002  0.02
  0.1         0.80000001  0.1         0.1         0.80000001  0.1       ]
agent_success: 0

training time:  0.002288818359375
evaluation time:  12.832305908203125
epoch time:  12.8346107006073


-------------------------------- Iteration 12600 -------------------------------- 
initial ob: [-0.03265068  0.5148846   0.23688553  0.06        0.60000002  0.02
  0.1         0.80000001  0.1         0.1         0.80000001  0.1       ]
agent_success: 0

training time:  0.0022916793823242188
evaluation time:  12.833579301834106
epoch time:  12.835891723632812


-------------------------------- Iteration 12800 -------------------------------- 
initial ob: [-0.03265068  0.5148846   0.23688553  0.06        0.60000002  0.02
  0.1         0.80000001  0.1         0.1         0.80000001  0.1       ]
agent_success: 0

training time:  0.002284526824951172
evaluation time:  12.877717733383179
epoch time:  12.880038738250732


-------------------------------- Iteration 13000 -------------------------------- 
initial ob: [-0.03265068  0.5148846   0.23688553  0.06        0.60000002  0.02
  0.1         0.80000001  0.1         0.1         0.80000001  0.1       ]
agent_success: 0

training time:  0.0023195743560791016
evaluation time:  12.845045328140259
epoch time:  12.84738302230835


-------------------------------- Iteration 13200 -------------------------------- 
initial ob: [-0.03265068  0.5148846   0.23688553  0.06        0.60000002  0.02
  0.1         0.80000001  0.1         0.1         0.80000001  0.1       ]
agent_success: 0

training time:  0.0022783279418945312
evaluation time:  12.816473484039307
epoch time:  12.818771600723267


-------------------------------- Iteration 13400 -------------------------------- 
initial ob: [-0.03265068  0.5148846   0.23688553  0.06        0.60000002  0.02
  0.1         0.80000001  0.1         0.1         0.80000001  0.1       ]
agent_success: 0

training time:  0.0023114681243896484
evaluation time:  12.834744453430176
epoch time:  12.837092638015747


-------------------------------- Iteration 13600 -------------------------------- 
initial ob: [-0.03265068  0.5148846   0.23688553  0.06        0.60000002  0.02
  0.1         0.80000001  0.1         0.1         0.80000001  0.1       ]
agent_success: 0

training time:  0.0022733211517333984
evaluation time:  12.835728883743286
epoch time:  12.83801794052124


-------------------------------- Iteration 13800 -------------------------------- 
initial ob: [-0.03265068  0.5148846   0.23688553  0.06        0.60000002  0.02
  0.1         0.80000001  0.1         0.1         0.80000001  0.1       ]
agent_success: 0

training time:  0.0022945404052734375
evaluation time:  12.859962224960327
epoch time:  12.86227798461914


-------------------------------- Iteration 14000 -------------------------------- 
initial ob: [-0.03265068  0.5148846   0.23688553  0.06        0.60000002  0.02
  0.1         0.80000001  0.1         0.1         0.80000001  0.1       ]
agent_success: 0

training time:  0.002261638641357422
evaluation time:  12.806796312332153
epoch time:  12.809072971343994


-------------------------------- Iteration 14200 -------------------------------- 
initial ob: [-0.03265068  0.5148846   0.23688553  0.06        0.60000002  0.02
  0.1         0.80000001  0.1         0.1         0.80000001  0.1       ]
agent_success: 0

training time:  0.002278566360473633
evaluation time:  12.822391271591187
epoch time:  12.824690103530884


-------------------------------- Iteration 14400 -------------------------------- 
initial ob: [-0.03265068  0.5148846   0.23688553  0.06        0.60000002  0.02
  0.1         0.80000001  0.1         0.1         0.80000001  0.1       ]
agent_success: 0

training time:  0.0022649765014648438
evaluation time:  12.81908106803894
epoch time:  12.821366310119629


-------------------------------- Iteration 14600 -------------------------------- 
initial ob: [-0.03265068  0.5148846   0.23688553  0.06        0.60000002  0.02
  0.1         0.80000001  0.1         0.1         0.80000001  0.1       ]
agent_success: 0

training time:  0.002294778823852539
evaluation time:  12.819424867630005
epoch time:  12.821757316589355


-------------------------------- Iteration 14800 -------------------------------- 
initial ob: [-0.03265068  0.5148846   0.23688553  0.06        0.60000002  0.02
  0.1         0.80000001  0.1         0.1         0.80000001  0.1       ]
agent_success: 0

training time:  0.002292156219482422
evaluation time:  12.806684732437134
epoch time:  12.808997392654419


-------------------------------- Iteration 15000 -------------------------------- 
initial ob: [-0.03265068  0.5148846   0.23688553  0.06        0.60000002  0.02
  0.1         0.80000001  0.1         0.1         0.80000001  0.1       ]
agent_success: 0

training time:  0.002281665802001953
evaluation time:  12.807529926300049
epoch time:  12.809831857681274


-------------------------------- Iteration 15200 -------------------------------- 
initial ob: [-0.03265068  0.5148846   0.23688553  0.06        0.60000002  0.02
  0.1         0.80000001  0.1         0.1         0.80000001  0.1       ]
agent_success: 0

training time:  0.0022804737091064453
evaluation time:  12.846655130386353
epoch time:  12.84895133972168


-------------------------------- Iteration 15400 -------------------------------- 
initial ob: [-0.03265068  0.5148846   0.23688553  0.06        0.60000002  0.02
  0.1         0.80000001  0.1         0.1         0.80000001  0.1       ]
agent_success: 0

training time:  0.002287149429321289
evaluation time:  12.829994678497314
epoch time:  12.83232069015503


-------------------------------- Iteration 15600 -------------------------------- 
initial ob: [-0.03265068  0.5148846   0.23688553  0.06        0.60000002  0.02
  0.1         0.80000001  0.1         0.1         0.80000001  0.1       ]
agent_success: 0

training time:  0.002286195755004883
evaluation time:  12.856403350830078
epoch time:  12.858710527420044


-------------------------------- Iteration 15800 -------------------------------- 
initial ob: [-0.03265068  0.5148846   0.23688553  0.06        0.60000002  0.02
  0.1         0.80000001  0.1         0.1         0.80000001  0.1       ]
agent_success: 0

training time:  0.0023097991943359375
evaluation time:  12.8153395652771
epoch time:  12.817663192749023


-------------------------------- Iteration 16000 -------------------------------- 
initial ob: [-0.03265068  0.5148846   0.23688553  0.06        0.60000002  0.02
  0.1         0.80000001  0.1         0.1         0.80000001  0.1       ]
agent_success: 0

training time:  0.002306699752807617
evaluation time:  12.823277711868286
epoch time:  12.825605869293213


-------------------------------- Iteration 16200 -------------------------------- 
initial ob: [-0.03265068  0.5148846   0.23688553  0.06        0.60000002  0.02
  0.1         0.80000001  0.1         0.1         0.80000001  0.1       ]
agent_success: 0

training time:  0.0023005008697509766
evaluation time:  12.843587636947632
epoch time:  12.84590768814087


-------------------------------- Iteration 16400 -------------------------------- 
initial ob: [-0.03265068  0.5148846   0.23688553  0.06        0.60000002  0.02
  0.1         0.80000001  0.1         0.1         0.80000001  0.1       ]
agent_success: 0

training time:  0.0022945404052734375
evaluation time:  12.827481985092163
epoch time:  12.82979154586792


-------------------------------- Iteration 16600 -------------------------------- 
initial ob: [-0.03265068  0.5148846   0.23688553  0.06        0.60000002  0.02
  0.1         0.80000001  0.1         0.1         0.80000001  0.1       ]
agent_success: 0

training time:  0.0023050308227539062
evaluation time:  12.85512375831604
epoch time:  12.857451677322388


-------------------------------- Iteration 16800 -------------------------------- 
initial ob: [-0.03265068  0.5148846   0.23688553  0.06        0.60000002  0.02
  0.1         0.80000001  0.1         0.1         0.80000001  0.1       ]
agent_success: 0

training time:  0.0022733211517333984
evaluation time:  12.840967178344727
epoch time:  12.843261480331421


-------------------------------- Iteration 17000 -------------------------------- 
initial ob: [-0.03265068  0.5148846   0.23688553  0.06        0.60000002  0.02
  0.1         0.80000001  0.1         0.1         0.80000001  0.1       ]
agent_success: 0

training time:  0.002283334732055664
evaluation time:  12.856032609939575
epoch time:  12.85833215713501


-------------------------------- Iteration 17200 -------------------------------- 
initial ob: [-0.03265068  0.5148846   0.23688553  0.06        0.60000002  0.02
  0.1         0.80000001  0.1         0.1         0.80000001  0.1       ]
agent_success: 0

training time:  0.002279043197631836
evaluation time:  12.85227632522583
epoch time:  12.854573726654053


-------------------------------- Iteration 17400 -------------------------------- 
initial ob: [-0.03265068  0.5148846   0.23688553  0.06        0.60000002  0.02
  0.1         0.80000001  0.1         0.1         0.80000001  0.1       ]
agent_success: 0

training time:  0.002300739288330078
evaluation time:  12.847443103790283
epoch time:  12.84976601600647


-------------------------------- Iteration 17600 -------------------------------- 
initial ob: [-0.03265068  0.5148846   0.23688553  0.06        0.60000002  0.02
  0.1         0.80000001  0.1         0.1         0.80000001  0.1       ]
agent_success: 0

training time:  0.0023255348205566406
evaluation time:  12.854384183883667
epoch time:  12.856725215911865


-------------------------------- Iteration 17800 -------------------------------- 
initial ob: [-0.03265068  0.5148846   0.23688553  0.06        0.60000002  0.02
  0.1         0.80000001  0.1         0.1         0.80000001  0.1       ]
agent_success: 0

training time:  0.0022923946380615234
evaluation time:  12.880826473236084
epoch time:  12.883137226104736


-------------------------------- Iteration 18000 -------------------------------- 
initial ob: [-0.03265068  0.5148846   0.23688553  0.06        0.60000002  0.02
  0.1         0.80000001  0.1         0.1         0.80000001  0.1       ]
agent_success: 0

training time:  0.002288341522216797
evaluation time:  12.839428901672363
epoch time:  12.841731786727905


-------------------------------- Iteration 18200 -------------------------------- 
initial ob: [-0.03265068  0.5148846   0.23688553  0.06        0.60000002  0.02
  0.1         0.80000001  0.1         0.1         0.80000001  0.1       ]
agent_success: 0

training time:  0.002287149429321289
evaluation time:  12.845534801483154
epoch time:  12.847843647003174


-------------------------------- Iteration 18400 -------------------------------- 
initial ob: [-0.03265068  0.5148846   0.23688553  0.06        0.60000002  0.02
  0.1         0.80000001  0.1         0.1         0.80000001  0.1       ]
agent_success: 0

training time:  0.0022649765014648438
evaluation time:  12.880352020263672
epoch time:  12.882638692855835


-------------------------------- Iteration 18600 -------------------------------- 
initial ob: [-0.03265068  0.5148846   0.23688553  0.06        0.60000002  0.02
  0.1         0.80000001  0.1         0.1         0.80000001  0.1       ]
agent_success: 0

training time:  0.0022897720336914062
evaluation time:  12.873637437820435
epoch time:  12.875942707061768


-------------------------------- Iteration 18800 -------------------------------- 
initial ob: [-0.03265068  0.5148846   0.23688553  0.06        0.60000002  0.02
  0.1         0.80000001  0.1         0.1         0.80000001  0.1       ]
agent_success: 0

training time:  0.002310037612915039
evaluation time:  12.875104904174805
epoch time:  12.877438306808472


-------------------------------- Iteration 19000 -------------------------------- 
initial ob: [-0.03265068  0.5148846   0.23688553  0.06        0.60000002  0.02
  0.1         0.80000001  0.1         0.1         0.80000001  0.1       ]
agent_success: 0

training time:  0.0022628307342529297
evaluation time:  12.880095958709717
epoch time:  12.882385015487671


-------------------------------- Iteration 19200 -------------------------------- 
initial ob: [-0.03265068  0.5148846   0.23688553  0.06        0.60000002  0.02
  0.1         0.80000001  0.1         0.1         0.80000001  0.1       ]
agent_success: 0

training time:  0.0022683143615722656
evaluation time:  12.884062051773071
epoch time:  12.886346340179443


-------------------------------- Iteration 19400 -------------------------------- 
initial ob: [-0.03265068  0.5148846   0.23688553  0.06        0.60000002  0.02
  0.1         0.80000001  0.1         0.1         0.80000001  0.1       ]
agent_success: 0

training time:  0.0023238658905029297
evaluation time:  12.885520219802856
epoch time:  12.887869119644165


-------------------------------- Iteration 19600 -------------------------------- 
initial ob: [-0.03265068  0.5148846   0.23688553  0.06        0.60000002  0.02
  0.1         0.80000001  0.1         0.1         0.80000001  0.1       ]
agent_success: 0

training time:  0.002283811569213867
evaluation time:  12.92696499824524
epoch time:  12.92927622795105


-------------------------------- Iteration 19800 -------------------------------- 
initial ob: [-0.03265068  0.5148846   0.23688553  0.06        0.60000002  0.02
  0.1         0.80000001  0.1         0.1         0.80000001  0.1       ]
agent_success: 0

training time:  0.002307891845703125
evaluation time:  12.891191959381104
epoch time:  12.89351487159729


-------------------------------- Iteration 20000 -------------------------------- 
initial ob: [-0.03265068  0.5148846   0.23688553  0.06        0.60000002  0.02
  0.1         0.80000001  0.1         0.1         0.80000001  0.1       ]
agent_success: 0

training time:  0.0027573108673095703
evaluation time:  12.903421640396118
epoch time:  12.906200885772705


-------------------------------- Iteration 20200 -------------------------------- 
initial ob: [-0.03265068  0.5148846   0.23688553  0.06        0.60000002  0.02
  0.1         0.80000001  0.1         0.1         0.80000001  0.1       ]
agent_success: 0

training time:  0.002322673797607422
evaluation time:  12.911695957183838
epoch time:  12.914045095443726


-------------------------------- Iteration 20400 -------------------------------- 
initial ob: [-0.03265068  0.5148846   0.23688553  0.06        0.60000002  0.02
  0.1         0.80000001  0.1         0.1         0.80000001  0.1       ]
agent_success: 0

training time:  0.0022966861724853516
evaluation time:  12.918768405914307
epoch time:  12.92108154296875


-------------------------------- Iteration 20600 -------------------------------- 
initial ob: [-0.03265068  0.5148846   0.23688553  0.06        0.60000002  0.02
  0.1         0.80000001  0.1         0.1         0.80000001  0.1       ]
agent_success: 0

training time:  0.0022895336151123047
evaluation time:  12.937607765197754
epoch time:  12.939916610717773


-------------------------------- Iteration 20800 -------------------------------- 
initial ob: [-0.03265068  0.5148846   0.23688553  0.06        0.60000002  0.02
  0.1         0.80000001  0.1         0.1         0.80000001  0.1       ]
agent_success: 0

training time:  0.0022897720336914062
evaluation time:  12.957979202270508
epoch time:  12.960296154022217


-------------------------------- Iteration 21000 -------------------------------- 
initial ob: [-0.03265068  0.5148846   0.23688553  0.06        0.60000002  0.02
  0.1         0.80000001  0.1         0.1         0.80000001  0.1       ]
agent_success: 0

training time:  0.002286195755004883
evaluation time:  12.94942593574524
epoch time:  12.951727151870728


-------------------------------- Iteration 21200 -------------------------------- 
initial ob: [-0.03265068  0.5148846   0.23688553  0.06        0.60000002  0.02
  0.1         0.80000001  0.1         0.1         0.80000001  0.1       ]
agent_success: 0

training time:  0.002328157424926758
evaluation time:  12.961657524108887
epoch time:  12.964010238647461


-------------------------------- Iteration 21400 -------------------------------- 
initial ob: [-0.03265068  0.5148846   0.23688553  0.06        0.60000002  0.02
  0.1         0.80000001  0.1         0.1         0.80000001  0.1       ]
agent_success: 0

training time:  0.0023016929626464844
evaluation time:  12.948832988739014
epoch time:  12.951153755187988


-------------------------------- Iteration 21600 -------------------------------- 
initial ob: [-0.03265068  0.5148846   0.23688553  0.06        0.60000002  0.02
  0.1         0.80000001  0.1         0.1         0.80000001  0.1       ]
agent_success: 0

training time:  0.002289295196533203
evaluation time:  12.904963493347168
epoch time:  12.90726900100708


-------------------------------- Iteration 21800 -------------------------------- 
initial ob: [-0.03265068  0.5148846   0.23688553  0.06        0.60000002  0.02
  0.1         0.80000001  0.1         0.1         0.80000001  0.1       ]
agent_success: 0

training time:  0.002289295196533203
evaluation time:  12.908300876617432
epoch time:  12.91060996055603


-------------------------------- Iteration 22000 -------------------------------- 
initial ob: [-0.03265068  0.5148846   0.23688553  0.06        0.60000002  0.02
  0.1         0.80000001  0.1         0.1         0.80000001  0.1       ]
agent_success: 0

training time:  0.0023076534271240234
evaluation time:  12.907369375228882
epoch time:  12.909722328186035


-------------------------------- Iteration 22200 -------------------------------- 
initial ob: [-0.03265068  0.5148846   0.23688553  0.06        0.60000002  0.02
  0.1         0.80000001  0.1         0.1         0.80000001  0.1       ]
agent_success: 0

training time:  0.00228118896484375
evaluation time:  12.917417764663696
epoch time:  12.919713735580444


-------------------------------- Iteration 22400 -------------------------------- 
initial ob: [-0.03265068  0.5148846   0.23688553  0.06        0.60000002  0.02
  0.1         0.80000001  0.1         0.1         0.80000001  0.1       ]
agent_success: 0

training time:  0.002445220947265625
evaluation time:  12.952601909637451
epoch time:  12.955070734024048


-------------------------------- Iteration 22600 -------------------------------- 
initial ob: [-0.03265068  0.5148846   0.23688553  0.06        0.60000002  0.02
  0.1         0.80000001  0.1         0.1         0.80000001  0.1       ]
agent_success: 0

training time:  0.0022840499877929688
evaluation time:  12.925947666168213
epoch time:  12.92827296257019


-------------------------------- Iteration 22800 -------------------------------- 
initial ob: [-0.03265068  0.5148846   0.23688553  0.06        0.60000002  0.02
  0.1         0.80000001  0.1         0.1         0.80000001  0.1       ]
agent_success: 0

training time:  0.0023055076599121094
evaluation time:  12.953988313674927
epoch time:  12.95630955696106


-------------------------------- Iteration 23000 -------------------------------- 
initial ob: [-0.03265068  0.5148846   0.23688553  0.06        0.60000002  0.02
  0.1         0.80000001  0.1         0.1         0.80000001  0.1       ]
agent_success: 0

training time:  0.002316713333129883
evaluation time:  12.94511079788208
epoch time:  12.947450637817383


-------------------------------- Iteration 23200 -------------------------------- 
initial ob: [-0.03265068  0.5148846   0.23688553  0.06        0.60000002  0.02
  0.1         0.80000001  0.1         0.1         0.80000001  0.1       ]
agent_success: 0

training time:  0.0023124217987060547
evaluation time:  12.94660210609436
epoch time:  12.948935747146606


-------------------------------- Iteration 23400 -------------------------------- 
initial ob: [-0.03265068  0.5148846   0.23688553  0.06        0.60000002  0.02
  0.1         0.80000001  0.1         0.1         0.80000001  0.1       ]
agent_success: 0

training time:  0.0025076866149902344
evaluation time:  12.909948825836182
epoch time:  12.912472248077393


-------------------------------- Iteration 23600 -------------------------------- 
initial ob: [-0.03265068  0.5148846   0.23688553  0.06        0.60000002  0.02
  0.1         0.80000001  0.1         0.1         0.80000001  0.1       ]
agent_success: 0

training time:  0.0022759437561035156
evaluation time:  12.897506713867188
epoch time:  12.899808645248413


-------------------------------- Iteration 23800 -------------------------------- 
initial ob: [-0.03265068  0.5148846   0.23688553  0.06        0.60000002  0.02
  0.1         0.80000001  0.1         0.1         0.80000001  0.1       ]
agent_success: 0

training time:  0.002306222915649414
evaluation time:  12.917596578598022
epoch time:  12.919922590255737


-------------------------------- Iteration 24000 -------------------------------- 
initial ob: [-0.03265068  0.5148846   0.23688553  0.06        0.60000002  0.02
  0.1         0.80000001  0.1         0.1         0.80000001  0.1       ]
agent_success: 0

training time:  0.0022857189178466797
evaluation time:  12.90346908569336
epoch time:  12.905771255493164


-------------------------------- Iteration 24200 -------------------------------- 
initial ob: [-0.03265068  0.5148846   0.23688553  0.06        0.60000002  0.02
  0.1         0.80000001  0.1         0.1         0.80000001  0.1       ]
agent_success: 0

training time:  0.0022933483123779297
evaluation time:  12.921305656433105
epoch time:  12.923619508743286


-------------------------------- Iteration 24400 -------------------------------- 
initial ob: [-0.03265068  0.5148846   0.23688553  0.06        0.60000002  0.02
  0.1         0.80000001  0.1         0.1         0.80000001  0.1       ]
agent_success: 0

training time:  0.0022933483123779297
evaluation time:  12.901132822036743
epoch time:  12.90344524383545


-------------------------------- Iteration 24600 -------------------------------- 
initial ob: [-0.03265068  0.5148846   0.23688553  0.06        0.60000002  0.02
  0.1         0.80000001  0.1         0.1         0.80000001  0.1       ]
agent_success: 0

training time:  0.002289295196533203
evaluation time:  12.916910648345947
epoch time:  12.919214963912964


-------------------------------- Iteration 24800 -------------------------------- 
initial ob: [-0.03265068  0.5148846   0.23688553  0.06        0.60000002  0.02
  0.1         0.80000001  0.1         0.1         0.80000001  0.1       ]
agent_success: 0

training time:  0.0022950172424316406
evaluation time:  12.907721757888794
epoch time:  12.910038709640503


-------------------------------- Iteration 25000 -------------------------------- 
initial ob: [-0.03265068  0.5148846   0.23688553  0.06        0.60000002  0.02
  0.1         0.80000001  0.1         0.1         0.80000001  0.1       ]
agent_success: 0

training time:  0.0022788047790527344
evaluation time:  12.928275108337402
epoch time:  12.930575132369995


-------------------------------- Iteration 25200 -------------------------------- 
initial ob: [-0.03265068  0.5148846   0.23688553  0.06        0.60000002  0.02
  0.1         0.80000001  0.1         0.1         0.80000001  0.1       ]
agent_success: 0

training time:  0.00229644775390625
evaluation time:  12.931819438934326
epoch time:  12.934131383895874


-------------------------------- Iteration 25400 -------------------------------- 
initial ob: [-0.03265068  0.5148846   0.23688553  0.06        0.60000002  0.02
  0.1         0.80000001  0.1         0.1         0.80000001  0.1       ]
agent_success: 0

training time:  0.002285480499267578
evaluation time:  12.950783014297485
epoch time:  12.953097581863403


-------------------------------- Iteration 25600 -------------------------------- 
initial ob: [-0.03265068  0.5148846   0.23688553  0.06        0.60000002  0.02
  0.1         0.80000001  0.1         0.1         0.80000001  0.1       ]
agent_success: 0

training time:  0.002300262451171875
evaluation time:  12.934713125228882
epoch time:  12.937031745910645


-------------------------------- Iteration 25800 -------------------------------- 
initial ob: [-0.03265068  0.5148846   0.23688553  0.06        0.60000002  0.02
  0.1         0.80000001  0.1         0.1         0.80000001  0.1       ]
agent_success: 0

training time:  0.002286195755004883
evaluation time:  12.925819396972656
epoch time:  12.92811918258667


-------------------------------- Iteration 26000 -------------------------------- 
initial ob: [-0.03265068  0.5148846   0.23688553  0.06        0.60000002  0.02
  0.1         0.80000001  0.1         0.1         0.80000001  0.1       ]
agent_success: 0

training time:  0.0023145675659179688
evaluation time:  12.941004514694214
epoch time:  12.943342208862305


-------------------------------- Iteration 26200 -------------------------------- 
initial ob: [-0.03265068  0.5148846   0.23688553  0.06        0.60000002  0.02
  0.1         0.80000001  0.1         0.1         0.80000001  0.1       ]
agent_success: 0

training time:  0.002279520034790039
evaluation time:  12.928498029708862
epoch time:  12.93079662322998


-------------------------------- Iteration 26400 -------------------------------- 
initial ob: [-0.03265068  0.5148846   0.23688553  0.06        0.60000002  0.02
  0.1         0.80000001  0.1         0.1         0.80000001  0.1       ]
agent_success: 0

training time:  0.002309560775756836
evaluation time:  12.928498268127441
epoch time:  12.930823564529419


-------------------------------- Iteration 26600 -------------------------------- 
initial ob: [-0.03265068  0.5148846   0.23688553  0.06        0.60000002  0.02
  0.1         0.80000001  0.1         0.1         0.80000001  0.1       ]
agent_success: 0

training time:  0.002301931381225586
evaluation time:  12.907772541046143
epoch time:  12.910125494003296


-------------------------------- Iteration 26800 -------------------------------- 
initial ob: [-0.03265068  0.5148846   0.23688553  0.06        0.60000002  0.02
  0.1         0.80000001  0.1         0.1         0.80000001  0.1       ]
agent_success: 0

training time:  0.002288341522216797
evaluation time:  12.904330015182495
epoch time:  12.906638145446777


-------------------------------- Iteration 27000 -------------------------------- 
initial ob: [-0.03265068  0.5148846   0.23688553  0.06        0.60000002  0.02
  0.1         0.80000001  0.1         0.1         0.80000001  0.1       ]
agent_success: 0

training time:  0.0022704601287841797
evaluation time:  12.94743800163269
epoch time:  12.949723720550537


-------------------------------- Iteration 27200 -------------------------------- 
initial ob: [-0.03265068  0.5148846   0.23688553  0.06        0.60000002  0.02
  0.1         0.80000001  0.1         0.1         0.80000001  0.1       ]
agent_success: 0

training time:  0.002301454544067383
evaluation time:  12.944459199905396
epoch time:  12.946783781051636


-------------------------------- Iteration 27400 -------------------------------- 
initial ob: [-0.03265068  0.5148846   0.23688553  0.06        0.60000002  0.02
  0.1         0.80000001  0.1         0.1         0.80000001  0.1       ]
agent_success: 0

training time:  0.002310514450073242
evaluation time:  12.952962160110474
epoch time:  12.955291032791138


-------------------------------- Iteration 27600 -------------------------------- 
initial ob: [-0.03265068  0.5148846   0.23688553  0.06        0.60000002  0.02
  0.1         0.80000001  0.1         0.1         0.80000001  0.1       ]
agent_success: 0

training time:  0.0022797584533691406
evaluation time:  12.952484607696533
epoch time:  12.954779624938965


-------------------------------- Iteration 27800 -------------------------------- 
initial ob: [-0.03265068  0.5148846   0.23688553  0.06        0.60000002  0.02
  0.1         0.80000001  0.1         0.1         0.80000001  0.1       ]
agent_success: 0

training time:  0.0022897720336914062
evaluation time:  12.992125272750854
epoch time:  12.994442224502563


-------------------------------- Iteration 28000 -------------------------------- 
initial ob: [-0.03265068  0.5148846   0.23688553  0.06        0.60000002  0.02
  0.1         0.80000001  0.1         0.1         0.80000001  0.1       ]
agent_success: 0

training time:  0.002290010452270508
evaluation time:  12.937731504440308
epoch time:  12.940040588378906


-------------------------------- Iteration 28200 -------------------------------- 
initial ob: [-0.03265068  0.5148846   0.23688553  0.06        0.60000002  0.02
  0.1         0.80000001  0.1         0.1         0.80000001  0.1       ]
agent_success: 0

training time:  0.0023126602172851562
evaluation time:  12.960106611251831
epoch time:  12.962434530258179


-------------------------------- Iteration 28400 -------------------------------- 
initial ob: [-0.03265068  0.5148846   0.23688553  0.06        0.60000002  0.02
  0.1         0.80000001  0.1         0.1         0.80000001  0.1       ]
agent_success: 0

training time:  0.0023114681243896484
evaluation time:  12.948918104171753
epoch time:  12.951253414154053


-------------------------------- Training stopped due to early stopping -------------------------------- 
min loss:  0.0041093794


-------------------------------- Test Results -------------------------------- 
initial ob: [-0.03265068  0.5148846   0.23688553  0.06        0.60000002  0.02
  0.1         0.80000001  0.1         0.1         0.80000001  0.1       ]
agent_success: 0

mean_success_rate:  0.0
Done
