SLURM_JOBID=3506266
working directory=/viscam/u/jialugao/Imitation-SoftModule
{'obs_type': 'with_goal'}
{'expert_policy_file': 'policy/expert/MT10_Random/', 'exp_name': 'mt10_random', 'do_dagger': False, 'ep_len': 200, 'num_agent_train_steps_per_iter': 1000, 'n_iter': 100, 'render_interval': 100, 'batch_size': 64, 'eval_batch_size': 32, 'train_batch_size': 32, 'n_layers': 2, 'size': 400, 'learning_rate': 0.0001, 'video_log_freq': -1, 'scalar_log_freq': 1, 'no_gpu': False, 'which_gpu': 0, 'max_replay_buffer_size': 1000000, 'save_params': False, 'seed': 32, 'worker_nums': 1, 'eval_worker_nums': 1, 'config': 'config/soft_module_random_mt10.json', 'no_cuda': True, 'random_init': False, 'device': 'cpu', 'id': 'MT10_Single_Task', 'task_name': None, 'task_env': 'MT10_task_env', 'cuda': False, 'agent_class': <class 'agents.bc_agent.SoftModuleAgent'>, 'agent_params': {'n_layers': 2, 'size': 400, 'learning_rate': 0.0001, 'max_replay_buffer_size': 1000000, 'discrete': False, 'ac_dim': 4, 'ob_dim': 9}}
{'env_name': 'mt10', 'env': {'reward_scale': 1, 'obs_norm': False}, 'meta_env': {'obs_type': 'with_goal', 'random_init': True}, 'replay_buffer': {'size': 1000000.0}, 'expert_net': {'hidden_shapes': [400, 400], 'append_hidden_shapes': [400]}, 'net': {'hidden_shapes': [400, 400], 'em_hidden_shapes': [400], 'num_layers': 2, 'num_modules': 2, 'module_hidden': 256, 'num_gating_layers': 2, 'gating_hidden': 256, 'add_bn': False, 'pre_softmax': False, 'base_type': <class 'networks.base.MLPBase'>}, 'general_setting': {'discount': 0.99, 'pretrain_epochs': 20, 'num_epochs': 7500, 'epoch_frames': 200, 'max_episode_frames': 200, 'batch_size': 1280, 'min_pool': 10000, 'target_hard_update_period': 1000, 'use_soft_update': True, 'tau': 0.005, 'opt_times': 200, 'eval_episodes': 10, 'train_render': False, 'eval_render': True, 'env': <NormAct<RewardShift<MTEnv instance>>>, 'device': device(type='cpu')}, 'sac': {'plr': 0.0003, 'qlr': 0.0003, 'reparameterization': True, 'automatic_entropy_tuning': True, 'policy_std_reg_weight': 0, 'policy_mean_reg_weight': 0}}
Loading expert policy from... policy/expert/MT10_Random/
Done restoring expert policy...
<NormAct<RewardShift<SawyerReachPushPickPlaceEnv instance>>>
<NormAct<RewardShift<SawyerReachPushPickPlaceEnv instance>>>
<NormAct<RewardShift<SawyerDoorEnv instance>>>
<NormAct<RewardShift<SawyerDrawerOpenEnv instance>>>
<NormAct<RewardShift<SawyerDrawerCloseEnv instance>>>
<NormAct<RewardShift<SawyerButtonPressTopdownEnv instance>>>
<NormAct<RewardShift<SawyerWindowOpenEnv instance>>>
<NormAct<RewardShift<SawyerWindowCloseEnv instance>>>
/viscam/u/jialugao/.anaconda3/envs/metaworldEnv/lib/python3.7/site-packages/gym/logger.py:30: UserWarning: [33mWARN: Could not seed environment <MTEnv instance>[0m
  warnings.warn(colorize('%s: %s'%('WARN', msg % args), 'yellow'))


-------------------------------- Iteration 0 -------------------------------- 
{'reach-v1_success_rate': array(1., dtype=float32), 'push-v1_success_rate': array(0., dtype=float32), 'door-v1_success_rate': array(0., dtype=float32), 'drawer-open-v1_success_rate': array(1., dtype=float32), 'drawer-close-v1_success_rate': array(0., dtype=float32), 'button-press-topdown-v1_success_rate': array(0., dtype=float32), 'window-open-v1_success_rate': array(0., dtype=float32), 'window-close-v1_success_rate': array(1., dtype=float32), 'mean_success_rate': 0.375}

Training agent using sampled data from replay buffer...
training time:  12.697785377502441
evaluation time:  25.314809799194336
epoch time:  38.01262092590332


-------------------------------- Iteration 1 -------------------------------- 
{'reach-v1_success_rate': array(1., dtype=float32), 'push-v1_success_rate': array(0., dtype=float32), 'door-v1_success_rate': array(0., dtype=float32), 'drawer-open-v1_success_rate': array(1., dtype=float32), 'drawer-close-v1_success_rate': array(0., dtype=float32), 'button-press-topdown-v1_success_rate': array(1., dtype=float32), 'window-open-v1_success_rate': array(0., dtype=float32), 'window-close-v1_success_rate': array(1., dtype=float32), 'mean_success_rate': 0.5}

Training agent using sampled data from replay buffer...
training time:  12.658783197402954
evaluation time:  25.229109525680542
epoch time:  37.88791584968567


-------------------------------- Iteration 2 -------------------------------- 
{'reach-v1_success_rate': array(1., dtype=float32), 'push-v1_success_rate': array(0., dtype=float32), 'door-v1_success_rate': array(0., dtype=float32), 'drawer-open-v1_success_rate': array(0., dtype=float32), 'drawer-close-v1_success_rate': array(0., dtype=float32), 'button-press-topdown-v1_success_rate': array(0., dtype=float32), 'window-open-v1_success_rate': array(0., dtype=float32), 'window-close-v1_success_rate': array(1., dtype=float32), 'mean_success_rate': 0.25}

Training agent using sampled data from replay buffer...
training time:  12.833909511566162
evaluation time:  25.192079067230225
epoch time:  38.02601146697998


-------------------------------- Iteration 3 -------------------------------- 
{'reach-v1_success_rate': array(1., dtype=float32), 'push-v1_success_rate': array(0., dtype=float32), 'door-v1_success_rate': array(0., dtype=float32), 'drawer-open-v1_success_rate': array(0., dtype=float32), 'drawer-close-v1_success_rate': array(0., dtype=float32), 'button-press-topdown-v1_success_rate': array(1., dtype=float32), 'window-open-v1_success_rate': array(0., dtype=float32), 'window-close-v1_success_rate': array(1., dtype=float32), 'mean_success_rate': 0.375}

Training agent using sampled data from replay buffer...
training time:  12.86900806427002
evaluation time:  25.21651816368103
epoch time:  38.0855450630188


-------------------------------- Iteration 4 -------------------------------- 
{'reach-v1_success_rate': array(1., dtype=float32), 'push-v1_success_rate': array(0., dtype=float32), 'door-v1_success_rate': array(0., dtype=float32), 'drawer-open-v1_success_rate': array(1., dtype=float32), 'drawer-close-v1_success_rate': array(0., dtype=float32), 'button-press-topdown-v1_success_rate': array(0., dtype=float32), 'window-open-v1_success_rate': array(0., dtype=float32), 'window-close-v1_success_rate': array(1., dtype=float32), 'mean_success_rate': 0.375}

Training agent using sampled data from replay buffer...
training time:  12.784651756286621
evaluation time:  25.154667139053345
epoch time:  37.93933033943176


-------------------------------- Iteration 5 -------------------------------- 
{'reach-v1_success_rate': array(1., dtype=float32), 'push-v1_success_rate': array(1., dtype=float32), 'door-v1_success_rate': array(0., dtype=float32), 'drawer-open-v1_success_rate': array(1., dtype=float32), 'drawer-close-v1_success_rate': array(0., dtype=float32), 'button-press-topdown-v1_success_rate': array(0., dtype=float32), 'window-open-v1_success_rate': array(0., dtype=float32), 'window-close-v1_success_rate': array(1., dtype=float32), 'mean_success_rate': 0.5}

Training agent using sampled data from replay buffer...
training time:  12.801183462142944
evaluation time:  25.8930983543396
epoch time:  38.694310903549194


-------------------------------- Iteration 6 -------------------------------- 
{'reach-v1_success_rate': array(1., dtype=float32), 'push-v1_success_rate': array(0., dtype=float32), 'door-v1_success_rate': array(0., dtype=float32), 'drawer-open-v1_success_rate': array(0., dtype=float32), 'drawer-close-v1_success_rate': array(0., dtype=float32), 'button-press-topdown-v1_success_rate': array(1., dtype=float32), 'window-open-v1_success_rate': array(0., dtype=float32), 'window-close-v1_success_rate': array(1., dtype=float32), 'mean_success_rate': 0.375}

Training agent using sampled data from replay buffer...
training time:  12.805967092514038
evaluation time:  25.120944023132324
epoch time:  37.92693519592285


-------------------------------- Iteration 7 -------------------------------- 
{'reach-v1_success_rate': array(1., dtype=float32), 'push-v1_success_rate': array(0., dtype=float32), 'door-v1_success_rate': array(0., dtype=float32), 'drawer-open-v1_success_rate': array(0., dtype=float32), 'drawer-close-v1_success_rate': array(0., dtype=float32), 'button-press-topdown-v1_success_rate': array(1., dtype=float32), 'window-open-v1_success_rate': array(0., dtype=float32), 'window-close-v1_success_rate': array(1., dtype=float32), 'mean_success_rate': 0.375}

Training agent using sampled data from replay buffer...
training time:  12.869508981704712
evaluation time:  25.141164302825928
epoch time:  38.010685443878174


-------------------------------- Iteration 8 -------------------------------- 
{'reach-v1_success_rate': array(1., dtype=float32), 'push-v1_success_rate': array(0., dtype=float32), 'door-v1_success_rate': array(0., dtype=float32), 'drawer-open-v1_success_rate': array(1., dtype=float32), 'drawer-close-v1_success_rate': array(0., dtype=float32), 'button-press-topdown-v1_success_rate': array(1., dtype=float32), 'window-open-v1_success_rate': array(0., dtype=float32), 'window-close-v1_success_rate': array(1., dtype=float32), 'mean_success_rate': 0.5}

Training agent using sampled data from replay buffer...
training time:  12.842530250549316
evaluation time:  25.337152242660522
epoch time:  38.179709911346436


-------------------------------- Iteration 9 -------------------------------- 
{'reach-v1_success_rate': array(1., dtype=float32), 'push-v1_success_rate': array(0., dtype=float32), 'door-v1_success_rate': array(0., dtype=float32), 'drawer-open-v1_success_rate': array(0., dtype=float32), 'drawer-close-v1_success_rate': array(1., dtype=float32), 'button-press-topdown-v1_success_rate': array(1., dtype=float32), 'window-open-v1_success_rate': array(0., dtype=float32), 'window-close-v1_success_rate': array(1., dtype=float32), 'mean_success_rate': 0.5}

Training agent using sampled data from replay buffer...
training time:  13.00656270980835
evaluation time:  25.3841872215271
epoch time:  38.390798807144165


-------------------------------- Iteration 10 -------------------------------- 
{'reach-v1_success_rate': array(1., dtype=float32), 'push-v1_success_rate': array(0., dtype=float32), 'door-v1_success_rate': array(0., dtype=float32), 'drawer-open-v1_success_rate': array(0., dtype=float32), 'drawer-close-v1_success_rate': array(0., dtype=float32), 'button-press-topdown-v1_success_rate': array(1., dtype=float32), 'window-open-v1_success_rate': array(0., dtype=float32), 'window-close-v1_success_rate': array(1., dtype=float32), 'mean_success_rate': 0.375}

Training agent using sampled data from replay buffer...
training time:  16.836085557937622
evaluation time:  25.57327437400818
epoch time:  42.4093713760376


-------------------------------- Iteration 11 -------------------------------- 
{'reach-v1_success_rate': array(1., dtype=float32), 'push-v1_success_rate': array(0., dtype=float32), 'door-v1_success_rate': array(0., dtype=float32), 'drawer-open-v1_success_rate': array(0., dtype=float32), 'drawer-close-v1_success_rate': array(0., dtype=float32), 'button-press-topdown-v1_success_rate': array(1., dtype=float32), 'window-open-v1_success_rate': array(0., dtype=float32), 'window-close-v1_success_rate': array(1., dtype=float32), 'mean_success_rate': 0.375}

Training agent using sampled data from replay buffer...
training time:  12.953853607177734
evaluation time:  25.426052808761597
epoch time:  38.37993025779724


-------------------------------- Iteration 12 -------------------------------- 
{'reach-v1_success_rate': array(1., dtype=float32), 'push-v1_success_rate': array(0., dtype=float32), 'door-v1_success_rate': array(0., dtype=float32), 'drawer-open-v1_success_rate': array(0., dtype=float32), 'drawer-close-v1_success_rate': array(0., dtype=float32), 'button-press-topdown-v1_success_rate': array(1., dtype=float32), 'window-open-v1_success_rate': array(0., dtype=float32), 'window-close-v1_success_rate': array(0., dtype=float32), 'mean_success_rate': 0.25}

Training agent using sampled data from replay buffer...
training time:  12.962125301361084
evaluation time:  25.35179114341736
epoch time:  38.31394052505493


-------------------------------- Iteration 13 -------------------------------- 
{'reach-v1_success_rate': array(1., dtype=float32), 'push-v1_success_rate': array(0., dtype=float32), 'door-v1_success_rate': array(0., dtype=float32), 'drawer-open-v1_success_rate': array(0., dtype=float32), 'drawer-close-v1_success_rate': array(0., dtype=float32), 'button-press-topdown-v1_success_rate': array(0., dtype=float32), 'window-open-v1_success_rate': array(0., dtype=float32), 'window-close-v1_success_rate': array(1., dtype=float32), 'mean_success_rate': 0.25}

Training agent using sampled data from replay buffer...
training time:  13.053482294082642
evaluation time:  25.506176471710205
epoch time:  38.5596706867218


-------------------------------- Iteration 14 -------------------------------- 
{'reach-v1_success_rate': array(1., dtype=float32), 'push-v1_success_rate': array(0., dtype=float32), 'door-v1_success_rate': array(0., dtype=float32), 'drawer-open-v1_success_rate': array(0., dtype=float32), 'drawer-close-v1_success_rate': array(0., dtype=float32), 'button-press-topdown-v1_success_rate': array(0., dtype=float32), 'window-open-v1_success_rate': array(1., dtype=float32), 'window-close-v1_success_rate': array(1., dtype=float32), 'mean_success_rate': 0.375}

Training agent using sampled data from replay buffer...
training time:  13.062966346740723
evaluation time:  25.602312326431274
epoch time:  38.6653048992157


-------------------------------- Iteration 15 -------------------------------- 
{'reach-v1_success_rate': array(1., dtype=float32), 'push-v1_success_rate': array(0., dtype=float32), 'door-v1_success_rate': array(0., dtype=float32), 'drawer-open-v1_success_rate': array(1., dtype=float32), 'drawer-close-v1_success_rate': array(0., dtype=float32), 'button-press-topdown-v1_success_rate': array(0., dtype=float32), 'window-open-v1_success_rate': array(0., dtype=float32), 'window-close-v1_success_rate': array(1., dtype=float32), 'mean_success_rate': 0.375}

Training agent using sampled data from replay buffer...
training time:  13.014968156814575
evaluation time:  25.397930145263672
epoch time:  38.41291809082031


-------------------------------- Iteration 16 -------------------------------- 
{'reach-v1_success_rate': array(1., dtype=float32), 'push-v1_success_rate': array(1., dtype=float32), 'door-v1_success_rate': array(0., dtype=float32), 'drawer-open-v1_success_rate': array(0., dtype=float32), 'drawer-close-v1_success_rate': array(0., dtype=float32), 'button-press-topdown-v1_success_rate': array(0., dtype=float32), 'window-open-v1_success_rate': array(0., dtype=float32), 'window-close-v1_success_rate': array(1., dtype=float32), 'mean_success_rate': 0.375}

Training agent using sampled data from replay buffer...
training time:  13.124039888381958
evaluation time:  25.768415451049805
epoch time:  38.89246916770935


-------------------------------- Iteration 17 -------------------------------- 
{'reach-v1_success_rate': array(1., dtype=float32), 'push-v1_success_rate': array(0., dtype=float32), 'door-v1_success_rate': array(0., dtype=float32), 'drawer-open-v1_success_rate': array(0., dtype=float32), 'drawer-close-v1_success_rate': array(0., dtype=float32), 'button-press-topdown-v1_success_rate': array(1., dtype=float32), 'window-open-v1_success_rate': array(0., dtype=float32), 'window-close-v1_success_rate': array(1., dtype=float32), 'mean_success_rate': 0.375}

Training agent using sampled data from replay buffer...
training time:  13.209640741348267
evaluation time:  25.673214435577393
epoch time:  38.88287878036499


-------------------------------- Iteration 18 -------------------------------- 
{'reach-v1_success_rate': array(1., dtype=float32), 'push-v1_success_rate': array(0., dtype=float32), 'door-v1_success_rate': array(0., dtype=float32), 'drawer-open-v1_success_rate': array(1., dtype=float32), 'drawer-close-v1_success_rate': array(1., dtype=float32), 'button-press-topdown-v1_success_rate': array(0., dtype=float32), 'window-open-v1_success_rate': array(0., dtype=float32), 'window-close-v1_success_rate': array(1., dtype=float32), 'mean_success_rate': 0.5}

Training agent using sampled data from replay buffer...
training time:  13.116462707519531
evaluation time:  25.477566242218018
epoch time:  38.5940477848053


-------------------------------- Iteration 19 -------------------------------- 
{'reach-v1_success_rate': array(1., dtype=float32), 'push-v1_success_rate': array(1., dtype=float32), 'door-v1_success_rate': array(0., dtype=float32), 'drawer-open-v1_success_rate': array(0., dtype=float32), 'drawer-close-v1_success_rate': array(1., dtype=float32), 'button-press-topdown-v1_success_rate': array(1., dtype=float32), 'window-open-v1_success_rate': array(0., dtype=float32), 'window-close-v1_success_rate': array(1., dtype=float32), 'mean_success_rate': 0.625}

Training agent using sampled data from replay buffer...
training time:  13.200655698776245
evaluation time:  25.791619062423706
epoch time:  38.992321252822876


-------------------------------- Iteration 20 -------------------------------- 
{'reach-v1_success_rate': array(1., dtype=float32), 'push-v1_success_rate': array(0., dtype=float32), 'door-v1_success_rate': array(0., dtype=float32), 'drawer-open-v1_success_rate': array(1., dtype=float32), 'drawer-close-v1_success_rate': array(1., dtype=float32), 'button-press-topdown-v1_success_rate': array(1., dtype=float32), 'window-open-v1_success_rate': array(1., dtype=float32), 'window-close-v1_success_rate': array(1., dtype=float32), 'mean_success_rate': 0.75}

Training agent using sampled data from replay buffer...
training time:  13.208438158035278
evaluation time:  25.8411865234375
epoch time:  39.049649477005005


-------------------------------- Iteration 21 -------------------------------- 
{'reach-v1_success_rate': array(1., dtype=float32), 'push-v1_success_rate': array(0., dtype=float32), 'door-v1_success_rate': array(0., dtype=float32), 'drawer-open-v1_success_rate': array(0., dtype=float32), 'drawer-close-v1_success_rate': array(0., dtype=float32), 'button-press-topdown-v1_success_rate': array(1., dtype=float32), 'window-open-v1_success_rate': array(1., dtype=float32), 'window-close-v1_success_rate': array(1., dtype=float32), 'mean_success_rate': 0.5}

Training agent using sampled data from replay buffer...
training time:  13.134578704833984
evaluation time:  25.24752163887024
epoch time:  38.38211178779602


-------------------------------- Iteration 22 -------------------------------- 
{'reach-v1_success_rate': array(1., dtype=float32), 'push-v1_success_rate': array(0., dtype=float32), 'door-v1_success_rate': array(0., dtype=float32), 'drawer-open-v1_success_rate': array(1., dtype=float32), 'drawer-close-v1_success_rate': array(0., dtype=float32), 'button-press-topdown-v1_success_rate': array(1., dtype=float32), 'window-open-v1_success_rate': array(0., dtype=float32), 'window-close-v1_success_rate': array(1., dtype=float32), 'mean_success_rate': 0.5}

Training agent using sampled data from replay buffer...
training time:  13.671196460723877
evaluation time:  25.509255409240723
epoch time:  39.18049740791321


-------------------------------- Iteration 23 -------------------------------- 
{'reach-v1_success_rate': array(1., dtype=float32), 'push-v1_success_rate': array(0., dtype=float32), 'door-v1_success_rate': array(0., dtype=float32), 'drawer-open-v1_success_rate': array(0., dtype=float32), 'drawer-close-v1_success_rate': array(0., dtype=float32), 'button-press-topdown-v1_success_rate': array(0., dtype=float32), 'window-open-v1_success_rate': array(0., dtype=float32), 'window-close-v1_success_rate': array(1., dtype=float32), 'mean_success_rate': 0.25}

Training agent using sampled data from replay buffer...
training time:  13.289838314056396
evaluation time:  25.602540731430054
epoch time:  38.89240503311157


-------------------------------- Iteration 24 -------------------------------- 
{'reach-v1_success_rate': array(1., dtype=float32), 'push-v1_success_rate': array(0., dtype=float32), 'door-v1_success_rate': array(0., dtype=float32), 'drawer-open-v1_success_rate': array(0., dtype=float32), 'drawer-close-v1_success_rate': array(0., dtype=float32), 'button-press-topdown-v1_success_rate': array(0., dtype=float32), 'window-open-v1_success_rate': array(0., dtype=float32), 'window-close-v1_success_rate': array(1., dtype=float32), 'mean_success_rate': 0.25}

Training agent using sampled data from replay buffer...
training time:  13.153739213943481
evaluation time:  25.470803260803223
epoch time:  38.6245539188385


-------------------------------- Iteration 25 -------------------------------- 
{'reach-v1_success_rate': array(1., dtype=float32), 'push-v1_success_rate': array(0., dtype=float32), 'door-v1_success_rate': array(0., dtype=float32), 'drawer-open-v1_success_rate': array(1., dtype=float32), 'drawer-close-v1_success_rate': array(0., dtype=float32), 'button-press-topdown-v1_success_rate': array(1., dtype=float32), 'window-open-v1_success_rate': array(1., dtype=float32), 'window-close-v1_success_rate': array(0., dtype=float32), 'mean_success_rate': 0.5}

Training agent using sampled data from replay buffer...
training time:  13.205355644226074
evaluation time:  25.68669295310974
epoch time:  38.892075538635254


-------------------------------- Iteration 26 -------------------------------- 
{'reach-v1_success_rate': array(1., dtype=float32), 'push-v1_success_rate': array(0., dtype=float32), 'door-v1_success_rate': array(0., dtype=float32), 'drawer-open-v1_success_rate': array(0., dtype=float32), 'drawer-close-v1_success_rate': array(0., dtype=float32), 'button-press-topdown-v1_success_rate': array(0., dtype=float32), 'window-open-v1_success_rate': array(0., dtype=float32), 'window-close-v1_success_rate': array(1., dtype=float32), 'mean_success_rate': 0.25}

Training agent using sampled data from replay buffer...
training time:  13.252197504043579
evaluation time:  25.723893642425537
epoch time:  38.97611880302429


-------------------------------- Iteration 27 -------------------------------- 
{'reach-v1_success_rate': array(1., dtype=float32), 'push-v1_success_rate': array(1., dtype=float32), 'door-v1_success_rate': array(0., dtype=float32), 'drawer-open-v1_success_rate': array(1., dtype=float32), 'drawer-close-v1_success_rate': array(0., dtype=float32), 'button-press-topdown-v1_success_rate': array(0., dtype=float32), 'window-open-v1_success_rate': array(0., dtype=float32), 'window-close-v1_success_rate': array(1., dtype=float32), 'mean_success_rate': 0.5}

Training agent using sampled data from replay buffer...
training time:  13.335663557052612
evaluation time:  25.53861927986145
epoch time:  38.87429404258728


-------------------------------- Iteration 28 -------------------------------- 
{'reach-v1_success_rate': array(1., dtype=float32), 'push-v1_success_rate': array(0., dtype=float32), 'door-v1_success_rate': array(0., dtype=float32), 'drawer-open-v1_success_rate': array(0., dtype=float32), 'drawer-close-v1_success_rate': array(0., dtype=float32), 'button-press-topdown-v1_success_rate': array(0., dtype=float32), 'window-open-v1_success_rate': array(0., dtype=float32), 'window-close-v1_success_rate': array(1., dtype=float32), 'mean_success_rate': 0.25}

Training agent using sampled data from replay buffer...
training time:  13.261085748672485
evaluation time:  25.621726512908936
epoch time:  38.88283681869507


-------------------------------- Iteration 29 -------------------------------- 
{'reach-v1_success_rate': array(1., dtype=float32), 'push-v1_success_rate': array(0., dtype=float32), 'door-v1_success_rate': array(0., dtype=float32), 'drawer-open-v1_success_rate': array(0., dtype=float32), 'drawer-close-v1_success_rate': array(0., dtype=float32), 'button-press-topdown-v1_success_rate': array(0., dtype=float32), 'window-open-v1_success_rate': array(0., dtype=float32), 'window-close-v1_success_rate': array(1., dtype=float32), 'mean_success_rate': 0.25}

Training agent using sampled data from replay buffer...
training time:  13.35512113571167
evaluation time:  25.89197039604187
epoch time:  39.24711036682129


-------------------------------- Iteration 30 -------------------------------- 
{'reach-v1_success_rate': array(1., dtype=float32), 'push-v1_success_rate': array(0., dtype=float32), 'door-v1_success_rate': array(0., dtype=float32), 'drawer-open-v1_success_rate': array(0., dtype=float32), 'drawer-close-v1_success_rate': array(0., dtype=float32), 'button-press-topdown-v1_success_rate': array(1., dtype=float32), 'window-open-v1_success_rate': array(0., dtype=float32), 'window-close-v1_success_rate': array(1., dtype=float32), 'mean_success_rate': 0.375}

Training agent using sampled data from replay buffer...
training time:  13.468952655792236
evaluation time:  25.82219958305359
epoch time:  39.29117155075073


-------------------------------- Iteration 31 -------------------------------- 
{'reach-v1_success_rate': array(1., dtype=float32), 'push-v1_success_rate': array(0., dtype=float32), 'door-v1_success_rate': array(0., dtype=float32), 'drawer-open-v1_success_rate': array(0., dtype=float32), 'drawer-close-v1_success_rate': array(0., dtype=float32), 'button-press-topdown-v1_success_rate': array(1., dtype=float32), 'window-open-v1_success_rate': array(0., dtype=float32), 'window-close-v1_success_rate': array(1., dtype=float32), 'mean_success_rate': 0.375}

Training agent using sampled data from replay buffer...
training time:  13.4121675491333
evaluation time:  25.701658010482788
epoch time:  39.11386752128601


-------------------------------- Iteration 32 -------------------------------- 
{'reach-v1_success_rate': array(1., dtype=float32), 'push-v1_success_rate': array(0., dtype=float32), 'door-v1_success_rate': array(0., dtype=float32), 'drawer-open-v1_success_rate': array(0., dtype=float32), 'drawer-close-v1_success_rate': array(0., dtype=float32), 'button-press-topdown-v1_success_rate': array(0., dtype=float32), 'window-open-v1_success_rate': array(0., dtype=float32), 'window-close-v1_success_rate': array(0., dtype=float32), 'mean_success_rate': 0.125}

Training agent using sampled data from replay buffer...
training time:  13.413965463638306
evaluation time:  25.681114673614502
epoch time:  39.095096826553345


-------------------------------- Iteration 33 -------------------------------- 
{'reach-v1_success_rate': array(1., dtype=float32), 'push-v1_success_rate': array(0., dtype=float32), 'door-v1_success_rate': array(0., dtype=float32), 'drawer-open-v1_success_rate': array(0., dtype=float32), 'drawer-close-v1_success_rate': array(0., dtype=float32), 'button-press-topdown-v1_success_rate': array(0., dtype=float32), 'window-open-v1_success_rate': array(0., dtype=float32), 'window-close-v1_success_rate': array(0., dtype=float32), 'mean_success_rate': 0.125}

Training agent using sampled data from replay buffer...
training time:  13.5306236743927
evaluation time:  25.58829641342163
epoch time:  39.11895155906677


-------------------------------- Iteration 34 -------------------------------- 
{'reach-v1_success_rate': array(1., dtype=float32), 'push-v1_success_rate': array(1., dtype=float32), 'door-v1_success_rate': array(0., dtype=float32), 'drawer-open-v1_success_rate': array(0., dtype=float32), 'drawer-close-v1_success_rate': array(0., dtype=float32), 'button-press-topdown-v1_success_rate': array(0., dtype=float32), 'window-open-v1_success_rate': array(0., dtype=float32), 'window-close-v1_success_rate': array(1., dtype=float32), 'mean_success_rate': 0.375}

Training agent using sampled data from replay buffer...
training time:  13.413601636886597
evaluation time:  25.546366930007935
epoch time:  38.96001362800598


-------------------------------- Iteration 35 -------------------------------- 
{'reach-v1_success_rate': array(1., dtype=float32), 'push-v1_success_rate': array(0., dtype=float32), 'door-v1_success_rate': array(0., dtype=float32), 'drawer-open-v1_success_rate': array(0., dtype=float32), 'drawer-close-v1_success_rate': array(0., dtype=float32), 'button-press-topdown-v1_success_rate': array(0., dtype=float32), 'window-open-v1_success_rate': array(0., dtype=float32), 'window-close-v1_success_rate': array(1., dtype=float32), 'mean_success_rate': 0.25}

Training agent using sampled data from replay buffer...
training time:  13.500964879989624
evaluation time:  25.42406940460205
epoch time:  38.92504572868347


-------------------------------- Iteration 36 -------------------------------- 
{'reach-v1_success_rate': array(1., dtype=float32), 'push-v1_success_rate': array(0., dtype=float32), 'door-v1_success_rate': array(0., dtype=float32), 'drawer-open-v1_success_rate': array(0., dtype=float32), 'drawer-close-v1_success_rate': array(1., dtype=float32), 'button-press-topdown-v1_success_rate': array(0., dtype=float32), 'window-open-v1_success_rate': array(0., dtype=float32), 'window-close-v1_success_rate': array(1., dtype=float32), 'mean_success_rate': 0.375}

Training agent using sampled data from replay buffer...
training time:  13.722264051437378
evaluation time:  25.48937726020813
epoch time:  39.21166515350342


-------------------------------- Iteration 37 -------------------------------- 
{'reach-v1_success_rate': array(1., dtype=float32), 'push-v1_success_rate': array(1., dtype=float32), 'door-v1_success_rate': array(0., dtype=float32), 'drawer-open-v1_success_rate': array(0., dtype=float32), 'drawer-close-v1_success_rate': array(0., dtype=float32), 'button-press-topdown-v1_success_rate': array(1., dtype=float32), 'window-open-v1_success_rate': array(0., dtype=float32), 'window-close-v1_success_rate': array(1., dtype=float32), 'mean_success_rate': 0.5}

Training agent using sampled data from replay buffer...
training time:  13.630464553833008
evaluation time:  25.77469038963318
epoch time:  39.405176401138306


-------------------------------- Iteration 38 -------------------------------- 
{'reach-v1_success_rate': array(1., dtype=float32), 'push-v1_success_rate': array(0., dtype=float32), 'door-v1_success_rate': array(0., dtype=float32), 'drawer-open-v1_success_rate': array(1., dtype=float32), 'drawer-close-v1_success_rate': array(0., dtype=float32), 'button-press-topdown-v1_success_rate': array(1., dtype=float32), 'window-open-v1_success_rate': array(0., dtype=float32), 'window-close-v1_success_rate': array(1., dtype=float32), 'mean_success_rate': 0.5}

Training agent using sampled data from replay buffer...
training time:  13.624478578567505
evaluation time:  25.59393620491028
epoch time:  39.21842694282532


-------------------------------- Iteration 39 -------------------------------- 
{'reach-v1_success_rate': array(1., dtype=float32), 'push-v1_success_rate': array(0., dtype=float32), 'door-v1_success_rate': array(0., dtype=float32), 'drawer-open-v1_success_rate': array(0., dtype=float32), 'drawer-close-v1_success_rate': array(0., dtype=float32), 'button-press-topdown-v1_success_rate': array(0., dtype=float32), 'window-open-v1_success_rate': array(1., dtype=float32), 'window-close-v1_success_rate': array(1., dtype=float32), 'mean_success_rate': 0.375}

Training agent using sampled data from replay buffer...
training time:  13.778861999511719
evaluation time:  25.591059684753418
epoch time:  39.36995053291321


-------------------------------- Iteration 40 -------------------------------- 
{'reach-v1_success_rate': array(1., dtype=float32), 'push-v1_success_rate': array(0., dtype=float32), 'door-v1_success_rate': array(0., dtype=float32), 'drawer-open-v1_success_rate': array(0., dtype=float32), 'drawer-close-v1_success_rate': array(0., dtype=float32), 'button-press-topdown-v1_success_rate': array(0., dtype=float32), 'window-open-v1_success_rate': array(0., dtype=float32), 'window-close-v1_success_rate': array(1., dtype=float32), 'mean_success_rate': 0.25}

Training agent using sampled data from replay buffer...
training time:  13.76708436012268
evaluation time:  25.47300696372986
epoch time:  39.240126848220825


-------------------------------- Iteration 41 -------------------------------- 
{'reach-v1_success_rate': array(1., dtype=float32), 'push-v1_success_rate': array(0., dtype=float32), 'door-v1_success_rate': array(0., dtype=float32), 'drawer-open-v1_success_rate': array(1., dtype=float32), 'drawer-close-v1_success_rate': array(0., dtype=float32), 'button-press-topdown-v1_success_rate': array(0., dtype=float32), 'window-open-v1_success_rate': array(0., dtype=float32), 'window-close-v1_success_rate': array(1., dtype=float32), 'mean_success_rate': 0.375}

Training agent using sampled data from replay buffer...
training time:  13.790851831436157
evaluation time:  28.026044607162476
epoch time:  41.81690812110901


-------------------------------- Iteration 42 -------------------------------- 
{'reach-v1_success_rate': array(1., dtype=float32), 'push-v1_success_rate': array(1., dtype=float32), 'door-v1_success_rate': array(0., dtype=float32), 'drawer-open-v1_success_rate': array(1., dtype=float32), 'drawer-close-v1_success_rate': array(0., dtype=float32), 'button-press-topdown-v1_success_rate': array(1., dtype=float32), 'window-open-v1_success_rate': array(0., dtype=float32), 'window-close-v1_success_rate': array(1., dtype=float32), 'mean_success_rate': 0.625}

Training agent using sampled data from replay buffer...
training time:  13.945544719696045
evaluation time:  25.7614688873291
epoch time:  39.70705223083496


-------------------------------- Iteration 43 -------------------------------- 
{'reach-v1_success_rate': array(1., dtype=float32), 'push-v1_success_rate': array(0., dtype=float32), 'door-v1_success_rate': array(0., dtype=float32), 'drawer-open-v1_success_rate': array(0., dtype=float32), 'drawer-close-v1_success_rate': array(0., dtype=float32), 'button-press-topdown-v1_success_rate': array(1., dtype=float32), 'window-open-v1_success_rate': array(0., dtype=float32), 'window-close-v1_success_rate': array(0., dtype=float32), 'mean_success_rate': 0.25}

Training agent using sampled data from replay buffer...
training time:  13.955517292022705
evaluation time:  26.14425802230835
epoch time:  40.09981822967529


-------------------------------- Iteration 44 -------------------------------- 
{'reach-v1_success_rate': array(1., dtype=float32), 'push-v1_success_rate': array(0., dtype=float32), 'door-v1_success_rate': array(0., dtype=float32), 'drawer-open-v1_success_rate': array(0., dtype=float32), 'drawer-close-v1_success_rate': array(0., dtype=float32), 'button-press-topdown-v1_success_rate': array(0., dtype=float32), 'window-open-v1_success_rate': array(0., dtype=float32), 'window-close-v1_success_rate': array(0., dtype=float32), 'mean_success_rate': 0.125}

Training agent using sampled data from replay buffer...
training time:  13.965538024902344
evaluation time:  25.410036087036133
epoch time:  39.37558627128601


-------------------------------- Iteration 45 -------------------------------- 
{'reach-v1_success_rate': array(1., dtype=float32), 'push-v1_success_rate': array(0., dtype=float32), 'door-v1_success_rate': array(0., dtype=float32), 'drawer-open-v1_success_rate': array(0., dtype=float32), 'drawer-close-v1_success_rate': array(1., dtype=float32), 'button-press-topdown-v1_success_rate': array(1., dtype=float32), 'window-open-v1_success_rate': array(0., dtype=float32), 'window-close-v1_success_rate': array(0., dtype=float32), 'mean_success_rate': 0.375}

Training agent using sampled data from replay buffer...
training time:  14.160409927368164
evaluation time:  25.529995679855347
epoch time:  39.69042944908142


-------------------------------- Iteration 46 -------------------------------- 
{'reach-v1_success_rate': array(1., dtype=float32), 'push-v1_success_rate': array(0., dtype=float32), 'door-v1_success_rate': array(0., dtype=float32), 'drawer-open-v1_success_rate': array(0., dtype=float32), 'drawer-close-v1_success_rate': array(0., dtype=float32), 'button-press-topdown-v1_success_rate': array(1., dtype=float32), 'window-open-v1_success_rate': array(0., dtype=float32), 'window-close-v1_success_rate': array(1., dtype=float32), 'mean_success_rate': 0.375}

Training agent using sampled data from replay buffer...
training time:  14.05062747001648
evaluation time:  25.50043773651123
epoch time:  39.55110764503479


-------------------------------- Iteration 47 -------------------------------- 
{'reach-v1_success_rate': array(1., dtype=float32), 'push-v1_success_rate': array(0., dtype=float32), 'door-v1_success_rate': array(0., dtype=float32), 'drawer-open-v1_success_rate': array(0., dtype=float32), 'drawer-close-v1_success_rate': array(0., dtype=float32), 'button-press-topdown-v1_success_rate': array(0., dtype=float32), 'window-open-v1_success_rate': array(0., dtype=float32), 'window-close-v1_success_rate': array(1., dtype=float32), 'mean_success_rate': 0.25}

Training agent using sampled data from replay buffer...
training time:  14.118724822998047
evaluation time:  25.398279666900635
epoch time:  39.51701807975769


-------------------------------- Iteration 48 -------------------------------- 
{'reach-v1_success_rate': array(1., dtype=float32), 'push-v1_success_rate': array(0., dtype=float32), 'door-v1_success_rate': array(0., dtype=float32), 'drawer-open-v1_success_rate': array(1., dtype=float32), 'drawer-close-v1_success_rate': array(0., dtype=float32), 'button-press-topdown-v1_success_rate': array(1., dtype=float32), 'window-open-v1_success_rate': array(0., dtype=float32), 'window-close-v1_success_rate': array(1., dtype=float32), 'mean_success_rate': 0.5}

Training agent using sampled data from replay buffer...
training time:  14.074358701705933
evaluation time:  25.433313608169556
epoch time:  39.50769639015198


-------------------------------- Iteration 49 -------------------------------- 
{'reach-v1_success_rate': array(1., dtype=float32), 'push-v1_success_rate': array(0., dtype=float32), 'door-v1_success_rate': array(0., dtype=float32), 'drawer-open-v1_success_rate': array(1., dtype=float32), 'drawer-close-v1_success_rate': array(0., dtype=float32), 'button-press-topdown-v1_success_rate': array(0., dtype=float32), 'window-open-v1_success_rate': array(0., dtype=float32), 'window-close-v1_success_rate': array(1., dtype=float32), 'mean_success_rate': 0.375}

Training agent using sampled data from replay buffer...
training time:  14.209231853485107
evaluation time:  25.58538007736206
epoch time:  39.794636964797974


-------------------------------- Iteration 50 -------------------------------- 
{'reach-v1_success_rate': array(1., dtype=float32), 'push-v1_success_rate': array(0., dtype=float32), 'door-v1_success_rate': array(0., dtype=float32), 'drawer-open-v1_success_rate': array(1., dtype=float32), 'drawer-close-v1_success_rate': array(0., dtype=float32), 'button-press-topdown-v1_success_rate': array(1., dtype=float32), 'window-open-v1_success_rate': array(0., dtype=float32), 'window-close-v1_success_rate': array(1., dtype=float32), 'mean_success_rate': 0.5}

Training agent using sampled data from replay buffer...
training time:  14.115104675292969
evaluation time:  25.45589280128479
epoch time:  39.571009159088135


-------------------------------- Iteration 51 -------------------------------- 
{'reach-v1_success_rate': array(1., dtype=float32), 'push-v1_success_rate': array(0., dtype=float32), 'door-v1_success_rate': array(0., dtype=float32), 'drawer-open-v1_success_rate': array(1., dtype=float32), 'drawer-close-v1_success_rate': array(1., dtype=float32), 'button-press-topdown-v1_success_rate': array(0., dtype=float32), 'window-open-v1_success_rate': array(0., dtype=float32), 'window-close-v1_success_rate': array(1., dtype=float32), 'mean_success_rate': 0.5}

Training agent using sampled data from replay buffer...
training time:  14.12136697769165
evaluation time:  25.633248567581177
epoch time:  39.75463891029358


-------------------------------- Iteration 52 -------------------------------- 
{'reach-v1_success_rate': array(1., dtype=float32), 'push-v1_success_rate': array(0., dtype=float32), 'door-v1_success_rate': array(0., dtype=float32), 'drawer-open-v1_success_rate': array(1., dtype=float32), 'drawer-close-v1_success_rate': array(0., dtype=float32), 'button-press-topdown-v1_success_rate': array(0., dtype=float32), 'window-open-v1_success_rate': array(0., dtype=float32), 'window-close-v1_success_rate': array(1., dtype=float32), 'mean_success_rate': 0.375}

Training agent using sampled data from replay buffer...
training time:  14.29724931716919
evaluation time:  25.392486810684204
epoch time:  39.68976306915283


-------------------------------- Iteration 53 -------------------------------- 
{'reach-v1_success_rate': array(1., dtype=float32), 'push-v1_success_rate': array(0., dtype=float32), 'door-v1_success_rate': array(0., dtype=float32), 'drawer-open-v1_success_rate': array(1., dtype=float32), 'drawer-close-v1_success_rate': array(1., dtype=float32), 'button-press-topdown-v1_success_rate': array(1., dtype=float32), 'window-open-v1_success_rate': array(1., dtype=float32), 'window-close-v1_success_rate': array(0., dtype=float32), 'mean_success_rate': 0.625}

Training agent using sampled data from replay buffer...
training time:  14.307764768600464
evaluation time:  25.571490049362183
epoch time:  39.87926626205444


-------------------------------- Iteration 54 -------------------------------- 
{'reach-v1_success_rate': array(1., dtype=float32), 'push-v1_success_rate': array(1., dtype=float32), 'door-v1_success_rate': array(0., dtype=float32), 'drawer-open-v1_success_rate': array(1., dtype=float32), 'drawer-close-v1_success_rate': array(0., dtype=float32), 'button-press-topdown-v1_success_rate': array(1., dtype=float32), 'window-open-v1_success_rate': array(0., dtype=float32), 'window-close-v1_success_rate': array(1., dtype=float32), 'mean_success_rate': 0.625}

Training agent using sampled data from replay buffer...
training time:  14.442747831344604
evaluation time:  25.54482102394104
epoch time:  39.98759198188782


-------------------------------- Iteration 55 -------------------------------- 
{'reach-v1_success_rate': array(1., dtype=float32), 'push-v1_success_rate': array(0., dtype=float32), 'door-v1_success_rate': array(0., dtype=float32), 'drawer-open-v1_success_rate': array(1., dtype=float32), 'drawer-close-v1_success_rate': array(0., dtype=float32), 'button-press-topdown-v1_success_rate': array(0., dtype=float32), 'window-open-v1_success_rate': array(0., dtype=float32), 'window-close-v1_success_rate': array(1., dtype=float32), 'mean_success_rate': 0.375}

Training agent using sampled data from replay buffer...
training time:  14.580074310302734
evaluation time:  25.336732387542725
epoch time:  39.91684865951538


-------------------------------- Iteration 56 -------------------------------- 
{'reach-v1_success_rate': array(1., dtype=float32), 'push-v1_success_rate': array(0., dtype=float32), 'door-v1_success_rate': array(0., dtype=float32), 'drawer-open-v1_success_rate': array(0., dtype=float32), 'drawer-close-v1_success_rate': array(1., dtype=float32), 'button-press-topdown-v1_success_rate': array(1., dtype=float32), 'window-open-v1_success_rate': array(0., dtype=float32), 'window-close-v1_success_rate': array(1., dtype=float32), 'mean_success_rate': 0.5}

Training agent using sampled data from replay buffer...
training time:  14.688686847686768
evaluation time:  25.537790536880493
epoch time:  40.22648859024048


-------------------------------- Iteration 57 -------------------------------- 
{'reach-v1_success_rate': array(1., dtype=float32), 'push-v1_success_rate': array(0., dtype=float32), 'door-v1_success_rate': array(0., dtype=float32), 'drawer-open-v1_success_rate': array(0., dtype=float32), 'drawer-close-v1_success_rate': array(0., dtype=float32), 'button-press-topdown-v1_success_rate': array(1., dtype=float32), 'window-open-v1_success_rate': array(1., dtype=float32), 'window-close-v1_success_rate': array(1., dtype=float32), 'mean_success_rate': 0.5}

Training agent using sampled data from replay buffer...
training time:  14.783219814300537
evaluation time:  25.39220356941223
epoch time:  40.17544770240784


-------------------------------- Iteration 58 -------------------------------- 
{'reach-v1_success_rate': array(1., dtype=float32), 'push-v1_success_rate': array(0., dtype=float32), 'door-v1_success_rate': array(0., dtype=float32), 'drawer-open-v1_success_rate': array(0., dtype=float32), 'drawer-close-v1_success_rate': array(1., dtype=float32), 'button-press-topdown-v1_success_rate': array(0., dtype=float32), 'window-open-v1_success_rate': array(0., dtype=float32), 'window-close-v1_success_rate': array(1., dtype=float32), 'mean_success_rate': 0.375}

Training agent using sampled data from replay buffer...
training time:  14.992132186889648
evaluation time:  25.34617567062378
epoch time:  40.33834719657898


-------------------------------- Iteration 59 -------------------------------- 
{'reach-v1_success_rate': array(1., dtype=float32), 'push-v1_success_rate': array(1., dtype=float32), 'door-v1_success_rate': array(0., dtype=float32), 'drawer-open-v1_success_rate': array(0., dtype=float32), 'drawer-close-v1_success_rate': array(0., dtype=float32), 'button-press-topdown-v1_success_rate': array(1., dtype=float32), 'window-open-v1_success_rate': array(0., dtype=float32), 'window-close-v1_success_rate': array(1., dtype=float32), 'mean_success_rate': 0.5}

Training agent using sampled data from replay buffer...
training time:  15.234528064727783
evaluation time:  25.54410219192505
epoch time:  40.778642654418945


-------------------------------- Iteration 60 -------------------------------- 
{'reach-v1_success_rate': array(1., dtype=float32), 'push-v1_success_rate': array(0., dtype=float32), 'door-v1_success_rate': array(0., dtype=float32), 'drawer-open-v1_success_rate': array(0., dtype=float32), 'drawer-close-v1_success_rate': array(0., dtype=float32), 'button-press-topdown-v1_success_rate': array(1., dtype=float32), 'window-open-v1_success_rate': array(1., dtype=float32), 'window-close-v1_success_rate': array(1., dtype=float32), 'mean_success_rate': 0.5}

Training agent using sampled data from replay buffer...
training time:  15.589779376983643
evaluation time:  25.539288997650146
epoch time:  41.129093170166016


-------------------------------- Iteration 61 -------------------------------- 
{'reach-v1_success_rate': array(1., dtype=float32), 'push-v1_success_rate': array(0., dtype=float32), 'door-v1_success_rate': array(0., dtype=float32), 'drawer-open-v1_success_rate': array(1., dtype=float32), 'drawer-close-v1_success_rate': array(1., dtype=float32), 'button-press-topdown-v1_success_rate': array(1., dtype=float32), 'window-open-v1_success_rate': array(0., dtype=float32), 'window-close-v1_success_rate': array(1., dtype=float32), 'mean_success_rate': 0.625}

Training agent using sampled data from replay buffer...
training time:  15.812096118927002
evaluation time:  33.48471236228943
epoch time:  49.29683065414429


-------------------------------- Iteration 62 -------------------------------- 
{'reach-v1_success_rate': array(1., dtype=float32), 'push-v1_success_rate': array(0., dtype=float32), 'door-v1_success_rate': array(0., dtype=float32), 'drawer-open-v1_success_rate': array(0., dtype=float32), 'drawer-close-v1_success_rate': array(0., dtype=float32), 'button-press-topdown-v1_success_rate': array(0., dtype=float32), 'window-open-v1_success_rate': array(0., dtype=float32), 'window-close-v1_success_rate': array(0., dtype=float32), 'mean_success_rate': 0.125}

Training agent using sampled data from replay buffer...
training time:  15.982850313186646
evaluation time:  25.342297315597534
epoch time:  41.32516026496887


-------------------------------- Iteration 63 -------------------------------- 
{'reach-v1_success_rate': array(1., dtype=float32), 'push-v1_success_rate': array(1., dtype=float32), 'door-v1_success_rate': array(0., dtype=float32), 'drawer-open-v1_success_rate': array(0., dtype=float32), 'drawer-close-v1_success_rate': array(0., dtype=float32), 'button-press-topdown-v1_success_rate': array(1., dtype=float32), 'window-open-v1_success_rate': array(0., dtype=float32), 'window-close-v1_success_rate': array(0., dtype=float32), 'mean_success_rate': 0.375}

Training agent using sampled data from replay buffer...
training time:  16.107534885406494
evaluation time:  26.169479608535767
epoch time:  42.27702832221985


-------------------------------- Iteration 64 -------------------------------- 
{'reach-v1_success_rate': array(1., dtype=float32), 'push-v1_success_rate': array(1., dtype=float32), 'door-v1_success_rate': array(0., dtype=float32), 'drawer-open-v1_success_rate': array(1., dtype=float32), 'drawer-close-v1_success_rate': array(1., dtype=float32), 'button-press-topdown-v1_success_rate': array(1., dtype=float32), 'window-open-v1_success_rate': array(0., dtype=float32), 'window-close-v1_success_rate': array(1., dtype=float32), 'mean_success_rate': 0.75}

Training agent using sampled data from replay buffer...
training time:  16.047876358032227
evaluation time:  25.463896989822388
epoch time:  41.511798620224


-------------------------------- Iteration 65 -------------------------------- 
{'reach-v1_success_rate': array(1., dtype=float32), 'push-v1_success_rate': array(1., dtype=float32), 'door-v1_success_rate': array(0., dtype=float32), 'drawer-open-v1_success_rate': array(0., dtype=float32), 'drawer-close-v1_success_rate': array(0., dtype=float32), 'button-press-topdown-v1_success_rate': array(0., dtype=float32), 'window-open-v1_success_rate': array(0., dtype=float32), 'window-close-v1_success_rate': array(1., dtype=float32), 'mean_success_rate': 0.375}

Training agent using sampled data from replay buffer...
training time:  16.136860847473145
evaluation time:  25.55134129524231
epoch time:  41.68822193145752


-------------------------------- Iteration 66 -------------------------------- 
{'reach-v1_success_rate': array(1., dtype=float32), 'push-v1_success_rate': array(0., dtype=float32), 'door-v1_success_rate': array(0., dtype=float32), 'drawer-open-v1_success_rate': array(1., dtype=float32), 'drawer-close-v1_success_rate': array(0., dtype=float32), 'button-press-topdown-v1_success_rate': array(1., dtype=float32), 'window-open-v1_success_rate': array(0., dtype=float32), 'window-close-v1_success_rate': array(1., dtype=float32), 'mean_success_rate': 0.5}

Training agent using sampled data from replay buffer...
training time:  16.079763412475586
evaluation time:  25.50779676437378
epoch time:  41.587581634521484


-------------------------------- Iteration 67 -------------------------------- 
{'reach-v1_success_rate': array(1., dtype=float32), 'push-v1_success_rate': array(0., dtype=float32), 'door-v1_success_rate': array(0., dtype=float32), 'drawer-open-v1_success_rate': array(0., dtype=float32), 'drawer-close-v1_success_rate': array(0., dtype=float32), 'button-press-topdown-v1_success_rate': array(0., dtype=float32), 'window-open-v1_success_rate': array(0., dtype=float32), 'window-close-v1_success_rate': array(1., dtype=float32), 'mean_success_rate': 0.25}

Training agent using sampled data from replay buffer...
training time:  16.103102445602417
evaluation time:  28.48202347755432
epoch time:  44.58516788482666


-------------------------------- Iteration 68 -------------------------------- 
{'reach-v1_success_rate': array(1., dtype=float32), 'push-v1_success_rate': array(1., dtype=float32), 'door-v1_success_rate': array(0., dtype=float32), 'drawer-open-v1_success_rate': array(0., dtype=float32), 'drawer-close-v1_success_rate': array(1., dtype=float32), 'button-press-topdown-v1_success_rate': array(0., dtype=float32), 'window-open-v1_success_rate': array(1., dtype=float32), 'window-close-v1_success_rate': array(1., dtype=float32), 'mean_success_rate': 0.625}

Training agent using sampled data from replay buffer...
training time:  16.263516902923584
evaluation time:  25.402427434921265
epoch time:  41.66596508026123


-------------------------------- Iteration 69 -------------------------------- 
{'reach-v1_success_rate': array(1., dtype=float32), 'push-v1_success_rate': array(0., dtype=float32), 'door-v1_success_rate': array(0., dtype=float32), 'drawer-open-v1_success_rate': array(1., dtype=float32), 'drawer-close-v1_success_rate': array(0., dtype=float32), 'button-press-topdown-v1_success_rate': array(0., dtype=float32), 'window-open-v1_success_rate': array(0., dtype=float32), 'window-close-v1_success_rate': array(1., dtype=float32), 'mean_success_rate': 0.375}

Training agent using sampled data from replay buffer...
training time:  16.270526885986328
evaluation time:  25.32581400871277
epoch time:  41.59635281562805


-------------------------------- Iteration 70 -------------------------------- 
{'reach-v1_success_rate': array(1., dtype=float32), 'push-v1_success_rate': array(1., dtype=float32), 'door-v1_success_rate': array(0., dtype=float32), 'drawer-open-v1_success_rate': array(1., dtype=float32), 'drawer-close-v1_success_rate': array(0., dtype=float32), 'button-press-topdown-v1_success_rate': array(1., dtype=float32), 'window-open-v1_success_rate': array(0., dtype=float32), 'window-close-v1_success_rate': array(1., dtype=float32), 'mean_success_rate': 0.625}

Training agent using sampled data from replay buffer...
training time:  16.3213107585907
evaluation time:  25.699947357177734
epoch time:  42.0212938785553


-------------------------------- Iteration 71 -------------------------------- 
{'reach-v1_success_rate': array(1., dtype=float32), 'push-v1_success_rate': array(0., dtype=float32), 'door-v1_success_rate': array(0., dtype=float32), 'drawer-open-v1_success_rate': array(1., dtype=float32), 'drawer-close-v1_success_rate': array(0., dtype=float32), 'button-press-topdown-v1_success_rate': array(0., dtype=float32), 'window-open-v1_success_rate': array(0., dtype=float32), 'window-close-v1_success_rate': array(1., dtype=float32), 'mean_success_rate': 0.375}

Training agent using sampled data from replay buffer...
training time:  16.346619129180908
evaluation time:  26.89145565032959
epoch time:  43.23809766769409


-------------------------------- Iteration 72 -------------------------------- 
{'reach-v1_success_rate': array(1., dtype=float32), 'push-v1_success_rate': array(0., dtype=float32), 'door-v1_success_rate': array(0., dtype=float32), 'drawer-open-v1_success_rate': array(1., dtype=float32), 'drawer-close-v1_success_rate': array(0., dtype=float32), 'button-press-topdown-v1_success_rate': array(0., dtype=float32), 'window-open-v1_success_rate': array(0., dtype=float32), 'window-close-v1_success_rate': array(1., dtype=float32), 'mean_success_rate': 0.375}

Training agent using sampled data from replay buffer...
training time:  16.543701887130737
evaluation time:  25.571627378463745
epoch time:  42.11534881591797


-------------------------------- Iteration 73 -------------------------------- 
{'reach-v1_success_rate': array(1., dtype=float32), 'push-v1_success_rate': array(1., dtype=float32), 'door-v1_success_rate': array(0., dtype=float32), 'drawer-open-v1_success_rate': array(1., dtype=float32), 'drawer-close-v1_success_rate': array(0., dtype=float32), 'button-press-topdown-v1_success_rate': array(0., dtype=float32), 'window-open-v1_success_rate': array(0., dtype=float32), 'window-close-v1_success_rate': array(1., dtype=float32), 'mean_success_rate': 0.5}

Training agent using sampled data from replay buffer...
training time:  16.515289068222046
evaluation time:  25.377928733825684
epoch time:  41.89323449134827


-------------------------------- Iteration 74 -------------------------------- 
{'reach-v1_success_rate': array(1., dtype=float32), 'push-v1_success_rate': array(0., dtype=float32), 'door-v1_success_rate': array(0., dtype=float32), 'drawer-open-v1_success_rate': array(1., dtype=float32), 'drawer-close-v1_success_rate': array(0., dtype=float32), 'button-press-topdown-v1_success_rate': array(1., dtype=float32), 'window-open-v1_success_rate': array(0., dtype=float32), 'window-close-v1_success_rate': array(1., dtype=float32), 'mean_success_rate': 0.5}

Training agent using sampled data from replay buffer...
training time:  16.967223644256592
evaluation time:  25.490036725997925
epoch time:  42.457273960113525


-------------------------------- Iteration 75 -------------------------------- 
{'reach-v1_success_rate': array(1., dtype=float32), 'push-v1_success_rate': array(1., dtype=float32), 'door-v1_success_rate': array(0., dtype=float32), 'drawer-open-v1_success_rate': array(0., dtype=float32), 'drawer-close-v1_success_rate': array(0., dtype=float32), 'button-press-topdown-v1_success_rate': array(1., dtype=float32), 'window-open-v1_success_rate': array(0., dtype=float32), 'window-close-v1_success_rate': array(1., dtype=float32), 'mean_success_rate': 0.5}

Training agent using sampled data from replay buffer...
training time:  16.592130422592163
evaluation time:  25.553572177886963
epoch time:  42.145726919174194


-------------------------------- Iteration 76 -------------------------------- 
{'reach-v1_success_rate': array(1., dtype=float32), 'push-v1_success_rate': array(1., dtype=float32), 'door-v1_success_rate': array(0., dtype=float32), 'drawer-open-v1_success_rate': array(0., dtype=float32), 'drawer-close-v1_success_rate': array(0., dtype=float32), 'button-press-topdown-v1_success_rate': array(0., dtype=float32), 'window-open-v1_success_rate': array(0., dtype=float32), 'window-close-v1_success_rate': array(1., dtype=float32), 'mean_success_rate': 0.375}

Training agent using sampled data from replay buffer...
training time:  17.059616804122925
evaluation time:  25.29735255241394
epoch time:  42.35698890686035


-------------------------------- Iteration 77 -------------------------------- 
{'reach-v1_success_rate': array(1., dtype=float32), 'push-v1_success_rate': array(1., dtype=float32), 'door-v1_success_rate': array(0., dtype=float32), 'drawer-open-v1_success_rate': array(1., dtype=float32), 'drawer-close-v1_success_rate': array(0., dtype=float32), 'button-press-topdown-v1_success_rate': array(1., dtype=float32), 'window-open-v1_success_rate': array(0., dtype=float32), 'window-close-v1_success_rate': array(1., dtype=float32), 'mean_success_rate': 0.625}

Training agent using sampled data from replay buffer...
training time:  16.680378675460815
evaluation time:  25.716382265090942
epoch time:  42.396777629852295


-------------------------------- Iteration 78 -------------------------------- 
{'reach-v1_success_rate': array(1., dtype=float32), 'push-v1_success_rate': array(0., dtype=float32), 'door-v1_success_rate': array(0., dtype=float32), 'drawer-open-v1_success_rate': array(0., dtype=float32), 'drawer-close-v1_success_rate': array(0., dtype=float32), 'button-press-topdown-v1_success_rate': array(0., dtype=float32), 'window-open-v1_success_rate': array(0., dtype=float32), 'window-close-v1_success_rate': array(1., dtype=float32), 'mean_success_rate': 0.25}

Training agent using sampled data from replay buffer...
training time:  16.65338683128357
evaluation time:  25.602590322494507
epoch time:  42.2559916973114


-------------------------------- Iteration 79 -------------------------------- 
{'reach-v1_success_rate': array(1., dtype=float32), 'push-v1_success_rate': array(0., dtype=float32), 'door-v1_success_rate': array(0., dtype=float32), 'drawer-open-v1_success_rate': array(0., dtype=float32), 'drawer-close-v1_success_rate': array(0., dtype=float32), 'button-press-topdown-v1_success_rate': array(1., dtype=float32), 'window-open-v1_success_rate': array(0., dtype=float32), 'window-close-v1_success_rate': array(1., dtype=float32), 'mean_success_rate': 0.375}

Training agent using sampled data from replay buffer...
training time:  16.66806650161743
evaluation time:  25.675681352615356
epoch time:  42.343790769577026


-------------------------------- Iteration 80 -------------------------------- 
{'reach-v1_success_rate': array(1., dtype=float32), 'push-v1_success_rate': array(0., dtype=float32), 'door-v1_success_rate': array(0., dtype=float32), 'drawer-open-v1_success_rate': array(1., dtype=float32), 'drawer-close-v1_success_rate': array(0., dtype=float32), 'button-press-topdown-v1_success_rate': array(0., dtype=float32), 'window-open-v1_success_rate': array(0., dtype=float32), 'window-close-v1_success_rate': array(1., dtype=float32), 'mean_success_rate': 0.375}

Training agent using sampled data from replay buffer...
training time:  16.777693510055542
evaluation time:  25.609391689300537
epoch time:  42.38710308074951


-------------------------------- Iteration 81 -------------------------------- 
{'reach-v1_success_rate': array(1., dtype=float32), 'push-v1_success_rate': array(0., dtype=float32), 'door-v1_success_rate': array(0., dtype=float32), 'drawer-open-v1_success_rate': array(0., dtype=float32), 'drawer-close-v1_success_rate': array(1., dtype=float32), 'button-press-topdown-v1_success_rate': array(0., dtype=float32), 'window-open-v1_success_rate': array(0., dtype=float32), 'window-close-v1_success_rate': array(1., dtype=float32), 'mean_success_rate': 0.375}

Training agent using sampled data from replay buffer...
training time:  16.69129252433777
evaluation time:  25.459126710891724
epoch time:  42.150445222854614


-------------------------------- Iteration 82 -------------------------------- 
{'reach-v1_success_rate': array(1., dtype=float32), 'push-v1_success_rate': array(1., dtype=float32), 'door-v1_success_rate': array(0., dtype=float32), 'drawer-open-v1_success_rate': array(0., dtype=float32), 'drawer-close-v1_success_rate': array(0., dtype=float32), 'button-press-topdown-v1_success_rate': array(1., dtype=float32), 'window-open-v1_success_rate': array(0., dtype=float32), 'window-close-v1_success_rate': array(1., dtype=float32), 'mean_success_rate': 0.5}

Training agent using sampled data from replay buffer...
training time:  17.07621669769287
evaluation time:  25.298584699630737
epoch time:  42.374847173690796


-------------------------------- Iteration 83 -------------------------------- 
{'reach-v1_success_rate': array(1., dtype=float32), 'push-v1_success_rate': array(0., dtype=float32), 'door-v1_success_rate': array(0., dtype=float32), 'drawer-open-v1_success_rate': array(0., dtype=float32), 'drawer-close-v1_success_rate': array(0., dtype=float32), 'button-press-topdown-v1_success_rate': array(1., dtype=float32), 'window-open-v1_success_rate': array(0., dtype=float32), 'window-close-v1_success_rate': array(1., dtype=float32), 'mean_success_rate': 0.375}

Training agent using sampled data from replay buffer...
training time:  16.681310892105103
evaluation time:  25.70952844619751
epoch time:  42.39086127281189


-------------------------------- Iteration 84 -------------------------------- 
{'reach-v1_success_rate': array(1., dtype=float32), 'push-v1_success_rate': array(0., dtype=float32), 'door-v1_success_rate': array(0., dtype=float32), 'drawer-open-v1_success_rate': array(1., dtype=float32), 'drawer-close-v1_success_rate': array(0., dtype=float32), 'button-press-topdown-v1_success_rate': array(1., dtype=float32), 'window-open-v1_success_rate': array(0., dtype=float32), 'window-close-v1_success_rate': array(1., dtype=float32), 'mean_success_rate': 0.5}

Training agent using sampled data from replay buffer...
training time:  16.937939405441284
evaluation time:  25.369738340377808
epoch time:  42.30768895149231


-------------------------------- Iteration 85 -------------------------------- 
{'reach-v1_success_rate': array(0., dtype=float32), 'push-v1_success_rate': array(0., dtype=float32), 'door-v1_success_rate': array(0., dtype=float32), 'drawer-open-v1_success_rate': array(1., dtype=float32), 'drawer-close-v1_success_rate': array(0., dtype=float32), 'button-press-topdown-v1_success_rate': array(1., dtype=float32), 'window-open-v1_success_rate': array(0., dtype=float32), 'window-close-v1_success_rate': array(0., dtype=float32), 'mean_success_rate': 0.25}

Training agent using sampled data from replay buffer...
training time:  16.841163635253906
evaluation time:  25.72153401374817
epoch time:  42.562711000442505


-------------------------------- Iteration 86 -------------------------------- 
{'reach-v1_success_rate': array(1., dtype=float32), 'push-v1_success_rate': array(0., dtype=float32), 'door-v1_success_rate': array(0., dtype=float32), 'drawer-open-v1_success_rate': array(0., dtype=float32), 'drawer-close-v1_success_rate': array(0., dtype=float32), 'button-press-topdown-v1_success_rate': array(1., dtype=float32), 'window-open-v1_success_rate': array(0., dtype=float32), 'window-close-v1_success_rate': array(1., dtype=float32), 'mean_success_rate': 0.375}

Training agent using sampled data from replay buffer...
training time:  16.871224403381348
evaluation time:  25.68934988975525
epoch time:  42.56059956550598


-------------------------------- Iteration 87 -------------------------------- 
{'reach-v1_success_rate': array(1., dtype=float32), 'push-v1_success_rate': array(0., dtype=float32), 'door-v1_success_rate': array(0., dtype=float32), 'drawer-open-v1_success_rate': array(0., dtype=float32), 'drawer-close-v1_success_rate': array(0., dtype=float32), 'button-press-topdown-v1_success_rate': array(0., dtype=float32), 'window-open-v1_success_rate': array(0., dtype=float32), 'window-close-v1_success_rate': array(1., dtype=float32), 'mean_success_rate': 0.25}

Training agent using sampled data from replay buffer...
training time:  17.01544189453125
evaluation time:  25.322185754776
epoch time:  42.33764624595642


-------------------------------- Iteration 88 -------------------------------- 
{'reach-v1_success_rate': array(1., dtype=float32), 'push-v1_success_rate': array(0., dtype=float32), 'door-v1_success_rate': array(0., dtype=float32), 'drawer-open-v1_success_rate': array(0., dtype=float32), 'drawer-close-v1_success_rate': array(0., dtype=float32), 'button-press-topdown-v1_success_rate': array(1., dtype=float32), 'window-open-v1_success_rate': array(0., dtype=float32), 'window-close-v1_success_rate': array(1., dtype=float32), 'mean_success_rate': 0.375}

Training agent using sampled data from replay buffer...
training time:  17.395668268203735
evaluation time:  25.48864197731018
epoch time:  42.88432765007019


-------------------------------- Iteration 89 -------------------------------- 
{'reach-v1_success_rate': array(1., dtype=float32), 'push-v1_success_rate': array(0., dtype=float32), 'door-v1_success_rate': array(0., dtype=float32), 'drawer-open-v1_success_rate': array(1., dtype=float32), 'drawer-close-v1_success_rate': array(0., dtype=float32), 'button-press-topdown-v1_success_rate': array(0., dtype=float32), 'window-open-v1_success_rate': array(0., dtype=float32), 'window-close-v1_success_rate': array(1., dtype=float32), 'mean_success_rate': 0.375}

Training agent using sampled data from replay buffer...
training time:  17.10786533355713
evaluation time:  25.598042964935303
epoch time:  42.70592260360718


-------------------------------- Iteration 90 -------------------------------- 
{'reach-v1_success_rate': array(1., dtype=float32), 'push-v1_success_rate': array(0., dtype=float32), 'door-v1_success_rate': array(0., dtype=float32), 'drawer-open-v1_success_rate': array(0., dtype=float32), 'drawer-close-v1_success_rate': array(0., dtype=float32), 'button-press-topdown-v1_success_rate': array(1., dtype=float32), 'window-open-v1_success_rate': array(0., dtype=float32), 'window-close-v1_success_rate': array(0., dtype=float32), 'mean_success_rate': 0.25}

Training agent using sampled data from replay buffer...
training time:  17.12646794319153
evaluation time:  25.802186965942383
epoch time:  42.92868113517761


-------------------------------- Iteration 91 -------------------------------- 
{'reach-v1_success_rate': array(1., dtype=float32), 'push-v1_success_rate': array(0., dtype=float32), 'door-v1_success_rate': array(0., dtype=float32), 'drawer-open-v1_success_rate': array(0., dtype=float32), 'drawer-close-v1_success_rate': array(0., dtype=float32), 'button-press-topdown-v1_success_rate': array(0., dtype=float32), 'window-open-v1_success_rate': array(0., dtype=float32), 'window-close-v1_success_rate': array(1., dtype=float32), 'mean_success_rate': 0.25}

Training agent using sampled data from replay buffer...
training time:  17.260942697525024
evaluation time:  25.546778678894043
epoch time:  42.80776405334473


-------------------------------- Iteration 92 -------------------------------- 
{'reach-v1_success_rate': array(1., dtype=float32), 'push-v1_success_rate': array(0., dtype=float32), 'door-v1_success_rate': array(0., dtype=float32), 'drawer-open-v1_success_rate': array(0., dtype=float32), 'drawer-close-v1_success_rate': array(1., dtype=float32), 'button-press-topdown-v1_success_rate': array(1., dtype=float32), 'window-open-v1_success_rate': array(0., dtype=float32), 'window-close-v1_success_rate': array(1., dtype=float32), 'mean_success_rate': 0.5}

Training agent using sampled data from replay buffer...
training time:  17.3001708984375
evaluation time:  25.372454166412354
epoch time:  42.67264676094055


-------------------------------- Iteration 93 -------------------------------- 
{'reach-v1_success_rate': array(1., dtype=float32), 'push-v1_success_rate': array(0., dtype=float32), 'door-v1_success_rate': array(0., dtype=float32), 'drawer-open-v1_success_rate': array(0., dtype=float32), 'drawer-close-v1_success_rate': array(0., dtype=float32), 'button-press-topdown-v1_success_rate': array(1., dtype=float32), 'window-open-v1_success_rate': array(0., dtype=float32), 'window-close-v1_success_rate': array(1., dtype=float32), 'mean_success_rate': 0.375}

Training agent using sampled data from replay buffer...
training time:  17.351233959197998
evaluation time:  25.594640254974365
epoch time:  42.9458863735199


-------------------------------- Iteration 94 -------------------------------- 
{'reach-v1_success_rate': array(1., dtype=float32), 'push-v1_success_rate': array(0., dtype=float32), 'door-v1_success_rate': array(0., dtype=float32), 'drawer-open-v1_success_rate': array(1., dtype=float32), 'drawer-close-v1_success_rate': array(1., dtype=float32), 'button-press-topdown-v1_success_rate': array(0., dtype=float32), 'window-open-v1_success_rate': array(0., dtype=float32), 'window-close-v1_success_rate': array(0., dtype=float32), 'mean_success_rate': 0.375}

Training agent using sampled data from replay buffer...
training time:  17.351335048675537
evaluation time:  25.546836376190186
epoch time:  42.89821743965149


-------------------------------- Iteration 95 -------------------------------- 
<string>:6: FutureWarning: The input object of type 'Tensor' is an array-like implementing one of the corresponding protocols (`__array__`, `__array_interface__` or `__array_struct__`); but not a sequence (or 0-D). In the future, this object will be coerced as if it was first converted using `np.array(obj)`. To retain the old behaviour, you have to either modify the type 'Tensor', or assign to an empty array created with `np.empty(correct_shape, dtype=object)`.
<string>:6: VisibleDeprecationWarning: Creating an ndarray from ragged nested sequences (which is a list-or-tuple of lists-or-tuples-or ndarrays with different lengths or shapes) is deprecated. If you meant to do this, you must specify 'dtype=object' when creating the ndarray.
{'reach-v1_success_rate': array(1., dtype=float32), 'push-v1_success_rate': array(0., dtype=float32), 'door-v1_success_rate': array(0., dtype=float32), 'drawer-open-v1_success_rate': array(1., dtype=float32), 'drawer-close-v1_success_rate': array(0., dtype=float32), 'button-press-topdown-v1_success_rate': array(0., dtype=float32), 'window-open-v1_success_rate': array(0., dtype=float32), 'window-close-v1_success_rate': array(1., dtype=float32), 'mean_success_rate': 0.375}

Training agent using sampled data from replay buffer...
training time:  17.677451372146606
evaluation time:  25.331639289855957
epoch time:  43.00911355018616


-------------------------------- Iteration 96 -------------------------------- 
{'reach-v1_success_rate': array(1., dtype=float32), 'push-v1_success_rate': array(0., dtype=float32), 'door-v1_success_rate': array(0., dtype=float32), 'drawer-open-v1_success_rate': array(1., dtype=float32), 'drawer-close-v1_success_rate': array(0., dtype=float32), 'button-press-topdown-v1_success_rate': array(1., dtype=float32), 'window-open-v1_success_rate': array(0., dtype=float32), 'window-close-v1_success_rate': array(1., dtype=float32), 'mean_success_rate': 0.5}

Training agent using sampled data from replay buffer...
training time:  17.509923458099365
evaluation time:  25.405466556549072
epoch time:  42.915411710739136


-------------------------------- Iteration 97 -------------------------------- 
{'reach-v1_success_rate': array(1., dtype=float32), 'push-v1_success_rate': array(0., dtype=float32), 'door-v1_success_rate': array(0., dtype=float32), 'drawer-open-v1_success_rate': array(0., dtype=float32), 'drawer-close-v1_success_rate': array(0., dtype=float32), 'button-press-topdown-v1_success_rate': array(0., dtype=float32), 'window-open-v1_success_rate': array(0., dtype=float32), 'window-close-v1_success_rate': array(1., dtype=float32), 'mean_success_rate': 0.25}

Training agent using sampled data from replay buffer...
training time:  17.391133308410645
evaluation time:  25.701104640960693
epoch time:  43.0922577381134


-------------------------------- Iteration 98 -------------------------------- 
{'reach-v1_success_rate': array(1., dtype=float32), 'push-v1_success_rate': array(0., dtype=float32), 'door-v1_success_rate': array(0., dtype=float32), 'drawer-open-v1_success_rate': array(0., dtype=float32), 'drawer-close-v1_success_rate': array(0., dtype=float32), 'button-press-topdown-v1_success_rate': array(0., dtype=float32), 'window-open-v1_success_rate': array(0., dtype=float32), 'window-close-v1_success_rate': array(0., dtype=float32), 'mean_success_rate': 0.125}

Training agent using sampled data from replay buffer...
training time:  17.54119110107422
evaluation time:  25.489257335662842
epoch time:  43.03046536445618


-------------------------------- Iteration 99 -------------------------------- 
{'reach-v1_success_rate': array(1., dtype=float32), 'push-v1_success_rate': array(0., dtype=float32), 'door-v1_success_rate': array(0., dtype=float32), 'drawer-open-v1_success_rate': array(0., dtype=float32), 'drawer-close-v1_success_rate': array(0., dtype=float32), 'button-press-topdown-v1_success_rate': array(1., dtype=float32), 'window-open-v1_success_rate': array(0., dtype=float32), 'window-close-v1_success_rate': array(1., dtype=float32), 'mean_success_rate': 0.375}

Training agent using sampled data from replay buffer...
training time:  17.52332067489624
evaluation time:  25.44705104827881
epoch time:  42.97039771080017
Done
