/var/lib/slurm/slurmd/job3515608/slurm_script: line 9: batch_scripts/MT50_batch/seed.sh: No such file or directory
SLURM_JOBID=3515608
working directory=/viscam/u/jialugao/Imitation-SoftModule
########################
logging outputs to  /viscam/u/jialugao/Imitation-SoftModule/data/Base_bc_reach_hammer-v1_2640.000125-01-2022_23-01-56
########################
{'expert_policy_file': '../Multi-Task-RL/log/MT50_Single_Task/hammer-v1/Fixed/238/model/model_pf_best.pth', 'exp_name': 'bc_reach', 'do_dagger': False, 'ep_len': 200, 'gradient_steps': 1, 'n_iter': 10000, 'render_interval': 1, 'eval_interval': 200, 'batch_size': 64, 'eval_batch_size': 32, 'train_batch_size': 32, 'n_layers': 2, 'size': 400, 'learning_rate': 0.0001, 'video_log_freq': -1, 'scalar_log_freq': 1, 'no_gpu': False, 'which_gpu': 0, 'max_replay_buffer_size': 1000000, 'save_params': False, 'seed': 32, 'worker_nums': 1, 'eval_worker_nums': 1, 'config': 'config/BC.json', 'no_cuda': True, 'random_init': False, 'device': 'cpu', 'id': 'MT50_Single_Task', 'task_name': 'hammer-v1', 'task_env': 'MT50_task_env', 'cuda': False, 'log_dir': '/viscam/u/jialugao/Imitation-SoftModule/data/Base_bc_reach_hammer-v1_2640.000125-01-2022_23-01-56', 'agent_class': <class 'agents.bc_agent.MLPAgent'>, 'agent_params': {'n_layers': 2, 'size': 400, 'learning_rate': 0.0001, 'max_replay_buffer_size': 1000000, 'discrete': False, 'ac_dim': 4, 'ob_dim': 9}}
{'env_name': 'single_task', 'env': {'reward_scale': 1, 'obs_norm': False}, 'meta_env': {'obs_type': 'with_goal', 'random_init': False}, 'replay_buffer': {'size': 1000000.0}, 'net': {'hidden_shapes': [400, 400], 'append_hidden_shapes': [400], 'base_type': <class 'networks.base.MLPBase'>}, 'general_setting': {'discount': 0.99, 'pretrain_epochs': 20, 'num_epochs': 7500, 'epoch_frames': 200, 'max_episode_frames': 200, 'batch_size': 1280, 'min_pool': 10000, 'target_hard_update_period': 1000, 'use_soft_update': True, 'tau': 0.005, 'opt_times': 200, 'eval_episodes': 100, 'train_render': False, 'eval_render': False, 'env': <NormAct<RewardShift<SingleWrapperNone>>>, 'logger': <utils.logger.Logger object at 0x7f45328f1d90>, 'device': device(type='cpu')}, 'sac': {'plr': 0.0003, 'qlr': 0.0003, 'reparameterization': True, 'automatic_entropy_tuning': True, 'policy_std_reg_weight': 0, 'policy_mean_reg_weight': 0}}
Loading expert policy from... ../Multi-Task-RL/log/MT50_Single_Task/hammer-v1/Fixed/238/model/model_pf_best.pth
tensor([[-2.4801e-02, -2.8752e-02, -2.1325e-01,  ..., -7.3227e-02,
         -2.0032e-02, -6.5887e-02],
        [-5.5590e-04, -4.3783e-02, -5.1445e-02,  ..., -3.6692e-02,
         -1.4842e-02, -8.3428e-02],
        [-1.5941e-01, -1.9955e-01, -3.5395e-01,  ..., -3.9833e-02,
         -2.6734e-02, -4.8592e-02],
        ...,
        [ 1.4074e+00, -1.3625e-01,  5.6062e-02,  ...,  2.0847e-02,
         -2.8275e-02, -2.3503e-02],
        [-1.3547e-01, -3.5503e-02, -8.9740e-02,  ..., -6.7051e-02,
          2.3174e-02, -2.4981e-03],
        [ 3.8115e-02, -1.9528e-02, -1.5188e-01,  ..., -6.4579e-02,
         -5.7607e-02, -2.5341e-02]])
Done restoring expert policy...
<NormAct<RewardShift<AugObs<SawyerHammerEnv instance>>>>


-------------------------------- Iteration 0 -------------------------------- 
initial ob: [-0.03265025  0.5148823   0.23687374  0.          0.6         0.02
  0.24        0.74        0.11        0.24        0.74        0.11      ]
expert:[ 0.76763105 -0.5792697  -0.9335104  -0.6300593 ]
expert:[ 0.6528771  -0.5929237  -0.92977226 -0.5155412 ]
expert:[ 0.53896487 -0.60746783 -0.93921345 -0.4036082 ]
expert:[ 0.46442646 -0.5865485  -0.94276285 -0.37569997]
expert:[ 0.4760168 -0.5246706 -0.9355631 -0.4146186]
expert:[ 0.51151264 -0.49179196 -0.9290799  -0.47915637]
expert:[ 0.7112923  -0.47595164 -0.9411322  -0.54424185]
expert:[ 0.8806034  -0.5146595  -0.968968   -0.65315545]
expert:[ 0.944465   -0.6055368  -0.98648363 -0.7794277 ]
expert:[ 0.9727864 -0.7182207 -0.9950999 -0.8805574]
expert:[ 0.9871523  -0.80331504 -0.9983665  -0.9345053 ]
expert:[ 0.99295145 -0.83653677 -0.99930996 -0.958103  ]
expert:[ 0.9946318 -0.8234615 -0.9995972 -0.9596164]
expert:[ 0.99526596 -0.7808373  -0.999779   -0.9621919 ]
expert:[ 0.9886439  -0.6560822  -0.9994234  -0.89996994]
expert:[ 0.9515791  -0.46722388 -0.99547315 -0.56227165]
expert:[ 0.91153085 -0.3674131  -0.9884872  -0.2455721 ]
expert:[ 0.8998859  -0.35410726 -0.98654795 -0.16137831]
expert:[ 0.89839387 -0.36369252 -0.98682785 -0.12760867]
expert:[ 0.8718776  -0.3209341  -0.9811471   0.05127247]
expert:[ 0.83008635 -0.24437979 -0.97086257  0.25131714]
expert:[ 0.74310184 -0.14236163 -0.94064033  0.4866052 ]
expert:[ 0.7016921  -0.0889094  -0.91857994  0.59129936]
expert:[ 0.42987946  0.0481213  -0.6343468   0.8160719 ]
expert:[ 0.20061113  0.12041746 -0.13463888  0.8848447 ]
expert:[0.09702806 0.13694714 0.15630934 0.9020009 ]
expert:[0.06041535 0.14750959 0.29643267 0.9122824 ]
expert:[0.05355675 0.15689981 0.35061353 0.9190058 ]
expert:[0.05058702 0.16106291 0.36923578 0.92355645]
expert:[0.04892607 0.16522846 0.3750014  0.925828  ]
expert:[0.04782036 0.16870022 0.37284505 0.92712456]
expert:[0.04652226 0.17096815 0.36431223 0.9282149 ]
expert:[0.04649993 0.16979271 0.34433055 0.9293326 ]
expert:[0.04570729 0.17153105 0.3240329  0.93100023]
expert:[0.04705534 0.17151456 0.30379575 0.93299264]
expert:[0.05817563 0.17036836 0.28952795 0.93573046]
expert:[0.07660934 0.16939767 0.25725192 0.938158  ]
expert:[0.09683853 0.16886966 0.21298267 0.9403187 ]
expert:[0.11566313 0.16902053 0.16073811 0.9417407 ]
expert:[0.13358496 0.17006087 0.11124398 0.94289285]
expert:[0.14755742 0.17194256 0.07466523 0.9440885 ]
expert:[0.15599446 0.1744672  0.05033948 0.9452565 ]
expert:[0.16182765 0.17785285 0.0409447  0.9461312 ]
expert:[0.16388024 0.18137597 0.03795327 0.94703406]
expert:[0.1632035  0.18488644 0.03905355 0.9479033 ]
expert:[0.15998839 0.18856703 0.04522965 0.94886583]
expert:[0.15484616 0.19243611 0.05455614 0.94993496]
expert:[0.14849597 0.19646154 0.0652718  0.951088  ]
expert:[0.14197645 0.20048404 0.07608829 0.9522052 ]
expert:[0.13584132 0.2044758  0.0858779  0.9532739 ]
expert:[0.13023815 0.2083883  0.09418038 0.95427966]
expert:[0.12582622 0.21222551 0.09925148 0.95517707]
expert:[0.12260363 0.21599734 0.10131999 0.9559903 ]
expert:[0.11983859 0.2198233  0.09923433 0.956746  ]
expert:[0.11824486 0.22322366 0.09365419 0.9573924 ]
expert:[0.11718776 0.22542945 0.08064509 0.9576158 ]
expert:[0.11620791 0.22723457 0.06217269 0.9576426 ]
expert:[0.11299022 0.22951359 0.0434887  0.9575363 ]
expert:[0.10892036 0.23190884 0.02798507 0.9574829 ]
expert:[0.10368325 0.2344758  0.01690038 0.95750886]
expert:[0.09718258 0.2372252  0.01063094 0.95762044]
expert:[0.08926117 0.24015063 0.00891049 0.957804  ]
expert:[0.07852382 0.24371105 0.01124858 0.9579586 ]
expert:[0.06746191 0.24722376 0.01541163 0.95812196]
expert:[0.05649559 0.25059268 0.01977015 0.95824945]
expert:[0.04599487 0.25373524 0.02290352 0.9583027 ]
expert:[0.03625757 0.25664863 0.02388086 0.95823354]
expert:[0.0274166  0.25930852 0.02216993 0.95803577]
expert:[0.02011574 0.26290736 0.01816221 0.9574539 ]
expert:[0.01352309 0.26611575 0.01186636 0.95677936]
expert:[0.00746231 0.26899937 0.00400626 0.95602393]
expert:[ 0.00172657  0.27163363 -0.00455777  0.95520306]
expert:[-0.00382085  0.2740662  -0.01320272  0.95432276]
expert:[-0.00917892  0.27629218 -0.0217996   0.9533698 ]
expert:[-0.01485712  0.27840668 -0.02834805  0.95239466]
expert:[-0.02084239  0.28049493 -0.03294186  0.951426  ]
expert:[-0.02691569  0.28169242 -0.03558344  0.95048416]
expert:[-0.03321803  0.28293413 -0.03672241  0.94954014]
expert:[-0.03907736  0.2842251  -0.03703927  0.9485953 ]
expert:[-0.04458956  0.28548747 -0.0370757   0.9476265 ]
expert:[-0.0497551   0.28664857 -0.03737527  0.9466103 ]
expert:[-0.05436027  0.287645   -0.03857353  0.9455086 ]
expert:[-0.05872709  0.28847453 -0.04059504  0.9443191 ]
expert:[-0.06286011  0.2891523  -0.04328139  0.94305754]
expert:[-0.06671552  0.2896685  -0.04677101  0.94170964]
expert:[-0.07040171  0.29008642 -0.05056385  0.94029707]
expert:[-0.07397922  0.2904496  -0.05433756  0.9388317 ]
expert:[-0.0774904   0.29079184 -0.05785282  0.93732184]
expert:[-0.08097126  0.29114228 -0.0609131   0.93577313]
expert:[-0.08446363  0.29153553 -0.0633177   0.93418133]
expert:[-0.08792403  0.29193085 -0.06531549  0.9325467 ]
expert:[-0.09137192  0.29234874 -0.0667899   0.93087876]
expert:[-0.09468038  0.2928092  -0.06748548  0.9292616 ]
expert:[-0.09604072  0.29297304 -0.06826556  0.92857105]
expert:[-0.09626317  0.2928183  -0.07028376  0.9282647 ]
expert:[-0.09479594  0.2915614  -0.07873777  0.92767835]
expert:[-0.09389518  0.29069686 -0.08501459  0.92719746]
expert:[-0.09359387  0.29020217 -0.08929283  0.9268026 ]
expert:[-0.09373147  0.28997594 -0.09208129  0.9264634 ]
expert:[-0.09410318  0.28987586 -0.09420811  0.9261303 ]
expert:[-0.09456546  0.28978887 -0.09646844  0.92575824]
expert:[-0.09427294  0.28907785 -0.10301675  0.9250976 ]
expert:[-0.09346072  0.2879272  -0.11255547  0.924217  ]
expert:[-0.09336855  0.28728577 -0.11882568  0.923497  ]
expert:[-0.09396502  0.28712672 -0.12206838  0.92293197]
expert:[-0.09478249  0.28709453 -0.12463191  0.9223814 ]
expert:[-0.09569702  0.2870981  -0.12710778  0.9218106 ]
expert:[-0.0966389   0.28708583 -0.12982155  0.9211992 ]
expert:[-0.0975988   0.2870523  -0.13280639  0.9205451 ]
expert:[-0.09865706  0.28706145 -0.1356346   0.9198774 ]
expert:[-0.09976828  0.28707847 -0.13853356  0.9191804 ]
expert:[-0.10096513  0.28691882 -0.14227293  0.9182807 ]
expert:[-0.10228762  0.28664985 -0.14670287  0.9172341 ]
expert:[-0.10357673  0.28630722 -0.15168211  0.9161058 ]
expert:[-0.1049213   0.28596354 -0.15676162  0.914931  ]
expert:[-0.10630189  0.28560543 -0.1620139   0.91370255]
expert:[-0.10764358  0.285179   -0.16774668  0.91239345]
expert:[-0.1089395  0.2847023 -0.1739171  0.9110033]
expert:[-0.11028997  0.2842291  -0.18014173  0.9095639 ]
expert:[-0.11165752  0.283735   -0.18654698  0.90806204]
expert:[-0.11299375  0.28319177 -0.19325817  0.90648323]
expert:[-0.11437396  0.28264543 -0.200056    0.9048471 ]
expert:[-0.11576842  0.28208572 -0.2069519   0.903152  ]
expert:[-0.11699717  0.2816138  -0.21405396  0.90129393]
expert:[-0.11369017  0.27826124 -0.24235532  0.8966097 ]
expert:[-0.10640395  0.2723409  -0.28622022  0.8895131 ]
expert:[-0.10045256  0.26749575 -0.31923962  0.8834792 ]
expert:[-0.09607856  0.26371637 -0.3440758   0.87832785]
expert:[-0.09302286  0.26178387 -0.34819308  0.87581086]
expert:[-0.09255449  0.26147988 -0.34324816  0.8746448 ]
expert:[-0.0936571   0.2613918  -0.34478673  0.8726933 ]
expert:[-0.09498456  0.26123294 -0.34880054  0.8703785 ]
expert:[-0.09619854  0.26093453 -0.35421157  0.8678064 ]
expert:[-0.0977727   0.26045364 -0.3599032   0.8651189 ]
expert:[-0.07668382  0.24249242 -0.46222603  0.84267306]
expert:[-0.02501346  0.20695421 -0.595543    0.7922121 ]
expert:[-0.02165575  0.19519757 -0.57773286  0.76983565]
expert:[-0.0722573  0.1979764 -0.4473928  0.7963749]
expert:[-0.08371641  0.20009074 -0.41014114  0.8048528 ]
expert:[-0.08841756  0.20224243 -0.38825992  0.8119181 ]
expert:[-0.09125641  0.20399255 -0.37237468  0.81706953]
expert:[-0.09333444  0.20525123 -0.3605023   0.8208072 ]
expert:[-0.09468034  0.20610452 -0.3520449   0.8234646 ]
expert:[-0.09556688  0.20668109 -0.34587303  0.82540035]
expert:[-0.09623741  0.20709282 -0.3410188   0.8268887 ]
expert:[-0.09686711  0.207421   -0.3367781   0.82811964]
expert:[-0.09755338  0.20771517 -0.33272925  0.8292096 ]
expert:[-0.09833547  0.20800108 -0.32865685  0.8302246 ]
expert:[-0.09921919  0.2082899  -0.32447204  0.831199  ]
expert:[-0.10012413  0.20857786 -0.32044733  0.8320883 ]
expert:[-0.10108337  0.20886898 -0.31638294  0.83294535]
expert:[-0.10209545  0.20916282 -0.31223166  0.83378816]
expert:[-0.10314029  0.20945504 -0.3080334   0.8346145 ]
expert:[-0.10419789  0.20974034 -0.30383667  0.8354191 ]
expert:[-0.10525393  0.21001542 -0.29967245  0.8361997 ]
expert:[-0.10629968  0.21027814 -0.2955577   0.8369559 ]
expert:[-0.10732852  0.2105274  -0.29150495  0.8376878 ]
expert:[-0.10833486  0.21076165 -0.28752768  0.8383944 ]
expert:[-0.10931405  0.21097971 -0.2836377   0.8390751 ]
expert:[-0.1102616   0.21118103 -0.27984485  0.83972836]
expert:[-0.11117023  0.21137275 -0.27614766  0.84034324]
expert:[-0.11204285  0.21154596 -0.27256155  0.84093076]
expert:[-0.11286841  0.21169665 -0.26912707  0.8414842 ]
expert:[-0.11366127  0.2118303  -0.2657878   0.84201455]
expert:[-0.11437581  0.21197426 -0.26238072  0.842551  ]
expert:[-0.11501702  0.2121219  -0.25894982  0.8430854 ]
expert:[-0.11561818  0.21224909 -0.25564912  0.8435915 ]
expert:[-0.11617915  0.21235573 -0.25247943  0.8440695 ]
expert:[-0.11671039  0.21243888 -0.24947226  0.84452116]
expert:[-0.11720672  0.21249978 -0.24661538  0.84494585]
expert:[-0.11766155  0.21254025 -0.2438912   0.8453432 ]
expert:[-0.1180755   0.21256031 -0.24130036  0.8457132 ]
expert:[-0.11844802  0.21255986 -0.23884407  0.84605575]
expert:[-0.11871482  0.2125144  -0.23686308  0.8463092 ]
expert:[-0.11893376  0.212446   -0.23505312  0.84652954]
expert:[-0.11911096  0.21236047 -0.23334624  0.84672916]
expert:[-0.11920079  0.21228099 -0.23153692  0.8469426 ]
expert:[-0.11925335  0.21218221 -0.22985013  0.8471322 ]
expert:[-0.1192698   0.21206886 -0.22828643  0.8473024 ]
expert:[-0.11925122  0.21195167 -0.2268686   0.84745914]
expert:[-0.11916222  0.21183757 -0.2254222   0.8476162 ]
expert:[-0.11902779  0.21170908 -0.22407778  0.847751  ]
expert:[-0.11886039  0.21156128 -0.22287677  0.8478577 ]
expert:[-0.11866225  0.21139592 -0.22180445  0.84793955]
expert:[-0.11843524  0.21121415 -0.22085072  0.8479987 ]
expert:[-0.11821976  0.21104027 -0.22006276  0.84803456]
expert:[-0.11799167  0.21086124 -0.2194973   0.84803593]
expert:[-0.11761722  0.21065287 -0.21959479  0.8479744 ]
expert:[-0.11699638  0.21040274 -0.22013777  0.8479216 ]
expert:[-0.1161666   0.21010946 -0.22074047  0.84791756]
expert:[-0.11524411  0.20974177 -0.22185262  0.8477951 ]
expert:[-0.11425959  0.20930566 -0.22348845  0.8475429 ]
expert:[-0.11322318  0.2088071  -0.22555989  0.847179  ]
expert:[-0.11211424  0.20821291 -0.22794287  0.8467254 ]
expert:[-0.11096874  0.20758234 -0.23063816  0.84619313]
expert:[-0.10979356  0.20693932 -0.23356494  0.8456039 ]
expert:[-0.10858655  0.20627686 -0.23670526  0.8449617 ]
expert:[-0.10732958  0.2055771  -0.24017425  0.84424233]
expert:[-0.10604869  0.2048583  -0.243756    0.84349   ]
expert:[-0.10472893  0.20411453 -0.24751545  0.842694  ]
expert_success: 1.0
path_length: 200
