/var/lib/slurm/slurmd/job3515604/slurm_script: line 9: batch_scripts/MT50_batch/seed.sh: No such file or directory
SLURM_JOBID=3515604
working directory=/viscam/u/jialugao/Imitation-SoftModule
########################
logging outputs to  /viscam/u/jialugao/Imitation-SoftModule/data/Base_bc_reach_peg-unplug-side-v1_2640.000125-01-2022_23-01-54
########################
{'expert_policy_file': '../Multi-Task-RL/log/MT50_Single_Task/peg-unplug-side-v1/Fixed/238/model/model_pf_best.pth', 'exp_name': 'bc_reach', 'do_dagger': False, 'ep_len': 200, 'gradient_steps': 1, 'n_iter': 10000, 'render_interval': 1, 'eval_interval': 200, 'batch_size': 64, 'eval_batch_size': 32, 'train_batch_size': 32, 'n_layers': 2, 'size': 400, 'learning_rate': 0.0001, 'video_log_freq': -1, 'scalar_log_freq': 1, 'no_gpu': False, 'which_gpu': 0, 'max_replay_buffer_size': 1000000, 'save_params': False, 'seed': 32, 'worker_nums': 1, 'eval_worker_nums': 1, 'config': 'config/BC.json', 'no_cuda': True, 'random_init': False, 'device': 'cpu', 'id': 'MT50_Single_Task', 'task_name': 'peg-unplug-side-v1', 'task_env': 'MT50_task_env', 'cuda': False, 'log_dir': '/viscam/u/jialugao/Imitation-SoftModule/data/Base_bc_reach_peg-unplug-side-v1_2640.000125-01-2022_23-01-54', 'agent_class': <class 'agents.bc_agent.MLPAgent'>, 'agent_params': {'n_layers': 2, 'size': 400, 'learning_rate': 0.0001, 'max_replay_buffer_size': 1000000, 'discrete': False, 'ac_dim': 4, 'ob_dim': 9}}
{'env_name': 'single_task', 'env': {'reward_scale': 1, 'obs_norm': False}, 'meta_env': {'obs_type': 'with_goal', 'random_init': False}, 'replay_buffer': {'size': 1000000.0}, 'net': {'hidden_shapes': [400, 400], 'append_hidden_shapes': [400], 'base_type': <class 'networks.base.MLPBase'>}, 'general_setting': {'discount': 0.99, 'pretrain_epochs': 20, 'num_epochs': 7500, 'epoch_frames': 200, 'max_episode_frames': 200, 'batch_size': 1280, 'min_pool': 10000, 'target_hard_update_period': 1000, 'use_soft_update': True, 'tau': 0.005, 'opt_times': 200, 'eval_episodes': 100, 'train_render': False, 'eval_render': False, 'env': <NormAct<RewardShift<SingleWrapperNone>>>, 'logger': <utils.logger.Logger object at 0x7f2217239a50>, 'device': device(type='cpu')}, 'sac': {'plr': 0.0003, 'qlr': 0.0003, 'reparameterization': True, 'automatic_entropy_tuning': True, 'policy_std_reg_weight': 0, 'policy_mean_reg_weight': 0}}
Loading expert policy from... ../Multi-Task-RL/log/MT50_Single_Task/peg-unplug-side-v1/Fixed/238/model/model_pf_best.pth
tensor([[-0.1557, -0.0476, -0.1754,  ...,  0.0258, -0.0456, -0.0915],
        [-0.0611, -0.0447, -0.1030,  ...,  0.0604, -0.0200, -0.0897],
        [-0.4123, -0.2843, -0.2747,  ...,  0.0906, -0.0813, -0.1031],
        ...,
        [-0.0216, -0.0762, -0.0432,  ...,  0.0765, -0.0462, -0.0412],
        [-0.5310,  0.0494, -0.3628,  ...,  0.0275, -0.0291, -0.0548],
        [-0.2399,  0.2561, -0.5229,  ...,  0.0642, -0.0992, -0.0673]])
Done restoring expert policy...
<NormAct<RewardShift<AugObs<SawyerPegUnplugSideEnv instance>>>>


-------------------------------- Iteration 0 -------------------------------- 
initial ob: [-0.03265005  0.51488463  0.2368774  -0.165       0.6         0.02
 -0.005       0.6         0.02       -0.005       0.6         0.02      ]
expert:[-0.9908231  -0.9773625  -0.9906066  -0.98355466]
expert:[-0.9912034 -0.9797535 -0.990134  -0.9841546]
expert:[-0.99169844 -0.9807849  -0.9900514  -0.9850266 ]
expert:[-0.9917539 -0.9806354 -0.9899415 -0.9852627]
expert:[-0.99172425 -0.97909695 -0.98987806 -0.9851056 ]
expert:[-0.99169505 -0.97645193 -0.98986876 -0.98477435]
expert:[-0.9917336  -0.97226775 -0.9899882  -0.98429924]
expert:[-0.99173373 -0.96625274 -0.99012077 -0.98362005]
expert:[-0.991867   -0.9565829  -0.99047047 -0.982815  ]
expert:[-0.99226046 -0.93668914 -0.9908569  -0.98153174]
expert:[-0.9887385  -0.87843215 -0.9874019  -0.9784556 ]
expert:[-0.99037755  0.9975129  -0.3325596   0.9939684 ]
expert:[-0.99340063  0.9964326  -0.13783495  0.9929599 ]
expert:[-0.99390185  0.9966189  -0.3456643   0.99284774]
expert:[-0.9942384   0.99740607 -0.640674    0.99410045]
expert:[-0.9942179   0.9980622  -0.8616189   0.99541736]
expert:[-0.9933554   0.9982987  -0.9369612   0.99612236]
expert:[-0.9854786   0.9958201  -0.90848076  0.99154073]
expert:[-0.57364213  0.98715746 -0.7122913   0.95226103]
expert:[ 0.22854747  0.9807359  -0.7235396   0.9355123 ]
expert:[ 0.7052951  0.9796746 -0.7998669  0.9438993]
expert:[ 0.91246676  0.97996205 -0.8697885   0.9550419 ]
expert:[ 0.9538794   0.9814184  -0.91161686  0.96407974]
expert:[ 0.9551281   0.98195904 -0.91326606  0.96534795]
expert:[ 0.9493317  0.9821602 -0.9080831  0.9649502]
expert:[ 0.9439703   0.98262036 -0.9049968   0.96522766]
expert:[ 0.93979895  0.98281944 -0.9020411   0.96515155]
expert:[ 0.9367179   0.9828557  -0.89934796  0.96496624]
expert:[ 0.93436545  0.98274237 -0.8965981   0.9646245 ]
expert:[ 0.9321587   0.98245674 -0.8931556   0.9639773 ]
expert:[ 0.92957723  0.98198426 -0.888464    0.9629176 ]
expert:[ 0.92662674  0.9814126  -0.8829016   0.9616481 ]
expert:[ 0.9233838   0.98083395 -0.87673074  0.9602577 ]
expert:[ 0.91963524  0.9802317  -0.8698978   0.95866555]
expert:[ 0.9136202   0.97952867 -0.8619569   0.9569044 ]
expert:[ 0.9056516  0.9786082 -0.8523791  0.9546968]
expert:[ 0.8961865  0.9775429 -0.8409947  0.9519101]
expert:[ 0.8855017   0.97641355 -0.8276377   0.9486718 ]
expert:[ 0.87217146  0.97536117 -0.8129201   0.94527054]
expert:[ 0.8572159  0.9743025 -0.798455   0.9417806]
expert:[ 0.83953667  0.973156   -0.782227    0.9379185 ]
expert:[ 0.81688756  0.97122484 -0.76290137  0.93212914]
expert:[ 0.78278965  0.96843034 -0.74109     0.9246886 ]
expert:[ 0.7216097   0.9634371  -0.712923    0.91305995]
expert:[ 0.61651486  0.9552414  -0.67628306  0.89517343]
expert:[ 0.4547002   0.942584   -0.63096976  0.86925846]
expert:[ 0.25118744  0.92606854 -0.5842059   0.83637685]
expert:[-0.01595259  0.9058085  -0.53270066  0.79821193]
expert:[-0.2759192   0.8815807  -0.49371332  0.76343703]
expert:[-0.47296327  0.85505444 -0.46390238  0.7301498 ]
expert:[-0.609464    0.83028966 -0.43267813  0.6917993 ]
expert:[-0.7084872   0.8001568  -0.40122336  0.6445612 ]
expert:[-0.8770108   0.5033447  -0.09147569 -0.18518734]
expert:[-0.9824554 -0.8903156 -0.9822778 -0.9787122]
expert:[-0.9903789  -0.956524   -0.989029   -0.99225974]
expert:[-0.9923541  -0.967842   -0.9908947  -0.99358356]
expert:[-0.99262697 -0.96900386 -0.99092835 -0.9936882 ]
expert:[-0.99263346 -0.9685296  -0.9908569  -0.99376535]
expert:[-0.9924444 -0.9669303 -0.9906857 -0.9937449]
expert:[-0.991863   -0.96366584 -0.9902027  -0.99337554]
expert:[-0.9911483  -0.95961636 -0.98947513 -0.9928797 ]
expert:[-0.9903942 -0.9551251 -0.9886707 -0.9923302]
expert:[-0.9896552 -0.9523371 -0.9877776 -0.9918163]
expert:[-0.98898345 -0.95077    -0.986549   -0.9913858 ]
expert:[-0.98759437 -0.95072925 -0.98437494 -0.9906533 ]
expert:[-0.98291504 -0.9511121  -0.97657114 -0.9887572 ]
expert:[-0.9652531  -0.9440421  -0.95108163 -0.98509693]
expert:[-0.75801057 -0.88221    -0.6942783  -0.97835636]
expert:[ 0.3277691  -0.6131025   0.45153823 -0.94744533]
expert:[ 0.5239946  -0.39900273  0.6861079  -0.91063875]
expert:[ 0.563536   -0.34292895  0.6993067  -0.8962063 ]
expert:[ 0.5344492  -0.48506552  0.5221717  -0.92129993]
expert:[ 0.42827347 -0.6901301   0.07721283 -0.95537114]
expert:[-0.0534502  -0.8339821  -0.57839054 -0.9745708 ]
expert:[-0.6534322 -0.9076097 -0.8897982 -0.9833912]
expert:[-0.7536627 -0.916213  -0.9199644 -0.9844603]
expert:[-0.46148545 -0.8708713  -0.77806264 -0.97891825]
expert:[ 0.12668256 -0.76397866 -0.26798874 -0.9634739 ]
expert:[ 0.20639263 -0.63010806  0.13272318 -0.93648005]
expert:[ 0.2471452  -0.5225655   0.41251865 -0.8988185 ]
expert:[ 0.22973184 -0.49252498  0.46643084 -0.8794137 ]
expert:[ 0.16428116 -0.5236522   0.36635995 -0.8869344 ]
expert:[ 0.03952743 -0.5809166   0.11329144 -0.91167855]
expert:[-0.13941595 -0.6285006  -0.22615525 -0.9362116 ]
expert:[-0.26378787 -0.64584434 -0.4348437  -0.9496603 ]
expert:[-0.32077515 -0.62936294 -0.46558917 -0.9481213 ]
expert:[-0.29193193 -0.5843906  -0.33273175 -0.92938656]
expert:[-0.23845689 -0.5236582  -0.12339912 -0.8953269 ]
expert:[-0.19389571 -0.47414666  0.0481989  -0.85951173]
expert:[-0.15308884 -0.38890094  0.3347377  -0.80023795]
expert:[-0.16728093 -0.29168737  0.51371807 -0.7410512 ]
expert:[-0.20072052 -0.23085757  0.5621208  -0.70074147]
expert:[-0.20935558 -0.22261377  0.4887328  -0.6932987 ]
expert:[-0.18453678 -0.23529798  0.2919236  -0.7105173 ]
expert:[-0.17340961 -0.24542281  0.00825914 -0.7386221 ]
expert:[-0.13770209 -0.24569961 -0.30888474 -0.75354624]
expert:[-0.09738677 -0.23566252 -0.4747372  -0.7470066 ]
expert:[-0.05598812 -0.21303634 -0.47031334 -0.7099483 ]
expert:[-0.04445903 -0.18412249 -0.31552708 -0.643359  ]
expert:[-0.07147454 -0.12491425 -0.05621115 -0.5535842 ]
expert:[-0.11728985 -0.01771263  0.21536894 -0.44422814]
expert:[-0.13391665  0.10582435  0.40658978 -0.3556192 ]
expert:[-0.09218083  0.18285172  0.47207576 -0.31714362]
expert:[-0.04677691  0.1579459   0.40302393 -0.31151158]
expert:[-0.00404566  0.04721685  0.20287478 -0.33773687]
expert:[ 0.07815884 -0.07936524 -0.09345796 -0.39345568]
expert:[ 0.15864697 -0.15867496 -0.32506824 -0.44234362]
expert:[ 0.19540372 -0.19656834 -0.43521205 -0.4731477 ]
expert:[ 0.17797378 -0.19685374 -0.42088577 -0.47836703]
expert:[ 0.11017423 -0.16441338 -0.28943107 -0.4597944 ]
expert:[ 0.00785469 -0.09987511 -0.0583321  -0.42497584]
expert:[-0.09401803 -0.02072308  0.1849657  -0.38008365]
expert:[-0.13630211  0.06027908  0.32701337 -0.3462999 ]
expert:[-0.13908547  0.09416567  0.3638812  -0.33345646]
expert:[-0.12382017  0.06317384  0.30903706 -0.33737034]
expert:[-0.09061093 -0.01872468  0.17386566 -0.35778385]
expert:[-0.02128637 -0.10030111 -0.01171702 -0.38579428]
expert:[ 0.06072089 -0.163917   -0.20377487 -0.40936798]
expert:[ 0.11545338 -0.20141456 -0.31776792 -0.41869637]
expert:[ 0.12435842 -0.21127203 -0.33180174 -0.40731466]
expert:[ 0.08898677 -0.18673587 -0.26314518 -0.37830576]
expert:[ 0.03070166 -0.1287668  -0.14143297 -0.34248325]
expert:[-0.00310903 -0.02686333  0.02351429 -0.30134326]
expert:[ 0.04349499  0.17590465  0.10393315 -0.21972363]
expert:[ 0.07933053  0.32463026  0.12113938 -0.12925048]
expert:[ 0.05412079  0.3368447   0.15385403 -0.1323703 ]
expert:[-0.0338266   0.23507556  0.21837935 -0.22113788]
expert:[-0.13118172  0.07845435  0.24832223 -0.31623122]
expert:[-0.15401827 -0.01838679  0.17073153 -0.36553118]
expert:[-0.11907727 -0.08422034  0.06344775 -0.40688723]
expert:[-0.06087025 -0.1311843  -0.0633764  -0.43264973]
expert:[ 0.00451161 -0.16301313 -0.18530928 -0.4429944 ]
expert:[ 0.04741727 -0.18039444 -0.24142937 -0.43305123]
expert:[ 0.0575414  -0.17777276 -0.2222527  -0.4036775 ]
expert:[ 0.04280666 -0.14504011 -0.15930927 -0.36537164]
expert:[ 0.02288836 -0.08152117 -0.05704569 -0.32349208]
expert:[ 0.0295631   0.00741956  0.05501714 -0.28258935]
expert:[ 0.08849843  0.15019737  0.09711628 -0.2308961 ]
expert:[ 0.09864669  0.22736451  0.11633787 -0.19229414]
expert:[ 0.04859588  0.19273135  0.13715099 -0.22080378]
expert:[-0.05123651  0.06941829  0.1568832  -0.289793  ]
expert:[-0.10180198 -0.01410312  0.11529844 -0.33567747]
expert:[-0.10247104 -0.07535648  0.03461289 -0.37340006]
expert:[-0.07592235 -0.11153566 -0.04089285 -0.39613354]
expert:[-0.0415526  -0.13666387 -0.10747328 -0.40172625]
expert:[-0.01290183 -0.14660007 -0.1466294  -0.3917524 ]
expert:[ 0.00238953 -0.14019576 -0.14961338 -0.36884046]
expert:[ 0.00768374 -0.11358627 -0.11755191 -0.33550185]
expert:[ 0.02748624 -0.05337251 -0.04681741 -0.29738033]
expert:[ 0.10264762  0.09521031 -0.01851988 -0.23137373]
expert:[ 0.14752951  0.24170564 -0.00562352 -0.14385736]
expert:[ 0.14632058  0.30153704  0.02767169 -0.11354261]
expert:[ 0.06746117  0.24629414  0.10257276 -0.17498964]
expert:[-0.0456815   0.12246799  0.18602337 -0.276144  ]
expert:[-0.13358688  0.03346685  0.20947477 -0.33220273]
expert:[-0.15423189 -0.03298761  0.15665801 -0.37585595]
expert:[-0.13035056 -0.08030601  0.07763838 -0.40898985]
expert:[-0.08298299 -0.11959624 -0.02145563 -0.4270421 ]
expert:[-0.02383003 -0.15013535 -0.12808454 -0.43124574]
expert:[ 0.02366097 -0.16922045 -0.19159338 -0.41890848]
expert:[ 0.04655804 -0.16884471 -0.20302027 -0.39179364]
expert:[ 0.0448598  -0.14454311 -0.16602848 -0.35702717]
expert:[ 0.03909112 -0.0887798  -0.08678685 -0.31728578]
expert:[ 0.05361015 -0.00176644  0.00779875 -0.27578112]
expert:[ 0.11822464  0.15432768  0.04678233 -0.21516138]
expert:[ 0.12576418  0.2512679   0.07071347 -0.16161422]
expert:[ 0.07093848  0.23367192  0.1102207  -0.18555318]
expert:[-0.02718041  0.1256871   0.15999167 -0.2672653 ]
expert:[-0.11647326  0.02100899  0.17145625 -0.32627532]
expert:[-0.13687992 -0.04277152  0.10903166 -0.367665  ]
expert:[-0.11314797 -0.08912135  0.0308754  -0.39758396]
expert:[-0.07241696 -0.12364212 -0.05317909 -0.4111129 ]
expert:[-0.02748494 -0.14633386 -0.12544204 -0.4086866 ]
expert:[ 0.0067874  -0.15399769 -0.16469395 -0.39179042]
expert:[ 0.02218347 -0.14416184 -0.16239558 -0.36390474]
expert:[ 0.02676672 -0.11062274 -0.12107749 -0.32736313]
expert:[ 0.04832814 -0.04173689 -0.04291308 -0.28770185]
expert:[ 0.12351218  0.11555426 -0.01070229 -0.22158174]
expert:[ 0.15609828  0.25243285  0.01108667 -0.14166373]
expert:[ 0.13169757  0.2911062   0.05214303 -0.12908605]
expert:[ 0.03733956  0.21651895  0.12818497 -0.20249975]
expert:[-0.08594801  0.08646984  0.20025185 -0.29663163]
expert:[-0.14838001  0.01251306  0.1925998  -0.3456485 ]
expert:[-0.15264075 -0.05211297  0.12848972 -0.3870029 ]
expert:[-0.11884797 -0.09328897  0.0439373  -0.41405186]
expert:[-0.06755557 -0.13025127 -0.05537766 -0.42582577]
expert:[-0.0116345  -0.15704478 -0.14453739 -0.42281383]
expert:[ 0.02979813 -0.1684869  -0.19456278 -0.40487483]
expert:[ 0.04662046 -0.16036817 -0.19382852 -0.37509793]
expert:[ 0.04127011 -0.12865093 -0.1462154  -0.3381315 ]
expert:[ 0.04828694 -0.05856491 -0.05434684 -0.2980354 ]
expert:[ 0.09892684  0.07705776  0.00889209 -0.2426264 ]
expert:[ 0.13857327  0.22225462  0.04256866 -0.17107949]
expert:[ 0.12243949  0.28036624  0.07471284 -0.143832  ]
expert:[ 0.03738414  0.21832547  0.13420169 -0.20344843]
expert:[-0.08209334  0.08547948  0.19300474 -0.29507446]
expert:[-0.14190562  0.00673951  0.17629698 -0.34422532]
expert:[-0.14377972 -0.0581756   0.10556962 -0.38503033]
expert:[-0.10886352 -0.09995388  0.01915063 -0.4106404 ]
expert:[-0.06074512 -0.1335907  -0.07238737 -0.42076796]
expert_success: 0
path_length: 200
