/var/lib/slurm/slurmd/job3513856/slurm_script: line 9: batch_scripts/MT50_batch/seed.sh: No such file or directory
SLURM_JOBID=3513856
working directory=/viscam/u/jialugao/Imitation-SoftModule
########################
logging outputs to  /viscam/u/jialugao/Imitation-SoftModule/data/Base_bc_reach_handle-pull-v1_2640.000124-01-2022_18-56-07
########################
{'expert_policy_file': '../Multi-Task-RL/log/MT50_Single_Task/handle-pull-v1/Fixed/238/model/model_pf_best.pth', 'exp_name': 'bc_reach', 'do_dagger': False, 'ep_len': 200, 'gradient_steps': 1, 'n_iter': 10000, 'render_interval': 1, 'eval_interval': 200, 'batch_size': 64, 'eval_batch_size': 32, 'train_batch_size': 32, 'n_layers': 2, 'size': 400, 'learning_rate': 0.0001, 'video_log_freq': -1, 'scalar_log_freq': 1, 'no_gpu': False, 'which_gpu': 0, 'max_replay_buffer_size': 1000000, 'save_params': False, 'seed': 32, 'worker_nums': 1, 'eval_worker_nums': 1, 'config': 'config/BC.json', 'no_cuda': True, 'random_init': False, 'device': 'cpu', 'id': 'MT50_Single_Task', 'task_name': 'handle-pull-v1', 'task_env': 'MT50_task_env', 'cuda': False, 'log_dir': '/viscam/u/jialugao/Imitation-SoftModule/data/Base_bc_reach_handle-pull-v1_2640.000124-01-2022_18-56-07', 'agent_class': <class 'agents.bc_agent.MLPAgent'>, 'agent_params': {'n_layers': 2, 'size': 400, 'learning_rate': 0.0001, 'max_replay_buffer_size': 1000000, 'discrete': False, 'ac_dim': 4, 'ob_dim': 9}}
{'env_name': 'single_task', 'env': {'reward_scale': 1, 'obs_norm': False}, 'meta_env': {'obs_type': 'with_goal', 'random_init': False}, 'replay_buffer': {'size': 1000000.0}, 'net': {'hidden_shapes': [400, 400], 'append_hidden_shapes': [400], 'base_type': <class 'networks.base.MLPBase'>}, 'general_setting': {'discount': 0.99, 'pretrain_epochs': 20, 'num_epochs': 7500, 'epoch_frames': 200, 'max_episode_frames': 200, 'batch_size': 1280, 'min_pool': 10000, 'target_hard_update_period': 1000, 'use_soft_update': True, 'tau': 0.005, 'opt_times': 200, 'eval_episodes': 100, 'train_render': False, 'eval_render': False, 'env': <NormAct<RewardShift<SingleWrapperNone>>>, 'logger': <utils.logger.Logger object at 0x7f43179a7bd0>, 'device': device(type='cpu')}, 'sac': {'plr': 0.0003, 'qlr': 0.0003, 'reparameterization': True, 'automatic_entropy_tuning': True, 'policy_std_reg_weight': 0, 'policy_mean_reg_weight': 0}}
Loading expert policy from... ../Multi-Task-RL/log/MT50_Single_Task/handle-pull-v1/Fixed/238/model/model_pf_best.pth
tensor([[ 0.0022, -0.0098, -0.0374,  ..., -0.0365, -0.0133, -0.0592],
        [ 0.0146, -0.0392, -0.0380,  ...,  0.0090, -0.0130, -0.0825],
        [-0.0179, -0.0870, -0.0628,  ..., -0.0016, -0.0354, -0.0573],
        ...,
        [ 0.9778,  0.0068,  0.3780,  ...,  0.0400, -0.0889, -0.0841],
        [ 0.0059, -0.0456, -0.0556,  ..., -0.0461, -0.0022, -0.0278],
        [ 0.0027, -0.0173, -0.0648,  ..., -0.0211, -0.0637, -0.0312]])
Done restoring expert policy...
<NormAct<RewardShift<AugObs<SawyerHandlePullEnv instance>>>>


-------------------------------- Iteration 0 -------------------------------- 
initial ob: [-0.03265156  0.51487877  0.23688007  0.          0.75        0.04
  0.          0.75        0.16        0.          0.75        0.16      ]
expert:[0.41420504 0.7286762  0.5910931  0.66575444]
expert:[ 0.90440434  0.955964   -0.8708043   0.12562747]
expert:[ 0.9086785   0.9723623  -0.97503453  0.90397066]
expert:[-0.8951929   0.96534306 -0.97635716  0.9443119 ]
expert:[-0.94101995  0.9769805  -0.9795252   0.9660295 ]
expert:[-0.94347703  0.98099405 -0.97719026  0.97055817]
expert:[-0.9248624   0.977831   -0.96913415  0.96424025]
expert:[-0.41364443  0.97399217 -0.9545741   0.94480395]
expert:[ 0.91428053  0.96820205 -0.94461524  0.86564815]
expert:[ 0.95142514  0.9182083  -0.93731165  0.7369873 ]
expert:[ 0.9462105   0.8056116  -0.93581885  0.50912327]
expert:[ 0.93021226  0.5377109  -0.93525136  0.021089  ]
expert:[ 0.8996422   0.28098655 -0.9347732  -0.24062172]
expert:[ 0.9040644  0.4863197 -0.9414092 -0.215343 ]
expert:[ 0.93416977  0.89486945 -0.9539668  -0.07665412]
expert:[ 0.44578072  0.9545221  -0.964413    0.9433111 ]
expert:[-0.9708186   0.3244068  -0.9466934  -0.33218625]
expert:[-0.988516   -0.6785686  -0.94465595 -0.9717087 ]
expert:[-0.9922829  -0.6503107  -0.93878955 -0.9821945 ]
expert:[-0.9930743   0.6216598  -0.8983726  -0.98189574]
expert:[-0.9793648   0.9644102   0.33693904 -0.97819096]
expert:[-0.926183    0.97722054  0.9570549  -0.9672391 ]
expert:[-0.7614382  0.9824016  0.9843696 -0.9248362]
expert:[-0.55713516  0.98229814  0.9848662  -0.86512095]
expert:[-0.3703113  0.9807907  0.9842603 -0.7438074]
expert:[-0.2113786   0.97682846  0.98466974 -0.5018186 ]
expert:[-0.17943272  0.9753434   0.984511   -0.4048379 ]
expert:[-0.16300642  0.9743401   0.9844241  -0.34526342]
expert:[-0.1592634   0.9736581   0.98403144 -0.29583558]
expert:[-0.15333027  0.9725145   0.9833695  -0.23481359]
expert:[-0.13966502  0.97078097  0.98257244 -0.15773267]
expert:[-0.11828353  0.96849704  0.98202723 -0.07624762]
expert:[-0.09414712  0.9658674   0.9816859   0.00169551]
expert:[-0.06334863  0.96282214  0.9813066   0.08819352]
expert:[-0.02459169  0.9591753   0.9808781   0.19375782]
expert:[0.01505996 0.95511353 0.9804644  0.29784864]
expert:[0.06923155 0.94950634 0.98018956 0.40792292]
expert:[0.10589344 0.94446635 0.9810853  0.48001724]
expert:[0.12102123 0.93765444 0.98219305 0.51926404]
expert:[0.08670775 0.9279007  0.982893   0.54541934]
expert:[0.04978131 0.91480935 0.9836335  0.56716895]
expert:[-0.0114864   0.89468384  0.9827669   0.57944566]
expert:[-0.08571573  0.86368304  0.981557    0.58619875]
expert:[-0.19170552  0.79483676  0.97831094  0.58178663]
expert:[-0.25482515  0.7146518   0.97286093  0.59910977]
expert:[-0.2971774   0.6149689   0.96646124  0.6262233 ]
expert:[-0.3334624   0.51852167  0.9598243   0.65427196]
expert:[-0.377952    0.43002298  0.95110923  0.6722136 ]
expert:[-0.4118296   0.3552599   0.94228387  0.6840854 ]
expert:[-0.4410634   0.28598523  0.9323244   0.69396305]
expert:[-0.47337693  0.21400383  0.91727203  0.7026205 ]
expert:[-0.49757057  0.14980574  0.8902237   0.7075847 ]
expert:[-0.525012    0.16934708  0.8360948   0.66125095]
expert:[-0.56122094  0.25232798  0.7154811   0.55220735]
expert:[-0.6413625   0.42150632  0.47258097  0.31909794]
expert:[-0.7451804   0.6902877  -0.09225079 -0.19386369]
expert:[-0.85476923  0.85403496 -0.5369996  -0.64845556]
expert:[-0.91407657  0.9138982  -0.7838044  -0.83978826]
expert:[-0.9438725  0.9374599 -0.8848832 -0.9189246]
expert:[-0.9555267  0.9446443 -0.928725  -0.9448784]
expert:[-0.96112454  0.9455537  -0.94877076 -0.95969003]
expert:[-0.96370053  0.9489328  -0.95461404 -0.96895564]
expert:[-0.9641638   0.9502101  -0.95674515 -0.97385734]
expert:[-0.96434844  0.95072216 -0.9592089  -0.9779187 ]
expert:[-0.9643982   0.95143455 -0.9614346  -0.981008  ]
expert:[-0.96410316  0.9521249  -0.9631394  -0.983347  ]
expert:[-0.9632499   0.95276177 -0.96407723 -0.984909  ]
expert:[-0.96110934  0.9528872  -0.96348214 -0.9855224 ]
expert:[-0.95817953  0.9528645  -0.9622108  -0.9856746 ]
expert:[-0.9544518   0.9527303  -0.96054095 -0.98554814]
expert:[-0.9501123   0.9526336  -0.958596   -0.98529345]
expert:[-0.94510937  0.9525771  -0.9563822  -0.9849164 ]
expert:[-0.9398963  0.9529274 -0.9541308 -0.9844916]
expert:[-0.93382406  0.9533614  -0.95154876 -0.9839515 ]
expert:[-0.91720134  0.9530937  -0.94572604 -0.983031  ]
expert:[-0.526826    0.94229984 -0.940268   -0.98061323]
expert:[ 0.97575706  0.7047119  -0.3131554  -0.96138376]
expert:[ 0.9788047   0.41923517  0.01624683 -0.9504813 ]
expert:[ 0.9796278   0.31524107  0.06502394 -0.9509838 ]
expert:[ 0.980852    0.25890726  0.0628325  -0.9524596 ]
expert:[ 0.98173034  0.2193451   0.06085473 -0.95355445]
expert:[ 0.9823083   0.1862059   0.06534342 -0.9540539 ]
expert:[ 0.9826999   0.1563971   0.07481979 -0.9540655 ]
expert:[ 0.9829706   0.12912701  0.08751205 -0.953766  ]
expert:[ 0.9831982   0.10557815  0.10074473 -0.95343584]
expert:[ 0.9834078   0.08524223  0.11455172 -0.9530941 ]
expert:[ 0.9835809   0.06716547  0.12751076 -0.95275605]
expert:[ 0.983721    0.0521456   0.13842164 -0.95247513]
expert:[ 0.98381543  0.04290367  0.14440656 -0.9523127 ]
expert:[ 0.98388857  0.03661955  0.14799286 -0.9522672 ]
expert:[ 0.9839543   0.03184926  0.15031348 -0.9522963 ]
expert:[ 0.9840229   0.02744599  0.1522869  -0.9523619 ]
expert:[ 0.9840888   0.02396004  0.15349962 -0.95247555]
expert:[ 0.9841483   0.02177621  0.15361732 -0.9526492 ]
expert:[ 0.98420084  0.02097839  0.15255311 -0.9528851 ]
expert:[ 0.9842462   0.02154039  0.15031469 -0.9531813 ]
expert:[ 0.9842845   0.02340262  0.1469467  -0.9535336 ]
expert:[ 0.98431337  0.02633615  0.14274514 -0.9539159 ]
expert:[ 0.9843078   0.02876079  0.14003323 -0.95412564]
expert:[ 0.9842883   0.03196995  0.1369181  -0.9543302 ]
expert:[ 0.98426276  0.03638044  0.13273013 -0.9545885 ]
expert:[ 0.98423225  0.04200169  0.1274179  -0.9549048 ]
expert:[ 0.9841968   0.0487921   0.12101313 -0.95527536]
expert:[ 0.98415595  0.05670583  0.11356721 -0.9556946 ]
expert:[ 0.98411345  0.06576879  0.10535186 -0.95615405]
expert:[ 0.9840822   0.07617152  0.09712048 -0.9566406 ]
expert:[ 0.98404604  0.08759131  0.08810005 -0.9571577 ]
expert:[ 0.98400426  0.09998354  0.07833077 -0.9577002 ]
expert:[ 0.9839512   0.11307403  0.06840853 -0.95822483]
expert:[ 0.9838852   0.12702195  0.05820103 -0.958737  ]
expert:[ 0.98381114  0.1417565   0.04734431 -0.95924246]
expert:[ 0.98373985  0.15648119  0.0378924  -0.9596931 ]
expert:[ 0.9836798   0.17092451  0.02773301 -0.9601275 ]
expert:[ 0.9836293   0.18510833  0.0169275  -0.9605433 ]
expert:[ 0.98357254  0.19988011  0.00565615 -0.96096385]
expert:[ 0.9835075   0.2152609  -0.00604539 -0.96138513]
expert:[ 0.98343253  0.23129973 -0.01817944 -0.96180516]
expert:[ 0.9833554   0.24750057 -0.03063402 -0.9622274 ]
expert:[ 0.98328924  0.26285362 -0.04296636 -0.96264434]
expert:[ 0.98319596  0.2792219  -0.05538885 -0.9630262 ]
expert:[ 0.9831445   0.29798755 -0.06877124 -0.9633869 ]
expert:[ 0.9831804   0.31841075 -0.08270811 -0.96371454]
expert:[ 0.9832313   0.3400685  -0.09730113 -0.9640252 ]
expert:[ 0.98327893  0.36241284 -0.11242507 -0.9643266 ]
expert:[ 0.98334664  0.38551688 -0.12994026 -0.96467346]
expert:[ 0.98347807  0.40946463 -0.15245202 -0.9651306 ]
expert:[ 0.9837578   0.43346006 -0.17263255 -0.96550673]
expert:[ 0.98402196  0.4577766  -0.19356382 -0.9658656 ]
expert:[ 0.9842763   0.48262048 -0.2154324  -0.9662136 ]
expert:[ 0.98449147  0.5084498  -0.23857789 -0.96659374]
expert:[ 0.9847277   0.53864014 -0.26636067 -0.96716815]
expert:[ 0.98558617  0.6049139  -0.34987548 -0.9693702 ]
expert:[ 0.95681345  0.90542465 -0.83897626 -0.9709344 ]
expert:[-0.8953606   0.95345765 -0.9489814  -0.9775268 ]
expert:[-0.95219606  0.9526907  -0.9593264  -0.98119116]
expert:[-0.96091455  0.95222163 -0.9634779  -0.98268795]
expert:[-0.9644127  0.9517962 -0.9650785 -0.9833398]
expert:[-0.9665386   0.95143443 -0.9659735  -0.9836147 ]
expert:[-0.9680676   0.95109004 -0.9664922  -0.9835976 ]
expert:[-0.969149    0.9507213  -0.96665585 -0.98326814]
expert:[-0.9698421   0.9503251  -0.9664579  -0.98260504]
expert:[-0.97017837  0.94987816 -0.96589464 -0.9815857 ]
expert:[-0.97018653  0.9493823  -0.964962   -0.98017496]
expert:[-0.96988094  0.94883496 -0.96364325 -0.9783128 ]
expert:[-0.96927744  0.9482037  -0.96186286 -0.97595346]
expert:[-0.96837324  0.9474755  -0.95955384 -0.9730074 ]
expert:[-0.96714044  0.94667953 -0.95670205 -0.9692875 ]
expert:[-0.9654826   0.94514155 -0.9530016  -0.96506953]
expert:[-0.9638444   0.9438903  -0.949437   -0.95991313]
expert:[-0.96152633  0.9431366  -0.94227797 -0.95132387]
expert_success: 1.0
path_length: 150



-------------------------------- Iteration 0 -------------------------------- 
initial ob: [-0.03265156  0.51487877  0.23688007  0.          0.75        0.04
  0.          0.75        0.16        0.          0.75        0.16      ]
agent_success: 0

training time:  0.1444847583770752
evaluation time:  6.7538840770721436
epoch time:  6.898398399353027


-------------------------------- Iteration 200 -------------------------------- 
initial ob: [-0.03265156  0.51487877  0.23688007  0.          0.75        0.04
  0.          0.75        0.16        0.          0.75        0.16      ]
agent_success: 0

training time:  0.0025835037231445312
evaluation time:  8.693087816238403
epoch time:  8.695707082748413


-------------------------------- Iteration 400 -------------------------------- 
initial ob: [-0.03265156  0.51487877  0.23688007  0.          0.75        0.04
  0.          0.75        0.16        0.          0.75        0.16      ]
agent_success: 0

training time:  0.0025794506072998047
evaluation time:  8.879021883010864
epoch time:  8.88163447380066


-------------------------------- Iteration 600 -------------------------------- 
initial ob: [-0.03265156  0.51487877  0.23688007  0.          0.75        0.04
  0.          0.75        0.16        0.          0.75        0.16      ]
agent_success: 0

training time:  0.0024857521057128906
evaluation time:  8.630432844161987
epoch time:  8.632945775985718


-------------------------------- Iteration 800 -------------------------------- 
initial ob: [-0.03265156  0.51487877  0.23688007  0.          0.75        0.04
  0.          0.75        0.16        0.          0.75        0.16      ]
agent_success: 0

training time:  0.0024619102478027344
evaluation time:  8.350729703903198
epoch time:  8.353217124938965


-------------------------------- Iteration 1000 -------------------------------- 
initial ob: [-0.03265156  0.51487877  0.23688007  0.          0.75        0.04
  0.          0.75        0.16        0.          0.75        0.16      ]
agent_success: 0

training time:  0.0024504661560058594
evaluation time:  8.315369606018066
epoch time:  8.317841529846191


-------------------------------- Iteration 1200 -------------------------------- 
initial ob: [-0.03265156  0.51487877  0.23688007  0.          0.75        0.04
  0.          0.75        0.16        0.          0.75        0.16      ]
agent_success: 0

training time:  0.0023813247680664062
evaluation time:  8.474619388580322
epoch time:  8.477031230926514


-------------------------------- Iteration 1400 -------------------------------- 
initial ob: [-0.03265156  0.51487877  0.23688007  0.          0.75        0.04
  0.          0.75        0.16        0.          0.75        0.16      ]
agent_success: 0

training time:  0.0025670528411865234
evaluation time:  8.446876049041748
epoch time:  8.449468612670898


-------------------------------- Iteration 1600 -------------------------------- 
initial ob: [-0.03265156  0.51487877  0.23688007  0.          0.75        0.04
  0.          0.75        0.16        0.          0.75        0.16      ]
agent_success: 0

training time:  0.002445697784423828
evaluation time:  8.403006792068481
epoch time:  8.40547227859497


-------------------------------- Iteration 1800 -------------------------------- 
initial ob: [-0.03265156  0.51487877  0.23688007  0.          0.75        0.04
  0.          0.75        0.16        0.          0.75        0.16      ]
agent_success: 0

training time:  0.002495288848876953
evaluation time:  8.39519739151001
epoch time:  8.39771580696106


-------------------------------- Iteration 2000 -------------------------------- 
initial ob: [-0.03265156  0.51487877  0.23688007  0.          0.75        0.04
  0.          0.75        0.16        0.          0.75        0.16      ]
agent_success: 0

training time:  0.0024335384368896484
evaluation time:  8.488908529281616
epoch time:  8.491363048553467


-------------------------------- Iteration 2200 -------------------------------- 
initial ob: [-0.03265156  0.51487877  0.23688007  0.          0.75        0.04
  0.          0.75        0.16        0.          0.75        0.16      ]
agent_success: 0

training time:  0.0025146007537841797
evaluation time:  8.367778778076172
epoch time:  8.370310306549072


-------------------------------- Iteration 2400 -------------------------------- 
initial ob: [-0.03265156  0.51487877  0.23688007  0.          0.75        0.04
  0.          0.75        0.16        0.          0.75        0.16      ]
agent_success: 0

training time:  0.002493143081665039
evaluation time:  8.250290155410767
epoch time:  8.252816200256348


-------------------------------- Iteration 2600 -------------------------------- 
initial ob: [-0.03265156  0.51487877  0.23688007  0.          0.75        0.04
  0.          0.75        0.16        0.          0.75        0.16      ]
agent_success: 0

training time:  0.0023746490478515625
evaluation time:  8.177189111709595
epoch time:  8.17958116531372


-------------------------------- Iteration 2800 -------------------------------- 
initial ob: [-0.03265156  0.51487877  0.23688007  0.          0.75        0.04
  0.          0.75        0.16        0.          0.75        0.16      ]
agent_success: 0

training time:  0.002491474151611328
evaluation time:  8.394141912460327
epoch time:  8.396658420562744


-------------------------------- Iteration 3000 -------------------------------- 
initial ob: [-0.03265156  0.51487877  0.23688007  0.          0.75        0.04
  0.          0.75        0.16        0.          0.75        0.16      ]
agent_success: 0

training time:  0.002524852752685547
evaluation time:  8.159690141677856
epoch time:  8.16224479675293


-------------------------------- Iteration 3200 -------------------------------- 
initial ob: [-0.03265156  0.51487877  0.23688007  0.          0.75        0.04
  0.          0.75        0.16        0.          0.75        0.16      ]
agent_success: 0

training time:  0.0024793148040771484
evaluation time:  8.189499616622925
epoch time:  8.191995859146118


-------------------------------- Iteration 3400 -------------------------------- 
initial ob: [-0.03265156  0.51487877  0.23688007  0.          0.75        0.04
  0.          0.75        0.16        0.          0.75        0.16      ]
agent_success: 0

training time:  0.0024373531341552734
evaluation time:  7.960702896118164
epoch time:  7.963158369064331


-------------------------------- Iteration 3600 -------------------------------- 
initial ob: [-0.03265156  0.51487877  0.23688007  0.          0.75        0.04
  0.          0.75        0.16        0.          0.75        0.16      ]
agent_success: 0

training time:  0.002463102340698242
evaluation time:  7.8139848709106445
epoch time:  7.816464185714722


-------------------------------- Iteration 3800 -------------------------------- 
initial ob: [-0.03265156  0.51487877  0.23688007  0.          0.75        0.04
  0.          0.75        0.16        0.          0.75        0.16      ]
agent_success: 0

training time:  0.0024323463439941406
evaluation time:  7.700177907943726
epoch time:  7.702661752700806


-------------------------------- Iteration 4000 -------------------------------- 
initial ob: [-0.03265156  0.51487877  0.23688007  0.          0.75        0.04
  0.          0.75        0.16        0.          0.75        0.16      ]
agent_success: 0

training time:  0.0024139881134033203
evaluation time:  7.592571258544922
epoch time:  7.595002174377441


-------------------------------- Iteration 4200 -------------------------------- 
initial ob: [-0.03265156  0.51487877  0.23688007  0.          0.75        0.04
  0.          0.75        0.16        0.          0.75        0.16      ]
agent_success: 0

training time:  0.002429485321044922
evaluation time:  7.904275178909302
epoch time:  7.906722068786621


-------------------------------- Iteration 4400 -------------------------------- 
initial ob: [-0.03265156  0.51487877  0.23688007  0.          0.75        0.04
  0.          0.75        0.16        0.          0.75        0.16      ]
agent_success: 0

training time:  0.002493619918823242
evaluation time:  8.009496688842773
epoch time:  8.012101888656616


-------------------------------- Iteration 4600 -------------------------------- 
initial ob: [-0.03265156  0.51487877  0.23688007  0.          0.75        0.04
  0.          0.75        0.16        0.          0.75        0.16      ]
agent_success: 0

training time:  0.0024521350860595703
evaluation time:  8.017208814620972
epoch time:  8.019681930541992


-------------------------------- Iteration 4800 -------------------------------- 
initial ob: [-0.03265156  0.51487877  0.23688007  0.          0.75        0.04
  0.          0.75        0.16        0.          0.75        0.16      ]
agent_success: 0

training time:  0.0024106502532958984
evaluation time:  7.976953983306885
epoch time:  7.9793806076049805


-------------------------------- Iteration 5000 -------------------------------- 
initial ob: [-0.03265156  0.51487877  0.23688007  0.          0.75        0.04
  0.          0.75        0.16        0.          0.75        0.16      ]
agent_success: 0

training time:  0.0024979114532470703
evaluation time:  7.891728162765503
epoch time:  7.894251346588135


-------------------------------- Iteration 5200 -------------------------------- 
initial ob: [-0.03265156  0.51487877  0.23688007  0.          0.75        0.04
  0.          0.75        0.16        0.          0.75        0.16      ]
agent_success: 0

training time:  0.0024309158325195312
evaluation time:  7.88222074508667
epoch time:  7.884669542312622


-------------------------------- Iteration 5400 -------------------------------- 
initial ob: [-0.03265156  0.51487877  0.23688007  0.          0.75        0.04
  0.          0.75        0.16        0.          0.75        0.16      ]
agent_success: 0

training time:  0.002546072006225586
evaluation time:  7.894339084625244
epoch time:  7.896903991699219


-------------------------------- Iteration 5600 -------------------------------- 
initial ob: [-0.03265156  0.51487877  0.23688007  0.          0.75        0.04
  0.          0.75        0.16        0.          0.75        0.16      ]
agent_success: 0

training time:  0.0024297237396240234
evaluation time:  8.085012674331665
epoch time:  8.087462663650513


-------------------------------- Iteration 5800 -------------------------------- 
initial ob: [-0.03265156  0.51487877  0.23688007  0.          0.75        0.04
  0.          0.75        0.16        0.          0.75        0.16      ]
agent_success: 0

training time:  0.0024569034576416016
evaluation time:  8.150478839874268
epoch time:  8.152951955795288


-------------------------------- Iteration 6000 -------------------------------- 
initial ob: [-0.03265156  0.51487877  0.23688007  0.          0.75        0.04
  0.          0.75        0.16        0.          0.75        0.16      ]
agent_success: 0

training time:  0.0024962425231933594
evaluation time:  8.228898763656616
epoch time:  8.231419801712036


-------------------------------- Iteration 6200 -------------------------------- 
initial ob: [-0.03265156  0.51487877  0.23688007  0.          0.75        0.04
  0.          0.75        0.16        0.          0.75        0.16      ]
agent_success: 0

training time:  0.0024559497833251953
evaluation time:  8.203314781188965
epoch time:  8.205786943435669


-------------------------------- Iteration 6400 -------------------------------- 
initial ob: [-0.03265156  0.51487877  0.23688007  0.          0.75        0.04
  0.          0.75        0.16        0.          0.75        0.16      ]
agent_success: 0

training time:  0.0027043819427490234
evaluation time:  8.123247146606445
epoch time:  8.125978231430054


-------------------------------- Iteration 6600 -------------------------------- 
initial ob: [-0.03265156  0.51487877  0.23688007  0.          0.75        0.04
  0.          0.75        0.16        0.          0.75        0.16      ]
agent_success: 0

training time:  0.0024721622467041016
evaluation time:  8.118807077407837
epoch time:  8.121297359466553


-------------------------------- Iteration 6800 -------------------------------- 
initial ob: [-0.03265156  0.51487877  0.23688007  0.          0.75        0.04
  0.          0.75        0.16        0.          0.75        0.16      ]
agent_success: 0

training time:  0.0024595260620117188
evaluation time:  8.004223108291626
epoch time:  8.006700038909912


-------------------------------- Iteration 7000 -------------------------------- 
initial ob: [-0.03265156  0.51487877  0.23688007  0.          0.75        0.04
  0.          0.75        0.16        0.          0.75        0.16      ]
agent_success: 0

training time:  0.0026197433471679688
evaluation time:  8.085245847702026
epoch time:  8.087887287139893


-------------------------------- Iteration 7200 -------------------------------- 
initial ob: [-0.03265156  0.51487877  0.23688007  0.          0.75        0.04
  0.          0.75        0.16        0.          0.75        0.16      ]
agent_success: 0

training time:  0.0025453567504882812
evaluation time:  8.286071300506592
epoch time:  8.288633346557617


-------------------------------- Iteration 7400 -------------------------------- 
initial ob: [-0.03265156  0.51487877  0.23688007  0.          0.75        0.04
  0.          0.75        0.16        0.          0.75        0.16      ]
agent_success: 0

training time:  0.002470254898071289
evaluation time:  8.327333927154541
epoch time:  8.329823017120361


-------------------------------- Iteration 7600 -------------------------------- 
initial ob: [-0.03265156  0.51487877  0.23688007  0.          0.75        0.04
  0.          0.75        0.16        0.          0.75        0.16      ]
agent_success: 0

training time:  0.002452373504638672
evaluation time:  8.225838422775269
epoch time:  8.228307008743286


-------------------------------- Iteration 7800 -------------------------------- 
initial ob: [-0.03265156  0.51487877  0.23688007  0.          0.75        0.04
  0.          0.75        0.16        0.          0.75        0.16      ]
agent_success: 0

training time:  0.0024962425231933594
evaluation time:  8.187337636947632
epoch time:  8.189857244491577


-------------------------------- Iteration 8000 -------------------------------- 
initial ob: [-0.03265156  0.51487877  0.23688007  0.          0.75        0.04
  0.          0.75        0.16        0.          0.75        0.16      ]
agent_success: 0

training time:  0.002421855926513672
evaluation time:  8.281062602996826
epoch time:  8.28350043296814


-------------------------------- Iteration 8200 -------------------------------- 
initial ob: [-0.03265156  0.51487877  0.23688007  0.          0.75        0.04
  0.          0.75        0.16        0.          0.75        0.16      ]
agent_success: 0

training time:  0.0024275779724121094
evaluation time:  8.079034090042114
epoch time:  8.081476926803589


-------------------------------- Iteration 8400 -------------------------------- 
initial ob: [-0.03265156  0.51487877  0.23688007  0.          0.75        0.04
  0.          0.75        0.16        0.          0.75        0.16      ]
agent_success: 0

training time:  0.002424478530883789
evaluation time:  8.18120002746582
epoch time:  8.183644533157349


-------------------------------- Iteration 8600 -------------------------------- 
initial ob: [-0.03265156  0.51487877  0.23688007  0.          0.75        0.04
  0.          0.75        0.16        0.          0.75        0.16      ]
agent_success: 0

training time:  0.002446889877319336
evaluation time:  8.273080587387085
epoch time:  8.275543928146362


-------------------------------- Iteration 8800 -------------------------------- 
initial ob: [-0.03265156  0.51487877  0.23688007  0.          0.75        0.04
  0.          0.75        0.16        0.          0.75        0.16      ]
agent_success: 0

training time:  0.0024843215942382812
evaluation time:  8.40790605545044
epoch time:  8.410480976104736


-------------------------------- Iteration 9000 -------------------------------- 
initial ob: [-0.03265156  0.51487877  0.23688007  0.          0.75        0.04
  0.          0.75        0.16        0.          0.75        0.16      ]
agent_success: 0

training time:  0.0025119781494140625
evaluation time:  8.321586608886719
epoch time:  8.324114561080933


-------------------------------- Iteration 9200 -------------------------------- 
initial ob: [-0.03265156  0.51487877  0.23688007  0.          0.75        0.04
  0.          0.75        0.16        0.          0.75        0.16      ]
agent_success: 0

training time:  0.002450227737426758
evaluation time:  8.208757162094116
epoch time:  8.211236715316772


-------------------------------- Iteration 9400 -------------------------------- 
initial ob: [-0.03265156  0.51487877  0.23688007  0.          0.75        0.04
  0.          0.75        0.16        0.          0.75        0.16      ]
agent_success: 0

training time:  0.002414703369140625
evaluation time:  8.007309198379517
epoch time:  8.009740829467773


-------------------------------- Iteration 9600 -------------------------------- 
initial ob: [-0.03265156  0.51487877  0.23688007  0.          0.75        0.04
  0.          0.75        0.16        0.          0.75        0.16      ]
agent_success: 0

training time:  0.0023474693298339844
evaluation time:  7.924081087112427
epoch time:  7.926445245742798


-------------------------------- Iteration 9800 -------------------------------- 
initial ob: [-0.03265156  0.51487877  0.23688007  0.          0.75        0.04
  0.          0.75        0.16        0.          0.75        0.16      ]
agent_success: 0

training time:  0.0023484230041503906
evaluation time:  7.938906192779541
epoch time:  7.941283464431763


-------------------------------- Test Results -------------------------------- 
initial ob: [-0.03265156  0.51487877  0.23688007  0.          0.75        0.04
  0.          0.75        0.16        0.          0.75        0.16      ]
agent_success: 0

mean_success_rate:  0.0
Done
