/var/lib/slurm/slurmd/job3515727/slurm_script: line 9: batch_scripts/MT50_batch/seed.sh: No such file or directory
SLURM_JOBID=3515727
working directory=/viscam/u/jialugao/Imitation-SoftModule
########################
logging outputs to  /viscam/u/jialugao/Imitation-SoftModule/data/Base_bc_reach_pick-place-wall-v1_2640.000125-01-2022_23-54-02
########################
{'expert_policy_file': '../Multi-Task-RL/log/MT50_Single_Task/pick-place-wall-v1/Fixed/238/model/model_pf_best.pth', 'exp_name': 'bc_reach', 'do_dagger': False, 'ep_len': 200, 'gradient_steps': 1, 'n_iter': 100000, 'render_interval': 1, 'eval_interval': 200, 'batch_size': 64, 'eval_batch_size': 32, 'train_batch_size': 32, 'n_layers': 2, 'size': 400, 'learning_rate': 0.0001, 'video_log_freq': -1, 'scalar_log_freq': 1, 'no_gpu': False, 'which_gpu': 0, 'max_replay_buffer_size': 1000000, 'save_params': False, 'seed': 32, 'worker_nums': 1, 'eval_worker_nums': 1, 'config': 'config/BC.json', 'no_cuda': True, 'random_init': False, 'device': 'cpu', 'id': 'MT50_Single_Task', 'task_name': 'pick-place-wall-v1', 'task_env': 'MT50_task_env', 'cuda': False, 'log_dir': '/viscam/u/jialugao/Imitation-SoftModule/data/Base_bc_reach_pick-place-wall-v1_2640.000125-01-2022_23-54-02', 'agent_class': <class 'agents.bc_agent.MLPAgent'>, 'agent_params': {'n_layers': 2, 'size': 400, 'learning_rate': 0.0001, 'max_replay_buffer_size': 1000000, 'discrete': False, 'ac_dim': 4, 'ob_dim': 9}}
{'env_name': 'single_task', 'env': {'reward_scale': 1, 'obs_norm': False}, 'meta_env': {'obs_type': 'with_goal', 'random_init': False}, 'replay_buffer': {'size': 1000000.0}, 'net': {'hidden_shapes': [400, 400], 'append_hidden_shapes': [400], 'base_type': <class 'networks.base.MLPBase'>}, 'general_setting': {'discount': 0.99, 'pretrain_epochs': 20, 'num_epochs': 7500, 'epoch_frames': 200, 'max_episode_frames': 200, 'batch_size': 1280, 'min_pool': 10000, 'target_hard_update_period': 1000, 'use_soft_update': True, 'tau': 0.005, 'opt_times': 200, 'eval_episodes': 100, 'train_render': False, 'eval_render': False, 'env': <NormAct<RewardShift<SingleWrapperNone>>>, 'logger': <utils.logger.Logger object at 0x7f79576fde10>, 'device': device(type='cpu')}, 'sac': {'plr': 0.0003, 'qlr': 0.0003, 'reparameterization': True, 'automatic_entropy_tuning': True, 'policy_std_reg_weight': 0, 'policy_mean_reg_weight': 0}}
Loading expert policy from... ../Multi-Task-RL/log/MT50_Single_Task/pick-place-wall-v1/Fixed/238/model/model_pf_best.pth
tensor([[ 0.0568, -0.0308, -0.1118,  ..., -0.0930, -0.0413, -0.0869],
        [ 0.7613, -0.2318, -0.7245,  ..., -0.0288, -0.0065, -0.0762],
        [ 0.8481, -0.2061, -1.0579,  ..., -0.0658, -0.0530, -0.0748],
        ...,
        [ 0.2749, -0.1299, -0.1164,  ...,  0.0302, -0.0117, -0.0097],
        [ 0.5101, -0.0912, -0.9871,  ..., -0.0735,  0.0166, -0.0090],
        [-0.7398, -0.0255, -0.3766,  ..., -0.1917, -0.1852, -0.1531]])
Done restoring expert policy...
<NormAct<RewardShift<AugObs<SawyerReachPushPickPlaceWallEnv instance>>>>


-------------------------------- Iteration 0 -------------------------------- 
initial ob: [-0.03264955  0.51487924  0.23688597  0.          0.6         0.01499496
  0.05        0.8         0.2         0.05        0.8         0.2       ]
expert:[-0.92545146  0.4564931  -0.8131461   0.4973232 ]
expert:[-0.9533678  -0.09380663 -0.8766042   0.08287013]
expert:[-0.92480093 -0.76284283 -0.91184866 -0.3979016 ]
expert:[-0.7053943  -0.93333036 -0.9117037  -0.6263925 ]
expert:[ 0.5292175  -0.9637037  -0.8849875  -0.72708094]
expert:[ 0.8904331  -0.93546236 -0.8730374  -0.6092847 ]
expert:[ 0.71423143 -0.7486147  -0.88546467 -0.42057335]
expert:[-0.08800171  0.02278823 -0.9170826  -0.17623246]
expert:[-0.8482685   0.66059    -0.9250696  -0.14345197]
expert:[-0.92116565  0.7872824  -0.90112025 -0.17383087]
expert:[-0.71221983  0.84815216 -0.83888143 -0.13352332]
expert:[ 0.3208523  0.9162217 -0.8015882  0.1505234]
expert:[ 0.8646632   0.9410462  -0.8120374   0.33964586]
expert:[ 0.946155    0.937635   -0.775375    0.30247128]
expert:[ 0.9076007   0.82292527 -0.33551726  0.14259239]
expert:[ 0.9421196   0.4514472  -0.5298436   0.06656718]
expert:[ 0.8976634 -0.4295647 -0.9369449 -0.3045291]
expert:[ 0.03913005 -0.9573774  -0.92461634 -0.82821995]
expert:[-0.7352233  -0.98496884 -0.88850445  0.02271788]
expert:[-0.8407357  -0.9499845  -0.88885564  0.9018097 ]
expert:[-0.58377993 -0.8768243  -0.7538081   0.9655158 ]
expert:[0.3515895  0.9533392  0.9121679  0.99957454]
expert:[0.5549906  0.99950826 0.998736   0.9999507 ]
expert:[0.5190489  0.99834687 0.99427724 0.9998691 ]
expert:[ 0.18158978 -0.56209224 -0.53660256  0.966515  ]
expert:[-0.6869681  -0.9139162  -0.8309295   0.92939544]
expert:[-0.7644961  -0.94067734 -0.8743192   0.8831584 ]
expert:[-0.6379068  -0.8898075  -0.84829545  0.7809693 ]
expert:[-0.2006722  -0.18190749 -0.27080074  0.9458174 ]
expert:[ 0.17061692 -0.12008868 -0.2783007   0.9238779 ]
expert:[ 0.641763   -0.25838023 -0.53320444  0.84167325]
expert:[ 0.7432604   0.14832227 -0.4026091   0.8659501 ]
expert:[0.66213673 0.8086426  0.23226136 0.96397424]
expert:[0.43901837 0.97427446 0.82572097 0.99574417]
expert:[0.43141726 0.9998156  0.9979274  0.99993813]
expert:[0.42320883 0.9999879  0.9999169  0.99997425]
expert:[0.3257739  0.99974173 0.9988599  0.999877  ]
expert:[0.13417614 0.99872845 0.9997444  0.9997434 ]
expert:[-0.21396211  0.998271    0.99988955  0.9996309 ]
expert:[-0.3705091   0.9982467   0.99983597  0.9989942 ]
expert:[-0.40088877  0.9986613   0.99967605  0.99750453]
expert:[-0.39588806  0.9990049   0.9995959   0.9961251 ]
expert:[-0.33272234  0.99913454  0.99946     0.9951927 ]
expert:[-0.10369165  0.9994297   0.9995203   0.99349105]
expert:[0.26752454 0.99973387 0.9996459  0.9868497 ]
expert:[0.523142   0.99982715 0.999738   0.97285384]
expert:[0.6195692  0.99983484 0.9997412  0.94484264]
expert:[0.6322953  0.9995776  0.99926245 0.8641308 ]
expert:[0.5099762  0.9993685  0.99373686 0.8710427 ]
expert:[0.3217302  0.99866307 0.89234895 0.90443677]
expert:[0.02821081 0.98195124 0.0773991  0.7190203 ]
expert:[-0.02502308  0.9375548  -0.21217823  0.63051444]
expert:[-0.04290618  0.8257397  -0.35887057  0.5615827 ]
expert:[-0.05946436  0.73642355 -0.3796131   0.56353325]
expert:[-0.06583861  0.71259683 -0.368827    0.64930254]
expert:[-0.06875841  0.6683372  -0.34223375  0.7174871 ]
expert:[-0.06446048  0.6131621  -0.31132194  0.76547897]
expert:[-0.05534408  0.5516628  -0.2778112   0.8010055 ]
expert:[-0.04240137  0.48802844 -0.2455023   0.8259273 ]
expert:[ 0.00954783  0.40767136 -0.20229186  0.8431896 ]
expert:[ 0.06089674  0.33037272 -0.15836911  0.8571044 ]
expert:[ 0.10174171  0.2565901  -0.10636248  0.8743581 ]
expert:[ 0.14160089  0.18364985 -0.03894     0.8984487 ]
expert:[0.16202131 0.11648195 0.01817251 0.9211544 ]
expert:[0.15942326 0.05985707 0.06362506 0.94013256]
expert:[0.13686588 0.01744397 0.09952236 0.95520544]
expert:[ 0.09899843 -0.00890971  0.12820214  0.96682066]
expert:[ 0.06152956 -0.02618161  0.15439698  0.974643  ]
expert:[ 0.02898518 -0.03194901  0.17889324  0.98046714]
expert:[ 0.00250189 -0.01845019  0.18851021  0.98269296]
expert:[-1.8164152e-02  3.7384030e-04  1.8827078e-01  9.8354495e-01]
expert:[-0.03191553  0.01919296  0.17942649  0.983493  ]
expert:[-0.0387811   0.03646021  0.16337259  0.9826773 ]
expert:[-0.03947729  0.05075708  0.14194933  0.9811678 ]
expert:[-0.03560263  0.0611745   0.11592469  0.97904545]
expert:[-0.02830024  0.06806164  0.08859447  0.9764648 ]
expert:[-0.01901848  0.0710848   0.06178366  0.9736351 ]
expert:[-0.00958855  0.07769155  0.03568289  0.9699988 ]
expert:[1.9695982e-04 8.5046403e-02 1.1227866e-02 9.6568489e-01]
expert:[ 0.00839222  0.08946101 -0.00778832  0.9619404 ]
expert:[ 0.01491264  0.09073003 -0.02036105  0.9592345 ]
expert:[ 0.02032115  0.08893114 -0.02556843  0.95788634]
expert:[ 0.02266768  0.08488338 -0.02634056  0.9578638 ]
expert:[ 0.02228782  0.0789688  -0.02352047  0.958952  ]
expert:[ 0.01950812  0.07239635 -0.01805465  0.9608669 ]
expert:[ 0.01525786  0.06531411 -0.0110283   0.9631653 ]
expert:[ 0.01041712  0.05811436 -0.00344378  0.96549094]
expert:[0.00579318 0.05111521 0.00383742 0.9675894 ]
expert:[0.00200526 0.04456166 0.01016208 0.9693145 ]
expert:[-5.6179235e-04  3.8610030e-02  1.5128873e-02  9.7061396e-01]
expert:[-0.00178316  0.03335305  0.01857292  0.9714991 ]
expert:[-0.00177957  0.02885161  0.02051794  0.97201645]
expert:[-8.4296224e-04  2.5114559e-02  2.1150190e-02  9.7223854e-01]
expert:[6.5329287e-04 2.2103822e-02 2.0758463e-02 9.7225022e-01]
expert:[0.00231979 0.01975548 0.01966391 0.9721353 ]
expert:[0.00380853 0.017993   0.01817451 0.97197026]
expert:[0.00485913 0.01673548 0.0165433  0.9718143 ]
expert:[0.00535123 0.0158687  0.01497126 0.97171104]
expert:[0.00527497 0.01529115 0.01357214 0.9716794 ]
expert:[0.00470965 0.01491847 0.01238302 0.971716  ]
expert:[0.00380572 0.01467093 0.01139122 0.97180414]
expert:[0.0027425  0.01448667 0.0105444  0.97191787]
expert:[0.00169993 0.01431171 0.00978395 0.972032  ]
expert:[8.1893039e-04 1.4109688e-02 9.0523418e-03 9.7212464e-01]
expert:[2.0066276e-04 1.3854273e-02 8.3091287e-03 9.7218132e-01]
expert:[-1.2140721e-04  1.3536282e-02  7.5360453e-03  9.7219652e-01]
expert:[-1.5485287e-04  1.3146776e-02  6.7401254e-03  9.7217315e-01]
expert:[3.5252422e-05 1.2699219e-02 5.9409486e-03 9.7211927e-01]
expert:[3.7439537e-04 1.2186222e-02 5.1919501e-03 9.7205216e-01]
expert:[7.804854e-04 1.160790e-02 4.539682e-03 9.719871e-01]
expert:[0.00115754 0.01099334 0.00400784 0.97193414]
expert:[0.00144525 0.01034765 0.00362772 0.9719056 ]
expert:[0.00160776 0.00968098 0.00340337 0.97190654]
expert:[0.0016408  0.0089975  0.00332788 0.9719388 ]
expert:[0.00154444 0.00832318 0.00336743 0.9719961 ]
expert:[0.00135035 0.00766793 0.00348562 0.9720713 ]
expert:[0.00110323 0.00703568 0.00364509 0.972156  ]
expert:[8.2378072e-04 6.4637358e-03 3.7865606e-03 9.7223598e-01]
expert:[5.5620814e-04 5.9430497e-03 3.8896454e-03 9.7230721e-01]
expert:[3.3349171e-04 5.4744533e-03 3.9322320e-03 9.7236401e-01]
expert:[1.6896799e-04 5.0665303e-03 3.8922979e-03 9.7240090e-01]
expert:[7.2211027e-05 4.7145137e-03 3.7701994e-03 9.7241759e-01]
expert:[4.5385212e-05 4.4033839e-03 3.5802717e-03 9.7241718e-01]
expert:[7.0828944e-05 4.1370750e-03 3.3303525e-03 9.7240067e-01]
expert:[1.3135374e-04 3.9023559e-03 3.0458327e-03 9.7237426e-01]
expert:[2.1654367e-04 3.6811067e-03 2.7544280e-03 9.7234440e-01]
expert:[2.9730424e-04 3.4839369e-03 2.4618011e-03 9.7231174e-01]
expert:[3.5470349e-04 3.3056019e-03 2.1852667e-03 9.7228116e-01]
expert:[3.9114428e-04 3.1304853e-03 1.9403225e-03 9.7225642e-01]
expert:[3.8672608e-04 2.9769451e-03 1.7165674e-03 9.7223479e-01]
expert:[3.5249439e-04 2.8292462e-03 1.5259224e-03 9.7221971e-01]
expert:[3.0009821e-04 2.6844079e-03 1.3628147e-03 9.7220933e-01]
expert:[2.3409352e-04 2.5469605e-03 1.2178564e-03 9.7220099e-01]
expert:[1.6682222e-04 2.4108244e-03 1.0896767e-03 9.7219437e-01]
expert:[1.01264566e-04 2.28696666e-03 9.63702507e-04 9.72185314e-01]
expert:[4.3623149e-05 2.1709765e-03 8.4052962e-04 9.7217393e-01]
expert:[1.2852252e-06 2.0580860e-03 7.1991968e-04 9.7215992e-01]
expert:[-1.9151717e-05  1.9411420e-03  6.0562784e-04  9.7214454e-01]
expert:[-2.5898218e-05  1.8284896e-03  4.9211079e-04  9.7212577e-01]
expert:[-1.5370548e-05  1.7126186e-03  3.8580594e-04  9.7210574e-01]
expert:[-1.4416873e-06  1.6015158e-03  2.8501451e-04  9.7208452e-01]
expert:[1.6395003e-05 1.4889826e-03 1.9659102e-04 9.7206402e-01]
expert:[3.3430755e-05 1.3751379e-03 1.2202561e-04 9.7204500e-01]
expert:[4.1492283e-05 1.2701147e-03 5.4463744e-05 9.7202599e-01]
expert:[4.5046210e-05 1.1636609e-03 2.8461218e-06 9.7200960e-01]
expert:[ 3.9275736e-05  1.0628101e-03 -3.9920211e-05  9.7199446e-01]
expert:[ 2.5834888e-05  9.6803874e-04 -7.5355172e-05  9.7198004e-01]
expert:[ 6.4596534e-06  8.7910867e-04 -1.0342896e-04  9.7196656e-01]
expert:[-1.3034791e-05  7.9005939e-04 -1.2277067e-04  9.7195464e-01]
expert:[-3.9316714e-05  7.1316946e-04 -1.4410913e-04  9.7194135e-01]
expert_success: 1.0
path_length: 150



-------------------------------- Iteration 0 -------------------------------- 
initial ob: [-0.03264955  0.51487924  0.23688597  0.          0.6         0.01499496
  0.05        0.8         0.2         0.05        0.8         0.2       ]
agent_success: 0

training time:  0.1366877555847168
evaluation time:  7.59344744682312
epoch time:  7.7301671504974365


-------------------------------- Iteration 200 -------------------------------- 
initial ob: [-0.03264955  0.51487924  0.23688597  0.          0.6         0.01499496
  0.05        0.8         0.2         0.05        0.8         0.2       ]
agent_success: 0

training time:  0.002452850341796875
evaluation time:  8.43679404258728
epoch time:  8.439276933670044


-------------------------------- Iteration 400 -------------------------------- 
initial ob: [-0.03264955  0.51487924  0.23688597  0.          0.6         0.01499496
  0.05        0.8         0.2         0.05        0.8         0.2       ]
agent_success: 0

training time:  0.0025234222412109375
evaluation time:  8.3546884059906
epoch time:  8.357235670089722


-------------------------------- Iteration 600 -------------------------------- 
initial ob: [-0.03264955  0.51487924  0.23688597  0.          0.6         0.01499496
  0.05        0.8         0.2         0.05        0.8         0.2       ]
agent_success: 0

training time:  0.002465486526489258
evaluation time:  7.8731818199157715
epoch time:  7.875671148300171


-------------------------------- Iteration 800 -------------------------------- 
initial ob: [-0.03264955  0.51487924  0.23688597  0.          0.6         0.01499496
  0.05        0.8         0.2         0.05        0.8         0.2       ]
agent_success: 0

training time:  0.002306699752807617
evaluation time:  8.110821008682251
epoch time:  8.113170385360718


-------------------------------- Iteration 1000 -------------------------------- 
initial ob: [-0.03264955  0.51487924  0.23688597  0.          0.6         0.01499496
  0.05        0.8         0.2         0.05        0.8         0.2       ]
agent_success: 0

training time:  0.002323627471923828
evaluation time:  7.908678293228149
epoch time:  7.9110352993011475


-------------------------------- Iteration 1200 -------------------------------- 
initial ob: [-0.03264955  0.51487924  0.23688597  0.          0.6         0.01499496
  0.05        0.8         0.2         0.05        0.8         0.2       ]
agent_success: 0

training time:  0.0024302005767822266
evaluation time:  7.934355974197388
epoch time:  7.936829090118408


-------------------------------- Iteration 1400 -------------------------------- 
initial ob: [-0.03264955  0.51487924  0.23688597  0.          0.6         0.01499496
  0.05        0.8         0.2         0.05        0.8         0.2       ]
agent_success: 0

training time:  0.0023224353790283203
evaluation time:  7.933134317398071
epoch time:  7.935481786727905


-------------------------------- Iteration 1600 -------------------------------- 
initial ob: [-0.03264955  0.51487924  0.23688597  0.          0.6         0.01499496
  0.05        0.8         0.2         0.05        0.8         0.2       ]
agent_success: 0

training time:  0.002345561981201172
evaluation time:  8.20120882987976
epoch time:  8.203574419021606


-------------------------------- Iteration 1800 -------------------------------- 
initial ob: [-0.03264955  0.51487924  0.23688597  0.          0.6         0.01499496
  0.05        0.8         0.2         0.05        0.8         0.2       ]
agent_success: 0

training time:  0.0025365352630615234
evaluation time:  8.113313913345337
epoch time:  8.115872144699097


-------------------------------- Iteration 2000 -------------------------------- 
initial ob: [-0.03264955  0.51487924  0.23688597  0.          0.6         0.01499496
  0.05        0.8         0.2         0.05        0.8         0.2       ]
agent_success: 0

training time:  0.002315998077392578
evaluation time:  7.932567596435547
epoch time:  7.934903144836426


-------------------------------- Iteration 2200 -------------------------------- 
initial ob: [-0.03264955  0.51487924  0.23688597  0.          0.6         0.01499496
  0.05        0.8         0.2         0.05        0.8         0.2       ]
agent_success: 0

training time:  0.0023391246795654297
evaluation time:  8.184261798858643
epoch time:  8.186623573303223


-------------------------------- Iteration 2400 -------------------------------- 
initial ob: [-0.03264955  0.51487924  0.23688597  0.          0.6         0.01499496
  0.05        0.8         0.2         0.05        0.8         0.2       ]
agent_success: 0

training time:  0.0023462772369384766
evaluation time:  8.202247381210327
epoch time:  8.204638242721558


-------------------------------- Iteration 2600 -------------------------------- 
initial ob: [-0.03264955  0.51487924  0.23688597  0.          0.6         0.01499496
  0.05        0.8         0.2         0.05        0.8         0.2       ]
agent_success: 0

training time:  0.002315521240234375
evaluation time:  7.821205139160156
epoch time:  7.823537826538086


-------------------------------- Iteration 2800 -------------------------------- 
initial ob: [-0.03264955  0.51487924  0.23688597  0.          0.6         0.01499496
  0.05        0.8         0.2         0.05        0.8         0.2       ]
agent_success: 0

training time:  0.002325296401977539
evaluation time:  7.861459016799927
epoch time:  7.863822937011719


-------------------------------- Iteration 3000 -------------------------------- 
initial ob: [-0.03264955  0.51487924  0.23688597  0.          0.6         0.01499496
  0.05        0.8         0.2         0.05        0.8         0.2       ]
agent_success: 0

training time:  0.0023086071014404297
evaluation time:  7.833116292953491
epoch time:  7.835451126098633


-------------------------------- Iteration 3200 -------------------------------- 
initial ob: [-0.03264955  0.51487924  0.23688597  0.          0.6         0.01499496
  0.05        0.8         0.2         0.05        0.8         0.2       ]
agent_success: 0

training time:  0.002323150634765625
evaluation time:  7.839416980743408
epoch time:  7.841756105422974


-------------------------------- Iteration 3400 -------------------------------- 
initial ob: [-0.03264955  0.51487924  0.23688597  0.          0.6         0.01499496
  0.05        0.8         0.2         0.05        0.8         0.2       ]
agent_success: 0

training time:  0.002369403839111328
evaluation time:  7.78127384185791
epoch time:  7.783668756484985


-------------------------------- Iteration 3600 -------------------------------- 
initial ob: [-0.03264955  0.51487924  0.23688597  0.          0.6         0.01499496
  0.05        0.8         0.2         0.05        0.8         0.2       ]
agent_success: 0

training time:  0.0023097991943359375
evaluation time:  7.816872835159302
epoch time:  7.819200038909912


-------------------------------- Iteration 3800 -------------------------------- 
initial ob: [-0.03264955  0.51487924  0.23688597  0.          0.6         0.01499496
  0.05        0.8         0.2         0.05        0.8         0.2       ]
agent_success: 0

training time:  0.0023365020751953125
evaluation time:  7.79454493522644
epoch time:  7.7969419956207275


-------------------------------- Iteration 4000 -------------------------------- 
initial ob: [-0.03264955  0.51487924  0.23688597  0.          0.6         0.01499496
  0.05        0.8         0.2         0.05        0.8         0.2       ]
agent_success: 0

training time:  0.002315044403076172
evaluation time:  7.821292400360107
epoch time:  7.823624134063721


-------------------------------- Iteration 4200 -------------------------------- 
initial ob: [-0.03264955  0.51487924  0.23688597  0.          0.6         0.01499496
  0.05        0.8         0.2         0.05        0.8         0.2       ]
agent_success: 0

training time:  0.0023453235626220703
evaluation time:  7.808823108673096
epoch time:  7.811189889907837


-------------------------------- Iteration 4400 -------------------------------- 
initial ob: [-0.03264955  0.51487924  0.23688597  0.          0.6         0.01499496
  0.05        0.8         0.2         0.05        0.8         0.2       ]
agent_success: 0

training time:  0.002310514450073242
evaluation time:  7.743306875228882
epoch time:  7.745633363723755


-------------------------------- Iteration 4600 -------------------------------- 
initial ob: [-0.03264955  0.51487924  0.23688597  0.          0.6         0.01499496
  0.05        0.8         0.2         0.05        0.8         0.2       ]
agent_success: 0

training time:  0.0023462772369384766
evaluation time:  7.837289571762085
epoch time:  7.839659929275513


-------------------------------- Iteration 4800 -------------------------------- 
initial ob: [-0.03264955  0.51487924  0.23688597  0.          0.6         0.01499496
  0.05        0.8         0.2         0.05        0.8         0.2       ]
agent_success: 0

training time:  0.0023119449615478516
evaluation time:  7.856469392776489
epoch time:  7.858796834945679


-------------------------------- Iteration 5000 -------------------------------- 
initial ob: [-0.03264955  0.51487924  0.23688597  0.          0.6         0.01499496
  0.05        0.8         0.2         0.05        0.8         0.2       ]
agent_success: 0

training time:  0.0023202896118164062
evaluation time:  7.851452112197876
epoch time:  7.853789329528809


-------------------------------- Iteration 5200 -------------------------------- 
initial ob: [-0.03264955  0.51487924  0.23688597  0.          0.6         0.01499496
  0.05        0.8         0.2         0.05        0.8         0.2       ]
agent_success: 0

training time:  0.002319812774658203
evaluation time:  7.952446222305298
epoch time:  7.954786062240601


-------------------------------- Iteration 5400 -------------------------------- 
initial ob: [-0.03264955  0.51487924  0.23688597  0.          0.6         0.01499496
  0.05        0.8         0.2         0.05        0.8         0.2       ]
agent_success: 0

training time:  0.0023832321166992188
evaluation time:  7.738609790802002
epoch time:  7.741009712219238


-------------------------------- Iteration 5600 -------------------------------- 
initial ob: [-0.03264955  0.51487924  0.23688597  0.          0.6         0.01499496
  0.05        0.8         0.2         0.05        0.8         0.2       ]
agent_success: 0

training time:  0.002337217330932617
evaluation time:  7.974776268005371
epoch time:  7.977146863937378


-------------------------------- Iteration 5800 -------------------------------- 
initial ob: [-0.03264955  0.51487924  0.23688597  0.          0.6         0.01499496
  0.05        0.8         0.2         0.05        0.8         0.2       ]
agent_success: 0

training time:  0.0023102760314941406
evaluation time:  7.757478713989258
epoch time:  7.759806871414185


-------------------------------- Iteration 6000 -------------------------------- 
initial ob: [-0.03264955  0.51487924  0.23688597  0.          0.6         0.01499496
  0.05        0.8         0.2         0.05        0.8         0.2       ]
agent_success: 0

training time:  0.002319812774658203
evaluation time:  7.996431827545166
epoch time:  7.998769998550415


-------------------------------- Iteration 6200 -------------------------------- 
initial ob: [-0.03264955  0.51487924  0.23688597  0.          0.6         0.01499496
  0.05        0.8         0.2         0.05        0.8         0.2       ]
agent_success: 0

training time:  0.0023665428161621094
evaluation time:  8.143398761749268
epoch time:  8.145788669586182


-------------------------------- Iteration 6400 -------------------------------- 
initial ob: [-0.03264955  0.51487924  0.23688597  0.          0.6         0.01499496
  0.05        0.8         0.2         0.05        0.8         0.2       ]
agent_success: 0

training time:  0.0023317337036132812
evaluation time:  7.786214351654053
epoch time:  7.788563013076782


-------------------------------- Iteration 6600 -------------------------------- 
initial ob: [-0.03264955  0.51487924  0.23688597  0.          0.6         0.01499496
  0.05        0.8         0.2         0.05        0.8         0.2       ]
agent_success: 0

training time:  0.0023429393768310547
evaluation time:  7.74413275718689
epoch time:  7.746507406234741


-------------------------------- Iteration 6800 -------------------------------- 
initial ob: [-0.03264955  0.51487924  0.23688597  0.          0.6         0.01499496
  0.05        0.8         0.2         0.05        0.8         0.2       ]
agent_success: 0

training time:  0.0023300647735595703
evaluation time:  7.889299631118774
epoch time:  7.891646385192871


-------------------------------- Iteration 7000 -------------------------------- 
initial ob: [-0.03264955  0.51487924  0.23688597  0.          0.6         0.01499496
  0.05        0.8         0.2         0.05        0.8         0.2       ]
agent_success: 0

training time:  0.0023288726806640625
evaluation time:  7.86481499671936
epoch time:  7.867170095443726


-------------------------------- Iteration 7200 -------------------------------- 
initial ob: [-0.03264955  0.51487924  0.23688597  0.          0.6         0.01499496
  0.05        0.8         0.2         0.05        0.8         0.2       ]
agent_success: 0

training time:  0.002350330352783203
evaluation time:  8.003165245056152
epoch time:  8.005527019500732


-------------------------------- Iteration 7400 -------------------------------- 
initial ob: [-0.03264955  0.51487924  0.23688597  0.          0.6         0.01499496
  0.05        0.8         0.2         0.05        0.8         0.2       ]
agent_success: 0

training time:  0.0023348331451416016
evaluation time:  7.956773519515991
epoch time:  7.959125280380249


-------------------------------- Iteration 7600 -------------------------------- 
initial ob: [-0.03264955  0.51487924  0.23688597  0.          0.6         0.01499496
  0.05        0.8         0.2         0.05        0.8         0.2       ]
agent_success: 0

training time:  0.0023491382598876953
evaluation time:  7.998377084732056
epoch time:  8.000746250152588


-------------------------------- Iteration 7800 -------------------------------- 
initial ob: [-0.03264955  0.51487924  0.23688597  0.          0.6         0.01499496
  0.05        0.8         0.2         0.05        0.8         0.2       ]
agent_success: 0

training time:  0.0023260116577148438
evaluation time:  7.808151960372925
epoch time:  7.810495615005493


-------------------------------- Iteration 8000 -------------------------------- 
initial ob: [-0.03264955  0.51487924  0.23688597  0.          0.6         0.01499496
  0.05        0.8         0.2         0.05        0.8         0.2       ]
agent_success: 0

training time:  0.0023093223571777344
evaluation time:  7.930192232131958
epoch time:  7.932527303695679


-------------------------------- Iteration 8200 -------------------------------- 
initial ob: [-0.03264955  0.51487924  0.23688597  0.          0.6         0.01499496
  0.05        0.8         0.2         0.05        0.8         0.2       ]
agent_success: 0

training time:  0.0023245811462402344
evaluation time:  7.80920934677124
epoch time:  7.811567306518555


-------------------------------- Iteration 8400 -------------------------------- 
initial ob: [-0.03264955  0.51487924  0.23688597  0.          0.6         0.01499496
  0.05        0.8         0.2         0.05        0.8         0.2       ]
agent_success: 0

training time:  0.002324342727661133
evaluation time:  7.8821611404418945
epoch time:  7.884499788284302


-------------------------------- Iteration 8600 -------------------------------- 
initial ob: [-0.03264955  0.51487924  0.23688597  0.          0.6         0.01499496
  0.05        0.8         0.2         0.05        0.8         0.2       ]
agent_success: 0

training time:  0.002329587936401367
evaluation time:  7.770862102508545
epoch time:  7.773210763931274


-------------------------------- Iteration 8800 -------------------------------- 
initial ob: [-0.03264955  0.51487924  0.23688597  0.          0.6         0.01499496
  0.05        0.8         0.2         0.05        0.8         0.2       ]
agent_success: 0

training time:  0.002294778823852539
evaluation time:  7.957958459854126
epoch time:  7.960287570953369


-------------------------------- Iteration 9000 -------------------------------- 
initial ob: [-0.03264955  0.51487924  0.23688597  0.          0.6         0.01499496
  0.05        0.8         0.2         0.05        0.8         0.2       ]
agent_success: 0

training time:  0.002313852310180664
evaluation time:  7.795643329620361
epoch time:  7.797980546951294


-------------------------------- Iteration 9200 -------------------------------- 
initial ob: [-0.03264955  0.51487924  0.23688597  0.          0.6         0.01499496
  0.05        0.8         0.2         0.05        0.8         0.2       ]
agent_success: 0

training time:  0.002351999282836914
evaluation time:  8.650903701782227
epoch time:  8.653271675109863


-------------------------------- Iteration 9400 -------------------------------- 
initial ob: [-0.03264955  0.51487924  0.23688597  0.          0.6         0.01499496
  0.05        0.8         0.2         0.05        0.8         0.2       ]
agent_success: 0

training time:  0.0023415088653564453
evaluation time:  7.781171083450317
epoch time:  7.78354549407959


-------------------------------- Iteration 9600 -------------------------------- 
initial ob: [-0.03264955  0.51487924  0.23688597  0.          0.6         0.01499496
  0.05        0.8         0.2         0.05        0.8         0.2       ]
agent_success: 0

training time:  0.002324342727661133
evaluation time:  7.850984334945679
epoch time:  7.8533241748809814


-------------------------------- Iteration 9800 -------------------------------- 
initial ob: [-0.03264955  0.51487924  0.23688597  0.          0.6         0.01499496
  0.05        0.8         0.2         0.05        0.8         0.2       ]
agent_success: 0

training time:  0.0023441314697265625
evaluation time:  7.912417650222778
epoch time:  7.914790868759155


-------------------------------- Iteration 10000 -------------------------------- 
initial ob: [-0.03264955  0.51487924  0.23688597  0.          0.6         0.01499496
  0.05        0.8         0.2         0.05        0.8         0.2       ]
agent_success: 0

training time:  0.0023500919342041016
evaluation time:  7.877363443374634
epoch time:  7.8797430992126465


-------------------------------- Iteration 10200 -------------------------------- 
initial ob: [-0.03264955  0.51487924  0.23688597  0.          0.6         0.01499496
  0.05        0.8         0.2         0.05        0.8         0.2       ]
agent_success: 0

training time:  0.0023126602172851562
evaluation time:  7.8594138622283936
epoch time:  7.8617613315582275


-------------------------------- Iteration 10400 -------------------------------- 
initial ob: [-0.03264955  0.51487924  0.23688597  0.          0.6         0.01499496
  0.05        0.8         0.2         0.05        0.8         0.2       ]
agent_success: 1.0

training time:  0.0023446083068847656
evaluation time:  8.669222831726074
epoch time:  8.671594381332397


-------------------------------- Iteration 10600 -------------------------------- 
initial ob: [-0.03264955  0.51487924  0.23688597  0.          0.6         0.01499496
  0.05        0.8         0.2         0.05        0.8         0.2       ]
agent_success: 0

training time:  0.0023279190063476562
evaluation time:  7.881237268447876
epoch time:  7.883580684661865


-------------------------------- Iteration 10800 -------------------------------- 
initial ob: [-0.03264955  0.51487924  0.23688597  0.          0.6         0.01499496
  0.05        0.8         0.2         0.05        0.8         0.2       ]
agent_success: 0

training time:  0.0023458003997802734
evaluation time:  9.102277755737305
epoch time:  9.104666233062744


-------------------------------- Iteration 11000 -------------------------------- 
initial ob: [-0.03264955  0.51487924  0.23688597  0.          0.6         0.01499496
  0.05        0.8         0.2         0.05        0.8         0.2       ]
agent_success: 1.0

training time:  0.0023148059844970703
evaluation time:  8.642485618591309
epoch time:  8.644813299179077


-------------------------------- Iteration 11200 -------------------------------- 
initial ob: [-0.03264955  0.51487924  0.23688597  0.          0.6         0.01499496
  0.05        0.8         0.2         0.05        0.8         0.2       ]
agent_success: 0

training time:  0.0023221969604492188
evaluation time:  7.993688106536865
epoch time:  7.996026039123535


-------------------------------- Iteration 11400 -------------------------------- 
initial ob: [-0.03264955  0.51487924  0.23688597  0.          0.6         0.01499496
  0.05        0.8         0.2         0.05        0.8         0.2       ]
agent_success: 0

training time:  0.0023212432861328125
evaluation time:  8.29260540008545
epoch time:  8.294979095458984


-------------------------------- Iteration 11600 -------------------------------- 
initial ob: [-0.03264955  0.51487924  0.23688597  0.          0.6         0.01499496
  0.05        0.8         0.2         0.05        0.8         0.2       ]
agent_success: 0

training time:  0.002341747283935547
evaluation time:  9.132269144058228
epoch time:  9.134627103805542


-------------------------------- Iteration 11800 -------------------------------- 
initial ob: [-0.03264955  0.51487924  0.23688597  0.          0.6         0.01499496
  0.05        0.8         0.2         0.05        0.8         0.2       ]
agent_success: 0

training time:  0.0023131370544433594
evaluation time:  7.945975065231323
epoch time:  7.948346853256226


-------------------------------- Iteration 12000 -------------------------------- 
initial ob: [-0.03264955  0.51487924  0.23688597  0.          0.6         0.01499496
  0.05        0.8         0.2         0.05        0.8         0.2       ]
agent_success: 1.0

training time:  0.002325773239135742
evaluation time:  9.203815221786499
epoch time:  9.20615291595459


-------------------------------- Iteration 12200 -------------------------------- 
initial ob: [-0.03264955  0.51487924  0.23688597  0.          0.6         0.01499496
  0.05        0.8         0.2         0.05        0.8         0.2       ]
agent_success: 0

training time:  0.0023272037506103516
evaluation time:  7.896779298782349
epoch time:  7.899127006530762


-------------------------------- Iteration 12400 -------------------------------- 
initial ob: [-0.03264955  0.51487924  0.23688597  0.          0.6         0.01499496
  0.05        0.8         0.2         0.05        0.8         0.2       ]
agent_success: 0

training time:  0.002351999282836914
evaluation time:  8.38680648803711
epoch time:  8.389174938201904


-------------------------------- Iteration 12600 -------------------------------- 
initial ob: [-0.03264955  0.51487924  0.23688597  0.          0.6         0.01499496
  0.05        0.8         0.2         0.05        0.8         0.2       ]
agent_success: 1.0

training time:  0.0023603439331054688
evaluation time:  8.555494546890259
epoch time:  8.557874202728271


-------------------------------- Iteration 12800 -------------------------------- 
initial ob: [-0.03264955  0.51487924  0.23688597  0.          0.6         0.01499496
  0.05        0.8         0.2         0.05        0.8         0.2       ]
agent_success: 1.0

training time:  0.002367258071899414
evaluation time:  8.558541774749756
epoch time:  8.56098985671997


-------------------------------- Iteration 13000 -------------------------------- 
initial ob: [-0.03264955  0.51487924  0.23688597  0.          0.6         0.01499496
  0.05        0.8         0.2         0.05        0.8         0.2       ]
agent_success: 0

training time:  0.002352476119995117
evaluation time:  8.417150974273682
epoch time:  8.419518232345581


-------------------------------- Iteration 13200 -------------------------------- 
initial ob: [-0.03264955  0.51487924  0.23688597  0.          0.6         0.01499496
  0.05        0.8         0.2         0.05        0.8         0.2       ]
agent_success: 0

training time:  0.002318859100341797
evaluation time:  8.2774019241333
epoch time:  8.27975583076477


-------------------------------- Iteration 13400 -------------------------------- 
initial ob: [-0.03264955  0.51487924  0.23688597  0.          0.6         0.01499496
  0.05        0.8         0.2         0.05        0.8         0.2       ]
agent_success: 0

training time:  0.0023314952850341797
evaluation time:  8.023358345031738
epoch time:  8.025705575942993


-------------------------------- Iteration 13600 -------------------------------- 
initial ob: [-0.03264955  0.51487924  0.23688597  0.          0.6         0.01499496
  0.05        0.8         0.2         0.05        0.8         0.2       ]
agent_success: 0

training time:  0.0023207664489746094
evaluation time:  8.279162168502808
epoch time:  8.281505823135376


-------------------------------- Iteration 13800 -------------------------------- 
initial ob: [-0.03264955  0.51487924  0.23688597  0.          0.6         0.01499496
  0.05        0.8         0.2         0.05        0.8         0.2       ]
agent_success: 0

training time:  0.0023217201232910156
evaluation time:  8.358377933502197
epoch time:  8.360716819763184


-------------------------------- Iteration 14000 -------------------------------- 
initial ob: [-0.03264955  0.51487924  0.23688597  0.          0.6         0.01499496
  0.05        0.8         0.2         0.05        0.8         0.2       ]
agent_success: 0

training time:  0.0023179054260253906
evaluation time:  8.295419692993164
epoch time:  8.297770977020264


-------------------------------- Iteration 14200 -------------------------------- 
initial ob: [-0.03264955  0.51487924  0.23688597  0.          0.6         0.01499496
  0.05        0.8         0.2         0.05        0.8         0.2       ]
agent_success: 0

training time:  0.0023431777954101562
evaluation time:  8.243480205535889
epoch time:  8.245857954025269


-------------------------------- Iteration 14400 -------------------------------- 
initial ob: [-0.03264955  0.51487924  0.23688597  0.          0.6         0.01499496
  0.05        0.8         0.2         0.05        0.8         0.2       ]
agent_success: 0

training time:  0.0023446083068847656
evaluation time:  8.484810590744019
epoch time:  8.48718547821045


-------------------------------- Iteration 14600 -------------------------------- 
initial ob: [-0.03264955  0.51487924  0.23688597  0.          0.6         0.01499496
  0.05        0.8         0.2         0.05        0.8         0.2       ]
agent_success: 0

training time:  0.002327442169189453
evaluation time:  8.300411939620972
epoch time:  8.302757501602173


-------------------------------- Iteration 14800 -------------------------------- 
initial ob: [-0.03264955  0.51487924  0.23688597  0.          0.6         0.01499496
  0.05        0.8         0.2         0.05        0.8         0.2       ]
agent_success: 0

training time:  0.0023114681243896484
evaluation time:  8.261876106262207
epoch time:  8.264203310012817


-------------------------------- Iteration 15000 -------------------------------- 
initial ob: [-0.03264955  0.51487924  0.23688597  0.          0.6         0.01499496
  0.05        0.8         0.2         0.05        0.8         0.2       ]
agent_success: 0

training time:  0.002337217330932617
evaluation time:  8.350066661834717
epoch time:  8.352425575256348


-------------------------------- Iteration 15200 -------------------------------- 
initial ob: [-0.03264955  0.51487924  0.23688597  0.          0.6         0.01499496
  0.05        0.8         0.2         0.05        0.8         0.2       ]
agent_success: 0

training time:  0.002349853515625
evaluation time:  8.31804633140564
epoch time:  8.320432901382446


-------------------------------- Iteration 15400 -------------------------------- 
initial ob: [-0.03264955  0.51487924  0.23688597  0.          0.6         0.01499496
  0.05        0.8         0.2         0.05        0.8         0.2       ]
agent_success: 0

training time:  0.0023508071899414062
evaluation time:  8.300196647644043
epoch time:  8.302571058273315


-------------------------------- Iteration 15600 -------------------------------- 
initial ob: [-0.03264955  0.51487924  0.23688597  0.          0.6         0.01499496
  0.05        0.8         0.2         0.05        0.8         0.2       ]
agent_success: 0

training time:  0.0023179054260253906
evaluation time:  8.156219482421875
epoch time:  8.158552885055542


-------------------------------- Iteration 15800 -------------------------------- 
initial ob: [-0.03264955  0.51487924  0.23688597  0.          0.6         0.01499496
  0.05        0.8         0.2         0.05        0.8         0.2       ]
agent_success: 0

training time:  0.002342700958251953
evaluation time:  8.401473045349121
epoch time:  8.403848886489868


-------------------------------- Iteration 16000 -------------------------------- 
initial ob: [-0.03264955  0.51487924  0.23688597  0.          0.6         0.01499496
  0.05        0.8         0.2         0.05        0.8         0.2       ]
agent_success: 0

training time:  0.0023164749145507812
evaluation time:  8.195997476577759
epoch time:  8.198330163955688


-------------------------------- Iteration 16200 -------------------------------- 
initial ob: [-0.03264955  0.51487924  0.23688597  0.          0.6         0.01499496
  0.05        0.8         0.2         0.05        0.8         0.2       ]
agent_success: 0

training time:  0.0023305416107177734
evaluation time:  8.336135149002075
epoch time:  8.338481426239014


-------------------------------- Iteration 16400 -------------------------------- 
initial ob: [-0.03264955  0.51487924  0.23688597  0.          0.6         0.01499496
  0.05        0.8         0.2         0.05        0.8         0.2       ]
agent_success: 0

training time:  0.0023717880249023438
evaluation time:  8.300590991973877
epoch time:  8.302995443344116


-------------------------------- Iteration 16600 -------------------------------- 
initial ob: [-0.03264955  0.51487924  0.23688597  0.          0.6         0.01499496
  0.05        0.8         0.2         0.05        0.8         0.2       ]
agent_success: 0

training time:  0.0023322105407714844
evaluation time:  8.307244539260864
epoch time:  8.309593677520752


-------------------------------- Iteration 16800 -------------------------------- 
initial ob: [-0.03264955  0.51487924  0.23688597  0.          0.6         0.01499496
  0.05        0.8         0.2         0.05        0.8         0.2       ]
agent_success: 0

training time:  0.0023202896118164062
evaluation time:  7.948586463928223
epoch time:  7.950925350189209


-------------------------------- Iteration 17000 -------------------------------- 
initial ob: [-0.03264955  0.51487924  0.23688597  0.          0.6         0.01499496
  0.05        0.8         0.2         0.05        0.8         0.2       ]
agent_success: 0

training time:  0.0023241043090820312
evaluation time:  8.3899827003479
epoch time:  8.392322778701782


-------------------------------- Iteration 17200 -------------------------------- 
initial ob: [-0.03264955  0.51487924  0.23688597  0.          0.6         0.01499496
  0.05        0.8         0.2         0.05        0.8         0.2       ]
agent_success: 0

training time:  0.002338886260986328
evaluation time:  8.214733839035034
epoch time:  8.217119932174683


-------------------------------- Iteration 17400 -------------------------------- 
initial ob: [-0.03264955  0.51487924  0.23688597  0.          0.6         0.01499496
  0.05        0.8         0.2         0.05        0.8         0.2       ]
agent_success: 0

training time:  0.002351045608520508
evaluation time:  8.404796361923218
epoch time:  8.407161951065063


-------------------------------- Iteration 17600 -------------------------------- 
initial ob: [-0.03264955  0.51487924  0.23688597  0.          0.6         0.01499496
  0.05        0.8         0.2         0.05        0.8         0.2       ]
agent_success: 0

training time:  0.0023500919342041016
evaluation time:  8.464541673660278
epoch time:  8.466923236846924


-------------------------------- Iteration 17800 -------------------------------- 
initial ob: [-0.03264955  0.51487924  0.23688597  0.          0.6         0.01499496
  0.05        0.8         0.2         0.05        0.8         0.2       ]
agent_success: 0

training time:  0.022791385650634766
evaluation time:  8.561702489852905
epoch time:  8.584527015686035


-------------------------------- Iteration 18000 -------------------------------- 
initial ob: [-0.03264955  0.51487924  0.23688597  0.          0.6         0.01499496
  0.05        0.8         0.2         0.05        0.8         0.2       ]
agent_success: 0

training time:  0.002346515655517578
evaluation time:  8.433024644851685
epoch time:  8.435386657714844


-------------------------------- Iteration 18200 -------------------------------- 
initial ob: [-0.03264955  0.51487924  0.23688597  0.          0.6         0.01499496
  0.05        0.8         0.2         0.05        0.8         0.2       ]
agent_success: 0

training time:  0.0023610591888427734
evaluation time:  8.441725015640259
epoch time:  8.444107055664062


-------------------------------- Iteration 18400 -------------------------------- 
initial ob: [-0.03264955  0.51487924  0.23688597  0.          0.6         0.01499496
  0.05        0.8         0.2         0.05        0.8         0.2       ]
agent_success: 0

training time:  0.0023310184478759766
evaluation time:  8.418399333953857
epoch time:  8.420748710632324


-------------------------------- Iteration 18600 -------------------------------- 
initial ob: [-0.03264955  0.51487924  0.23688597  0.          0.6         0.01499496
  0.05        0.8         0.2         0.05        0.8         0.2       ]
agent_success: 0

training time:  0.0023193359375
evaluation time:  8.233821392059326
epoch time:  8.236161470413208


-------------------------------- Iteration 18800 -------------------------------- 
initial ob: [-0.03264955  0.51487924  0.23688597  0.          0.6         0.01499496
  0.05        0.8         0.2         0.05        0.8         0.2       ]
agent_success: 1.0

training time:  0.0023276805877685547
evaluation time:  8.887285470962524
epoch time:  8.889642715454102


-------------------------------- Iteration 19000 -------------------------------- 
initial ob: [-0.03264955  0.51487924  0.23688597  0.          0.6         0.01499496
  0.05        0.8         0.2         0.05        0.8         0.2       ]
agent_success: 0

training time:  0.0023338794708251953
evaluation time:  8.277524709701538
epoch time:  8.279884815216064


-------------------------------- Iteration 19200 -------------------------------- 
initial ob: [-0.03264955  0.51487924  0.23688597  0.          0.6         0.01499496
  0.05        0.8         0.2         0.05        0.8         0.2       ]
agent_success: 1.0

training time:  0.00235748291015625
evaluation time:  8.544389247894287
epoch time:  8.546777486801147


-------------------------------- Iteration 19400 -------------------------------- 
initial ob: [-0.03264955  0.51487924  0.23688597  0.          0.6         0.01499496
  0.05        0.8         0.2         0.05        0.8         0.2       ]
agent_success: 0

training time:  0.002325296401977539
evaluation time:  8.376482725143433
epoch time:  8.378835439682007


-------------------------------- Iteration 19600 -------------------------------- 
initial ob: [-0.03264955  0.51487924  0.23688597  0.          0.6         0.01499496
  0.05        0.8         0.2         0.05        0.8         0.2       ]
agent_success: 1.0

training time:  0.002310037612915039
evaluation time:  8.461929321289062
epoch time:  8.46425175666809


-------------------------------- Iteration 19800 -------------------------------- 
initial ob: [-0.03264955  0.51487924  0.23688597  0.          0.6         0.01499496
  0.05        0.8         0.2         0.05        0.8         0.2       ]
agent_success: 1.0

training time:  0.0023148059844970703
evaluation time:  8.450452089309692
epoch time:  8.45284914970398


-------------------------------- Iteration 20000 -------------------------------- 
initial ob: [-0.03264955  0.51487924  0.23688597  0.          0.6         0.01499496
  0.05        0.8         0.2         0.05        0.8         0.2       ]
agent_success: 0

training time:  0.0023386478424072266
evaluation time:  8.079643487930298
epoch time:  8.082002639770508


-------------------------------- Iteration 20200 -------------------------------- 
initial ob: [-0.03264955  0.51487924  0.23688597  0.          0.6         0.01499496
  0.05        0.8         0.2         0.05        0.8         0.2       ]
agent_success: 0

training time:  0.002321958541870117
evaluation time:  8.403966903686523
epoch time:  8.40630555152893


-------------------------------- Iteration 20400 -------------------------------- 
initial ob: [-0.03264955  0.51487924  0.23688597  0.          0.6         0.01499496
  0.05        0.8         0.2         0.05        0.8         0.2       ]
agent_success: 1.0

training time:  0.002333402633666992
evaluation time:  8.755638122558594
epoch time:  8.757988929748535


-------------------------------- Iteration 20600 -------------------------------- 
initial ob: [-0.03264955  0.51487924  0.23688597  0.          0.6         0.01499496
  0.05        0.8         0.2         0.05        0.8         0.2       ]
agent_success: 1.0

training time:  0.002315521240234375
evaluation time:  8.42925500869751
epoch time:  8.431583166122437


-------------------------------- Iteration 20800 -------------------------------- 
initial ob: [-0.03264955  0.51487924  0.23688597  0.          0.6         0.01499496
  0.05        0.8         0.2         0.05        0.8         0.2       ]
agent_success: 1.0

training time:  0.0023279190063476562
evaluation time:  8.578967571258545
epoch time:  8.581355333328247


-------------------------------- Iteration 21000 -------------------------------- 
initial ob: [-0.03264955  0.51487924  0.23688597  0.          0.6         0.01499496
  0.05        0.8         0.2         0.05        0.8         0.2       ]
agent_success: 1.0

training time:  0.0023529529571533203
evaluation time:  8.599965333938599
epoch time:  8.602331638336182


-------------------------------- Iteration 21200 -------------------------------- 
initial ob: [-0.03264955  0.51487924  0.23688597  0.          0.6         0.01499496
  0.05        0.8         0.2         0.05        0.8         0.2       ]
agent_success: 1.0

training time:  0.002322673797607422
evaluation time:  8.698004245758057
epoch time:  8.700356245040894


-------------------------------- Iteration 21400 -------------------------------- 
initial ob: [-0.03264955  0.51487924  0.23688597  0.          0.6         0.01499496
  0.05        0.8         0.2         0.05        0.8         0.2       ]
agent_success: 1.0

training time:  0.002318859100341797
evaluation time:  8.380327939987183
epoch time:  8.382659912109375


-------------------------------- Iteration 21600 -------------------------------- 
initial ob: [-0.03264955  0.51487924  0.23688597  0.          0.6         0.01499496
  0.05        0.8         0.2         0.05        0.8         0.2       ]
agent_success: 0

training time:  0.002334117889404297
evaluation time:  7.940292596817017
epoch time:  7.942641735076904


-------------------------------- Iteration 21800 -------------------------------- 
initial ob: [-0.03264955  0.51487924  0.23688597  0.          0.6         0.01499496
  0.05        0.8         0.2         0.05        0.8         0.2       ]
agent_success: 1.0

training time:  0.0023369789123535156
evaluation time:  8.600261211395264
epoch time:  8.60267686843872


-------------------------------- Iteration 22000 -------------------------------- 
initial ob: [-0.03264955  0.51487924  0.23688597  0.          0.6         0.01499496
  0.05        0.8         0.2         0.05        0.8         0.2       ]
agent_success: 1.0

training time:  0.002325773239135742
evaluation time:  8.599559783935547
epoch time:  8.60189962387085


-------------------------------- Iteration 22200 -------------------------------- 
initial ob: [-0.03264955  0.51487924  0.23688597  0.          0.6         0.01499496
  0.05        0.8         0.2         0.05        0.8         0.2       ]
agent_success: 1.0

training time:  0.002324342727661133
evaluation time:  8.746656656265259
epoch time:  8.748997926712036


-------------------------------- Iteration 22400 -------------------------------- 
initial ob: [-0.03264955  0.51487924  0.23688597  0.          0.6         0.01499496
  0.05        0.8         0.2         0.05        0.8         0.2       ]
agent_success: 1.0

training time:  0.002343416213989258
evaluation time:  8.522592782974243
epoch time:  8.524948835372925


-------------------------------- Iteration 22600 -------------------------------- 
initial ob: [-0.03264955  0.51487924  0.23688597  0.          0.6         0.01499496
  0.05        0.8         0.2         0.05        0.8         0.2       ]
agent_success: 1.0

training time:  0.0023233890533447266
evaluation time:  8.313949346542358
epoch time:  8.31628680229187


-------------------------------- Iteration 22800 -------------------------------- 
initial ob: [-0.03264955  0.51487924  0.23688597  0.          0.6         0.01499496
  0.05        0.8         0.2         0.05        0.8         0.2       ]
agent_success: 1.0

training time:  0.002318859100341797
evaluation time:  8.346348762512207
epoch time:  8.3486807346344


-------------------------------- Iteration 23000 -------------------------------- 
initial ob: [-0.03264955  0.51487924  0.23688597  0.          0.6         0.01499496
  0.05        0.8         0.2         0.05        0.8         0.2       ]
agent_success: 1.0

training time:  0.0023331642150878906
evaluation time:  8.421642541885376
epoch time:  8.424003601074219


-------------------------------- Iteration 23200 -------------------------------- 
initial ob: [-0.03264955  0.51487924  0.23688597  0.          0.6         0.01499496
  0.05        0.8         0.2         0.05        0.8         0.2       ]
agent_success: 1.0

training time:  0.002437114715576172
evaluation time:  8.647366285324097
epoch time:  8.649835586547852


-------------------------------- Iteration 23400 -------------------------------- 
initial ob: [-0.03264955  0.51487924  0.23688597  0.          0.6         0.01499496
  0.05        0.8         0.2         0.05        0.8         0.2       ]
agent_success: 1.0

training time:  0.002502918243408203
evaluation time:  8.893069744110107
epoch time:  8.895604372024536


-------------------------------- Iteration 23600 -------------------------------- 
initial ob: [-0.03264955  0.51487924  0.23688597  0.          0.6         0.01499496
  0.05        0.8         0.2         0.05        0.8         0.2       ]
agent_success: 1.0

training time:  0.0023365020751953125
evaluation time:  8.419688701629639
epoch time:  8.422038078308105


-------------------------------- Iteration 23800 -------------------------------- 
initial ob: [-0.03264955  0.51487924  0.23688597  0.          0.6         0.01499496
  0.05        0.8         0.2         0.05        0.8         0.2       ]
agent_success: 1.0

training time:  0.002362489700317383
evaluation time:  8.832829713821411
epoch time:  8.835204839706421


-------------------------------- Iteration 24000 -------------------------------- 
initial ob: [-0.03264955  0.51487924  0.23688597  0.          0.6         0.01499496
  0.05        0.8         0.2         0.05        0.8         0.2       ]
agent_success: 1.0

training time:  0.00235748291015625
evaluation time:  8.567846775054932
epoch time:  8.570221424102783


-------------------------------- Iteration 24200 -------------------------------- 
initial ob: [-0.03264955  0.51487924  0.23688597  0.          0.6         0.01499496
  0.05        0.8         0.2         0.05        0.8         0.2       ]
agent_success: 1.0

training time:  0.002341032028198242
evaluation time:  8.761982202529907
epoch time:  8.764370441436768


-------------------------------- Iteration 24400 -------------------------------- 
initial ob: [-0.03264955  0.51487924  0.23688597  0.          0.6         0.01499496
  0.05        0.8         0.2         0.05        0.8         0.2       ]
agent_success: 1.0

training time:  0.0023393630981445312
evaluation time:  8.775827646255493
epoch time:  8.77817964553833


-------------------------------- Iteration 24600 -------------------------------- 
initial ob: [-0.03264955  0.51487924  0.23688597  0.          0.6         0.01499496
  0.05        0.8         0.2         0.05        0.8         0.2       ]
agent_success: 1.0

training time:  0.002335071563720703
evaluation time:  8.603360891342163
epoch time:  8.605708122253418


-------------------------------- Iteration 24800 -------------------------------- 
initial ob: [-0.03264955  0.51487924  0.23688597  0.          0.6         0.01499496
  0.05        0.8         0.2         0.05        0.8         0.2       ]
agent_success: 1.0

training time:  0.0023381710052490234
evaluation time:  8.899317264556885
epoch time:  8.901673078536987


-------------------------------- Iteration 25000 -------------------------------- 
initial ob: [-0.03264955  0.51487924  0.23688597  0.          0.6         0.01499496
  0.05        0.8         0.2         0.05        0.8         0.2       ]
agent_success: 1.0

training time:  0.002353668212890625
evaluation time:  8.81458592414856
epoch time:  8.816951990127563


-------------------------------- Iteration 25200 -------------------------------- 
initial ob: [-0.03264955  0.51487924  0.23688597  0.          0.6         0.01499496
  0.05        0.8         0.2         0.05        0.8         0.2       ]
agent_success: 1.0

training time:  0.002450227737426758
evaluation time:  8.990746259689331
epoch time:  8.993215322494507


-------------------------------- Iteration 25400 -------------------------------- 
initial ob: [-0.03264955  0.51487924  0.23688597  0.          0.6         0.01499496
  0.05        0.8         0.2         0.05        0.8         0.2       ]
agent_success: 1.0

training time:  0.0023381710052490234
evaluation time:  8.691267251968384
epoch time:  8.693618297576904


-------------------------------- Iteration 25600 -------------------------------- 
initial ob: [-0.03264955  0.51487924  0.23688597  0.          0.6         0.01499496
  0.05        0.8         0.2         0.05        0.8         0.2       ]
agent_success: 0

training time:  0.0023450851440429688
evaluation time:  8.945860862731934
epoch time:  8.948236227035522


-------------------------------- Iteration 25800 -------------------------------- 
initial ob: [-0.03264955  0.51487924  0.23688597  0.          0.6         0.01499496
  0.05        0.8         0.2         0.05        0.8         0.2       ]
agent_success: 0

training time:  0.002348661422729492
evaluation time:  9.315683603286743
epoch time:  9.318049430847168


-------------------------------- Iteration 26000 -------------------------------- 
initial ob: [-0.03264955  0.51487924  0.23688597  0.          0.6         0.01499496
  0.05        0.8         0.2         0.05        0.8         0.2       ]
agent_success: 0

training time:  0.002504110336303711
evaluation time:  9.176497220993042
epoch time:  9.179027080535889


-------------------------------- Iteration 26200 -------------------------------- 
initial ob: [-0.03264955  0.51487924  0.23688597  0.          0.6         0.01499496
  0.05        0.8         0.2         0.05        0.8         0.2       ]
agent_success: 0

training time:  0.002329111099243164
evaluation time:  9.252689361572266
epoch time:  9.25510573387146


-------------------------------- Iteration 26400 -------------------------------- 
initial ob: [-0.03264955  0.51487924  0.23688597  0.          0.6         0.01499496
  0.05        0.8         0.2         0.05        0.8         0.2       ]
agent_success: 0

training time:  0.002338409423828125
evaluation time:  9.091913938522339
epoch time:  9.094276428222656


-------------------------------- Iteration 26600 -------------------------------- 
initial ob: [-0.03264955  0.51487924  0.23688597  0.          0.6         0.01499496
  0.05        0.8         0.2         0.05        0.8         0.2       ]
agent_success: 1.0

training time:  0.0023508071899414062
evaluation time:  9.187036037445068
epoch time:  9.189399480819702


-------------------------------- Iteration 26800 -------------------------------- 
initial ob: [-0.03264955  0.51487924  0.23688597  0.          0.6         0.01499496
  0.05        0.8         0.2         0.05        0.8         0.2       ]
agent_success: 1.0

training time:  0.0023484230041503906
evaluation time:  9.07386302947998
epoch time:  9.076242208480835


-------------------------------- Iteration 27000 -------------------------------- 
initial ob: [-0.03264955  0.51487924  0.23688597  0.          0.6         0.01499496
  0.05        0.8         0.2         0.05        0.8         0.2       ]
agent_success: 0

training time:  0.002374887466430664
evaluation time:  9.325664043426514
epoch time:  9.328071355819702


-------------------------------- Iteration 27200 -------------------------------- 
initial ob: [-0.03264955  0.51487924  0.23688597  0.          0.6         0.01499496
  0.05        0.8         0.2         0.05        0.8         0.2       ]
agent_success: 0

training time:  0.0023436546325683594
evaluation time:  9.151465654373169
epoch time:  9.153825998306274


-------------------------------- Iteration 27400 -------------------------------- 
initial ob: [-0.03264955  0.51487924  0.23688597  0.          0.6         0.01499496
  0.05        0.8         0.2         0.05        0.8         0.2       ]
agent_success: 0

training time:  0.002435922622680664
evaluation time:  9.5094575881958
epoch time:  9.511914253234863


-------------------------------- Iteration 27600 -------------------------------- 
initial ob: [-0.03264955  0.51487924  0.23688597  0.          0.6         0.01499496
  0.05        0.8         0.2         0.05        0.8         0.2       ]
agent_success: 1.0

training time:  0.0023550987243652344
evaluation time:  9.171743631362915
epoch time:  9.174111604690552


-------------------------------- Iteration 27800 -------------------------------- 
initial ob: [-0.03264955  0.51487924  0.23688597  0.          0.6         0.01499496
  0.05        0.8         0.2         0.05        0.8         0.2       ]
agent_success: 1.0

training time:  0.002324342727661133
evaluation time:  9.212178230285645
epoch time:  9.214524030685425


-------------------------------- Iteration 28000 -------------------------------- 
initial ob: [-0.03264955  0.51487924  0.23688597  0.          0.6         0.01499496
  0.05        0.8         0.2         0.05        0.8         0.2       ]
agent_success: 0

training time:  0.0023317337036132812
evaluation time:  9.33941102027893
epoch time:  9.34175968170166


-------------------------------- Iteration 28200 -------------------------------- 
initial ob: [-0.03264955  0.51487924  0.23688597  0.          0.6         0.01499496
  0.05        0.8         0.2         0.05        0.8         0.2       ]
agent_success: 0

training time:  0.0023605823516845703
evaluation time:  9.286028861999512
epoch time:  9.288410186767578


-------------------------------- Iteration 28400 -------------------------------- 
initial ob: [-0.03264955  0.51487924  0.23688597  0.          0.6         0.01499496
  0.05        0.8         0.2         0.05        0.8         0.2       ]
agent_success: 0

training time:  0.002339601516723633
evaluation time:  9.35283088684082
epoch time:  9.355186223983765


-------------------------------- Iteration 28600 -------------------------------- 
initial ob: [-0.03264955  0.51487924  0.23688597  0.          0.6         0.01499496
  0.05        0.8         0.2         0.05        0.8         0.2       ]
agent_success: 1.0

training time:  0.002461671829223633
evaluation time:  9.269595384597778
epoch time:  9.272069931030273


-------------------------------- Iteration 28800 -------------------------------- 
initial ob: [-0.03264955  0.51487924  0.23688597  0.          0.6         0.01499496
  0.05        0.8         0.2         0.05        0.8         0.2       ]
agent_success: 1.0

training time:  0.0023336410522460938
evaluation time:  9.108807802200317
epoch time:  9.111155033111572


-------------------------------- Iteration 29000 -------------------------------- 
initial ob: [-0.03264955  0.51487924  0.23688597  0.          0.6         0.01499496
  0.05        0.8         0.2         0.05        0.8         0.2       ]
agent_success: 0

training time:  0.002335786819458008
evaluation time:  9.109610080718994
epoch time:  9.111965417861938


-------------------------------- Iteration 29200 -------------------------------- 
initial ob: [-0.03264955  0.51487924  0.23688597  0.          0.6         0.01499496
  0.05        0.8         0.2         0.05        0.8         0.2       ]
agent_success: 0

training time:  0.002339601516723633
evaluation time:  8.918823957443237
epoch time:  8.921177864074707


-------------------------------- Iteration 29400 -------------------------------- 
initial ob: [-0.03264955  0.51487924  0.23688597  0.          0.6         0.01499496
  0.05        0.8         0.2         0.05        0.8         0.2       ]
agent_success: 0

training time:  0.002305746078491211
evaluation time:  9.189352989196777
epoch time:  9.191678762435913


-------------------------------- Iteration 29600 -------------------------------- 
initial ob: [-0.03264955  0.51487924  0.23688597  0.          0.6         0.01499496
  0.05        0.8         0.2         0.05        0.8         0.2       ]
agent_success: 1.0

training time:  0.002344369888305664
evaluation time:  9.054473161697388
epoch time:  9.056831121444702


-------------------------------- Iteration 29800 -------------------------------- 
initial ob: [-0.03264955  0.51487924  0.23688597  0.          0.6         0.01499496
  0.05        0.8         0.2         0.05        0.8         0.2       ]
agent_success: 1.0

training time:  0.0023255348205566406
evaluation time:  8.891750812530518
epoch time:  8.894094944000244


-------------------------------- Iteration 30000 -------------------------------- 
initial ob: [-0.03264955  0.51487924  0.23688597  0.          0.6         0.01499496
  0.05        0.8         0.2         0.05        0.8         0.2       ]
agent_success: 1.0

training time:  0.0023314952850341797
evaluation time:  8.527510166168213
epoch time:  8.52985405921936


-------------------------------- Iteration 30200 -------------------------------- 
initial ob: [-0.03264955  0.51487924  0.23688597  0.          0.6         0.01499496
  0.05        0.8         0.2         0.05        0.8         0.2       ]
agent_success: 1.0

training time:  0.002337217330932617
evaluation time:  8.982646942138672
epoch time:  8.985002040863037


-------------------------------- Iteration 30400 -------------------------------- 
initial ob: [-0.03264955  0.51487924  0.23688597  0.          0.6         0.01499496
  0.05        0.8         0.2         0.05        0.8         0.2       ]
agent_success: 1.0

training time:  0.0023314952850341797
evaluation time:  9.026765823364258
epoch time:  9.02911114692688


-------------------------------- Iteration 30600 -------------------------------- 
initial ob: [-0.03264955  0.51487924  0.23688597  0.          0.6         0.01499496
  0.05        0.8         0.2         0.05        0.8         0.2       ]
agent_success: 1.0

training time:  0.002331256866455078
evaluation time:  9.040987014770508
epoch time:  9.043346166610718


-------------------------------- Iteration 30800 -------------------------------- 
initial ob: [-0.03264955  0.51487924  0.23688597  0.          0.6         0.01499496
  0.05        0.8         0.2         0.05        0.8         0.2       ]
agent_success: 1.0

training time:  0.002306222915649414
evaluation time:  8.952003955841064
epoch time:  8.954324722290039


-------------------------------- Iteration 31000 -------------------------------- 
initial ob: [-0.03264955  0.51487924  0.23688597  0.          0.6         0.01499496
  0.05        0.8         0.2         0.05        0.8         0.2       ]
agent_success: 1.0

training time:  0.0023403167724609375
evaluation time:  8.992194890975952
epoch time:  8.994553804397583


-------------------------------- Iteration 31200 -------------------------------- 
initial ob: [-0.03264955  0.51487924  0.23688597  0.          0.6         0.01499496
  0.05        0.8         0.2         0.05        0.8         0.2       ]
agent_success: 1.0

training time:  0.0023584365844726562
evaluation time:  9.060418605804443
epoch time:  9.062790155410767


-------------------------------- Iteration 31400 -------------------------------- 
initial ob: [-0.03264955  0.51487924  0.23688597  0.          0.6         0.01499496
  0.05        0.8         0.2         0.05        0.8         0.2       ]
agent_success: 0

training time:  0.0023775100708007812
evaluation time:  9.557498455047607
epoch time:  9.559905290603638


-------------------------------- Iteration 31600 -------------------------------- 
initial ob: [-0.03264955  0.51487924  0.23688597  0.          0.6         0.01499496
  0.05        0.8         0.2         0.05        0.8         0.2       ]
agent_success: 0

training time:  0.002324342727661133
evaluation time:  9.285217523574829
epoch time:  9.287557125091553


-------------------------------- Iteration 31800 -------------------------------- 
initial ob: [-0.03264955  0.51487924  0.23688597  0.          0.6         0.01499496
  0.05        0.8         0.2         0.05        0.8         0.2       ]
agent_success: 0

training time:  0.0023169517517089844
evaluation time:  9.194175720214844
epoch time:  9.196510076522827


-------------------------------- Iteration 32000 -------------------------------- 
initial ob: [-0.03264955  0.51487924  0.23688597  0.          0.6         0.01499496
  0.05        0.8         0.2         0.05        0.8         0.2       ]
agent_success: 1.0

training time:  0.0023729801177978516
evaluation time:  9.187586545944214
epoch time:  9.189972639083862


-------------------------------- Iteration 32200 -------------------------------- 
initial ob: [-0.03264955  0.51487924  0.23688597  0.          0.6         0.01499496
  0.05        0.8         0.2         0.05        0.8         0.2       ]
agent_success: 0

training time:  0.002330303192138672
evaluation time:  9.118910789489746
epoch time:  9.12126612663269


-------------------------------- Iteration 32400 -------------------------------- 
initial ob: [-0.03264955  0.51487924  0.23688597  0.          0.6         0.01499496
  0.05        0.8         0.2         0.05        0.8         0.2       ]
agent_success: 1.0

training time:  0.002318143844604492
evaluation time:  9.008944749832153
epoch time:  9.011291742324829


-------------------------------- Iteration 32600 -------------------------------- 
initial ob: [-0.03264955  0.51487924  0.23688597  0.          0.6         0.01499496
  0.05        0.8         0.2         0.05        0.8         0.2       ]
agent_success: 0

training time:  0.0023152828216552734
evaluation time:  9.01444411277771
epoch time:  9.016776323318481


-------------------------------- Iteration 32800 -------------------------------- 
initial ob: [-0.03264955  0.51487924  0.23688597  0.          0.6         0.01499496
  0.05        0.8         0.2         0.05        0.8         0.2       ]
agent_success: 0

training time:  0.0023736953735351562
evaluation time:  9.218364715576172
epoch time:  9.220760583877563


-------------------------------- Iteration 33000 -------------------------------- 
initial ob: [-0.03264955  0.51487924  0.23688597  0.          0.6         0.01499496
  0.05        0.8         0.2         0.05        0.8         0.2       ]
agent_success: 0

training time:  0.0023224353790283203
evaluation time:  8.960447072982788
epoch time:  8.96278715133667


-------------------------------- Iteration 33200 -------------------------------- 
initial ob: [-0.03264955  0.51487924  0.23688597  0.          0.6         0.01499496
  0.05        0.8         0.2         0.05        0.8         0.2       ]
agent_success: 0

training time:  0.0023412704467773438
evaluation time:  8.936197280883789
epoch time:  8.938560009002686


-------------------------------- Iteration 33400 -------------------------------- 
initial ob: [-0.03264955  0.51487924  0.23688597  0.          0.6         0.01499496
  0.05        0.8         0.2         0.05        0.8         0.2       ]
agent_success: 0

training time:  0.002335071563720703
evaluation time:  8.843507766723633
epoch time:  8.845858573913574


-------------------------------- Iteration 33600 -------------------------------- 
initial ob: [-0.03264955  0.51487924  0.23688597  0.          0.6         0.01499496
  0.05        0.8         0.2         0.05        0.8         0.2       ]
agent_success: 0

training time:  0.0023293495178222656
evaluation time:  9.243579387664795
epoch time:  9.245929479598999


-------------------------------- Iteration 33800 -------------------------------- 
initial ob: [-0.03264955  0.51487924  0.23688597  0.          0.6         0.01499496
  0.05        0.8         0.2         0.05        0.8         0.2       ]
agent_success: 0

training time:  0.002613067626953125
evaluation time:  9.256472826004028
epoch time:  9.259100914001465


-------------------------------- Iteration 34000 -------------------------------- 
initial ob: [-0.03264955  0.51487924  0.23688597  0.          0.6         0.01499496
  0.05        0.8         0.2         0.05        0.8         0.2       ]
agent_success: 0

training time:  0.002369403839111328
evaluation time:  9.039744853973389
epoch time:  9.04213547706604


-------------------------------- Iteration 34200 -------------------------------- 
initial ob: [-0.03264955  0.51487924  0.23688597  0.          0.6         0.01499496
  0.05        0.8         0.2         0.05        0.8         0.2       ]
agent_success: 1.0

training time:  0.0023424625396728516
evaluation time:  9.085195541381836
epoch time:  9.08755111694336


-------------------------------- Training stopped due to early stopping -------------------------------- 
min loss:  0.0048460606


-------------------------------- Test Results -------------------------------- 
initial ob: [-0.03264955  0.51487924  0.23688597  0.          0.6         0.01499496
  0.05        0.8         0.2         0.05        0.8         0.2       ]
agent_success: 0

mean_success_rate:  0.0
Done
