/var/lib/slurm/slurmd/job3513858/slurm_script: line 9: batch_scripts/MT50_batch/seed.sh: No such file or directory
SLURM_JOBID=3513858
working directory=/viscam/u/jialugao/Imitation-SoftModule
########################
logging outputs to  /viscam/u/jialugao/Imitation-SoftModule/data/Base_bc_reach_handle-pull-side-v1_2640.000124-01-2022_18-56-20
########################
{'expert_policy_file': '../Multi-Task-RL/log/MT50_Single_Task/handle-pull-side-v1/Fixed/238/model/model_pf_best.pth', 'exp_name': 'bc_reach', 'do_dagger': False, 'ep_len': 200, 'gradient_steps': 1, 'n_iter': 10000, 'render_interval': 1, 'eval_interval': 200, 'batch_size': 64, 'eval_batch_size': 32, 'train_batch_size': 32, 'n_layers': 2, 'size': 400, 'learning_rate': 0.0001, 'video_log_freq': -1, 'scalar_log_freq': 1, 'no_gpu': False, 'which_gpu': 0, 'max_replay_buffer_size': 1000000, 'save_params': False, 'seed': 32, 'worker_nums': 1, 'eval_worker_nums': 1, 'config': 'config/BC.json', 'no_cuda': True, 'random_init': False, 'device': 'cpu', 'id': 'MT50_Single_Task', 'task_name': 'handle-pull-side-v1', 'task_env': 'MT50_task_env', 'cuda': False, 'log_dir': '/viscam/u/jialugao/Imitation-SoftModule/data/Base_bc_reach_handle-pull-side-v1_2640.000124-01-2022_18-56-20', 'agent_class': <class 'agents.bc_agent.MLPAgent'>, 'agent_params': {'n_layers': 2, 'size': 400, 'learning_rate': 0.0001, 'max_replay_buffer_size': 1000000, 'discrete': False, 'ac_dim': 4, 'ob_dim': 9}}
{'env_name': 'single_task', 'env': {'reward_scale': 1, 'obs_norm': False}, 'meta_env': {'obs_type': 'with_goal', 'random_init': False}, 'replay_buffer': {'size': 1000000.0}, 'net': {'hidden_shapes': [400, 400], 'append_hidden_shapes': [400], 'base_type': <class 'networks.base.MLPBase'>}, 'general_setting': {'discount': 0.99, 'pretrain_epochs': 20, 'num_epochs': 7500, 'epoch_frames': 200, 'max_episode_frames': 200, 'batch_size': 1280, 'min_pool': 10000, 'target_hard_update_period': 1000, 'use_soft_update': True, 'tau': 0.005, 'opt_times': 200, 'eval_episodes': 100, 'train_render': False, 'eval_render': False, 'env': <NormAct<RewardShift<SingleWrapperNone>>>, 'logger': <utils.logger.Logger object at 0x7f079b741c10>, 'device': device(type='cpu')}, 'sac': {'plr': 0.0003, 'qlr': 0.0003, 'reparameterization': True, 'automatic_entropy_tuning': True, 'policy_std_reg_weight': 0, 'policy_mean_reg_weight': 0}}
Loading expert policy from... ../Multi-Task-RL/log/MT50_Single_Task/handle-pull-side-v1/Fixed/238/model/model_pf_best.pth
tensor([[ 0.0065, -0.0127, -0.0477,  ..., -0.0023, -0.0175, -0.0635],
        [ 0.0408, -0.0355, -0.0325,  ...,  0.0469, -0.0067, -0.0763],
        [-0.0070, -0.0792, -0.0569,  ...,  0.0362, -0.0263, -0.0481],
        ...,
        [ 0.0450, -0.0622,  0.0081,  ...,  0.0636, -0.0327, -0.0279],
        [-0.0132, -0.0382, -0.0441,  ..., -0.0045,  0.0024, -0.0231],
        [ 0.0116, -0.0132, -0.0600,  ...,  0.0233, -0.0584, -0.0265]])
Done restoring expert policy...
<NormAct<RewardShift<AugObs<SawyerHandlePullSideEnv instance>>>>


-------------------------------- Iteration 0 -------------------------------- 
initial ob: [-0.03264907  0.51488483  0.23687569 -0.15        0.7         0.04
 -0.35        0.7         0.16       -0.35        0.7         0.16      ]
expert:[-0.9546389   0.68518734 -0.9100377  -0.81464916]
expert:[-0.9817875   0.655135   -0.8198748  -0.60140073]
expert:[-0.9856613   0.748201   -0.91921854 -0.8732425 ]
expert:[-0.9798408   0.59932876 -0.9405995  -0.87723064]
expert:[-0.9723868   0.50741434 -0.94708735 -0.8977809 ]
expert:[-0.96359706  0.4379556  -0.9417656  -0.89765227]
expert:[-0.9593206   0.38501856 -0.939446   -0.9029684 ]
expert:[-0.954168    0.2406496  -0.9296621  -0.87471396]
expert:[-0.93749386  0.19335109 -0.91290873 -0.8136597 ]
expert:[-0.9129288   0.30531198 -0.8983962  -0.7918492 ]
expert:[-0.8677154  -0.17476527 -0.93625236 -0.8542366 ]
expert:[-0.7855841  -0.3834687  -0.96529794 -0.9047591 ]
expert:[-0.7281368  -0.43439898 -0.9775885  -0.93653566]
expert:[-0.8720614 -0.1927436 -0.9749425 -0.9493406]
expert:[-0.88413846  0.34500623 -0.9653674  -0.943179  ]
expert:[-0.14130622  0.83400893 -0.9741188  -0.8202031 ]
expert:[ 0.9010263   0.8545601  -0.96467215 -0.7387771 ]
expert:[ 0.9462756   0.8368523  -0.90841377 -0.80868953]
expert:[ 0.84143704  0.8310397  -0.8432802  -0.80057126]
expert:[ 0.06323739  0.90425235 -0.85842097 -0.7869725 ]
expert:[-0.93250775  0.6513743  -0.8059292  -0.46477607]
expert:[-0.98577493 -0.8050743  -0.5117843  -0.8210492 ]
expert:[-0.982376   -0.935794   -0.42490143 -0.9480656 ]
expert:[-0.97672856 -0.90695    -0.39103362 -0.9600752 ]
expert:[-0.99119234 -0.35891992  0.785014    0.22973973]
expert:[-0.99465966  0.07991763  0.98201096  0.947092  ]
expert:[-0.994081    0.0772282   0.98073745  0.94332033]
expert:[-0.99501175  0.08643869  0.98109066  0.9437209 ]
expert:[-0.9952098   0.08892328  0.9810736   0.9433489 ]
expert:[-0.9947551   0.08479278  0.9806685   0.9421383 ]
expert:[-0.99385375  0.07705747  0.97997695  0.94032305]
expert:[-0.9935291   0.07713931  0.97916144  0.9384808 ]
expert:[-0.9934664   0.08071332  0.9781112   0.9359134 ]
expert:[-0.9929052   0.08631408  0.976604    0.9326781 ]
expert:[-0.9910887   0.08890387  0.97297174  0.9307359 ]
expert:[-0.987726    0.10525975  0.9669457   0.92583454]
expert:[-0.981009    0.1652719   0.9593996   0.90052444]
expert:[-0.9685515   0.22872686  0.95046926  0.8333332 ]
expert:[-0.9385728   0.3490664   0.9321837   0.62846315]
expert:[-0.89798     0.45205185  0.9129036   0.3175145 ]
expert:[-0.87442166  0.48836342  0.9027357   0.14077897]
expert:[-0.8519543   0.5233548   0.8904215  -0.02574409]
expert:[-0.82926166  0.56366587  0.87594295 -0.18771803]
expert:[-0.8045893   0.59979135  0.8584853  -0.33475444]
expert:[-0.7803751   0.6370102   0.8451942  -0.45175755]
expert:[-0.76267564  0.68125755  0.8383703  -0.5465449 ]
expert:[-0.7482241  0.7260483  0.8389264 -0.6117772]
expert:[-0.7339463   0.7687552   0.8393469  -0.65959764]
expert:[-0.7136438   0.78815293  0.83716094 -0.69106585]
expert:[-0.6887205  0.7972005  0.8318255 -0.7187582]
expert:[-0.65910625  0.804313    0.8249075  -0.7473765 ]
expert:[-0.61822784  0.7899206   0.8079414  -0.7629371 ]
expert:[-0.58521926  0.77825075  0.7882041  -0.76496637]
expert:[-0.56877923  0.763231    0.76815164 -0.74886686]
expert:[-0.55591094  0.7084013   0.72553587 -0.71249926]
expert:[-0.55307186  0.62854594  0.66293645 -0.65279514]
expert:[-0.54477686  0.55478007  0.6048675  -0.60531557]
expert:[-0.5392324   0.43125188  0.5472527  -0.57073265]
expert:[-0.51436055  0.3555981   0.49608195 -0.5528854 ]
expert:[-0.48413095  0.47723308  0.42170623 -0.49269214]
expert:[-0.49163315  0.5982361   0.36025134 -0.36551538]
expert:[-0.5153693   0.65684974  0.31536612 -0.2068287 ]
expert:[-0.56114846  0.6480143   0.2847154   0.01288881]
expert:[-0.5875299   0.63802373  0.24627034  0.19373022]
expert:[-0.603099    0.67732966  0.20146531  0.3654657 ]
expert:[-0.6097422  0.6704223  0.1561405  0.5040016]
expert:[-0.6061792   0.6268348   0.12709968  0.60613525]
expert:[-0.6092837   0.58707     0.11469109  0.6985794 ]
expert:[-0.6039538   0.60034853  0.09890974  0.7498601 ]
expert:[-0.6124206   0.636305    0.06411382  0.7949597 ]
expert:[-0.62793344  0.6541519   0.02228958  0.8287546 ]
expert:[-0.6583203   0.6296545  -0.02876674  0.8657452 ]
expert:[-0.7249349   0.46986127 -0.09445869  0.9061086 ]
expert:[-0.8204267   0.02400486 -0.17551427  0.9335574 ]
expert:[-0.87837714 -0.38141656 -0.29265368  0.948664  ]
expert:[-0.9194821  -0.48232624 -0.38341784  0.9619939 ]
expert:[-0.9597456  -0.70817906 -0.57616866  0.96802354]
expert:[-0.96852434 -0.88348794 -0.74079543  0.9653302 ]
expert:[-0.95827013 -0.9130436  -0.78291535  0.9711549 ]
expert:[-0.9297105  -0.9180612  -0.78884786  0.97886974]
expert:[-0.851295  -0.9044372 -0.7390515  0.984679 ]
expert:[-0.68565494 -0.8918697  -0.6737352   0.98737836]
expert:[-0.44472456 -0.9001741  -0.6226548   0.9868919 ]
expert:[-0.23036571 -0.9070304  -0.5894034   0.98714477]
expert:[-0.0762314 -0.907756  -0.6137761  0.9880132]
expert:[-0.02835848 -0.89954853 -0.66154534  0.98976165]
expert:[-0.04209005 -0.8855945  -0.6988573   0.99103373]
expert:[-0.11119387 -0.86970013 -0.7223129   0.9916005 ]
expert:[-0.18261625 -0.85150564 -0.73926526  0.9920377 ]
expert:[-0.25013307 -0.83229655 -0.7541219   0.99246824]
expert:[-0.30547208 -0.82223475 -0.7755874   0.99269545]
expert:[-0.33707342 -0.8239153  -0.7958576   0.99271667]
expert:[-0.3642193 -0.8252941 -0.8115165  0.9927407]
expert:[-0.38509178 -0.8262303  -0.8237754   0.9927594 ]
expert:[-0.39984733 -0.82669395 -0.83310324  0.9927681 ]
expert:[-0.40422377 -0.82628053 -0.8381242   0.99275607]
expert:[-0.4023336  -0.8253554  -0.8406202   0.99273276]
expert:[-0.39636534 -0.8241038  -0.8415676   0.992703  ]
expert:[-0.3832112  -0.8220675  -0.84091264  0.99265844]
expert:[-0.34560144 -0.81688136 -0.8369402   0.9925481 ]
expert:[-0.25945193 -0.8092243  -0.82906497  0.99227875]
expert:[-0.10267889 -0.8055242  -0.82013965  0.99170494]
expert:[ 0.10518853 -0.79771745 -0.8013335   0.99124086]
expert:[ 0.34146863 -0.78432375 -0.7651604   0.9904651 ]
expert:[-0.21454088 -0.03934522 -0.7196816   0.99087113]
expert:[-0.7857604  0.5990065 -0.695012   0.9924625]
expert:[-0.87061197  0.63325393 -0.5993184   0.99285495]
expert:[-0.89744663  0.49629778 -0.40804315  0.9927669 ]
expert:[-0.8989141   0.37328133 -0.25029117  0.9924728 ]
expert:[-0.89643615  0.2897982  -0.13338664  0.99222   ]
expert:[-0.8929521   0.22437596 -0.04103501  0.9919937 ]
expert:[-0.8891966   0.17135307  0.04456826  0.99182016]
expert:[-0.88540715  0.12927386  0.1260779   0.9916906 ]
expert:[-0.8817692   0.09517374  0.20180807  0.9915894 ]
expert:[-0.87841034  0.06703898  0.26970646  0.9915077 ]
expert:[-0.8753986   0.04360013  0.32862458  0.9914411 ]
expert:[-0.8727028   0.02354657  0.37927184  0.9913849 ]
expert:[-0.8702953   0.00606275  0.4222133   0.9913359 ]
expert:[-0.8681986  -0.00911436  0.45739067  0.9912927 ]
expert:[-0.86644304 -0.02209004  0.48495933  0.9912546 ]
expert:[-0.86505795 -0.03291229  0.5052429   0.9912215 ]
expert:[-0.864066   -0.04159128  0.5185928   0.99119335]
expert:[-0.863482   -0.04812969  0.5253133   0.9911702 ]
expert:[-0.8633116  -0.05253163  0.5256096   0.9911523 ]
expert:[-0.8635518  -0.05480156  0.5195709   0.9911396 ]
expert:[-0.86419153 -0.05496866  0.5071879   0.9911321 ]
expert:[-0.86521137 -0.05307517  0.48837435  0.99112976]
expert:[-0.86662227 -0.04968347  0.46219093  0.9911304 ]
expert:[-0.8683879  -0.04477976  0.42843246  0.9911341 ]
expert:[-0.8703953  -0.03723701  0.38855532  0.99114555]
expert:[-0.8725482  -0.02769677  0.342559    0.99116325]
expert:[-0.87479883 -0.01684093  0.2905483   0.9911852 ]
expert:[-0.87718815 -0.00474422  0.23298946  0.99121046]
expert:[-0.8796694   0.00825921  0.17075244  0.9912383 ]
expert:[-0.88219476  0.02190514  0.10506527  0.9912678 ]
expert:[-0.88471764  0.03598338  0.03744067  0.9912986 ]
expert:[-0.8871937   0.050283   -0.03041831  0.99133027]
expert:[-0.8895817   0.06458876 -0.0967722   0.99136215]
expert:[-0.8918445   0.07867207 -0.16000476  0.99139386]
expert:[-0.8939501   0.09231076 -0.21874887  0.9914248 ]
expert:[-0.895871    0.10527194 -0.27197626  0.99145436]
expert:[-0.8975853   0.1173516  -0.3189768   0.99148214]
expert:[-0.89907503  0.1283578  -0.35937726  0.9915075 ]
expert:[-0.90032727  0.1381282  -0.39304367  0.99153006]
expert:[-0.901332    0.14651938 -0.42002317  0.99154943]
expert:[-0.9020824   0.15342025 -0.4404688   0.9915652 ]
expert:[-0.90257335  0.15874861 -0.4545754   0.9915772 ]
expert:[-0.9028016   0.16244186 -0.46255478  0.9915851 ]
expert:[-0.9027651   0.16446869 -0.46458203  0.9915887 ]
expert:[-0.9024632   0.16481124 -0.46078813  0.9915879 ]
expert_success: 1.0
path_length: 150



-------------------------------- Iteration 0 -------------------------------- 
initial ob: [-0.03264907  0.51488483  0.23687569 -0.15        0.7         0.04
 -0.35        0.7         0.16       -0.35        0.7         0.16      ]
agent_success: 0

training time:  0.1509103775024414
evaluation time:  8.400391578674316
epoch time:  8.5513334274292


-------------------------------- Iteration 200 -------------------------------- 
initial ob: [-0.03264907  0.51488483  0.23687569 -0.15        0.7         0.04
 -0.35        0.7         0.16       -0.35        0.7         0.16      ]
agent_success: 0

training time:  0.0026237964630126953
evaluation time:  8.307640075683594
epoch time:  8.310292959213257


-------------------------------- Iteration 400 -------------------------------- 
initial ob: [-0.03264907  0.51488483  0.23687569 -0.15        0.7         0.04
 -0.35        0.7         0.16       -0.35        0.7         0.16      ]
agent_success: 0

training time:  0.002546548843383789
evaluation time:  8.258807897567749
epoch time:  8.261382102966309


-------------------------------- Iteration 600 -------------------------------- 
initial ob: [-0.03264907  0.51488483  0.23687569 -0.15        0.7         0.04
 -0.35        0.7         0.16       -0.35        0.7         0.16      ]
agent_success: 0

training time:  0.0025222301483154297
evaluation time:  8.045605659484863
epoch time:  8.048154830932617


-------------------------------- Iteration 800 -------------------------------- 
initial ob: [-0.03264907  0.51488483  0.23687569 -0.15        0.7         0.04
 -0.35        0.7         0.16       -0.35        0.7         0.16      ]
agent_success: 0

training time:  0.0023651123046875
evaluation time:  7.80053448677063
epoch time:  7.802938461303711


-------------------------------- Iteration 1000 -------------------------------- 
initial ob: [-0.03264907  0.51488483  0.23687569 -0.15        0.7         0.04
 -0.35        0.7         0.16       -0.35        0.7         0.16      ]
agent_success: 0

training time:  0.0023794174194335938
evaluation time:  7.949089288711548
epoch time:  7.951494455337524


-------------------------------- Iteration 1200 -------------------------------- 
initial ob: [-0.03264907  0.51488483  0.23687569 -0.15        0.7         0.04
 -0.35        0.7         0.16       -0.35        0.7         0.16      ]
agent_success: 0

training time:  0.0025298595428466797
evaluation time:  8.164753675460815
epoch time:  8.167331218719482


-------------------------------- Iteration 1400 -------------------------------- 
initial ob: [-0.03264907  0.51488483  0.23687569 -0.15        0.7         0.04
 -0.35        0.7         0.16       -0.35        0.7         0.16      ]
agent_success: 0

training time:  0.0024394989013671875
evaluation time:  8.203269720077515
epoch time:  8.20573377609253


-------------------------------- Iteration 1600 -------------------------------- 
initial ob: [-0.03264907  0.51488483  0.23687569 -0.15        0.7         0.04
 -0.35        0.7         0.16       -0.35        0.7         0.16      ]
agent_success: 0

training time:  0.002504110336303711
evaluation time:  8.371468305587769
epoch time:  8.373993873596191


-------------------------------- Iteration 1800 -------------------------------- 
initial ob: [-0.03264907  0.51488483  0.23687569 -0.15        0.7         0.04
 -0.35        0.7         0.16       -0.35        0.7         0.16      ]
agent_success: 0

training time:  0.0026259422302246094
evaluation time:  8.397175073623657
epoch time:  8.399821519851685


-------------------------------- Iteration 2000 -------------------------------- 
initial ob: [-0.03264907  0.51488483  0.23687569 -0.15        0.7         0.04
 -0.35        0.7         0.16       -0.35        0.7         0.16      ]
agent_success: 0

training time:  0.0024292469024658203
evaluation time:  8.161967039108276
epoch time:  8.164416790008545


-------------------------------- Iteration 2200 -------------------------------- 
initial ob: [-0.03264907  0.51488483  0.23687569 -0.15        0.7         0.04
 -0.35        0.7         0.16       -0.35        0.7         0.16      ]
agent_success: 0

training time:  0.0023832321166992188
evaluation time:  7.90452766418457
epoch time:  7.906933307647705


-------------------------------- Iteration 2400 -------------------------------- 
initial ob: [-0.03264907  0.51488483  0.23687569 -0.15        0.7         0.04
 -0.35        0.7         0.16       -0.35        0.7         0.16      ]
agent_success: 0

training time:  0.0023756027221679688
evaluation time:  8.410049676895142
epoch time:  8.412455558776855


-------------------------------- Iteration 2600 -------------------------------- 
initial ob: [-0.03264907  0.51488483  0.23687569 -0.15        0.7         0.04
 -0.35        0.7         0.16       -0.35        0.7         0.16      ]
agent_success: 0

training time:  0.0024979114532470703
evaluation time:  8.32295274734497
epoch time:  8.325468301773071


-------------------------------- Iteration 2800 -------------------------------- 
initial ob: [-0.03264907  0.51488483  0.23687569 -0.15        0.7         0.04
 -0.35        0.7         0.16       -0.35        0.7         0.16      ]
agent_success: 0

training time:  0.0024640560150146484
evaluation time:  8.062613010406494
epoch time:  8.06509780883789


-------------------------------- Iteration 3000 -------------------------------- 
initial ob: [-0.03264907  0.51488483  0.23687569 -0.15        0.7         0.04
 -0.35        0.7         0.16       -0.35        0.7         0.16      ]
agent_success: 0

training time:  0.0024819374084472656
evaluation time:  8.394354343414307
epoch time:  8.396867036819458


-------------------------------- Iteration 3200 -------------------------------- 
initial ob: [-0.03264907  0.51488483  0.23687569 -0.15        0.7         0.04
 -0.35        0.7         0.16       -0.35        0.7         0.16      ]
agent_success: 0

training time:  0.0024716854095458984
evaluation time:  8.319346904754639
epoch time:  8.321836471557617


-------------------------------- Iteration 3400 -------------------------------- 
initial ob: [-0.03264907  0.51488483  0.23687569 -0.15        0.7         0.04
 -0.35        0.7         0.16       -0.35        0.7         0.16      ]
agent_success: 0

training time:  0.0024344921112060547
evaluation time:  8.215398073196411
epoch time:  8.217854499816895


-------------------------------- Iteration 3600 -------------------------------- 
initial ob: [-0.03264907  0.51488483  0.23687569 -0.15        0.7         0.04
 -0.35        0.7         0.16       -0.35        0.7         0.16      ]
agent_success: 0

training time:  0.0024721622467041016
evaluation time:  7.737492322921753
epoch time:  7.73997950553894


-------------------------------- Iteration 3800 -------------------------------- 
initial ob: [-0.03264907  0.51488483  0.23687569 -0.15        0.7         0.04
 -0.35        0.7         0.16       -0.35        0.7         0.16      ]
agent_success: 0

training time:  0.002418041229248047
evaluation time:  7.88406777381897
epoch time:  7.886524677276611


-------------------------------- Iteration 4000 -------------------------------- 
initial ob: [-0.03264907  0.51488483  0.23687569 -0.15        0.7         0.04
 -0.35        0.7         0.16       -0.35        0.7         0.16      ]
agent_success: 0

training time:  0.00252532958984375
evaluation time:  8.432942390441895
epoch time:  8.435485363006592


-------------------------------- Iteration 4200 -------------------------------- 
initial ob: [-0.03264907  0.51488483  0.23687569 -0.15        0.7         0.04
 -0.35        0.7         0.16       -0.35        0.7         0.16      ]
agent_success: 0

training time:  0.0025022029876708984
evaluation time:  8.373607635498047
epoch time:  8.376135110855103


-------------------------------- Iteration 4400 -------------------------------- 
initial ob: [-0.03264907  0.51488483  0.23687569 -0.15        0.7         0.04
 -0.35        0.7         0.16       -0.35        0.7         0.16      ]
agent_success: 0

training time:  0.0024368762969970703
evaluation time:  8.344730615615845
epoch time:  8.34728455543518


-------------------------------- Iteration 4600 -------------------------------- 
initial ob: [-0.03264907  0.51488483  0.23687569 -0.15        0.7         0.04
 -0.35        0.7         0.16       -0.35        0.7         0.16      ]
agent_success: 0

training time:  0.0024809837341308594
evaluation time:  8.306006669998169
epoch time:  8.308510541915894


-------------------------------- Iteration 4800 -------------------------------- 
initial ob: [-0.03264907  0.51488483  0.23687569 -0.15        0.7         0.04
 -0.35        0.7         0.16       -0.35        0.7         0.16      ]
agent_success: 0

training time:  0.002466917037963867
evaluation time:  8.270344734191895
epoch time:  8.272828578948975


-------------------------------- Iteration 5000 -------------------------------- 
initial ob: [-0.03264907  0.51488483  0.23687569 -0.15        0.7         0.04
 -0.35        0.7         0.16       -0.35        0.7         0.16      ]
agent_success: 0

training time:  0.0024504661560058594
evaluation time:  8.220928430557251
epoch time:  8.223407506942749


-------------------------------- Iteration 5200 -------------------------------- 
initial ob: [-0.03264907  0.51488483  0.23687569 -0.15        0.7         0.04
 -0.35        0.7         0.16       -0.35        0.7         0.16      ]
agent_success: 0

training time:  0.0024156570434570312
evaluation time:  8.300198554992676
epoch time:  8.302632331848145


-------------------------------- Iteration 5400 -------------------------------- 
initial ob: [-0.03264907  0.51488483  0.23687569 -0.15        0.7         0.04
 -0.35        0.7         0.16       -0.35        0.7         0.16      ]
agent_success: 0

training time:  0.0024423599243164062
evaluation time:  8.414866209030151
epoch time:  8.417338848114014


-------------------------------- Iteration 5600 -------------------------------- 
initial ob: [-0.03264907  0.51488483  0.23687569 -0.15        0.7         0.04
 -0.35        0.7         0.16       -0.35        0.7         0.16      ]
agent_success: 0

training time:  0.002521991729736328
evaluation time:  8.369038581848145
epoch time:  8.371578931808472


-------------------------------- Iteration 5800 -------------------------------- 
initial ob: [-0.03264907  0.51488483  0.23687569 -0.15        0.7         0.04
 -0.35        0.7         0.16       -0.35        0.7         0.16      ]
agent_success: 0

training time:  0.0024988651275634766
evaluation time:  8.293954133987427
epoch time:  8.296470165252686


-------------------------------- Iteration 6000 -------------------------------- 
initial ob: [-0.03264907  0.51488483  0.23687569 -0.15        0.7         0.04
 -0.35        0.7         0.16       -0.35        0.7         0.16      ]
agent_success: 0

training time:  0.0024442672729492188
evaluation time:  8.432187795639038
epoch time:  8.434656381607056


-------------------------------- Iteration 6200 -------------------------------- 
initial ob: [-0.03264907  0.51488483  0.23687569 -0.15        0.7         0.04
 -0.35        0.7         0.16       -0.35        0.7         0.16      ]
agent_success: 0

training time:  0.0025162696838378906
evaluation time:  8.322870016098022
epoch time:  8.325403928756714


-------------------------------- Iteration 6400 -------------------------------- 
initial ob: [-0.03264907  0.51488483  0.23687569 -0.15        0.7         0.04
 -0.35        0.7         0.16       -0.35        0.7         0.16      ]
agent_success: 0

training time:  0.0025243759155273438
evaluation time:  8.338014841079712
epoch time:  8.340564012527466


-------------------------------- Iteration 6600 -------------------------------- 
initial ob: [-0.03264907  0.51488483  0.23687569 -0.15        0.7         0.04
 -0.35        0.7         0.16       -0.35        0.7         0.16      ]
agent_success: 0

training time:  0.002376079559326172
evaluation time:  8.375527381896973
epoch time:  8.377933025360107


-------------------------------- Iteration 6800 -------------------------------- 
initial ob: [-0.03264907  0.51488483  0.23687569 -0.15        0.7         0.04
 -0.35        0.7         0.16       -0.35        0.7         0.16      ]
agent_success: 0

training time:  0.002504110336303711
evaluation time:  8.48554277420044
epoch time:  8.48807668685913


-------------------------------- Iteration 7000 -------------------------------- 
initial ob: [-0.03264907  0.51488483  0.23687569 -0.15        0.7         0.04
 -0.35        0.7         0.16       -0.35        0.7         0.16      ]
agent_success: 0

training time:  0.0024726390838623047
evaluation time:  8.38218069076538
epoch time:  8.384670495986938


-------------------------------- Iteration 7200 -------------------------------- 
initial ob: [-0.03264907  0.51488483  0.23687569 -0.15        0.7         0.04
 -0.35        0.7         0.16       -0.35        0.7         0.16      ]
agent_success: 0

training time:  0.0024912357330322266
evaluation time:  8.437544107437134
epoch time:  8.440062999725342


-------------------------------- Iteration 7400 -------------------------------- 
initial ob: [-0.03264907  0.51488483  0.23687569 -0.15        0.7         0.04
 -0.35        0.7         0.16       -0.35        0.7         0.16      ]
agent_success: 0

training time:  0.002499818801879883
evaluation time:  8.276764869689941
epoch time:  8.27928113937378


-------------------------------- Iteration 7600 -------------------------------- 
initial ob: [-0.03264907  0.51488483  0.23687569 -0.15        0.7         0.04
 -0.35        0.7         0.16       -0.35        0.7         0.16      ]
agent_success: 0

training time:  0.002440929412841797
evaluation time:  8.353923082351685
epoch time:  8.356381177902222


-------------------------------- Iteration 7800 -------------------------------- 
initial ob: [-0.03264907  0.51488483  0.23687569 -0.15        0.7         0.04
 -0.35        0.7         0.16       -0.35        0.7         0.16      ]
agent_success: 0

training time:  0.002490520477294922
evaluation time:  8.157928705215454
epoch time:  8.160460472106934


-------------------------------- Iteration 8000 -------------------------------- 
initial ob: [-0.03264907  0.51488483  0.23687569 -0.15        0.7         0.04
 -0.35        0.7         0.16       -0.35        0.7         0.16      ]
agent_success: 0

training time:  0.0023751258850097656
evaluation time:  8.323607206344604
epoch time:  8.32599925994873


-------------------------------- Iteration 8200 -------------------------------- 
initial ob: [-0.03264907  0.51488483  0.23687569 -0.15        0.7         0.04
 -0.35        0.7         0.16       -0.35        0.7         0.16      ]
agent_success: 0

training time:  0.0025300979614257812
evaluation time:  8.45087218284607
epoch time:  8.453425407409668


-------------------------------- Iteration 8400 -------------------------------- 
initial ob: [-0.03264907  0.51488483  0.23687569 -0.15        0.7         0.04
 -0.35        0.7         0.16       -0.35        0.7         0.16      ]
agent_success: 0

training time:  0.002476215362548828
evaluation time:  8.394736051559448
epoch time:  8.397229433059692


-------------------------------- Iteration 8600 -------------------------------- 
initial ob: [-0.03264907  0.51488483  0.23687569 -0.15        0.7         0.04
 -0.35        0.7         0.16       -0.35        0.7         0.16      ]
agent_success: 0

training time:  0.002492189407348633
evaluation time:  8.438992261886597
epoch time:  8.441510200500488


-------------------------------- Iteration 8800 -------------------------------- 
initial ob: [-0.03264907  0.51488483  0.23687569 -0.15        0.7         0.04
 -0.35        0.7         0.16       -0.35        0.7         0.16      ]
agent_success: 0

training time:  0.0025420188903808594
evaluation time:  7.915309906005859
epoch time:  7.917888641357422


-------------------------------- Iteration 9000 -------------------------------- 
initial ob: [-0.03264907  0.51488483  0.23687569 -0.15        0.7         0.04
 -0.35        0.7         0.16       -0.35        0.7         0.16      ]
agent_success: 0

training time:  0.0023899078369140625
evaluation time:  8.054219245910645
epoch time:  8.056626081466675


-------------------------------- Iteration 9200 -------------------------------- 
initial ob: [-0.03264907  0.51488483  0.23687569 -0.15        0.7         0.04
 -0.35        0.7         0.16       -0.35        0.7         0.16      ]
agent_success: 0

training time:  0.0024499893188476562
evaluation time:  7.947930812835693
epoch time:  7.950402498245239


-------------------------------- Iteration 9400 -------------------------------- 
initial ob: [-0.03264907  0.51488483  0.23687569 -0.15        0.7         0.04
 -0.35        0.7         0.16       -0.35        0.7         0.16      ]
agent_success: 0

training time:  0.0023713111877441406
evaluation time:  8.009755849838257
epoch time:  8.012145042419434


-------------------------------- Iteration 9600 -------------------------------- 
initial ob: [-0.03264907  0.51488483  0.23687569 -0.15        0.7         0.04
 -0.35        0.7         0.16       -0.35        0.7         0.16      ]
agent_success: 0

training time:  0.0023894309997558594
evaluation time:  7.995581865310669
epoch time:  7.997995615005493


-------------------------------- Iteration 9800 -------------------------------- 
initial ob: [-0.03264907  0.51488483  0.23687569 -0.15        0.7         0.04
 -0.35        0.7         0.16       -0.35        0.7         0.16      ]
agent_success: 0

training time:  0.0023651123046875
evaluation time:  8.054431200027466
epoch time:  8.056832313537598


-------------------------------- Test Results -------------------------------- 
initial ob: [-0.03264907  0.51488483  0.23687569 -0.15        0.7         0.04
 -0.35        0.7         0.16       -0.35        0.7         0.16      ]
agent_success: 0

mean_success_rate:  0.0
Done
