/var/lib/slurm/slurmd/job3515599/slurm_script: line 9: batch_scripts/MT50_batch/seed.sh: No such file or directory
SLURM_JOBID=3515599
working directory=/viscam/u/jialugao/Imitation-SoftModule
########################
logging outputs to  /viscam/u/jialugao/Imitation-SoftModule/data/Base_bc_reach_button-press_topdown-v1_2640.000125-01-2022_23-02-07
########################
{'expert_policy_file': '../Multi-Task-RL/log/MT50_Single_Task/button-press_topdown-v1/Fixed/238/model/model_pf_best.pth', 'exp_name': 'bc_reach', 'do_dagger': False, 'ep_len': 200, 'gradient_steps': 1, 'n_iter': 10000, 'render_interval': 1, 'eval_interval': 200, 'batch_size': 64, 'eval_batch_size': 32, 'train_batch_size': 32, 'n_layers': 2, 'size': 400, 'learning_rate': 0.0001, 'video_log_freq': -1, 'scalar_log_freq': 1, 'no_gpu': False, 'which_gpu': 0, 'max_replay_buffer_size': 1000000, 'save_params': False, 'seed': 32, 'worker_nums': 1, 'eval_worker_nums': 1, 'config': 'config/BC.json', 'no_cuda': True, 'random_init': False, 'device': 'cpu', 'id': 'MT50_Single_Task', 'task_name': 'button-press_topdown-v1', 'task_env': 'MT50_task_env', 'cuda': False, 'log_dir': '/viscam/u/jialugao/Imitation-SoftModule/data/Base_bc_reach_button-press_topdown-v1_2640.000125-01-2022_23-02-07', 'agent_class': <class 'agents.bc_agent.MLPAgent'>, 'agent_params': {'n_layers': 2, 'size': 400, 'learning_rate': 0.0001, 'max_replay_buffer_size': 1000000, 'discrete': False, 'ac_dim': 4, 'ob_dim': 9}}
{'env_name': 'single_task', 'env': {'reward_scale': 1, 'obs_norm': False}, 'meta_env': {'obs_type': 'with_goal', 'random_init': False}, 'replay_buffer': {'size': 1000000.0}, 'net': {'hidden_shapes': [400, 400], 'append_hidden_shapes': [400], 'base_type': <class 'networks.base.MLPBase'>}, 'general_setting': {'discount': 0.99, 'pretrain_epochs': 20, 'num_epochs': 7500, 'epoch_frames': 200, 'max_episode_frames': 200, 'batch_size': 1280, 'min_pool': 10000, 'target_hard_update_period': 1000, 'use_soft_update': True, 'tau': 0.005, 'opt_times': 200, 'eval_episodes': 100, 'train_render': False, 'eval_render': False, 'env': <NormAct<RewardShift<SingleWrapperNone>>>, 'logger': <utils.logger.Logger object at 0x7fd83d9d8f90>, 'device': device(type='cpu')}, 'sac': {'plr': 0.0003, 'qlr': 0.0003, 'reparameterization': True, 'automatic_entropy_tuning': True, 'policy_std_reg_weight': 0, 'policy_mean_reg_weight': 0}}
Loading expert policy from... ../Multi-Task-RL/log/MT50_Single_Task/button-press_topdown-v1/Fixed/238/model/model_pf_best.pth
tensor([[ 0.4467,  0.0646, -1.2622,  ..., -0.0365,  0.0483,  0.0025],
        [ 0.0935, -0.0397, -0.0391,  ...,  0.0090, -0.0107, -0.0803],
        [-0.0389, -0.0834, -0.0479,  ..., -0.0016, -0.0258, -0.0475],
        ...,
        [ 0.0318, -0.0726,  0.0043,  ...,  0.0400, -0.0413, -0.0362],
        [ 0.0229, -0.2585, -1.0493,  ..., -0.0461,  0.1418,  0.1162],
        [-0.0500, -0.0072, -0.0667,  ..., -0.0211, -0.0577, -0.0257]])
Done restoring expert policy...
<NormAct<RewardShift<AugObs<SawyerButtonPressTopdownEnv instance>>>>


-------------------------------- Iteration 0 -------------------------------- 
initial ob: [-0.03265259  0.51487763  0.23688885  0.          0.88        0.13
  0.          0.88000001  0.1         0.          0.88000001  0.1       ]
expert:[-0.9629626   0.9951093   0.9694976  -0.06447349]
expert:[-0.9901197   0.9958921   0.98550695  0.84046376]
expert:[-0.99502903  0.9966065   0.9886761   0.95768195]
expert:[-0.99483365  0.99678093  0.9881564   0.9801541 ]
expert:[-0.9869199   0.9960739   0.93662983  0.98613757]
expert:[-0.76816124  0.99333674 -0.75028956  0.98899704]
expert:[ 0.715451    0.99244547 -0.97163194  0.37699988]
expert:[ 0.945505    0.9893363  -0.98828536  0.32254013]
expert:[ 0.96784157  0.98928016 -0.9912492   0.26800916]
expert:[ 0.9652382   0.9882759  -0.99115294  0.3042577 ]
expert:[ 0.9370516   0.9873326  -0.9874635   0.31490922]
expert:[ 0.79835796  0.98292106 -0.96182907  0.16934252]
expert:[ 0.40486765  0.96957475 -0.9254285   0.22445248]
expert:[-0.76407516  0.9918444   0.6233936   0.8688499 ]
expert:[-0.86869776  0.9922377   0.97447306  0.7746348 ]
expert:[-0.82825243  0.98742616  0.96901894  0.6699892 ]
expert:[-0.7534311   0.9847673   0.94463813  0.53527236]
expert:[ 0.6733031   0.94458514 -0.92408234 -0.5762861 ]
expert:[ 0.65631545  0.98083085 -0.45192927 -0.7135449 ]
expert:[ 0.66130316  0.98676     0.04107775 -0.8078336 ]
expert:[ 0.71295947  0.9886952  -0.2801984  -0.81483895]
expert:[ 0.6772294   0.9821653  -0.66263866 -0.7483247 ]
expert:[ 0.20870094  0.9823993  -0.74924856 -0.6912598 ]
expert:[-0.72580826  0.98413795 -0.8836356  -0.2990284 ]
expert:[-0.8933133   0.9747346  -0.8904143   0.04096498]
expert:[-0.84914166  0.9819944  -0.8384962   0.00884888]
expert:[-0.78139484  0.9885324  -0.8010202  -0.1386543 ]
expert:[-0.54271865  0.9846401  -0.88470733 -0.22323358]
expert:[-0.19673842  0.9810675  -0.9377067  -0.4212644 ]
expert:[ 0.4381561  0.9652692 -0.9305694 -0.6700227]
expert:[ 0.8054597   0.89687365 -0.7383244  -0.83451504]
expert:[ 0.8624997   0.18348984  0.4197544  -0.9040547 ]
expert:[ 0.8764482  -0.52029246  0.85451716 -0.90785235]
expert:[ 0.86050487 -0.7512098   0.8804604  -0.8690112 ]
expert:[ 0.8195034  -0.70802665  0.81710666 -0.8349096 ]
expert:[ 0.71070856 -0.5620656   0.66930944 -0.7989813 ]
expert:[ 0.33706853 -0.1183763  -0.00438924 -0.47270238]
expert:[-0.21256493  0.37446994 -0.32180977 -0.15691923]
expert:[-0.6442966  0.4037296 -0.4967439  0.1388881]
expert:[-0.71580887  0.4213434  -0.56428903  0.20103864]
expert:[-0.70065576  0.37562194 -0.56285113  0.2092039 ]
expert:[-0.6538205   0.34152672 -0.5328217   0.21722333]
expert:[-0.61445075  0.3087373  -0.51870483  0.23404798]
expert:[-0.5956018   0.29237092 -0.5110849   0.24052846]
expert:[-0.565389    0.28909338 -0.4921635   0.23779653]
expert:[-0.5270404   0.29095578 -0.47386974  0.23452105]
expert:[-0.4846269   0.28722346 -0.45634878  0.22905558]
expert:[-0.4285315   0.27679276 -0.44013825  0.21912147]
expert:[-0.35937017  0.26473007 -0.42055547  0.2060896 ]
expert:[-0.2825485   0.25259444 -0.39827642  0.19148058]
expert:[-0.20886426  0.24562481 -0.3838644   0.17202528]
expert:[-0.13664189  0.24089484 -0.37045687  0.14987451]
expert:[-0.0676048   0.2369141  -0.35565054  0.12623446]
expert:[-0.01162447  0.23341385 -0.34533024  0.11257905]
expert:[ 0.03682247  0.22920601 -0.34200388  0.11228883]
expert:[ 0.07815154  0.22468635 -0.339907    0.11326224]
expert:[ 0.1145414   0.22056803 -0.33799946  0.11480591]
expert:[ 0.1364807   0.21920995 -0.33947486  0.11832386]
expert:[ 0.15187049  0.21921852 -0.3460477   0.12279853]
expert:[ 0.16737762  0.21868047 -0.35316244  0.12817031]
expert:[ 0.18401194  0.21492378 -0.3602949   0.13007364]
expert:[ 0.20129377  0.21032883 -0.36511442  0.13152257]
expert:[ 0.22219712  0.20433828 -0.36676836  0.13393633]
expert:[ 0.24536158  0.1970446  -0.36696064  0.13727114]
expert:[ 0.27242988  0.18735316 -0.36733955  0.14152323]
expert:[ 0.2979641   0.17741886 -0.37009665  0.14592656]
expert:[ 0.32051027  0.17004965 -0.37133464  0.14875413]
expert:[ 0.34076363  0.16413617 -0.37175587  0.15109871]
expert:[ 0.3598597   0.15898767 -0.37121654  0.15416381]
expert:[ 0.38247296  0.1571717  -0.36748523  0.15891795]
expert:[ 0.40314725  0.15553401 -0.36267802  0.16528717]
expert:[ 0.42514938  0.15351982 -0.3561776   0.17460293]
expert:[ 0.4458361   0.15071955 -0.34992102  0.18993469]
expert:[ 0.46828732  0.1479041  -0.3420649   0.20694885]
expert:[ 0.49006206  0.14526987 -0.33337972  0.22435117]
expert:[ 0.5115178   0.14264047 -0.32357326  0.24223652]
expert:[ 0.53359175  0.13968061 -0.31202978  0.26099056]
expert:[ 0.55015004  0.1377599  -0.30142573  0.2766545 ]
expert:[ 0.5625046   0.1366881  -0.29135475  0.28992692]
expert:[ 0.57535076  0.13239284 -0.28276238  0.29917672]
expert:[ 0.5893301   0.12664159 -0.27263814  0.30861288]
expert:[ 0.59974754  0.12009516 -0.26059863  0.31923714]
expert:[ 0.60586053  0.11393731 -0.24852379  0.3301242 ]
expert:[ 0.60305685  0.11157426 -0.24388243  0.3376084 ]
expert:[ 0.5996244   0.10186635 -0.24224044  0.34850866]
expert:[ 0.5942477   0.09116594 -0.2421574   0.3608841 ]
expert:[ 0.5787874   0.08212172 -0.25229952  0.37689328]
expert:[ 0.55268216  0.06943873 -0.27383366  0.4007826 ]
expert:[ 0.49703273  0.0607069  -0.30380285  0.4296847 ]
expert:[ 0.42003256  0.05260794 -0.33925062  0.46066064]
expert:[ 0.29679486  0.02138053 -0.38470274  0.4737286 ]
expert:[ 0.12426622 -0.02691724 -0.4417147   0.47706273]
expert:[-0.21496356 -0.11656564 -0.5223057   0.43639183]
expert:[-0.42435402 -0.18620518 -0.574978    0.39589545]
expert:[-0.50627893 -0.21380943 -0.5966001   0.37116998]
expert:[-0.534007   -0.2245923  -0.60552186  0.35933834]
expert:[-0.5518725  -0.23162809 -0.61117387  0.35215363]
expert:[-0.56589025 -0.23848976 -0.6163462   0.34760448]
expert:[-0.5773649  -0.24490342 -0.6210481   0.34447628]
expert:[-0.6397058  -0.24572924 -0.6548387   0.32781562]
expert:[-0.7514184  -0.05427527 -0.7050191   0.2682972 ]
expert:[-0.7609863  -0.05097402 -0.7133779   0.2677015 ]
expert:[-0.76097953 -0.07284475 -0.7161578   0.26650864]
expert:[-0.75965816 -0.09207086 -0.7173925   0.26558444]
expert:[-0.7577643  -0.10592341 -0.71744365  0.26504308]
expert:[-0.7553288  -0.1157553  -0.7165223   0.26481256]
expert:[-0.75221604 -0.12299956 -0.71456075  0.26446962]
expert:[-0.74814606 -0.12915336 -0.71126616  0.26330072]
expert:[-0.7429616  -0.13412341 -0.7068328   0.26221296]
expert:[-0.7358681  -0.13742505 -0.70048535  0.26122174]
expert:[-0.72656906 -0.1390081  -0.69197094  0.26033357]
expert:[-0.71567565 -0.14000466 -0.68206227  0.25952908]
expert:[-0.70363986 -0.14014141 -0.67109746  0.25882474]
expert:[-0.6902184  -0.13929012 -0.6588635   0.25825   ]
expert:[-0.67428225 -0.138225   -0.6445917   0.25738272]
expert:[-0.65681547 -0.13721125 -0.62892705  0.2582817 ]
expert:[-0.6375632  -0.13863522 -0.61131513  0.26487267]
expert:[-0.6052758  -0.1311447  -0.59652287  0.2783544 ]
expert:[-0.56747985 -0.12374675 -0.58388627  0.29500526]
expert:[-0.50275517 -0.11555225 -0.56377566  0.31934017]
expert:[-0.40023783 -0.10833036 -0.54070425  0.3709267 ]
expert:[ 0.00126344 -0.08655553 -0.48851597  0.47990856]
expert:[ 0.5667587   0.01426849 -0.383976    0.57859135]
expert:[ 0.7179838  -0.00980163 -0.3303105   0.5915379 ]
expert:[ 0.7345139  -0.01915604 -0.29992726  0.5842318 ]
expert:[ 0.7308485  -0.02232525 -0.30770615  0.5818469 ]
expert:[ 0.72831297 -0.02572723 -0.31361607  0.580729  ]
expert:[ 0.72662944 -0.03140297 -0.31805092  0.58106416]
expert:[ 0.7253916  -0.03702617 -0.32149768  0.5817161 ]
expert:[ 0.7246069  -0.04154827 -0.32407293  0.5824445 ]
expert:[ 0.72405505 -0.04497863 -0.3259708   0.58313805]
expert:[ 0.7236995  -0.04728679 -0.3272314   0.58372086]
expert:[ 0.7235298  -0.04843864 -0.3278571   0.58416677]
expert:[ 0.72353774 -0.04841175 -0.3278512   0.5844572 ]
expert:[ 0.7237185  -0.04719432 -0.32721585  0.58458704]
expert:[ 0.72396356 -0.04459915 -0.32602745  0.58444047]
expert:[ 0.724274   -0.04049932 -0.32424098  0.58401424]
expert:[ 0.72478485 -0.03480642 -0.3216462   0.58342224]
expert:[ 0.72576463 -0.02767937 -0.3182653   0.582261  ]
expert:[ 0.7266546  -0.02021466 -0.31447428  0.5809991 ]
expert:[ 0.72720605 -0.01372914 -0.31073627  0.57984835]
expert:[ 0.72780365 -0.00781273 -0.30709746  0.5789736 ]
expert:[ 0.728451   -0.00461915 -0.30486462  0.57914764]
expert:[ 0.7275292  -0.00238758 -0.29997832  0.5764624 ]
expert:[ 0.72407115  0.00089163 -0.29560542  0.5733047 ]
expert:[ 0.7123553   0.00699802 -0.30616617  0.5715891 ]
expert:[ 6.8783677e-01  1.4056265e-04 -3.2547718e-01  5.6965023e-01]
expert:[ 0.6502329  -0.00456489 -0.3451492   0.56516427]
expert:[ 0.59032965 -0.00356451 -0.36920416  0.56130373]
expert:[ 0.48703086 -0.02304848 -0.39898917  0.55212903]
expert_success: 1.0
path_length: 150
