/var/lib/slurm/slurmd/job3513845/slurm_script: line 9: batch_scripts/MT50_batch/seed.sh: No such file or directory
SLURM_JOBID=3513845
working directory=/viscam/u/jialugao/Imitation-SoftModule
########################
logging outputs to  /viscam/u/jialugao/Imitation-SoftModule/data/Base_bc_reach_peg-insert-side-v1_2640.000124-01-2022_18-56-08
########################
{'expert_policy_file': '../Multi-Task-RL/log/MT50_Single_Task/peg-insert-side-v1/Fixed/238/model/model_pf_best.pth', 'exp_name': 'bc_reach', 'do_dagger': False, 'ep_len': 200, 'gradient_steps': 1, 'n_iter': 10000, 'render_interval': 1, 'eval_interval': 200, 'batch_size': 64, 'eval_batch_size': 32, 'train_batch_size': 32, 'n_layers': 2, 'size': 400, 'learning_rate': 0.0001, 'video_log_freq': -1, 'scalar_log_freq': 1, 'no_gpu': False, 'which_gpu': 0, 'max_replay_buffer_size': 1000000, 'save_params': False, 'seed': 32, 'worker_nums': 1, 'eval_worker_nums': 1, 'config': 'config/BC.json', 'no_cuda': True, 'random_init': False, 'device': 'cpu', 'id': 'MT50_Single_Task', 'task_name': 'peg-insert-side-v1', 'task_env': 'MT50_task_env', 'cuda': False, 'log_dir': '/viscam/u/jialugao/Imitation-SoftModule/data/Base_bc_reach_peg-insert-side-v1_2640.000124-01-2022_18-56-08', 'agent_class': <class 'agents.bc_agent.MLPAgent'>, 'agent_params': {'n_layers': 2, 'size': 400, 'learning_rate': 0.0001, 'max_replay_buffer_size': 1000000, 'discrete': False, 'ac_dim': 4, 'ob_dim': 9}}
{'env_name': 'single_task', 'env': {'reward_scale': 1, 'obs_norm': False}, 'meta_env': {'obs_type': 'with_goal', 'random_init': False}, 'replay_buffer': {'size': 1000000.0}, 'net': {'hidden_shapes': [400, 400], 'append_hidden_shapes': [400], 'base_type': <class 'networks.base.MLPBase'>}, 'general_setting': {'discount': 0.99, 'pretrain_epochs': 20, 'num_epochs': 7500, 'epoch_frames': 200, 'max_episode_frames': 200, 'batch_size': 1280, 'min_pool': 10000, 'target_hard_update_period': 1000, 'use_soft_update': True, 'tau': 0.005, 'opt_times': 200, 'eval_episodes': 100, 'train_render': False, 'eval_render': False, 'env': <NormAct<RewardShift<SingleWrapperNone>>>, 'logger': <utils.logger.Logger object at 0x7f2722007610>, 'device': device(type='cpu')}, 'sac': {'plr': 0.0003, 'qlr': 0.0003, 'reparameterization': True, 'automatic_entropy_tuning': True, 'policy_std_reg_weight': 0, 'policy_mean_reg_weight': 0}}
Loading expert policy from... ../Multi-Task-RL/log/MT50_Single_Task/peg-insert-side-v1/Fixed/238/model/model_pf_best.pth
tensor([[ 0.3282,  0.0384, -0.3725,  ...,  0.0059, -0.0258, -0.0717],
        [-0.0042, -0.0389, -0.0396,  ...,  0.0507, -0.0100, -0.0803],
        [ 0.0039, -0.0889, -0.0473,  ...,  0.0423, -0.0348, -0.0530],
        ...,
        [ 0.0290, -0.0779, -0.0179,  ...,  0.0715, -0.0401, -0.0361],
        [-0.0101, -0.0533, -0.0657,  ...,  0.0034, -0.0055, -0.0310],
        [ 0.1475, -0.0342, -0.1033,  ...,  0.0471, -0.0844, -0.0489]])
Done restoring expert policy...
<NormAct<RewardShift<AugObs<SawyerPegInsertionSideEnv instance>>>>


-------------------------------- Iteration 0 -------------------------------- 
initial ob: [-0.03265225  0.51488206  0.23688323  0.          0.6         0.02
 -0.2         0.6         0.13       -0.2         0.6         0.13      ]
expert:[ 0.77614146  0.39065412 -0.90082645 -0.03138953]
expert:[ 0.82874423 -0.55374134 -0.7830865  -0.1142444 ]
expert:[ 0.8061265  -0.88489103 -0.7645049  -0.28845686]
expert:[ 0.435519   -0.9303767  -0.88045996 -0.80674434]
expert:[-0.50117433 -0.914211   -0.96004045 -0.9777119 ]
expert:[-0.80514336 -0.9202673  -0.98030066 -0.9935774 ]
expert:[-0.84424984 -0.92782956 -0.9862186  -0.9971926 ]
expert:[-0.8773576  -0.9331839  -0.9811651  -0.99838203]
expert:[-0.824839   -0.9090772  -0.9736401  -0.99603015]
expert:[-0.6016003  -0.88171643 -0.9368643  -0.9824148 ]
expert:[ 0.15409954 -0.60075647 -0.621257   -0.88135815]
expert:[ 0.8021089   0.11007487 -0.05497152 -0.28782433]
expert:[0.911998   0.488336   0.16867626 0.45441326]
expert:[0.9361535  0.6529579  0.3788833  0.77102757]
expert:[0.94629925 0.72069067 0.4949776  0.8459298 ]
expert:[0.95290715 0.7373211  0.5327162  0.7981451 ]
expert:[0.9339712  0.76850015 0.50808966 0.36326075]
expert:[ 0.829743    0.8237276   0.34089532 -0.5246642 ]
expert:[ 0.25376862  0.86040646 -0.47671476 -0.75991136]
expert:[-0.45254776  0.7630196  -0.89055586 -0.6663111 ]
expert:[-0.532864   0.7721184 -0.9325157 -0.3573323]
expert:[-0.42184994  0.83598095 -0.93014854 -0.11404908]
expert:[-0.17934926  0.87732494 -0.9265917   0.01526958]
expert:[ 0.06712297  0.855114   -0.9001288  -0.01395469]
expert:[ 0.17793508  0.63619894 -0.84655255 -0.1820008 ]
expert:[ 0.17616582  0.2862786  -0.7237756  -0.43223417]
expert:[-0.19593701 -0.6011043  -0.5706148  -0.73752177]
expert:[-0.46980345 -0.9139103  -0.6459004  -0.79514706]
expert:[-0.6228242 -0.9702045 -0.7044232 -0.8419721]
expert:[-0.7625349  -0.98569393 -0.7635019  -0.88772845]
expert:[-0.86631674 -0.9922076  -0.84969115 -0.9209645 ]
expert:[-0.9448794  -0.99493206 -0.93190676 -0.94390583]
expert:[-0.974308   -0.99620336 -0.97721046 -0.9456536 ]
expert:[-0.98733765 -0.9954112  -0.9901646  -0.9295146 ]
expert:[-0.98551106 -0.9858815  -0.9912293  -0.8366751 ]
expert:[-0.9993794  -0.96691734 -0.9597632  -0.95683104]
expert:[-0.9953011  -0.08923976 -0.99829894 -0.9920178 ]
expert:[-0.9869974   0.9537355  -0.99972355 -0.99943924]
expert:[-0.9852361   0.98199093 -0.99032485 -0.9967133 ]
expert:[-0.97941357  0.9881535  -0.9548458  -0.9895183 ]
expert:[-0.9771721   0.9900212  -0.90660465 -0.97919184]
expert:[-0.9781013   0.99311036 -0.81623846 -0.96741813]
expert:[-0.97967017  0.99627113 -0.7536584  -0.9562299 ]
expert:[-0.9758941   0.9979283  -0.56290835 -0.90412015]
expert:[-0.9784469   0.9986077  -0.46276313 -0.82484746]
expert:[-0.9857924   0.9984008  -0.38918358 -0.6699206 ]
expert:[-0.98952276  0.99651074 -0.07481574 -0.01186184]
expert:[-0.99026453  0.987919    0.26485223  0.63692886]
expert:[-0.9897407   0.96788776  0.5762058   0.87759626]
expert:[-0.9902561  0.9326517  0.6746944  0.9266494]
expert:[-0.9926985  0.822951   0.6077008  0.9150274]
expert:[-0.994814    0.49690396  0.46928406  0.8877873 ]
expert:[-0.9960942   0.06395366  0.3301809   0.85200953]
expert:[-0.99672467 -0.22960909  0.23315203  0.8239313 ]
expert:[-0.9972196  -0.4850355   0.14978759  0.79990834]
expert:[-0.9974105  -0.5842347   0.11787473  0.79171956]
expert:[-0.9974233  -0.60306257  0.1251265   0.79677874]
expert:[-0.9973847  -0.60375744  0.14807875  0.8074833 ]
expert:[-0.99735224 -0.60112494  0.17565644  0.82199544]
expert:[-0.9973373  -0.59623784  0.2046033   0.8389126 ]
expert:[-0.9973377  -0.6032032   0.23187643  0.8535257 ]
expert:[-0.9973337  -0.6112067   0.24994782  0.86111337]
expert:[-0.9973209  -0.6166298   0.2672203   0.86731523]
expert:[-0.9972879  -0.61978567  0.2927346   0.87572795]
expert:[-0.99724483 -0.6243471   0.32483256  0.88591784]
expert:[-0.9972222 -0.632706   0.3492473  0.893537 ]
expert:[-0.99722147 -0.63912314  0.3601194   0.8968015 ]
expert:[-0.9972298  -0.6455363   0.36537215  0.89835477]
expert:[-0.99723953 -0.65234774  0.36796987  0.898937  ]
expert:[-0.99724966 -0.65855086  0.36986643  0.89929295]
expert:[-0.9972605  -0.6636562   0.37207752  0.8998189 ]
expert:[-0.9972714  -0.6683977   0.37456608  0.9004591 ]
expert:[-0.9972827  -0.6731865   0.37726602  0.90117234]
expert:[-0.9972945  -0.67821157  0.3801521   0.90193707]
expert:[-0.99730676 -0.6835149   0.38322163  0.90274644]
expert:[-0.9973195  -0.6890763   0.38647053  0.9035987 ]
expert:[-0.9973321  -0.694756    0.38996905  0.9045024 ]
expert:[-0.99734575 -0.70101243  0.3934995   0.9053929 ]
expert:[-0.99735904 -0.70711195  0.39734688  0.9063739 ]
expert:[-0.9973725  -0.7132124   0.40141398  0.9074225 ]
expert:[-0.99738556 -0.71923006  0.40575135  0.90853333]
expert:[-0.99739885 -0.7253019   0.4102605   0.90967584]
expert:[-0.9974149  -0.73168707  0.41463006  0.9107173 ]
expert:[-0.99743325 -0.73847574  0.41902655  0.9117448 ]
expert:[-0.9974541  -0.7457685   0.42371106  0.9128232 ]
expert:[-0.99747694 -0.7537923   0.42890662  0.91398364]
expert:[-0.997502  -0.7627758  0.4356195  0.9155651]
expert:[-0.9976346  -0.8233315   0.52785546  0.93973017]
expert:[-0.9980059  -0.92748004  0.69830734  0.97395986]
expert:[-0.99816966 -0.95284045  0.7440792   0.9810721 ]
expert:[-0.998252   -0.96268344  0.7653924   0.984066  ]
expert:[-0.99831206 -0.9684319   0.77818024  0.9857753 ]
expert:[-0.99835527 -0.9717358   0.78812635  0.98708934]
expert:[-0.9983843  -0.9739522   0.79539686  0.987969  ]
expert:[-0.9984    -0.9745526  0.800722   0.9885711]
expert:[-0.99841034 -0.97446644  0.8040273   0.9889496 ]
expert:[-0.99841785 -0.973874    0.8059107   0.9891669 ]
expert:[-0.99842244 -0.97290736  0.80662954  0.9892789 ]
expert:[-0.9984245  -0.9717019   0.806404    0.98929614]
expert:[-0.9984252  -0.97036237  0.80559844  0.98925436]
expert:[-0.9984251  -0.968926    0.8044248   0.98917377]
expert:[-0.9984245  -0.9674077   0.8029932   0.98906434]
expert:[-0.9984218  -0.9659662   0.80148077  0.98893756]
expert:[-0.99841887 -0.96449894  0.7999239   0.98878455]
expert:[-0.9984152  -0.9629693   0.7984236   0.98862714]
expert:[-0.998411  -0.9613817  0.7969117  0.9884603]
expert:[-0.998407   -0.95974666  0.7951783   0.98826736]
expert:[-0.99840325 -0.95806295  0.79324675  0.98805046]
expert:[-0.99839956 -0.9563279   0.79117966  0.987815  ]
expert:[-0.998396   -0.95453924  0.7890234   0.987565  ]
expert:[-0.99839383 -0.9513265   0.7833495   0.98691624]
expert:[-0.99876183 -0.9895944   0.9237439   0.99742496]
expert:[-0.99892086 -0.99440926  0.9484968   0.99859965]
expert:[-0.9989211 -0.9925042  0.9381075  0.9981787]
expert:[-0.9988776  -0.9886198   0.918956    0.99727607]
expert:[-0.99882746 -0.98301184  0.8951043   0.9959668 ]
expert:[-0.9987986 -0.9702144  0.8587519  0.9930311]
expert:[-0.9990645  -0.99068767  0.94249594  0.99812585]
expert:[-0.999182   -0.99454486  0.9614825   0.99889904]
expert:[-0.9991814  -0.9932924   0.95722413  0.9986737 ]
expert:[-0.9991634  -0.99029034  0.94787925  0.99810946]
expert:[-0.99914974 -0.9808456   0.9269476   0.9963534 ]
expert:[-0.999473   -0.9963056   0.9817355   0.99957865]
expert:[-0.99879885 -0.8932922   0.99978405  0.99999744]
expert:[-0.9986349  -0.73002815  0.99988514  0.9999987 ]
expert:[-0.99865735 -0.64634717  0.99984527  0.9999983 ]
expert:[-0.9982299  -0.08448827  0.9999696   0.9999998 ]
expert:[-0.99742913  0.39726362  0.9999892   0.99999994]
expert:[-0.9967101   0.6414957   0.9999921   0.99999994]
expert:[-0.9959793   0.77171457  0.99999285  0.99999994]
expert:[-0.99504375  0.8634679   0.99999285  0.99999994]
expert:[-0.99295986  0.90194577  0.99999255  0.9999999 ]
expert:[-0.9906024   0.92677885  0.99999195  0.9999998 ]
expert:[-0.9864144  0.9349465  0.9999885  0.9999997]
expert:[-0.9795793   0.9385832   0.9999828   0.99999934]
expert:[-0.9670066   0.9383384   0.9999737   0.99999857]
expert:[-0.9426424  0.9312968  0.9999602  0.9999966]
expert:[-0.86378604  0.91559666  0.9999421   0.99999356]
expert:[-0.6755672   0.89441663  0.9999028   0.99998635]
expert:[-0.34920445  0.8529562   0.9997856   0.9999661 ]
expert:[0.09356552 0.7655739  0.9995299  0.9999066 ]
expert:[0.5302335  0.62386066 0.99856925 0.99977404]
expert:[0.74413645 0.46071354 0.9948426  0.9994487 ]
expert:[0.8654449  0.25966594 0.9833064  0.9979611 ]
expert:[0.92223966 0.0193195  0.9523415  0.9891128 ]
expert:[ 0.95734847 -0.23875958  0.8194737   0.94413584]
expert:[ 0.9780167  -0.29717526  0.2626411   0.75890577]
expert:[ 0.9847919  -0.2919038  -0.17963438  0.52975374]
expert:[ 0.98414207 -0.20280713 -0.39926597  0.29254898]
expert:[ 0.98204714 -0.05077538 -0.52293885  0.03295217]
expert_success: 1.0
path_length: 150



-------------------------------- Iteration 0 -------------------------------- 
initial ob: [-0.03265225  0.51488206  0.23688323  0.          0.6         0.02
 -0.2         0.6         0.13       -0.2         0.6         0.13      ]
agent_success: 0

training time:  0.14467239379882812
evaluation time:  7.600665807723999
epoch time:  7.74536919593811


-------------------------------- Iteration 200 -------------------------------- 
initial ob: [-0.03265225  0.51488206  0.23688323  0.          0.6         0.02
 -0.2         0.6         0.13       -0.2         0.6         0.13      ]
agent_success: 0

training time:  0.0022649765014648438
evaluation time:  8.762283563613892
epoch time:  8.76457667350769


-------------------------------- Iteration 400 -------------------------------- 
initial ob: [-0.03265225  0.51488206  0.23688323  0.          0.6         0.02
 -0.2         0.6         0.13       -0.2         0.6         0.13      ]
agent_success: 0

training time:  0.0022430419921875
evaluation time:  8.53873085975647
epoch time:  8.540993690490723


-------------------------------- Iteration 600 -------------------------------- 
initial ob: [-0.03265225  0.51488206  0.23688323  0.          0.6         0.02
 -0.2         0.6         0.13       -0.2         0.6         0.13      ]
agent_success: 0

training time:  0.002260923385620117
evaluation time:  7.795734643936157
epoch time:  7.798015832901001


-------------------------------- Iteration 800 -------------------------------- 
initial ob: [-0.03265225  0.51488206  0.23688323  0.          0.6         0.02
 -0.2         0.6         0.13       -0.2         0.6         0.13      ]
agent_success: 0

training time:  0.002263307571411133
evaluation time:  7.538330316543579
epoch time:  7.540612697601318


-------------------------------- Iteration 1000 -------------------------------- 
initial ob: [-0.03265225  0.51488206  0.23688323  0.          0.6         0.02
 -0.2         0.6         0.13       -0.2         0.6         0.13      ]
agent_success: 0

training time:  0.0022573471069335938
evaluation time:  7.4901957511901855
epoch time:  7.4924821853637695


-------------------------------- Iteration 1200 -------------------------------- 
initial ob: [-0.03265225  0.51488206  0.23688323  0.          0.6         0.02
 -0.2         0.6         0.13       -0.2         0.6         0.13      ]
agent_success: 0

training time:  0.002271890640258789
evaluation time:  7.61525559425354
epoch time:  7.617547035217285


-------------------------------- Iteration 1400 -------------------------------- 
initial ob: [-0.03265225  0.51488206  0.23688323  0.          0.6         0.02
 -0.2         0.6         0.13       -0.2         0.6         0.13      ]
agent_success: 0

training time:  0.002279520034790039
evaluation time:  7.935113906860352
epoch time:  7.937412261962891


-------------------------------- Iteration 1600 -------------------------------- 
initial ob: [-0.03265225  0.51488206  0.23688323  0.          0.6         0.02
 -0.2         0.6         0.13       -0.2         0.6         0.13      ]
agent_success: 0

training time:  0.0022735595703125
evaluation time:  7.829245567321777
epoch time:  7.831535816192627


-------------------------------- Iteration 1800 -------------------------------- 
initial ob: [-0.03265225  0.51488206  0.23688323  0.          0.6         0.02
 -0.2         0.6         0.13       -0.2         0.6         0.13      ]
agent_success: 0

training time:  0.0022666454315185547
evaluation time:  7.905354022979736
epoch time:  7.907637119293213


-------------------------------- Iteration 2000 -------------------------------- 
initial ob: [-0.03265225  0.51488206  0.23688323  0.          0.6         0.02
 -0.2         0.6         0.13       -0.2         0.6         0.13      ]
agent_success: 0

training time:  0.002271413803100586
evaluation time:  7.973583221435547
epoch time:  7.975871562957764


-------------------------------- Iteration 2200 -------------------------------- 
initial ob: [-0.03265225  0.51488206  0.23688323  0.          0.6         0.02
 -0.2         0.6         0.13       -0.2         0.6         0.13      ]
agent_success: 0

training time:  0.0022439956665039062
evaluation time:  7.904626131057739
epoch time:  7.906880617141724


-------------------------------- Iteration 2400 -------------------------------- 
initial ob: [-0.03265225  0.51488206  0.23688323  0.          0.6         0.02
 -0.2         0.6         0.13       -0.2         0.6         0.13      ]
agent_success: 0

training time:  0.0022573471069335938
evaluation time:  7.9585535526275635
epoch time:  7.960824489593506


-------------------------------- Iteration 2600 -------------------------------- 
initial ob: [-0.03265225  0.51488206  0.23688323  0.          0.6         0.02
 -0.2         0.6         0.13       -0.2         0.6         0.13      ]
agent_success: 0

training time:  0.0022814273834228516
evaluation time:  7.925549507141113
epoch time:  7.927844285964966


-------------------------------- Iteration 2800 -------------------------------- 
initial ob: [-0.03265225  0.51488206  0.23688323  0.          0.6         0.02
 -0.2         0.6         0.13       -0.2         0.6         0.13      ]
agent_success: 0

training time:  0.0022590160369873047
evaluation time:  7.8155903816223145
epoch time:  7.817866086959839


-------------------------------- Iteration 3000 -------------------------------- 
initial ob: [-0.03265225  0.51488206  0.23688323  0.          0.6         0.02
 -0.2         0.6         0.13       -0.2         0.6         0.13      ]
agent_success: 0

training time:  0.002351999282836914
evaluation time:  7.971700668334961
epoch time:  7.974062442779541


-------------------------------- Iteration 3200 -------------------------------- 
initial ob: [-0.03265225  0.51488206  0.23688323  0.          0.6         0.02
 -0.2         0.6         0.13       -0.2         0.6         0.13      ]
agent_success: 0

training time:  0.0023245811462402344
evaluation time:  8.035862445831299
epoch time:  8.038203239440918


-------------------------------- Iteration 3400 -------------------------------- 
initial ob: [-0.03265225  0.51488206  0.23688323  0.          0.6         0.02
 -0.2         0.6         0.13       -0.2         0.6         0.13      ]
agent_success: 0

training time:  0.0023517608642578125
evaluation time:  7.953160047531128
epoch time:  7.955522775650024


-------------------------------- Iteration 3600 -------------------------------- 
initial ob: [-0.03265225  0.51488206  0.23688323  0.          0.6         0.02
 -0.2         0.6         0.13       -0.2         0.6         0.13      ]
agent_success: 0

training time:  0.0022602081298828125
evaluation time:  7.973755121231079
epoch time:  7.976027250289917


-------------------------------- Iteration 3800 -------------------------------- 
initial ob: [-0.03265225  0.51488206  0.23688323  0.          0.6         0.02
 -0.2         0.6         0.13       -0.2         0.6         0.13      ]
agent_success: 0

training time:  0.0022726058959960938
evaluation time:  7.889728784561157
epoch time:  7.89201283454895


-------------------------------- Iteration 4000 -------------------------------- 
initial ob: [-0.03265225  0.51488206  0.23688323  0.          0.6         0.02
 -0.2         0.6         0.13       -0.2         0.6         0.13      ]
agent_success: 0

training time:  0.0022618770599365234
evaluation time:  8.183048248291016
epoch time:  8.185321807861328


-------------------------------- Iteration 4200 -------------------------------- 
initial ob: [-0.03265225  0.51488206  0.23688323  0.          0.6         0.02
 -0.2         0.6         0.13       -0.2         0.6         0.13      ]
agent_success: 0

training time:  0.0022499561309814453
evaluation time:  8.812633991241455
epoch time:  8.814894199371338


-------------------------------- Iteration 4400 -------------------------------- 
initial ob: [-0.03265225  0.51488206  0.23688323  0.          0.6         0.02
 -0.2         0.6         0.13       -0.2         0.6         0.13      ]
agent_success: 0

training time:  0.002257108688354492
evaluation time:  8.004665613174438
epoch time:  8.006999492645264


-------------------------------- Iteration 4600 -------------------------------- 
initial ob: [-0.03265225  0.51488206  0.23688323  0.          0.6         0.02
 -0.2         0.6         0.13       -0.2         0.6         0.13      ]
agent_success: 0

training time:  0.002271413803100586
evaluation time:  8.642490148544312
epoch time:  8.644773721694946


-------------------------------- Iteration 4800 -------------------------------- 
initial ob: [-0.03265225  0.51488206  0.23688323  0.          0.6         0.02
 -0.2         0.6         0.13       -0.2         0.6         0.13      ]
agent_success: 0

training time:  0.0022737979888916016
evaluation time:  7.958673477172852
epoch time:  7.960958957672119


-------------------------------- Iteration 5000 -------------------------------- 
initial ob: [-0.03265225  0.51488206  0.23688323  0.          0.6         0.02
 -0.2         0.6         0.13       -0.2         0.6         0.13      ]
agent_success: 0

training time:  0.0022573471069335938
evaluation time:  7.7983269691467285
epoch time:  7.800595998764038


-------------------------------- Iteration 5200 -------------------------------- 
initial ob: [-0.03265225  0.51488206  0.23688323  0.          0.6         0.02
 -0.2         0.6         0.13       -0.2         0.6         0.13      ]
agent_success: 0

training time:  0.0022962093353271484
evaluation time:  7.856128692626953
epoch time:  7.858443021774292


-------------------------------- Iteration 5400 -------------------------------- 
initial ob: [-0.03265225  0.51488206  0.23688323  0.          0.6         0.02
 -0.2         0.6         0.13       -0.2         0.6         0.13      ]
agent_success: 0

training time:  0.0023686885833740234
evaluation time:  7.822188138961792
epoch time:  7.824567556381226


-------------------------------- Iteration 5600 -------------------------------- 
initial ob: [-0.03265225  0.51488206  0.23688323  0.          0.6         0.02
 -0.2         0.6         0.13       -0.2         0.6         0.13      ]
agent_success: 0

training time:  0.0022618770599365234
evaluation time:  7.479641914367676
epoch time:  7.481914520263672


-------------------------------- Iteration 5800 -------------------------------- 
initial ob: [-0.03265225  0.51488206  0.23688323  0.          0.6         0.02
 -0.2         0.6         0.13       -0.2         0.6         0.13      ]
agent_success: 0

training time:  0.0022857189178466797
evaluation time:  7.4878387451171875
epoch time:  7.490137338638306


-------------------------------- Iteration 6000 -------------------------------- 
initial ob: [-0.03265225  0.51488206  0.23688323  0.          0.6         0.02
 -0.2         0.6         0.13       -0.2         0.6         0.13      ]
agent_success: 0

training time:  0.0022573471069335938
evaluation time:  7.485321998596191
epoch time:  7.487605094909668


-------------------------------- Iteration 6200 -------------------------------- 
initial ob: [-0.03265225  0.51488206  0.23688323  0.          0.6         0.02
 -0.2         0.6         0.13       -0.2         0.6         0.13      ]
agent_success: 0

training time:  0.002246856689453125
evaluation time:  7.447513818740845
epoch time:  7.44977593421936


-------------------------------- Iteration 6400 -------------------------------- 
initial ob: [-0.03265225  0.51488206  0.23688323  0.          0.6         0.02
 -0.2         0.6         0.13       -0.2         0.6         0.13      ]
agent_success: 0

training time:  0.002256631851196289
evaluation time:  7.445285320281982
epoch time:  7.447552919387817


-------------------------------- Iteration 6600 -------------------------------- 
initial ob: [-0.03265225  0.51488206  0.23688323  0.          0.6         0.02
 -0.2         0.6         0.13       -0.2         0.6         0.13      ]
agent_success: 0

training time:  0.002465486526489258
evaluation time:  7.4888529777526855
epoch time:  7.491359233856201


-------------------------------- Iteration 6800 -------------------------------- 
initial ob: [-0.03265225  0.51488206  0.23688323  0.          0.6         0.02
 -0.2         0.6         0.13       -0.2         0.6         0.13      ]
agent_success: 0

training time:  0.002270221710205078
evaluation time:  7.524714946746826
epoch time:  7.526998519897461


-------------------------------- Iteration 7000 -------------------------------- 
initial ob: [-0.03265225  0.51488206  0.23688323  0.          0.6         0.02
 -0.2         0.6         0.13       -0.2         0.6         0.13      ]
agent_success: 0

training time:  0.002253293991088867
evaluation time:  7.54303765296936
epoch time:  7.54530143737793


-------------------------------- Iteration 7200 -------------------------------- 
initial ob: [-0.03265225  0.51488206  0.23688323  0.          0.6         0.02
 -0.2         0.6         0.13       -0.2         0.6         0.13      ]
agent_success: 0

training time:  0.002264738082885742
evaluation time:  7.6315016746521
epoch time:  7.633784294128418


-------------------------------- Iteration 7400 -------------------------------- 
initial ob: [-0.03265225  0.51488206  0.23688323  0.          0.6         0.02
 -0.2         0.6         0.13       -0.2         0.6         0.13      ]
agent_success: 0

training time:  0.0022530555725097656
evaluation time:  7.504755735397339
epoch time:  7.507018566131592


-------------------------------- Iteration 7600 -------------------------------- 
initial ob: [-0.03265225  0.51488206  0.23688323  0.          0.6         0.02
 -0.2         0.6         0.13       -0.2         0.6         0.13      ]
agent_success: 0

training time:  0.002279043197631836
evaluation time:  7.406998634338379
epoch time:  7.409290075302124


-------------------------------- Iteration 7800 -------------------------------- 
initial ob: [-0.03265225  0.51488206  0.23688323  0.          0.6         0.02
 -0.2         0.6         0.13       -0.2         0.6         0.13      ]
agent_success: 0

training time:  0.002263307571411133
evaluation time:  7.287099123001099
epoch time:  7.289392471313477


-------------------------------- Iteration 8000 -------------------------------- 
initial ob: [-0.03265225  0.51488206  0.23688323  0.          0.6         0.02
 -0.2         0.6         0.13       -0.2         0.6         0.13      ]
agent_success: 0

training time:  0.0022444725036621094
evaluation time:  7.344411849975586
epoch time:  7.346668481826782


-------------------------------- Iteration 8200 -------------------------------- 
initial ob: [-0.03265225  0.51488206  0.23688323  0.          0.6         0.02
 -0.2         0.6         0.13       -0.2         0.6         0.13      ]
agent_success: 0

training time:  0.0022568702697753906
evaluation time:  7.27629542350769
epoch time:  7.278569221496582


-------------------------------- Iteration 8400 -------------------------------- 
initial ob: [-0.03265225  0.51488206  0.23688323  0.          0.6         0.02
 -0.2         0.6         0.13       -0.2         0.6         0.13      ]
agent_success: 0

training time:  0.002271890640258789
evaluation time:  7.234849452972412
epoch time:  7.237134218215942


-------------------------------- Iteration 8600 -------------------------------- 
initial ob: [-0.03265225  0.51488206  0.23688323  0.          0.6         0.02
 -0.2         0.6         0.13       -0.2         0.6         0.13      ]
agent_success: 0

training time:  0.002287626266479492
evaluation time:  7.313766241073608
epoch time:  7.316063642501831


-------------------------------- Iteration 8800 -------------------------------- 
initial ob: [-0.03265225  0.51488206  0.23688323  0.          0.6         0.02
 -0.2         0.6         0.13       -0.2         0.6         0.13      ]
agent_success: 0

training time:  0.002270221710205078
evaluation time:  7.285853624343872
epoch time:  7.2881903648376465


-------------------------------- Iteration 9000 -------------------------------- 
initial ob: [-0.03265225  0.51488206  0.23688323  0.          0.6         0.02
 -0.2         0.6         0.13       -0.2         0.6         0.13      ]
agent_success: 0

training time:  0.002245664596557617
evaluation time:  7.2407636642456055
epoch time:  7.243021249771118


-------------------------------- Iteration 9200 -------------------------------- 
initial ob: [-0.03265225  0.51488206  0.23688323  0.          0.6         0.02
 -0.2         0.6         0.13       -0.2         0.6         0.13      ]
agent_success: 0

training time:  0.0022668838500976562
evaluation time:  7.340817213058472
epoch time:  7.343100547790527


-------------------------------- Iteration 9400 -------------------------------- 
initial ob: [-0.03265225  0.51488206  0.23688323  0.          0.6         0.02
 -0.2         0.6         0.13       -0.2         0.6         0.13      ]
agent_success: 0

training time:  0.0022821426391601562
evaluation time:  7.229286432266235
epoch time:  7.231580018997192


-------------------------------- Iteration 9600 -------------------------------- 
initial ob: [-0.03265225  0.51488206  0.23688323  0.          0.6         0.02
 -0.2         0.6         0.13       -0.2         0.6         0.13      ]
agent_success: 0

training time:  0.0022478103637695312
evaluation time:  7.298605442047119
epoch time:  7.30086612701416


-------------------------------- Iteration 9800 -------------------------------- 
initial ob: [-0.03265225  0.51488206  0.23688323  0.          0.6         0.02
 -0.2         0.6         0.13       -0.2         0.6         0.13      ]
agent_success: 0

training time:  0.0022749900817871094
evaluation time:  7.320214033126831
epoch time:  7.322524309158325


-------------------------------- Test Results -------------------------------- 
initial ob: [-0.03265225  0.51488206  0.23688323  0.          0.6         0.02
 -0.2         0.6         0.13       -0.2         0.6         0.13      ]
agent_success: 0

mean_success_rate:  0.0
Done
