/var/lib/slurm/slurmd/job3515837/slurm_script: line 9: batch_scripts/MT50_batch/seed.sh: No such file or directory
SLURM_JOBID=3515837
working directory=/viscam/u/jialugao/Imitation-SoftModule
No devices were found
no cuda:  False
gpu available:  False
########################
logging outputs to  /viscam/u/jialugao/Imitation-SoftModule/data/Base_bc_reach_reach-v1_2640.000126-01-2022_01-11-04
########################
{'expert_policy_file': '../Multi-Task-RL/log/MT50_Single_Task/reach-v1/Fixed/238/model/model_pf_best.pth', 'exp_name': 'bc_reach', 'do_dagger': False, 'ep_len': 200, 'gradient_steps': 1, 'n_iter': 100000, 'render_interval': 1, 'eval_interval': 200, 'batch_size': 64, 'eval_batch_size': 32, 'train_batch_size': 32, 'n_layers': 2, 'size': 400, 'learning_rate': 0.0001, 'video_log_freq': -1, 'scalar_log_freq': 1, 'no_gpu': False, 'which_gpu': 0, 'max_replay_buffer_size': 1000000, 'save_params': False, 'seed': 32, 'worker_nums': 1, 'eval_worker_nums': 1, 'config': 'config/BC.json', 'no_cuda': False, 'random_init': False, 'device': 0, 'id': 'MT50_Single_Task', 'task_name': 'reach-v1', 'task_env': 'MT50_task_env', 'cuda': False, 'log_dir': '/viscam/u/jialugao/Imitation-SoftModule/data/Base_bc_reach_reach-v1_2640.000126-01-2022_01-11-04', 'agent_class': <class 'agents.bc_agent.MLPAgent'>, 'agent_params': {'n_layers': 2, 'size': 400, 'learning_rate': 0.0001, 'max_replay_buffer_size': 1000000, 'discrete': False, 'ac_dim': 4, 'ob_dim': 9}}
{'env_name': 'single_task', 'env': {'reward_scale': 1, 'obs_norm': False}, 'meta_env': {'obs_type': 'with_goal', 'random_init': False}, 'replay_buffer': {'size': 1000000.0}, 'net': {'hidden_shapes': [400, 400], 'append_hidden_shapes': [400], 'base_type': <class 'networks.base.MLPBase'>}, 'general_setting': {'discount': 0.99, 'pretrain_epochs': 20, 'num_epochs': 7500, 'epoch_frames': 200, 'max_episode_frames': 200, 'batch_size': 1280, 'min_pool': 10000, 'target_hard_update_period': 1000, 'use_soft_update': True, 'tau': 0.005, 'opt_times': 200, 'eval_episodes': 100, 'train_render': True, 'eval_render': True, 'env': <NormAct<RewardShift<SingleWrapperNone>>>, 'logger': <utils.logger.Logger object at 0x7fc346cdfe50>, 'device': device(type='cpu')}, 'sac': {'plr': 0.0003, 'qlr': 0.0003, 'reparameterization': True, 'automatic_entropy_tuning': True, 'policy_std_reg_weight': 0, 'policy_mean_reg_weight': 0}}
Loading expert policy from... ../Multi-Task-RL/log/MT50_Single_Task/reach-v1/Fixed/238/model/model_pf_best.pth
tensor([[ 0.0214, -0.0104, -0.0506,  ..., -0.0046, -0.0152, -0.0612],
        [ 0.0370, -0.0356, -0.0366,  ...,  0.0480, -0.0077, -0.0774],
        [ 0.0022, -0.0753, -0.0489,  ...,  0.0323, -0.0224, -0.0443],
        ...,
        [ 0.0479, -0.0673,  0.0047,  ...,  0.0670, -0.0361, -0.0313],
        [-0.0004, -0.0397, -0.0516,  ..., -0.0080,  0.0060, -0.0196],
        [ 0.0292, -0.0141, -0.0670,  ...,  0.0244, -0.0595, -0.0276]])
Done restoring expert policy...
<NormAct<RewardShift<AugObs<SawyerReachPushPickPlaceEnv instance>>>>


-------------------------------- Iteration 0 -------------------------------- 
initial ob: [-0.03265107  0.51487826  0.2368844   0.          0.6         0.01492813
 -0.1         0.8         0.2        -0.1         0.8         0.2       ]
expert:[-0.85363495  0.9904881   0.981801    0.9745794 ]
expert:[-0.90087366  0.99347055  0.98900014  0.96335727]
expert:[-0.9557862   0.99320734  0.98684144  0.9437941 ]
expert:[-0.9772408   0.9926428   0.98471797  0.9390226 ]
expert:[-0.98456967  0.9921293   0.9826763   0.9358016 ]
expert:[-0.9872211   0.9916852   0.98001635  0.92877126]
expert:[-0.98792964  0.9912262   0.9779643   0.9167137 ]
expert:[-0.98671573  0.9894884   0.97018784  0.87743795]
expert:[-0.98605806  0.9785828   0.8972803   0.7480924 ]
expert:[-0.98260444  0.9364905  -0.06237696  0.22898626]
expert:[-0.9702477  0.9220319 -0.7696228 -0.1512718]
expert:[-0.6059775   0.96737087 -0.8812069   0.11031144]
expert:[ 0.8005835   0.98390716 -0.8727885   0.51898736]
expert:[ 0.9301766   0.9835006  -0.81650597  0.73705524]
expert:[ 0.9446809   0.98016953 -0.72555554  0.79222614]
expert:[ 0.89915586  0.98023367 -0.54381806  0.7648151 ]
expert:[ 0.6638339   0.9800338  -0.17419636  0.6424941 ]
expert:[-0.40188736  0.9782933   0.06718474  0.401205  ]
expert:[-0.89951175  0.9665208   0.12609851  0.1143746 ]
expert:[-0.9553185   0.94168186  0.10970926  0.07330231]
expert:[-0.95047766  0.88543886  0.0775104   0.22272393]
expert:[-0.8590895   0.748491   -0.00117735  0.3953206 ]
expert:[-0.556544    0.4559156  -0.019521    0.51873744]
expert:[0.15821582 0.06469409 0.07763262 0.60419625]
expert:[ 0.6550408  -0.08147295  0.29992223  0.69272804]
expert:[ 0.7785668  -0.149163    0.3855002   0.73296404]
expert:[ 0.7360598  -0.23776034  0.29510966  0.7382425 ]
expert:[ 0.4930622  -0.37014097  0.02231843  0.74598426]
expert:[-0.00329523 -0.49912375 -0.31466037  0.7600576 ]
expert:[-0.44907498 -0.5717815  -0.5260532   0.76356894]
expert:[-0.6005683 -0.5644929 -0.5607685  0.7579005]
expert:[-0.5136809  -0.4758086  -0.42719722  0.7439779 ]
expert:[-0.11883111 -0.29179665 -0.0855181   0.7113109 ]
expert:[ 0.45652273 -0.09094114  0.34166485  0.68164027]
expert:[0.7454841  0.04205741 0.59001297 0.7029883 ]
expert:[0.7697482  0.13873889 0.62635386 0.6872194 ]
expert:[0.544385   0.19456469 0.47169277 0.627621  ]
expert:[-0.12468622  0.25638726  0.12438185  0.56324744]
expert:[-0.645165   0.2842148 -0.2500561  0.565755 ]
expert:[-0.8074753   0.24746028 -0.45825678  0.57279265]
expert:[-0.7981414   0.17776121 -0.5127815   0.5872982 ]
expert:[-0.6134948   0.08382273 -0.4285861   0.6022301 ]
expert:[-0.0803216  -0.02232209 -0.1558213   0.6210194 ]
expert:[ 0.58798546 -0.00559841  0.27950606  0.66305715]
expert:[0.8158272  0.02115719 0.5463782  0.7180958 ]
expert:[0.8247361 0.0018274 0.5725541 0.7283217]
expert:[ 0.6508566  -0.07327105  0.37259483  0.6980514 ]
expert:[ 0.04088662 -0.1642704  -0.0623951   0.6742946 ]
expert:[-0.562679   -0.22831565 -0.44582286  0.67226917]
expert:[-0.7673876  -0.19927213 -0.58906835  0.66195273]
expert:[-0.7686458  -0.14272238 -0.56809056  0.6506728 ]
expert:[-0.57739717 -0.070802   -0.38361573  0.63864434]
expert:[-0.01016533 -0.00137184  0.01353684  0.6227932 ]
expert:[0.64311975 0.0837175  0.45894822 0.6641555 ]
expert:[0.8471866  0.12208025 0.6543782  0.7122638 ]
expert:[0.83492076 0.1271537  0.6405496  0.7056934 ]
expert:[0.5812998  0.10523543 0.41146728 0.6463134 ]
expert:[-0.14929296  0.05122268 -0.058454    0.6072637 ]
expert:[-0.6901322   0.04529937 -0.43220952  0.6165107 ]
expert:[-0.8478815   0.00219175 -0.5831192   0.61626685]
expert:[-0.8220634  -0.01710674 -0.58459544  0.6228356 ]
expert:[-0.6148386  -0.03349042 -0.43331626  0.6289512 ]
expert:[-0.00897697 -0.03522162 -0.04859299  0.6318126 ]
expert:[0.6788909  0.01679184 0.4297408  0.6823656 ]
expert:[0.86537004 0.07505709 0.65791136 0.73245466]
expert:[0.86185306 0.06683686 0.6564021  0.7327554 ]
expert:[ 0.6718778  -0.00322157  0.43081155  0.6868175 ]
expert:[-0.02136723 -0.07143287 -0.05378075  0.6436868 ]
expert:[-0.63259006 -0.1029153  -0.46783808  0.641897  ]
expert:[-0.83005565 -0.0996275  -0.6175452   0.6360193 ]
expert:[-0.8329233  -0.07711489 -0.609795    0.63185537]
expert:[-0.6575461  -0.03740343 -0.45290098  0.6311323 ]
expert:[-0.08995894 -0.01782575 -0.07032103  0.6238836 ]
expert:[0.64119744 0.0601198  0.42861384 0.6667744 ]
expert:[0.8669312  0.11082994 0.67112213 0.72517294]
expert:[0.8741179  0.11447365 0.6844546  0.7289656 ]
expert:[0.70163023 0.05946905 0.48661575 0.6804405 ]
expert:[ 0.03025179 -0.00365457  0.0116857   0.62401944]
expert:[-0.6288582  -0.03053283 -0.42501378  0.63023263]
expert:[-0.84340495 -0.05622057 -0.6060391   0.62662977]
expert:[-0.8588626  -0.06643447 -0.6209409   0.6247384 ]
expert:[-0.69944245 -0.04367248 -0.49659243  0.6310393 ]
expert:[-0.18438713 -0.04556019 -0.14830087  0.6296761 ]
expert:[0.5939462  0.03499608 0.37201533 0.66242725]
expert:[0.8624772  0.09250014 0.6580574  0.7267645 ]
expert:[0.8865611  0.10571615 0.69516563 0.73781   ]
expert:[0.76107466 0.03755434 0.530549   0.6988176 ]
expert:[ 0.17238793 -0.01092544  0.08613063  0.6312809 ]
expert:[-0.5523531  -0.06166633 -0.39316553  0.63498724]
expert:[-0.82261705 -0.0727588  -0.6049141   0.6325279 ]
expert:[-0.87007946 -0.08445363 -0.6337198   0.62545705]
expert:[-0.74175256 -0.04693629 -0.5306528   0.6316476 ]
expert:[-0.30832452 -0.03661469 -0.21951117  0.6276556 ]
expert:[0.49614522 0.03971408 0.30755946 0.6453217 ]
expert:[0.84687597 0.08700038 0.63861835 0.71940815]
expert:[0.88972145 0.11822629 0.7045915  0.7395656 ]
expert:[0.8001708  0.05357773 0.58098334 0.7070841 ]
expert:[0.30743065 0.01812952 0.18466876 0.62745094]
expert:[-0.47019297 -0.05022806 -0.32883838  0.63208437]
expert:[-0.80045766 -0.05926029 -0.58579665  0.6337178 ]
expert:[-0.8794882  -0.08751022 -0.63888747  0.6241549 ]
expert:[-0.7787169  -0.05208987 -0.56513155  0.63229907]
expert:[-0.42075562 -0.04149947 -0.29760352  0.6292726 ]
expert:[0.36605537 0.02914687 0.21621408 0.6288464 ]
expert:[0.82009715 0.06604923 0.6014236  0.7113793 ]
expert:[0.8907831  0.11567713 0.706107   0.74144757]
expert:[0.8327162  0.06745544 0.6239012  0.71733487]
expert:[0.45062733 0.02165824 0.280583   0.64390856]
expert:[-0.36280918 -0.05822748 -0.25457245  0.63379335]
expert:[-0.76952976 -0.0640481  -0.5579108   0.63486737]
expert:[-0.8777828  -0.09029517 -0.6391695   0.62496537]
expert:[-0.8032216  -0.05396574 -0.59054255  0.63209444]
expert:[-0.5125613  -0.03664201 -0.3596439   0.62970406]
expert:[0.2197356  0.0146351  0.11804824 0.62433815]
expert:[0.78216404 0.05468788 0.5535316  0.70041835]
expert:[0.8891259  0.11625104 0.70229733 0.7391119 ]
expert:[0.85441715 0.08545775 0.6541099  0.72436666]
expert:[0.56051546 0.03051685 0.36162266 0.6594106 ]
expert:[-0.23785578 -0.05516551 -0.1707461   0.6327634 ]
expert:[-0.73287874 -0.05859394 -0.5228724   0.6343368 ]
expert:[-0.87304986 -0.08509694 -0.63412315  0.6252455 ]
expert:[-0.8322907  -0.06214689 -0.60650694  0.6288652 ]
expert:[-0.5972993  -0.03704382 -0.4165082   0.6302967 ]
expert:[ 0.07528902 -0.00353038  0.0228042   0.6250285 ]
expert:[0.73661685 0.05233953 0.50335264 0.68861747]
expert:[0.88732237 0.1159154  0.69659853 0.73667586]
expert:[0.8733595  0.10158347 0.67903596 0.7310932 ]
expert:[0.6553008  0.03692621 0.43403974 0.6750332 ]
expert:[-0.09227205 -0.04220753 -0.08211508  0.63175017]
expert:[-0.6851215  -0.05868504 -0.48729008  0.6341963 ]
expert:[-0.86385274 -0.08392953 -0.6307431   0.6265569 ]
expert:[-0.8543677  -0.07426421 -0.62366796  0.62650317]
expert:[-0.6646233  -0.04209615 -0.46938303  0.630837  ]
expert:[-0.07242736 -0.02617907 -0.07355623  0.62685496]
expert:[0.6696999  0.04805983 0.44051853 0.67441547]
expert:[0.8797712  0.11088699 0.6849393  0.7320488 ]
expert:[0.8860272  0.11490756 0.6956195  0.7353146 ]
expert:[0.7255612  0.0489792  0.49863613 0.6874943 ]
expert:[ 0.056383   -0.01361082  0.01599571  0.62797666]
expert:[-0.6234327  -0.04985548 -0.43584672  0.6330247 ]
expert:[-0.84865856 -0.07525521 -0.6183256   0.6283734 ]
expert:[-0.8693767  -0.0833701  -0.63364077  0.6252681 ]
expert:[-0.71617126 -0.05038469 -0.51238203  0.6321656 ]
expert:[-0.21757749 -0.0447155  -0.16628087  0.62958777]
expert:[0.5799147  0.03946773 0.36464626 0.6590787 ]
expert:[0.86525357 0.10284663 0.66175944 0.7257247 ]
expert:[0.8907357  0.12604433 0.70264673 0.73901397]
expert:[0.78012985 0.05518153 0.5536084  0.7000019 ]
expert:[0.21720618 0.00820259 0.12046304 0.6266232 ]
expert:[-0.53433496 -0.04991634 -0.3739786   0.63282526]
expert_success: 1.0
path_length: 150



-------------------------------- Iteration 0 -------------------------------- 
initial ob: [-0.03265107  0.51487826  0.2368844   0.          0.6         0.01492813
 -0.1         0.8         0.2        -0.1         0.8         0.2       ]
agent_success: 0

training time:  17.656175136566162
evaluation time:  13.474424362182617
epoch time:  31.130629062652588


-------------------------------- Iteration 200 -------------------------------- 
initial ob: [-0.03265107  0.51487826  0.2368844   0.          0.6         0.01492813
 -0.1         0.8         0.2        -0.1         0.8         0.2       ]
agent_success: 1.0

training time:  0.002175569534301758
evaluation time:  13.404733180999756
epoch time:  13.406934976577759


-------------------------------- Iteration 400 -------------------------------- 
initial ob: [-0.03265107  0.51487826  0.2368844   0.          0.6         0.01492813
 -0.1         0.8         0.2        -0.1         0.8         0.2       ]
agent_success: 1.0

training time:  0.0021491050720214844
evaluation time:  13.388751745223999
epoch time:  13.390922546386719


-------------------------------- Iteration 600 -------------------------------- 
initial ob: [-0.03265107  0.51487826  0.2368844   0.          0.6         0.01492813
 -0.1         0.8         0.2        -0.1         0.8         0.2       ]
agent_success: 1.0

training time:  0.0020961761474609375
evaluation time:  13.368582248687744
epoch time:  13.370712041854858


-------------------------------- Iteration 800 -------------------------------- 
initial ob: [-0.03265107  0.51487826  0.2368844   0.          0.6         0.01492813
 -0.1         0.8         0.2        -0.1         0.8         0.2       ]
agent_success: 1.0

training time:  0.0021152496337890625
evaluation time:  13.35877776145935
epoch time:  13.36092233657837


-------------------------------- Iteration 1000 -------------------------------- 
initial ob: [-0.03265107  0.51487826  0.2368844   0.          0.6         0.01492813
 -0.1         0.8         0.2        -0.1         0.8         0.2       ]
agent_success: 0

training time:  0.0021021366119384766
evaluation time:  13.414214611053467
epoch time:  13.416361093521118


-------------------------------- Iteration 1200 -------------------------------- 
initial ob: [-0.03265107  0.51487826  0.2368844   0.          0.6         0.01492813
 -0.1         0.8         0.2        -0.1         0.8         0.2       ]
agent_success: 1.0

training time:  0.002115011215209961
evaluation time:  13.406748056411743
epoch time:  13.40889835357666


-------------------------------- Iteration 1400 -------------------------------- 
initial ob: [-0.03265107  0.51487826  0.2368844   0.          0.6         0.01492813
 -0.1         0.8         0.2        -0.1         0.8         0.2       ]
agent_success: 1.0

training time:  0.002106189727783203
evaluation time:  13.35111927986145
epoch time:  13.35324501991272


-------------------------------- Iteration 1600 -------------------------------- 
initial ob: [-0.03265107  0.51487826  0.2368844   0.          0.6         0.01492813
 -0.1         0.8         0.2        -0.1         0.8         0.2       ]
agent_success: 1.0

training time:  0.0021135807037353516
evaluation time:  13.375320196151733
epoch time:  13.377450227737427


-------------------------------- Iteration 1800 -------------------------------- 
initial ob: [-0.03265107  0.51487826  0.2368844   0.          0.6         0.01492813
 -0.1         0.8         0.2        -0.1         0.8         0.2       ]
agent_success: 1.0

training time:  0.0021109580993652344
evaluation time:  13.362534284591675
epoch time:  13.364665031433105


-------------------------------- Iteration 2000 -------------------------------- 
initial ob: [-0.03265107  0.51487826  0.2368844   0.          0.6         0.01492813
 -0.1         0.8         0.2        -0.1         0.8         0.2       ]
agent_success: 1.0

training time:  0.002111196517944336
evaluation time:  13.379775285720825
epoch time:  13.38190484046936


-------------------------------- Iteration 2200 -------------------------------- 
initial ob: [-0.03265107  0.51487826  0.2368844   0.          0.6         0.01492813
 -0.1         0.8         0.2        -0.1         0.8         0.2       ]
agent_success: 1.0

training time:  0.0020935535430908203
evaluation time:  13.367029428482056
epoch time:  13.369146823883057


-------------------------------- Iteration 2400 -------------------------------- 
initial ob: [-0.03265107  0.51487826  0.2368844   0.          0.6         0.01492813
 -0.1         0.8         0.2        -0.1         0.8         0.2       ]
agent_success: 1.0

training time:  0.0021140575408935547
evaluation time:  13.3880934715271
epoch time:  13.39022946357727


-------------------------------- Iteration 2600 -------------------------------- 
initial ob: [-0.03265107  0.51487826  0.2368844   0.          0.6         0.01492813
 -0.1         0.8         0.2        -0.1         0.8         0.2       ]
agent_success: 1.0

training time:  0.0020999908447265625
evaluation time:  13.367959260940552
epoch time:  13.370074987411499


-------------------------------- Iteration 2800 -------------------------------- 
initial ob: [-0.03265107  0.51487826  0.2368844   0.          0.6         0.01492813
 -0.1         0.8         0.2        -0.1         0.8         0.2       ]
agent_success: 1.0

training time:  0.0021033287048339844
evaluation time:  13.380772829055786
epoch time:  13.382890701293945


-------------------------------- Iteration 3000 -------------------------------- 
initial ob: [-0.03265107  0.51487826  0.2368844   0.          0.6         0.01492813
 -0.1         0.8         0.2        -0.1         0.8         0.2       ]
agent_success: 1.0

training time:  0.002104520797729492
evaluation time:  13.385961294174194
epoch time:  13.388079166412354


-------------------------------- Iteration 3200 -------------------------------- 
initial ob: [-0.03265107  0.51487826  0.2368844   0.          0.6         0.01492813
 -0.1         0.8         0.2        -0.1         0.8         0.2       ]
agent_success: 1.0

training time:  0.0021028518676757812
evaluation time:  13.359328746795654
epoch time:  13.361446619033813


-------------------------------- Iteration 3400 -------------------------------- 
initial ob: [-0.03265107  0.51487826  0.2368844   0.          0.6         0.01492813
 -0.1         0.8         0.2        -0.1         0.8         0.2       ]
agent_success: 1.0

training time:  0.002107858657836914
evaluation time:  13.392903804779053
epoch time:  13.395024299621582


-------------------------------- Iteration 3600 -------------------------------- 
initial ob: [-0.03265107  0.51487826  0.2368844   0.          0.6         0.01492813
 -0.1         0.8         0.2        -0.1         0.8         0.2       ]
agent_success: 1.0

training time:  0.002154827117919922
evaluation time:  13.43815279006958
epoch time:  13.440320253372192


-------------------------------- Iteration 3800 -------------------------------- 
initial ob: [-0.03265107  0.51487826  0.2368844   0.          0.6         0.01492813
 -0.1         0.8         0.2        -0.1         0.8         0.2       ]
agent_success: 1.0

training time:  0.0021026134490966797
evaluation time:  13.421584129333496
epoch time:  13.423736572265625


-------------------------------- Iteration 4000 -------------------------------- 
initial ob: [-0.03265107  0.51487826  0.2368844   0.          0.6         0.01492813
 -0.1         0.8         0.2        -0.1         0.8         0.2       ]
agent_success: 1.0

training time:  0.002106189727783203
evaluation time:  13.40010952949524
epoch time:  13.402232885360718


-------------------------------- Iteration 4200 -------------------------------- 
initial ob: [-0.03265107  0.51487826  0.2368844   0.          0.6         0.01492813
 -0.1         0.8         0.2        -0.1         0.8         0.2       ]
agent_success: 1.0

training time:  0.002106904983520508
evaluation time:  13.421957969665527
epoch time:  13.424079656600952


-------------------------------- Iteration 4400 -------------------------------- 
initial ob: [-0.03265107  0.51487826  0.2368844   0.          0.6         0.01492813
 -0.1         0.8         0.2        -0.1         0.8         0.2       ]
agent_success: 1.0

training time:  0.002112150192260742
evaluation time:  13.3687424659729
epoch time:  13.370874404907227


-------------------------------- Iteration 4600 -------------------------------- 
initial ob: [-0.03265107  0.51487826  0.2368844   0.          0.6         0.01492813
 -0.1         0.8         0.2        -0.1         0.8         0.2       ]
agent_success: 1.0

training time:  0.002140045166015625
evaluation time:  13.392967224121094
epoch time:  13.395124673843384


-------------------------------- Iteration 4800 -------------------------------- 
initial ob: [-0.03265107  0.51487826  0.2368844   0.          0.6         0.01492813
 -0.1         0.8         0.2        -0.1         0.8         0.2       ]
agent_success: 1.0

training time:  0.0021028518676757812
evaluation time:  13.37236762046814
epoch time:  13.374484777450562


-------------------------------- Iteration 5000 -------------------------------- 
initial ob: [-0.03265107  0.51487826  0.2368844   0.          0.6         0.01492813
 -0.1         0.8         0.2        -0.1         0.8         0.2       ]
agent_success: 1.0

training time:  0.0020990371704101562
evaluation time:  13.385596752166748
epoch time:  13.387710809707642


-------------------------------- Iteration 5200 -------------------------------- 
initial ob: [-0.03265107  0.51487826  0.2368844   0.          0.6         0.01492813
 -0.1         0.8         0.2        -0.1         0.8         0.2       ]
agent_success: 1.0

training time:  0.0021173954010009766
evaluation time:  13.368103981018066
epoch time:  13.370262384414673


-------------------------------- Iteration 5400 -------------------------------- 
initial ob: [-0.03265107  0.51487826  0.2368844   0.          0.6         0.01492813
 -0.1         0.8         0.2        -0.1         0.8         0.2       ]
agent_success: 1.0

training time:  0.002103090286254883
evaluation time:  13.377439022064209
epoch time:  13.379584074020386


-------------------------------- Iteration 5600 -------------------------------- 
initial ob: [-0.03265107  0.51487826  0.2368844   0.          0.6         0.01492813
 -0.1         0.8         0.2        -0.1         0.8         0.2       ]
agent_success: 1.0

training time:  0.0021123886108398438
evaluation time:  13.393049716949463
epoch time:  13.395175218582153


-------------------------------- Iteration 5800 -------------------------------- 
initial ob: [-0.03265107  0.51487826  0.2368844   0.          0.6         0.01492813
 -0.1         0.8         0.2        -0.1         0.8         0.2       ]
agent_success: 1.0

training time:  0.0020973682403564453
evaluation time:  13.361214637756348
epoch time:  13.363327503204346


-------------------------------- Iteration 6000 -------------------------------- 
initial ob: [-0.03265107  0.51487826  0.2368844   0.          0.6         0.01492813
 -0.1         0.8         0.2        -0.1         0.8         0.2       ]
agent_success: 1.0

training time:  0.0020971298217773438
evaluation time:  13.399476289749146
epoch time:  13.40159010887146


-------------------------------- Iteration 6200 -------------------------------- 
initial ob: [-0.03265107  0.51487826  0.2368844   0.          0.6         0.01492813
 -0.1         0.8         0.2        -0.1         0.8         0.2       ]
agent_success: 1.0

training time:  0.002107381820678711
evaluation time:  13.420411825180054
epoch time:  13.422533512115479


-------------------------------- Iteration 6400 -------------------------------- 
initial ob: [-0.03265107  0.51487826  0.2368844   0.          0.6         0.01492813
 -0.1         0.8         0.2        -0.1         0.8         0.2       ]
agent_success: 1.0

training time:  0.002104520797729492
evaluation time:  13.448468446731567
epoch time:  13.450598955154419


-------------------------------- Iteration 6600 -------------------------------- 
initial ob: [-0.03265107  0.51487826  0.2368844   0.          0.6         0.01492813
 -0.1         0.8         0.2        -0.1         0.8         0.2       ]
agent_success: 1.0

training time:  0.002111196517944336
evaluation time:  13.460720300674438
epoch time:  13.46284794807434


-------------------------------- Iteration 6800 -------------------------------- 
initial ob: [-0.03265107  0.51487826  0.2368844   0.          0.6         0.01492813
 -0.1         0.8         0.2        -0.1         0.8         0.2       ]
agent_success: 1.0

training time:  0.0021195411682128906
evaluation time:  13.386577844619751
epoch time:  13.388713121414185


-------------------------------- Iteration 7000 -------------------------------- 
initial ob: [-0.03265107  0.51487826  0.2368844   0.          0.6         0.01492813
 -0.1         0.8         0.2        -0.1         0.8         0.2       ]
agent_success: 1.0

training time:  0.002112865447998047
evaluation time:  13.372841119766235
epoch time:  13.374967098236084


-------------------------------- Iteration 7200 -------------------------------- 
initial ob: [-0.03265107  0.51487826  0.2368844   0.          0.6         0.01492813
 -0.1         0.8         0.2        -0.1         0.8         0.2       ]
agent_success: 1.0

training time:  0.0021255016326904297
evaluation time:  13.51408576965332
epoch time:  13.516229629516602


-------------------------------- Iteration 7400 -------------------------------- 
initial ob: [-0.03265107  0.51487826  0.2368844   0.          0.6         0.01492813
 -0.1         0.8         0.2        -0.1         0.8         0.2       ]
agent_success: 1.0

training time:  0.002114534378051758
evaluation time:  13.4119393825531
epoch time:  13.414069414138794


-------------------------------- Iteration 7600 -------------------------------- 
initial ob: [-0.03265107  0.51487826  0.2368844   0.          0.6         0.01492813
 -0.1         0.8         0.2        -0.1         0.8         0.2       ]
agent_success: 1.0

training time:  0.002108335494995117
evaluation time:  13.419296026229858
epoch time:  13.421419382095337


-------------------------------- Iteration 7800 -------------------------------- 
initial ob: [-0.03265107  0.51487826  0.2368844   0.          0.6         0.01492813
 -0.1         0.8         0.2        -0.1         0.8         0.2       ]
agent_success: 1.0

training time:  0.002110719680786133
evaluation time:  13.41065764427185
epoch time:  13.412783861160278


-------------------------------- Iteration 8000 -------------------------------- 
initial ob: [-0.03265107  0.51487826  0.2368844   0.          0.6         0.01492813
 -0.1         0.8         0.2        -0.1         0.8         0.2       ]
agent_success: 1.0

training time:  0.0021142959594726562
evaluation time:  13.384845972061157
epoch time:  13.386974811553955


-------------------------------- Iteration 8200 -------------------------------- 
initial ob: [-0.03265107  0.51487826  0.2368844   0.          0.6         0.01492813
 -0.1         0.8         0.2        -0.1         0.8         0.2       ]
agent_success: 1.0

training time:  0.0021169185638427734
evaluation time:  13.426308631896973
epoch time:  13.428471565246582


-------------------------------- Iteration 8400 -------------------------------- 
initial ob: [-0.03265107  0.51487826  0.2368844   0.          0.6         0.01492813
 -0.1         0.8         0.2        -0.1         0.8         0.2       ]
agent_success: 1.0

training time:  0.002159595489501953
evaluation time:  13.40888500213623
epoch time:  13.411066055297852


-------------------------------- Iteration 8600 -------------------------------- 
initial ob: [-0.03265107  0.51487826  0.2368844   0.          0.6         0.01492813
 -0.1         0.8         0.2        -0.1         0.8         0.2       ]
agent_success: 1.0

training time:  0.0021085739135742188
evaluation time:  13.39218020439148
epoch time:  13.394307613372803


-------------------------------- Iteration 8800 -------------------------------- 
initial ob: [-0.03265107  0.51487826  0.2368844   0.          0.6         0.01492813
 -0.1         0.8         0.2        -0.1         0.8         0.2       ]
agent_success: 1.0

training time:  0.0021209716796875
evaluation time:  13.379451036453247
epoch time:  13.38161849975586


-------------------------------- Iteration 9000 -------------------------------- 
initial ob: [-0.03265107  0.51487826  0.2368844   0.          0.6         0.01492813
 -0.1         0.8         0.2        -0.1         0.8         0.2       ]
agent_success: 1.0

training time:  0.0021104812622070312
evaluation time:  13.425071477890015
epoch time:  13.427203178405762


-------------------------------- Iteration 9200 -------------------------------- 
initial ob: [-0.03265107  0.51487826  0.2368844   0.          0.6         0.01492813
 -0.1         0.8         0.2        -0.1         0.8         0.2       ]
agent_success: 1.0

training time:  0.002122163772583008
evaluation time:  13.413558006286621
epoch time:  13.415696859359741


-------------------------------- Iteration 9400 -------------------------------- 
initial ob: [-0.03265107  0.51487826  0.2368844   0.          0.6         0.01492813
 -0.1         0.8         0.2        -0.1         0.8         0.2       ]
agent_success: 1.0

training time:  0.002129077911376953
evaluation time:  13.417438507080078
epoch time:  13.41958212852478


-------------------------------- Iteration 9600 -------------------------------- 
initial ob: [-0.03265107  0.51487826  0.2368844   0.          0.6         0.01492813
 -0.1         0.8         0.2        -0.1         0.8         0.2       ]
agent_success: 1.0

training time:  0.0021224021911621094
evaluation time:  13.3850998878479
epoch time:  13.387265682220459


-------------------------------- Iteration 9800 -------------------------------- 
initial ob: [-0.03265107  0.51487826  0.2368844   0.          0.6         0.01492813
 -0.1         0.8         0.2        -0.1         0.8         0.2       ]
agent_success: 1.0

training time:  0.0021162033081054688
evaluation time:  13.393100500106812
epoch time:  13.395266771316528


-------------------------------- Iteration 10000 -------------------------------- 
initial ob: [-0.03265107  0.51487826  0.2368844   0.          0.6         0.01492813
 -0.1         0.8         0.2        -0.1         0.8         0.2       ]
agent_success: 1.0

training time:  0.002117633819580078
evaluation time:  13.38974928855896
epoch time:  13.391905546188354


-------------------------------- Iteration 10200 -------------------------------- 
initial ob: [-0.03265107  0.51487826  0.2368844   0.          0.6         0.01492813
 -0.1         0.8         0.2        -0.1         0.8         0.2       ]
agent_success: 1.0

training time:  0.002124786376953125
evaluation time:  13.388672113418579
epoch time:  13.390811920166016


-------------------------------- Iteration 10400 -------------------------------- 
initial ob: [-0.03265107  0.51487826  0.2368844   0.          0.6         0.01492813
 -0.1         0.8         0.2        -0.1         0.8         0.2       ]
agent_success: 1.0

training time:  0.002117633819580078
evaluation time:  13.436048030853271
epoch time:  13.43821382522583


-------------------------------- Iteration 10600 -------------------------------- 
initial ob: [-0.03265107  0.51487826  0.2368844   0.          0.6         0.01492813
 -0.1         0.8         0.2        -0.1         0.8         0.2       ]
agent_success: 1.0

training time:  0.0021255016326904297
evaluation time:  13.385231018066406
epoch time:  13.387370347976685


-------------------------------- Iteration 10800 -------------------------------- 
initial ob: [-0.03265107  0.51487826  0.2368844   0.          0.6         0.01492813
 -0.1         0.8         0.2        -0.1         0.8         0.2       ]
agent_success: 1.0

training time:  0.0022079944610595703
evaluation time:  13.39826250076294
epoch time:  13.400485754013062


-------------------------------- Iteration 11000 -------------------------------- 
initial ob: [-0.03265107  0.51487826  0.2368844   0.          0.6         0.01492813
 -0.1         0.8         0.2        -0.1         0.8         0.2       ]
agent_success: 1.0

training time:  0.002122163772583008
evaluation time:  13.364785432815552
epoch time:  13.366959810256958


-------------------------------- Iteration 11200 -------------------------------- 
initial ob: [-0.03265107  0.51487826  0.2368844   0.          0.6         0.01492813
 -0.1         0.8         0.2        -0.1         0.8         0.2       ]
agent_success: 1.0

training time:  0.0021088123321533203
evaluation time:  13.38790249824524
epoch time:  13.39002799987793


-------------------------------- Iteration 11400 -------------------------------- 
initial ob: [-0.03265107  0.51487826  0.2368844   0.          0.6         0.01492813
 -0.1         0.8         0.2        -0.1         0.8         0.2       ]
agent_success: 1.0

training time:  0.002122163772583008
evaluation time:  13.384502172470093
epoch time:  13.386640787124634


-------------------------------- Iteration 11600 -------------------------------- 
initial ob: [-0.03265107  0.51487826  0.2368844   0.          0.6         0.01492813
 -0.1         0.8         0.2        -0.1         0.8         0.2       ]
agent_success: 1.0

training time:  0.002109527587890625
evaluation time:  13.475954294204712
epoch time:  13.478085041046143


-------------------------------- Iteration 11800 -------------------------------- 
initial ob: [-0.03265107  0.51487826  0.2368844   0.          0.6         0.01492813
 -0.1         0.8         0.2        -0.1         0.8         0.2       ]
agent_success: 1.0

training time:  0.0021250247955322266
evaluation time:  13.3733651638031
epoch time:  13.375540494918823


-------------------------------- Iteration 12000 -------------------------------- 
initial ob: [-0.03265107  0.51487826  0.2368844   0.          0.6         0.01492813
 -0.1         0.8         0.2        -0.1         0.8         0.2       ]
agent_success: 1.0

training time:  0.002117633819580078
evaluation time:  13.416263580322266
epoch time:  13.418395280838013


-------------------------------- Iteration 12200 -------------------------------- 
initial ob: [-0.03265107  0.51487826  0.2368844   0.          0.6         0.01492813
 -0.1         0.8         0.2        -0.1         0.8         0.2       ]
agent_success: 1.0

training time:  0.002160787582397461
evaluation time:  13.387105941772461
epoch time:  13.389282941818237


-------------------------------- Iteration 12400 -------------------------------- 
initial ob: [-0.03265107  0.51487826  0.2368844   0.          0.6         0.01492813
 -0.1         0.8         0.2        -0.1         0.8         0.2       ]
agent_success: 1.0

training time:  0.002116680145263672
evaluation time:  13.403864860534668
epoch time:  13.405998468399048


-------------------------------- Iteration 12600 -------------------------------- 
initial ob: [-0.03265107  0.51487826  0.2368844   0.          0.6         0.01492813
 -0.1         0.8         0.2        -0.1         0.8         0.2       ]
agent_success: 1.0

training time:  0.002118349075317383
evaluation time:  13.379958152770996
epoch time:  13.382089614868164


-------------------------------- Iteration 12800 -------------------------------- 
initial ob: [-0.03265107  0.51487826  0.2368844   0.          0.6         0.01492813
 -0.1         0.8         0.2        -0.1         0.8         0.2       ]
agent_success: 1.0

training time:  0.002118349075317383
evaluation time:  13.398959636688232
epoch time:  13.401093244552612


-------------------------------- Iteration 13000 -------------------------------- 
initial ob: [-0.03265107  0.51487826  0.2368844   0.          0.6         0.01492813
 -0.1         0.8         0.2        -0.1         0.8         0.2       ]
agent_success: 1.0

training time:  0.0021195411682128906
evaluation time:  13.379231929779053
epoch time:  13.381366491317749


-------------------------------- Iteration 13200 -------------------------------- 
initial ob: [-0.03265107  0.51487826  0.2368844   0.          0.6         0.01492813
 -0.1         0.8         0.2        -0.1         0.8         0.2       ]
agent_success: 1.0

training time:  0.002111196517944336
evaluation time:  13.381295442581177
epoch time:  13.383421897888184


-------------------------------- Iteration 13400 -------------------------------- 
initial ob: [-0.03265107  0.51487826  0.2368844   0.          0.6         0.01492813
 -0.1         0.8         0.2        -0.1         0.8         0.2       ]
agent_success: 1.0

training time:  0.0021238327026367188
evaluation time:  13.442774772644043
epoch time:  13.444913387298584


-------------------------------- Iteration 13600 -------------------------------- 
initial ob: [-0.03265107  0.51487826  0.2368844   0.          0.6         0.01492813
 -0.1         0.8         0.2        -0.1         0.8         0.2       ]
agent_success: 1.0

training time:  0.0021202564239501953
evaluation time:  13.402518510818481
epoch time:  13.404659271240234


-------------------------------- Iteration 13800 -------------------------------- 
initial ob: [-0.03265107  0.51487826  0.2368844   0.          0.6         0.01492813
 -0.1         0.8         0.2        -0.1         0.8         0.2       ]
agent_success: 1.0

training time:  0.002134084701538086
evaluation time:  13.42194938659668
epoch time:  13.424100399017334


-------------------------------- Iteration 14000 -------------------------------- 
initial ob: [-0.03265107  0.51487826  0.2368844   0.          0.6         0.01492813
 -0.1         0.8         0.2        -0.1         0.8         0.2       ]
agent_success: 1.0

training time:  0.002109050750732422
evaluation time:  13.89943814277649
epoch time:  13.901597261428833


-------------------------------- Iteration 14200 -------------------------------- 
initial ob: [-0.03265107  0.51487826  0.2368844   0.          0.6         0.01492813
 -0.1         0.8         0.2        -0.1         0.8         0.2       ]
agent_success: 1.0

training time:  0.0021207332611083984
evaluation time:  13.401561737060547
epoch time:  13.403736352920532


-------------------------------- Iteration 14400 -------------------------------- 
initial ob: [-0.03265107  0.51487826  0.2368844   0.          0.6         0.01492813
 -0.1         0.8         0.2        -0.1         0.8         0.2       ]
agent_success: 1.0

training time:  0.002112865447998047
evaluation time:  13.37352442741394
epoch time:  13.375653505325317


-------------------------------- Iteration 14600 -------------------------------- 
initial ob: [-0.03265107  0.51487826  0.2368844   0.          0.6         0.01492813
 -0.1         0.8         0.2        -0.1         0.8         0.2       ]
agent_success: 1.0

training time:  0.002116680145263672
evaluation time:  13.395979642868042
epoch time:  13.398198366165161


-------------------------------- Iteration 14800 -------------------------------- 
initial ob: [-0.03265107  0.51487826  0.2368844   0.          0.6         0.01492813
 -0.1         0.8         0.2        -0.1         0.8         0.2       ]
agent_success: 1.0

training time:  0.0021257400512695312
evaluation time:  13.394087553024292
epoch time:  13.396228551864624


-------------------------------- Iteration 15000 -------------------------------- 
initial ob: [-0.03265107  0.51487826  0.2368844   0.          0.6         0.01492813
 -0.1         0.8         0.2        -0.1         0.8         0.2       ]
agent_success: 1.0

training time:  0.002118825912475586
evaluation time:  13.402034759521484
epoch time:  13.404170989990234


-------------------------------- Iteration 15200 -------------------------------- 
initial ob: [-0.03265107  0.51487826  0.2368844   0.          0.6         0.01492813
 -0.1         0.8         0.2        -0.1         0.8         0.2       ]
agent_success: 1.0

training time:  0.002126455307006836
evaluation time:  13.401580810546875
epoch time:  13.403754472732544


-------------------------------- Iteration 15400 -------------------------------- 
initial ob: [-0.03265107  0.51487826  0.2368844   0.          0.6         0.01492813
 -0.1         0.8         0.2        -0.1         0.8         0.2       ]
agent_success: 1.0

training time:  0.002105236053466797
evaluation time:  13.386957883834839
epoch time:  13.389079809188843


-------------------------------- Iteration 15600 -------------------------------- 
initial ob: [-0.03265107  0.51487826  0.2368844   0.          0.6         0.01492813
 -0.1         0.8         0.2        -0.1         0.8         0.2       ]
agent_success: 1.0

training time:  0.002124309539794922
evaluation time:  13.3830885887146
epoch time:  13.385228395462036


-------------------------------- Iteration 15800 -------------------------------- 
initial ob: [-0.03265107  0.51487826  0.2368844   0.          0.6         0.01492813
 -0.1         0.8         0.2        -0.1         0.8         0.2       ]
agent_success: 1.0

training time:  0.002110719680786133
evaluation time:  13.374196529388428
epoch time:  13.376322031021118


-------------------------------- Iteration 16000 -------------------------------- 
initial ob: [-0.03265107  0.51487826  0.2368844   0.          0.6         0.01492813
 -0.1         0.8         0.2        -0.1         0.8         0.2       ]
agent_success: 1.0

training time:  0.002111196517944336
evaluation time:  13.448171377182007
epoch time:  13.450299263000488


-------------------------------- Iteration 16200 -------------------------------- 
initial ob: [-0.03265107  0.51487826  0.2368844   0.          0.6         0.01492813
 -0.1         0.8         0.2        -0.1         0.8         0.2       ]
agent_success: 1.0

training time:  0.002116680145263672
evaluation time:  13.48730206489563
epoch time:  13.489534616470337


-------------------------------- Iteration 16400 -------------------------------- 
initial ob: [-0.03265107  0.51487826  0.2368844   0.          0.6         0.01492813
 -0.1         0.8         0.2        -0.1         0.8         0.2       ]
agent_success: 1.0

training time:  0.0021209716796875
evaluation time:  13.418904542922974
epoch time:  13.421045541763306


-------------------------------- Iteration 16600 -------------------------------- 
initial ob: [-0.03265107  0.51487826  0.2368844   0.          0.6         0.01492813
 -0.1         0.8         0.2        -0.1         0.8         0.2       ]
agent_success: 1.0

training time:  0.0021152496337890625
evaluation time:  13.450502157211304
epoch time:  13.452633142471313


-------------------------------- Iteration 16800 -------------------------------- 
initial ob: [-0.03265107  0.51487826  0.2368844   0.          0.6         0.01492813
 -0.1         0.8         0.2        -0.1         0.8         0.2       ]
agent_success: 1.0

training time:  0.002110004425048828
evaluation time:  13.39919900894165
epoch time:  13.401329755783081


-------------------------------- Iteration 17000 -------------------------------- 
initial ob: [-0.03265107  0.51487826  0.2368844   0.          0.6         0.01492813
 -0.1         0.8         0.2        -0.1         0.8         0.2       ]
agent_success: 1.0

training time:  0.0021278858184814453
evaluation time:  13.37760615348816
epoch time:  13.379749774932861


-------------------------------- Iteration 17200 -------------------------------- 
initial ob: [-0.03265107  0.51487826  0.2368844   0.          0.6         0.01492813
 -0.1         0.8         0.2        -0.1         0.8         0.2       ]
agent_success: 1.0

training time:  0.0021064281463623047
evaluation time:  13.390215396881104
epoch time:  13.39233660697937


-------------------------------- Iteration 17400 -------------------------------- 
initial ob: [-0.03265107  0.51487826  0.2368844   0.          0.6         0.01492813
 -0.1         0.8         0.2        -0.1         0.8         0.2       ]
agent_success: 1.0

training time:  0.002109527587890625
evaluation time:  13.384832620620728
epoch time:  13.386955261230469


-------------------------------- Iteration 17600 -------------------------------- 
initial ob: [-0.03265107  0.51487826  0.2368844   0.          0.6         0.01492813
 -0.1         0.8         0.2        -0.1         0.8         0.2       ]
agent_success: 1.0

training time:  0.002123594284057617
evaluation time:  13.410534620285034
epoch time:  13.412676572799683


-------------------------------- Iteration 17800 -------------------------------- 
initial ob: [-0.03265107  0.51487826  0.2368844   0.          0.6         0.01492813
 -0.1         0.8         0.2        -0.1         0.8         0.2       ]
agent_success: 1.0

training time:  0.0021698474884033203
evaluation time:  13.535187721252441
epoch time:  13.537372827529907


-------------------------------- Iteration 18000 -------------------------------- 
initial ob: [-0.03265107  0.51487826  0.2368844   0.          0.6         0.01492813
 -0.1         0.8         0.2        -0.1         0.8         0.2       ]
agent_success: 1.0

training time:  0.0021271705627441406
evaluation time:  13.435301303863525
epoch time:  13.437443733215332


-------------------------------- Iteration 18200 -------------------------------- 
initial ob: [-0.03265107  0.51487826  0.2368844   0.          0.6         0.01492813
 -0.1         0.8         0.2        -0.1         0.8         0.2       ]
agent_success: 1.0

training time:  0.002118349075317383
evaluation time:  13.411206007003784
epoch time:  13.413340330123901


-------------------------------- Iteration 18400 -------------------------------- 
initial ob: [-0.03265107  0.51487826  0.2368844   0.          0.6         0.01492813
 -0.1         0.8         0.2        -0.1         0.8         0.2       ]
agent_success: 1.0

training time:  0.0021200180053710938
evaluation time:  13.411667585372925
epoch time:  13.413802146911621


-------------------------------- Iteration 18600 -------------------------------- 
initial ob: [-0.03265107  0.51487826  0.2368844   0.          0.6         0.01492813
 -0.1         0.8         0.2        -0.1         0.8         0.2       ]
agent_success: 1.0

training time:  0.002109527587890625
evaluation time:  13.39810585975647
epoch time:  13.40026593208313


-------------------------------- Iteration 18800 -------------------------------- 
initial ob: [-0.03265107  0.51487826  0.2368844   0.          0.6         0.01492813
 -0.1         0.8         0.2        -0.1         0.8         0.2       ]
agent_success: 1.0

training time:  0.002168416976928711
evaluation time:  13.369283437728882
epoch time:  13.371505737304688


-------------------------------- Iteration 19000 -------------------------------- 
initial ob: [-0.03265107  0.51487826  0.2368844   0.          0.6         0.01492813
 -0.1         0.8         0.2        -0.1         0.8         0.2       ]
agent_success: 1.0

training time:  0.0021278858184814453
evaluation time:  13.401714563369751
epoch time:  13.403860807418823


-------------------------------- Iteration 19200 -------------------------------- 
initial ob: [-0.03265107  0.51487826  0.2368844   0.          0.6         0.01492813
 -0.1         0.8         0.2        -0.1         0.8         0.2       ]
agent_success: 1.0

training time:  0.0021147727966308594
evaluation time:  13.37393593788147
epoch time:  13.376066446304321


-------------------------------- Iteration 19400 -------------------------------- 
initial ob: [-0.03265107  0.51487826  0.2368844   0.          0.6         0.01492813
 -0.1         0.8         0.2        -0.1         0.8         0.2       ]
agent_success: 1.0

training time:  0.0021085739135742188
evaluation time:  13.39977216720581
epoch time:  13.401901245117188


-------------------------------- Iteration 19600 -------------------------------- 
initial ob: [-0.03265107  0.51487826  0.2368844   0.          0.6         0.01492813
 -0.1         0.8         0.2        -0.1         0.8         0.2       ]
agent_success: 1.0

training time:  0.002125978469848633
evaluation time:  13.420414447784424
epoch time:  13.4225914478302


-------------------------------- Iteration 19800 -------------------------------- 
initial ob: [-0.03265107  0.51487826  0.2368844   0.          0.6         0.01492813
 -0.1         0.8         0.2        -0.1         0.8         0.2       ]
agent_success: 1.0

training time:  0.002131938934326172
evaluation time:  13.396791696548462
epoch time:  13.39893889427185


-------------------------------- Iteration 20000 -------------------------------- 
initial ob: [-0.03265107  0.51487826  0.2368844   0.          0.6         0.01492813
 -0.1         0.8         0.2        -0.1         0.8         0.2       ]
agent_success: 1.0

training time:  0.002106904983520508
evaluation time:  13.385965347290039
epoch time:  13.388085126876831


-------------------------------- Iteration 20200 -------------------------------- 
initial ob: [-0.03265107  0.51487826  0.2368844   0.          0.6         0.01492813
 -0.1         0.8         0.2        -0.1         0.8         0.2       ]
agent_success: 1.0

training time:  0.0021131038665771484
evaluation time:  13.40745234489441
epoch time:  13.409583330154419


-------------------------------- Iteration 20400 -------------------------------- 
initial ob: [-0.03265107  0.51487826  0.2368844   0.          0.6         0.01492813
 -0.1         0.8         0.2        -0.1         0.8         0.2       ]
agent_success: 1.0

training time:  0.0021321773529052734
evaluation time:  13.38090991973877
epoch time:  13.383055686950684


-------------------------------- Iteration 20600 -------------------------------- 
initial ob: [-0.03265107  0.51487826  0.2368844   0.          0.6         0.01492813
 -0.1         0.8         0.2        -0.1         0.8         0.2       ]
agent_success: 1.0

training time:  0.0021088123321533203
evaluation time:  13.42766547203064
epoch time:  13.429789543151855


-------------------------------- Iteration 20800 -------------------------------- 
initial ob: [-0.03265107  0.51487826  0.2368844   0.          0.6         0.01492813
 -0.1         0.8         0.2        -0.1         0.8         0.2       ]
agent_success: 1.0

training time:  0.0021276473999023438
evaluation time:  13.387951612472534
epoch time:  13.390095472335815


-------------------------------- Iteration 21000 -------------------------------- 
initial ob: [-0.03265107  0.51487826  0.2368844   0.          0.6         0.01492813
 -0.1         0.8         0.2        -0.1         0.8         0.2       ]
agent_success: 1.0

training time:  0.002115488052368164
evaluation time:  13.409756422042847
epoch time:  13.411889553070068


-------------------------------- Iteration 21200 -------------------------------- 
initial ob: [-0.03265107  0.51487826  0.2368844   0.          0.6         0.01492813
 -0.1         0.8         0.2        -0.1         0.8         0.2       ]
agent_success: 1.0

training time:  0.002101898193359375
evaluation time:  13.400715827941895
epoch time:  13.402834177017212


-------------------------------- Iteration 21400 -------------------------------- 
initial ob: [-0.03265107  0.51487826  0.2368844   0.          0.6         0.01492813
 -0.1         0.8         0.2        -0.1         0.8         0.2       ]
agent_success: 1.0

training time:  0.002113819122314453
evaluation time:  13.369197845458984
epoch time:  13.371334314346313


-------------------------------- Iteration 21600 -------------------------------- 
initial ob: [-0.03265107  0.51487826  0.2368844   0.          0.6         0.01492813
 -0.1         0.8         0.2        -0.1         0.8         0.2       ]
agent_success: 1.0

training time:  0.0021016597747802734
evaluation time:  13.412818670272827
epoch time:  13.41497540473938


-------------------------------- Iteration 21800 -------------------------------- 
initial ob: [-0.03265107  0.51487826  0.2368844   0.          0.6         0.01492813
 -0.1         0.8         0.2        -0.1         0.8         0.2       ]
agent_success: 1.0

training time:  0.0021102428436279297
evaluation time:  13.380268335342407
epoch time:  13.382394075393677


-------------------------------- Iteration 22000 -------------------------------- 
initial ob: [-0.03265107  0.51487826  0.2368844   0.          0.6         0.01492813
 -0.1         0.8         0.2        -0.1         0.8         0.2       ]
agent_success: 1.0

training time:  0.0021202564239501953
evaluation time:  13.439674139022827
epoch time:  13.441815853118896


-------------------------------- Iteration 22200 -------------------------------- 
initial ob: [-0.03265107  0.51487826  0.2368844   0.          0.6         0.01492813
 -0.1         0.8         0.2        -0.1         0.8         0.2       ]
agent_success: 1.0

training time:  0.0021190643310546875
evaluation time:  13.385977745056152
epoch time:  13.388498067855835


-------------------------------- Iteration 22400 -------------------------------- 
initial ob: [-0.03265107  0.51487826  0.2368844   0.          0.6         0.01492813
 -0.1         0.8         0.2        -0.1         0.8         0.2       ]
agent_success: 1.0

training time:  0.0021181106567382812
evaluation time:  13.425623893737793
epoch time:  13.427756547927856


-------------------------------- Iteration 22600 -------------------------------- 
initial ob: [-0.03265107  0.51487826  0.2368844   0.          0.6         0.01492813
 -0.1         0.8         0.2        -0.1         0.8         0.2       ]
agent_success: 1.0

training time:  0.002111673355102539
evaluation time:  13.421442031860352
epoch time:  13.423568487167358


-------------------------------- Iteration 22800 -------------------------------- 
initial ob: [-0.03265107  0.51487826  0.2368844   0.          0.6         0.01492813
 -0.1         0.8         0.2        -0.1         0.8         0.2       ]
agent_success: 1.0

training time:  0.002110004425048828
evaluation time:  13.451381921768188
epoch time:  13.453510284423828


-------------------------------- Iteration 23000 -------------------------------- 
initial ob: [-0.03265107  0.51487826  0.2368844   0.          0.6         0.01492813
 -0.1         0.8         0.2        -0.1         0.8         0.2       ]
agent_success: 1.0

training time:  0.0021152496337890625
evaluation time:  13.405525207519531
epoch time:  13.407655715942383


-------------------------------- Iteration 23200 -------------------------------- 
initial ob: [-0.03265107  0.51487826  0.2368844   0.          0.6         0.01492813
 -0.1         0.8         0.2        -0.1         0.8         0.2       ]
agent_success: 1.0

training time:  0.0021097660064697266
evaluation time:  13.409489870071411
epoch time:  13.411614894866943


-------------------------------- Iteration 23400 -------------------------------- 
initial ob: [-0.03265107  0.51487826  0.2368844   0.          0.6         0.01492813
 -0.1         0.8         0.2        -0.1         0.8         0.2       ]
agent_success: 1.0

training time:  0.0021169185638427734
evaluation time:  13.384037971496582
epoch time:  13.386170864105225


-------------------------------- Iteration 23600 -------------------------------- 
initial ob: [-0.03265107  0.51487826  0.2368844   0.          0.6         0.01492813
 -0.1         0.8         0.2        -0.1         0.8         0.2       ]
agent_success: 1.0

training time:  0.0022211074829101562
evaluation time:  13.386189699172974
epoch time:  13.388427734375


-------------------------------- Iteration 23800 -------------------------------- 
initial ob: [-0.03265107  0.51487826  0.2368844   0.          0.6         0.01492813
 -0.1         0.8         0.2        -0.1         0.8         0.2       ]
agent_success: 1.0

training time:  0.002111673355102539
evaluation time:  13.413741827011108
epoch time:  13.415903806686401


-------------------------------- Iteration 24000 -------------------------------- 
initial ob: [-0.03265107  0.51487826  0.2368844   0.          0.6         0.01492813
 -0.1         0.8         0.2        -0.1         0.8         0.2       ]
agent_success: 1.0

training time:  0.0021140575408935547
evaluation time:  13.376084089279175
epoch time:  13.37822151184082


-------------------------------- Iteration 24200 -------------------------------- 
initial ob: [-0.03265107  0.51487826  0.2368844   0.          0.6         0.01492813
 -0.1         0.8         0.2        -0.1         0.8         0.2       ]
agent_success: 1.0

training time:  0.002124309539794922
evaluation time:  13.402417182922363
epoch time:  13.404558897018433


-------------------------------- Iteration 24400 -------------------------------- 
initial ob: [-0.03265107  0.51487826  0.2368844   0.          0.6         0.01492813
 -0.1         0.8         0.2        -0.1         0.8         0.2       ]
agent_success: 1.0

training time:  0.002119779586791992
evaluation time:  13.393693447113037
epoch time:  13.395827770233154


-------------------------------- Iteration 24600 -------------------------------- 
initial ob: [-0.03265107  0.51487826  0.2368844   0.          0.6         0.01492813
 -0.1         0.8         0.2        -0.1         0.8         0.2       ]
agent_success: 1.0

training time:  0.0021250247955322266
evaluation time:  13.414117574691772
epoch time:  13.416265487670898


-------------------------------- Iteration 24800 -------------------------------- 
initial ob: [-0.03265107  0.51487826  0.2368844   0.          0.6         0.01492813
 -0.1         0.8         0.2        -0.1         0.8         0.2       ]
agent_success: 1.0

training time:  0.0021533966064453125
evaluation time:  13.379597425460815
epoch time:  13.381764888763428


-------------------------------- Iteration 25000 -------------------------------- 
initial ob: [-0.03265107  0.51487826  0.2368844   0.          0.6         0.01492813
 -0.1         0.8         0.2        -0.1         0.8         0.2       ]
agent_success: 1.0

training time:  0.002127408981323242
evaluation time:  13.399643898010254
epoch time:  13.401785850524902


-------------------------------- Iteration 25200 -------------------------------- 
initial ob: [-0.03265107  0.51487826  0.2368844   0.          0.6         0.01492813
 -0.1         0.8         0.2        -0.1         0.8         0.2       ]
agent_success: 1.0

training time:  0.0021109580993652344
evaluation time:  13.392523527145386
epoch time:  13.394649505615234


-------------------------------- Iteration 25400 -------------------------------- 
initial ob: [-0.03265107  0.51487826  0.2368844   0.          0.6         0.01492813
 -0.1         0.8         0.2        -0.1         0.8         0.2       ]
agent_success: 1.0

training time:  0.002181529998779297
evaluation time:  13.409733057022095
epoch time:  13.411932945251465


-------------------------------- Iteration 25600 -------------------------------- 
initial ob: [-0.03265107  0.51487826  0.2368844   0.          0.6         0.01492813
 -0.1         0.8         0.2        -0.1         0.8         0.2       ]
agent_success: 1.0

training time:  0.0021190643310546875
evaluation time:  13.400829553604126
epoch time:  13.40299916267395


-------------------------------- Iteration 25800 -------------------------------- 
initial ob: [-0.03265107  0.51487826  0.2368844   0.          0.6         0.01492813
 -0.1         0.8         0.2        -0.1         0.8         0.2       ]
agent_success: 1.0

training time:  0.002109527587890625
evaluation time:  13.38558053970337
epoch time:  13.38770341873169


-------------------------------- Iteration 26000 -------------------------------- 
initial ob: [-0.03265107  0.51487826  0.2368844   0.          0.6         0.01492813
 -0.1         0.8         0.2        -0.1         0.8         0.2       ]
agent_success: 1.0

training time:  0.0021219253540039062
evaluation time:  13.378436088562012
epoch time:  13.380574226379395


-------------------------------- Iteration 26200 -------------------------------- 
initial ob: [-0.03265107  0.51487826  0.2368844   0.          0.6         0.01492813
 -0.1         0.8         0.2        -0.1         0.8         0.2       ]
agent_success: 1.0

training time:  0.002117633819580078
evaluation time:  13.393077850341797
epoch time:  13.395213842391968


-------------------------------- Iteration 26400 -------------------------------- 
initial ob: [-0.03265107  0.51487826  0.2368844   0.          0.6         0.01492813
 -0.1         0.8         0.2        -0.1         0.8         0.2       ]
agent_success: 1.0

training time:  0.002107381820678711
evaluation time:  13.44130539894104
epoch time:  13.443437099456787


-------------------------------- Iteration 26600 -------------------------------- 
initial ob: [-0.03265107  0.51487826  0.2368844   0.          0.6         0.01492813
 -0.1         0.8         0.2        -0.1         0.8         0.2       ]
agent_success: 1.0

training time:  0.002123594284057617
evaluation time:  13.376432418823242
epoch time:  13.37861680984497


-------------------------------- Iteration 26800 -------------------------------- 
initial ob: [-0.03265107  0.51487826  0.2368844   0.          0.6         0.01492813
 -0.1         0.8         0.2        -0.1         0.8         0.2       ]
agent_success: 1.0

training time:  0.0021278858184814453
evaluation time:  13.42682433128357
epoch time:  13.428970336914062


-------------------------------- Iteration 27000 -------------------------------- 
initial ob: [-0.03265107  0.51487826  0.2368844   0.          0.6         0.01492813
 -0.1         0.8         0.2        -0.1         0.8         0.2       ]
agent_success: 1.0

training time:  0.002121448516845703
evaluation time:  13.435590982437134
epoch time:  13.437728881835938


-------------------------------- Iteration 27200 -------------------------------- 
initial ob: [-0.03265107  0.51487826  0.2368844   0.          0.6         0.01492813
 -0.1         0.8         0.2        -0.1         0.8         0.2       ]
agent_success: 1.0

training time:  0.002108335494995117
evaluation time:  13.469983577728271
epoch time:  13.472105503082275


-------------------------------- Iteration 27400 -------------------------------- 
initial ob: [-0.03265107  0.51487826  0.2368844   0.          0.6         0.01492813
 -0.1         0.8         0.2        -0.1         0.8         0.2       ]
agent_success: 1.0

training time:  0.0021262168884277344
evaluation time:  13.412415981292725
epoch time:  13.414590835571289


-------------------------------- Iteration 27600 -------------------------------- 
initial ob: [-0.03265107  0.51487826  0.2368844   0.          0.6         0.01492813
 -0.1         0.8         0.2        -0.1         0.8         0.2       ]
agent_success: 1.0

training time:  0.0021140575408935547
evaluation time:  13.388593912124634
epoch time:  13.390762329101562


-------------------------------- Iteration 27800 -------------------------------- 
initial ob: [-0.03265107  0.51487826  0.2368844   0.          0.6         0.01492813
 -0.1         0.8         0.2        -0.1         0.8         0.2       ]
agent_success: 1.0

training time:  0.002113819122314453
evaluation time:  13.38753366470337
epoch time:  13.38969898223877


-------------------------------- Iteration 28000 -------------------------------- 
initial ob: [-0.03265107  0.51487826  0.2368844   0.          0.6         0.01492813
 -0.1         0.8         0.2        -0.1         0.8         0.2       ]
agent_success: 1.0

training time:  0.002105236053466797
evaluation time:  13.414811134338379
epoch time:  13.416970014572144


-------------------------------- Iteration 28200 -------------------------------- 
initial ob: [-0.03265107  0.51487826  0.2368844   0.          0.6         0.01492813
 -0.1         0.8         0.2        -0.1         0.8         0.2       ]
agent_success: 1.0

training time:  0.0021047592163085938
evaluation time:  13.399518251419067
epoch time:  13.401637554168701


-------------------------------- Iteration 28400 -------------------------------- 
initial ob: [-0.03265107  0.51487826  0.2368844   0.          0.6         0.01492813
 -0.1         0.8         0.2        -0.1         0.8         0.2       ]
agent_success: 1.0

training time:  0.002124786376953125
evaluation time:  13.389389991760254
epoch time:  13.391527891159058


-------------------------------- Iteration 28600 -------------------------------- 
initial ob: [-0.03265107  0.51487826  0.2368844   0.          0.6         0.01492813
 -0.1         0.8         0.2        -0.1         0.8         0.2       ]
agent_success: 1.0

training time:  0.0021102428436279297
evaluation time:  13.387660264968872
epoch time:  13.38979172706604


-------------------------------- Iteration 28800 -------------------------------- 
initial ob: [-0.03265107  0.51487826  0.2368844   0.          0.6         0.01492813
 -0.1         0.8         0.2        -0.1         0.8         0.2       ]
agent_success: 1.0

training time:  0.002105712890625
evaluation time:  13.393107414245605
epoch time:  13.395230770111084


-------------------------------- Iteration 29000 -------------------------------- 
initial ob: [-0.03265107  0.51487826  0.2368844   0.          0.6         0.01492813
 -0.1         0.8         0.2        -0.1         0.8         0.2       ]
agent_success: 1.0

training time:  0.002110719680786133
evaluation time:  13.419325828552246
epoch time:  13.421452760696411


-------------------------------- Iteration 29200 -------------------------------- 
initial ob: [-0.03265107  0.51487826  0.2368844   0.          0.6         0.01492813
 -0.1         0.8         0.2        -0.1         0.8         0.2       ]
agent_success: 1.0

training time:  0.002124786376953125
evaluation time:  13.40765929222107
epoch time:  13.409905195236206


-------------------------------- Iteration 29400 -------------------------------- 
initial ob: [-0.03265107  0.51487826  0.2368844   0.          0.6         0.01492813
 -0.1         0.8         0.2        -0.1         0.8         0.2       ]
agent_success: 1.0

training time:  0.002124309539794922
evaluation time:  13.409312725067139
epoch time:  13.411454439163208


-------------------------------- Iteration 29600 -------------------------------- 
initial ob: [-0.03265107  0.51487826  0.2368844   0.          0.6         0.01492813
 -0.1         0.8         0.2        -0.1         0.8         0.2       ]
agent_success: 1.0

training time:  0.0021219253540039062
evaluation time:  13.445784568786621
epoch time:  13.447924375534058


-------------------------------- Iteration 29800 -------------------------------- 
initial ob: [-0.03265107  0.51487826  0.2368844   0.          0.6         0.01492813
 -0.1         0.8         0.2        -0.1         0.8         0.2       ]
agent_success: 1.0

training time:  0.0021195411682128906
evaluation time:  13.407705783843994
epoch time:  13.409839868545532


-------------------------------- Iteration 30000 -------------------------------- 
initial ob: [-0.03265107  0.51487826  0.2368844   0.          0.6         0.01492813
 -0.1         0.8         0.2        -0.1         0.8         0.2       ]
agent_success: 1.0

training time:  0.0021071434020996094
evaluation time:  13.39523959159851
epoch time:  13.397363185882568


-------------------------------- Iteration 30200 -------------------------------- 
initial ob: [-0.03265107  0.51487826  0.2368844   0.          0.6         0.01492813
 -0.1         0.8         0.2        -0.1         0.8         0.2       ]
agent_success: 1.0

training time:  0.002111196517944336
evaluation time:  13.40421175956726
epoch time:  13.406337261199951


-------------------------------- Iteration 30400 -------------------------------- 
initial ob: [-0.03265107  0.51487826  0.2368844   0.          0.6         0.01492813
 -0.1         0.8         0.2        -0.1         0.8         0.2       ]
agent_success: 1.0

training time:  0.0021207332611083984
evaluation time:  13.395182371139526
epoch time:  13.39731764793396


-------------------------------- Iteration 30600 -------------------------------- 
initial ob: [-0.03265107  0.51487826  0.2368844   0.          0.6         0.01492813
 -0.1         0.8         0.2        -0.1         0.8         0.2       ]
agent_success: 1.0

training time:  0.002132892608642578
evaluation time:  13.41301441192627
epoch time:  13.415205240249634


-------------------------------- Iteration 30800 -------------------------------- 
initial ob: [-0.03265107  0.51487826  0.2368844   0.          0.6         0.01492813
 -0.1         0.8         0.2        -0.1         0.8         0.2       ]
agent_success: 1.0

training time:  0.0021240711212158203
evaluation time:  13.398112535476685
epoch time:  13.400251388549805


-------------------------------- Iteration 31000 -------------------------------- 
initial ob: [-0.03265107  0.51487826  0.2368844   0.          0.6         0.01492813
 -0.1         0.8         0.2        -0.1         0.8         0.2       ]
agent_success: 1.0

training time:  0.0021240711212158203
evaluation time:  13.396907567977905
epoch time:  13.39904522895813


-------------------------------- Iteration 31200 -------------------------------- 
initial ob: [-0.03265107  0.51487826  0.2368844   0.          0.6         0.01492813
 -0.1         0.8         0.2        -0.1         0.8         0.2       ]
agent_success: 1.0

training time:  0.0021371841430664062
evaluation time:  13.424139976501465
epoch time:  13.426300525665283


-------------------------------- Iteration 31400 -------------------------------- 
initial ob: [-0.03265107  0.51487826  0.2368844   0.          0.6         0.01492813
 -0.1         0.8         0.2        -0.1         0.8         0.2       ]
agent_success: 1.0

training time:  0.002117156982421875
evaluation time:  13.425431489944458
epoch time:  13.427567958831787


-------------------------------- Iteration 31600 -------------------------------- 
initial ob: [-0.03265107  0.51487826  0.2368844   0.          0.6         0.01492813
 -0.1         0.8         0.2        -0.1         0.8         0.2       ]
agent_success: 1.0

training time:  0.002123117446899414
evaluation time:  13.435967206954956
epoch time:  13.438107013702393


-------------------------------- Iteration 31800 -------------------------------- 
initial ob: [-0.03265107  0.51487826  0.2368844   0.          0.6         0.01492813
 -0.1         0.8         0.2        -0.1         0.8         0.2       ]
agent_success: 1.0

training time:  0.002128124237060547
evaluation time:  13.427053928375244
epoch time:  13.429241418838501


-------------------------------- Iteration 32000 -------------------------------- 
initial ob: [-0.03265107  0.51487826  0.2368844   0.          0.6         0.01492813
 -0.1         0.8         0.2        -0.1         0.8         0.2       ]
agent_success: 1.0

training time:  0.002124786376953125
evaluation time:  13.400975465774536
epoch time:  13.403157472610474


-------------------------------- Iteration 32200 -------------------------------- 
initial ob: [-0.03265107  0.51487826  0.2368844   0.          0.6         0.01492813
 -0.1         0.8         0.2        -0.1         0.8         0.2       ]
agent_success: 1.0

training time:  0.0021119117736816406
evaluation time:  13.385905027389526
epoch time:  13.388073921203613


-------------------------------- Iteration 32400 -------------------------------- 
initial ob: [-0.03265107  0.51487826  0.2368844   0.          0.6         0.01492813
 -0.1         0.8         0.2        -0.1         0.8         0.2       ]
agent_success: 1.0

training time:  0.0021190643310546875
evaluation time:  13.446617126464844
epoch time:  13.448791265487671


-------------------------------- Iteration 32600 -------------------------------- 
initial ob: [-0.03265107  0.51487826  0.2368844   0.          0.6         0.01492813
 -0.1         0.8         0.2        -0.1         0.8         0.2       ]
agent_success: 1.0

training time:  0.0021173954010009766
evaluation time:  13.374928951263428
epoch time:  13.377064943313599


-------------------------------- Iteration 32800 -------------------------------- 
initial ob: [-0.03265107  0.51487826  0.2368844   0.          0.6         0.01492813
 -0.1         0.8         0.2        -0.1         0.8         0.2       ]
agent_success: 1.0

training time:  0.002106189727783203
evaluation time:  13.404624462127686
epoch time:  13.406745195388794


-------------------------------- Iteration 33000 -------------------------------- 
initial ob: [-0.03265107  0.51487826  0.2368844   0.          0.6         0.01492813
 -0.1         0.8         0.2        -0.1         0.8         0.2       ]
agent_success: 1.0

training time:  0.002123117446899414
evaluation time:  13.522972345352173
epoch time:  13.525155067443848


-------------------------------- Iteration 33200 -------------------------------- 
initial ob: [-0.03265107  0.51487826  0.2368844   0.          0.6         0.01492813
 -0.1         0.8         0.2        -0.1         0.8         0.2       ]
agent_success: 1.0

training time:  0.0021178722381591797
evaluation time:  13.447711944580078
epoch time:  13.449848413467407


-------------------------------- Iteration 33400 -------------------------------- 
initial ob: [-0.03265107  0.51487826  0.2368844   0.          0.6         0.01492813
 -0.1         0.8         0.2        -0.1         0.8         0.2       ]
agent_success: 1.0

training time:  0.0021219253540039062
evaluation time:  13.445265531539917
epoch time:  13.447402954101562


-------------------------------- Iteration 33600 -------------------------------- 
initial ob: [-0.03265107  0.51487826  0.2368844   0.          0.6         0.01492813
 -0.1         0.8         0.2        -0.1         0.8         0.2       ]
agent_success: 1.0

training time:  0.002115011215209961
evaluation time:  13.425456047058105
epoch time:  13.427624702453613


-------------------------------- Iteration 33800 -------------------------------- 
initial ob: [-0.03265107  0.51487826  0.2368844   0.          0.6         0.01492813
 -0.1         0.8         0.2        -0.1         0.8         0.2       ]
agent_success: 1.0

training time:  0.0021219253540039062
evaluation time:  13.389579772949219
epoch time:  13.391724586486816


-------------------------------- Iteration 34000 -------------------------------- 
initial ob: [-0.03265107  0.51487826  0.2368844   0.          0.6         0.01492813
 -0.1         0.8         0.2        -0.1         0.8         0.2       ]
agent_success: 1.0

training time:  0.0021276473999023438
evaluation time:  13.384825706481934
epoch time:  13.38697338104248


-------------------------------- Iteration 34200 -------------------------------- 
initial ob: [-0.03265107  0.51487826  0.2368844   0.          0.6         0.01492813
 -0.1         0.8         0.2        -0.1         0.8         0.2       ]
agent_success: 1.0

training time:  0.0021178722381591797
evaluation time:  13.417116165161133
epoch time:  13.419250011444092


-------------------------------- Iteration 34400 -------------------------------- 
initial ob: [-0.03265107  0.51487826  0.2368844   0.          0.6         0.01492813
 -0.1         0.8         0.2        -0.1         0.8         0.2       ]
agent_success: 1.0

training time:  0.002115488052368164
evaluation time:  13.404456377029419
epoch time:  13.40659499168396


-------------------------------- Iteration 34600 -------------------------------- 
initial ob: [-0.03265107  0.51487826  0.2368844   0.          0.6         0.01492813
 -0.1         0.8         0.2        -0.1         0.8         0.2       ]
agent_success: 1.0

training time:  0.0021615028381347656
evaluation time:  13.429996013641357
epoch time:  13.432175159454346


-------------------------------- Iteration 34800 -------------------------------- 
initial ob: [-0.03265107  0.51487826  0.2368844   0.          0.6         0.01492813
 -0.1         0.8         0.2        -0.1         0.8         0.2       ]
agent_success: 1.0

training time:  0.0021619796752929688
evaluation time:  13.392923831939697
epoch time:  13.395100593566895


-------------------------------- Iteration 35000 -------------------------------- 
initial ob: [-0.03265107  0.51487826  0.2368844   0.          0.6         0.01492813
 -0.1         0.8         0.2        -0.1         0.8         0.2       ]
agent_success: 1.0

training time:  0.0021200180053710938
evaluation time:  13.41346287727356
epoch time:  13.415639400482178


-------------------------------- Iteration 35200 -------------------------------- 
initial ob: [-0.03265107  0.51487826  0.2368844   0.          0.6         0.01492813
 -0.1         0.8         0.2        -0.1         0.8         0.2       ]
agent_success: 1.0

training time:  0.0021550655364990234
evaluation time:  13.393312931060791
epoch time:  13.395484209060669


-------------------------------- Iteration 35400 -------------------------------- 
initial ob: [-0.03265107  0.51487826  0.2368844   0.          0.6         0.01492813
 -0.1         0.8         0.2        -0.1         0.8         0.2       ]
agent_success: 1.0

training time:  0.002111196517944336
evaluation time:  13.412511587142944
epoch time:  13.414637088775635


-------------------------------- Iteration 35600 -------------------------------- 
initial ob: [-0.03265107  0.51487826  0.2368844   0.          0.6         0.01492813
 -0.1         0.8         0.2        -0.1         0.8         0.2       ]
agent_success: 1.0

training time:  0.0021212100982666016
evaluation time:  13.404573440551758
epoch time:  13.406709909439087


-------------------------------- Iteration 35800 -------------------------------- 
initial ob: [-0.03265107  0.51487826  0.2368844   0.          0.6         0.01492813
 -0.1         0.8         0.2        -0.1         0.8         0.2       ]
agent_success: 1.0

training time:  0.0021240711212158203
evaluation time:  13.439059972763062
epoch time:  13.441203117370605


-------------------------------- Iteration 36000 -------------------------------- 
initial ob: [-0.03265107  0.51487826  0.2368844   0.          0.6         0.01492813
 -0.1         0.8         0.2        -0.1         0.8         0.2       ]
agent_success: 1.0

training time:  0.002111673355102539
evaluation time:  13.421696901321411
epoch time:  13.423822402954102


-------------------------------- Iteration 36200 -------------------------------- 
initial ob: [-0.03265107  0.51487826  0.2368844   0.          0.6         0.01492813
 -0.1         0.8         0.2        -0.1         0.8         0.2       ]
agent_success: 1.0

training time:  0.0021219253540039062
evaluation time:  13.413523435592651
epoch time:  13.415658712387085


-------------------------------- Iteration 36400 -------------------------------- 
initial ob: [-0.03265107  0.51487826  0.2368844   0.          0.6         0.01492813
 -0.1         0.8         0.2        -0.1         0.8         0.2       ]
agent_success: 1.0

training time:  0.002152681350708008
evaluation time:  13.395202875137329
epoch time:  13.397416591644287


-------------------------------- Iteration 36600 -------------------------------- 
initial ob: [-0.03265107  0.51487826  0.2368844   0.          0.6         0.01492813
 -0.1         0.8         0.2        -0.1         0.8         0.2       ]
agent_success: 1.0

training time:  0.0021216869354248047
evaluation time:  13.40056300163269
epoch time:  13.402742385864258


-------------------------------- Iteration 36800 -------------------------------- 
initial ob: [-0.03265107  0.51487826  0.2368844   0.          0.6         0.01492813
 -0.1         0.8         0.2        -0.1         0.8         0.2       ]
agent_success: 1.0

training time:  0.002108335494995117
evaluation time:  13.421679735183716
epoch time:  13.423804998397827


-------------------------------- Iteration 37000 -------------------------------- 
initial ob: [-0.03265107  0.51487826  0.2368844   0.          0.6         0.01492813
 -0.1         0.8         0.2        -0.1         0.8         0.2       ]
agent_success: 1.0

training time:  0.002157449722290039
evaluation time:  13.378665685653687
epoch time:  13.380844116210938


-------------------------------- Iteration 37200 -------------------------------- 
initial ob: [-0.03265107  0.51487826  0.2368844   0.          0.6         0.01492813
 -0.1         0.8         0.2        -0.1         0.8         0.2       ]
agent_success: 1.0

training time:  0.0021152496337890625
evaluation time:  13.40377926826477
epoch time:  13.405911684036255


-------------------------------- Iteration 37400 -------------------------------- 
initial ob: [-0.03265107  0.51487826  0.2368844   0.          0.6         0.01492813
 -0.1         0.8         0.2        -0.1         0.8         0.2       ]
agent_success: 1.0

training time:  0.0021102428436279297
evaluation time:  13.383031129837036
epoch time:  13.385194778442383


-------------------------------- Iteration 37600 -------------------------------- 
initial ob: [-0.03265107  0.51487826  0.2368844   0.          0.6         0.01492813
 -0.1         0.8         0.2        -0.1         0.8         0.2       ]
agent_success: 1.0

training time:  0.0021533966064453125
evaluation time:  13.437150716781616
epoch time:  13.439319372177124


-------------------------------- Iteration 37800 -------------------------------- 
initial ob: [-0.03265107  0.51487826  0.2368844   0.          0.6         0.01492813
 -0.1         0.8         0.2        -0.1         0.8         0.2       ]
agent_success: 1.0

training time:  0.0021240711212158203
evaluation time:  13.386661529541016
epoch time:  13.388801574707031


-------------------------------- Iteration 38000 -------------------------------- 
initial ob: [-0.03265107  0.51487826  0.2368844   0.          0.6         0.01492813
 -0.1         0.8         0.2        -0.1         0.8         0.2       ]
agent_success: 1.0

training time:  0.0021178722381591797
evaluation time:  13.403905630111694
epoch time:  13.406038761138916


-------------------------------- Iteration 38200 -------------------------------- 
initial ob: [-0.03265107  0.51487826  0.2368844   0.          0.6         0.01492813
 -0.1         0.8         0.2        -0.1         0.8         0.2       ]
agent_success: 1.0

training time:  0.0021126270294189453
evaluation time:  13.410066366195679
epoch time:  13.412194013595581


-------------------------------- Iteration 38400 -------------------------------- 
initial ob: [-0.03265107  0.51487826  0.2368844   0.          0.6         0.01492813
 -0.1         0.8         0.2        -0.1         0.8         0.2       ]
agent_success: 1.0

training time:  0.002112865447998047
evaluation time:  13.414973497390747
epoch time:  13.417104244232178


-------------------------------- Iteration 38600 -------------------------------- 
initial ob: [-0.03265107  0.51487826  0.2368844   0.          0.6         0.01492813
 -0.1         0.8         0.2        -0.1         0.8         0.2       ]
agent_success: 1.0

training time:  0.0021283626556396484
evaluation time:  13.485678672790527
epoch time:  13.487820386886597


-------------------------------- Iteration 38800 -------------------------------- 
initial ob: [-0.03265107  0.51487826  0.2368844   0.          0.6         0.01492813
 -0.1         0.8         0.2        -0.1         0.8         0.2       ]
agent_success: 1.0

training time:  0.0021331310272216797
evaluation time:  13.424140214920044
epoch time:  13.426286935806274


-------------------------------- Training stopped due to early stopping -------------------------------- 
min loss:  0.004905637


-------------------------------- Test Results -------------------------------- 
initial ob: [-0.03265107  0.51487826  0.2368844   0.          0.6         0.01492813
 -0.1         0.8         0.2        -0.1         0.8         0.2       ]
agent_success: 1.0

mean_success_rate:  1.0
Done
