/var/lib/slurm/slurmd/job3515761/slurm_script: line 9: batch_scripts/MT50_batch/seed.sh: No such file or directory
SLURM_JOBID=3515761
working directory=/viscam/u/jialugao/Imitation-SoftModule
########################
logging outputs to  /viscam/u/jialugao/Imitation-SoftModule/data/Base_bc_reach_sweep-into-v1_2640.000125-01-2022_23-53-55
########################
{'expert_policy_file': '../Multi-Task-RL/log/MT50_Single_Task/sweep-into-v1/Fixed/238/model/model_pf_best.pth', 'exp_name': 'bc_reach', 'do_dagger': False, 'ep_len': 200, 'gradient_steps': 1, 'n_iter': 100000, 'render_interval': 1, 'eval_interval': 200, 'batch_size': 64, 'eval_batch_size': 32, 'train_batch_size': 32, 'n_layers': 2, 'size': 400, 'learning_rate': 0.0001, 'video_log_freq': -1, 'scalar_log_freq': 1, 'no_gpu': False, 'which_gpu': 0, 'max_replay_buffer_size': 1000000, 'save_params': False, 'seed': 32, 'worker_nums': 1, 'eval_worker_nums': 1, 'config': 'config/BC.json', 'no_cuda': True, 'random_init': False, 'device': 'cpu', 'id': 'MT50_Single_Task', 'task_name': 'sweep-into-v1', 'task_env': 'MT50_task_env', 'cuda': False, 'log_dir': '/viscam/u/jialugao/Imitation-SoftModule/data/Base_bc_reach_sweep-into-v1_2640.000125-01-2022_23-53-55', 'agent_class': <class 'agents.bc_agent.MLPAgent'>, 'agent_params': {'n_layers': 2, 'size': 400, 'learning_rate': 0.0001, 'max_replay_buffer_size': 1000000, 'discrete': False, 'ac_dim': 4, 'ob_dim': 9}}
{'env_name': 'single_task', 'env': {'reward_scale': 1, 'obs_norm': False}, 'meta_env': {'obs_type': 'with_goal', 'random_init': False}, 'replay_buffer': {'size': 1000000.0}, 'net': {'hidden_shapes': [400, 400], 'append_hidden_shapes': [400], 'base_type': <class 'networks.base.MLPBase'>}, 'general_setting': {'discount': 0.99, 'pretrain_epochs': 20, 'num_epochs': 7500, 'epoch_frames': 200, 'max_episode_frames': 200, 'batch_size': 1280, 'min_pool': 10000, 'target_hard_update_period': 1000, 'use_soft_update': True, 'tau': 0.005, 'opt_times': 200, 'eval_episodes': 100, 'train_render': False, 'eval_render': False, 'env': <NormAct<RewardShift<SingleWrapperNone>>>, 'logger': <utils.logger.Logger object at 0x7f865551ed50>, 'device': device(type='cpu')}, 'sac': {'plr': 0.0003, 'qlr': 0.0003, 'reparameterization': True, 'automatic_entropy_tuning': True, 'policy_std_reg_weight': 0, 'policy_mean_reg_weight': 0}}
Loading expert policy from... ../Multi-Task-RL/log/MT50_Single_Task/sweep-into-v1/Fixed/238/model/model_pf_best.pth
tensor([[ 5.7041e-01, -1.7984e-02, -6.4375e-01,  ..., -3.6539e-02,
          9.1525e-04, -4.4990e-02],
        [ 1.9567e+00, -9.8327e-02,  3.6301e-01,  ...,  9.0029e-03,
         -5.2954e-02, -1.2248e-01],
        [-3.6474e-01, -3.4128e-01, -3.4456e-01,  ..., -1.5992e-03,
          2.1493e-02, -3.3351e-04],
        ...,
        [ 8.2596e-01, -4.0179e-01,  7.4705e-01,  ...,  4.0015e-02,
          3.0572e-03,  7.9686e-03],
        [-4.4496e-01, -4.8037e-01, -4.1004e-01,  ..., -4.6097e-02,
          1.8371e-01,  1.5831e-01],
        [ 4.3945e-02,  2.5938e-02,  5.0423e-01,  ..., -2.1146e-02,
         -1.0202e-01, -6.9990e-02]])
Done restoring expert policy...
<NormAct<RewardShift<AugObs<SawyerSweepIntoGoalEnv instance>>>>


-------------------------------- Iteration 0 -------------------------------- 
initial ob: [-0.03358889  0.51377023  0.23633834  0.          0.6         0.01997144
  0.          0.84        0.02        0.          0.84        0.02      ]
expert:[-0.827638   -0.02067706 -0.7974005  -0.8517042 ]
expert:[-0.95768005 -0.45714825 -0.9193275  -0.89320767]
expert:[-0.9819583  -0.8513046  -0.9594446  -0.92381144]
expert:[-0.9747342  -0.88648814 -0.964216   -0.9209006 ]
expert:[-0.94471216 -0.8135211  -0.9689597  -0.8523617 ]
expert:[-0.8136977  -0.49306455 -0.9762851  -0.45301807]
expert:[ 0.05978613  0.4837042  -0.9768431   0.01525743]
expert:[ 0.7285011   0.8891319  -0.9693234  -0.17842385]
expert:[ 0.86637     0.96682143 -0.96410924 -0.16975908]
expert:[ 0.8512237   0.9759216  -0.9630338   0.02372359]
expert:[ 0.8214107   0.9831643  -0.95189506  0.3215772 ]
expert:[ 0.87616044  0.9838108  -0.9483435   0.7215783 ]
expert:[ 0.87582797  0.9716253  -0.9398061   0.5908055 ]
expert:[ 0.27702823  0.91973233 -0.7800917  -0.33706728]
expert:[-0.32365707  0.9031664  -0.3628131  -0.14287664]
expert:[-0.51833266  0.88047194 -0.7336527   0.01303662]
expert:[-0.41047332  0.7905162  -0.73315644 -0.40157127]
expert:[ 0.04713534  0.8496853  -0.34796697 -0.2923744 ]
expert:[ 0.60347486  0.9729129  -0.60416824 -0.03136167]
expert:[ 0.8102933   0.98402536 -0.7950777   0.33836338]
expert:[ 0.8238536   0.9777361  -0.7689493   0.60619456]
expert:[ 0.77773005  0.9648967  -0.4129588   0.6915858 ]
expert:[0.6603829  0.9630117  0.21858932 0.55063134]
expert:[ 0.0444061   0.9500127   0.10868831 -0.6780249 ]
expert:[-0.31561702  0.87719625 -0.2694978  -0.7777948 ]
expert:[-0.39166686  0.7188981  -0.2563394  -0.62041074]
expert:[-0.40294924  0.83107245 -0.35836452 -0.52860767]
expert:[-0.324132    0.93956065 -0.41984743 -0.530033  ]
expert:[-0.25018293  0.9770714  -0.32734922 -0.5008757 ]
expert:[-0.16969082  0.9719196  -0.16171989 -0.58641624]
expert:[-0.15503997  0.97963667 -0.15015712 -0.6849733 ]
expert:[-0.05469643  0.97458816 -0.19955584 -0.7684003 ]
expert:[ 0.02985401  0.95942956 -0.24862473 -0.8073681 ]
expert:[ 0.0545872   0.8250337  -0.26170117 -0.86334896]
expert:[ 0.0890094  -0.00135536 -0.2637619  -0.89225084]
expert:[ 0.16882356 -0.63207054 -0.14756285 -0.8929998 ]
expert:[ 0.26759923 -0.83690524  0.10371137 -0.9016403 ]
expert:[ 0.26104978 -0.905047    0.19715662 -0.89237773]
expert:[ 0.0076479  -0.9136346   0.09326439 -0.893786  ]
expert:[-0.27679983 -0.8877818  -0.01828601 -0.9068496 ]
expert:[-0.70546114 -0.816137   -0.33066395 -0.9328149 ]
expert:[-0.80625284 -0.6519526  -0.50434804 -0.96824676]
expert:[-0.7172804  -0.42847767 -0.49381393 -0.97534955]
expert:[-0.4283243  -0.20317867 -0.4350584  -0.97381794]
expert:[ 0.00456092  0.03343056 -0.34848467 -0.9698835 ]
expert:[ 0.39102787  0.24230914 -0.26211193 -0.9656419 ]
expert:[ 0.57218474  0.36470014 -0.20782144 -0.96351475]
expert:[ 0.6117618   0.3912108  -0.19510148 -0.9627883 ]
expert:[ 0.54287887  0.33524185 -0.22233428 -0.96349084]
expert:[ 0.36083305  0.20580101 -0.28000048 -0.96513027]
expert:[ 0.06332517  0.02270161 -0.35376635 -0.9678046 ]
expert:[-0.2380567  -0.14485396 -0.4182725  -0.9703721 ]
expert:[-0.42532858 -0.2574422  -0.45993623 -0.97167   ]
expert:[-0.4894921  -0.30025154 -0.4716328  -0.9719042 ]
expert:[-0.43307793 -0.26520067 -0.4616659  -0.97162676]
expert:[-0.27856568 -0.17302652 -0.42765087 -0.970691  ]
expert:[-0.04834314 -0.04476122 -0.37891412 -0.96878606]
expert:[ 0.18709302  0.08690056 -0.32676157 -0.96662927]
expert:[ 0.33285856  0.18076149 -0.28951827 -0.96532494]
expert:[ 0.37507284  0.21146649 -0.27765328 -0.9649766 ]
expert:[ 0.32883736  0.18238892 -0.29053068 -0.96542174]
expert:[ 0.20109116  0.1028548  -0.32336673 -0.96658295]
expert:[ 0.01250488 -0.00335533 -0.36627778 -0.96832085]
expert:[-0.16432498 -0.09931687 -0.40391418 -0.9698678 ]
expert:[-0.275977   -0.16230005 -0.42774126 -0.9707795 ]
expert:[-0.30575824 -0.17969552 -0.43429378 -0.9710316 ]
expert:[-0.2559384  -0.15110365 -0.42357525 -0.97062856]
expert:[-0.14150624 -0.08684839 -0.3994211  -0.96971273]
expert:[ 0.00919051 -0.00462819 -0.36742282 -0.96839315]
expert:[ 0.14698736  0.07288427 -0.33668888 -0.96714264]
expert:[ 0.22985527  0.12406246 -0.31668454 -0.9664022 ]
expert:[ 0.24317463  0.13348873 -0.3133568  -0.96629167]
expert:[ 0.19012727  0.10229906 -0.32637197 -0.9667923 ]
expert:[ 0.08610655  0.04167783 -0.35083863 -0.9677267 ]
expert:[-0.03675869 -0.02432428 -0.37742975 -0.96885705]
expert:[-0.13936618 -0.08009071 -0.3992763  -0.9697568 ]
expert:[-0.19288437 -0.11037445 -0.41060928 -0.9701905 ]
expert:[-0.18999168 -0.10968729 -0.4100988  -0.97017175]
expert:[-0.13813165 -0.08092491 -0.3992334  -0.9697592 ]
expert:[-0.05067222 -0.0329212  -0.3806649  -0.969     ]
expert:[ 0.04566736  0.01965685 -0.35996574 -0.96813065]
expert:[ 0.12210783  0.06325183 -0.3427545  -0.96744466]
expert:[ 0.15878856  0.08565511 -0.33413094 -0.9671285 ]
expert:[ 0.14942995  0.08040502 -0.33637172 -0.9672182 ]
expert:[ 0.09749535  0.05042949 -0.34848452 -0.96767944]
expert:[ 0.02031467  0.00871823 -0.3655149  -0.9683868 ]
expert:[-0.05756257 -0.03293459 -0.38220933 -0.9690923 ]
expert:[-0.11381543 -0.06325299 -0.39418897 -0.96959543]
expert:[-0.13273244 -0.0740599  -0.3982702  -0.9697544 ]
expert:[-0.11486929 -0.06433887 -0.39448243 -0.96960795]
expert:[-0.06563468 -0.03765383 -0.38401586 -0.9691707 ]
expert:[-0.00122628 -0.00273804 -0.37024775 -0.9685932 ]
expert:[ 0.05899927  0.03004182 -0.35722545 -0.96804416]
expert:[ 0.0985056   0.0524889  -0.34829855 -0.9676916 ]
expert:[ 0.1080654   0.05829817 -0.34609514 -0.9676119 ]
expert:[ 0.08640783  0.04591202 -0.35110745 -0.9678048 ]
expert:[ 0.04104729  0.02132383 -0.36115324 -0.96821845]
expert:[-0.01319937 -0.0076753  -0.37284124 -0.96871346]
expert:[-0.06012522 -0.03288074 -0.3828727  -0.96913576]
expert:[-0.08454681 -0.04696358 -0.38814405 -0.9693549 ]
expert:[-0.08276373 -0.04702737 -0.3878377  -0.9693399 ]
expert:[-0.06007388 -0.03468211 -0.3830006  -0.9691376 ]
expert:[-0.0226108  -0.01405854 -0.37497905 -0.9688021 ]
expert:[ 0.0184793   0.00857819 -0.36613292 -0.9684311 ]
expert:[ 0.05136938  0.02680859 -0.35899594 -0.9681313 ]
expert:[ 0.06930251  0.0363484  -0.35511675 -0.9679675 ]
expert:[ 0.06724717  0.03487357 -0.35561046 -0.96798867]
expert:[ 0.04447775  0.0228974  -0.36056256 -0.96820045]
expert:[ 0.00974359  0.00468589 -0.36804867 -0.96851915]
expert:[-0.02571543 -0.01399847 -0.37564087 -0.9688408 ]
expert:[-0.0505328  -0.02747382 -0.38095945 -0.96906453]
expert:[-0.057146   -0.03204102 -0.38244507 -0.96912485]
expert:[-0.04824053 -0.02767814 -0.3805781  -0.96904564]
expert:[-0.02799694 -0.01641798 -0.37623367 -0.9688642 ]
expert:[-0.00170922 -0.00172461 -0.3705719  -0.9686275 ]
expert:[ 0.02309987  0.01215754 -0.36520585 -0.9684029 ]
expert:[ 0.0403462   0.02165147 -0.36147368 -0.9682462 ]
expert:[ 0.0478562   0.02495964 -0.35990816 -0.96817887]
expert:[ 0.0411879   0.02083443 -0.36140174 -0.96824133]
expert:[ 0.02107722  0.01032609 -0.36573654 -0.968426  ]
expert:[-0.00475066 -0.00297621 -0.37126112 -0.96866107]
expert:[-0.02717228 -0.0147373  -0.37605223 -0.968864  ]
expert:[-0.03766825 -0.02118764 -0.37835902 -0.96895957]
expert:[-0.03647345 -0.0213767  -0.37816533 -0.96894974]
expert:[-0.0272828  -0.01625545 -0.3761925  -0.9688674 ]
expert:[-0.01229892 -0.00751346 -0.37294486 -0.9687327 ]
expert:[ 0.00474637  0.00236721 -0.36924776 -0.9685792 ]
expert:[ 0.01945444  0.01077555 -0.3660579  -0.9684464 ]
expert:[ 0.02974625  0.0159851  -0.36386937 -0.9683537 ]
expert:[ 0.03318566  0.01684135 -0.3632033  -0.9683236 ]
expert:[ 0.02628356  0.01261565 -0.36473635 -0.9683875 ]
expert:[ 0.0104987   0.00438486 -0.36812705 -0.9685318 ]
expert:[-0.00795672 -0.00508127 -0.37206843 -0.9686995 ]
expert:[-0.02177362 -0.01258573 -0.37504336 -0.96882516]
expert:[-0.02704304 -0.01607338 -0.3762247  -0.9688738 ]
expert:[-0.02524552 -0.01534418 -0.37586367 -0.96885854]
expert:[-0.01836082 -0.01111606 -0.3743628  -0.9687971 ]
expert:[-0.00784396 -0.00462405 -0.3720627  -0.96870285]
expert:[ 0.00391007  0.00244434 -0.36949974 -0.9685973 ]
expert:[ 0.01453029  0.00844359 -0.36720562 -0.9685018 ]
expert:[ 0.02242609  0.01217718 -0.36554775 -0.96843106]
expert:[ 0.02516796  0.01268949 -0.36502808 -0.9684071 ]
expert:[ 0.02018937  0.00944248 -0.36614475 -0.96845305]
expert:[ 0.00845519  0.0031918  -0.36867186 -0.96856016]
expert:[-0.00547478 -0.00403931 -0.37165272 -0.9686868 ]
expert:[-0.01624513 -0.00989004 -0.37397426 -0.9687849 ]
expert:[-0.02105491 -0.01281559 -0.37503636 -0.9688294 ]
expert:[-0.02048257 -0.01250895 -0.37492204 -0.96882504]
expert:[-0.01574082 -0.0093973  -0.37387764 -0.96878296]
expert:[-0.00789066 -0.00436293 -0.37215015 -0.96871275]
expert_success: 1.0
path_length: 150



-------------------------------- Iteration 0 -------------------------------- 
initial ob: [-0.03358889  0.51377023  0.23633834  0.          0.6         0.01997144
  0.          0.84        0.02        0.          0.84        0.02      ]
agent_success: 0

training time:  0.13184809684753418
evaluation time:  7.6845619678497314
epoch time:  7.8164403438568115


-------------------------------- Iteration 200 -------------------------------- 
initial ob: [-0.03358889  0.51377023  0.23633834  0.          0.6         0.01997144
  0.          0.84        0.02        0.          0.84        0.02      ]
agent_success: 0

training time:  0.002332925796508789
evaluation time:  8.054194927215576
epoch time:  8.05656099319458


-------------------------------- Iteration 400 -------------------------------- 
initial ob: [-0.03358889  0.51377023  0.23633834  0.          0.6         0.01997144
  0.          0.84        0.02        0.          0.84        0.02      ]
agent_success: 0

training time:  0.0023572444915771484
evaluation time:  8.090778350830078
epoch time:  8.093170166015625


-------------------------------- Iteration 600 -------------------------------- 
initial ob: [-0.03358889  0.51377023  0.23633834  0.          0.6         0.01997144
  0.          0.84        0.02        0.          0.84        0.02      ]
agent_success: 0

training time:  0.002346038818359375
evaluation time:  7.961318016052246
epoch time:  7.963688135147095


-------------------------------- Iteration 800 -------------------------------- 
initial ob: [-0.03358889  0.51377023  0.23633834  0.          0.6         0.01997144
  0.          0.84        0.02        0.          0.84        0.02      ]
agent_success: 0

training time:  0.002354145050048828
evaluation time:  7.955042600631714
epoch time:  7.9574294090271


-------------------------------- Iteration 1000 -------------------------------- 
initial ob: [-0.03358889  0.51377023  0.23633834  0.          0.6         0.01997144
  0.          0.84        0.02        0.          0.84        0.02      ]
agent_success: 0

training time:  0.002343416213989258
evaluation time:  7.8789544105529785
epoch time:  7.881331205368042


-------------------------------- Iteration 1200 -------------------------------- 
initial ob: [-0.03358889  0.51377023  0.23633834  0.          0.6         0.01997144
  0.          0.84        0.02        0.          0.84        0.02      ]
agent_success: 0

training time:  0.002374410629272461
evaluation time:  7.902539968490601
epoch time:  7.904991865158081


-------------------------------- Iteration 1400 -------------------------------- 
initial ob: [-0.03358889  0.51377023  0.23633834  0.          0.6         0.01997144
  0.          0.84        0.02        0.          0.84        0.02      ]
agent_success: 0

training time:  0.002341747283935547
evaluation time:  7.853145599365234
epoch time:  7.8555121421813965


-------------------------------- Iteration 1600 -------------------------------- 
initial ob: [-0.03358889  0.51377023  0.23633834  0.          0.6         0.01997144
  0.          0.84        0.02        0.          0.84        0.02      ]
agent_success: 0

training time:  0.002320528030395508
evaluation time:  7.849299192428589
epoch time:  7.851648807525635


-------------------------------- Iteration 1800 -------------------------------- 
initial ob: [-0.03358889  0.51377023  0.23633834  0.          0.6         0.01997144
  0.          0.84        0.02        0.          0.84        0.02      ]
agent_success: 0

training time:  0.0023818016052246094
evaluation time:  7.859013319015503
epoch time:  7.8614182472229


-------------------------------- Iteration 2000 -------------------------------- 
initial ob: [-0.03358889  0.51377023  0.23633834  0.          0.6         0.01997144
  0.          0.84        0.02        0.          0.84        0.02      ]
agent_success: 0

training time:  0.0023436546325683594
evaluation time:  7.874866247177124
epoch time:  7.877239942550659


-------------------------------- Iteration 2200 -------------------------------- 
initial ob: [-0.03358889  0.51377023  0.23633834  0.          0.6         0.01997144
  0.          0.84        0.02        0.          0.84        0.02      ]
agent_success: 0

training time:  0.0023355484008789062
evaluation time:  7.846816301345825
epoch time:  7.849167108535767


-------------------------------- Iteration 2400 -------------------------------- 
initial ob: [-0.03358889  0.51377023  0.23633834  0.          0.6         0.01997144
  0.          0.84        0.02        0.          0.84        0.02      ]
agent_success: 0

training time:  0.0023193359375
evaluation time:  7.888904571533203
epoch time:  7.891256093978882


-------------------------------- Iteration 2600 -------------------------------- 
initial ob: [-0.03358889  0.51377023  0.23633834  0.          0.6         0.01997144
  0.          0.84        0.02        0.          0.84        0.02      ]
agent_success: 0

training time:  0.002368927001953125
evaluation time:  7.882325887680054
epoch time:  7.884714841842651


-------------------------------- Iteration 2800 -------------------------------- 
initial ob: [-0.03358889  0.51377023  0.23633834  0.          0.6         0.01997144
  0.          0.84        0.02        0.          0.84        0.02      ]
agent_success: 0

training time:  0.0023310184478759766
evaluation time:  7.909688472747803
epoch time:  7.912058115005493


-------------------------------- Iteration 3000 -------------------------------- 
initial ob: [-0.03358889  0.51377023  0.23633834  0.          0.6         0.01997144
  0.          0.84        0.02        0.          0.84        0.02      ]
agent_success: 0

training time:  0.0023283958435058594
evaluation time:  7.904111623764038
epoch time:  7.9064552783966064


-------------------------------- Iteration 3200 -------------------------------- 
initial ob: [-0.03358889  0.51377023  0.23633834  0.          0.6         0.01997144
  0.          0.84        0.02        0.          0.84        0.02      ]
agent_success: 0

training time:  0.0023479461669921875
evaluation time:  7.898993253707886
epoch time:  7.901362895965576


-------------------------------- Iteration 3400 -------------------------------- 
initial ob: [-0.03358889  0.51377023  0.23633834  0.          0.6         0.01997144
  0.          0.84        0.02        0.          0.84        0.02      ]
agent_success: 0

training time:  0.0023353099822998047
evaluation time:  7.896135568618774
epoch time:  7.898486375808716


-------------------------------- Iteration 3600 -------------------------------- 
initial ob: [-0.03358889  0.51377023  0.23633834  0.          0.6         0.01997144
  0.          0.84        0.02        0.          0.84        0.02      ]
agent_success: 0

training time:  0.0023491382598876953
evaluation time:  7.9135422706604
epoch time:  7.9159095287323


-------------------------------- Iteration 3800 -------------------------------- 
initial ob: [-0.03358889  0.51377023  0.23633834  0.          0.6         0.01997144
  0.          0.84        0.02        0.          0.84        0.02      ]
agent_success: 0

training time:  0.0023369789123535156
evaluation time:  7.916104316711426
epoch time:  7.918473243713379


-------------------------------- Iteration 4000 -------------------------------- 
initial ob: [-0.03358889  0.51377023  0.23633834  0.          0.6         0.01997144
  0.          0.84        0.02        0.          0.84        0.02      ]
agent_success: 0

training time:  0.002368450164794922
evaluation time:  7.910860538482666
epoch time:  7.913244247436523


-------------------------------- Iteration 4200 -------------------------------- 
initial ob: [-0.03358889  0.51377023  0.23633834  0.          0.6         0.01997144
  0.          0.84        0.02        0.          0.84        0.02      ]
agent_success: 0

training time:  0.0023517608642578125
evaluation time:  7.9173583984375
epoch time:  7.919724702835083


-------------------------------- Iteration 4400 -------------------------------- 
initial ob: [-0.03358889  0.51377023  0.23633834  0.          0.6         0.01997144
  0.          0.84        0.02        0.          0.84        0.02      ]
agent_success: 0

training time:  0.002339601516723633
evaluation time:  7.921866416931152
epoch time:  7.924224376678467


-------------------------------- Iteration 4600 -------------------------------- 
initial ob: [-0.03358889  0.51377023  0.23633834  0.          0.6         0.01997144
  0.          0.84        0.02        0.          0.84        0.02      ]
agent_success: 0

training time:  0.0023505687713623047
evaluation time:  7.955162286758423
epoch time:  7.957526206970215


-------------------------------- Iteration 4800 -------------------------------- 
initial ob: [-0.03358889  0.51377023  0.23633834  0.          0.6         0.01997144
  0.          0.84        0.02        0.          0.84        0.02      ]
agent_success: 0

training time:  0.0023505687713623047
evaluation time:  7.953594446182251
epoch time:  7.955964803695679


-------------------------------- Iteration 5000 -------------------------------- 
initial ob: [-0.03358889  0.51377023  0.23633834  0.          0.6         0.01997144
  0.          0.84        0.02        0.          0.84        0.02      ]
agent_success: 0

training time:  0.0024547576904296875
evaluation time:  8.049410820007324
epoch time:  8.051881313323975


-------------------------------- Iteration 5200 -------------------------------- 
initial ob: [-0.03358889  0.51377023  0.23633834  0.          0.6         0.01997144
  0.          0.84        0.02        0.          0.84        0.02      ]
agent_success: 0

training time:  0.0023679733276367188
evaluation time:  7.954279184341431
epoch time:  7.956685543060303


-------------------------------- Iteration 5400 -------------------------------- 
initial ob: [-0.03358889  0.51377023  0.23633834  0.          0.6         0.01997144
  0.          0.84        0.02        0.          0.84        0.02      ]
agent_success: 0

training time:  0.0023293495178222656
evaluation time:  8.065341234207153
epoch time:  8.067703008651733


-------------------------------- Iteration 5600 -------------------------------- 
initial ob: [-0.03358889  0.51377023  0.23633834  0.          0.6         0.01997144
  0.          0.84        0.02        0.          0.84        0.02      ]
agent_success: 0

training time:  0.002318859100341797
evaluation time:  8.047907829284668
epoch time:  8.050244331359863


-------------------------------- Iteration 5800 -------------------------------- 
initial ob: [-0.03358889  0.51377023  0.23633834  0.          0.6         0.01997144
  0.          0.84        0.02        0.          0.84        0.02      ]
agent_success: 0

training time:  0.002347707748413086
evaluation time:  7.966643810272217
epoch time:  7.969013690948486


-------------------------------- Iteration 6000 -------------------------------- 
initial ob: [-0.03358889  0.51377023  0.23633834  0.          0.6         0.01997144
  0.          0.84        0.02        0.          0.84        0.02      ]
agent_success: 0

training time:  0.0023310184478759766
evaluation time:  8.082560777664185
epoch time:  8.084909200668335


-------------------------------- Iteration 6200 -------------------------------- 
initial ob: [-0.03358889  0.51377023  0.23633834  0.          0.6         0.01997144
  0.          0.84        0.02        0.          0.84        0.02      ]
agent_success: 1.0

training time:  0.0023336410522460938
evaluation time:  8.146180868148804
epoch time:  8.148545265197754


-------------------------------- Iteration 6400 -------------------------------- 
initial ob: [-0.03358889  0.51377023  0.23633834  0.          0.6         0.01997144
  0.          0.84        0.02        0.          0.84        0.02      ]
agent_success: 0

training time:  0.002339601516723633
evaluation time:  8.064258575439453
epoch time:  8.066614151000977


-------------------------------- Iteration 6600 -------------------------------- 
initial ob: [-0.03358889  0.51377023  0.23633834  0.          0.6         0.01997144
  0.          0.84        0.02        0.          0.84        0.02      ]
agent_success: 0

training time:  0.0023598670959472656
evaluation time:  8.083090782165527
epoch time:  8.085481882095337


-------------------------------- Iteration 6800 -------------------------------- 
initial ob: [-0.03358889  0.51377023  0.23633834  0.          0.6         0.01997144
  0.          0.84        0.02        0.          0.84        0.02      ]
agent_success: 0

training time:  0.0023415088653564453
evaluation time:  8.085002899169922
epoch time:  8.087360382080078


-------------------------------- Iteration 7000 -------------------------------- 
initial ob: [-0.03358889  0.51377023  0.23633834  0.          0.6         0.01997144
  0.          0.84        0.02        0.          0.84        0.02      ]
agent_success: 0

training time:  0.0025429725646972656
evaluation time:  8.090054988861084
epoch time:  8.092613458633423


-------------------------------- Iteration 7200 -------------------------------- 
initial ob: [-0.03358889  0.51377023  0.23633834  0.          0.6         0.01997144
  0.          0.84        0.02        0.          0.84        0.02      ]
agent_success: 0

training time:  0.002359628677368164
evaluation time:  8.08503532409668
epoch time:  8.087413549423218


-------------------------------- Iteration 7400 -------------------------------- 
initial ob: [-0.03358889  0.51377023  0.23633834  0.          0.6         0.01997144
  0.          0.84        0.02        0.          0.84        0.02      ]
agent_success: 0

training time:  0.002363443374633789
evaluation time:  8.082759141921997
epoch time:  8.085137367248535


-------------------------------- Iteration 7600 -------------------------------- 
initial ob: [-0.03358889  0.51377023  0.23633834  0.          0.6         0.01997144
  0.          0.84        0.02        0.          0.84        0.02      ]
agent_success: 0

training time:  0.0023818016052246094
evaluation time:  8.098336696624756
epoch time:  8.100738763809204


-------------------------------- Iteration 7800 -------------------------------- 
initial ob: [-0.03358889  0.51377023  0.23633834  0.          0.6         0.01997144
  0.          0.84        0.02        0.          0.84        0.02      ]
agent_success: 0

training time:  0.002363920211791992
evaluation time:  8.078148365020752
epoch time:  8.080528259277344


-------------------------------- Iteration 8000 -------------------------------- 
initial ob: [-0.03358889  0.51377023  0.23633834  0.          0.6         0.01997144
  0.          0.84        0.02        0.          0.84        0.02      ]
agent_success: 0

training time:  0.0023658275604248047
evaluation time:  8.095417261123657
epoch time:  8.097804546356201


-------------------------------- Iteration 8200 -------------------------------- 
initial ob: [-0.03358889  0.51377023  0.23633834  0.          0.6         0.01997144
  0.          0.84        0.02        0.          0.84        0.02      ]
agent_success: 0

training time:  0.0023767948150634766
evaluation time:  8.084036827087402
epoch time:  8.086461782455444


-------------------------------- Iteration 8400 -------------------------------- 
initial ob: [-0.03358889  0.51377023  0.23633834  0.          0.6         0.01997144
  0.          0.84        0.02        0.          0.84        0.02      ]
agent_success: 0

training time:  0.0023648738861083984
evaluation time:  8.072900295257568
epoch time:  8.075282335281372


-------------------------------- Iteration 8600 -------------------------------- 
initial ob: [-0.03358889  0.51377023  0.23633834  0.          0.6         0.01997144
  0.          0.84        0.02        0.          0.84        0.02      ]
agent_success: 1.0

training time:  0.0023517608642578125
evaluation time:  8.131651878356934
epoch time:  8.134020566940308


-------------------------------- Iteration 8800 -------------------------------- 
initial ob: [-0.03358889  0.51377023  0.23633834  0.          0.6         0.01997144
  0.          0.84        0.02        0.          0.84        0.02      ]
agent_success: 1.0

training time:  0.0024137496948242188
evaluation time:  8.125681638717651
epoch time:  8.128125667572021


-------------------------------- Iteration 9000 -------------------------------- 
initial ob: [-0.03358889  0.51377023  0.23633834  0.          0.6         0.01997144
  0.          0.84        0.02        0.          0.84        0.02      ]
agent_success: 0

training time:  0.002382040023803711
evaluation time:  8.098220825195312
epoch time:  8.100621938705444


-------------------------------- Iteration 9200 -------------------------------- 
initial ob: [-0.03358889  0.51377023  0.23633834  0.          0.6         0.01997144
  0.          0.84        0.02        0.          0.84        0.02      ]
agent_success: 0

training time:  0.002344369888305664
evaluation time:  8.079123735427856
epoch time:  8.081483840942383


-------------------------------- Iteration 9400 -------------------------------- 
initial ob: [-0.03358889  0.51377023  0.23633834  0.          0.6         0.01997144
  0.          0.84        0.02        0.          0.84        0.02      ]
agent_success: 1.0

training time:  0.00235748291015625
evaluation time:  8.13083291053772
epoch time:  8.133217096328735


-------------------------------- Iteration 9600 -------------------------------- 
initial ob: [-0.03358889  0.51377023  0.23633834  0.          0.6         0.01997144
  0.          0.84        0.02        0.          0.84        0.02      ]
agent_success: 0

training time:  0.0023488998413085938
evaluation time:  8.085800170898438
epoch time:  8.088168382644653


-------------------------------- Iteration 9800 -------------------------------- 
initial ob: [-0.03358889  0.51377023  0.23633834  0.          0.6         0.01997144
  0.          0.84        0.02        0.          0.84        0.02      ]
agent_success: 0

training time:  0.0025212764739990234
evaluation time:  8.048135757446289
epoch time:  8.05069088935852


-------------------------------- Iteration 10000 -------------------------------- 
initial ob: [-0.03358889  0.51377023  0.23633834  0.          0.6         0.01997144
  0.          0.84        0.02        0.          0.84        0.02      ]
agent_success: 0

training time:  0.002337217330932617
evaluation time:  8.061251878738403
epoch time:  8.063620805740356


-------------------------------- Iteration 10200 -------------------------------- 
initial ob: [-0.03358889  0.51377023  0.23633834  0.          0.6         0.01997144
  0.          0.84        0.02        0.          0.84        0.02      ]
agent_success: 0

training time:  0.002354860305786133
evaluation time:  8.045655965805054
epoch time:  8.048045873641968


-------------------------------- Iteration 10400 -------------------------------- 
initial ob: [-0.03358889  0.51377023  0.23633834  0.          0.6         0.01997144
  0.          0.84        0.02        0.          0.84        0.02      ]
agent_success: 0

training time:  0.002332448959350586
evaluation time:  8.073046207427979
epoch time:  8.075398921966553


-------------------------------- Iteration 10600 -------------------------------- 
initial ob: [-0.03358889  0.51377023  0.23633834  0.          0.6         0.01997144
  0.          0.84        0.02        0.          0.84        0.02      ]
agent_success: 1.0

training time:  0.002346038818359375
evaluation time:  8.107767820358276
epoch time:  8.110127687454224


-------------------------------- Iteration 10800 -------------------------------- 
initial ob: [-0.03358889  0.51377023  0.23633834  0.          0.6         0.01997144
  0.          0.84        0.02        0.          0.84        0.02      ]
agent_success: 0

training time:  0.0023376941680908203
evaluation time:  8.073895931243896
epoch time:  8.076273441314697


-------------------------------- Iteration 11000 -------------------------------- 
initial ob: [-0.03358889  0.51377023  0.23633834  0.          0.6         0.01997144
  0.          0.84        0.02        0.          0.84        0.02      ]
agent_success: 0

training time:  0.0023698806762695312
evaluation time:  8.07665205001831
epoch time:  8.079036712646484


-------------------------------- Iteration 11200 -------------------------------- 
initial ob: [-0.03358889  0.51377023  0.23633834  0.          0.6         0.01997144
  0.          0.84        0.02        0.          0.84        0.02      ]
agent_success: 0

training time:  0.0024030208587646484
evaluation time:  8.056082725524902
epoch time:  8.058501482009888


-------------------------------- Iteration 11400 -------------------------------- 
initial ob: [-0.03358889  0.51377023  0.23633834  0.          0.6         0.01997144
  0.          0.84        0.02        0.          0.84        0.02      ]
agent_success: 1.0

training time:  0.0023488998413085938
evaluation time:  8.10801100730896
epoch time:  8.110394954681396


-------------------------------- Iteration 11600 -------------------------------- 
initial ob: [-0.03358889  0.51377023  0.23633834  0.          0.6         0.01997144
  0.          0.84        0.02        0.          0.84        0.02      ]
agent_success: 0

training time:  0.002389192581176758
evaluation time:  8.046965599060059
epoch time:  8.04936957359314


-------------------------------- Iteration 11800 -------------------------------- 
initial ob: [-0.03358889  0.51377023  0.23633834  0.          0.6         0.01997144
  0.          0.84        0.02        0.          0.84        0.02      ]
agent_success: 1.0

training time:  0.0023605823516845703
evaluation time:  8.148087501525879
epoch time:  8.150480031967163


-------------------------------- Iteration 12000 -------------------------------- 
initial ob: [-0.03358889  0.51377023  0.23633834  0.          0.6         0.01997144
  0.          0.84        0.02        0.          0.84        0.02      ]
agent_success: 0

training time:  0.002415180206298828
evaluation time:  8.044976711273193
epoch time:  8.047407865524292


-------------------------------- Iteration 12200 -------------------------------- 
initial ob: [-0.03358889  0.51377023  0.23633834  0.          0.6         0.01997144
  0.          0.84        0.02        0.          0.84        0.02      ]
agent_success: 0

training time:  0.0023725032806396484
evaluation time:  8.052560806274414
epoch time:  8.054963827133179


-------------------------------- Iteration 12400 -------------------------------- 
initial ob: [-0.03358889  0.51377023  0.23633834  0.          0.6         0.01997144
  0.          0.84        0.02        0.          0.84        0.02      ]
agent_success: 1.0

training time:  0.002383708953857422
evaluation time:  8.177570581436157
epoch time:  8.179967403411865


-------------------------------- Iteration 12600 -------------------------------- 
initial ob: [-0.03358889  0.51377023  0.23633834  0.          0.6         0.01997144
  0.          0.84        0.02        0.          0.84        0.02      ]
agent_success: 0

training time:  0.0023653507232666016
evaluation time:  8.069139003753662
epoch time:  8.071521282196045


-------------------------------- Iteration 12800 -------------------------------- 
initial ob: [-0.03358889  0.51377023  0.23633834  0.          0.6         0.01997144
  0.          0.84        0.02        0.          0.84        0.02      ]
agent_success: 0

training time:  0.0023660659790039062
evaluation time:  8.04162311553955
epoch time:  8.0440833568573


-------------------------------- Iteration 13000 -------------------------------- 
initial ob: [-0.03358889  0.51377023  0.23633834  0.          0.6         0.01997144
  0.          0.84        0.02        0.          0.84        0.02      ]
agent_success: 0

training time:  0.0023844242095947266
evaluation time:  8.044948101043701
epoch time:  8.047349452972412


-------------------------------- Iteration 13200 -------------------------------- 
initial ob: [-0.03358889  0.51377023  0.23633834  0.          0.6         0.01997144
  0.          0.84        0.02        0.          0.84        0.02      ]
agent_success: 1.0

training time:  0.0027048587799072266
evaluation time:  8.165199756622314
epoch time:  8.167922019958496


-------------------------------- Iteration 13400 -------------------------------- 
initial ob: [-0.03358889  0.51377023  0.23633834  0.          0.6         0.01997144
  0.          0.84        0.02        0.          0.84        0.02      ]
agent_success: 1.0

training time:  0.002361297607421875
evaluation time:  8.159559965133667
epoch time:  8.161933898925781


-------------------------------- Iteration 13600 -------------------------------- 
initial ob: [-0.03358889  0.51377023  0.23633834  0.          0.6         0.01997144
  0.          0.84        0.02        0.          0.84        0.02      ]
agent_success: 0

training time:  0.002341032028198242
evaluation time:  8.050420999526978
epoch time:  8.05278468132019


-------------------------------- Iteration 13800 -------------------------------- 
initial ob: [-0.03358889  0.51377023  0.23633834  0.          0.6         0.01997144
  0.          0.84        0.02        0.          0.84        0.02      ]
agent_success: 0

training time:  0.0023391246795654297
evaluation time:  8.044431447982788
epoch time:  8.04678726196289


-------------------------------- Iteration 14000 -------------------------------- 
initial ob: [-0.03358889  0.51377023  0.23633834  0.          0.6         0.01997144
  0.          0.84        0.02        0.          0.84        0.02      ]
agent_success: 0

training time:  0.0023353099822998047
evaluation time:  8.029714822769165
epoch time:  8.032065153121948


-------------------------------- Iteration 14200 -------------------------------- 
initial ob: [-0.03358889  0.51377023  0.23633834  0.          0.6         0.01997144
  0.          0.84        0.02        0.          0.84        0.02      ]
agent_success: 0

training time:  0.002352476119995117
evaluation time:  8.037541151046753
epoch time:  8.039932012557983


-------------------------------- Iteration 14400 -------------------------------- 
initial ob: [-0.03358889  0.51377023  0.23633834  0.          0.6         0.01997144
  0.          0.84        0.02        0.          0.84        0.02      ]
agent_success: 1.0

training time:  0.0023620128631591797
evaluation time:  8.0966215133667
epoch time:  8.098999977111816


-------------------------------- Iteration 14600 -------------------------------- 
initial ob: [-0.03358889  0.51377023  0.23633834  0.          0.6         0.01997144
  0.          0.84        0.02        0.          0.84        0.02      ]
agent_success: 1.0

training time:  0.0023605823516845703
evaluation time:  8.171643733978271
epoch time:  8.174016952514648


-------------------------------- Iteration 14800 -------------------------------- 
initial ob: [-0.03358889  0.51377023  0.23633834  0.          0.6         0.01997144
  0.          0.84        0.02        0.          0.84        0.02      ]
agent_success: 0

training time:  0.0023784637451171875
evaluation time:  8.04701542854309
epoch time:  8.049409627914429


-------------------------------- Iteration 15000 -------------------------------- 
initial ob: [-0.03358889  0.51377023  0.23633834  0.          0.6         0.01997144
  0.          0.84        0.02        0.          0.84        0.02      ]
agent_success: 0

training time:  0.002371549606323242
evaluation time:  8.029041528701782
epoch time:  8.031443357467651


-------------------------------- Iteration 15200 -------------------------------- 
initial ob: [-0.03358889  0.51377023  0.23633834  0.          0.6         0.01997144
  0.          0.84        0.02        0.          0.84        0.02      ]
agent_success: 0

training time:  0.0025682449340820312
evaluation time:  8.033371448516846
epoch time:  8.035956144332886


-------------------------------- Iteration 15400 -------------------------------- 
initial ob: [-0.03358889  0.51377023  0.23633834  0.          0.6         0.01997144
  0.          0.84        0.02        0.          0.84        0.02      ]
agent_success: 0

training time:  0.002344846725463867
evaluation time:  8.037664413452148
epoch time:  8.040024280548096


-------------------------------- Iteration 15600 -------------------------------- 
initial ob: [-0.03358889  0.51377023  0.23633834  0.          0.6         0.01997144
  0.          0.84        0.02        0.          0.84        0.02      ]
agent_success: 0

training time:  0.0023648738861083984
evaluation time:  8.043038845062256
epoch time:  8.04542326927185


-------------------------------- Iteration 15800 -------------------------------- 
initial ob: [-0.03358889  0.51377023  0.23633834  0.          0.6         0.01997144
  0.          0.84        0.02        0.          0.84        0.02      ]
agent_success: 1.0

training time:  0.002550363540649414
evaluation time:  8.2144775390625
epoch time:  8.217040300369263


-------------------------------- Iteration 16000 -------------------------------- 
initial ob: [-0.03358889  0.51377023  0.23633834  0.          0.6         0.01997144
  0.          0.84        0.02        0.          0.84        0.02      ]
agent_success: 0

training time:  0.002356290817260742
evaluation time:  8.06526780128479
epoch time:  8.067653894424438


-------------------------------- Iteration 16200 -------------------------------- 
initial ob: [-0.03358889  0.51377023  0.23633834  0.          0.6         0.01997144
  0.          0.84        0.02        0.          0.84        0.02      ]
agent_success: 1.0

training time:  0.002549409866333008
evaluation time:  8.159787893295288
epoch time:  8.162349700927734


-------------------------------- Iteration 16400 -------------------------------- 
initial ob: [-0.03358889  0.51377023  0.23633834  0.          0.6         0.01997144
  0.          0.84        0.02        0.          0.84        0.02      ]
agent_success: 1.0

training time:  0.002348184585571289
evaluation time:  8.19636869430542
epoch time:  8.198736190795898


-------------------------------- Iteration 16600 -------------------------------- 
initial ob: [-0.03358889  0.51377023  0.23633834  0.          0.6         0.01997144
  0.          0.84        0.02        0.          0.84        0.02      ]
agent_success: 0

training time:  0.0023310184478759766
evaluation time:  8.045584201812744
epoch time:  8.04793119430542


-------------------------------- Iteration 16800 -------------------------------- 
initial ob: [-0.03358889  0.51377023  0.23633834  0.          0.6         0.01997144
  0.          0.84        0.02        0.          0.84        0.02      ]
agent_success: 0

training time:  0.0023543834686279297
evaluation time:  8.0497727394104
epoch time:  8.052143096923828


-------------------------------- Iteration 17000 -------------------------------- 
initial ob: [-0.03358889  0.51377023  0.23633834  0.          0.6         0.01997144
  0.          0.84        0.02        0.          0.84        0.02      ]
agent_success: 0

training time:  0.002378225326538086
evaluation time:  8.039457321166992
epoch time:  8.041854858398438


-------------------------------- Iteration 17200 -------------------------------- 
initial ob: [-0.03358889  0.51377023  0.23633834  0.          0.6         0.01997144
  0.          0.84        0.02        0.          0.84        0.02      ]
agent_success: 0

training time:  0.0026099681854248047
evaluation time:  8.047752618789673
epoch time:  8.050397634506226


-------------------------------- Iteration 17400 -------------------------------- 
initial ob: [-0.03358889  0.51377023  0.23633834  0.          0.6         0.01997144
  0.          0.84        0.02        0.          0.84        0.02      ]
agent_success: 0

training time:  0.002382516860961914
evaluation time:  8.053815841674805
epoch time:  8.056220531463623


-------------------------------- Iteration 17600 -------------------------------- 
initial ob: [-0.03358889  0.51377023  0.23633834  0.          0.6         0.01997144
  0.          0.84        0.02        0.          0.84        0.02      ]
agent_success: 0

training time:  0.0023603439331054688
evaluation time:  8.025283336639404
epoch time:  8.02765965461731


-------------------------------- Iteration 17800 -------------------------------- 
initial ob: [-0.03358889  0.51377023  0.23633834  0.          0.6         0.01997144
  0.          0.84        0.02        0.          0.84        0.02      ]
agent_success: 1.0

training time:  0.0023665428161621094
evaluation time:  8.195992231369019
epoch time:  8.19840145111084


-------------------------------- Iteration 18000 -------------------------------- 
initial ob: [-0.03358889  0.51377023  0.23633834  0.          0.6         0.01997144
  0.          0.84        0.02        0.          0.84        0.02      ]
agent_success: 0

training time:  0.002373218536376953
evaluation time:  8.049201726913452
epoch time:  8.051591157913208


-------------------------------- Iteration 18200 -------------------------------- 
initial ob: [-0.03358889  0.51377023  0.23633834  0.          0.6         0.01997144
  0.          0.84        0.02        0.          0.84        0.02      ]
agent_success: 0

training time:  0.0023374557495117188
evaluation time:  8.060838460922241
epoch time:  8.063193082809448


-------------------------------- Iteration 18400 -------------------------------- 
initial ob: [-0.03358889  0.51377023  0.23633834  0.          0.6         0.01997144
  0.          0.84        0.02        0.          0.84        0.02      ]
agent_success: 1.0

training time:  0.0023419857025146484
evaluation time:  8.241991519927979
epoch time:  8.244346141815186


-------------------------------- Training stopped due to early stopping -------------------------------- 
min loss:  0.002421385


-------------------------------- Test Results -------------------------------- 
initial ob: [-0.03358889  0.51377023  0.23633834  0.          0.6         0.01997144
  0.          0.84        0.02        0.          0.84        0.02      ]
agent_success: 1.0

mean_success_rate:  1.0
Done
