/var/lib/slurm/slurmd/job3513835/slurm_script: line 9: batch_scripts/MT50_batch/seed.sh: No such file or directory
SLURM_JOBID=3513835
working directory=/viscam/u/jialugao/Imitation-SoftModule
########################
logging outputs to  /viscam/u/jialugao/Imitation-SoftModule/data/Base_bc_reach_pick-place-wall-v1_2640.000124-01-2022_18-56-08
########################
{'expert_policy_file': '../Multi-Task-RL/log/MT50_Single_Task/pick-place-wall-v1/Fixed/238/model/model_pf_best.pth', 'exp_name': 'bc_reach', 'do_dagger': False, 'ep_len': 250, 'gradient_steps': 1, 'n_iter': 10000, 'render_interval': 1, 'eval_interval': 200, 'batch_size': 64, 'eval_batch_size': 32, 'train_batch_size': 32, 'n_layers': 2, 'size': 400, 'learning_rate': 0.0001, 'video_log_freq': -1, 'scalar_log_freq': 1, 'no_gpu': False, 'which_gpu': 0, 'max_replay_buffer_size': 1000000, 'save_params': False, 'seed': 32, 'worker_nums': 1, 'eval_worker_nums': 1, 'config': 'config/BC.json', 'no_cuda': True, 'random_init': False, 'device': 'cpu', 'id': 'MT50_Single_Task', 'task_name': 'pick-place-wall-v1', 'task_env': 'MT50_task_env', 'cuda': False, 'log_dir': '/viscam/u/jialugao/Imitation-SoftModule/data/Base_bc_reach_pick-place-wall-v1_2640.000124-01-2022_18-56-08', 'agent_class': <class 'agents.bc_agent.MLPAgent'>, 'agent_params': {'n_layers': 2, 'size': 400, 'learning_rate': 0.0001, 'max_replay_buffer_size': 1000000, 'discrete': False, 'ac_dim': 4, 'ob_dim': 9}}
{'env_name': 'single_task', 'env': {'reward_scale': 1, 'obs_norm': False}, 'meta_env': {'obs_type': 'with_goal', 'random_init': False}, 'replay_buffer': {'size': 1000000.0}, 'net': {'hidden_shapes': [400, 400], 'append_hidden_shapes': [400], 'base_type': <class 'networks.base.MLPBase'>}, 'general_setting': {'discount': 0.99, 'pretrain_epochs': 20, 'num_epochs': 7500, 'epoch_frames': 200, 'max_episode_frames': 200, 'batch_size': 1280, 'min_pool': 10000, 'target_hard_update_period': 1000, 'use_soft_update': True, 'tau': 0.005, 'opt_times': 200, 'eval_episodes': 100, 'train_render': False, 'eval_render': False, 'env': <NormAct<RewardShift<SingleWrapperNone>>>, 'logger': <utils.logger.Logger object at 0x7f87eb8fac50>, 'device': device(type='cpu')}, 'sac': {'plr': 0.0003, 'qlr': 0.0003, 'reparameterization': True, 'automatic_entropy_tuning': True, 'policy_std_reg_weight': 0, 'policy_mean_reg_weight': 0}}
Loading expert policy from... ../Multi-Task-RL/log/MT50_Single_Task/pick-place-wall-v1/Fixed/238/model/model_pf_best.pth
tensor([[ 0.0568, -0.0308, -0.1118,  ..., -0.0930, -0.0413, -0.0869],
        [ 0.7613, -0.2318, -0.7245,  ..., -0.0288, -0.0065, -0.0762],
        [ 0.8481, -0.2061, -1.0579,  ..., -0.0658, -0.0530, -0.0748],
        ...,
        [ 0.2749, -0.1299, -0.1164,  ...,  0.0302, -0.0117, -0.0097],
        [ 0.5101, -0.0912, -0.9871,  ..., -0.0735,  0.0166, -0.0090],
        [-0.7398, -0.0255, -0.3766,  ..., -0.1917, -0.1852, -0.1531]])
Done restoring expert policy...
<NormAct<RewardShift<AugObs<SawyerReachPushPickPlaceWallEnv instance>>>>


-------------------------------- Iteration 0 -------------------------------- 
initial ob: [-0.03264955  0.51487924  0.23688597  0.          0.6         0.01499496
  0.05        0.8         0.2         0.05        0.8         0.2       ]
expert:[-0.92545146  0.45649326 -0.81314605  0.49732324]
expert:[-0.9533678  -0.09380637 -0.8766042   0.08287019]
expert:[-0.92480105 -0.7628428  -0.91184866 -0.39790162]
expert:[-0.70539415 -0.93333036 -0.9117037  -0.62639254]
expert:[ 0.52921784 -0.9637037  -0.8849875  -0.7270809 ]
expert:[ 0.890433   -0.93546236 -0.87303734 -0.6092847 ]
expert:[ 0.7142321  -0.74861586 -0.8854646  -0.42057392]
expert:[-0.08800302  0.02278757 -0.9170826  -0.17623253]
expert:[-0.84826875  0.6605897  -0.9250696  -0.14345205]
expert:[-0.9211658   0.7872825  -0.9011203  -0.17383133]
expert:[-0.7122197   0.84815216 -0.8388812  -0.13351971]
expert:[ 0.32085153  0.9162217  -0.80158806  0.15052365]
expert:[ 0.86466324  0.9410462  -0.8120375   0.33964565]
expert:[ 0.94615513  0.93763494 -0.77537465  0.30247205]
expert:[ 0.9076006   0.8229265  -0.33551693  0.14259593]
expert:[ 0.9421196   0.4514485  -0.5298428   0.06656829]
expert:[ 0.89766365 -0.42956325 -0.93694466 -0.30452833]
expert:[ 0.03913273 -0.9573774  -0.9246166  -0.8282205 ]
expert:[-0.7352232  -0.98496884 -0.8885044   0.02271596]
expert:[-0.8407367  -0.94998455 -0.8888555   0.9018099 ]
expert:[-0.5837812  -0.8768249  -0.75380886  0.9655159 ]
expert:[0.35158938 0.9533371  0.9121651  0.99957454]
expert:[0.5549923  0.99950826 0.998736   0.9999507 ]
expert:[0.5190521 0.9983469 0.9942774 0.9998691]
expert:[ 0.18160094 -0.56208426 -0.53659517  0.9665159 ]
expert:[-0.68696934 -0.9139161  -0.8309292   0.9293968 ]
expert:[-0.76449853 -0.9406777  -0.87431866  0.8831618 ]
expert:[-0.63790786 -0.8898078  -0.84829736  0.7809749 ]
expert:[-0.20067692 -0.18191665 -0.27081284  0.94581944]
expert:[ 0.17060791 -0.12010237 -0.27831492  0.92387867]
expert:[ 0.64175564 -0.25839624 -0.53321046  0.8416747 ]
expert:[ 0.74325466  0.14830941 -0.40261763  0.8659504 ]
expert:[0.66213024 0.80862975 0.23222488 0.96397203]
expert:[0.43901926 0.9742719  0.8257049  0.9957438 ]
expert:[0.43139702 0.9998155  0.9979267  0.99993813]
expert:[0.42321816 0.9999879  0.9999169  0.99997425]
expert:[0.3257733  0.9997418  0.99885994 0.99987704]
expert:[0.1341905  0.99872845 0.99974436 0.9997434 ]
expert:[-0.21394293  0.998271    0.99988955  0.9996309 ]
expert:[-0.37050512  0.9982467   0.99983597  0.9989943 ]
expert:[-0.40088704  0.9986613   0.99967605  0.9975046 ]
expert:[-0.39588764  0.9990049   0.9995959   0.99612516]
expert:[-0.33272338  0.9991345   0.99946004  0.9951928 ]
expert:[-0.10370085  0.9994297   0.9995203   0.9934915 ]
expert:[0.26751617 0.9997338  0.9996459  0.98685044]
expert:[0.5231372  0.99982715 0.999738   0.9728549 ]
expert:[0.61956626 0.99983484 0.9997412  0.9448439 ]
expert:[0.6322944  0.99957764 0.9992625  0.8641366 ]
expert:[0.50998163 0.9993685  0.99373764 0.87103885]
expert:[0.32173967 0.9986632  0.8923631  0.90443885]
expert:[0.02821355 0.9819528  0.07742318 0.7190317 ]
expert:[-0.0250236   0.93755853 -0.21216303  0.6305214 ]
expert:[-0.04290598  0.8257483  -0.35886738  0.5615879 ]
expert:[-0.05946427  0.7364253  -0.37961075  0.563533  ]
expert:[-0.06583809  0.71259904 -0.36882615  0.64929885]
expert:[-0.06875805  0.66833997 -0.34223402  0.7174836 ]
expert:[-0.06446029  0.6131651  -0.31132296  0.76547605]
expert:[-0.05534386  0.55166596 -0.2778127   0.80100244]
expert:[-0.0424016   0.48803154 -0.24550329  0.8259255 ]
expert:[ 0.00954628  0.4076748  -0.20229346  0.84318787]
expert:[ 0.06089564  0.33037597 -0.15837052  0.8571031 ]
expert:[ 0.10174076  0.25659367 -0.10636479  0.87435657]
expert:[ 0.14159976  0.18365291 -0.0389422   0.8984473 ]
expert:[0.16202052 0.11648513 0.01817061 0.92115337]
expert:[0.1594232  0.05986046 0.06362286 0.94013155]
expert:[0.13686658 0.01744582 0.09952103 0.95520484]
expert:[ 0.09899958 -0.00890845  0.1282014   0.96682024]
expert:[ 0.06153116 -0.02618126  0.15439592  0.97464263]
expert:[ 0.02898658 -0.0319483   0.17889234  0.9804669 ]
expert:[ 0.00250291 -0.01845061  0.18851039  0.98269284]
expert:[-1.8163705e-02  3.7378070e-04  1.8827149e-01  9.8354483e-01]
expert:[-0.0319149   0.01919332  0.17942686  0.98349285]
expert:[-0.03878091  0.03645973  0.16337338  0.9826773 ]
expert:[-0.0394775   0.05075732  0.14195067  0.9811678 ]
expert:[-0.03560299  0.06117462  0.11592599  0.97904545]
expert:[-0.02830061  0.06806212  0.08859559  0.97646487]
expert:[-0.01901861  0.07108427  0.06178514  0.9736352 ]
expert:[-0.00958838  0.07769173  0.03568372  0.9699987 ]
expert:[1.9704551e-04 8.5046463e-02 1.1228909e-02 9.6568489e-01]
expert:[ 0.00839176  0.08946154 -0.00778752  0.96194047]
expert:[ 0.01491202  0.09072986 -0.02036037  0.95923454]
expert:[ 0.02032077  0.08893178 -0.02556838  0.9578862 ]
expert:[ 0.02266726  0.08488445 -0.02634071  0.9578637 ]
expert:[ 0.02228779  0.07896922 -0.02352057  0.9589519 ]
expert:[ 0.01950837  0.07239647 -0.01805486  0.9608668 ]
expert:[ 0.015258    0.06531387 -0.01102822  0.96316516]
expert:[ 0.01041734  0.05811471 -0.00344396  0.9654908 ]
expert:[0.00579363 0.05111563 0.00383702 0.96758914]
expert:[0.00200541 0.04456208 0.01016232 0.96931446]
expert:[-5.6144217e-04  3.8611222e-02  1.5128397e-02  9.7061372e-01]
expert:[-0.00178296  0.03335311  0.01857304  0.97149897]
expert:[-0.00177975  0.02885143  0.02051785  0.9720163 ]
expert:[-8.4285421e-04  2.5114082e-02  2.1150339e-02  9.7223854e-01]
expert:[6.5298739e-04 2.2103703e-02 2.0758612e-02 9.7225016e-01]
expert:[0.00231957 0.01975607 0.01966367 0.97213525]
expert:[0.00380833 0.01799288 0.01817469 0.97197026]
expert:[0.00485929 0.01673536 0.01654344 0.97181416]
expert:[0.00535101 0.01586906 0.0149712  0.971711  ]
expert:[0.00527488 0.01529115 0.01357223 0.9716794 ]
expert:[0.00470955 0.01491835 0.01238326 0.971716  ]
expert:[0.00380579 0.01467069 0.01139164 0.97180414]
expert:[0.00274234 0.01448798 0.01054404 0.9719177 ]
expert:[0.00170009 0.01431111 0.0097844  0.972032  ]
expert:[8.1920979e-04 1.4109926e-02 9.0522226e-03 9.7212452e-01]
expert:[2.0055100e-04 1.3854511e-02 8.3091883e-03 9.7218126e-01]
expert:[-1.2115762e-04  1.3536401e-02  7.5363135e-03  9.7219640e-01]
expert:[-1.5497580e-04  1.3147253e-02  6.7398273e-03  9.7217309e-01]
expert:[3.6504120e-05 1.2696597e-02 5.9436904e-03 9.7211999e-01]
expert:[3.8001311e-04 1.2181335e-02 5.1944237e-03 9.7205263e-01]
expert:[7.8137947e-04 1.1610404e-02 4.5351819e-03 9.7198570e-01]
expert:[0.00115272 0.01100311 0.00399961 0.97193176]
expert:[0.00144125 0.01035433 0.00362202 0.971904  ]
expert:[0.0016126  0.00967502 0.00340679 0.9719074 ]
expert:[0.00165164 0.00898343 0.00333667 0.97194093]
expert:[0.00155635 0.00831043 0.00337351 0.97199744]
expert:[0.00136017 0.00765744 0.00348964 0.97207206]
expert:[0.00110619 0.0070321  0.00364542 0.972156  ]
expert:[8.2586316e-04 6.4575369e-03 3.7910012e-03 9.7223723e-01]
expert:[5.5900210e-04 5.9318445e-03 3.8993012e-03 9.7231007e-01]
expert:[3.3727661e-04 5.4626516e-03 3.9409343e-03 9.7236681e-01]
expert:[1.7199293e-04 5.0573512e-03 3.8984071e-03 9.7240317e-01]
expert:[8.1390142e-05 4.6966327e-03 3.7815541e-03 9.7242141e-01]
expert:[5.2455813e-05 4.3907478e-03 3.5873647e-03 9.7242010e-01]
expert:[7.2658062e-05 4.1281348e-03 3.3358957e-03 9.7240365e-01]
expert:[1.2778863e-04 3.8968723e-03 3.0522102e-03 9.7237796e-01]
expert:[2.0261854e-04 3.6870670e-03 2.7547856e-03 9.7234678e-01]
expert:[2.8175488e-04 3.4908510e-03 2.4614434e-03 9.7231436e-01]
expert:[3.4347549e-04 3.3116816e-03 2.1829421e-03 9.7228318e-01]
expert:[3.7084144e-04 3.1521812e-03 1.9256598e-03 9.7225511e-01]
expert:[3.7347150e-04 2.9930384e-03 1.7053916e-03 9.7223431e-01]
expert:[3.4981593e-04 2.8393788e-03 1.5146572e-03 9.7221845e-01]
expert:[3.0120835e-04 2.6959712e-03 1.3473771e-03 9.7220635e-01]
expert:[2.4153665e-04 2.5556628e-03 1.2024188e-03 9.7219741e-01]
expert:[1.6970560e-04 2.4293016e-03 1.0663416e-03 9.7218800e-01]
expert:[1.05489045e-04 2.30091414e-03 9.44539614e-04 9.72179592e-01]
expert:[4.8827380e-05 2.1780098e-03 8.2884711e-04 9.7216988e-01]
expert:[1.4755875e-05 2.0502182e-03 7.2030711e-04 9.7215885e-01]
expert:[-2.6263297e-06  1.9276714e-03  6.0962135e-04  9.7214383e-01]
expert:[-9.3281269e-06  1.8126349e-03  4.9827987e-04  9.7212553e-01]
expert:[-1.0281801e-06  1.6954525e-03  3.9403138e-04  9.7210634e-01]
expert:[1.1634082e-05 1.5824424e-03 2.9624999e-04 9.7208607e-01]
expert:[2.4426728e-05 1.4740814e-03 2.0463765e-04 9.7206509e-01]
expert:[3.8649887e-05 1.3622633e-03 1.2935698e-04 9.7204638e-01]
expert:[4.4744462e-05 1.2574785e-03 6.2540174e-05 9.7202802e-01]
expert:[4.5586377e-05 1.1523361e-03 9.4324350e-06 9.7201180e-01]
expert:[ 3.2380223e-05  1.0594722e-03 -3.6850572e-05  9.7199613e-01]
expert:[ 1.2215227e-05  9.6946926e-04 -7.2166324e-05  9.7198218e-01]
expert:[-1.0002404e-05  8.8077760e-04 -9.9018216e-05  9.7196943e-01]
expert:[-3.4846365e-05  8.0054981e-04 -1.2455881e-04  9.7195596e-01]
expert:[-5.8416277e-05  7.2616327e-04 -1.4911592e-04  9.7194153e-01]
expert_success: 1.0
path_length: 150



-------------------------------- Iteration 0 -------------------------------- 
initial ob: [-0.03264955  0.51487924  0.23688597  0.          0.6         0.01499496
  0.05        0.8         0.2         0.05        0.8         0.2       ]
agent_success: 0

training time:  0.21399450302124023
evaluation time:  13.323580265045166
epoch time:  13.537607669830322


-------------------------------- Iteration 200 -------------------------------- 
initial ob: [-0.03264955  0.51487924  0.23688597  0.          0.6         0.01499496
  0.05        0.8         0.2         0.05        0.8         0.2       ]
agent_success: 0

training time:  0.0019724369049072266
evaluation time:  14.19645881652832
epoch time:  14.198463916778564


-------------------------------- Iteration 400 -------------------------------- 
initial ob: [-0.03264955  0.51487924  0.23688597  0.          0.6         0.01499496
  0.05        0.8         0.2         0.05        0.8         0.2       ]
agent_success: 0

training time:  0.00199127197265625
evaluation time:  14.048991918563843
epoch time:  14.05101466178894


-------------------------------- Iteration 600 -------------------------------- 
initial ob: [-0.03264955  0.51487924  0.23688597  0.          0.6         0.01499496
  0.05        0.8         0.2         0.05        0.8         0.2       ]
agent_success: 0

training time:  0.002048969268798828
evaluation time:  13.556137561798096
epoch time:  13.558232545852661


-------------------------------- Iteration 800 -------------------------------- 
initial ob: [-0.03264955  0.51487924  0.23688597  0.          0.6         0.01499496
  0.05        0.8         0.2         0.05        0.8         0.2       ]
agent_success: 0

training time:  0.0018491744995117188
evaluation time:  14.030943155288696
epoch time:  14.032831907272339


-------------------------------- Iteration 1000 -------------------------------- 
initial ob: [-0.03264955  0.51487924  0.23688597  0.          0.6         0.01499496
  0.05        0.8         0.2         0.05        0.8         0.2       ]
agent_success: 0

training time:  0.001867055892944336
evaluation time:  13.722957611083984
epoch time:  13.724848985671997


-------------------------------- Iteration 1200 -------------------------------- 
initial ob: [-0.03264955  0.51487924  0.23688597  0.          0.6         0.01499496
  0.05        0.8         0.2         0.05        0.8         0.2       ]
agent_success: 0

training time:  0.002022266387939453
evaluation time:  13.606498003005981
epoch time:  13.60854721069336


-------------------------------- Iteration 1400 -------------------------------- 
initial ob: [-0.03264955  0.51487924  0.23688597  0.          0.6         0.01499496
  0.05        0.8         0.2         0.05        0.8         0.2       ]
agent_success: 0

training time:  0.0019228458404541016
evaluation time:  13.749518632888794
epoch time:  13.751461505889893


-------------------------------- Iteration 1600 -------------------------------- 
initial ob: [-0.03264955  0.51487924  0.23688597  0.          0.6         0.01499496
  0.05        0.8         0.2         0.05        0.8         0.2       ]
agent_success: 0

training time:  0.002190113067626953
evaluation time:  14.112998485565186
epoch time:  14.115209817886353


-------------------------------- Iteration 1800 -------------------------------- 
initial ob: [-0.03264955  0.51487924  0.23688597  0.          0.6         0.01499496
  0.05        0.8         0.2         0.05        0.8         0.2       ]
agent_success: 0

training time:  0.001840829849243164
evaluation time:  13.919448614120483
epoch time:  13.921308755874634


-------------------------------- Iteration 2000 -------------------------------- 
initial ob: [-0.03264955  0.51487924  0.23688597  0.          0.6         0.01499496
  0.05        0.8         0.2         0.05        0.8         0.2       ]
agent_success: 0

training time:  0.0019519329071044922
evaluation time:  13.676789283752441
epoch time:  13.678762674331665


-------------------------------- Iteration 2200 -------------------------------- 
initial ob: [-0.03264955  0.51487924  0.23688597  0.          0.6         0.01499496
  0.05        0.8         0.2         0.05        0.8         0.2       ]
agent_success: 0

training time:  0.001918792724609375
evaluation time:  13.999786376953125
epoch time:  14.001727819442749


-------------------------------- Iteration 2400 -------------------------------- 
initial ob: [-0.03264955  0.51487924  0.23688597  0.          0.6         0.01499496
  0.05        0.8         0.2         0.05        0.8         0.2       ]
agent_success: 0

training time:  0.001969575881958008
evaluation time:  14.0669424533844
epoch time:  14.068947553634644


-------------------------------- Iteration 2600 -------------------------------- 
initial ob: [-0.03264955  0.51487924  0.23688597  0.          0.6         0.01499496
  0.05        0.8         0.2         0.05        0.8         0.2       ]
agent_success: 0

training time:  0.0019605159759521484
evaluation time:  13.41771411895752
epoch time:  13.419692277908325


-------------------------------- Iteration 2800 -------------------------------- 
initial ob: [-0.03264955  0.51487924  0.23688597  0.          0.6         0.01499496
  0.05        0.8         0.2         0.05        0.8         0.2       ]
agent_success: 0

training time:  0.0019834041595458984
evaluation time:  13.495517253875732
epoch time:  13.497536659240723


-------------------------------- Iteration 3000 -------------------------------- 
initial ob: [-0.03264955  0.51487924  0.23688597  0.          0.6         0.01499496
  0.05        0.8         0.2         0.05        0.8         0.2       ]
agent_success: 0

training time:  0.002094745635986328
evaluation time:  13.460797309875488
epoch time:  13.462908029556274


-------------------------------- Iteration 3200 -------------------------------- 
initial ob: [-0.03264955  0.51487924  0.23688597  0.          0.6         0.01499496
  0.05        0.8         0.2         0.05        0.8         0.2       ]
agent_success: 0

training time:  0.0018954277038574219
evaluation time:  13.54326868057251
epoch time:  13.545190334320068


-------------------------------- Iteration 3400 -------------------------------- 
initial ob: [-0.03264955  0.51487924  0.23688597  0.          0.6         0.01499496
  0.05        0.8         0.2         0.05        0.8         0.2       ]
agent_success: 0

training time:  0.0019009113311767578
evaluation time:  13.453583717346191
epoch time:  13.45550799369812


-------------------------------- Iteration 3600 -------------------------------- 
initial ob: [-0.03264955  0.51487924  0.23688597  0.          0.6         0.01499496
  0.05        0.8         0.2         0.05        0.8         0.2       ]
agent_success: 0

training time:  0.00193023681640625
evaluation time:  13.449400186538696
epoch time:  13.451364755630493


-------------------------------- Iteration 3800 -------------------------------- 
initial ob: [-0.03264955  0.51487924  0.23688597  0.          0.6         0.01499496
  0.05        0.8         0.2         0.05        0.8         0.2       ]
agent_success: 0

training time:  0.002161264419555664
evaluation time:  13.474254846572876
epoch time:  13.47644591331482


-------------------------------- Iteration 4000 -------------------------------- 
initial ob: [-0.03264955  0.51487924  0.23688597  0.          0.6         0.01499496
  0.05        0.8         0.2         0.05        0.8         0.2       ]
agent_success: 0

training time:  0.001886129379272461
evaluation time:  13.491130590438843
epoch time:  13.493037700653076


-------------------------------- Iteration 4200 -------------------------------- 
initial ob: [-0.03264955  0.51487924  0.23688597  0.          0.6         0.01499496
  0.05        0.8         0.2         0.05        0.8         0.2       ]
agent_success: 0

training time:  0.0019197463989257812
evaluation time:  13.4631507396698
epoch time:  13.465100526809692


-------------------------------- Iteration 4400 -------------------------------- 
initial ob: [-0.03264955  0.51487924  0.23688597  0.          0.6         0.01499496
  0.05        0.8         0.2         0.05        0.8         0.2       ]
agent_success: 0

training time:  0.0019001960754394531
evaluation time:  13.369468927383423
epoch time:  13.371384859085083


-------------------------------- Iteration 4600 -------------------------------- 
initial ob: [-0.03264955  0.51487924  0.23688597  0.          0.6         0.01499496
  0.05        0.8         0.2         0.05        0.8         0.2       ]
agent_success: 0

training time:  0.001844167709350586
evaluation time:  13.441932201385498
epoch time:  13.44379734992981


-------------------------------- Iteration 4800 -------------------------------- 
initial ob: [-0.03264955  0.51487924  0.23688597  0.          0.6         0.01499496
  0.05        0.8         0.2         0.05        0.8         0.2       ]
agent_success: 0

training time:  0.0018305778503417969
evaluation time:  13.615379571914673
epoch time:  13.617241382598877


-------------------------------- Iteration 5000 -------------------------------- 
initial ob: [-0.03264955  0.51487924  0.23688597  0.          0.6         0.01499496
  0.05        0.8         0.2         0.05        0.8         0.2       ]
agent_success: 0

training time:  0.001847982406616211
evaluation time:  13.523265361785889
epoch time:  13.525131464004517


-------------------------------- Iteration 5200 -------------------------------- 
initial ob: [-0.03264955  0.51487924  0.23688597  0.          0.6         0.01499496
  0.05        0.8         0.2         0.05        0.8         0.2       ]
agent_success: 0

training time:  0.0018494129180908203
evaluation time:  13.602218627929688
epoch time:  13.604107141494751


-------------------------------- Iteration 5400 -------------------------------- 
initial ob: [-0.03264955  0.51487924  0.23688597  0.          0.6         0.01499496
  0.05        0.8         0.2         0.05        0.8         0.2       ]
agent_success: 0

training time:  0.001966714859008789
evaluation time:  13.325057029724121
epoch time:  13.32705545425415


-------------------------------- Iteration 5600 -------------------------------- 
initial ob: [-0.03264955  0.51487924  0.23688597  0.          0.6         0.01499496
  0.05        0.8         0.2         0.05        0.8         0.2       ]
agent_success: 0

training time:  0.0019593238830566406
evaluation time:  13.61760663986206
epoch time:  13.619582891464233


-------------------------------- Iteration 5800 -------------------------------- 
initial ob: [-0.03264955  0.51487924  0.23688597  0.          0.6         0.01499496
  0.05        0.8         0.2         0.05        0.8         0.2       ]
agent_success: 0

training time:  0.0019071102142333984
evaluation time:  13.448277950286865
epoch time:  13.450214624404907


-------------------------------- Iteration 6000 -------------------------------- 
initial ob: [-0.03264955  0.51487924  0.23688597  0.          0.6         0.01499496
  0.05        0.8         0.2         0.05        0.8         0.2       ]
agent_success: 0

training time:  0.0019078254699707031
evaluation time:  13.627039909362793
epoch time:  13.628968715667725


-------------------------------- Iteration 6200 -------------------------------- 
initial ob: [-0.03264955  0.51487924  0.23688597  0.          0.6         0.01499496
  0.05        0.8         0.2         0.05        0.8         0.2       ]
agent_success: 0

training time:  0.001911163330078125
evaluation time:  13.321797609329224
epoch time:  13.32373332977295


-------------------------------- Iteration 6400 -------------------------------- 
initial ob: [-0.03264955  0.51487924  0.23688597  0.          0.6         0.01499496
  0.05        0.8         0.2         0.05        0.8         0.2       ]
agent_success: 0

training time:  0.0018267631530761719
evaluation time:  13.365935325622559
epoch time:  13.367780208587646


-------------------------------- Iteration 6600 -------------------------------- 
initial ob: [-0.03264955  0.51487924  0.23688597  0.          0.6         0.01499496
  0.05        0.8         0.2         0.05        0.8         0.2       ]
agent_success: 0

training time:  0.0019221305847167969
evaluation time:  13.361238956451416
epoch time:  13.363179683685303


-------------------------------- Iteration 6800 -------------------------------- 
initial ob: [-0.03264955  0.51487924  0.23688597  0.          0.6         0.01499496
  0.05        0.8         0.2         0.05        0.8         0.2       ]
agent_success: 0

training time:  0.0018622875213623047
evaluation time:  13.73790717124939
epoch time:  13.739792346954346


-------------------------------- Iteration 7000 -------------------------------- 
initial ob: [-0.03264955  0.51487924  0.23688597  0.          0.6         0.01499496
  0.05        0.8         0.2         0.05        0.8         0.2       ]
agent_success: 0

training time:  0.0018367767333984375
evaluation time:  13.540037870407104
epoch time:  13.541891098022461


-------------------------------- Iteration 7200 -------------------------------- 
initial ob: [-0.03264955  0.51487924  0.23688597  0.          0.6         0.01499496
  0.05        0.8         0.2         0.05        0.8         0.2       ]
agent_success: 0

training time:  0.0019905567169189453
evaluation time:  13.719035863876343
epoch time:  13.721046924591064


-------------------------------- Iteration 7400 -------------------------------- 
initial ob: [-0.03264955  0.51487924  0.23688597  0.          0.6         0.01499496
  0.05        0.8         0.2         0.05        0.8         0.2       ]
agent_success: 0

training time:  0.0018534660339355469
evaluation time:  13.70777153968811
epoch time:  13.709648847579956


-------------------------------- Iteration 7600 -------------------------------- 
initial ob: [-0.03264955  0.51487924  0.23688597  0.          0.6         0.01499496
  0.05        0.8         0.2         0.05        0.8         0.2       ]
agent_success: 0

training time:  0.0019311904907226562
evaluation time:  13.74131441116333
epoch time:  13.74326205253601


-------------------------------- Iteration 7800 -------------------------------- 
initial ob: [-0.03264955  0.51487924  0.23688597  0.          0.6         0.01499496
  0.05        0.8         0.2         0.05        0.8         0.2       ]
agent_success: 0

training time:  0.001941680908203125
evaluation time:  13.471285581588745
epoch time:  13.473246812820435


-------------------------------- Iteration 8000 -------------------------------- 
initial ob: [-0.03264955  0.51487924  0.23688597  0.          0.6         0.01499496
  0.05        0.8         0.2         0.05        0.8         0.2       ]
agent_success: 0

training time:  0.0018508434295654297
evaluation time:  13.59451174736023
epoch time:  13.59638237953186


-------------------------------- Iteration 8200 -------------------------------- 
initial ob: [-0.03264955  0.51487924  0.23688597  0.          0.6         0.01499496
  0.05        0.8         0.2         0.05        0.8         0.2       ]
agent_success: 0

training time:  0.0021240711212158203
evaluation time:  13.452289581298828
epoch time:  13.454448938369751


-------------------------------- Iteration 8400 -------------------------------- 
initial ob: [-0.03264955  0.51487924  0.23688597  0.          0.6         0.01499496
  0.05        0.8         0.2         0.05        0.8         0.2       ]
agent_success: 0

training time:  0.0018506050109863281
evaluation time:  13.607257604598999
epoch time:  13.609125137329102


-------------------------------- Iteration 8600 -------------------------------- 
initial ob: [-0.03264955  0.51487924  0.23688597  0.          0.6         0.01499496
  0.05        0.8         0.2         0.05        0.8         0.2       ]
agent_success: 0

training time:  0.0019512176513671875
evaluation time:  13.427954196929932
epoch time:  13.429924964904785


-------------------------------- Iteration 8800 -------------------------------- 
initial ob: [-0.03264955  0.51487924  0.23688597  0.          0.6         0.01499496
  0.05        0.8         0.2         0.05        0.8         0.2       ]
agent_success: 0

training time:  0.0018429756164550781
evaluation time:  13.639325141906738
epoch time:  13.64119815826416


-------------------------------- Iteration 9000 -------------------------------- 
initial ob: [-0.03264955  0.51487924  0.23688597  0.          0.6         0.01499496
  0.05        0.8         0.2         0.05        0.8         0.2       ]
agent_success: 0

training time:  0.0018389225006103516
evaluation time:  13.504244327545166
epoch time:  13.506101608276367


-------------------------------- Iteration 9200 -------------------------------- 
initial ob: [-0.03264955  0.51487924  0.23688597  0.          0.6         0.01499496
  0.05        0.8         0.2         0.05        0.8         0.2       ]
agent_success: 0

training time:  0.0018372535705566406
evaluation time:  14.62558913230896
epoch time:  14.627448558807373


-------------------------------- Iteration 9400 -------------------------------- 
initial ob: [-0.03264955  0.51487924  0.23688597  0.          0.6         0.01499496
  0.05        0.8         0.2         0.05        0.8         0.2       ]
agent_success: 0

training time:  0.0018482208251953125
evaluation time:  13.431180238723755
epoch time:  13.433058977127075


-------------------------------- Iteration 9600 -------------------------------- 
initial ob: [-0.03264955  0.51487924  0.23688597  0.          0.6         0.01499496
  0.05        0.8         0.2         0.05        0.8         0.2       ]
agent_success: 0

training time:  0.001976490020751953
evaluation time:  13.464100360870361
epoch time:  13.466094970703125


-------------------------------- Iteration 9800 -------------------------------- 
initial ob: [-0.03264955  0.51487924  0.23688597  0.          0.6         0.01499496
  0.05        0.8         0.2         0.05        0.8         0.2       ]
agent_success: 0

training time:  0.001837015151977539
evaluation time:  13.566996335983276
epoch time:  13.56887435913086


-------------------------------- Test Results -------------------------------- 
initial ob: [-0.03264955  0.51487924  0.23688597  0.          0.6         0.01499496
  0.05        0.8         0.2         0.05        0.8         0.2       ]
agent_success: 0

mean_success_rate:  0.0
Done
