/var/lib/slurm/slurmd/job3515635/slurm_script: line 9: batch_scripts/MT50_batch/seed.sh: No such file or directory
SLURM_JOBID=3515635
working directory=/viscam/u/jialugao/Imitation-SoftModule
########################
logging outputs to  /viscam/u/jialugao/Imitation-SoftModule/data/Base_bc_reach_box-close-v1_2640.000125-01-2022_23-02-05
########################
{'expert_policy_file': '../Multi-Task-RL/log/MT50_Single_Task/box-close-v1/Fixed/238/model/model_pf_best.pth', 'exp_name': 'bc_reach', 'do_dagger': False, 'ep_len': 200, 'gradient_steps': 1, 'n_iter': 10000, 'render_interval': 1, 'eval_interval': 200, 'batch_size': 64, 'eval_batch_size': 32, 'train_batch_size': 32, 'n_layers': 2, 'size': 400, 'learning_rate': 0.0001, 'video_log_freq': -1, 'scalar_log_freq': 1, 'no_gpu': False, 'which_gpu': 0, 'max_replay_buffer_size': 1000000, 'save_params': False, 'seed': 32, 'worker_nums': 1, 'eval_worker_nums': 1, 'config': 'config/BC.json', 'no_cuda': True, 'random_init': False, 'device': 'cpu', 'id': 'MT50_Single_Task', 'task_name': 'box-close-v1', 'task_env': 'MT50_task_env', 'cuda': False, 'log_dir': '/viscam/u/jialugao/Imitation-SoftModule/data/Base_bc_reach_box-close-v1_2640.000125-01-2022_23-02-05', 'agent_class': <class 'agents.bc_agent.MLPAgent'>, 'agent_params': {'n_layers': 2, 'size': 400, 'learning_rate': 0.0001, 'max_replay_buffer_size': 1000000, 'discrete': False, 'ac_dim': 4, 'ob_dim': 9}}
{'env_name': 'single_task', 'env': {'reward_scale': 1, 'obs_norm': False}, 'meta_env': {'obs_type': 'with_goal', 'random_init': False}, 'replay_buffer': {'size': 1000000.0}, 'net': {'hidden_shapes': [400, 400], 'append_hidden_shapes': [400], 'base_type': <class 'networks.base.MLPBase'>}, 'general_setting': {'discount': 0.99, 'pretrain_epochs': 20, 'num_epochs': 7500, 'epoch_frames': 200, 'max_episode_frames': 200, 'batch_size': 1280, 'min_pool': 10000, 'target_hard_update_period': 1000, 'use_soft_update': True, 'tau': 0.005, 'opt_times': 200, 'eval_episodes': 100, 'train_render': False, 'eval_render': False, 'env': <NormAct<RewardShift<SingleWrapperNone>>>, 'logger': <utils.logger.Logger object at 0x7fc4c25b3c50>, 'device': device(type='cpu')}, 'sac': {'plr': 0.0003, 'qlr': 0.0003, 'reparameterization': True, 'automatic_entropy_tuning': True, 'policy_std_reg_weight': 0, 'policy_mean_reg_weight': 0}}
Loading expert policy from... ../Multi-Task-RL/log/MT50_Single_Task/box-close-v1/Fixed/238/model/model_pf_best.pth
tensor([[ 1.2848e+00, -2.4537e-02, -4.6209e-01,  ..., -3.6539e-02,
          4.0695e-02, -5.2451e-03],
        [ 1.9597e+00, -2.9680e-02,  4.9776e-01,  ...,  9.0029e-03,
         -4.1109e-02, -1.1076e-01],
        [-1.8383e+00, -8.6074e-02,  1.7358e-01,  ..., -1.5992e-03,
         -1.9757e-02, -4.1647e-02],
        ...,
        [ 1.7364e+00, -2.0956e-01,  2.2568e-01,  ...,  4.0015e-02,
         -9.4983e-02, -9.0195e-02],
        [ 1.9341e+00, -3.8154e-02,  3.5931e-01,  ..., -4.6097e-02,
         -2.4172e-02, -4.9740e-02],
        [ 2.2332e-02, -2.2202e-02, -8.1904e-02,  ..., -2.1146e-02,
         -6.4396e-02, -3.2367e-02]])
Done restoring expert policy...
<NormAct<RewardShift<AugObs<SawyerBoxCloseEnv instance>>>>


-------------------------------- Iteration 0 -------------------------------- 
initial ob: [-0.0326477   0.51488164  0.23687858  0.          0.60000002  0.11
  0.          0.9         0.133       0.          0.9         0.133     ]
expert:[ 0.97738165  0.9366519  -0.9704164   0.8103275 ]
expert:[ 0.98593235  0.9504868  -0.98353237  0.79219425]
expert:[ 0.9907112   0.9614319  -0.9864354   0.85582846]
expert:[ 0.99271506  0.9660159  -0.9843392   0.8835339 ]
expert:[ 0.99188596  0.9499261  -0.9865321   0.9376281 ]
expert:[ 0.9872331  -0.9929702  -0.98744625  0.9941138 ]
expert:[ 0.8985485  -0.99201494 -0.971943    0.990787  ]
expert:[-0.9628821  -0.9959218  -0.96517134  0.98411936]
expert:[-0.9604824  -0.9969073  -0.95046335  0.9801706 ]
expert:[-0.9529178  -0.9944626  -0.71218455  0.95750386]
expert:[-0.8757119  -0.9858399   0.02700275  0.90402836]
expert:[ 0.73925996 -0.8567515   0.95428824  0.53303343]
expert:[ 0.95518833 -0.92768455  0.9917032   0.633106  ]
expert:[ 0.9707323  -0.90538204  0.9939228   0.6130866 ]
expert:[0.8707358  0.06239566 0.99531585 0.69509786]
expert:[-0.5680618   0.97345054  0.9840063   0.5540012 ]
expert:[-0.92888814  0.98845327  0.9804335   0.5090368 ]
expert:[-0.95463514  0.992634    0.98320705  0.513162  ]
expert:[-0.94518614  0.9936997   0.9868516   0.5515317 ]
expert:[-0.9222711   0.9888993   0.98000896  0.62426084]
expert:[-0.41212505  0.90685874  0.9414578   0.5947247 ]
expert:[0.5926478  0.96517193 0.95924723 0.6408223 ]
expert:[0.5980307  0.98219085 0.9686299  0.7387721 ]
expert:[0.62327075 0.9798221  0.9775578  0.79484946]
expert:[0.63011914 0.9817858  0.9757025  0.8146012 ]
expert:[0.62209576 0.9878835  0.9774828  0.9022366 ]
expert:[0.43139696 0.9893712  0.9813666  0.93841934]
expert:[0.1000212  0.98463225 0.9715016  0.9371977 ]
expert:[-0.43893963  0.9737326   0.9018021   0.91783994]
expert:[-0.68898153  0.9784897   0.70240515  0.91138726]
expert:[-0.7320037   0.9822028   0.56087124  0.8961912 ]
expert:[-0.70878154  0.98218536  0.41102344  0.8620255 ]
expert:[-0.53321743  0.98789513  0.23850638  0.7574591 ]
expert:[ 0.01817235  0.9913336  -0.25903118  0.5263681 ]
expert:[ 0.45497853  0.9894142  -0.5528192   0.4339516 ]
expert:[ 0.64650595  0.9890416  -0.6738138   0.469675  ]
expert:[ 0.73286086  0.9890039  -0.7336857   0.52531874]
expert:[ 0.7817485   0.9874716  -0.79084456  0.5697244 ]
expert:[ 0.7548552   0.98557913 -0.8101753   0.52850825]
expert:[ 0.38356972  0.9804714  -0.78865194  0.58441806]
expert:[-0.64603245  0.9683203  -0.58854216  0.7921637 ]
expert:[-0.80760825  0.9654445  -0.56972516  0.8880702 ]
expert:[-0.81257826  0.9575112  -0.4646774   0.89920384]
expert:[-0.78881246  0.961943   -0.37647238  0.8650953 ]
expert:[-0.6362631   0.9703388  -0.33541605  0.7015627 ]
expert:[ 0.61043346  0.97132456 -0.58118796  0.42673975]
expert:[ 0.94183254  0.98373353 -0.7744712   0.4411604 ]
expert:[ 0.9733805   0.9901673  -0.81104195  0.50081265]
expert:[ 0.9646223   0.98656034 -0.78778654  0.47676763]
expert:[ 0.83017784  0.9543678  -0.6551279   0.36665928]
expert:[-0.57628345  0.9113611  -0.42862117  0.75086457]
expert:[-0.7990435   0.8517746  -0.4774329   0.91801345]
expert:[-0.83375275  0.76809156 -0.52422535  0.9427196 ]
expert:[-0.75206006  0.6891707  -0.37951234  0.8356016 ]
expert:[-0.37591407  0.40330744 -0.35071373 -0.5907273 ]
expert:[-0.28686303  0.40519863 -0.23433799 -0.8567445 ]
expert:[-0.40653238  0.2160517  -0.07267196 -0.85802644]
expert:[-0.31881854  0.21230279 -0.06725918 -0.8256768 ]
expert:[ 4.0988249e-04  4.3930286e-01 -1.3471639e-01 -7.4270105e-01]
expert:[ 0.07909647  0.33121297 -0.09690004 -0.7258243 ]
expert:[-0.21686007 -0.09622067  0.06732602 -0.8205191 ]
expert:[-0.2937498  -0.19055188  0.1261249  -0.8907003 ]
expert:[-0.2875464  -0.23084538  0.15344597 -0.9160698 ]
expert:[-0.31122297 -0.24570975  0.16229245 -0.9196277 ]
expert:[-0.31320173 -0.25693908  0.16954425 -0.9216542 ]
expert:[-0.32351175 -0.28539702  0.1953398  -0.9259136 ]
expert:[-0.33157998 -0.31003085  0.2239197  -0.93185204]
expert:[-0.30527276 -0.31559935  0.25327435 -0.94010824]
expert:[-0.23713778 -0.2743403   0.31428218 -0.9470279 ]
expert:[-0.00784864 -0.0635936   0.32443213 -0.95683426]
expert:[ 0.21621211  0.2027989   0.27099127 -0.96548265]
expert:[ 0.32810053  0.33757222  0.2470254  -0.970499  ]
expert:[ 0.3705858   0.39411074  0.23865262 -0.9731644 ]
expert:[ 0.35554466  0.39013013  0.23853482 -0.9747316 ]
expert:[ 0.28454092  0.3187593   0.25593325 -0.9754247 ]
expert:[ 0.16578482  0.18030865  0.28449038 -0.97535884]
expert:[ 0.03518604  0.01587109  0.31536686 -0.9749915 ]
expert:[-0.04372736 -0.08307651  0.3310673  -0.9753278 ]
expert:[-0.09257365 -0.16174471  0.3372769  -0.9765464 ]
expert:[-0.08293437 -0.18152559  0.3307811  -0.97847253]
expert:[-0.05855414 -0.17223892  0.33830926 -0.9801246 ]
expert:[-0.0109576  -0.12542684  0.34746966 -0.9817197 ]
expert:[ 0.08812241 -0.03740126  0.328609   -0.9833749 ]
expert:[ 0.2279802   0.07934611  0.2553904  -0.98504543]
expert:[ 0.35322207  0.19324772  0.19241536 -0.98628384]
expert:[ 0.4364535   0.26030642  0.14321099 -0.98751736]
expert:[ 0.48309186  0.26296636  0.08958215 -0.9886656 ]
expert:[ 0.48817447  0.23365664  0.03781088 -0.98966146]
expert:[ 0.45807022  0.1674983   0.00628855 -0.98991865]
expert:[ 0.38058913  0.03140925  0.01544629 -0.99028283]
expert:[ 0.2506763  -0.14083818  0.05956954 -0.99087244]
expert:[ 0.17942397 -0.2575564   0.05719804 -0.9916192 ]
expert:[ 0.03309282 -0.37755424  0.07434256 -0.9919535 ]
expert:[-0.05724143 -0.43310484  0.04789494 -0.9924705 ]
expert:[-0.14576986 -0.4792175   0.04105816 -0.9931556 ]
expert:[-0.17824702 -0.48590043  0.03849741 -0.99348825]
expert:[-0.14954871 -0.46028134  0.02241878 -0.99341655]
expert:[-0.0671952  -0.40318084 -0.00563089 -0.9930522 ]
expert:[ 0.04458351 -0.3288374  -0.04063877 -0.9924485 ]
expert:[ 0.1428753  -0.25015768 -0.06897938 -0.9919153 ]
expert:[ 0.18780214 -0.20081899 -0.07136445 -0.9916244 ]
expert:[ 0.16476536 -0.19971584 -0.04342609 -0.9916354 ]
expert:[ 0.10569081 -0.22864544 -0.01886853 -0.99167085]
expert:[ 0.01956735 -0.2740832   0.0115201  -0.99183583]
expert:[-0.05547663 -0.3065545   0.03451732 -0.99205995]
expert:[-0.07880808 -0.32690573  0.04952263 -0.99224615]
expert:[-0.08091098 -0.32842916  0.05344219 -0.99221987]
expert:[-0.06834229 -0.30830112  0.05148139 -0.9920266 ]
expert:[-0.04012524 -0.26975447  0.04290124 -0.99165374]
expert:[-7.0368114e-04 -2.2333923e-01  3.0271975e-02 -9.9119425e-01]
expert:[ 0.06368699 -0.16574712  0.01326521 -0.9909228 ]
expert:[ 1.1234515e-01 -1.1858925e-01 -2.2365525e-04 -9.9079150e-01]
expert:[ 0.13745467 -0.08842717 -0.01009576 -0.99077326]
expert:[ 0.13121693 -0.08286782 -0.01386028 -0.9908845 ]
expert:[ 0.09478596 -0.1014973  -0.0111785  -0.99110496]
expert:[ 0.04662754 -0.13771528 -0.00131417 -0.9913783 ]
expert:[ 0.0069904  -0.16611212  0.02251947 -0.9914791 ]
expert:[-0.02532491 -0.18432993  0.04190708 -0.9914595 ]
expert:[-0.02737092 -0.1887722   0.03729927 -0.99136746]
expert:[-0.02068437 -0.17658356  0.0301578  -0.9912407 ]
expert:[-0.00707537 -0.1472162   0.02209616 -0.9910963 ]
expert:[ 0.01065966 -0.10815393  0.01418883 -0.99096775]
expert:[ 0.02891871 -0.06725303  0.00668755 -0.99084735]
expert:[ 4.3958209e-02 -3.2748211e-02 -1.6840547e-04 -9.9072963e-01]
expert:[ 0.05193626 -0.00367693 -0.01138416 -0.9906179 ]
expert:[ 0.05364095  0.01231671 -0.02180606 -0.99051756]
expert:[ 0.04961755  0.01310632 -0.02939354 -0.99043083]
expert:[ 0.03983484 -0.00303794 -0.03254275 -0.9903251 ]
expert:[ 0.02550628 -0.02671791 -0.03548346 -0.9902119 ]
expert:[ 0.00931242 -0.04753092 -0.03843129 -0.99004763]
expert:[-0.00560257 -0.06679575 -0.03992091 -0.98988533]
expert:[-0.01722723 -0.08152201 -0.04015917 -0.9897235 ]
expert:[-0.0261353  -0.08902421 -0.03756694 -0.9896168 ]
expert:[-0.02860661 -0.08959649 -0.03468354 -0.98949265]
expert:[-0.02504913 -0.08354933 -0.03168225 -0.98935336]
expert:[-0.01685674 -0.07230958 -0.02870831 -0.98920286]
expert:[-0.00760896 -0.05756087 -0.02471017 -0.9890852 ]
expert:[ 0.00143705 -0.04203853 -0.02049253 -0.9889839 ]
expert:[ 0.00927225 -0.02755727 -0.01673756 -0.98889333]
expert:[ 0.01493242 -0.01621163 -0.0137532  -0.98880273]
expert:[ 0.01754078 -0.00782956 -0.01279728 -0.98870677]
expert:[ 0.01755329 -0.00433421 -0.01216712 -0.9886094 ]
expert:[ 0.01545226 -0.00569057 -0.01127309 -0.9885133 ]
expert:[ 0.01182774 -0.01063953 -0.01016018 -0.98842025]
expert:[ 0.00714414 -0.01655927 -0.00986305 -0.98832965]
expert:[ 0.00228177 -0.02220044 -0.01011675 -0.9882436 ]
expert:[-0.00186901 -0.02687152 -0.01030881 -0.9881644 ]
expert:[-0.00568909 -0.02940715 -0.00961591 -0.9881186 ]
expert:[-0.00763046 -0.02978757 -0.00892686 -0.98807234]
expert:[-0.00758097 -0.02798708 -0.00827075 -0.98802364]
expert:[-0.0058404  -0.02435545 -0.00764165 -0.9879733 ]
expert:[-0.00297956 -0.01954065 -0.00704009 -0.98792255]
expert:[ 2.9693171e-04 -1.4340721e-02 -6.4695431e-03 -9.8787308e-01]
expert:[ 0.00319342 -0.00919596 -0.00625564 -0.9878258 ]
expert:[ 0.00487835 -0.0044234  -0.00647616 -0.9877872 ]
expert:[ 0.0055681  -0.00167858 -0.00634918 -0.9877513 ]
expert:[ 0.00522535 -0.00136565 -0.005807   -0.9877158 ]
expert:[ 0.00393521 -0.0030062  -0.00475807 -0.98768324]
expert:[ 0.00189834 -0.00573783 -0.00330505 -0.98765934]
expert:[-2.1595135e-04 -8.6250473e-03 -1.9437833e-03 -9.8763925e-01]
expert:[-1.8963604e-03 -1.0687831e-02 -9.8533521e-04 -9.8762196e-01]
expert:[-2.8067604e-03 -1.1244054e-02 -6.2482426e-04 -9.8760569e-01]
expert:[-2.9106841e-03 -1.0182021e-02 -7.0137891e-04 -9.8758882e-01]
expert:[-0.00228479 -0.00785033 -0.0011921  -0.98757154]
expert:[-0.00121443 -0.00498773 -0.00183418 -0.98755497]
expert:[-6.6597015e-05 -2.2738462e-03 -2.4049794e-03 -9.8753977e-01]
expert:[ 8.7348721e-04 -1.9808859e-04 -2.7217239e-03 -9.8752564e-01]
expert:[ 1.3916520e-03  9.1046817e-04 -2.6894705e-03 -9.8751271e-01]
expert:[ 0.00142829  0.00102545 -0.00232787 -0.9875014 ]
expert:[ 1.0673363e-03  3.9155033e-04 -1.7536079e-03 -9.8749173e-01]
expert:[ 4.8227233e-04 -6.0188019e-04 -1.1262405e-03 -9.8748380e-01]
expert:[-1.3021752e-04 -1.5638979e-03 -5.8849523e-04 -9.8747742e-01]
expert:[-6.1242649e-04 -2.2186227e-03 -2.2519007e-04 -9.8747230e-01]
expert:[-8.7078265e-04 -2.4280427e-03 -6.1381608e-05 -9.8746800e-01]
expert:[-8.8364608e-04 -2.2004137e-03 -7.0821494e-05 -9.8746419e-01]
expert:[-6.9262821e-04 -1.6430825e-03 -1.9657239e-04 -9.8746061e-01]
expert:[-3.7882847e-04 -9.2821539e-04 -3.6823374e-04 -9.8745716e-01]
expert:[-3.9819628e-05 -2.3394078e-04 -5.2018085e-04 -9.8745376e-01]
expert:[ 2.4005026e-04  2.9865652e-04 -6.0639152e-04 -9.8745060e-01]
expert:[ 4.0697303e-04  5.9039140e-04 -6.0729304e-04 -9.8744762e-01]
expert:[ 4.4182313e-04  6.3166762e-04 -5.2839139e-04 -9.8744512e-01]
expert:[ 3.6354733e-04  4.7574189e-04 -3.9596480e-04 -9.8744291e-01]
expert:[ 2.1072105e-04  2.0665675e-04 -2.4350360e-04 -9.8744118e-01]
expert:[ 3.437698e-05 -8.033961e-05 -1.043044e-04 -9.874398e-01]
expert:[-1.19861215e-04 -3.07910144e-04 -2.06008554e-06 -9.87438679e-01]
expert:[-2.2184849e-04 -4.3015924e-04  5.2850693e-05 -9.8743778e-01]
expert:[-2.5743619e-04 -4.3376532e-04  6.1642379e-05 -9.8743701e-01]
expert:[-2.3116171e-04 -3.3669919e-04  3.5490841e-05 -9.8743629e-01]
expert:[-1.5817210e-04 -1.7055124e-04 -1.0985881e-05 -9.8743546e-01]
expert:[-6.5766275e-05  1.3537705e-05 -5.9101731e-05 -9.8743469e-01]
expert:[ 2.3011118e-05  1.7587095e-04 -9.5743686e-05 -9.8743391e-01]
expert:[ 8.7920576e-05  2.8554350e-04 -1.1184439e-04 -9.8743320e-01]
expert:[ 1.19864941e-04  3.31111252e-04 -1.05995685e-04 -9.87432480e-01]
expert:[ 1.1711195e-04  3.1641871e-04 -8.1870705e-05 -9.8743182e-01]
expert:[ 8.7138265e-05  2.5797635e-04 -4.6674162e-05 -9.8743129e-01]
expert:[ 4.1887164e-05  1.7721206e-04 -8.5867941e-06 -9.8743081e-01]
expert:[-6.08339906e-06  1.00292265e-04  2.38530338e-05 -9.87430453e-01]
expert:[-4.5504421e-05  4.2445958e-05  4.6145171e-05 -9.8743016e-01]
expert:[-6.8381429e-05  1.6190112e-05  5.5771321e-05 -9.8742986e-01]
expert:[-7.3142350e-05  2.1703541e-05  5.3633004e-05 -9.8742956e-01]
expert_success: 1.0
path_length: 200
