/var/lib/slurm/slurmd/job3511551/slurm_script: line 9: batch_scripts/MT50_batch/seed.sh: No such file or directory
SLURM_JOBID=3511551
working directory=/viscam/u/jialugao/Imitation-SoftModule
########################
logging outputs to  /viscam/u/jialugao/Imitation-SoftModule/data/Base_bc_reach_handle-press-side-v1_2640.000123-01-2022_22-52-13
########################
{'expert_policy_file': '../Multi-Task-RL/log/MT50_Single_Task/handle-press-side-v1/Fixed/238/model/model_pf_best.pth', 'exp_name': 'bc_reach', 'do_dagger': False, 'ep_len': 200, 'gradient_steps': 1, 'n_iter': 10000, 'render_interval': 1, 'eval_interval': 200, 'batch_size': 64, 'eval_batch_size': 32, 'train_batch_size': 32, 'n_layers': 2, 'size': 400, 'learning_rate': 0.0001, 'video_log_freq': -1, 'scalar_log_freq': 1, 'no_gpu': False, 'which_gpu': 0, 'max_replay_buffer_size': 1000000, 'save_params': False, 'seed': 32, 'worker_nums': 1, 'eval_worker_nums': 1, 'config': 'config/BC.json', 'no_cuda': True, 'random_init': False, 'device': 'cpu', 'id': 'MT50_Single_Task', 'task_name': 'handle-press-side-v1', 'task_env': 'MT50_task_env', 'cuda': False, 'log_dir': '/viscam/u/jialugao/Imitation-SoftModule/data/Base_bc_reach_handle-press-side-v1_2640.000123-01-2022_22-52-13', 'agent_class': <class 'agents.bc_agent.MLPAgent'>, 'agent_params': {'n_layers': 2, 'size': 400, 'learning_rate': 0.0001, 'max_replay_buffer_size': 1000000, 'discrete': False, 'ac_dim': 4, 'ob_dim': 9}}
{'env_name': 'single_task', 'env': {'reward_scale': 1, 'obs_norm': False}, 'meta_env': {'obs_type': 'with_goal', 'random_init': False}, 'replay_buffer': {'size': 1000000.0}, 'net': {'hidden_shapes': [400, 400], 'append_hidden_shapes': [400], 'base_type': <class 'networks.base.MLPBase'>}, 'general_setting': {'discount': 0.99, 'pretrain_epochs': 20, 'num_epochs': 7500, 'epoch_frames': 200, 'max_episode_frames': 200, 'batch_size': 1280, 'min_pool': 10000, 'target_hard_update_period': 1000, 'use_soft_update': True, 'tau': 0.005, 'opt_times': 200, 'eval_episodes': 100, 'train_render': False, 'eval_render': False, 'env': <NormAct<RewardShift<SingleWrapperNone>>>, 'logger': <utils.logger.Logger object at 0x7f0e06a6ecd0>, 'device': device(type='cpu')}, 'sac': {'plr': 0.0003, 'qlr': 0.0003, 'reparameterization': True, 'automatic_entropy_tuning': True, 'policy_std_reg_weight': 0, 'policy_mean_reg_weight': 0}}
Loading expert policy from... ../Multi-Task-RL/log/MT50_Single_Task/handle-press-side-v1/Fixed/238/model/model_pf_best.pth
Done restoring expert policy...
<NormAct<RewardShift<SawyerHandlePressSideEnv instance>>>
<NormAct<RewardShift<SawyerHandlePressSideEnv instance>>>


-------------------------------- Iteration 0 -------------------------------- 
initial ob: [-0.03264907  0.51488483  0.23687569 -0.15        0.7         0.16
 -0.35        0.7         0.04      ]
expert_success: 1.0



-------------------------------- Iteration 0 -------------------------------- 
initial ob: [-0.03264907  0.51488483  0.23687569 -0.15        0.7         0.16
 -0.35        0.7         0.04      ]
agent_success: 0

training time:  0.13523221015930176
evaluation time:  9.6327805519104
epoch time:  9.76804804801941


-------------------------------- Iteration 200 -------------------------------- 
initial ob: [-0.03264907  0.51488483  0.23687569 -0.15        0.7         0.16
 -0.35        0.7         0.04      ]
agent_success: 0

training time:  0.002326488494873047
evaluation time:  7.926912069320679
epoch time:  7.929267406463623


-------------------------------- Iteration 400 -------------------------------- 
initial ob: [-0.03264907  0.51488483  0.23687569 -0.15        0.7         0.16
 -0.35        0.7         0.04      ]
agent_success: 0

training time:  0.002299785614013672
evaluation time:  7.983160734176636
epoch time:  7.985483646392822


-------------------------------- Iteration 600 -------------------------------- 
initial ob: [-0.03264907  0.51488483  0.23687569 -0.15        0.7         0.16
 -0.35        0.7         0.04      ]
agent_success: 0

training time:  0.0023288726806640625
evaluation time:  7.755897045135498
epoch time:  7.758248329162598


-------------------------------- Iteration 800 -------------------------------- 
initial ob: [-0.03264907  0.51488483  0.23687569 -0.15        0.7         0.16
 -0.35        0.7         0.04      ]
agent_success: 0

training time:  0.0023348331451416016
evaluation time:  7.854825019836426
epoch time:  7.857182502746582


-------------------------------- Training stopped due to early stopping -------------------------------- 
min loss:  0.09893693


-------------------------------- Test Results -------------------------------- 
initial ob: [-0.03264907  0.51488483  0.23687569 -0.15        0.7         0.16
 -0.35        0.7         0.04      ]
agent_success: 0

mean_success_rate:  0.0
Done
