/var/lib/slurm/slurmd/job3515725/slurm_script: line 9: batch_scripts/MT50_batch/seed.sh: No such file or directory
SLURM_JOBID=3515725
working directory=/viscam/u/jialugao/Imitation-SoftModule
########################
logging outputs to  /viscam/u/jialugao/Imitation-SoftModule/data/Base_bc_reach_pick-place-v1_2640.000125-01-2022_23-54-02
########################
{'expert_policy_file': '../Multi-Task-RL/log/MT50_Single_Task/pick-place-v1/Fixed/238/model/model_pf_best.pth', 'exp_name': 'bc_reach', 'do_dagger': False, 'ep_len': 200, 'gradient_steps': 1, 'n_iter': 100000, 'render_interval': 1, 'eval_interval': 200, 'batch_size': 64, 'eval_batch_size': 32, 'train_batch_size': 32, 'n_layers': 2, 'size': 400, 'learning_rate': 0.0001, 'video_log_freq': -1, 'scalar_log_freq': 1, 'no_gpu': False, 'which_gpu': 0, 'max_replay_buffer_size': 1000000, 'save_params': False, 'seed': 32, 'worker_nums': 1, 'eval_worker_nums': 1, 'config': 'config/BC.json', 'no_cuda': True, 'random_init': False, 'device': 'cpu', 'id': 'MT50_Single_Task', 'task_name': 'pick-place-v1', 'task_env': 'MT50_task_env', 'cuda': False, 'log_dir': '/viscam/u/jialugao/Imitation-SoftModule/data/Base_bc_reach_pick-place-v1_2640.000125-01-2022_23-54-02', 'agent_class': <class 'agents.bc_agent.MLPAgent'>, 'agent_params': {'n_layers': 2, 'size': 400, 'learning_rate': 0.0001, 'max_replay_buffer_size': 1000000, 'discrete': False, 'ac_dim': 4, 'ob_dim': 9}}
{'env_name': 'single_task', 'env': {'reward_scale': 1, 'obs_norm': False}, 'meta_env': {'obs_type': 'with_goal', 'random_init': False}, 'replay_buffer': {'size': 1000000.0}, 'net': {'hidden_shapes': [400, 400], 'append_hidden_shapes': [400], 'base_type': <class 'networks.base.MLPBase'>}, 'general_setting': {'discount': 0.99, 'pretrain_epochs': 20, 'num_epochs': 7500, 'epoch_frames': 200, 'max_episode_frames': 200, 'batch_size': 1280, 'min_pool': 10000, 'target_hard_update_period': 1000, 'use_soft_update': True, 'tau': 0.005, 'opt_times': 200, 'eval_episodes': 100, 'train_render': False, 'eval_render': False, 'env': <NormAct<RewardShift<SingleWrapperNone>>>, 'logger': <utils.logger.Logger object at 0x7faee425cf10>, 'device': device(type='cpu')}, 'sac': {'plr': 0.0003, 'qlr': 0.0003, 'reparameterization': True, 'automatic_entropy_tuning': True, 'policy_std_reg_weight': 0, 'policy_mean_reg_weight': 0}}
Loading expert policy from... ../Multi-Task-RL/log/MT50_Single_Task/pick-place-v1/Fixed/238/model/model_pf_best.pth
tensor([[-0.0206, -0.0147, -0.0709,  ..., -0.0755, -0.0224, -0.0683],
        [-0.0052, -0.0408, -0.0524,  ..., -0.0389, -0.0165, -0.0862],
        [-1.2543, -0.6732,  0.1781,  ...,  0.1188,  0.1318,  0.1100],
        ...,
        [-0.4442,  0.2166, -0.2375,  ..., -0.1832, -0.2323, -0.2275],
        [-0.9441,  0.1342, -1.0642,  ..., -0.0078,  0.0825,  0.0568],
        [-0.8790, -0.0504,  0.0146,  ..., -0.1205, -0.1120, -0.0807]])
Done restoring expert policy...
<NormAct<RewardShift<AugObs<SawyerReachPushPickPlaceEnv instance>>>>


-------------------------------- Iteration 0 -------------------------------- 
initial ob: [-0.03265039  0.51487777  0.2368754   0.          0.6         0.01492813
  0.1         0.8         0.2         0.1         0.8         0.2       ]
expert:[ 0.7957974  -0.6890415  -0.95692307  0.91397667]
expert:[ 0.00750179 -0.60977495 -0.9612688   0.8461732 ]
expert:[-0.75413847 -0.87959224 -0.97309655 -0.2966598 ]
expert:[-0.9199235  -0.8335987  -0.96238375 -0.73955244]
expert:[-0.9424224  -0.83473146 -0.95650417 -0.8211235 ]
expert:[-0.934545   -0.844742   -0.9575679  -0.87466836]
expert:[-0.91397667 -0.81816876 -0.95880574 -0.90963405]
expert:[-0.18487531 -0.0690329  -0.9517436  -0.85683596]
expert:[ 0.7797292  0.9186572 -0.9562523 -0.7942836]
expert:[ 0.82362247  0.9393001  -0.9480163  -0.8843451 ]
expert:[ 0.81300265  0.93147296 -0.9159334  -0.90879637]
expert:[ 0.7776187   0.90472883 -0.89446735 -0.8960166 ]
expert:[ 0.53505605  0.78964555 -0.9126052  -0.7418609 ]
expert:[-0.77368766  0.92166394 -0.9286742  -0.20780674]
expert:[-0.9012356   0.77957606 -0.9050681  -0.06975401]
expert:[-0.882544    0.28375426 -0.82885456 -0.24568291]
expert:[-0.59051746  0.21870354 -0.6184521  -0.38078186]
expert:[ 0.5857755   0.97879076 -0.41690972 -0.7683826 ]
expert:[ 0.9920818   0.97603494 -0.2712242  -0.9914369 ]
expert:[ 0.99801004  0.97616404 -0.11474108 -0.99541306]
expert:[ 0.9981338   0.9963563  -0.35720742 -0.99725085]
expert:[ 0.9990342   0.9976648  -0.34562668 -0.99767923]
expert:[ 0.9951841   0.9954062  -0.36646065 -0.99790525]
expert:[ 0.9897481   0.9965632  -0.38470358 -0.9969131 ]
expert:[ 0.99577785  0.9944229  -0.40309253 -0.993987  ]
expert:[ 0.99597     0.99370736 -0.47412118 -0.97666943]
expert:[ 0.9872193   0.9625922  -0.61052436 -0.8176411 ]
expert:[ 0.31972346  0.7046179  -0.74568295 -0.14948258]
expert:[-0.812969    0.3040584  -0.81113935  0.24335665]
expert:[-0.93168074  0.314233   -0.891189    0.577694  ]
expert:[-0.93830615  0.3846291  -0.91375524  0.72442716]
expert:[-0.8752684   0.535565   -0.84665966  0.7763975 ]
expert:[-0.72696525  0.58390236 -0.64775324  0.7629538 ]
expert:[-0.49114078  0.46022868 -0.64128566  0.5209987 ]
expert:[-0.2843946   0.505453   -0.6371747   0.22701435]
expert:[-0.00897103  0.68509465 -0.443594    0.41694883]
expert:[ 0.34358576  0.7067156  -0.08572929  0.6710656 ]
expert:[0.6598335  0.40271574 0.24466491 0.69419986]
expert:[ 0.7542079  -0.06994705  0.346187    0.512141  ]
expert:[0.65636104 0.37493092 0.5527848  0.7575093 ]
expert:[0.41916293 0.655162   0.5250044  0.8679022 ]
expert:[0.25070944 0.8479865  0.6748432  0.95528704]
expert:[0.21758988 0.9425607  0.95595884 0.9901826 ]
expert:[0.36372095 0.95175636 0.99830335 0.9987085 ]
expert:[0.4294023  0.9309629  0.9995156  0.99978715]
expert:[0.4736241  0.89886034 0.99923784 0.9999068 ]
expert:[0.5278696  0.8622518  0.9982025  0.99990106]
expert:[0.537582   0.79980296 0.99330497 0.9996823 ]
expert:[0.54767555 0.7368017  0.97643125 0.9990438 ]
expert:[0.5373873  0.6916082  0.95676583 0.99776065]
expert:[0.52304304 0.58015347 0.94099367 0.99683076]
expert:[0.40383732 0.39993304 0.9136817  0.9955992 ]
expert:[0.23047961 0.23458214 0.8226641  0.9945639 ]
expert:[0.13304147 0.10982523 0.6777783  0.9942683 ]
expert:[0.0657113  0.02872131 0.5396881  0.9940438 ]
expert:[ 0.03799173 -0.03787756  0.4144836   0.9923038 ]
expert:[ 0.01017826 -0.08369462  0.2833243   0.989895  ]
expert:[-0.00710614 -0.11792801  0.193489    0.9870901 ]
expert:[-0.01134945 -0.1348572   0.14673851  0.9837643 ]
expert:[-0.01171379 -0.14455232  0.11329366  0.98046756]
expert:[-0.01258294 -0.15017831  0.08871552  0.9779835 ]
expert:[-0.0166359  -0.15374844  0.06993943  0.9764891 ]
expert:[-0.01929445 -0.15536223  0.05429388  0.9760392 ]
expert:[-0.02034695 -0.15564728  0.0435536   0.97600603]
expert:[-0.02055748 -0.15560211  0.03616809  0.97602665]
expert:[-0.02121294 -0.15572591  0.0315652   0.97620463]
expert:[-0.02190568 -0.1560116   0.02933645  0.97648513]
expert:[-0.02258305 -0.1564947   0.02924155  0.97685605]
expert:[-0.02329076 -0.15708838  0.03075111  0.9772911 ]
expert:[-0.02402392 -0.15777592  0.03345497  0.9777733 ]
expert:[-0.02430652 -0.15816343  0.0363656   0.97823006]
expert:[-0.02446713 -0.15848735  0.03958764  0.9786902 ]
expert:[-0.02456982 -0.15888658  0.04319929  0.97916615]
expert:[-0.02457905 -0.15821238  0.04565245  0.97953606]
expert:[-0.02456535 -0.15685637  0.04719056  0.9798302 ]
expert:[-0.02429995 -0.15587036  0.049488    0.9801588 ]
expert:[-0.02473059 -0.15147981  0.05217526  0.9805424 ]
expert:[-0.02548563 -0.14594872  0.05440854  0.9809136 ]
expert:[-0.02589007 -0.14096999  0.05742862  0.98130494]
expert:[-0.02697955 -0.13571766  0.05832849  0.9816408 ]
expert:[-0.0282595  -0.13016522  0.05831495  0.98193216]
expert:[-0.02948425 -0.12469715  0.05813995  0.9822099 ]
expert:[-0.03063321 -0.11930878  0.05780999  0.9824685 ]
expert:[-0.03168985 -0.11400003  0.05735092  0.9827056 ]
expert:[-0.03260399 -0.10882618  0.05697135  0.98292965]
expert:[-0.0332756  -0.1039764   0.05681331  0.98313785]
expert:[-0.03378284 -0.09928109  0.05690712  0.9833426 ]
expert:[-0.03416375 -0.09473777  0.05685318  0.9835176 ]
expert:[-0.0341179  -0.09089882  0.05739761  0.9836755 ]
expert:[-0.03335986 -0.08855878  0.0578865   0.9837033 ]
expert:[-0.03257303 -0.08627632  0.05807876  0.98370904]
expert:[-0.03160232 -0.08424962  0.05904491  0.98375976]
expert:[-0.03063896 -0.08228385  0.05985644  0.98380363]
expert:[-0.02976927 -0.08033955  0.06010881  0.9838165 ]
expert:[-0.02886312 -0.07852047  0.06039159  0.98383206]
expert:[-0.02781833 -0.0768116   0.06023243  0.9837827 ]
expert:[-0.02678015 -0.07519998  0.06010727  0.98374283]
expert:[-0.02568035 -0.07298962  0.05932621  0.9836465 ]
expert:[-0.02476206 -0.07081685  0.05967782  0.9836634 ]
expert:[-0.02384743 -0.06894987  0.05931827  0.98365015]
expert:[-0.0229818  -0.06714539  0.05881201  0.9836353 ]
expert:[-0.02216869 -0.06541329  0.0581531   0.98361933]
expert:[-0.02139646 -0.06371648  0.05736824  0.9836004 ]
expert:[-0.02066594 -0.06208069  0.05650276  0.9835824 ]
expert:[-0.01967056 -0.06055752  0.05567455  0.98357755]
expert:[-0.01822587 -0.0593328   0.05404561  0.98352355]
expert:[-0.01658255 -0.05964573  0.05251886  0.98350954]
expert:[-0.01503852 -0.06009473  0.05113684  0.98350954]
expert:[-0.01360611 -0.06056559  0.04974683  0.9835159 ]
expert:[-0.01247419 -0.06138922  0.04817186  0.98354423]
expert:[-0.01142309 -0.06183962  0.04632551  0.98355395]
expert:[-0.01051589 -0.06187151  0.04450085  0.9835733 ]
expert:[-0.0097908  -0.06191472  0.04245022  0.9835883 ]
expert:[-0.00922782 -0.06160012  0.03979953  0.9835689 ]
expert:[-0.00874906 -0.06133346  0.03730185  0.9835591 ]
expert:[-0.00833312 -0.06102921  0.03496525  0.98355603]
expert:[-0.00794896 -0.06041239  0.03241641  0.9835303 ]
expert:[-0.00762201 -0.05991358  0.0303655   0.98353374]
expert:[-0.0073586  -0.05959967  0.02870982  0.98355937]
expert:[-0.00712306 -0.0592537   0.02732829  0.9835951 ]
expert:[-0.00689557 -0.05873105  0.02597301  0.98362166]
expert:[-0.00669373 -0.05817696  0.0247589   0.9836515 ]
expert:[-0.00651805 -0.05761582  0.02369614  0.98368675]
expert:[-0.00635184 -0.05700842  0.02273131  0.9837209 ]
expert:[-0.00619747 -0.05637689  0.02188159  0.98375696]
expert:[-0.00605828 -0.05574313  0.02114082  0.9837961 ]
expert:[-0.00593207 -0.05510074  0.02048175  0.983837  ]
expert:[-0.0058085  -0.05443004  0.01989178  0.9838773 ]
expert:[-0.00566942 -0.0535132   0.01911388  0.98389906]
expert:[-0.00559496 -0.05312068  0.01895703  0.98396677]
expert:[-0.00549256 -0.05245199  0.01854977  0.9840097 ]
expert:[-0.00539539 -0.0517763   0.0181757   0.9840527 ]
expert:[-0.00530726 -0.05111245  0.01783154  0.9840968 ]
expert:[-0.0052198  -0.05045027  0.01752112  0.9841405 ]
expert:[-0.00512211 -0.04976117  0.01687897  0.9841534 ]
expert:[-0.00509178 -0.04890174  0.01585591  0.98414767]
expert:[-0.00514593 -0.04782853  0.01447554  0.98412913]
expert:[-0.00519805 -0.04676628  0.0131688   0.98411214]
expert:[-0.00526163 -0.04634011  0.01285388  0.9841378 ]
expert:[-0.00531185 -0.04582943  0.01252531  0.9841592 ]
expert:[-0.0053443  -0.0448569   0.01162235  0.98414797]
expert:[-0.00539155 -0.04421409  0.01105414  0.98410195]
expert:[-0.0054441  -0.04412295  0.01132887  0.98409265]
expert:[-0.00547195 -0.04381212  0.01142017  0.9840734 ]
expert:[-0.00548262 -0.04288829  0.01068127  0.9840168 ]
expert:[-0.00552899 -0.04279388  0.01102738  0.9840107 ]
expert:[-0.00555511 -0.04206036  0.01052938  0.9839664 ]
expert:[-0.005568   -0.04162598  0.01064852  0.98394984]
expert:[-0.005571   -0.04095591  0.0104466   0.9839186 ]
expert:[-0.00558529 -0.03987852  0.00910261  0.98383355]
expert_success: 1.0
path_length: 150



-------------------------------- Iteration 0 -------------------------------- 
initial ob: [-0.03265039  0.51487777  0.2368754   0.          0.6         0.01492813
  0.1         0.8         0.2         0.1         0.8         0.2       ]
agent_success: 0

training time:  0.1400470733642578
evaluation time:  7.575937747955322
epoch time:  7.716011047363281


-------------------------------- Iteration 200 -------------------------------- 
initial ob: [-0.03265039  0.51487777  0.2368754   0.          0.6         0.01492813
  0.1         0.8         0.2         0.1         0.8         0.2       ]
agent_success: 0

training time:  0.002292633056640625
evaluation time:  7.868188142776489
epoch time:  7.870514154434204


-------------------------------- Iteration 400 -------------------------------- 
initial ob: [-0.03265039  0.51487777  0.2368754   0.          0.6         0.01492813
  0.1         0.8         0.2         0.1         0.8         0.2       ]
agent_success: 0

training time:  0.0023310184478759766
evaluation time:  7.774615049362183
epoch time:  7.776970863342285


-------------------------------- Iteration 600 -------------------------------- 
initial ob: [-0.03265039  0.51487777  0.2368754   0.          0.6         0.01492813
  0.1         0.8         0.2         0.1         0.8         0.2       ]
agent_success: 0

training time:  0.0022993087768554688
evaluation time:  7.549034595489502
epoch time:  7.5513598918914795


-------------------------------- Iteration 800 -------------------------------- 
initial ob: [-0.03265039  0.51487777  0.2368754   0.          0.6         0.01492813
  0.1         0.8         0.2         0.1         0.8         0.2       ]
agent_success: 0

training time:  0.002299070358276367
evaluation time:  7.540124893188477
epoch time:  7.542460203170776


-------------------------------- Iteration 1000 -------------------------------- 
initial ob: [-0.03265039  0.51487777  0.2368754   0.          0.6         0.01492813
  0.1         0.8         0.2         0.1         0.8         0.2       ]
agent_success: 0

training time:  0.0022842884063720703
evaluation time:  7.543692111968994
epoch time:  7.546008825302124


-------------------------------- Iteration 1200 -------------------------------- 
initial ob: [-0.03265039  0.51487777  0.2368754   0.          0.6         0.01492813
  0.1         0.8         0.2         0.1         0.8         0.2       ]
agent_success: 0

training time:  0.0023016929626464844
evaluation time:  7.5677103996276855
epoch time:  7.570066928863525


-------------------------------- Iteration 1400 -------------------------------- 
initial ob: [-0.03265039  0.51487777  0.2368754   0.          0.6         0.01492813
  0.1         0.8         0.2         0.1         0.8         0.2       ]
agent_success: 0

training time:  0.0022737979888916016
evaluation time:  7.510525703430176
epoch time:  7.51282000541687


-------------------------------- Iteration 1600 -------------------------------- 
initial ob: [-0.03265039  0.51487777  0.2368754   0.          0.6         0.01492813
  0.1         0.8         0.2         0.1         0.8         0.2       ]
agent_success: 0

training time:  0.002309083938598633
evaluation time:  7.565002918243408
epoch time:  7.567338466644287


-------------------------------- Iteration 1800 -------------------------------- 
initial ob: [-0.03265039  0.51487777  0.2368754   0.          0.6         0.01492813
  0.1         0.8         0.2         0.1         0.8         0.2       ]
agent_success: 0

training time:  0.0022766590118408203
evaluation time:  7.513628005981445
epoch time:  7.515924692153931


-------------------------------- Iteration 2000 -------------------------------- 
initial ob: [-0.03265039  0.51487777  0.2368754   0.          0.6         0.01492813
  0.1         0.8         0.2         0.1         0.8         0.2       ]
agent_success: 0

training time:  0.002302885055541992
evaluation time:  7.556933879852295
epoch time:  7.559268236160278


-------------------------------- Iteration 2200 -------------------------------- 
initial ob: [-0.03265039  0.51487777  0.2368754   0.          0.6         0.01492813
  0.1         0.8         0.2         0.1         0.8         0.2       ]
agent_success: 0

training time:  0.002293109893798828
evaluation time:  7.71112585067749
epoch time:  7.713443756103516


-------------------------------- Iteration 2400 -------------------------------- 
initial ob: [-0.03265039  0.51487777  0.2368754   0.          0.6         0.01492813
  0.1         0.8         0.2         0.1         0.8         0.2       ]
agent_success: 0

training time:  0.002374887466430664
evaluation time:  7.648401975631714
epoch time:  7.650793075561523


-------------------------------- Iteration 2600 -------------------------------- 
initial ob: [-0.03265039  0.51487777  0.2368754   0.          0.6         0.01492813
  0.1         0.8         0.2         0.1         0.8         0.2       ]
agent_success: 0

training time:  0.0022852420806884766
evaluation time:  7.6278486251831055
epoch time:  7.6301515102386475


-------------------------------- Iteration 2800 -------------------------------- 
initial ob: [-0.03265039  0.51487777  0.2368754   0.          0.6         0.01492813
  0.1         0.8         0.2         0.1         0.8         0.2       ]
agent_success: 0

training time:  0.0023872852325439453
evaluation time:  7.634192705154419
epoch time:  7.636597156524658


-------------------------------- Iteration 3000 -------------------------------- 
initial ob: [-0.03265039  0.51487777  0.2368754   0.          0.6         0.01492813
  0.1         0.8         0.2         0.1         0.8         0.2       ]
agent_success: 0

training time:  0.0022749900817871094
evaluation time:  7.7034995555877686
epoch time:  7.7057929039001465


-------------------------------- Iteration 3200 -------------------------------- 
initial ob: [-0.03265039  0.51487777  0.2368754   0.          0.6         0.01492813
  0.1         0.8         0.2         0.1         0.8         0.2       ]
agent_success: 0

training time:  0.0023212432861328125
evaluation time:  7.665383338928223
epoch time:  7.667733430862427


-------------------------------- Iteration 3400 -------------------------------- 
initial ob: [-0.03265039  0.51487777  0.2368754   0.          0.6         0.01492813
  0.1         0.8         0.2         0.1         0.8         0.2       ]
agent_success: 0

training time:  0.0022907257080078125
evaluation time:  7.733514308929443
epoch time:  7.735822916030884


-------------------------------- Iteration 3600 -------------------------------- 
initial ob: [-0.03265039  0.51487777  0.2368754   0.          0.6         0.01492813
  0.1         0.8         0.2         0.1         0.8         0.2       ]
agent_success: 0

training time:  0.002317190170288086
evaluation time:  7.732758522033691
epoch time:  7.735091924667358


-------------------------------- Iteration 3800 -------------------------------- 
initial ob: [-0.03265039  0.51487777  0.2368754   0.          0.6         0.01492813
  0.1         0.8         0.2         0.1         0.8         0.2       ]
agent_success: 0

training time:  0.0022821426391601562
evaluation time:  7.695157051086426
epoch time:  7.697455644607544


-------------------------------- Iteration 4000 -------------------------------- 
initial ob: [-0.03265039  0.51487777  0.2368754   0.          0.6         0.01492813
  0.1         0.8         0.2         0.1         0.8         0.2       ]
agent_success: 0

training time:  0.0022864341735839844
evaluation time:  7.875885248184204
epoch time:  7.878190517425537


-------------------------------- Iteration 4200 -------------------------------- 
initial ob: [-0.03265039  0.51487777  0.2368754   0.          0.6         0.01492813
  0.1         0.8         0.2         0.1         0.8         0.2       ]
agent_success: 0

training time:  0.0022950172424316406
evaluation time:  8.041125059127808
epoch time:  8.043435096740723


-------------------------------- Iteration 4400 -------------------------------- 
initial ob: [-0.03265039  0.51487777  0.2368754   0.          0.6         0.01492813
  0.1         0.8         0.2         0.1         0.8         0.2       ]
agent_success: 0

training time:  0.002299785614013672
evaluation time:  8.526899814605713
epoch time:  8.529216766357422


-------------------------------- Iteration 4600 -------------------------------- 
initial ob: [-0.03265039  0.51487777  0.2368754   0.          0.6         0.01492813
  0.1         0.8         0.2         0.1         0.8         0.2       ]
agent_success: 0

training time:  0.0023279190063476562
evaluation time:  7.767667531967163
epoch time:  7.77001166343689


-------------------------------- Iteration 4800 -------------------------------- 
initial ob: [-0.03265039  0.51487777  0.2368754   0.          0.6         0.01492813
  0.1         0.8         0.2         0.1         0.8         0.2       ]
agent_success: 0

training time:  0.002279043197631836
evaluation time:  7.701061964035034
epoch time:  7.7033679485321045


-------------------------------- Iteration 5000 -------------------------------- 
initial ob: [-0.03265039  0.51487777  0.2368754   0.          0.6         0.01492813
  0.1         0.8         0.2         0.1         0.8         0.2       ]
agent_success: 0

training time:  0.0022771358489990234
evaluation time:  7.9549925327301025
epoch time:  7.95728611946106


-------------------------------- Iteration 5200 -------------------------------- 
initial ob: [-0.03265039  0.51487777  0.2368754   0.          0.6         0.01492813
  0.1         0.8         0.2         0.1         0.8         0.2       ]
agent_success: 0

training time:  0.002300262451171875
evaluation time:  7.833453178405762
epoch time:  7.835777521133423


-------------------------------- Iteration 5400 -------------------------------- 
initial ob: [-0.03265039  0.51487777  0.2368754   0.          0.6         0.01492813
  0.1         0.8         0.2         0.1         0.8         0.2       ]
agent_success: 0

training time:  0.0023012161254882812
evaluation time:  7.8710432052612305
epoch time:  7.87337851524353


-------------------------------- Iteration 5600 -------------------------------- 
initial ob: [-0.03265039  0.51487777  0.2368754   0.          0.6         0.01492813
  0.1         0.8         0.2         0.1         0.8         0.2       ]
agent_success: 0

training time:  0.0022878646850585938
evaluation time:  7.956634759902954
epoch time:  7.958937406539917


-------------------------------- Iteration 5800 -------------------------------- 
initial ob: [-0.03265039  0.51487777  0.2368754   0.          0.6         0.01492813
  0.1         0.8         0.2         0.1         0.8         0.2       ]
agent_success: 0

training time:  0.0023593902587890625
evaluation time:  8.001991033554077
epoch time:  8.004372835159302


-------------------------------- Iteration 6000 -------------------------------- 
initial ob: [-0.03265039  0.51487777  0.2368754   0.          0.6         0.01492813
  0.1         0.8         0.2         0.1         0.8         0.2       ]
agent_success: 0

training time:  0.002300262451171875
evaluation time:  7.729596138000488
epoch time:  7.731911897659302


-------------------------------- Iteration 6200 -------------------------------- 
initial ob: [-0.03265039  0.51487777  0.2368754   0.          0.6         0.01492813
  0.1         0.8         0.2         0.1         0.8         0.2       ]
agent_success: 1.0

training time:  0.0022954940795898438
evaluation time:  8.513975620269775
epoch time:  8.516310453414917


-------------------------------- Iteration 6400 -------------------------------- 
initial ob: [-0.03265039  0.51487777  0.2368754   0.          0.6         0.01492813
  0.1         0.8         0.2         0.1         0.8         0.2       ]
agent_success: 0

training time:  0.0023980140686035156
evaluation time:  8.377907752990723
epoch time:  8.380321264266968


-------------------------------- Iteration 6600 -------------------------------- 
initial ob: [-0.03265039  0.51487777  0.2368754   0.          0.6         0.01492813
  0.1         0.8         0.2         0.1         0.8         0.2       ]
agent_success: 0

training time:  0.002310037612915039
evaluation time:  7.909079551696777
epoch time:  7.911402940750122


-------------------------------- Iteration 6800 -------------------------------- 
initial ob: [-0.03265039  0.51487777  0.2368754   0.          0.6         0.01492813
  0.1         0.8         0.2         0.1         0.8         0.2       ]
agent_success: 0

training time:  0.002452850341796875
evaluation time:  7.794610500335693
epoch time:  7.797082185745239


-------------------------------- Iteration 7000 -------------------------------- 
initial ob: [-0.03265039  0.51487777  0.2368754   0.          0.6         0.01492813
  0.1         0.8         0.2         0.1         0.8         0.2       ]
agent_success: 0

training time:  0.0022957324981689453
evaluation time:  7.748603582382202
epoch time:  7.750913858413696


-------------------------------- Iteration 7200 -------------------------------- 
initial ob: [-0.03265039  0.51487777  0.2368754   0.          0.6         0.01492813
  0.1         0.8         0.2         0.1         0.8         0.2       ]
agent_success: 0

training time:  0.0022809505462646484
evaluation time:  7.736326217651367
epoch time:  7.738623380661011


-------------------------------- Iteration 7400 -------------------------------- 
initial ob: [-0.03265039  0.51487777  0.2368754   0.          0.6         0.01492813
  0.1         0.8         0.2         0.1         0.8         0.2       ]
agent_success: 0

training time:  0.0022902488708496094
evaluation time:  7.9032721519470215
epoch time:  7.905576467514038


-------------------------------- Iteration 7600 -------------------------------- 
initial ob: [-0.03265039  0.51487777  0.2368754   0.          0.6         0.01492813
  0.1         0.8         0.2         0.1         0.8         0.2       ]
agent_success: 0

training time:  0.0022864341735839844
evaluation time:  7.772124528884888
epoch time:  7.774437427520752


-------------------------------- Iteration 7800 -------------------------------- 
initial ob: [-0.03265039  0.51487777  0.2368754   0.          0.6         0.01492813
  0.1         0.8         0.2         0.1         0.8         0.2       ]
agent_success: 0

training time:  0.002310037612915039
evaluation time:  7.762866020202637
epoch time:  7.76519513130188


-------------------------------- Iteration 8000 -------------------------------- 
initial ob: [-0.03265039  0.51487777  0.2368754   0.          0.6         0.01492813
  0.1         0.8         0.2         0.1         0.8         0.2       ]
agent_success: 0

training time:  0.002293109893798828
evaluation time:  7.862012147903442
epoch time:  7.86432409286499


-------------------------------- Iteration 8200 -------------------------------- 
initial ob: [-0.03265039  0.51487777  0.2368754   0.          0.6         0.01492813
  0.1         0.8         0.2         0.1         0.8         0.2       ]
agent_success: 0

training time:  0.002285480499267578
evaluation time:  7.868578195571899
epoch time:  7.870901346206665


-------------------------------- Iteration 8400 -------------------------------- 
initial ob: [-0.03265039  0.51487777  0.2368754   0.          0.6         0.01492813
  0.1         0.8         0.2         0.1         0.8         0.2       ]
agent_success: 0

training time:  0.002295970916748047
evaluation time:  7.845634460449219
epoch time:  7.847947120666504


-------------------------------- Iteration 8600 -------------------------------- 
initial ob: [-0.03265039  0.51487777  0.2368754   0.          0.6         0.01492813
  0.1         0.8         0.2         0.1         0.8         0.2       ]
agent_success: 0

training time:  0.0022881031036376953
evaluation time:  7.76737642288208
epoch time:  7.769689321517944


-------------------------------- Iteration 8800 -------------------------------- 
initial ob: [-0.03265039  0.51487777  0.2368754   0.          0.6         0.01492813
  0.1         0.8         0.2         0.1         0.8         0.2       ]
agent_success: 0

training time:  0.002279996871948242
evaluation time:  7.776419162750244
epoch time:  7.778727769851685


-------------------------------- Iteration 9000 -------------------------------- 
initial ob: [-0.03265039  0.51487777  0.2368754   0.          0.6         0.01492813
  0.1         0.8         0.2         0.1         0.8         0.2       ]
agent_success: 0

training time:  0.002294778823852539
evaluation time:  8.32465124130249
epoch time:  8.3269624710083


-------------------------------- Iteration 9200 -------------------------------- 
initial ob: [-0.03265039  0.51487777  0.2368754   0.          0.6         0.01492813
  0.1         0.8         0.2         0.1         0.8         0.2       ]
agent_success: 0

training time:  0.002269268035888672
evaluation time:  7.756808519363403
epoch time:  7.759095907211304


-------------------------------- Iteration 9400 -------------------------------- 
initial ob: [-0.03265039  0.51487777  0.2368754   0.          0.6         0.01492813
  0.1         0.8         0.2         0.1         0.8         0.2       ]
agent_success: 0

training time:  0.002285003662109375
evaluation time:  8.53813362121582
epoch time:  8.540434837341309


-------------------------------- Iteration 9600 -------------------------------- 
initial ob: [-0.03265039  0.51487777  0.2368754   0.          0.6         0.01492813
  0.1         0.8         0.2         0.1         0.8         0.2       ]
agent_success: 0

training time:  0.0023033618927001953
evaluation time:  7.80408787727356
epoch time:  7.806411981582642


-------------------------------- Iteration 9800 -------------------------------- 
initial ob: [-0.03265039  0.51487777  0.2368754   0.          0.6         0.01492813
  0.1         0.8         0.2         0.1         0.8         0.2       ]
agent_success: 0

training time:  0.0022962093353271484
evaluation time:  7.744518756866455
epoch time:  7.746832847595215


-------------------------------- Iteration 10000 -------------------------------- 
initial ob: [-0.03265039  0.51487777  0.2368754   0.          0.6         0.01492813
  0.1         0.8         0.2         0.1         0.8         0.2       ]
agent_success: 1.0

training time:  0.0022759437561035156
evaluation time:  8.52009892463684
epoch time:  8.522402048110962


-------------------------------- Iteration 10200 -------------------------------- 
initial ob: [-0.03265039  0.51487777  0.2368754   0.          0.6         0.01492813
  0.1         0.8         0.2         0.1         0.8         0.2       ]
agent_success: 0

training time:  0.0023109912872314453
evaluation time:  8.212717533111572
epoch time:  8.215043306350708


-------------------------------- Iteration 10400 -------------------------------- 
initial ob: [-0.03265039  0.51487777  0.2368754   0.          0.6         0.01492813
  0.1         0.8         0.2         0.1         0.8         0.2       ]
agent_success: 0

training time:  0.0022940635681152344
evaluation time:  7.907965660095215
epoch time:  7.910274982452393


-------------------------------- Iteration 10600 -------------------------------- 
initial ob: [-0.03265039  0.51487777  0.2368754   0.          0.6         0.01492813
  0.1         0.8         0.2         0.1         0.8         0.2       ]
agent_success: 0

training time:  0.002304553985595703
evaluation time:  7.835629224777222
epoch time:  7.837951183319092


-------------------------------- Iteration 10800 -------------------------------- 
initial ob: [-0.03265039  0.51487777  0.2368754   0.          0.6         0.01492813
  0.1         0.8         0.2         0.1         0.8         0.2       ]
agent_success: 1.0

training time:  0.0022749900817871094
evaluation time:  8.225322008132935
epoch time:  8.227608442306519


-------------------------------- Iteration 11000 -------------------------------- 
initial ob: [-0.03265039  0.51487777  0.2368754   0.          0.6         0.01492813
  0.1         0.8         0.2         0.1         0.8         0.2       ]
agent_success: 0

training time:  0.002290010452270508
evaluation time:  7.869467258453369
epoch time:  7.871773958206177


-------------------------------- Iteration 11200 -------------------------------- 
initial ob: [-0.03265039  0.51487777  0.2368754   0.          0.6         0.01492813
  0.1         0.8         0.2         0.1         0.8         0.2       ]
agent_success: 0

training time:  0.002324819564819336
evaluation time:  7.772215127944946
epoch time:  7.774555921554565


-------------------------------- Iteration 11400 -------------------------------- 
initial ob: [-0.03265039  0.51487777  0.2368754   0.          0.6         0.01492813
  0.1         0.8         0.2         0.1         0.8         0.2       ]
agent_success: 0

training time:  0.0022954940795898438
evaluation time:  7.764950513839722
epoch time:  7.767270565032959


-------------------------------- Iteration 11600 -------------------------------- 
initial ob: [-0.03265039  0.51487777  0.2368754   0.          0.6         0.01492813
  0.1         0.8         0.2         0.1         0.8         0.2       ]
agent_success: 0

training time:  0.0023016929626464844
evaluation time:  7.94110631942749
epoch time:  7.943424940109253


-------------------------------- Iteration 11800 -------------------------------- 
initial ob: [-0.03265039  0.51487777  0.2368754   0.          0.6         0.01492813
  0.1         0.8         0.2         0.1         0.8         0.2       ]
agent_success: 0

training time:  0.0023469924926757812
evaluation time:  7.8056275844573975
epoch time:  7.8079917430877686


-------------------------------- Iteration 12000 -------------------------------- 
initial ob: [-0.03265039  0.51487777  0.2368754   0.          0.6         0.01492813
  0.1         0.8         0.2         0.1         0.8         0.2       ]
agent_success: 0

training time:  0.0023026466369628906
evaluation time:  7.817745923995972
epoch time:  7.820066690444946


-------------------------------- Iteration 12200 -------------------------------- 
initial ob: [-0.03265039  0.51487777  0.2368754   0.          0.6         0.01492813
  0.1         0.8         0.2         0.1         0.8         0.2       ]
agent_success: 0

training time:  0.002310037612915039
evaluation time:  8.217498302459717
epoch time:  8.21982717514038


-------------------------------- Iteration 12400 -------------------------------- 
initial ob: [-0.03265039  0.51487777  0.2368754   0.          0.6         0.01492813
  0.1         0.8         0.2         0.1         0.8         0.2       ]
agent_success: 0

training time:  0.002396106719970703
evaluation time:  7.926762580871582
epoch time:  7.929185390472412


-------------------------------- Iteration 12600 -------------------------------- 
initial ob: [-0.03265039  0.51487777  0.2368754   0.          0.6         0.01492813
  0.1         0.8         0.2         0.1         0.8         0.2       ]
agent_success: 0

training time:  0.0022652149200439453
evaluation time:  7.852140665054321
epoch time:  7.854421138763428


-------------------------------- Iteration 12800 -------------------------------- 
initial ob: [-0.03265039  0.51487777  0.2368754   0.          0.6         0.01492813
  0.1         0.8         0.2         0.1         0.8         0.2       ]
agent_success: 0

training time:  0.0023033618927001953
evaluation time:  7.891882658004761
epoch time:  7.8942036628723145


-------------------------------- Iteration 13000 -------------------------------- 
initial ob: [-0.03265039  0.51487777  0.2368754   0.          0.6         0.01492813
  0.1         0.8         0.2         0.1         0.8         0.2       ]
agent_success: 0

training time:  0.002289295196533203
evaluation time:  7.785268306732178
epoch time:  7.787575006484985


-------------------------------- Iteration 13200 -------------------------------- 
initial ob: [-0.03265039  0.51487777  0.2368754   0.          0.6         0.01492813
  0.1         0.8         0.2         0.1         0.8         0.2       ]
agent_success: 0

training time:  0.002297639846801758
evaluation time:  8.027488946914673
epoch time:  8.029803276062012


-------------------------------- Iteration 13400 -------------------------------- 
initial ob: [-0.03265039  0.51487777  0.2368754   0.          0.6         0.01492813
  0.1         0.8         0.2         0.1         0.8         0.2       ]
agent_success: 0

training time:  0.002299785614013672
evaluation time:  8.05772614479065
epoch time:  8.060043334960938


-------------------------------- Iteration 13600 -------------------------------- 
initial ob: [-0.03265039  0.51487777  0.2368754   0.          0.6         0.01492813
  0.1         0.8         0.2         0.1         0.8         0.2       ]
agent_success: 0

training time:  0.002306699752807617
evaluation time:  7.872671842575073
epoch time:  7.874995470046997


-------------------------------- Iteration 13800 -------------------------------- 
initial ob: [-0.03265039  0.51487777  0.2368754   0.          0.6         0.01492813
  0.1         0.8         0.2         0.1         0.8         0.2       ]
agent_success: 0

training time:  0.0023033618927001953
evaluation time:  7.7546772956848145
epoch time:  7.757001161575317


-------------------------------- Iteration 14000 -------------------------------- 
initial ob: [-0.03265039  0.51487777  0.2368754   0.          0.6         0.01492813
  0.1         0.8         0.2         0.1         0.8         0.2       ]
agent_success: 0

training time:  0.002301454544067383
evaluation time:  7.787945747375488
epoch time:  7.7902631759643555


-------------------------------- Iteration 14200 -------------------------------- 
initial ob: [-0.03265039  0.51487777  0.2368754   0.          0.6         0.01492813
  0.1         0.8         0.2         0.1         0.8         0.2       ]
agent_success: 1.0

training time:  0.002296924591064453
evaluation time:  8.333765745162964
epoch time:  8.336079835891724


-------------------------------- Iteration 14400 -------------------------------- 
initial ob: [-0.03265039  0.51487777  0.2368754   0.          0.6         0.01492813
  0.1         0.8         0.2         0.1         0.8         0.2       ]
agent_success: 0

training time:  0.002287626266479492
evaluation time:  7.875557899475098
epoch time:  7.87786340713501


-------------------------------- Iteration 14600 -------------------------------- 
initial ob: [-0.03265039  0.51487777  0.2368754   0.          0.6         0.01492813
  0.1         0.8         0.2         0.1         0.8         0.2       ]
agent_success: 0

training time:  0.0023119449615478516
evaluation time:  7.7827959060668945
epoch time:  7.785123586654663


-------------------------------- Iteration 14800 -------------------------------- 
initial ob: [-0.03265039  0.51487777  0.2368754   0.          0.6         0.01492813
  0.1         0.8         0.2         0.1         0.8         0.2       ]
agent_success: 0

training time:  0.0022945404052734375
evaluation time:  7.881712198257446
epoch time:  7.8840296268463135


-------------------------------- Iteration 15000 -------------------------------- 
initial ob: [-0.03265039  0.51487777  0.2368754   0.          0.6         0.01492813
  0.1         0.8         0.2         0.1         0.8         0.2       ]
agent_success: 0

training time:  0.002327442169189453
evaluation time:  7.820102214813232
epoch time:  7.822449207305908


-------------------------------- Iteration 15200 -------------------------------- 
initial ob: [-0.03265039  0.51487777  0.2368754   0.          0.6         0.01492813
  0.1         0.8         0.2         0.1         0.8         0.2       ]
agent_success: 0

training time:  0.0023193359375
evaluation time:  7.875146389007568
epoch time:  7.8775012493133545


-------------------------------- Iteration 15400 -------------------------------- 
initial ob: [-0.03265039  0.51487777  0.2368754   0.          0.6         0.01492813
  0.1         0.8         0.2         0.1         0.8         0.2       ]
agent_success: 0

training time:  0.002318143844604492
evaluation time:  7.924293041229248
epoch time:  7.926632642745972


-------------------------------- Iteration 15600 -------------------------------- 
initial ob: [-0.03265039  0.51487777  0.2368754   0.          0.6         0.01492813
  0.1         0.8         0.2         0.1         0.8         0.2       ]
agent_success: 0

training time:  0.002308368682861328
evaluation time:  7.988013744354248
epoch time:  7.9903388023376465


-------------------------------- Iteration 15800 -------------------------------- 
initial ob: [-0.03265039  0.51487777  0.2368754   0.          0.6         0.01492813
  0.1         0.8         0.2         0.1         0.8         0.2       ]
agent_success: 0

training time:  0.002306699752807617
evaluation time:  7.89655613899231
epoch time:  7.898881435394287


-------------------------------- Iteration 16000 -------------------------------- 
initial ob: [-0.03265039  0.51487777  0.2368754   0.          0.6         0.01492813
  0.1         0.8         0.2         0.1         0.8         0.2       ]
agent_success: 0

training time:  0.002343416213989258
evaluation time:  7.751657724380493
epoch time:  7.75401759147644


-------------------------------- Iteration 16200 -------------------------------- 
initial ob: [-0.03265039  0.51487777  0.2368754   0.          0.6         0.01492813
  0.1         0.8         0.2         0.1         0.8         0.2       ]
agent_success: 0

training time:  0.0022950172424316406
evaluation time:  7.8588292598724365
epoch time:  7.861147880554199


-------------------------------- Iteration 16400 -------------------------------- 
initial ob: [-0.03265039  0.51487777  0.2368754   0.          0.6         0.01492813
  0.1         0.8         0.2         0.1         0.8         0.2       ]
agent_success: 0

training time:  0.0022954940795898438
evaluation time:  7.768861770629883
epoch time:  7.771172285079956


-------------------------------- Iteration 16600 -------------------------------- 
initial ob: [-0.03265039  0.51487777  0.2368754   0.          0.6         0.01492813
  0.1         0.8         0.2         0.1         0.8         0.2       ]
agent_success: 0

training time:  0.0023033618927001953
evaluation time:  7.83148980140686
epoch time:  7.833809852600098


-------------------------------- Iteration 16800 -------------------------------- 
initial ob: [-0.03265039  0.51487777  0.2368754   0.          0.6         0.01492813
  0.1         0.8         0.2         0.1         0.8         0.2       ]
agent_success: 0

training time:  0.0023856163024902344
evaluation time:  7.839400291442871
epoch time:  7.8418052196502686


-------------------------------- Iteration 17000 -------------------------------- 
initial ob: [-0.03265039  0.51487777  0.2368754   0.          0.6         0.01492813
  0.1         0.8         0.2         0.1         0.8         0.2       ]
agent_success: 0

training time:  0.0024406909942626953
evaluation time:  7.904559373855591
epoch time:  7.907017707824707


-------------------------------- Iteration 17200 -------------------------------- 
initial ob: [-0.03265039  0.51487777  0.2368754   0.          0.6         0.01492813
  0.1         0.8         0.2         0.1         0.8         0.2       ]
agent_success: 0

training time:  0.002291440963745117
evaluation time:  7.847867965698242
epoch time:  7.850205183029175


-------------------------------- Iteration 17400 -------------------------------- 
initial ob: [-0.03265039  0.51487777  0.2368754   0.          0.6         0.01492813
  0.1         0.8         0.2         0.1         0.8         0.2       ]
agent_success: 0

training time:  0.002304553985595703
evaluation time:  7.803852081298828
epoch time:  7.806172847747803


-------------------------------- Iteration 17600 -------------------------------- 
initial ob: [-0.03265039  0.51487777  0.2368754   0.          0.6         0.01492813
  0.1         0.8         0.2         0.1         0.8         0.2       ]
agent_success: 0

training time:  0.0023016929626464844
evaluation time:  7.81809401512146
epoch time:  7.8204121589660645


-------------------------------- Iteration 17800 -------------------------------- 
initial ob: [-0.03265039  0.51487777  0.2368754   0.          0.6         0.01492813
  0.1         0.8         0.2         0.1         0.8         0.2       ]
agent_success: 0

training time:  0.002292156219482422
evaluation time:  7.896469593048096
epoch time:  7.898798704147339


-------------------------------- Iteration 18000 -------------------------------- 
initial ob: [-0.03265039  0.51487777  0.2368754   0.          0.6         0.01492813
  0.1         0.8         0.2         0.1         0.8         0.2       ]
agent_success: 0

training time:  0.0025899410247802734
evaluation time:  7.832508325576782
epoch time:  7.835115194320679


-------------------------------- Iteration 18200 -------------------------------- 
initial ob: [-0.03265039  0.51487777  0.2368754   0.          0.6         0.01492813
  0.1         0.8         0.2         0.1         0.8         0.2       ]
agent_success: 0

training time:  0.0023221969604492188
evaluation time:  8.303630113601685
epoch time:  8.30598783493042


-------------------------------- Iteration 18400 -------------------------------- 
initial ob: [-0.03265039  0.51487777  0.2368754   0.          0.6         0.01492813
  0.1         0.8         0.2         0.1         0.8         0.2       ]
agent_success: 0

training time:  0.002298593521118164
evaluation time:  7.9483537673950195
epoch time:  7.9506683349609375


-------------------------------- Iteration 18600 -------------------------------- 
initial ob: [-0.03265039  0.51487777  0.2368754   0.          0.6         0.01492813
  0.1         0.8         0.2         0.1         0.8         0.2       ]
agent_success: 0

training time:  0.0032477378845214844
evaluation time:  7.821957111358643
epoch time:  7.8252272605896


-------------------------------- Iteration 18800 -------------------------------- 
initial ob: [-0.03265039  0.51487777  0.2368754   0.          0.6         0.01492813
  0.1         0.8         0.2         0.1         0.8         0.2       ]
agent_success: 0

training time:  0.0024306774139404297
evaluation time:  7.822410821914673
epoch time:  7.824878454208374


-------------------------------- Iteration 19000 -------------------------------- 
initial ob: [-0.03265039  0.51487777  0.2368754   0.          0.6         0.01492813
  0.1         0.8         0.2         0.1         0.8         0.2       ]
agent_success: 0

training time:  0.002330780029296875
evaluation time:  7.9006428718566895
epoch time:  7.903008460998535


-------------------------------- Iteration 19200 -------------------------------- 
initial ob: [-0.03265039  0.51487777  0.2368754   0.          0.6         0.01492813
  0.1         0.8         0.2         0.1         0.8         0.2       ]
agent_success: 0

training time:  0.002299070358276367
evaluation time:  7.80297327041626
epoch time:  7.805309534072876


-------------------------------- Iteration 19400 -------------------------------- 
initial ob: [-0.03265039  0.51487777  0.2368754   0.          0.6         0.01492813
  0.1         0.8         0.2         0.1         0.8         0.2       ]
agent_success: 0

training time:  0.002414226531982422
evaluation time:  7.867785692214966
epoch time:  7.870215892791748


-------------------------------- Iteration 19600 -------------------------------- 
initial ob: [-0.03265039  0.51487777  0.2368754   0.          0.6         0.01492813
  0.1         0.8         0.2         0.1         0.8         0.2       ]
agent_success: 0

training time:  0.0023040771484375
evaluation time:  7.782322406768799
epoch time:  7.7846527099609375


-------------------------------- Iteration 19800 -------------------------------- 
initial ob: [-0.03265039  0.51487777  0.2368754   0.          0.6         0.01492813
  0.1         0.8         0.2         0.1         0.8         0.2       ]
agent_success: 0

training time:  0.0023114681243896484
evaluation time:  7.929991960525513
epoch time:  7.932386636734009


-------------------------------- Iteration 20000 -------------------------------- 
initial ob: [-0.03265039  0.51487777  0.2368754   0.          0.6         0.01492813
  0.1         0.8         0.2         0.1         0.8         0.2       ]
agent_success: 0

training time:  0.002445697784423828
evaluation time:  7.827533483505249
epoch time:  7.82999587059021


-------------------------------- Iteration 20200 -------------------------------- 
initial ob: [-0.03265039  0.51487777  0.2368754   0.          0.6         0.01492813
  0.1         0.8         0.2         0.1         0.8         0.2       ]
agent_success: 0

training time:  0.002293825149536133
evaluation time:  7.851430892944336
epoch time:  7.853744983673096


-------------------------------- Iteration 20400 -------------------------------- 
initial ob: [-0.03265039  0.51487777  0.2368754   0.          0.6         0.01492813
  0.1         0.8         0.2         0.1         0.8         0.2       ]
agent_success: 0

training time:  0.002301454544067383
evaluation time:  7.817973375320435
epoch time:  7.820312976837158


-------------------------------- Iteration 20600 -------------------------------- 
initial ob: [-0.03265039  0.51487777  0.2368754   0.          0.6         0.01492813
  0.1         0.8         0.2         0.1         0.8         0.2       ]
agent_success: 0

training time:  0.0024492740631103516
evaluation time:  7.872345447540283
epoch time:  7.874814748764038


-------------------------------- Training stopped due to early stopping -------------------------------- 
min loss:  0.002317944


-------------------------------- Test Results -------------------------------- 
initial ob: [-0.03265039  0.51487777  0.2368754   0.          0.6         0.01492813
  0.1         0.8         0.2         0.1         0.8         0.2       ]
agent_success: 0

mean_success_rate:  0.0
Done
