/var/lib/slurm/slurmd/job3515596/slurm_script: line 9: batch_scripts/MT50_batch/seed.sh: No such file or directory
SLURM_JOBID=3515596
working directory=/viscam/u/jialugao/Imitation-SoftModule
########################
logging outputs to  /viscam/u/jialugao/Imitation-SoftModule/data/Base_bc_reach_door-close-v1_2640.000125-01-2022_23-02-07
########################
{'expert_policy_file': '../Multi-Task-RL/log/MT50_Single_Task/door-close-v1/Fixed/238/model/model_pf_best.pth', 'exp_name': 'bc_reach', 'do_dagger': False, 'ep_len': 200, 'gradient_steps': 1, 'n_iter': 10000, 'render_interval': 1, 'eval_interval': 200, 'batch_size': 64, 'eval_batch_size': 32, 'train_batch_size': 32, 'n_layers': 2, 'size': 400, 'learning_rate': 0.0001, 'video_log_freq': -1, 'scalar_log_freq': 1, 'no_gpu': False, 'which_gpu': 0, 'max_replay_buffer_size': 1000000, 'save_params': False, 'seed': 32, 'worker_nums': 1, 'eval_worker_nums': 1, 'config': 'config/BC.json', 'no_cuda': True, 'random_init': False, 'device': 'cpu', 'id': 'MT50_Single_Task', 'task_name': 'door-close-v1', 'task_env': 'MT50_task_env', 'cuda': False, 'log_dir': '/viscam/u/jialugao/Imitation-SoftModule/data/Base_bc_reach_door-close-v1_2640.000125-01-2022_23-02-07', 'agent_class': <class 'agents.bc_agent.MLPAgent'>, 'agent_params': {'n_layers': 2, 'size': 400, 'learning_rate': 0.0001, 'max_replay_buffer_size': 1000000, 'discrete': False, 'ac_dim': 4, 'ob_dim': 9}}
{'env_name': 'single_task', 'env': {'reward_scale': 1, 'obs_norm': False}, 'meta_env': {'obs_type': 'with_goal', 'random_init': False}, 'replay_buffer': {'size': 1000000.0}, 'net': {'hidden_shapes': [400, 400], 'append_hidden_shapes': [400], 'base_type': <class 'networks.base.MLPBase'>}, 'general_setting': {'discount': 0.99, 'pretrain_epochs': 20, 'num_epochs': 7500, 'epoch_frames': 200, 'max_episode_frames': 200, 'batch_size': 1280, 'min_pool': 10000, 'target_hard_update_period': 1000, 'use_soft_update': True, 'tau': 0.005, 'opt_times': 200, 'eval_episodes': 100, 'train_render': False, 'eval_render': False, 'env': <NormAct<RewardShift<SingleWrapperNone>>>, 'logger': <utils.logger.Logger object at 0x7f7def9bab50>, 'device': device(type='cpu')}, 'sac': {'plr': 0.0003, 'qlr': 0.0003, 'reparameterization': True, 'automatic_entropy_tuning': True, 'policy_std_reg_weight': 0, 'policy_mean_reg_weight': 0}}
Loading expert policy from... ../Multi-Task-RL/log/MT50_Single_Task/door-close-v1/Fixed/238/model/model_pf_best.pth
tensor([[-0.0084, -0.0111, -0.0533,  ..., -0.0694, -0.0162, -0.0621],
        [ 0.0223, -0.0394, -0.0400,  ..., -0.0335, -0.0115, -0.0807],
        [ 0.0017, -0.0862, -0.0634,  ..., -0.0467, -0.0336, -0.0555],
        ...,
        [ 0.0428, -0.0779, -0.0112,  ..., -0.0011, -0.0504, -0.0453],
        [-0.0050, -0.0363, -0.0449,  ..., -0.0799,  0.0103, -0.0153],
        [-0.0205, -0.0083, -0.0645,  ..., -0.0618, -0.0546, -0.0227]])
Done restoring expert policy...
<NormAct<RewardShift<AugObs<SawyerDoorCloseEnv instance>>>>


-------------------------------- Iteration 0 -------------------------------- 
initial ob: [-0.03264849  0.51488124  0.2368859  -0.21000095  0.69000054  0.15
  0.2         0.8         0.15        0.2         0.8         0.15      ]
expert:[-0.52662235  0.95202315  0.74652404  0.6017667 ]
expert:[-0.49044845  0.90745103  0.8513438  -0.14746642]
expert:[-0.93045175  0.8354914   0.95825285  0.11095091]
expert:[-0.9674468   0.84086037  0.97436476  0.0711964 ]
expert:[-0.96432173  0.87186617  0.9694415  -0.24130946]
expert:[-0.9331523   0.92712194  0.93510926 -0.69527245]
expert:[-0.9496532  0.9442531  0.8694137 -0.9321626]
expert:[-0.97224116  0.95948005  0.8636173  -0.9607468 ]
expert:[-0.97689694  0.97107065  0.91100764 -0.922039  ]
expert:[-0.9804239   0.97277737  0.91565543 -0.7501125 ]
expert:[-0.9818481   0.97463614  0.8553746  -0.80755484]
expert:[-0.97228     0.976791    0.79092944 -0.66984916]
expert:[-0.97973716  0.9750075   0.7504407  -0.65623915]
expert:[-0.98134047  0.96604586  0.26545236 -0.5465461 ]
expert:[-0.9797704   0.9584271  -0.68341815  0.11391845]
expert:[-0.9866016   0.9683548  -0.9213528   0.91118395]
expert:[-0.98232263  0.9615425  -0.94415873  0.98507977]
expert:[ 0.96237254  0.6575971  -0.9625055   0.9132909 ]
expert:[ 0.9908042   0.48593637 -0.9841294   0.93212533]
expert:[ 0.99101365  0.4259842  -0.9876444   0.9410242 ]
expert:[ 0.991026    0.45420718 -0.9842373   0.9391901 ]
expert:[ 0.99079776  0.61202544 -0.9637165   0.9237242 ]
expert:[ 0.98746586  0.77340984 -0.8876124   0.88834774]
expert:[ 0.9878299  0.7747716 -0.8407341  0.8545236]
expert:[ 0.9912537  0.7464947 -0.762443   0.8240475]
expert:[ 0.993355   0.7510763 -0.5049016  0.7815443]
expert:[0.9923787  0.6565766  0.20580614 0.81083214]
expert:[ 0.9936125  -0.26546746  0.4347345   0.75962937]
expert:[ 0.9954178  -0.97005475  0.5780114   0.60669994]
expert:[ 0.9953897  -0.991398    0.80652136  0.16820763]
expert:[ 0.99882036 -0.9951063   0.97778195 -0.41721147]
expert:[ 0.9930314  -0.9974958   0.14620496 -0.5360719 ]
expert:[ 0.99209857 -0.99875563 -0.94812745  0.30167344]
expert:[ 0.99149543 -0.9764001  -0.98107964  0.38049266]
expert:[ 0.99667877 -0.9765978  -0.97668386  0.21963881]
expert:[ 0.997126   -0.9766476  -0.9664009   0.18224564]
expert:[ 0.99750936 -0.9375744  -0.838026    0.19316913]
expert:[ 0.997344   -0.59011084 -0.10844126 -0.47570413]
expert:[ 0.99636805  0.72775185  0.72601455 -0.7652103 ]
expert:[ 0.99244356  0.8385008   0.9287878  -0.84765756]
expert:[ 0.98690623  0.841651    0.92210495 -0.8411192 ]
expert:[ 0.97658145  0.80504465  0.8527176  -0.76361597]
expert:[ 0.9582194   0.74906045  0.7104871  -0.6583949 ]
expert:[ 0.94426024  0.73177296  0.597752   -0.63449156]
expert:[ 0.95595944  0.7252714   0.45051628 -0.6876547 ]
expert:[ 0.9666364   0.66036123  0.09061608 -0.73546296]
expert:[ 0.97806674  0.5275075  -0.624749   -0.49986696]
expert:[ 0.97321826  0.3246323  -0.88434356  0.06946305]
expert:[ 0.95603263  0.5659702  -0.9392038   0.5376462 ]
expert:[ 0.92842823  0.66263324 -0.96535265  0.7894027 ]
expert:[ 0.8902891   0.62326485 -0.97372496  0.87705755]
expert:[ 0.8185129   0.5276444  -0.95362926  0.9053556 ]
expert:[ 0.67290765  0.38818562 -0.87766814  0.91151965]
expert:[ 0.41744906  0.20413475 -0.65060216  0.9024796 ]
expert:[ 0.14046557  0.08618181 -0.28533423  0.890746  ]
expert:[ 0.07699737  0.03998002 -0.19117339  0.8775271 ]
expert:[ 0.02553346  0.00204453 -0.14744349  0.8752116 ]
expert:[-0.01463222 -0.02866578 -0.12101587  0.87475175]
expert:[-0.03289588 -0.03638205 -0.10833994  0.8780501 ]
expert:[-0.0434894  -0.03854133 -0.09586019  0.87940466]
expert:[-0.05208204 -0.04190172 -0.08128282  0.8771946 ]
expert:[-0.05957707 -0.04591719 -0.06637008  0.87286067]
expert:[-0.06588476 -0.04976197 -0.052233    0.86766   ]
expert:[-0.07055909 -0.05263357 -0.0407446   0.86299765]
expert:[-0.0740476  -0.05518964 -0.02861354  0.8576744 ]
expert:[-0.0759704  -0.05739406 -0.01248221  0.8507707 ]
expert:[-0.07732165 -0.0594558   0.00201966  0.8436913 ]
expert:[-0.07825432 -0.06141618  0.01569985  0.8362398 ]
expert:[-0.07882892 -0.06317382  0.0282114   0.82878596]
expert:[-0.07903748 -0.06469346  0.03945491  0.8214692 ]
expert:[-0.078866   -0.06574476  0.04933749  0.8145306 ]
expert:[-0.07831777 -0.06610981  0.05774483  0.8082432 ]
expert:[-0.07742041 -0.06610355  0.06487107  0.8025512 ]
expert:[-0.07620632 -0.06571789  0.07077205  0.7975484 ]
expert:[-0.07470122 -0.06494053  0.07557115  0.7932702 ]
expert:[-0.07286584 -0.06377927  0.07921505  0.7897104 ]
expert:[-0.07077959 -0.0622717   0.08184925  0.7868565 ]
expert:[-0.06846361 -0.06045079  0.08350617  0.7846796 ]
expert:[-0.0659396  -0.05835033  0.08422717  0.7831393 ]
expert:[-0.06322914 -0.0560037   0.08405957  0.78218824]
expert:[-0.0603536  -0.05344143  0.08305822  0.7817745 ]
expert:[-0.05725876 -0.05056031  0.0812307   0.7819281 ]
expert:[-0.05385075 -0.04722115  0.07852373  0.7826783 ]
expert:[-0.05008045 -0.04339752  0.07487813  0.7839514 ]
expert:[-0.0452529  -0.03908162  0.06908964  0.78449386]
expert:[-0.04011792 -0.03461193  0.06230982  0.78506505]
expert:[-0.03516139 -0.03024788  0.05540618  0.78593427]
expert:[-0.03071832 -0.02609336  0.0492417   0.78725034]
expert:[-0.02666559 -0.02223171  0.04349218  0.7886801 ]
expert:[-0.02312156 -0.01875135  0.03845061  0.7901936 ]
expert:[-0.01990103 -0.01561727  0.03371214  0.79158473]
expert:[-0.01696057 -0.01258396  0.02925195  0.792837  ]
expert:[-0.01421213 -0.00933803  0.02501469  0.7940263 ]
expert:[-0.01159285 -0.00616801  0.02097534  0.7952441 ]
expert:[-0.00876553 -0.00298661  0.01868587  0.7960074 ]
expert:[-6.0006552e-03  6.4216554e-05  1.6919928e-02  7.9659176e-01]
expert:[-0.00340264  0.0029225   0.01521502  0.7970976 ]
expert:[-0.00090682  0.00556951  0.01360913  0.797476  ]
expert:[0.00183344 0.00798947 0.01235019 0.79751897]
expert:[0.00437218 0.01018998 0.01110284 0.79750484]
expert:[0.00671204 0.01217054 0.0098623  0.7974436 ]
expert:[0.00885323 0.01393972 0.00862198 0.7973557 ]
expert:[0.01079806 0.01550411 0.00737912 0.7972558 ]
expert:[0.01255142 0.01687317 0.00613452 0.7971566 ]
expert:[0.01411758 0.01805576 0.00488983 0.7970689 ]
expert:[0.01550202 0.01906168 0.0036487  0.7970017 ]
expert:[0.01671108 0.01990111 0.00241496 0.796961  ]
expert:[0.01775051 0.02058295 0.00119408 0.79695165]
expert:[ 1.8626561e-02  2.1116449e-02 -9.9316239e-06  7.9697609e-01]
expert:[ 0.019346    0.02151063 -0.00119183  0.79703593]
expert:[ 0.01991482  0.02177315 -0.00234589  0.7971307 ]
expert:[ 0.02034035  0.02191258 -0.00346806  0.79725915]
expert:[ 0.02062877  0.02193632 -0.00455237  0.7974187 ]
expert:[ 0.02078657  0.02185099 -0.00559447  0.7976063 ]
expert:[ 0.0208208   0.02166402 -0.00659055  0.7978184 ]
expert:[ 0.02073816  0.02138237 -0.00753726  0.79805183]
expert:[ 0.02054498  0.02101241 -0.00842925  0.7983016 ]
expert:[ 0.02024833  0.02056031 -0.00926347  0.7985632 ]
expert:[ 0.01985515  0.02003332 -0.01003843  0.7988335 ]
expert:[ 0.0193721   0.01943694 -0.01074878  0.79910725]
expert:[ 0.01880594  0.01877788 -0.01139464  0.7993816 ]
expert:[ 0.0181632   0.01806226 -0.01197285  0.7996517 ]
expert:[ 0.0174508   0.01729616 -0.01248108  0.7999146 ]
expert:[ 0.01667551  0.01648575 -0.01291892  0.8001668 ]
expert:[ 0.015844    0.01563689 -0.0132862   0.8004055 ]
expert:[ 0.01496278  0.01475597 -0.01358101  0.80062795]
expert:[ 0.01403859  0.0138482  -0.01380473  0.8008312 ]
expert:[ 0.01307771  0.01291959 -0.01395651  0.80101347]
expert:[ 0.01208655  0.01197545 -0.01403678  0.80117273]
expert:[ 0.01107144  0.01102194 -0.01404745  0.8013078 ]
expert:[ 0.01003866  0.01006343 -0.01398994  0.80141646]
expert:[ 0.00899338  0.0091051  -0.01386522  0.80149823]
expert:[ 0.00794221  0.00815221 -0.01367583  0.801552  ]
expert:[ 0.00689016  0.00720887 -0.01342446  0.8015772 ]
expert:[ 0.00584295  0.00628002 -0.01311368  0.8015734 ]
expert:[ 0.00480559  0.00536889 -0.01274687  0.8015402 ]
expert:[ 0.00378264  0.00447946 -0.01232697  0.8014777 ]
expert:[ 0.00277912  0.00361585 -0.01185657  0.8013858 ]
expert:[ 0.0017994   0.00278109 -0.01134077  0.8012656 ]
expert:[ 0.00084749  0.00197793 -0.01078347  0.80111706]
expert:[-8.0853701e-05  1.3109215e-03 -1.0188562e-02  8.0091029e-01]
expert:[-9.7420783e-04  6.8355340e-04 -9.5604500e-03  8.0067605e-01]
expert:[-1.8287578e-03  8.8639557e-05 -8.9025898e-03  8.0041707e-01]
expert:[-2.6427149e-03 -4.7279146e-04 -8.2206437e-03  8.0013394e-01]
expert:[-0.00341244 -0.00099906 -0.00751968  0.79982775]
expert:[-0.00413642 -0.00148959 -0.00680243  0.7994993 ]
expert:[-0.00481241 -0.00194335 -0.00607493  0.79914963]
expert:[-0.0054389  -0.00236026 -0.00534128  0.79878044]
expert:[-0.00601472 -0.00273992 -0.00460494  0.7983927 ]
expert:[-0.00653842 -0.00308168 -0.00387146  0.79798824]
expert_success: 1.0
path_length: 150
