/var/lib/slurm/slurmd/job3515757/slurm_script: line 9: batch_scripts/MT50_batch/seed.sh: No such file or directory
SLURM_JOBID=3515757
working directory=/viscam/u/jialugao/Imitation-SoftModule
########################
logging outputs to  /viscam/u/jialugao/Imitation-SoftModule/data/Base_bc_reach_coffee-push-v1_2640.000125-01-2022_23-53-57
########################
{'expert_policy_file': '../Multi-Task-RL/log/MT50_Single_Task/coffee-push-v1/Fixed/238/model/model_pf_best.pth', 'exp_name': 'bc_reach', 'do_dagger': False, 'ep_len': 200, 'gradient_steps': 1, 'n_iter': 100000, 'render_interval': 1, 'eval_interval': 200, 'batch_size': 64, 'eval_batch_size': 32, 'train_batch_size': 32, 'n_layers': 2, 'size': 400, 'learning_rate': 0.0001, 'video_log_freq': -1, 'scalar_log_freq': 1, 'no_gpu': False, 'which_gpu': 0, 'max_replay_buffer_size': 1000000, 'save_params': False, 'seed': 32, 'worker_nums': 1, 'eval_worker_nums': 1, 'config': 'config/BC.json', 'no_cuda': True, 'random_init': False, 'device': 'cpu', 'id': 'MT50_Single_Task', 'task_name': 'coffee-push-v1', 'task_env': 'MT50_task_env', 'cuda': False, 'log_dir': '/viscam/u/jialugao/Imitation-SoftModule/data/Base_bc_reach_coffee-push-v1_2640.000125-01-2022_23-53-57', 'agent_class': <class 'agents.bc_agent.MLPAgent'>, 'agent_params': {'n_layers': 2, 'size': 400, 'learning_rate': 0.0001, 'max_replay_buffer_size': 1000000, 'discrete': False, 'ac_dim': 4, 'ob_dim': 9}}
{'env_name': 'single_task', 'env': {'reward_scale': 1, 'obs_norm': False}, 'meta_env': {'obs_type': 'with_goal', 'random_init': False}, 'replay_buffer': {'size': 1000000.0}, 'net': {'hidden_shapes': [400, 400], 'append_hidden_shapes': [400], 'base_type': <class 'networks.base.MLPBase'>}, 'general_setting': {'discount': 0.99, 'pretrain_epochs': 20, 'num_epochs': 7500, 'epoch_frames': 200, 'max_episode_frames': 200, 'batch_size': 1280, 'min_pool': 10000, 'target_hard_update_period': 1000, 'use_soft_update': True, 'tau': 0.005, 'opt_times': 200, 'eval_episodes': 100, 'train_render': False, 'eval_render': False, 'env': <NormAct<RewardShift<SingleWrapperNone>>>, 'logger': <utils.logger.Logger object at 0x7f0424fbed10>, 'device': device(type='cpu')}, 'sac': {'plr': 0.0003, 'qlr': 0.0003, 'reparameterization': True, 'automatic_entropy_tuning': True, 'policy_std_reg_weight': 0, 'policy_mean_reg_weight': 0}}
Loading expert policy from... ../Multi-Task-RL/log/MT50_Single_Task/coffee-push-v1/Fixed/238/model/model_pf_best.pth
tensor([[ 2.5458e-02, -2.9642e-02, -5.1873e-02,  ..., -3.6539e-02,
         -3.2317e-02, -2.9256e-02],
        [ 3.2952e-02, -5.3741e-02, -2.4225e-02,  ...,  9.0029e-03,
         -2.6780e-02, -3.8396e-02],
        [ 1.8805e-02, -8.8612e-02, -7.6848e-02,  ..., -1.5992e-03,
         -3.6503e-02, -1.0377e-02],
        ...,
        [-1.9587e+00,  5.0618e-02,  6.4813e-01,  ...,  4.0015e-02,
         -5.4681e-02, -4.3113e-03],
        [-1.7990e-02, -5.3265e-02, -5.9856e-02,  ..., -4.6097e-02,
         -9.5968e-03,  1.8496e-02],
        [-2.9889e-01, -2.8866e-03,  1.2108e-01,  ..., -2.1146e-02,
         -1.8063e-01,  1.7950e-02]])
Done restoring expert policy...
<NormAct<RewardShift<AugObs<SawyerCoffeePushEnv instance>>>>


-------------------------------- Iteration 0 -------------------------------- 
initial ob: [-3.26504931e-02  5.14881056e-01  2.36887642e-01 -1.77416902e-07
  5.99999879e-01  2.79199750e-02  0.00000000e+00  8.00000000e-01
  0.00000000e+00  0.00000000e+00  8.00000000e-01  0.00000000e+00]
expert:[ 0.901437    0.1643833  -0.66477454 -0.31421146]
expert:[ 0.91808283 -0.78074414 -0.9323111  -0.93168783]
expert:[ 0.9402302  -0.94035083 -0.95767677 -0.61624366]
expert:[ 0.5821613  -0.9157053  -0.97392464  0.69873685]
expert:[-0.614835   0.9260744 -0.8648794  0.9386377]
expert:[-0.68932176  0.99234676 -0.83184713  0.93210185]
expert:[-0.8633016   0.98324835 -0.6936267   0.77712536]
expert:[-0.81976974  0.7411496  -0.6346666   0.11422968]
expert:[-0.77314186 -0.41740924 -0.76811343 -0.62100625]
expert:[-0.9201519  -0.552636   -0.933073   -0.61735713]
expert:[ 0.5004849  -0.7482829  -0.956534   -0.04044324]
expert:[ 0.9757394  -0.83096343 -0.97491205  0.06775159]
expert:[ 0.9852528  -0.89506906 -0.97141063 -0.32411104]
expert:[ 0.9837401  -0.8824759  -0.9703017  -0.40879488]
expert:[-0.93640244 -0.2851526  -0.9871538  -0.20554924]
expert:[-0.9959865   0.92498076 -0.9309315   0.804876  ]
expert:[-0.9776784   0.95270044 -0.67382824  0.5210539 ]
expert:[-0.988566    0.7456814  -0.81752384 -0.16115667]
expert:[-0.9891618   0.20341994 -0.89747643 -0.38507548]
expert:[-0.6344232   0.6784883  -0.59574366  0.10104478]
expert:[ 0.94304204  0.90541863 -0.50743926  0.62499595]
expert:[ 0.9868756   0.73951393 -0.64905655  0.7016518 ]
expert:[ 0.9899258  0.6933613 -0.7557471  0.7794923]
expert:[ 0.99262464  0.7565294  -0.88231635  0.92390376]
expert:[ 0.9960383   0.96777207 -0.97685564  0.9864817 ]
expert:[ 0.9988604   0.9960653  -0.9964452   0.99779093]
expert:[ 0.99787176  0.9998093  -0.9927726   0.9990171 ]
expert:[ 0.8362442   0.9989234  -0.93952507  0.9643211 ]
expert:[-0.8205491   0.9934611  -0.5931919   0.92699426]
expert:[-0.9946458   0.990497    0.72774607  0.91462916]
expert:[-0.99752146  0.99027985  0.8145741   0.9303381 ]
expert:[-0.9976864   0.9903661   0.8539532   0.92695224]
expert:[-0.9969509   0.9863232   0.92314965  0.7982697 ]
expert:[-0.98963     0.98503226  0.923199    0.04308239]
expert:[ 0.01885948  0.9934086  -0.5781922  -0.01219277]
expert:[ 0.9218669   0.99832225 -0.9858864   0.8082461 ]
expert:[ 0.95751524  0.9988784  -0.99436086  0.9074107 ]
expert:[ 0.9427508   0.9985996  -0.99390537  0.8913774 ]
expert:[ 0.8862697  0.9973364 -0.9886405  0.7474684]
expert:[ 0.68839175  0.9924088  -0.9638963   0.17419815]
expert:[-0.28765458  0.95917976 -0.58169854 -0.7268135 ]
expert:[-0.8875992  0.9167026  0.5743013 -0.9075345]
expert:[-0.95741713  0.90030843  0.8779231  -0.9306376 ]
expert:[-0.96927464  0.8725441   0.9288929  -0.9393228 ]
expert:[-0.9654528   0.8485862   0.92789316 -0.9411541 ]
expert:[-0.9552918   0.81747895  0.9125753  -0.94610244]
expert:[-0.93794835  0.8063246   0.8740893  -0.9429472 ]
expert:[-0.8407899   0.80464584  0.8695244  -0.9186278 ]
expert:[-0.42531767  0.79008526  0.7734901  -0.73820615]
expert:[ 0.00566503  0.75142235  0.45878115 -0.04082358]
expert:[ 0.05519789  0.59114665 -0.15534888  0.62246   ]
expert:[-0.01056383  0.5668847  -0.31974822  0.7701885 ]
expert:[-0.05913975  0.5831101  -0.25435472  0.6850371 ]
expert:[-0.10310326  0.56119746 -0.19691145  0.61124116]
expert:[-0.13349779  0.5372019  -0.15348767  0.5817542 ]
expert:[-0.14409667  0.5201391  -0.13234761  0.58998394]
expert:[-0.15518336  0.5077681  -0.11489277  0.59408593]
expert:[-0.16912182  0.4965728  -0.09640075  0.59320325]
expert:[-0.1849971   0.48095974 -0.07942196  0.58828247]
expert:[-0.20348376  0.46214998 -0.0633345   0.5734854 ]
expert:[-0.22679967  0.44488248 -0.04858419  0.5268876 ]
expert:[-0.2557474   0.43046817 -0.0271161   0.4510668 ]
expert:[-0.27470267  0.42346337 -0.02822983  0.369903  ]
expert:[-0.24239898  0.3888856  -0.0988749   0.44199482]
expert:[-0.20197336  0.3627943  -0.16587058  0.5067335 ]
expert:[-0.17161025  0.37103063 -0.2319978   0.5264429 ]
expert:[-0.14611156  0.38775736 -0.27614915  0.5383093 ]
expert:[-0.13521592  0.39200038 -0.2986196   0.53437895]
expert:[-0.1187601   0.38973323 -0.3272637   0.5318728 ]
expert:[-0.10856982  0.38258734 -0.3476438   0.51903445]
expert:[-0.09816084  0.37336463 -0.36798662  0.508658  ]
expert:[-0.08880216  0.3655184  -0.38603708  0.49834397]
expert:[-0.0806676   0.35595545 -0.40260157  0.489758  ]
expert:[-0.07392432  0.34578598 -0.41651866  0.4849038 ]
expert:[-0.0697204   0.3336593  -0.42761642  0.47852042]
expert:[-0.06611702  0.320774   -0.43803158  0.47228438]
expert:[-0.06157669  0.30754998 -0.44894817  0.46561834]
expert:[-0.05638835  0.2931322  -0.46047115  0.45575365]
expert:[-0.05165427  0.2817165  -0.47153756  0.4462601 ]
expert:[-0.04711201  0.27316344 -0.48492745  0.43071538]
expert:[-0.04278661  0.26458856 -0.49796307  0.41388693]
expert:[-0.0383577   0.25638568 -0.51034796  0.39662325]
expert:[-0.03380535  0.24838154 -0.52222466  0.37826166]
expert:[-0.0226486   0.24042273 -0.5325258   0.3621276 ]
expert:[-0.00115096  0.23097527 -0.5428908   0.35226688]
expert:[ 0.01881368  0.2218905  -0.5520741   0.34107468]
expert:[ 0.03679932  0.2146759  -0.55920935  0.3307178 ]
expert:[ 0.05541432  0.20935054 -0.5652092   0.32428288]
expert:[ 0.07949734  0.2058927  -0.5705968   0.3207536 ]
expert:[ 0.10882405  0.2101057  -0.577691    0.31556123]
expert:[ 0.13096742  0.21444516 -0.5828001   0.3102555 ]
expert:[ 0.14454189  0.21777397 -0.58518416  0.30568287]
expert:[ 0.150424    0.21931365 -0.5857718   0.30320397]
expert:[ 0.149461    0.21910958 -0.5848531   0.30272347]
expert:[ 0.14256658  0.21739814 -0.58263314  0.3039853 ]
expert:[ 0.1304141   0.21520662 -0.5788154   0.3064368 ]
expert:[ 0.11458062  0.21250762 -0.5739798   0.3098217 ]
expert:[ 0.09467339  0.20921141 -0.5683354   0.3142451 ]
expert:[ 0.08005099  0.21000706 -0.5641214   0.31906202]
expert:[ 0.06713786  0.2122762  -0.560478    0.32100338]
expert:[ 0.05431391  0.21424772 -0.5571346   0.32351437]
expert:[ 0.04250458  0.21618383 -0.553946    0.32566822]
expert:[ 0.03227301  0.218238   -0.55093426  0.32797724]
expert:[ 0.02441089  0.22128741 -0.5475513   0.33089283]
expert:[ 0.01752261  0.22461283 -0.54399955  0.33269432]
expert:[ 0.01135471  0.22768123 -0.5407127   0.33390853]
expert:[ 0.00602972  0.23041715 -0.5377838   0.33471203]
expert:[ 0.00141122  0.23287651 -0.53507084  0.33479214]
expert:[-0.00243509  0.23501451 -0.5326712   0.33442283]
expert:[-0.00542456  0.23677945 -0.530716    0.33397692]
expert:[-0.00759685  0.23818442 -0.52919495  0.33349553]
expert:[-0.00904213  0.23926651 -0.5280651   0.3329879 ]
expert:[-0.00984547  0.2400606  -0.52728516  0.3324642 ]
expert:[-0.01006214  0.24058807 -0.52683175  0.33194813]
expert:[-0.00982747  0.24091007 -0.5266294   0.3314275 ]
expert:[-0.00923587  0.24106455 -0.52663213  0.33091328]
expert:[-0.00836802  0.24108872 -0.5267937   0.33040026]
expert:[-0.0074114   0.2410609  -0.5270121   0.32991695]
expert:[-0.00736953  0.24145778 -0.52669346  0.32946318]
expert:[-0.00715858  0.24180293 -0.5264584   0.3289742 ]
expert:[-0.00692956  0.24214013 -0.5262375   0.3284944 ]
expert:[-0.00642607  0.2423397  -0.5261871   0.32800752]
expert:[-0.00536887  0.24231844 -0.52642393  0.3275538 ]
expert:[-0.00328995  0.24225016 -0.52685946  0.32721955]
expert:[-0.00086348  0.24202482 -0.52748895  0.3269035 ]
expert:[ 0.00179612  0.24168628 -0.5282563   0.32660133]
expert:[ 0.0045648   0.24128029 -0.5291018   0.3263068 ]
expert:[ 0.00733818  0.24084528 -0.52997565  0.32601708]
expert:[ 0.00998542  0.24042702 -0.5308174   0.32572564]
expert:[ 0.01245636  0.24004588 -0.5316042   0.32543764]
expert:[ 0.01457745  0.23977242 -0.53220695  0.32493368]
expert:[ 0.01634836  0.23960653 -0.53266793  0.3244181 ]
expert:[ 0.01783105  0.23953944 -0.53301436  0.32390872]
expert:[ 0.0190065   0.23954837 -0.533286    0.323515  ]
expert:[ 0.01986761  0.23962231 -0.5334527   0.32316318]
expert:[ 0.0204063   0.23978987 -0.5334934   0.3228336 ]
expert:[ 0.02069356  0.2400299  -0.53345203  0.3225516 ]
expert:[ 0.0207245   0.2403277  -0.5333178   0.32229573]
expert:[ 0.02054227  0.24069737 -0.5331021   0.32206738]
expert:[ 0.02015333  0.24112481 -0.5328134   0.32187322]
expert:[ 0.01964497  0.24156421 -0.5324891   0.3216981 ]
expert:[ 0.01899538  0.24204525 -0.5321057   0.32153034]
expert:[ 0.01826745  0.24254873 -0.5317015   0.32139117]
expert:[ 0.01746354  0.24306993 -0.5312521   0.32118747]
expert:[ 0.01660277  0.24360621 -0.5307692   0.32092315]
expert:[ 0.01570314  0.2441418  -0.5302719   0.32065976]
expert:[ 0.01485507  0.24465926 -0.5298044   0.32041317]
expert:[ 0.01407403  0.24514647 -0.52937156  0.32017726]
expert:[ 0.0133194   0.2456208  -0.52895576  0.31995568]
expert:[ 0.01261465  0.24606997 -0.5285643   0.31973812]
expert_success: 1.0
path_length: 150



-------------------------------- Iteration 0 -------------------------------- 
initial ob: [-3.26504931e-02  5.14881056e-01  2.36887642e-01 -1.77416902e-07
  5.99999879e-01  2.79199750e-02  0.00000000e+00  8.00000000e-01
  0.00000000e+00  0.00000000e+00  8.00000000e-01  0.00000000e+00]
agent_success: 0

training time:  0.16556358337402344
evaluation time:  7.7508463859558105
epoch time:  7.916440010070801


-------------------------------- Iteration 200 -------------------------------- 
initial ob: [-3.26504931e-02  5.14881056e-01  2.36887642e-01 -1.77416902e-07
  5.99999879e-01  2.79199750e-02  0.00000000e+00  8.00000000e-01
  0.00000000e+00  0.00000000e+00  8.00000000e-01  0.00000000e+00]
agent_success: 0

training time:  0.0023012161254882812
evaluation time:  8.359128713607788
epoch time:  8.361461400985718


-------------------------------- Iteration 400 -------------------------------- 
initial ob: [-3.26504931e-02  5.14881056e-01  2.36887642e-01 -1.77416902e-07
  5.99999879e-01  2.79199750e-02  0.00000000e+00  8.00000000e-01
  0.00000000e+00  0.00000000e+00  8.00000000e-01  0.00000000e+00]
agent_success: 0

training time:  0.0022530555725097656
evaluation time:  8.510425806045532
epoch time:  8.512701034545898


-------------------------------- Iteration 600 -------------------------------- 
initial ob: [-3.26504931e-02  5.14881056e-01  2.36887642e-01 -1.77416902e-07
  5.99999879e-01  2.79199750e-02  0.00000000e+00  8.00000000e-01
  0.00000000e+00  0.00000000e+00  8.00000000e-01  0.00000000e+00]
agent_success: 0

training time:  0.0023005008697509766
evaluation time:  8.592466115951538
epoch time:  8.594788789749146


-------------------------------- Iteration 800 -------------------------------- 
initial ob: [-3.26504931e-02  5.14881056e-01  2.36887642e-01 -1.77416902e-07
  5.99999879e-01  2.79199750e-02  0.00000000e+00  8.00000000e-01
  0.00000000e+00  0.00000000e+00  8.00000000e-01  0.00000000e+00]
agent_success: 0

training time:  0.0023086071014404297
evaluation time:  8.50920295715332
epoch time:  8.511541604995728


-------------------------------- Iteration 1000 -------------------------------- 
initial ob: [-3.26504931e-02  5.14881056e-01  2.36887642e-01 -1.77416902e-07
  5.99999879e-01  2.79199750e-02  0.00000000e+00  8.00000000e-01
  0.00000000e+00  0.00000000e+00  8.00000000e-01  0.00000000e+00]
agent_success: 0

training time:  0.002300262451171875
evaluation time:  8.558674812316895
epoch time:  8.56100869178772


-------------------------------- Iteration 1200 -------------------------------- 
initial ob: [-3.26504931e-02  5.14881056e-01  2.36887642e-01 -1.77416902e-07
  5.99999879e-01  2.79199750e-02  0.00000000e+00  8.00000000e-01
  0.00000000e+00  0.00000000e+00  8.00000000e-01  0.00000000e+00]
agent_success: 0

training time:  0.002318859100341797
evaluation time:  8.605363130569458
epoch time:  8.607699632644653


-------------------------------- Iteration 1400 -------------------------------- 
initial ob: [-3.26504931e-02  5.14881056e-01  2.36887642e-01 -1.77416902e-07
  5.99999879e-01  2.79199750e-02  0.00000000e+00  8.00000000e-01
  0.00000000e+00  0.00000000e+00  8.00000000e-01  0.00000000e+00]
agent_success: 0

training time:  0.0022954940795898438
evaluation time:  8.570071935653687
epoch time:  8.572396993637085


-------------------------------- Iteration 1600 -------------------------------- 
initial ob: [-3.26504931e-02  5.14881056e-01  2.36887642e-01 -1.77416902e-07
  5.99999879e-01  2.79199750e-02  0.00000000e+00  8.00000000e-01
  0.00000000e+00  0.00000000e+00  8.00000000e-01  0.00000000e+00]
agent_success: 0

training time:  0.0022881031036376953
evaluation time:  8.687816619873047
epoch time:  8.690124034881592


-------------------------------- Iteration 1800 -------------------------------- 
initial ob: [-3.26504931e-02  5.14881056e-01  2.36887642e-01 -1.77416902e-07
  5.99999879e-01  2.79199750e-02  0.00000000e+00  8.00000000e-01
  0.00000000e+00  0.00000000e+00  8.00000000e-01  0.00000000e+00]
agent_success: 0

training time:  0.0022988319396972656
evaluation time:  8.822240829467773
epoch time:  8.824566125869751


-------------------------------- Iteration 2000 -------------------------------- 
initial ob: [-3.26504931e-02  5.14881056e-01  2.36887642e-01 -1.77416902e-07
  5.99999879e-01  2.79199750e-02  0.00000000e+00  8.00000000e-01
  0.00000000e+00  0.00000000e+00  8.00000000e-01  0.00000000e+00]
agent_success: 0

training time:  0.002343416213989258
evaluation time:  8.942729949951172
epoch time:  8.945094347000122


-------------------------------- Iteration 2200 -------------------------------- 
initial ob: [-3.26504931e-02  5.14881056e-01  2.36887642e-01 -1.77416902e-07
  5.99999879e-01  2.79199750e-02  0.00000000e+00  8.00000000e-01
  0.00000000e+00  0.00000000e+00  8.00000000e-01  0.00000000e+00]
agent_success: 0

training time:  0.0023157596588134766
evaluation time:  8.981155157089233
epoch time:  8.983499526977539


-------------------------------- Iteration 2400 -------------------------------- 
initial ob: [-3.26504931e-02  5.14881056e-01  2.36887642e-01 -1.77416902e-07
  5.99999879e-01  2.79199750e-02  0.00000000e+00  8.00000000e-01
  0.00000000e+00  0.00000000e+00  8.00000000e-01  0.00000000e+00]
agent_success: 0

training time:  0.002294301986694336
evaluation time:  8.931143045425415
epoch time:  8.933456182479858


-------------------------------- Iteration 2600 -------------------------------- 
initial ob: [-3.26504931e-02  5.14881056e-01  2.36887642e-01 -1.77416902e-07
  5.99999879e-01  2.79199750e-02  0.00000000e+00  8.00000000e-01
  0.00000000e+00  0.00000000e+00  8.00000000e-01  0.00000000e+00]
agent_success: 0

training time:  0.0023174285888671875
evaluation time:  8.945111513137817
epoch time:  8.947443008422852


-------------------------------- Iteration 2800 -------------------------------- 
initial ob: [-3.26504931e-02  5.14881056e-01  2.36887642e-01 -1.77416902e-07
  5.99999879e-01  2.79199750e-02  0.00000000e+00  8.00000000e-01
  0.00000000e+00  0.00000000e+00  8.00000000e-01  0.00000000e+00]
agent_success: 0

training time:  0.0023047924041748047
evaluation time:  8.914693593978882
epoch time:  8.917015790939331


-------------------------------- Iteration 3000 -------------------------------- 
initial ob: [-3.26504931e-02  5.14881056e-01  2.36887642e-01 -1.77416902e-07
  5.99999879e-01  2.79199750e-02  0.00000000e+00  8.00000000e-01
  0.00000000e+00  0.00000000e+00  8.00000000e-01  0.00000000e+00]
agent_success: 0

training time:  0.002302885055541992
evaluation time:  8.923550128936768
epoch time:  8.925870180130005


-------------------------------- Iteration 3200 -------------------------------- 
initial ob: [-3.26504931e-02  5.14881056e-01  2.36887642e-01 -1.77416902e-07
  5.99999879e-01  2.79199750e-02  0.00000000e+00  8.00000000e-01
  0.00000000e+00  0.00000000e+00  8.00000000e-01  0.00000000e+00]
agent_success: 0

training time:  0.002320528030395508
evaluation time:  8.905875205993652
epoch time:  8.90820837020874


-------------------------------- Iteration 3400 -------------------------------- 
initial ob: [-3.26504931e-02  5.14881056e-01  2.36887642e-01 -1.77416902e-07
  5.99999879e-01  2.79199750e-02  0.00000000e+00  8.00000000e-01
  0.00000000e+00  0.00000000e+00  8.00000000e-01  0.00000000e+00]
agent_success: 1.0

training time:  0.0023300647735595703
evaluation time:  10.536620616912842
epoch time:  10.538965463638306


-------------------------------- Iteration 3600 -------------------------------- 
initial ob: [-3.26504931e-02  5.14881056e-01  2.36887642e-01 -1.77416902e-07
  5.99999879e-01  2.79199750e-02  0.00000000e+00  8.00000000e-01
  0.00000000e+00  0.00000000e+00  8.00000000e-01  0.00000000e+00]
agent_success: 0

training time:  0.002370119094848633
evaluation time:  8.979865789413452
epoch time:  8.982258081436157


-------------------------------- Iteration 3800 -------------------------------- 
initial ob: [-3.26504931e-02  5.14881056e-01  2.36887642e-01 -1.77416902e-07
  5.99999879e-01  2.79199750e-02  0.00000000e+00  8.00000000e-01
  0.00000000e+00  0.00000000e+00  8.00000000e-01  0.00000000e+00]
agent_success: 0

training time:  0.0023365020751953125
evaluation time:  8.925907135009766
epoch time:  8.928382635116577


-------------------------------- Iteration 4000 -------------------------------- 
initial ob: [-3.26504931e-02  5.14881056e-01  2.36887642e-01 -1.77416902e-07
  5.99999879e-01  2.79199750e-02  0.00000000e+00  8.00000000e-01
  0.00000000e+00  0.00000000e+00  8.00000000e-01  0.00000000e+00]
agent_success: 0

training time:  0.002312183380126953
evaluation time:  8.99315881729126
epoch time:  8.995488405227661


-------------------------------- Iteration 4200 -------------------------------- 
initial ob: [-3.26504931e-02  5.14881056e-01  2.36887642e-01 -1.77416902e-07
  5.99999879e-01  2.79199750e-02  0.00000000e+00  8.00000000e-01
  0.00000000e+00  0.00000000e+00  8.00000000e-01  0.00000000e+00]
agent_success: 1.0

training time:  0.002282381057739258
evaluation time:  10.568806648254395
epoch time:  10.571101665496826


-------------------------------- Iteration 4400 -------------------------------- 
initial ob: [-3.26504931e-02  5.14881056e-01  2.36887642e-01 -1.77416902e-07
  5.99999879e-01  2.79199750e-02  0.00000000e+00  8.00000000e-01
  0.00000000e+00  0.00000000e+00  8.00000000e-01  0.00000000e+00]
agent_success: 1.0

training time:  0.0023441314697265625
evaluation time:  10.532760858535767
epoch time:  10.535115242004395


-------------------------------- Iteration 4600 -------------------------------- 
initial ob: [-3.26504931e-02  5.14881056e-01  2.36887642e-01 -1.77416902e-07
  5.99999879e-01  2.79199750e-02  0.00000000e+00  8.00000000e-01
  0.00000000e+00  0.00000000e+00  8.00000000e-01  0.00000000e+00]
agent_success: 1.0

training time:  0.0023169517517089844
evaluation time:  10.034464836120605
epoch time:  10.036792755126953


-------------------------------- Iteration 4800 -------------------------------- 
initial ob: [-3.26504931e-02  5.14881056e-01  2.36887642e-01 -1.77416902e-07
  5.99999879e-01  2.79199750e-02  0.00000000e+00  8.00000000e-01
  0.00000000e+00  0.00000000e+00  8.00000000e-01  0.00000000e+00]
agent_success: 1.0

training time:  0.002329587936401367
evaluation time:  9.923760890960693
epoch time:  9.926104545593262


-------------------------------- Iteration 5000 -------------------------------- 
initial ob: [-3.26504931e-02  5.14881056e-01  2.36887642e-01 -1.77416902e-07
  5.99999879e-01  2.79199750e-02  0.00000000e+00  8.00000000e-01
  0.00000000e+00  0.00000000e+00  8.00000000e-01  0.00000000e+00]
agent_success: 0

training time:  0.002331972122192383
evaluation time:  9.260279655456543
epoch time:  9.262624502182007


-------------------------------- Iteration 5200 -------------------------------- 
initial ob: [-3.26504931e-02  5.14881056e-01  2.36887642e-01 -1.77416902e-07
  5.99999879e-01  2.79199750e-02  0.00000000e+00  8.00000000e-01
  0.00000000e+00  0.00000000e+00  8.00000000e-01  0.00000000e+00]
agent_success: 0

training time:  0.0023179054260253906
evaluation time:  9.36501431465149
epoch time:  9.367352724075317


-------------------------------- Iteration 5400 -------------------------------- 
initial ob: [-3.26504931e-02  5.14881056e-01  2.36887642e-01 -1.77416902e-07
  5.99999879e-01  2.79199750e-02  0.00000000e+00  8.00000000e-01
  0.00000000e+00  0.00000000e+00  8.00000000e-01  0.00000000e+00]
agent_success: 1.0

training time:  0.0023446083068847656
evaluation time:  10.672303199768066
epoch time:  10.674659490585327


-------------------------------- Iteration 5600 -------------------------------- 
initial ob: [-3.26504931e-02  5.14881056e-01  2.36887642e-01 -1.77416902e-07
  5.99999879e-01  2.79199750e-02  0.00000000e+00  8.00000000e-01
  0.00000000e+00  0.00000000e+00  8.00000000e-01  0.00000000e+00]
agent_success: 1.0

training time:  0.0022928714752197266
evaluation time:  9.608946561813354
epoch time:  9.611254930496216


-------------------------------- Iteration 5800 -------------------------------- 
initial ob: [-3.26504931e-02  5.14881056e-01  2.36887642e-01 -1.77416902e-07
  5.99999879e-01  2.79199750e-02  0.00000000e+00  8.00000000e-01
  0.00000000e+00  0.00000000e+00  8.00000000e-01  0.00000000e+00]
agent_success: 1.0

training time:  0.0023186206817626953
evaluation time:  9.969316005706787
epoch time:  9.971646070480347


-------------------------------- Iteration 6000 -------------------------------- 
initial ob: [-3.26504931e-02  5.14881056e-01  2.36887642e-01 -1.77416902e-07
  5.99999879e-01  2.79199750e-02  0.00000000e+00  8.00000000e-01
  0.00000000e+00  0.00000000e+00  8.00000000e-01  0.00000000e+00]
agent_success: 1.0

training time:  0.002320528030395508
evaluation time:  9.800010204315186
epoch time:  9.802341222763062


-------------------------------- Iteration 6200 -------------------------------- 
initial ob: [-3.26504931e-02  5.14881056e-01  2.36887642e-01 -1.77416902e-07
  5.99999879e-01  2.79199750e-02  0.00000000e+00  8.00000000e-01
  0.00000000e+00  0.00000000e+00  8.00000000e-01  0.00000000e+00]
agent_success: 1.0

training time:  0.0023076534271240234
evaluation time:  10.582104206085205
epoch time:  10.584436416625977


-------------------------------- Iteration 6400 -------------------------------- 
initial ob: [-3.26504931e-02  5.14881056e-01  2.36887642e-01 -1.77416902e-07
  5.99999879e-01  2.79199750e-02  0.00000000e+00  8.00000000e-01
  0.00000000e+00  0.00000000e+00  8.00000000e-01  0.00000000e+00]
agent_success: 1.0

training time:  0.0023119449615478516
evaluation time:  10.10512900352478
epoch time:  10.10745358467102


-------------------------------- Iteration 6600 -------------------------------- 
initial ob: [-3.26504931e-02  5.14881056e-01  2.36887642e-01 -1.77416902e-07
  5.99999879e-01  2.79199750e-02  0.00000000e+00  8.00000000e-01
  0.00000000e+00  0.00000000e+00  8.00000000e-01  0.00000000e+00]
agent_success: 1.0

training time:  0.002294778823852539
evaluation time:  10.012293338775635
epoch time:  10.014609336853027


-------------------------------- Iteration 6800 -------------------------------- 
initial ob: [-3.26504931e-02  5.14881056e-01  2.36887642e-01 -1.77416902e-07
  5.99999879e-01  2.79199750e-02  0.00000000e+00  8.00000000e-01
  0.00000000e+00  0.00000000e+00  8.00000000e-01  0.00000000e+00]
agent_success: 0

training time:  0.0022950172424316406
evaluation time:  9.376667737960815
epoch time:  9.378975629806519


-------------------------------- Iteration 7000 -------------------------------- 
initial ob: [-3.26504931e-02  5.14881056e-01  2.36887642e-01 -1.77416902e-07
  5.99999879e-01  2.79199750e-02  0.00000000e+00  8.00000000e-01
  0.00000000e+00  0.00000000e+00  8.00000000e-01  0.00000000e+00]
agent_success: 1.0

training time:  0.002308368682861328
evaluation time:  10.19060492515564
epoch time:  10.192939043045044


-------------------------------- Iteration 7200 -------------------------------- 
initial ob: [-3.26504931e-02  5.14881056e-01  2.36887642e-01 -1.77416902e-07
  5.99999879e-01  2.79199750e-02  0.00000000e+00  8.00000000e-01
  0.00000000e+00  0.00000000e+00  8.00000000e-01  0.00000000e+00]
agent_success: 1.0

training time:  0.002332448959350586
evaluation time:  9.413580894470215
epoch time:  9.41592526435852


-------------------------------- Iteration 7400 -------------------------------- 
initial ob: [-3.26504931e-02  5.14881056e-01  2.36887642e-01 -1.77416902e-07
  5.99999879e-01  2.79199750e-02  0.00000000e+00  8.00000000e-01
  0.00000000e+00  0.00000000e+00  8.00000000e-01  0.00000000e+00]
agent_success: 0

training time:  0.0023107528686523438
evaluation time:  9.072955846786499
epoch time:  9.075288772583008


-------------------------------- Iteration 7600 -------------------------------- 
initial ob: [-3.26504931e-02  5.14881056e-01  2.36887642e-01 -1.77416902e-07
  5.99999879e-01  2.79199750e-02  0.00000000e+00  8.00000000e-01
  0.00000000e+00  0.00000000e+00  8.00000000e-01  0.00000000e+00]
agent_success: 0

training time:  0.002318859100341797
evaluation time:  9.115342617034912
epoch time:  9.117675065994263


-------------------------------- Iteration 7800 -------------------------------- 
initial ob: [-3.26504931e-02  5.14881056e-01  2.36887642e-01 -1.77416902e-07
  5.99999879e-01  2.79199750e-02  0.00000000e+00  8.00000000e-01
  0.00000000e+00  0.00000000e+00  8.00000000e-01  0.00000000e+00]
agent_success: 0

training time:  0.002363443374633789
evaluation time:  9.233576774597168
epoch time:  9.235966682434082


-------------------------------- Iteration 8000 -------------------------------- 
initial ob: [-3.26504931e-02  5.14881056e-01  2.36887642e-01 -1.77416902e-07
  5.99999879e-01  2.79199750e-02  0.00000000e+00  8.00000000e-01
  0.00000000e+00  0.00000000e+00  8.00000000e-01  0.00000000e+00]
agent_success: 0

training time:  0.002335071563720703
evaluation time:  9.318979263305664
epoch time:  9.321328163146973


-------------------------------- Iteration 8200 -------------------------------- 
initial ob: [-3.26504931e-02  5.14881056e-01  2.36887642e-01 -1.77416902e-07
  5.99999879e-01  2.79199750e-02  0.00000000e+00  8.00000000e-01
  0.00000000e+00  0.00000000e+00  8.00000000e-01  0.00000000e+00]
agent_success: 0

training time:  0.0023238658905029297
evaluation time:  9.279845952987671
epoch time:  9.282188892364502


-------------------------------- Iteration 8400 -------------------------------- 
initial ob: [-3.26504931e-02  5.14881056e-01  2.36887642e-01 -1.77416902e-07
  5.99999879e-01  2.79199750e-02  0.00000000e+00  8.00000000e-01
  0.00000000e+00  0.00000000e+00  8.00000000e-01  0.00000000e+00]
agent_success: 1.0

training time:  0.0023207664489746094
evaluation time:  9.450563430786133
epoch time:  9.452895402908325


-------------------------------- Iteration 8600 -------------------------------- 
initial ob: [-3.26504931e-02  5.14881056e-01  2.36887642e-01 -1.77416902e-07
  5.99999879e-01  2.79199750e-02  0.00000000e+00  8.00000000e-01
  0.00000000e+00  0.00000000e+00  8.00000000e-01  0.00000000e+00]
agent_success: 0

training time:  0.0023331642150878906
evaluation time:  8.958615064620972
epoch time:  8.96098017692566


-------------------------------- Iteration 8800 -------------------------------- 
initial ob: [-3.26504931e-02  5.14881056e-01  2.36887642e-01 -1.77416902e-07
  5.99999879e-01  2.79199750e-02  0.00000000e+00  8.00000000e-01
  0.00000000e+00  0.00000000e+00  8.00000000e-01  0.00000000e+00]
agent_success: 1.0

training time:  0.002308368682861328
evaluation time:  9.999433755874634
epoch time:  10.0017671585083


-------------------------------- Iteration 9000 -------------------------------- 
initial ob: [-3.26504931e-02  5.14881056e-01  2.36887642e-01 -1.77416902e-07
  5.99999879e-01  2.79199750e-02  0.00000000e+00  8.00000000e-01
  0.00000000e+00  0.00000000e+00  8.00000000e-01  0.00000000e+00]
agent_success: 1.0

training time:  0.0023322105407714844
evaluation time:  10.651228666305542
epoch time:  10.653581380844116


-------------------------------- Iteration 9200 -------------------------------- 
initial ob: [-3.26504931e-02  5.14881056e-01  2.36887642e-01 -1.77416902e-07
  5.99999879e-01  2.79199750e-02  0.00000000e+00  8.00000000e-01
  0.00000000e+00  0.00000000e+00  8.00000000e-01  0.00000000e+00]
agent_success: 0

training time:  0.0023145675659179688
evaluation time:  9.28438949584961
epoch time:  9.286717176437378


-------------------------------- Iteration 9400 -------------------------------- 
initial ob: [-3.26504931e-02  5.14881056e-01  2.36887642e-01 -1.77416902e-07
  5.99999879e-01  2.79199750e-02  0.00000000e+00  8.00000000e-01
  0.00000000e+00  0.00000000e+00  8.00000000e-01  0.00000000e+00]
agent_success: 0

training time:  0.0023322105407714844
evaluation time:  9.257607698440552
epoch time:  9.25996446609497


-------------------------------- Iteration 9600 -------------------------------- 
initial ob: [-3.26504931e-02  5.14881056e-01  2.36887642e-01 -1.77416902e-07
  5.99999879e-01  2.79199750e-02  0.00000000e+00  8.00000000e-01
  0.00000000e+00  0.00000000e+00  8.00000000e-01  0.00000000e+00]
agent_success: 0

training time:  0.0023109912872314453
evaluation time:  9.278922319412231
epoch time:  9.281246662139893


-------------------------------- Iteration 9800 -------------------------------- 
initial ob: [-3.26504931e-02  5.14881056e-01  2.36887642e-01 -1.77416902e-07
  5.99999879e-01  2.79199750e-02  0.00000000e+00  8.00000000e-01
  0.00000000e+00  0.00000000e+00  8.00000000e-01  0.00000000e+00]
agent_success: 0

training time:  0.0022983551025390625
evaluation time:  9.294438600540161
epoch time:  9.296756744384766


-------------------------------- Iteration 10000 -------------------------------- 
initial ob: [-3.26504931e-02  5.14881056e-01  2.36887642e-01 -1.77416902e-07
  5.99999879e-01  2.79199750e-02  0.00000000e+00  8.00000000e-01
  0.00000000e+00  0.00000000e+00  8.00000000e-01  0.00000000e+00]
agent_success: 0

training time:  0.002496480941772461
evaluation time:  9.159932851791382
epoch time:  9.162441968917847


-------------------------------- Iteration 10200 -------------------------------- 
initial ob: [-3.26504931e-02  5.14881056e-01  2.36887642e-01 -1.77416902e-07
  5.99999879e-01  2.79199750e-02  0.00000000e+00  8.00000000e-01
  0.00000000e+00  0.00000000e+00  8.00000000e-01  0.00000000e+00]
agent_success: 0

training time:  0.0023174285888671875
evaluation time:  9.274532794952393
epoch time:  9.276864051818848


-------------------------------- Iteration 10400 -------------------------------- 
initial ob: [-3.26504931e-02  5.14881056e-01  2.36887642e-01 -1.77416902e-07
  5.99999879e-01  2.79199750e-02  0.00000000e+00  8.00000000e-01
  0.00000000e+00  0.00000000e+00  8.00000000e-01  0.00000000e+00]
agent_success: 1.0

training time:  0.002329111099243164
evaluation time:  10.718902826309204
epoch time:  10.721254348754883


-------------------------------- Iteration 10600 -------------------------------- 
initial ob: [-3.26504931e-02  5.14881056e-01  2.36887642e-01 -1.77416902e-07
  5.99999879e-01  2.79199750e-02  0.00000000e+00  8.00000000e-01
  0.00000000e+00  0.00000000e+00  8.00000000e-01  0.00000000e+00]
agent_success: 0

training time:  0.0022902488708496094
evaluation time:  9.322588443756104
epoch time:  9.324902534484863


-------------------------------- Iteration 10800 -------------------------------- 
initial ob: [-3.26504931e-02  5.14881056e-01  2.36887642e-01 -1.77416902e-07
  5.99999879e-01  2.79199750e-02  0.00000000e+00  8.00000000e-01
  0.00000000e+00  0.00000000e+00  8.00000000e-01  0.00000000e+00]
agent_success: 0

training time:  0.002324342727661133
evaluation time:  9.248560190200806
epoch time:  9.25089716911316


-------------------------------- Iteration 11000 -------------------------------- 
initial ob: [-3.26504931e-02  5.14881056e-01  2.36887642e-01 -1.77416902e-07
  5.99999879e-01  2.79199750e-02  0.00000000e+00  8.00000000e-01
  0.00000000e+00  0.00000000e+00  8.00000000e-01  0.00000000e+00]
agent_success: 0

training time:  0.002331972122192383
evaluation time:  9.52886438369751
epoch time:  9.53121829032898


-------------------------------- Iteration 11200 -------------------------------- 
initial ob: [-3.26504931e-02  5.14881056e-01  2.36887642e-01 -1.77416902e-07
  5.99999879e-01  2.79199750e-02  0.00000000e+00  8.00000000e-01
  0.00000000e+00  0.00000000e+00  8.00000000e-01  0.00000000e+00]
agent_success: 1.0

training time:  0.0024900436401367188
evaluation time:  10.267427206039429
epoch time:  10.269928455352783


-------------------------------- Iteration 11400 -------------------------------- 
initial ob: [-3.26504931e-02  5.14881056e-01  2.36887642e-01 -1.77416902e-07
  5.99999879e-01  2.79199750e-02  0.00000000e+00  8.00000000e-01
  0.00000000e+00  0.00000000e+00  8.00000000e-01  0.00000000e+00]
agent_success: 0

training time:  0.002315521240234375
evaluation time:  9.272807121276855
epoch time:  9.275146484375


-------------------------------- Iteration 11600 -------------------------------- 
initial ob: [-3.26504931e-02  5.14881056e-01  2.36887642e-01 -1.77416902e-07
  5.99999879e-01  2.79199750e-02  0.00000000e+00  8.00000000e-01
  0.00000000e+00  0.00000000e+00  8.00000000e-01  0.00000000e+00]
agent_success: 0

training time:  0.002324819564819336
evaluation time:  9.298543214797974
epoch time:  9.300897359848022


-------------------------------- Iteration 11800 -------------------------------- 
initial ob: [-3.26504931e-02  5.14881056e-01  2.36887642e-01 -1.77416902e-07
  5.99999879e-01  2.79199750e-02  0.00000000e+00  8.00000000e-01
  0.00000000e+00  0.00000000e+00  8.00000000e-01  0.00000000e+00]
agent_success: 1.0

training time:  0.0023040771484375
evaluation time:  9.65256381034851
epoch time:  9.654887676239014


-------------------------------- Iteration 12000 -------------------------------- 
initial ob: [-3.26504931e-02  5.14881056e-01  2.36887642e-01 -1.77416902e-07
  5.99999879e-01  2.79199750e-02  0.00000000e+00  8.00000000e-01
  0.00000000e+00  0.00000000e+00  8.00000000e-01  0.00000000e+00]
agent_success: 1.0

training time:  0.0023221969604492188
evaluation time:  10.631669282913208
epoch time:  10.634003639221191


-------------------------------- Iteration 12200 -------------------------------- 
initial ob: [-3.26504931e-02  5.14881056e-01  2.36887642e-01 -1.77416902e-07
  5.99999879e-01  2.79199750e-02  0.00000000e+00  8.00000000e-01
  0.00000000e+00  0.00000000e+00  8.00000000e-01  0.00000000e+00]
agent_success: 0

training time:  0.002349376678466797
evaluation time:  9.322256088256836
epoch time:  9.324625968933105


-------------------------------- Iteration 12400 -------------------------------- 
initial ob: [-3.26504931e-02  5.14881056e-01  2.36887642e-01 -1.77416902e-07
  5.99999879e-01  2.79199750e-02  0.00000000e+00  8.00000000e-01
  0.00000000e+00  0.00000000e+00  8.00000000e-01  0.00000000e+00]
agent_success: 0

training time:  0.002323150634765625
evaluation time:  9.229735136032104
epoch time:  9.232072591781616


-------------------------------- Iteration 12600 -------------------------------- 
initial ob: [-3.26504931e-02  5.14881056e-01  2.36887642e-01 -1.77416902e-07
  5.99999879e-01  2.79199750e-02  0.00000000e+00  8.00000000e-01
  0.00000000e+00  0.00000000e+00  8.00000000e-01  0.00000000e+00]
agent_success: 0

training time:  0.0023040771484375
evaluation time:  9.319512128829956
epoch time:  9.32186245918274


-------------------------------- Iteration 12800 -------------------------------- 
initial ob: [-3.26504931e-02  5.14881056e-01  2.36887642e-01 -1.77416902e-07
  5.99999879e-01  2.79199750e-02  0.00000000e+00  8.00000000e-01
  0.00000000e+00  0.00000000e+00  8.00000000e-01  0.00000000e+00]
agent_success: 1.0

training time:  0.0023221969604492188
evaluation time:  9.393935918807983
epoch time:  9.396286964416504


-------------------------------- Iteration 13000 -------------------------------- 
initial ob: [-3.26504931e-02  5.14881056e-01  2.36887642e-01 -1.77416902e-07
  5.99999879e-01  2.79199750e-02  0.00000000e+00  8.00000000e-01
  0.00000000e+00  0.00000000e+00  8.00000000e-01  0.00000000e+00]
agent_success: 1.0

training time:  0.002328157424926758
evaluation time:  10.598500490188599
epoch time:  10.600850820541382


-------------------------------- Iteration 13200 -------------------------------- 
initial ob: [-3.26504931e-02  5.14881056e-01  2.36887642e-01 -1.77416902e-07
  5.99999879e-01  2.79199750e-02  0.00000000e+00  8.00000000e-01
  0.00000000e+00  0.00000000e+00  8.00000000e-01  0.00000000e+00]
agent_success: 1.0

training time:  0.002309083938598633
evaluation time:  10.776959419250488
epoch time:  10.779279708862305


-------------------------------- Iteration 13400 -------------------------------- 
initial ob: [-3.26504931e-02  5.14881056e-01  2.36887642e-01 -1.77416902e-07
  5.99999879e-01  2.79199750e-02  0.00000000e+00  8.00000000e-01
  0.00000000e+00  0.00000000e+00  8.00000000e-01  0.00000000e+00]
agent_success: 1.0

training time:  0.002326488494873047
evaluation time:  10.686856269836426
epoch time:  10.689207315444946


-------------------------------- Iteration 13600 -------------------------------- 
initial ob: [-3.26504931e-02  5.14881056e-01  2.36887642e-01 -1.77416902e-07
  5.99999879e-01  2.79199750e-02  0.00000000e+00  8.00000000e-01
  0.00000000e+00  0.00000000e+00  8.00000000e-01  0.00000000e+00]
agent_success: 0

training time:  0.0023260116577148438
evaluation time:  9.228834629058838
epoch time:  9.231189966201782


-------------------------------- Iteration 13800 -------------------------------- 
initial ob: [-3.26504931e-02  5.14881056e-01  2.36887642e-01 -1.77416902e-07
  5.99999879e-01  2.79199750e-02  0.00000000e+00  8.00000000e-01
  0.00000000e+00  0.00000000e+00  8.00000000e-01  0.00000000e+00]
agent_success: 1.0

training time:  0.0023391246795654297
evaluation time:  10.774564027786255
epoch time:  10.776925563812256


-------------------------------- Iteration 14000 -------------------------------- 
initial ob: [-3.26504931e-02  5.14881056e-01  2.36887642e-01 -1.77416902e-07
  5.99999879e-01  2.79199750e-02  0.00000000e+00  8.00000000e-01
  0.00000000e+00  0.00000000e+00  8.00000000e-01  0.00000000e+00]
agent_success: 0

training time:  0.0023016929626464844
evaluation time:  9.256850004196167
epoch time:  9.259165525436401


-------------------------------- Iteration 14200 -------------------------------- 
initial ob: [-3.26504931e-02  5.14881056e-01  2.36887642e-01 -1.77416902e-07
  5.99999879e-01  2.79199750e-02  0.00000000e+00  8.00000000e-01
  0.00000000e+00  0.00000000e+00  8.00000000e-01  0.00000000e+00]
agent_success: 0

training time:  0.0022954940795898438
evaluation time:  9.425212383270264
epoch time:  9.42752456665039


-------------------------------- Iteration 14400 -------------------------------- 
initial ob: [-3.26504931e-02  5.14881056e-01  2.36887642e-01 -1.77416902e-07
  5.99999879e-01  2.79199750e-02  0.00000000e+00  8.00000000e-01
  0.00000000e+00  0.00000000e+00  8.00000000e-01  0.00000000e+00]
agent_success: 1.0

training time:  0.002302885055541992
evaluation time:  10.826512813568115
epoch time:  10.828826665878296


-------------------------------- Iteration 14600 -------------------------------- 
initial ob: [-3.26504931e-02  5.14881056e-01  2.36887642e-01 -1.77416902e-07
  5.99999879e-01  2.79199750e-02  0.00000000e+00  8.00000000e-01
  0.00000000e+00  0.00000000e+00  8.00000000e-01  0.00000000e+00]
agent_success: 1.0

training time:  0.0023016929626464844
evaluation time:  10.94624376296997
epoch time:  10.948557138442993


-------------------------------- Iteration 14800 -------------------------------- 
initial ob: [-3.26504931e-02  5.14881056e-01  2.36887642e-01 -1.77416902e-07
  5.99999879e-01  2.79199750e-02  0.00000000e+00  8.00000000e-01
  0.00000000e+00  0.00000000e+00  8.00000000e-01  0.00000000e+00]
agent_success: 1.0

training time:  0.0023276805877685547
evaluation time:  10.862629175186157
epoch time:  10.864968538284302


-------------------------------- Iteration 15000 -------------------------------- 
initial ob: [-3.26504931e-02  5.14881056e-01  2.36887642e-01 -1.77416902e-07
  5.99999879e-01  2.79199750e-02  0.00000000e+00  8.00000000e-01
  0.00000000e+00  0.00000000e+00  8.00000000e-01  0.00000000e+00]
agent_success: 0

training time:  0.002327442169189453
evaluation time:  9.430465459823608
epoch time:  9.432808876037598


-------------------------------- Iteration 15200 -------------------------------- 
initial ob: [-3.26504931e-02  5.14881056e-01  2.36887642e-01 -1.77416902e-07
  5.99999879e-01  2.79199750e-02  0.00000000e+00  8.00000000e-01
  0.00000000e+00  0.00000000e+00  8.00000000e-01  0.00000000e+00]
agent_success: 0

training time:  0.0023298263549804688
evaluation time:  9.390843629837036
epoch time:  9.393186330795288


-------------------------------- Iteration 15400 -------------------------------- 
initial ob: [-3.26504931e-02  5.14881056e-01  2.36887642e-01 -1.77416902e-07
  5.99999879e-01  2.79199750e-02  0.00000000e+00  8.00000000e-01
  0.00000000e+00  0.00000000e+00  8.00000000e-01  0.00000000e+00]
agent_success: 0

training time:  0.0023729801177978516
evaluation time:  9.410614490509033
epoch time:  9.413002014160156


-------------------------------- Iteration 15600 -------------------------------- 
initial ob: [-3.26504931e-02  5.14881056e-01  2.36887642e-01 -1.77416902e-07
  5.99999879e-01  2.79199750e-02  0.00000000e+00  8.00000000e-01
  0.00000000e+00  0.00000000e+00  8.00000000e-01  0.00000000e+00]
agent_success: 1.0

training time:  0.002343893051147461
evaluation time:  10.798183917999268
epoch time:  10.800556182861328


-------------------------------- Iteration 15800 -------------------------------- 
initial ob: [-3.26504931e-02  5.14881056e-01  2.36887642e-01 -1.77416902e-07
  5.99999879e-01  2.79199750e-02  0.00000000e+00  8.00000000e-01
  0.00000000e+00  0.00000000e+00  8.00000000e-01  0.00000000e+00]
agent_success: 1.0

training time:  0.002314329147338867
evaluation time:  10.703918218612671
epoch time:  10.706243753433228


-------------------------------- Iteration 16000 -------------------------------- 
initial ob: [-3.26504931e-02  5.14881056e-01  2.36887642e-01 -1.77416902e-07
  5.99999879e-01  2.79199750e-02  0.00000000e+00  8.00000000e-01
  0.00000000e+00  0.00000000e+00  8.00000000e-01  0.00000000e+00]
agent_success: 1.0

training time:  0.002285480499267578
evaluation time:  10.792566776275635
epoch time:  10.794869184494019


-------------------------------- Iteration 16200 -------------------------------- 
initial ob: [-3.26504931e-02  5.14881056e-01  2.36887642e-01 -1.77416902e-07
  5.99999879e-01  2.79199750e-02  0.00000000e+00  8.00000000e-01
  0.00000000e+00  0.00000000e+00  8.00000000e-01  0.00000000e+00]
agent_success: 1.0

training time:  0.0022859573364257812
evaluation time:  10.81810474395752
epoch time:  10.820402383804321


-------------------------------- Iteration 16400 -------------------------------- 
initial ob: [-3.26504931e-02  5.14881056e-01  2.36887642e-01 -1.77416902e-07
  5.99999879e-01  2.79199750e-02  0.00000000e+00  8.00000000e-01
  0.00000000e+00  0.00000000e+00  8.00000000e-01  0.00000000e+00]
agent_success: 1.0

training time:  0.0024802684783935547
evaluation time:  11.00987958908081
epoch time:  11.012383460998535


-------------------------------- Iteration 16600 -------------------------------- 
initial ob: [-3.26504931e-02  5.14881056e-01  2.36887642e-01 -1.77416902e-07
  5.99999879e-01  2.79199750e-02  0.00000000e+00  8.00000000e-01
  0.00000000e+00  0.00000000e+00  8.00000000e-01  0.00000000e+00]
agent_success: 1.0

training time:  0.002343893051147461
evaluation time:  10.279640197753906
epoch time:  10.282012224197388


-------------------------------- Iteration 16800 -------------------------------- 
initial ob: [-3.26504931e-02  5.14881056e-01  2.36887642e-01 -1.77416902e-07
  5.99999879e-01  2.79199750e-02  0.00000000e+00  8.00000000e-01
  0.00000000e+00  0.00000000e+00  8.00000000e-01  0.00000000e+00]
agent_success: 1.0

training time:  0.002322673797607422
evaluation time:  10.273942947387695
epoch time:  10.276289224624634


-------------------------------- Iteration 17000 -------------------------------- 
initial ob: [-3.26504931e-02  5.14881056e-01  2.36887642e-01 -1.77416902e-07
  5.99999879e-01  2.79199750e-02  0.00000000e+00  8.00000000e-01
  0.00000000e+00  0.00000000e+00  8.00000000e-01  0.00000000e+00]
agent_success: 1.0

training time:  0.002348184585571289
evaluation time:  10.655134916305542
epoch time:  10.657494306564331


-------------------------------- Iteration 17200 -------------------------------- 
initial ob: [-3.26504931e-02  5.14881056e-01  2.36887642e-01 -1.77416902e-07
  5.99999879e-01  2.79199750e-02  0.00000000e+00  8.00000000e-01
  0.00000000e+00  0.00000000e+00  8.00000000e-01  0.00000000e+00]
agent_success: 1.0

training time:  0.0023047924041748047
evaluation time:  10.757274389266968
epoch time:  10.759596109390259


-------------------------------- Iteration 17400 -------------------------------- 
initial ob: [-3.26504931e-02  5.14881056e-01  2.36887642e-01 -1.77416902e-07
  5.99999879e-01  2.79199750e-02  0.00000000e+00  8.00000000e-01
  0.00000000e+00  0.00000000e+00  8.00000000e-01  0.00000000e+00]
agent_success: 1.0

training time:  0.002329587936401367
evaluation time:  9.61436915397644
epoch time:  9.616709470748901


-------------------------------- Iteration 17600 -------------------------------- 
initial ob: [-3.26504931e-02  5.14881056e-01  2.36887642e-01 -1.77416902e-07
  5.99999879e-01  2.79199750e-02  0.00000000e+00  8.00000000e-01
  0.00000000e+00  0.00000000e+00  8.00000000e-01  0.00000000e+00]
agent_success: 1.0

training time:  0.0023038387298583984
evaluation time:  10.65347933769226
epoch time:  10.655861616134644


-------------------------------- Iteration 17800 -------------------------------- 
initial ob: [-3.26504931e-02  5.14881056e-01  2.36887642e-01 -1.77416902e-07
  5.99999879e-01  2.79199750e-02  0.00000000e+00  8.00000000e-01
  0.00000000e+00  0.00000000e+00  8.00000000e-01  0.00000000e+00]
agent_success: 1.0

training time:  0.002300262451171875
evaluation time:  10.880080938339233
epoch time:  10.88240385055542


-------------------------------- Iteration 18000 -------------------------------- 
initial ob: [-3.26504931e-02  5.14881056e-01  2.36887642e-01 -1.77416902e-07
  5.99999879e-01  2.79199750e-02  0.00000000e+00  8.00000000e-01
  0.00000000e+00  0.00000000e+00  8.00000000e-01  0.00000000e+00]
agent_success: 1.0

training time:  0.0022957324981689453
evaluation time:  10.651633262634277
epoch time:  10.653940200805664


-------------------------------- Iteration 18200 -------------------------------- 
initial ob: [-3.26504931e-02  5.14881056e-01  2.36887642e-01 -1.77416902e-07
  5.99999879e-01  2.79199750e-02  0.00000000e+00  8.00000000e-01
  0.00000000e+00  0.00000000e+00  8.00000000e-01  0.00000000e+00]
agent_success: 1.0

training time:  0.0023109912872314453
evaluation time:  10.763650178909302
epoch time:  10.76598072052002


-------------------------------- Iteration 18400 -------------------------------- 
initial ob: [-3.26504931e-02  5.14881056e-01  2.36887642e-01 -1.77416902e-07
  5.99999879e-01  2.79199750e-02  0.00000000e+00  8.00000000e-01
  0.00000000e+00  0.00000000e+00  8.00000000e-01  0.00000000e+00]
agent_success: 1.0

training time:  0.002301454544067383
evaluation time:  10.84913444519043
epoch time:  10.851447582244873


-------------------------------- Iteration 18600 -------------------------------- 
initial ob: [-3.26504931e-02  5.14881056e-01  2.36887642e-01 -1.77416902e-07
  5.99999879e-01  2.79199750e-02  0.00000000e+00  8.00000000e-01
  0.00000000e+00  0.00000000e+00  8.00000000e-01  0.00000000e+00]
agent_success: 1.0

training time:  0.0022864341735839844
evaluation time:  10.822420835494995
epoch time:  10.824721813201904


-------------------------------- Iteration 18800 -------------------------------- 
initial ob: [-3.26504931e-02  5.14881056e-01  2.36887642e-01 -1.77416902e-07
  5.99999879e-01  2.79199750e-02  0.00000000e+00  8.00000000e-01
  0.00000000e+00  0.00000000e+00  8.00000000e-01  0.00000000e+00]
agent_success: 0

training time:  0.0022966861724853516
evaluation time:  9.27970266342163
epoch time:  9.282012701034546


-------------------------------- Iteration 19000 -------------------------------- 
initial ob: [-3.26504931e-02  5.14881056e-01  2.36887642e-01 -1.77416902e-07
  5.99999879e-01  2.79199750e-02  0.00000000e+00  8.00000000e-01
  0.00000000e+00  0.00000000e+00  8.00000000e-01  0.00000000e+00]
agent_success: 1.0

training time:  0.002294301986694336
evaluation time:  10.556841135025024
epoch time:  10.559146881103516


-------------------------------- Iteration 19200 -------------------------------- 
initial ob: [-3.26504931e-02  5.14881056e-01  2.36887642e-01 -1.77416902e-07
  5.99999879e-01  2.79199750e-02  0.00000000e+00  8.00000000e-01
  0.00000000e+00  0.00000000e+00  8.00000000e-01  0.00000000e+00]
agent_success: 1.0

training time:  0.0022962093353271484
evaluation time:  10.520092487335205
epoch time:  10.522399187088013


-------------------------------- Iteration 19400 -------------------------------- 
initial ob: [-3.26504931e-02  5.14881056e-01  2.36887642e-01 -1.77416902e-07
  5.99999879e-01  2.79199750e-02  0.00000000e+00  8.00000000e-01
  0.00000000e+00  0.00000000e+00  8.00000000e-01  0.00000000e+00]
agent_success: 1.0

training time:  0.0022835731506347656
evaluation time:  10.75485610961914
epoch time:  10.757153749465942


-------------------------------- Iteration 19600 -------------------------------- 
initial ob: [-3.26504931e-02  5.14881056e-01  2.36887642e-01 -1.77416902e-07
  5.99999879e-01  2.79199750e-02  0.00000000e+00  8.00000000e-01
  0.00000000e+00  0.00000000e+00  8.00000000e-01  0.00000000e+00]
agent_success: 1.0

training time:  0.002287626266479492
evaluation time:  10.756073236465454
epoch time:  10.75839638710022


-------------------------------- Iteration 19800 -------------------------------- 
initial ob: [-3.26504931e-02  5.14881056e-01  2.36887642e-01 -1.77416902e-07
  5.99999879e-01  2.79199750e-02  0.00000000e+00  8.00000000e-01
  0.00000000e+00  0.00000000e+00  8.00000000e-01  0.00000000e+00]
agent_success: 1.0

training time:  0.0023064613342285156
evaluation time:  10.767728328704834
epoch time:  10.770045518875122


-------------------------------- Iteration 20000 -------------------------------- 
initial ob: [-3.26504931e-02  5.14881056e-01  2.36887642e-01 -1.77416902e-07
  5.99999879e-01  2.79199750e-02  0.00000000e+00  8.00000000e-01
  0.00000000e+00  0.00000000e+00  8.00000000e-01  0.00000000e+00]
agent_success: 1.0

training time:  0.002288341522216797
evaluation time:  10.792666912078857
epoch time:  10.794973611831665


-------------------------------- Iteration 20200 -------------------------------- 
initial ob: [-3.26504931e-02  5.14881056e-01  2.36887642e-01 -1.77416902e-07
  5.99999879e-01  2.79199750e-02  0.00000000e+00  8.00000000e-01
  0.00000000e+00  0.00000000e+00  8.00000000e-01  0.00000000e+00]
agent_success: 1.0

training time:  0.00228118896484375
evaluation time:  10.798199653625488
epoch time:  10.800492286682129


-------------------------------- Iteration 20400 -------------------------------- 
initial ob: [-3.26504931e-02  5.14881056e-01  2.36887642e-01 -1.77416902e-07
  5.99999879e-01  2.79199750e-02  0.00000000e+00  8.00000000e-01
  0.00000000e+00  0.00000000e+00  8.00000000e-01  0.00000000e+00]
agent_success: 1.0

training time:  0.0023033618927001953
evaluation time:  10.821681022644043
epoch time:  10.824000597000122


-------------------------------- Iteration 20600 -------------------------------- 
initial ob: [-3.26504931e-02  5.14881056e-01  2.36887642e-01 -1.77416902e-07
  5.99999879e-01  2.79199750e-02  0.00000000e+00  8.00000000e-01
  0.00000000e+00  0.00000000e+00  8.00000000e-01  0.00000000e+00]
agent_success: 1.0

training time:  0.0022945404052734375
evaluation time:  10.843892335891724
epoch time:  10.846215963363647


-------------------------------- Iteration 20800 -------------------------------- 
initial ob: [-3.26504931e-02  5.14881056e-01  2.36887642e-01 -1.77416902e-07
  5.99999879e-01  2.79199750e-02  0.00000000e+00  8.00000000e-01
  0.00000000e+00  0.00000000e+00  8.00000000e-01  0.00000000e+00]
agent_success: 1.0

training time:  0.002292633056640625
evaluation time:  10.771825313568115
epoch time:  10.774146318435669


-------------------------------- Iteration 21000 -------------------------------- 
initial ob: [-3.26504931e-02  5.14881056e-01  2.36887642e-01 -1.77416902e-07
  5.99999879e-01  2.79199750e-02  0.00000000e+00  8.00000000e-01
  0.00000000e+00  0.00000000e+00  8.00000000e-01  0.00000000e+00]
agent_success: 1.0

training time:  0.0022902488708496094
evaluation time:  10.786487579345703
epoch time:  10.788788795471191


-------------------------------- Iteration 21200 -------------------------------- 
initial ob: [-3.26504931e-02  5.14881056e-01  2.36887642e-01 -1.77416902e-07
  5.99999879e-01  2.79199750e-02  0.00000000e+00  8.00000000e-01
  0.00000000e+00  0.00000000e+00  8.00000000e-01  0.00000000e+00]
agent_success: 1.0

training time:  0.0022840499877929688
evaluation time:  10.755500078201294
epoch time:  10.757795333862305


-------------------------------- Iteration 21400 -------------------------------- 
initial ob: [-3.26504931e-02  5.14881056e-01  2.36887642e-01 -1.77416902e-07
  5.99999879e-01  2.79199750e-02  0.00000000e+00  8.00000000e-01
  0.00000000e+00  0.00000000e+00  8.00000000e-01  0.00000000e+00]
agent_success: 1.0

training time:  0.0022928714752197266
evaluation time:  10.955674886703491
epoch time:  10.95799207687378


-------------------------------- Iteration 21600 -------------------------------- 
initial ob: [-3.26504931e-02  5.14881056e-01  2.36887642e-01 -1.77416902e-07
  5.99999879e-01  2.79199750e-02  0.00000000e+00  8.00000000e-01
  0.00000000e+00  0.00000000e+00  8.00000000e-01  0.00000000e+00]
agent_success: 1.0

training time:  0.0023005008697509766
evaluation time:  10.821954488754272
epoch time:  10.824299097061157


-------------------------------- Training stopped due to early stopping -------------------------------- 
min loss:  0.004742523


-------------------------------- Test Results -------------------------------- 
initial ob: [-3.26504931e-02  5.14881056e-01  2.36887642e-01 -1.77416902e-07
  5.99999879e-01  2.79199750e-02  0.00000000e+00  8.00000000e-01
  0.00000000e+00  0.00000000e+00  8.00000000e-01  0.00000000e+00]
agent_success: 1.0

mean_success_rate:  1.0
Done
