/var/lib/slurm/slurmd/job3513873/slurm_script: line 9: batch_scripts/MT50_batch/seed.sh: No such file or directory
SLURM_JOBID=3513873
working directory=/viscam/u/jialugao/Imitation-SoftModule
########################
logging outputs to  /viscam/u/jialugao/Imitation-SoftModule/data/Base_bc_reach_push-back-v1_2640.000124-01-2022_18-56-23
########################
{'expert_policy_file': '../Multi-Task-RL/log/MT50_Single_Task/push-back-v1/Fixed/238/model/model_pf_best.pth', 'exp_name': 'bc_reach', 'do_dagger': False, 'ep_len': 200, 'gradient_steps': 1, 'n_iter': 10000, 'render_interval': 1, 'eval_interval': 200, 'batch_size': 64, 'eval_batch_size': 32, 'train_batch_size': 32, 'n_layers': 2, 'size': 400, 'learning_rate': 0.0001, 'video_log_freq': -1, 'scalar_log_freq': 1, 'no_gpu': False, 'which_gpu': 0, 'max_replay_buffer_size': 1000000, 'save_params': False, 'seed': 32, 'worker_nums': 1, 'eval_worker_nums': 1, 'config': 'config/BC.json', 'no_cuda': True, 'random_init': False, 'device': 'cpu', 'id': 'MT50_Single_Task', 'task_name': 'push-back-v1', 'task_env': 'MT50_task_env', 'cuda': False, 'log_dir': '/viscam/u/jialugao/Imitation-SoftModule/data/Base_bc_reach_push-back-v1_2640.000124-01-2022_18-56-23', 'agent_class': <class 'agents.bc_agent.MLPAgent'>, 'agent_params': {'n_layers': 2, 'size': 400, 'learning_rate': 0.0001, 'max_replay_buffer_size': 1000000, 'discrete': False, 'ac_dim': 4, 'ob_dim': 9}}
{'env_name': 'single_task', 'env': {'reward_scale': 1, 'obs_norm': False}, 'meta_env': {'obs_type': 'with_goal', 'random_init': False}, 'replay_buffer': {'size': 1000000.0}, 'net': {'hidden_shapes': [400, 400], 'append_hidden_shapes': [400], 'base_type': <class 'networks.base.MLPBase'>}, 'general_setting': {'discount': 0.99, 'pretrain_epochs': 20, 'num_epochs': 7500, 'epoch_frames': 200, 'max_episode_frames': 200, 'batch_size': 1280, 'min_pool': 10000, 'target_hard_update_period': 1000, 'use_soft_update': True, 'tau': 0.005, 'opt_times': 200, 'eval_episodes': 100, 'train_render': False, 'eval_render': False, 'env': <NormAct<RewardShift<SingleWrapperNone>>>, 'logger': <utils.logger.Logger object at 0x7fc98b1c8e90>, 'device': device(type='cpu')}, 'sac': {'plr': 0.0003, 'qlr': 0.0003, 'reparameterization': True, 'automatic_entropy_tuning': True, 'policy_std_reg_weight': 0, 'policy_mean_reg_weight': 0}}
Loading expert policy from... ../Multi-Task-RL/log/MT50_Single_Task/push-back-v1/Fixed/238/model/model_pf_best.pth
tensor([[-0.4363, -0.0452, -0.1700,  ..., -0.0365, -0.0375, -0.0833],
        [ 0.0210, -0.0334, -0.0358,  ...,  0.0090, -0.0049, -0.0741],
        [-0.1192, -0.1433, -0.3488,  ..., -0.0016,  0.0388,  0.0173],
        ...,
        [ 0.0172, -0.0734, -0.0051,  ...,  0.0400, -0.0422, -0.0370],
        [-0.6126, -0.0408, -0.2324,  ..., -0.0461,  0.0371,  0.0114],
        [-0.4579,  0.0655, -0.3734,  ..., -0.0211, -0.0176,  0.0146]])
Done restoring expert policy...
<NormAct<RewardShift<AugObs<SawyerPushBackEnv instance>>>>


-------------------------------- Iteration 0 -------------------------------- 
initial ob: [-0.03265248  0.51488137  0.23688703  0.          0.8         0.01999588
  0.          0.6         0.02        0.          0.6         0.02      ]
expert:[0.9827993  0.95356935 0.9903755  0.91658187]
expert:[0.9804534  0.96368116 0.9884305  0.9449822 ]
expert:[0.98334837 0.9712152  0.9892902  0.9651883 ]
expert:[0.98500896 0.9770571  0.99044794 0.9713936 ]
expert:[0.9843797  0.9801447  0.99047196 0.9748939 ]
expert:[0.98213726 0.984003   0.9892504  0.97237283]
expert:[0.9760457  0.9849633  0.98247004 0.96166044]
expert:[-0.8541153   0.97687364  0.40260378  0.94789577]
expert:[-0.98022586  0.97396255 -0.5477867   0.96103823]
expert:[-0.97394115  0.9690281  -0.87496376  0.8533366 ]
expert:[-0.9535004   0.9613964  -0.926644    0.57290906]
expert:[-0.92264163  0.95425755 -0.9239047   0.30907878]
expert:[-0.78033376  0.93959403 -0.8848233  -0.02002517]
expert:[ 0.23031445  0.950276   -0.2803315  -0.6297682 ]
expert:[ 0.8397141   0.9593573   0.68483776 -0.8534768 ]
expert:[ 0.92072636  0.9568178   0.840085   -0.8817929 ]
expert:[ 0.9222891   0.9525705   0.8485331  -0.88097775]
expert:[ 0.90081805  0.9466423   0.8091537  -0.866138  ]
expert:[ 0.8121043   0.9345673   0.66397625 -0.8226912 ]
expert:[ 0.5752595   0.8683494   0.05684307 -0.60685194]
expert:[ 0.06214384  0.78593254 -0.55552757 -0.2997124 ]
expert:[-0.46431813  0.74004704 -0.69451755 -0.03180402]
expert:[-0.6475339   0.65529025 -0.6760068   0.14322491]
expert:[-0.6095427   0.45671755 -0.60347676  0.11575968]
expert:[-0.39605507  0.1596674  -0.49810448  0.0573696 ]
expert:[-0.09806633 -0.0790467  -0.37977663  0.02069289]
expert:[ 0.2336274  -0.24179704 -0.26436746  0.01792685]
expert:[ 0.5519271  -0.3725321  -0.02893864  0.02317319]
expert:[ 0.6610971  -0.41328418  0.23235044  0.04827163]
expert:[ 0.62618005 -0.39833057  0.39225823  0.04859746]
expert:[ 0.35922664 -0.2787337   0.4338032  -0.00843981]
expert:[-0.21373793 -0.06023722  0.4639282  -0.10564519]
expert:[-0.5718542   0.08349789  0.49570754 -0.17986555]
expert:[-0.64596057  0.13781705  0.4506529  -0.18207438]
expert:[-0.59173506  0.09067239  0.24545212 -0.11875188]
expert:[-0.37647536 -0.02040901 -0.06867862 -0.02661731]
expert:[-0.0456727  -0.14736909 -0.3225313   0.01507261]
expert:[ 0.31619683 -0.22368194 -0.4586      0.01171161]
expert:[ 0.50595075 -0.21282233 -0.47070238 -0.04205624]
expert:[ 0.52766645 -0.17625296 -0.43034142 -0.05343959]
expert:[ 0.42522296 -0.10434595 -0.3226653  -0.04375191]
expert:[ 0.13839139 -0.01024837 -0.11157884 -0.01062092]
expert:[-0.23358725  0.15485655  0.18081291 -0.03856116]
expert:[-0.44553775  0.28785968  0.38323304 -0.09302541]
expert:[-0.51108587  0.32924294  0.45606816 -0.11560201]
expert:[-0.42354402  0.25137788  0.3827272  -0.0949962 ]
expert:[-0.19866604  0.10728481  0.2017309  -0.04401028]
expert:[ 0.16029128 -0.07579236 -0.04386839 -0.00628889]
expert:[ 0.41917974 -0.17065193 -0.2013329  -0.02172812]
expert:[ 0.5042104  -0.21377032 -0.28514218 -0.03202609]
expert:[ 0.4567612  -0.20990574 -0.2956442  -0.02256221]
expert:[ 0.25531328 -0.16301566 -0.23784062  0.00627969]
expert:[-0.06414681 -0.05674446 -0.10786536  0.00038951]
expert:[-0.31954125  0.07982695  0.10798817 -0.03709258]
expert:[-0.46076918  0.1712485   0.24722797 -0.07563492]
expert:[-0.46449092  0.19004759  0.2811179  -0.08157559]
expert:[-0.33794275  0.13582535  0.21029565 -0.05611186]
expert:[-0.09494891  0.0206593   0.04659857 -0.01252473]
expert:[ 0.2235585  -0.0893648  -0.09936301 -0.00838124]
expert:[ 0.4283881  -0.13079269 -0.18095312 -0.03701004]
expert:[ 0.47196954 -0.14158337 -0.2087383  -0.04377582]
expert:[ 0.38403368 -0.12408589 -0.18187924 -0.02839833]
expert:[ 0.15897343 -0.07329136 -0.10456174 -0.00414243]
expert:[-0.15097961  0.03706895  0.04031612 -0.01453666]
expert:[-0.349417    0.1376483   0.18883233 -0.05254226]
expert:[-0.43101305  0.180337    0.25097218 -0.07236921]
expert:[-0.38642326  0.15433683  0.21796721 -0.0619526 ]
expert:[-0.22637078  0.06961799  0.09541444 -0.02843211]
expert:[ 0.03946685 -0.0546402  -0.07224584  0.00045474]
expert:[ 0.28475294 -0.12284634 -0.1697653  -0.0080198 ]
expert:[ 0.41137418 -0.14329815 -0.21485507 -0.02919858]
expert:[ 0.40194234 -0.13659143 -0.2015618  -0.02891629]
expert:[ 0.2613837  -0.10405856 -0.13732103 -0.00943951]
expert:[ 0.01356632 -0.02739679 -0.02758949 -0.00237524]
expert:[-0.2339079   0.09014939  0.13091847 -0.03436604]
expert:[-0.36779398  0.16085288  0.23442043 -0.06263801]
expert:[-0.3857779   0.16992208  0.24761303 -0.06695571]
expert:[-0.2876905   0.11848932  0.17152451 -0.04324041]
expert:[-0.09306461  0.01477466  0.01607116 -0.00990372]
expert:[ 0.17085859 -0.08270015 -0.11650329 -0.0030183 ]
expert:[ 0.34128773 -0.13057335 -0.1875933  -0.01577578]
expert:[ 0.3926372  -0.13580823 -0.20797715 -0.02671338]
expert:[ 0.31453547 -0.12193637 -0.17257619 -0.01263734]
expert:[ 0.12716196 -0.0672517  -0.09476638 -0.00347247]
expert:[-0.13212354  0.03427478  0.04012912 -0.01376881]
expert:[-0.29919505  0.12458682  0.17716932 -0.04522391]
expert:[-0.3668098   0.16079615  0.2331234  -0.06222716]
expert:[-0.3220579   0.13894892  0.20338671 -0.05231155]
expert:[-0.18013375  0.0614789   0.08999043 -0.02465243]
expert:[ 0.06408571 -0.04580937 -0.05367868 -0.00321919]
expert:[ 0.26619008 -0.10667927 -0.14290735 -0.0094233 ]
expert:[ 0.36429337 -0.12824887 -0.1845035  -0.02226154]
expert:[ 0.34132457 -0.12395938 -0.17490654 -0.01802327]
expert:[ 0.202802   -0.08561397 -0.12147938 -0.00512079]
expert:[-0.0239589  -0.01248893 -0.02074215 -0.00422729]
expert:[-0.22938861  0.08601754  0.1158485  -0.03133227]
expert:[-0.33406296  0.14321043  0.20095818 -0.05278398]
expert:[-0.33511993  0.14513548  0.20564878 -0.05376151]
expert:[-0.23481448  0.09206297  0.12925576 -0.03390909]
expert:[-0.04043877 -0.00267594 -0.00285955 -0.00626932]
expert:[ 0.1837793  -0.07930984 -0.10952843 -0.00454285]
expert:[ 0.3201644  -0.11903956 -0.16341771 -0.0145496 ]
expert:[ 0.34630305 -0.12088732 -0.17310928 -0.02020296]
expert:[ 0.257672   -0.09827685 -0.13663417 -0.00997392]
expert:[ 0.07311121 -0.04311217 -0.06054581 -0.00409232]
expert:[-0.15660773  0.05043869  0.06317319 -0.01817981]
expert:[-0.28942698  0.12333745  0.17168741 -0.04298121]
expert:[-0.33032373  0.14445943  0.20453781 -0.05299917]
expert:[-0.2689647   0.11263754  0.1595647  -0.04017161]
expert:[-0.12193371  0.03466604  0.04417562 -0.0136303 ]
expert:[ 0.10456245 -0.0576422  -0.07540552 -0.00420302]
expert:[ 0.27006716 -0.1048651  -0.14240777 -0.01036259]
expert:[ 0.33491206 -0.12005898 -0.16740029 -0.01776319]
expert:[ 0.28892583 -0.10750294 -0.1478431  -0.01248982]
expert:[ 0.14251664 -0.06381477 -0.08968745 -0.00511558]
expert:[-0.0780724   0.0175337   0.01688985 -0.0093508 ]
expert:[-0.24193136  0.09826202  0.13398705 -0.03480176]
expert:[-0.31554964  0.13824946  0.19500068 -0.04972764]
expert:[-0.29087964  0.12601303  0.17975292 -0.04466168]
expert:[-0.17830002  0.06307109  0.08769437 -0.02386159]
expert:[ 0.02902088 -0.0281662  -0.03656683 -0.00327829]
expert:[ 0.21525228 -0.08435737 -0.12179504 -0.00710207]
expert:[ 0.31404623 -0.11094911 -0.16113776 -0.01550807]
expert:[ 0.30559105 -0.10753673 -0.15601045 -0.01466183]
expert:[ 0.192679   -0.07357349 -0.11089587 -0.00637161]
expert:[ 0.00017837 -0.01486635 -0.02290738 -0.00314972]
expert:[-0.1930925   0.07180347  0.09504104 -0.02589526]
expert:[-0.28987795  0.12508307  0.1766425  -0.04395023]
expert:[-0.2972488   0.12844066  0.18488145 -0.04630395]
expert:[-0.21529575  0.08231921  0.1187081  -0.03130905]
expert:[-4.2578820e-02  6.0983002e-05  3.2253526e-03 -6.8181646e-03]
expert:[ 0.15842143 -0.06979969 -0.09569445 -0.00498628]
expert:[ 0.2821268  -0.10458663 -0.14594905 -0.01207497]
expert:[ 0.30650273 -0.10988593 -0.15496473 -0.0144228 ]
expert:[ 0.22835834 -0.08558818 -0.12308954 -0.0086876 ]
expert:[ 0.06544212 -0.03635948 -0.05299946 -0.0046022 ]
expert:[-0.13966495  0.04515267  0.05519379 -0.01617521]
expert:[-0.25882334  0.10792969  0.15172078 -0.03849712]
expert:[-0.29421696  0.12753902  0.18337306 -0.04570232]
expert:[-0.23891164  0.09668657  0.14034474 -0.03605566]
expert:[-0.10122331  0.02768763  0.03835653 -0.01193817]
expert:[ 0.1006669  -0.05231228 -0.0681033  -0.00481366]
expert:[ 0.24606927 -0.09299569 -0.1287295  -0.00962074]
expert:[ 0.3003826  -0.10739358 -0.14991193 -0.01417016]
expert:[ 0.25389504 -0.09217639 -0.13058811 -0.01081855]
expert:[ 0.11655777 -0.05236169 -0.07576253 -0.00568391]
expert:[-0.08175387  0.02127481  0.02285789 -0.00995813]
expert:[-0.22684634  0.09065395  0.12498934 -0.03261893]
expert:[-0.2856903   0.12359725  0.17676415 -0.04358019]
expert:[-0.25641507  0.10681056  0.15503812 -0.03914508]
expert_success: 0
path_length: 150



-------------------------------- Iteration 0 -------------------------------- 
initial ob: [-0.03265248  0.51488137  0.23688703  0.          0.8         0.01999588
  0.          0.6         0.02        0.          0.6         0.02      ]
agent_success: 0

training time:  0.12093043327331543
evaluation time:  7.439807653427124
epoch time:  7.560767889022827


-------------------------------- Iteration 200 -------------------------------- 
initial ob: [-0.03265248  0.51488137  0.23688703  0.          0.8         0.01999588
  0.          0.6         0.02        0.          0.6         0.02      ]
agent_success: 0

training time:  0.0023577213287353516
evaluation time:  7.392783880233765
epoch time:  7.395169496536255


-------------------------------- Iteration 400 -------------------------------- 
initial ob: [-0.03265248  0.51488137  0.23688703  0.          0.8         0.01999588
  0.          0.6         0.02        0.          0.6         0.02      ]
agent_success: 0

training time:  0.0023469924926757812
evaluation time:  7.387901782989502
epoch time:  7.390276908874512


-------------------------------- Iteration 600 -------------------------------- 
initial ob: [-0.03265248  0.51488137  0.23688703  0.          0.8         0.01999588
  0.          0.6         0.02        0.          0.6         0.02      ]
agent_success: 0

training time:  0.0023336410522460938
evaluation time:  7.403852701187134
epoch time:  7.406207799911499


-------------------------------- Iteration 800 -------------------------------- 
initial ob: [-0.03265248  0.51488137  0.23688703  0.          0.8         0.01999588
  0.          0.6         0.02        0.          0.6         0.02      ]
agent_success: 0

training time:  0.002338409423828125
evaluation time:  7.374288082122803
epoch time:  7.376654863357544


-------------------------------- Iteration 1000 -------------------------------- 
initial ob: [-0.03265248  0.51488137  0.23688703  0.          0.8         0.01999588
  0.          0.6         0.02        0.          0.6         0.02      ]
agent_success: 0

training time:  0.0023567676544189453
evaluation time:  7.403274059295654
epoch time:  7.40566086769104


-------------------------------- Iteration 1200 -------------------------------- 
initial ob: [-0.03265248  0.51488137  0.23688703  0.          0.8         0.01999588
  0.          0.6         0.02        0.          0.6         0.02      ]
agent_success: 0

training time:  0.002344369888305664
evaluation time:  7.401271820068359
epoch time:  7.403664827346802


-------------------------------- Iteration 1400 -------------------------------- 
initial ob: [-0.03265248  0.51488137  0.23688703  0.          0.8         0.01999588
  0.          0.6         0.02        0.          0.6         0.02      ]
agent_success: 0

training time:  0.002347707748413086
evaluation time:  7.400826454162598
epoch time:  7.403195142745972


-------------------------------- Iteration 1600 -------------------------------- 
initial ob: [-0.03265248  0.51488137  0.23688703  0.          0.8         0.01999588
  0.          0.6         0.02        0.          0.6         0.02      ]
agent_success: 0

training time:  0.002301454544067383
evaluation time:  7.365585803985596
epoch time:  7.367913722991943


-------------------------------- Iteration 1800 -------------------------------- 
initial ob: [-0.03265248  0.51488137  0.23688703  0.          0.8         0.01999588
  0.          0.6         0.02        0.          0.6         0.02      ]
agent_success: 0

training time:  0.002302408218383789
evaluation time:  7.364080190658569
epoch time:  7.366403102874756


-------------------------------- Iteration 2000 -------------------------------- 
initial ob: [-0.03265248  0.51488137  0.23688703  0.          0.8         0.01999588
  0.          0.6         0.02        0.          0.6         0.02      ]
agent_success: 0

training time:  0.002334117889404297
evaluation time:  7.367357969284058
epoch time:  7.369714975357056


-------------------------------- Iteration 2200 -------------------------------- 
initial ob: [-0.03265248  0.51488137  0.23688703  0.          0.8         0.01999588
  0.          0.6         0.02        0.          0.6         0.02      ]
agent_success: 0

training time:  0.0023157596588134766
evaluation time:  7.346620321273804
epoch time:  7.3489484786987305


-------------------------------- Iteration 2400 -------------------------------- 
initial ob: [-0.03265248  0.51488137  0.23688703  0.          0.8         0.01999588
  0.          0.6         0.02        0.          0.6         0.02      ]
agent_success: 0

training time:  0.0023407936096191406
evaluation time:  7.3671135902404785
epoch time:  7.369472503662109


-------------------------------- Iteration 2600 -------------------------------- 
initial ob: [-0.03265248  0.51488137  0.23688703  0.          0.8         0.01999588
  0.          0.6         0.02        0.          0.6         0.02      ]
agent_success: 0

training time:  0.0023012161254882812
evaluation time:  7.347743034362793
epoch time:  7.350059747695923


-------------------------------- Iteration 2800 -------------------------------- 
initial ob: [-0.03265248  0.51488137  0.23688703  0.          0.8         0.01999588
  0.          0.6         0.02        0.          0.6         0.02      ]
agent_success: 0

training time:  0.0023255348205566406
evaluation time:  7.382920980453491
epoch time:  7.385267972946167


-------------------------------- Iteration 3000 -------------------------------- 
initial ob: [-0.03265248  0.51488137  0.23688703  0.          0.8         0.01999588
  0.          0.6         0.02        0.          0.6         0.02      ]
agent_success: 0

training time:  0.0023298263549804688
evaluation time:  7.381324052810669
epoch time:  7.383665561676025


-------------------------------- Iteration 3200 -------------------------------- 
initial ob: [-0.03265248  0.51488137  0.23688703  0.          0.8         0.01999588
  0.          0.6         0.02        0.          0.6         0.02      ]
agent_success: 0

training time:  0.0023336410522460938
evaluation time:  7.346720933914185
epoch time:  7.34907078742981


-------------------------------- Iteration 3400 -------------------------------- 
initial ob: [-0.03265248  0.51488137  0.23688703  0.          0.8         0.01999588
  0.          0.6         0.02        0.          0.6         0.02      ]
agent_success: 0

training time:  0.002301931381225586
evaluation time:  7.383027076721191
epoch time:  7.38534140586853


-------------------------------- Iteration 3600 -------------------------------- 
initial ob: [-0.03265248  0.51488137  0.23688703  0.          0.8         0.01999588
  0.          0.6         0.02        0.          0.6         0.02      ]
agent_success: 0

training time:  0.002324342727661133
evaluation time:  7.38188362121582
epoch time:  7.384225845336914


-------------------------------- Iteration 3800 -------------------------------- 
initial ob: [-0.03265248  0.51488137  0.23688703  0.          0.8         0.01999588
  0.          0.6         0.02        0.          0.6         0.02      ]
agent_success: 0

training time:  0.0023026466369628906
evaluation time:  7.359885215759277
epoch time:  7.362229824066162


-------------------------------- Iteration 4000 -------------------------------- 
initial ob: [-0.03265248  0.51488137  0.23688703  0.          0.8         0.01999588
  0.          0.6         0.02        0.          0.6         0.02      ]
agent_success: 0

training time:  0.002301931381225586
evaluation time:  8.149388790130615
epoch time:  8.151703357696533


-------------------------------- Iteration 4200 -------------------------------- 
initial ob: [-0.03265248  0.51488137  0.23688703  0.          0.8         0.01999588
  0.          0.6         0.02        0.          0.6         0.02      ]
agent_success: 0

training time:  0.0023245811462402344
evaluation time:  7.383763551712036
epoch time:  7.386107683181763


-------------------------------- Iteration 4400 -------------------------------- 
initial ob: [-0.03265248  0.51488137  0.23688703  0.          0.8         0.01999588
  0.          0.6         0.02        0.          0.6         0.02      ]
agent_success: 0

training time:  0.0023088455200195312
evaluation time:  7.37419581413269
epoch time:  7.376517057418823


-------------------------------- Iteration 4600 -------------------------------- 
initial ob: [-0.03265248  0.51488137  0.23688703  0.          0.8         0.01999588
  0.          0.6         0.02        0.          0.6         0.02      ]
agent_success: 0

training time:  0.0023047924041748047
evaluation time:  7.368982553482056
epoch time:  7.371299505233765


-------------------------------- Iteration 4800 -------------------------------- 
initial ob: [-0.03265248  0.51488137  0.23688703  0.          0.8         0.01999588
  0.          0.6         0.02        0.          0.6         0.02      ]
agent_success: 0

training time:  0.0022971630096435547
evaluation time:  7.360958814620972
epoch time:  7.3632800579071045


-------------------------------- Iteration 5000 -------------------------------- 
initial ob: [-0.03265248  0.51488137  0.23688703  0.          0.8         0.01999588
  0.          0.6         0.02        0.          0.6         0.02      ]
agent_success: 0

training time:  0.0023241043090820312
evaluation time:  7.37795877456665
epoch time:  7.380295991897583


-------------------------------- Iteration 5200 -------------------------------- 
initial ob: [-0.03265248  0.51488137  0.23688703  0.          0.8         0.01999588
  0.          0.6         0.02        0.          0.6         0.02      ]
agent_success: 0

training time:  0.0023179054260253906
evaluation time:  7.372348308563232
epoch time:  7.374688386917114


-------------------------------- Iteration 5400 -------------------------------- 
initial ob: [-0.03265248  0.51488137  0.23688703  0.          0.8         0.01999588
  0.          0.6         0.02        0.          0.6         0.02      ]
agent_success: 0

training time:  0.002315998077392578
evaluation time:  7.374145030975342
epoch time:  7.376473665237427


-------------------------------- Iteration 5600 -------------------------------- 
initial ob: [-0.03265248  0.51488137  0.23688703  0.          0.8         0.01999588
  0.          0.6         0.02        0.          0.6         0.02      ]
agent_success: 0

training time:  0.002315521240234375
evaluation time:  7.364124059677124
epoch time:  7.366451978683472


-------------------------------- Iteration 5800 -------------------------------- 
initial ob: [-0.03265248  0.51488137  0.23688703  0.          0.8         0.01999588
  0.          0.6         0.02        0.          0.6         0.02      ]
agent_success: 0

training time:  0.002327442169189453
evaluation time:  7.371661901473999
epoch time:  7.374004125595093


-------------------------------- Iteration 6000 -------------------------------- 
initial ob: [-0.03265248  0.51488137  0.23688703  0.          0.8         0.01999588
  0.          0.6         0.02        0.          0.6         0.02      ]
agent_success: 0

training time:  0.002323150634765625
evaluation time:  7.362252950668335
epoch time:  7.364588499069214


-------------------------------- Iteration 6200 -------------------------------- 
initial ob: [-0.03265248  0.51488137  0.23688703  0.          0.8         0.01999588
  0.          0.6         0.02        0.          0.6         0.02      ]
agent_success: 0

training time:  0.0023202896118164062
evaluation time:  7.364448070526123
epoch time:  7.3667893409729


-------------------------------- Iteration 6400 -------------------------------- 
initial ob: [-0.03265248  0.51488137  0.23688703  0.          0.8         0.01999588
  0.          0.6         0.02        0.          0.6         0.02      ]
agent_success: 0

training time:  0.0023055076599121094
evaluation time:  7.352717399597168
epoch time:  7.3550355434417725


-------------------------------- Iteration 6600 -------------------------------- 
initial ob: [-0.03265248  0.51488137  0.23688703  0.          0.8         0.01999588
  0.          0.6         0.02        0.          0.6         0.02      ]
agent_success: 0

training time:  0.0023193359375
evaluation time:  7.382406711578369
epoch time:  7.384739398956299


-------------------------------- Iteration 6800 -------------------------------- 
initial ob: [-0.03265248  0.51488137  0.23688703  0.          0.8         0.01999588
  0.          0.6         0.02        0.          0.6         0.02      ]
agent_success: 0

training time:  0.0022974014282226562
evaluation time:  7.373434782028198
epoch time:  7.375748634338379


-------------------------------- Iteration 7000 -------------------------------- 
initial ob: [-0.03265248  0.51488137  0.23688703  0.          0.8         0.01999588
  0.          0.6         0.02        0.          0.6         0.02      ]
agent_success: 0

training time:  0.002324819564819336
evaluation time:  7.357338905334473
epoch time:  7.3596765995025635


-------------------------------- Iteration 7200 -------------------------------- 
initial ob: [-0.03265248  0.51488137  0.23688703  0.          0.8         0.01999588
  0.          0.6         0.02        0.          0.6         0.02      ]
agent_success: 0

training time:  0.002328634262084961
evaluation time:  7.852516412734985
epoch time:  7.8548665046691895


-------------------------------- Iteration 7400 -------------------------------- 
initial ob: [-0.03265248  0.51488137  0.23688703  0.          0.8         0.01999588
  0.          0.6         0.02        0.          0.6         0.02      ]
agent_success: 0

training time:  0.0023012161254882812
evaluation time:  7.385014295578003
epoch time:  7.387327671051025


-------------------------------- Iteration 7600 -------------------------------- 
initial ob: [-0.03265248  0.51488137  0.23688703  0.          0.8         0.01999588
  0.          0.6         0.02        0.          0.6         0.02      ]
agent_success: 0

training time:  0.0023131370544433594
evaluation time:  7.3764259815216064
epoch time:  7.3787522315979


-------------------------------- Iteration 7800 -------------------------------- 
initial ob: [-0.03265248  0.51488137  0.23688703  0.          0.8         0.01999588
  0.          0.6         0.02        0.          0.6         0.02      ]
agent_success: 0

training time:  0.002318859100341797
evaluation time:  7.375207424163818
epoch time:  7.377542972564697


-------------------------------- Iteration 8000 -------------------------------- 
initial ob: [-0.03265248  0.51488137  0.23688703  0.          0.8         0.01999588
  0.          0.6         0.02        0.          0.6         0.02      ]
agent_success: 0

training time:  0.0023145675659179688
evaluation time:  7.5094404220581055
epoch time:  7.511768102645874


-------------------------------- Iteration 8200 -------------------------------- 
initial ob: [-0.03265248  0.51488137  0.23688703  0.          0.8         0.01999588
  0.          0.6         0.02        0.          0.6         0.02      ]
agent_success: 0

training time:  0.0023300647735595703
evaluation time:  7.397060871124268
epoch time:  7.39947247505188


-------------------------------- Iteration 8400 -------------------------------- 
initial ob: [-0.03265248  0.51488137  0.23688703  0.          0.8         0.01999588
  0.          0.6         0.02        0.          0.6         0.02      ]
agent_success: 0

training time:  0.0023131370544433594
evaluation time:  7.371497869491577
epoch time:  7.373823642730713


-------------------------------- Iteration 8600 -------------------------------- 
initial ob: [-0.03265248  0.51488137  0.23688703  0.          0.8         0.01999588
  0.          0.6         0.02        0.          0.6         0.02      ]
agent_success: 0

training time:  0.0023071765899658203
evaluation time:  7.36808443069458
epoch time:  7.370404243469238


-------------------------------- Iteration 8800 -------------------------------- 
initial ob: [-0.03265248  0.51488137  0.23688703  0.          0.8         0.01999588
  0.          0.6         0.02        0.          0.6         0.02      ]
agent_success: 0

training time:  0.002323150634765625
evaluation time:  7.392827272415161
epoch time:  7.395201921463013


-------------------------------- Iteration 9000 -------------------------------- 
initial ob: [-0.03265248  0.51488137  0.23688703  0.          0.8         0.01999588
  0.          0.6         0.02        0.          0.6         0.02      ]
agent_success: 0

training time:  0.0023064613342285156
evaluation time:  7.38857102394104
epoch time:  7.390889644622803


-------------------------------- Iteration 9200 -------------------------------- 
initial ob: [-0.03265248  0.51488137  0.23688703  0.          0.8         0.01999588
  0.          0.6         0.02        0.          0.6         0.02      ]
agent_success: 0

training time:  0.0023145675659179688
evaluation time:  7.388118267059326
epoch time:  7.390453815460205


-------------------------------- Iteration 9400 -------------------------------- 
initial ob: [-0.03265248  0.51488137  0.23688703  0.          0.8         0.01999588
  0.          0.6         0.02        0.          0.6         0.02      ]
agent_success: 0

training time:  0.0023345947265625
evaluation time:  7.36972451210022
epoch time:  7.37207293510437


-------------------------------- Iteration 9600 -------------------------------- 
initial ob: [-0.03265248  0.51488137  0.23688703  0.          0.8         0.01999588
  0.          0.6         0.02        0.          0.6         0.02      ]
agent_success: 0

training time:  0.0023343563079833984
evaluation time:  7.390722036361694
epoch time:  7.393068313598633


-------------------------------- Iteration 9800 -------------------------------- 
initial ob: [-0.03265248  0.51488137  0.23688703  0.          0.8         0.01999588
  0.          0.6         0.02        0.          0.6         0.02      ]
agent_success: 0

training time:  0.002318143844604492
evaluation time:  7.3824615478515625
epoch time:  7.384814262390137


-------------------------------- Test Results -------------------------------- 
initial ob: [-0.03265248  0.51488137  0.23688703  0.          0.8         0.01999588
  0.          0.6         0.02        0.          0.6         0.02      ]
agent_success: 0

mean_success_rate:  0.0
Done
