/var/lib/slurm/slurmd/job3513834/slurm_script: line 9: batch_scripts/MT50_batch/seed.sh: No such file or directory
SLURM_JOBID=3513834
working directory=/viscam/u/jialugao/Imitation-SoftModule
########################
logging outputs to  /viscam/u/jialugao/Imitation-SoftModule/data/Base_bc_reach_reach-wall-v1_2640.000124-01-2022_18-56-04
########################
{'expert_policy_file': '../Multi-Task-RL/log/MT50_Single_Task/reach-wall-v1/Fixed/238/model/model_pf_best.pth', 'exp_name': 'bc_reach', 'do_dagger': False, 'ep_len': 200, 'gradient_steps': 1, 'n_iter': 10000, 'render_interval': 1, 'eval_interval': 200, 'batch_size': 64, 'eval_batch_size': 32, 'train_batch_size': 32, 'n_layers': 2, 'size': 400, 'learning_rate': 0.0001, 'video_log_freq': -1, 'scalar_log_freq': 1, 'no_gpu': False, 'which_gpu': 0, 'max_replay_buffer_size': 1000000, 'save_params': False, 'seed': 32, 'worker_nums': 1, 'eval_worker_nums': 1, 'config': 'config/BC.json', 'no_cuda': True, 'random_init': False, 'device': 'cpu', 'id': 'MT50_Single_Task', 'task_name': 'reach-wall-v1', 'task_env': 'MT50_task_env', 'cuda': False, 'log_dir': '/viscam/u/jialugao/Imitation-SoftModule/data/Base_bc_reach_reach-wall-v1_2640.000124-01-2022_18-56-04', 'agent_class': <class 'agents.bc_agent.MLPAgent'>, 'agent_params': {'n_layers': 2, 'size': 400, 'learning_rate': 0.0001, 'max_replay_buffer_size': 1000000, 'discrete': False, 'ac_dim': 4, 'ob_dim': 9}}
{'env_name': 'single_task', 'env': {'reward_scale': 1, 'obs_norm': False}, 'meta_env': {'obs_type': 'with_goal', 'random_init': False}, 'replay_buffer': {'size': 1000000.0}, 'net': {'hidden_shapes': [400, 400], 'append_hidden_shapes': [400], 'base_type': <class 'networks.base.MLPBase'>}, 'general_setting': {'discount': 0.99, 'pretrain_epochs': 20, 'num_epochs': 7500, 'epoch_frames': 200, 'max_episode_frames': 200, 'batch_size': 1280, 'min_pool': 10000, 'target_hard_update_period': 1000, 'use_soft_update': True, 'tau': 0.005, 'opt_times': 200, 'eval_episodes': 100, 'train_render': False, 'eval_render': False, 'env': <NormAct<RewardShift<SingleWrapperNone>>>, 'logger': <utils.logger.Logger object at 0x7fd1bdb9d690>, 'device': device(type='cpu')}, 'sac': {'plr': 0.0003, 'qlr': 0.0003, 'reparameterization': True, 'automatic_entropy_tuning': True, 'policy_std_reg_weight': 0, 'policy_mean_reg_weight': 0}}
Loading expert policy from... ../Multi-Task-RL/log/MT50_Single_Task/reach-wall-v1/Fixed/238/model/model_pf_best.pth
tensor([[ 0.0668, -0.0371, -0.1062,  ...,  0.0019, -0.0217, -0.0677],
        [ 0.1034, -0.0713, -0.0954,  ...,  0.0577, -0.0174, -0.0871],
        [ 0.1258, -0.1373, -0.1483,  ...,  0.0489, -0.0390, -0.0609],
        ...,
        [ 0.0205, -0.0706, -0.0069,  ...,  0.0724, -0.0415, -0.0367],
        [ 0.0327, -0.0505, -0.0793,  ..., -0.0012, -0.0008, -0.0264],
        [-0.0560, -0.0002, -0.1037,  ...,  0.0282, -0.0633, -0.0314]])
Done restoring expert policy...
<NormAct<RewardShift<AugObs<SawyerReachPushPickPlaceWallEnv instance>>>>


-------------------------------- Iteration 0 -------------------------------- 
initial ob: [-0.03264955  0.51487924  0.23688597  0.          0.6         0.01499496
 -0.05        0.8         0.2        -0.05        0.8         0.2       ]
expert:[-0.97955483  0.9886527   0.9730271   0.98368186]
expert:[-0.979885    0.9869699   0.97054565  0.982698  ]
expert:[-0.9792577  0.9856334  0.9704317  0.9809918]
expert:[-0.9784998  0.9846753  0.9696892  0.9795639]
expert:[-0.977531    0.9841563   0.9682512   0.97822404]
expert:[-0.97630847  0.9842782   0.965972    0.9778073 ]
expert:[-0.97618186  0.98534197  0.96347845  0.9768768 ]
expert:[-0.980091   0.9866802  0.9659262  0.974739 ]
expert:[-0.9808463   0.9851555   0.95896566  0.94727015]
expert:[-0.733956    0.97445554  0.47026825  0.3957249 ]
expert:[ 0.6645565   0.96551985 -0.7633762  -0.256806  ]
expert:[ 0.8566253   0.9667492  -0.8697711  -0.32985237]
expert:[ 0.901793   0.9663429 -0.8950625 -0.3152048]
expert:[ 0.9178317   0.96571803 -0.9030459  -0.2729625 ]
expert:[ 0.91689754  0.9660327  -0.8991119  -0.19972888]
expert:[ 0.90169436  0.9660853  -0.8887105  -0.10713635]
expert:[ 0.8702644   0.96509975 -0.8735271   0.01834181]
expert:[ 0.80861914  0.96502846 -0.8306265   0.19724634]
expert:[ 0.2429099   0.9501063  -0.4661119   0.50810623]
expert:[-0.86463004  0.8763996   0.59249836  0.8220024 ]
expert:[-0.9512617   0.68763965  0.8632567   0.89800245]
expert:[-0.9594833  0.3553714  0.88396    0.8969823]
expert:[-0.9457994   0.07498482  0.8498111   0.859382  ]
expert:[-0.7619015  -0.17383458  0.637501    0.81049085]
expert:[ 0.7839907  -0.41188875  0.28505972  0.77281827]
expert:[ 0.95270234 -0.34830335  0.06713302  0.7466502 ]
expert:[ 0.9670924  -0.21475361 -0.17844263  0.7377093 ]
expert:[ 0.9540265  -0.20356485 -0.35287696  0.73057485]
expert:[ 0.85477525 -0.21441117 -0.53254044  0.7249648 ]
expert:[-0.43654764  0.0248525  -0.66584194  0.7548262 ]
expert:[-0.8800386   0.13667244 -0.5939919   0.80071765]
expert:[-0.9174407   0.07757939 -0.3195433   0.82722384]
expert:[-0.9200779   0.03842144  0.05626957  0.8193073 ]
expert:[-0.8468798  -0.08151349  0.30888984  0.79656774]
expert:[ 0.2830834 -0.3521813  0.4493409  0.7840667]
expert:[ 0.91306674 -0.422365    0.5154365   0.78059196]
expert:[ 0.9494627  -0.28128773  0.3963232   0.7703003 ]
expert:[ 0.939191   -0.16457728  0.18255511  0.74211645]
expert:[ 0.74024844 -0.03302278 -0.19086863  0.69954044]
expert:[-0.6276666   0.2733558  -0.38097852  0.7206678 ]
expert:[-0.8855077   0.37581503 -0.30324587  0.7770672 ]
expert:[-0.91019523  0.35733792 -0.1976485   0.79760003]
expert:[-0.89605767  0.33163258 -0.13960958  0.78411406]
expert:[-0.7166792   0.17903891 -0.14284858  0.74872494]
expert:[ 0.69030404 -0.14289233 -0.00676     0.72609925]
expert:[ 0.9458374  -0.19056553  0.22732541  0.7487438 ]
expert:[ 0.9611389  -0.18041176  0.28642347  0.7588027 ]
expert:[ 0.9437444  -0.2749595   0.30451775  0.7581452 ]
expert:[ 0.76122916 -0.2811714   0.14792334  0.7498043 ]
expert:[-0.70686185  0.01875883 -0.02234298  0.7670337 ]
expert:[-0.9161059   0.18441235  0.02349315  0.80716085]
expert:[-0.92945164  0.20468174 -0.01980327  0.822023  ]
expert:[-0.9138506   0.24518321 -0.15802248  0.80763614]
expert:[-0.8266995   0.23088314 -0.328041    0.7620403 ]
expert:[ 0.3303091   0.00907524 -0.31379566  0.7135065 ]
expert:[ 0.93480986 -0.1007651  -0.07099374  0.7171713 ]
expert:[ 0.9642624  -0.04551738  0.06351562  0.73591805]
expert:[ 0.9587131  -0.14467196  0.17135826  0.74561   ]
expert:[ 0.9003246  -0.2955405   0.20582503  0.7471297 ]
expert:[-0.09591042 -0.16492227  0.13445972  0.7656546 ]
expert:[-0.89710045  0.08644318  0.2223317   0.7953422 ]
expert:[-0.9338328   0.12949252  0.23414685  0.82314235]
expert:[-0.9297126   0.16658042  0.0874706   0.8208395 ]
expert:[-0.8905818   0.21832746 -0.19570985  0.78867704]
expert:[-0.46591598  0.12168473 -0.4023817   0.73126704]
expert:[ 0.8611646  -0.07491808 -0.29694802  0.694208  ]
expert:[ 0.9605479   0.03755842 -0.14217153  0.7163061 ]
expert:[ 0.9674371   0.02369674 -0.02871441  0.7305762 ]
expert:[ 0.9499127  -0.1782734   0.10830426  0.7382582 ]
expert:[ 0.78278697 -0.28998855  0.11639003  0.74861217]
expert:[-0.6980502  -0.07114037  0.14883941  0.77586895]
expert:[-0.92713684  0.07018016  0.32901463  0.8158791 ]
expert:[-0.94067335  0.0848001   0.320738    0.8318168 ]
expert:[-0.92772675  0.12866077  0.12870449  0.81930286]
expert:[-0.85803723  0.16061921 -0.21798266  0.77753514]
expert:[ 0.11420541  0.01602186 -0.36875522  0.7240907 ]
expert:[ 0.922745   -0.07036711 -0.2472402   0.6990498 ]
expert:[ 0.9638944   0.08274678 -0.17999595  0.71514267]
expert:[ 0.96294546  0.00365996 -0.07932117  0.7232235 ]
expert:[ 0.92573476 -0.2079166   0.02000444  0.72867745]
expert:[ 0.31898904 -0.19311315  0.01175136  0.7529637 ]
expert:[-0.866088    0.02334124  0.20164207  0.7909026 ]
expert:[-0.9356637   0.06775124  0.36845747  0.82501006]
expert:[-0.9401293   0.0784886   0.34499922  0.83075637]
expert:[-0.91749746  0.12109613  0.12386435  0.80900514]
expert:[-0.7344305   0.07873214 -0.24714473  0.7632093 ]
expert:[ 0.68644536 -0.09516233 -0.29673812  0.7090887 ]
expert:[ 0.9495029  -0.02314564 -0.19511895  0.7077978 ]
expert:[ 0.9644769   0.08473196 -0.17381552  0.7161388 ]
expert:[ 0.95275563 -0.05841682 -0.08448961  0.71885055]
expert:[ 0.838026   -0.20174049 -0.07774658  0.72377586]
expert:[-0.5083264  -0.05527042 -0.04561359  0.7629603 ]
expert:[-0.9145378   0.09033269  0.25046438  0.80392575]
expert:[-0.9372889   0.07637416  0.3801854   0.82612854]
expert:[-0.9289339   0.08853051  0.31290162  0.81731194]
expert:[-0.8571907   0.07397631  0.04253929  0.7841052 ]
expert:[ 0.14817314 -0.08060062 -0.19379759  0.74012697]
expert:[ 0.9171738  -0.1317371  -0.15527645  0.70963734]
expert:[ 0.9601883   0.04147721 -0.16905065  0.7137029 ]
expert:[ 0.95714843  0.02275838 -0.15844458  0.7134688 ]
expert:[ 0.8988105  -0.13128696 -0.1556312   0.7077817 ]
expert:[-0.01227704 -0.04912758 -0.18379804  0.7419382 ]
expert:[-0.87796974  0.11047015  0.05585952  0.78676164]
expert:[-0.9309761   0.10315067  0.30076283  0.81922287]
expert:[-0.9322442   0.08999988  0.34722733  0.8200999 ]
expert:[-0.89384484  0.07890181  0.19918635  0.7948049 ]
expert:[-0.30192533 -0.07639    -0.08312199  0.7585763 ]
expert:[ 0.87441796 -0.19653335 -0.09490792  0.71918297]
expert:[ 0.95662236 -0.03942137 -0.09212452  0.71884435]
expert:[ 0.96054006  0.03286462 -0.13322918  0.71707606]
expert:[ 0.9270159  -0.09790028 -0.13834248  0.7097113 ]
expert:[ 0.4332611  -0.07404374 -0.2202213   0.7234567 ]
expert:[-0.8190283   0.1088561  -0.10584418  0.7725109 ]
expert:[-0.92517114  0.13704248  0.18944876  0.81420505]
expert:[-0.9353851   0.11035841  0.31119117  0.8237654 ]
expert:[-0.9155879   0.10872487  0.23982038  0.80399275]
expert:[-0.6769187  -0.00747941 -0.02407941  0.7667947 ]
expert:[ 0.75503993 -0.20095621 -0.0775566   0.72931045]
expert:[ 0.94913924 -0.10921083 -0.03409862  0.72350395]
expert:[ 0.96170884  0.00890884 -0.08493171  0.72194594]
expert:[ 0.94384843 -0.0797112  -0.08946767  0.7171102 ]
expert:[ 0.72611934 -0.12342114 -0.19181392  0.7144435 ]
expert:[-0.6978236   0.0755717  -0.19338197  0.75946623]
expert:[-0.9158915   0.15529075  0.10433391  0.8060264 ]
expert:[-0.9343282   0.12740025  0.2648638   0.8229249 ]
expert:[-0.92156446  0.12164849  0.24188614  0.80946827]
expert:[-0.7915008   0.03787453  0.03327903  0.7749898 ]
expert:[ 0.5331008  -0.16566902 -0.0779117   0.73631185]
expert:[ 0.93769073 -0.15670998 -0.01774913  0.7242359 ]
expert:[ 0.9597668  -0.01830187 -0.06020169  0.7230122 ]
expert:[ 0.9476279  -0.06824233 -0.07311574  0.7189665 ]
expert:[ 0.8071724  -0.13314676 -0.17556474  0.71172625]
expert:[-0.5582481   0.05243499 -0.21274136  0.7495267 ]
expert:[-0.9065695   0.16813117  0.05896078  0.7975163 ]
expert:[-0.93091416  0.14182796  0.23635459  0.81901175]
expert:[-0.92107815  0.13095707  0.23602968  0.808591  ]
expert:[-0.809626    0.05203987  0.05524135  0.7764628 ]
expert:[ 0.4332373  -0.15058048 -0.07059129  0.7392203 ]
expert:[ 0.9309211  -0.16824326 -0.01338513  0.7243341 ]
expert:[ 0.9583896  -0.03644912 -0.04017997  0.72406834]
expert:[ 0.9478924  -0.07166348 -0.05825758  0.72032505]
expert:[ 0.82072634 -0.13621922 -0.16203336  0.71175325]
expert:[-0.50711     0.04524216 -0.21128945  0.7472962 ]
expert:[-0.9031692   0.17417207  0.0422013   0.7944974 ]
expert:[-0.92947245  0.15034768  0.21852371  0.8174617 ]
expert:[-0.92039245  0.13849175  0.22197877  0.8079006 ]
expert:[-0.81370807  0.06090298  0.04954061  0.7762626 ]
expert:[ 0.40406957 -0.14338651 -0.07343002  0.7394026 ]
expert:[ 0.9290471  -0.17065217 -0.01163425  0.72438085]
expert:[ 0.95807654 -0.0427824  -0.0298648   0.72498125]
expert_success: 1.0
path_length: 150



-------------------------------- Iteration 0 -------------------------------- 
initial ob: [-0.03264955  0.51487924  0.23688597  0.          0.6         0.01499496
 -0.05        0.8         0.2        -0.05        0.8         0.2       ]
agent_success: 0

training time:  0.18521475791931152
evaluation time:  12.705732822418213
epoch time:  12.89097785949707


-------------------------------- Iteration 200 -------------------------------- 
initial ob: [-0.03264955  0.51487924  0.23688597  0.          0.6         0.01499496
 -0.05        0.8         0.2        -0.05        0.8         0.2       ]
agent_success: 1.0

training time:  0.0021190643310546875
evaluation time:  12.631408214569092
epoch time:  12.633558511734009


-------------------------------- Iteration 400 -------------------------------- 
initial ob: [-0.03264955  0.51487924  0.23688597  0.          0.6         0.01499496
 -0.05        0.8         0.2        -0.05        0.8         0.2       ]
agent_success: 1.0

training time:  0.0018224716186523438
evaluation time:  12.623893022537231
epoch time:  12.625749826431274


-------------------------------- Iteration 600 -------------------------------- 
initial ob: [-0.03264955  0.51487924  0.23688597  0.          0.6         0.01499496
 -0.05        0.8         0.2        -0.05        0.8         0.2       ]
agent_success: 1.0

training time:  0.002170085906982422
evaluation time:  12.683671712875366
epoch time:  12.685866594314575


-------------------------------- Iteration 800 -------------------------------- 
initial ob: [-0.03264955  0.51487924  0.23688597  0.          0.6         0.01499496
 -0.05        0.8         0.2        -0.05        0.8         0.2       ]
agent_success: 1.0

training time:  0.0018491744995117188
evaluation time:  12.61311960220337
epoch time:  12.615001678466797


-------------------------------- Iteration 1000 -------------------------------- 
initial ob: [-0.03264955  0.51487924  0.23688597  0.          0.6         0.01499496
 -0.05        0.8         0.2        -0.05        0.8         0.2       ]
agent_success: 1.0

training time:  0.0021097660064697266
evaluation time:  12.669537544250488
epoch time:  12.671677827835083


-------------------------------- Iteration 1200 -------------------------------- 
initial ob: [-0.03264955  0.51487924  0.23688597  0.          0.6         0.01499496
 -0.05        0.8         0.2        -0.05        0.8         0.2       ]
agent_success: 1.0

training time:  0.0018525123596191406
evaluation time:  12.598996639251709
epoch time:  12.600879669189453


-------------------------------- Iteration 1400 -------------------------------- 
initial ob: [-0.03264955  0.51487924  0.23688597  0.          0.6         0.01499496
 -0.05        0.8         0.2        -0.05        0.8         0.2       ]
agent_success: 1.0

training time:  0.002121448516845703
evaluation time:  12.682005643844604
epoch time:  12.684154987335205


-------------------------------- Iteration 1600 -------------------------------- 
initial ob: [-0.03264955  0.51487924  0.23688597  0.          0.6         0.01499496
 -0.05        0.8         0.2        -0.05        0.8         0.2       ]
agent_success: 1.0

training time:  0.0019001960754394531
evaluation time:  12.673010110855103
epoch time:  12.674930572509766


-------------------------------- Iteration 1800 -------------------------------- 
initial ob: [-0.03264955  0.51487924  0.23688597  0.          0.6         0.01499496
 -0.05        0.8         0.2        -0.05        0.8         0.2       ]
agent_success: 1.0

training time:  0.001836538314819336
evaluation time:  12.777364730834961
epoch time:  12.779230833053589


-------------------------------- Iteration 2000 -------------------------------- 
initial ob: [-0.03264955  0.51487924  0.23688597  0.          0.6         0.01499496
 -0.05        0.8         0.2        -0.05        0.8         0.2       ]
agent_success: 1.0

training time:  0.0018236637115478516
evaluation time:  12.878247022628784
epoch time:  12.88009238243103


-------------------------------- Iteration 2200 -------------------------------- 
initial ob: [-0.03264955  0.51487924  0.23688597  0.          0.6         0.01499496
 -0.05        0.8         0.2        -0.05        0.8         0.2       ]
agent_success: 1.0

training time:  0.001875162124633789
evaluation time:  12.788784980773926
epoch time:  12.79068922996521


-------------------------------- Iteration 2400 -------------------------------- 
initial ob: [-0.03264955  0.51487924  0.23688597  0.          0.6         0.01499496
 -0.05        0.8         0.2        -0.05        0.8         0.2       ]
agent_success: 1.0

training time:  0.0019698143005371094
evaluation time:  12.902003288269043
epoch time:  12.90400218963623


-------------------------------- Iteration 2600 -------------------------------- 
initial ob: [-0.03264955  0.51487924  0.23688597  0.          0.6         0.01499496
 -0.05        0.8         0.2        -0.05        0.8         0.2       ]
agent_success: 1.0

training time:  0.0018525123596191406
evaluation time:  12.863616228103638
epoch time:  12.865486145019531


-------------------------------- Iteration 2800 -------------------------------- 
initial ob: [-0.03264955  0.51487924  0.23688597  0.          0.6         0.01499496
 -0.05        0.8         0.2        -0.05        0.8         0.2       ]
agent_success: 1.0

training time:  0.0018641948699951172
evaluation time:  12.680188179016113
epoch time:  12.682167768478394


-------------------------------- Iteration 3000 -------------------------------- 
initial ob: [-0.03264955  0.51487924  0.23688597  0.          0.6         0.01499496
 -0.05        0.8         0.2        -0.05        0.8         0.2       ]
agent_success: 1.0

training time:  0.001829385757446289
evaluation time:  12.492919921875
epoch time:  12.494768619537354


-------------------------------- Iteration 3200 -------------------------------- 
initial ob: [-0.03264955  0.51487924  0.23688597  0.          0.6         0.01499496
 -0.05        0.8         0.2        -0.05        0.8         0.2       ]
agent_success: 1.0

training time:  0.001878499984741211
evaluation time:  12.722963094711304
epoch time:  12.724856853485107


-------------------------------- Iteration 3400 -------------------------------- 
initial ob: [-0.03264955  0.51487924  0.23688597  0.          0.6         0.01499496
 -0.05        0.8         0.2        -0.05        0.8         0.2       ]
agent_success: 1.0

training time:  0.0020780563354492188
evaluation time:  12.633372783660889
epoch time:  12.635470151901245


-------------------------------- Iteration 3600 -------------------------------- 
initial ob: [-0.03264955  0.51487924  0.23688597  0.          0.6         0.01499496
 -0.05        0.8         0.2        -0.05        0.8         0.2       ]
agent_success: 1.0

training time:  0.0020499229431152344
evaluation time:  12.632549285888672
epoch time:  12.63461446762085


-------------------------------- Iteration 3800 -------------------------------- 
initial ob: [-0.03264955  0.51487924  0.23688597  0.          0.6         0.01499496
 -0.05        0.8         0.2        -0.05        0.8         0.2       ]
agent_success: 1.0

training time:  0.0019614696502685547
evaluation time:  12.631439447402954
epoch time:  12.633431434631348


-------------------------------- Iteration 4000 -------------------------------- 
initial ob: [-0.03264955  0.51487924  0.23688597  0.          0.6         0.01499496
 -0.05        0.8         0.2        -0.05        0.8         0.2       ]
agent_success: 1.0

training time:  0.002022266387939453
evaluation time:  12.601753950119019
epoch time:  12.603806257247925


-------------------------------- Iteration 4200 -------------------------------- 
initial ob: [-0.03264955  0.51487924  0.23688597  0.          0.6         0.01499496
 -0.05        0.8         0.2        -0.05        0.8         0.2       ]
agent_success: 1.0

training time:  0.0018630027770996094
evaluation time:  12.607542037963867
epoch time:  12.60942029953003


-------------------------------- Iteration 4400 -------------------------------- 
initial ob: [-0.03264955  0.51487924  0.23688597  0.          0.6         0.01499496
 -0.05        0.8         0.2        -0.05        0.8         0.2       ]
agent_success: 1.0

training time:  0.0018322467803955078
evaluation time:  12.703354120254517
epoch time:  12.70520281791687


-------------------------------- Iteration 4600 -------------------------------- 
initial ob: [-0.03264955  0.51487924  0.23688597  0.          0.6         0.01499496
 -0.05        0.8         0.2        -0.05        0.8         0.2       ]
agent_success: 1.0

training time:  0.002133607864379883
evaluation time:  12.591577053070068
epoch time:  12.593737363815308


-------------------------------- Iteration 4800 -------------------------------- 
initial ob: [-0.03264955  0.51487924  0.23688597  0.          0.6         0.01499496
 -0.05        0.8         0.2        -0.05        0.8         0.2       ]
agent_success: 1.0

training time:  0.0018658638000488281
evaluation time:  12.663156986236572
epoch time:  12.665040493011475


-------------------------------- Iteration 5000 -------------------------------- 
initial ob: [-0.03264955  0.51487924  0.23688597  0.          0.6         0.01499496
 -0.05        0.8         0.2        -0.05        0.8         0.2       ]
agent_success: 1.0

training time:  0.0019004344940185547
evaluation time:  12.569226264953613
epoch time:  12.57114315032959


-------------------------------- Iteration 5200 -------------------------------- 
initial ob: [-0.03264955  0.51487924  0.23688597  0.          0.6         0.01499496
 -0.05        0.8         0.2        -0.05        0.8         0.2       ]
agent_success: 1.0

training time:  0.002049684524536133
evaluation time:  12.59866452217102
epoch time:  12.600756406784058


-------------------------------- Iteration 5400 -------------------------------- 
initial ob: [-0.03264955  0.51487924  0.23688597  0.          0.6         0.01499496
 -0.05        0.8         0.2        -0.05        0.8         0.2       ]
agent_success: 1.0

training time:  0.0018393993377685547
evaluation time:  12.779521465301514
epoch time:  12.781378507614136


-------------------------------- Iteration 5600 -------------------------------- 
initial ob: [-0.03264955  0.51487924  0.23688597  0.          0.6         0.01499496
 -0.05        0.8         0.2        -0.05        0.8         0.2       ]
agent_success: 1.0

training time:  0.00185394287109375
evaluation time:  12.702124118804932
epoch time:  12.704011917114258


-------------------------------- Iteration 5800 -------------------------------- 
initial ob: [-0.03264955  0.51487924  0.23688597  0.          0.6         0.01499496
 -0.05        0.8         0.2        -0.05        0.8         0.2       ]
agent_success: 1.0

training time:  0.002115964889526367
evaluation time:  12.678682088851929
epoch time:  12.680826187133789


-------------------------------- Iteration 6000 -------------------------------- 
initial ob: [-0.03264955  0.51487924  0.23688597  0.          0.6         0.01499496
 -0.05        0.8         0.2        -0.05        0.8         0.2       ]
agent_success: 1.0

training time:  0.0019745826721191406
evaluation time:  12.634383201599121
epoch time:  12.636373281478882


-------------------------------- Iteration 6200 -------------------------------- 
initial ob: [-0.03264955  0.51487924  0.23688597  0.          0.6         0.01499496
 -0.05        0.8         0.2        -0.05        0.8         0.2       ]
agent_success: 1.0

training time:  0.002028226852416992
evaluation time:  12.580568790435791
epoch time:  12.582624912261963


-------------------------------- Iteration 6400 -------------------------------- 
initial ob: [-0.03264955  0.51487924  0.23688597  0.          0.6         0.01499496
 -0.05        0.8         0.2        -0.05        0.8         0.2       ]
agent_success: 1.0

training time:  0.0020990371704101562
evaluation time:  12.686802864074707
epoch time:  12.68892765045166


-------------------------------- Iteration 6600 -------------------------------- 
initial ob: [-0.03264955  0.51487924  0.23688597  0.          0.6         0.01499496
 -0.05        0.8         0.2        -0.05        0.8         0.2       ]
agent_success: 1.0

training time:  0.0018630027770996094
evaluation time:  12.608572959899902
epoch time:  12.610452890396118


-------------------------------- Iteration 6800 -------------------------------- 
initial ob: [-0.03264955  0.51487924  0.23688597  0.          0.6         0.01499496
 -0.05        0.8         0.2        -0.05        0.8         0.2       ]
agent_success: 1.0

training time:  0.002078533172607422
evaluation time:  12.58989930152893
epoch time:  12.592007160186768


-------------------------------- Iteration 7000 -------------------------------- 
initial ob: [-0.03264955  0.51487924  0.23688597  0.          0.6         0.01499496
 -0.05        0.8         0.2        -0.05        0.8         0.2       ]
agent_success: 1.0

training time:  0.002151966094970703
evaluation time:  12.507391691207886
epoch time:  12.509571075439453


-------------------------------- Iteration 7200 -------------------------------- 
initial ob: [-0.03264955  0.51487924  0.23688597  0.          0.6         0.01499496
 -0.05        0.8         0.2        -0.05        0.8         0.2       ]
agent_success: 1.0

training time:  0.0018520355224609375
evaluation time:  12.569938898086548
epoch time:  12.571851968765259


-------------------------------- Iteration 7400 -------------------------------- 
initial ob: [-0.03264955  0.51487924  0.23688597  0.          0.6         0.01499496
 -0.05        0.8         0.2        -0.05        0.8         0.2       ]
agent_success: 1.0

training time:  0.0021038055419921875
evaluation time:  12.499863386154175
epoch time:  12.50198221206665


-------------------------------- Iteration 7600 -------------------------------- 
initial ob: [-0.03264955  0.51487924  0.23688597  0.          0.6         0.01499496
 -0.05        0.8         0.2        -0.05        0.8         0.2       ]
agent_success: 1.0

training time:  0.0018379688262939453
evaluation time:  12.533136367797852
epoch time:  12.53499174118042


-------------------------------- Iteration 7800 -------------------------------- 
initial ob: [-0.03264955  0.51487924  0.23688597  0.          0.6         0.01499496
 -0.05        0.8         0.2        -0.05        0.8         0.2       ]
agent_success: 1.0

training time:  0.0018341541290283203
evaluation time:  12.537991762161255
epoch time:  12.539844274520874


-------------------------------- Iteration 8000 -------------------------------- 
initial ob: [-0.03264955  0.51487924  0.23688597  0.          0.6         0.01499496
 -0.05        0.8         0.2        -0.05        0.8         0.2       ]
agent_success: 1.0

training time:  0.0019948482513427734
evaluation time:  12.559325456619263
epoch time:  12.561339378356934


-------------------------------- Iteration 8200 -------------------------------- 
initial ob: [-0.03264955  0.51487924  0.23688597  0.          0.6         0.01499496
 -0.05        0.8         0.2        -0.05        0.8         0.2       ]
agent_success: 1.0

training time:  0.0018773078918457031
evaluation time:  12.513941287994385
epoch time:  12.515846490859985


-------------------------------- Iteration 8400 -------------------------------- 
initial ob: [-0.03264955  0.51487924  0.23688597  0.          0.6         0.01499496
 -0.05        0.8         0.2        -0.05        0.8         0.2       ]
agent_success: 1.0

training time:  0.0018346309661865234
evaluation time:  12.676416635513306
epoch time:  12.6782705783844


-------------------------------- Iteration 8600 -------------------------------- 
initial ob: [-0.03264955  0.51487924  0.23688597  0.          0.6         0.01499496
 -0.05        0.8         0.2        -0.05        0.8         0.2       ]
agent_success: 1.0

training time:  0.002249002456665039
evaluation time:  12.622125148773193
epoch time:  12.624393939971924


-------------------------------- Iteration 8800 -------------------------------- 
initial ob: [-0.03264955  0.51487924  0.23688597  0.          0.6         0.01499496
 -0.05        0.8         0.2        -0.05        0.8         0.2       ]
agent_success: 1.0

training time:  0.002016782760620117
evaluation time:  12.572169780731201
epoch time:  12.574202537536621


-------------------------------- Iteration 9000 -------------------------------- 
initial ob: [-0.03264955  0.51487924  0.23688597  0.          0.6         0.01499496
 -0.05        0.8         0.2        -0.05        0.8         0.2       ]
agent_success: 1.0

training time:  0.001988649368286133
evaluation time:  12.620402574539185
epoch time:  12.622410535812378


-------------------------------- Iteration 9200 -------------------------------- 
initial ob: [-0.03264955  0.51487924  0.23688597  0.          0.6         0.01499496
 -0.05        0.8         0.2        -0.05        0.8         0.2       ]
agent_success: 1.0

training time:  0.0018358230590820312
evaluation time:  12.587327241897583
epoch time:  12.589182615280151


-------------------------------- Iteration 9400 -------------------------------- 
initial ob: [-0.03264955  0.51487924  0.23688597  0.          0.6         0.01499496
 -0.05        0.8         0.2        -0.05        0.8         0.2       ]
agent_success: 1.0

training time:  0.001844644546508789
evaluation time:  12.402371644973755
epoch time:  12.404232025146484


-------------------------------- Iteration 9600 -------------------------------- 
initial ob: [-0.03264955  0.51487924  0.23688597  0.          0.6         0.01499496
 -0.05        0.8         0.2        -0.05        0.8         0.2       ]
agent_success: 1.0

training time:  0.0021209716796875
evaluation time:  11.652842283248901
epoch time:  11.65499234199524


-------------------------------- Iteration 9800 -------------------------------- 
initial ob: [-0.03264955  0.51487924  0.23688597  0.          0.6         0.01499496
 -0.05        0.8         0.2        -0.05        0.8         0.2       ]
agent_success: 1.0

training time:  0.001851797103881836
evaluation time:  11.474239826202393
epoch time:  11.476123332977295


-------------------------------- Test Results -------------------------------- 
initial ob: [-0.03264955  0.51487924  0.23688597  0.          0.6         0.01499496
 -0.05        0.8         0.2        -0.05        0.8         0.2       ]
agent_success: 1.0

mean_success_rate:  1.0
Done
