/var/lib/slurm/slurmd/job3513876/slurm_script: line 9: batch_scripts/MT50_batch/seed.sh: No such file or directory
SLURM_JOBID=3513876
working directory=/viscam/u/jialugao/Imitation-SoftModule
########################
logging outputs to  /viscam/u/jialugao/Imitation-SoftModule/data/Base_bc_reach_bin-picking-v1_2640.000124-01-2022_18-56-23
########################
{'expert_policy_file': '../Multi-Task-RL/log/MT50_Single_Task/bin-picking-v1/Fixed/238/model/model_pf_best.pth', 'exp_name': 'bc_reach', 'do_dagger': False, 'ep_len': 200, 'gradient_steps': 1, 'n_iter': 10000, 'render_interval': 1, 'eval_interval': 200, 'batch_size': 64, 'eval_batch_size': 32, 'train_batch_size': 32, 'n_layers': 2, 'size': 400, 'learning_rate': 0.0001, 'video_log_freq': -1, 'scalar_log_freq': 1, 'no_gpu': False, 'which_gpu': 0, 'max_replay_buffer_size': 1000000, 'save_params': False, 'seed': 32, 'worker_nums': 1, 'eval_worker_nums': 1, 'config': 'config/BC.json', 'no_cuda': True, 'random_init': False, 'device': 'cpu', 'id': 'MT50_Single_Task', 'task_name': 'bin-picking-v1', 'task_env': 'MT50_task_env', 'cuda': False, 'log_dir': '/viscam/u/jialugao/Imitation-SoftModule/data/Base_bc_reach_bin-picking-v1_2640.000124-01-2022_18-56-23', 'agent_class': <class 'agents.bc_agent.MLPAgent'>, 'agent_params': {'n_layers': 2, 'size': 400, 'learning_rate': 0.0001, 'max_replay_buffer_size': 1000000, 'discrete': False, 'ac_dim': 4, 'ob_dim': 9}}
{'env_name': 'single_task', 'env': {'reward_scale': 1, 'obs_norm': False}, 'meta_env': {'obs_type': 'with_goal', 'random_init': False}, 'replay_buffer': {'size': 1000000.0}, 'net': {'hidden_shapes': [400, 400], 'append_hidden_shapes': [400], 'base_type': <class 'networks.base.MLPBase'>}, 'general_setting': {'discount': 0.99, 'pretrain_epochs': 20, 'num_epochs': 7500, 'epoch_frames': 200, 'max_episode_frames': 200, 'batch_size': 1280, 'min_pool': 10000, 'target_hard_update_period': 1000, 'use_soft_update': True, 'tau': 0.005, 'opt_times': 200, 'eval_episodes': 100, 'train_render': False, 'eval_render': False, 'env': <NormAct<RewardShift<SingleWrapperNone>>>, 'logger': <utils.logger.Logger object at 0x7fe13c262e90>, 'device': device(type='cpu')}, 'sac': {'plr': 0.0003, 'qlr': 0.0003, 'reparameterization': True, 'automatic_entropy_tuning': True, 'policy_std_reg_weight': 0, 'policy_mean_reg_weight': 0}}
Loading expert policy from... ../Multi-Task-RL/log/MT50_Single_Task/bin-picking-v1/Fixed/238/model/model_pf_best.pth
tensor([[-0.0638, -0.0135, -0.0513,  ..., -0.0728, -0.0197, -0.0651],
        [ 0.8069, -0.0867, -0.2701,  ...,  0.0042,  0.0265, -0.0430],
        [ 0.3235, -0.2078, -0.3463,  ...,  0.0363,  0.0494,  0.0278],
        ...,
        [ 0.0282, -0.0692,  0.0017,  ...,  0.0088, -0.0404, -0.0352],
        [ 0.0115, -0.0352, -0.0386,  ..., -0.0802,  0.0099, -0.0151],
        [ 0.2819, -0.0367, -0.5012,  ..., -0.0018,  0.0054,  0.0375]])
Done restoring expert policy...
<NormAct<RewardShift<AugObs<SawyerBinPickingEnv instance>>>>


-------------------------------- Iteration 0 -------------------------------- 
initial ob: [-0.03264955  0.51487925  0.23688598 -0.12        0.7         0.04532742
  0.12        0.7         0.02        0.12        0.7         0.02      ]
expert:[-0.9841061  0.9930259  0.9733895  0.85846  ]
expert:[-0.98188555  0.99063295  0.9796287   0.8899489 ]
expert:[-0.9797565  0.9881899  0.9815569  0.9034564]
expert:[-0.97603333  0.9859597   0.9808718   0.91083014]
expert:[-0.9681205  0.9803828  0.9718313  0.8888163]
expert:[-0.95112604  0.96945435  0.950297    0.8329667 ]
expert:[-0.8946786   0.93007284  0.8738696   0.588042  ]
expert:[-0.62859946  0.7197031  -0.17898563 -0.13724726]
expert:[-0.25012493  0.41364855 -0.8107153  -0.08505625]
expert:[ 0.8368535  -0.03153512 -0.91695964  0.51955426]
expert:[ 0.95207876 -0.431935   -0.93762475  0.7192992 ]
expert:[ 0.95392483 -0.49478933 -0.92819583  0.73012835]
expert:[ 0.8976356  -0.2983034  -0.8547271   0.58260036]
expert:[ 0.47467616  0.2588868  -0.22378041  0.21576312]
expert:[-0.17954445  0.46071485  0.32946786 -0.09686068]
expert:[-0.41109753  0.44784668  0.6744029  -0.12497073]
expert:[-0.51246667  0.38698134  0.76148266 -0.10394815]
expert:[-0.5661715   0.29323083  0.73391575 -0.11186462]
expert:[-0.5990402   0.1896974   0.59435946 -0.11886762]
expert:[-0.5568704   0.13763455  0.26824576 -0.09063111]
expert:[-0.4190496   0.10679216 -0.07686497 -0.07471892]
expert:[ 0.02699212  0.1029297  -0.24579087  0.0308469 ]
expert:[ 0.58160025 -0.10918929 -0.5838804   0.27119192]
expert:[ 0.7865732  -0.28283074 -0.7022086   0.41762558]
expert:[ 0.7600121  -0.21201442 -0.614973    0.39107352]
expert:[ 0.4997812   0.04537709 -0.20680815  0.20015316]
expert:[ 0.0727772   0.15768924  0.11403922 -0.01120611]
expert:[-0.34590843  0.08722169  0.2568153  -0.07134295]
expert:[-0.5237593   0.0251159   0.37160593 -0.08927204]
expert:[-0.5646331  -0.00405047  0.40046006 -0.09534595]
expert:[-0.53350174  0.00448081  0.33784387 -0.09166362]
expert:[-0.3934384   0.05186749  0.21668604 -0.07780792]
expert:[-0.05965049  0.12639657  0.12423959 -0.0372866 ]
expert:[0.30154163 0.13138816 0.00142407 0.06616997]
expert:[ 0.5564863   0.02364271 -0.21831313  0.22257003]
expert:[ 0.6181133  -0.04992991 -0.36184257  0.2707409 ]
expert:[ 0.45983344 -0.00227649 -0.3031823   0.1853085 ]
expert:[ 0.11524263  0.07565203 -0.1645732   0.02546427]
expert:[-0.22907121  0.04128413 -0.10642551 -0.05348141]
expert:[-0.44562915 -0.01090175 -0.06080834 -0.09692009]
expert:[-0.4976462  -0.02724081  0.01910581 -0.10266196]
expert:[-0.4102951   0.00150954  0.1316987  -0.09166094]
expert:[-0.17001419  0.07037459  0.2302709  -0.07311449]
expert:[ 0.13675787  0.13193117  0.27102825 -0.03100292]
expert:[0.360801   0.15826789 0.25116843 0.02045298]
expert:[0.4362015  0.13575868 0.17155387 0.06107489]
expert:[0.35949898 0.09906493 0.03458727 0.05423751]
expert:[ 0.13338773  0.06341108 -0.09203505 -0.00275347]
expert:[-0.13166548 -0.0086309  -0.20586844 -0.04497965]
expert:[-0.32964504 -0.06465239 -0.26842326 -0.08542732]
expert:[-0.39149043 -0.08154891 -0.26503786 -0.09810719]
expert:[-0.31881464 -0.06079495 -0.18969895 -0.08098388]
expert:[-0.10913707 -0.00107904 -0.05562381 -0.05585694]
expert:[ 0.1473388   0.06940125  0.09400532 -0.02626804]
expert:[0.3468803  0.114912   0.20132107 0.00389235]
expert:[0.41139793 0.12391561 0.23964846 0.01833005]
expert:[ 0.32665476  0.11041588  0.20932549 -0.00382094]
expert:[ 0.1126091   0.0533193   0.11208236 -0.03626308]
expert:[-0.152773   -0.02375218 -0.01914912 -0.07018574]
expert:[-0.35880056 -0.08611748 -0.13546103 -0.09626668]
expert:[-0.42197558 -0.10802018 -0.19372113 -0.10412264]
expert:[-0.35365838 -0.09337191 -0.18026844 -0.09223643]
expert:[-0.147239   -0.03814893 -0.10578458 -0.06429369]
expert:[ 0.12236614  0.03560228  0.00257899 -0.02699673]
expert:[0.35193697 0.07960273 0.09649566 0.01449629]
expert:[0.4454112  0.09031884 0.14816603 0.04210041]
expert:[0.3869827  0.09150093 0.14509532 0.01882823]
expert:[ 0.18358034  0.05774694  0.08973734 -0.02405438]
expert:[-0.09083066 -0.01457063 -0.00545893 -0.06276734]
expert:[-0.33152977 -0.08056283 -0.09691866 -0.09636505]
expert:[-0.43490258 -0.11104946 -0.15004139 -0.10879589]
expert:[-0.40057525 -0.10234258 -0.13915266 -0.1035808 ]
expert:[-0.22441173 -0.05420782 -0.0708047  -0.08037946]
expert:[ 0.04610667  0.01911363  0.02555001 -0.04308334]
expert:[ 0.29765183  0.07918618  0.11162128 -0.00379825]
expert:[0.4324293  0.0916965  0.15170218 0.03580913]
expert:[0.41535068 0.08997417 0.1414778  0.03087763]
expert:[ 0.24738121  0.07009782  0.08279202 -0.01122   ]
expert:[-0.01735437  0.00224409 -0.01630455 -0.04965278]
expert:[-0.27472386 -0.06798828 -0.11274095 -0.08507072]
expert:[-0.41318455 -0.10675596 -0.17072383 -0.10327107]
expert:[-0.4116294  -0.10648574 -0.1646407  -0.10323668]
expert:[-0.27094197 -0.06680013 -0.09554351 -0.08615372]
expert:[-0.01593274  0.00340301  0.00870518 -0.05182202]
expert:[ 0.24465184  0.07231501  0.11054048 -0.01466648]
expert:[0.40791517 0.09630006 0.1657279  0.02300262]
expert:[0.4221417  0.09635171 0.16680422 0.02864582]
expert:[ 0.2858408   0.07958776  0.11465502 -0.00646491]
expert:[ 0.03737379  0.01765056  0.01569252 -0.04333272]
expert:[-0.22661261 -0.05536351 -0.09120122 -0.07877767]
expert:[-0.39337695 -0.10251687 -0.16584714 -0.09985067]
expert:[-0.41760227 -0.10978555 -0.17847258 -0.10388505]
expert:[-0.3072242  -0.07940597 -0.12409607 -0.09049835]
expert:[-0.06884941 -0.01345592 -0.02569441 -0.05809009]
expert:[ 0.1973239   0.05817347  0.08169875 -0.0211064 ]
expert:[0.386578   0.09230049 0.15170069 0.01699998]
expert:[0.4310341  0.09604144 0.169082   0.03153764]
expert:[0.32473433 0.0854241  0.13138372 0.0003528 ]
expert:[ 0.09146225  0.03266675  0.04389416 -0.03643076]
expert:[-0.17642085 -0.04144495 -0.06305839 -0.07272637]
expert:[-0.37185392 -0.09590206 -0.1473743  -0.0982376 ]
expert:[-0.42451814 -0.11138567 -0.17555988 -0.1054829 ]
expert:[-0.3428069  -0.08915134 -0.1368728  -0.09493677]
expert:[-0.12539805 -0.02924129 -0.04728039 -0.06582835]
expert:[ 0.14237589  0.04398641  0.05922582 -0.02912085]
expert:[0.35761896 0.08801322 0.13808186 0.0091325 ]
expert:[0.4345141  0.09501614 0.16605796 0.0335563 ]
expert:[0.36054558 0.08892668 0.13919942 0.01031208]
expert:[ 0.14764094  0.04691651  0.06256337 -0.02812983]
expert:[-0.12060815 -0.02586224 -0.04272462 -0.06491925]
expert:[-0.3408921  -0.08698916 -0.13290977 -0.09475201]
expert:[-0.4239531  -0.11090837 -0.17368494 -0.10546889]
expert:[-0.37159568 -0.09672642 -0.1479605  -0.09829723]
expert:[-0.1790374  -0.04387804 -0.06618883 -0.07331418]
expert:[ 0.08654512  0.0298147   0.03944549 -0.03722295]
expert:[ 0.32059276  0.0836705   0.12709594 -0.0003677 ]
expert:[0.43179    0.09539915 0.16669488 0.03234892]
expert:[0.39084533 0.09269249 0.15094867 0.01906389]
expert:[ 0.20288976  0.0609189   0.08318303 -0.01984156]
expert:[-0.06533757 -0.01054154 -0.02215435 -0.05733271]
expert:[-0.30817816 -0.07779334 -0.11978899 -0.09063623]
expert:[-0.42076978 -0.11002987 -0.17418584 -0.10477909]
expert:[-0.39719468 -0.10405563 -0.16130874 -0.1010734 ]
expert:[-0.23232763 -0.05833579 -0.08788747 -0.08052443]
expert:[ 0.03114336  0.0142339   0.01702613 -0.04501273]
expert:[ 0.2822361   0.07791679  0.11418118 -0.00771513]
expert:[0.42278016 0.09458172 0.1628498  0.02920969]
expert:[0.4127558  0.09406576 0.1585033  0.02606273]
expert:[ 0.25311252  0.07309833  0.10199597 -0.01216163]
expert:[-0.00660083  0.00547368  0.00088825 -0.04950101]
expert:[-0.26449353 -0.06555781 -0.10160905 -0.08447965]
expert:[-0.40870428 -0.10663978 -0.1678489  -0.10252666]
expert:[-0.41228133 -0.10825985 -0.17018324 -0.10321599]
expert:[-0.278423   -0.0709933  -0.10761881 -0.08681107]
expert:[-0.02729129 -0.00180773 -0.00640989 -0.05277533]
expert:[ 0.23510279  0.06790082  0.09685105 -0.01539374]
expert:[0.40437824 0.09350622 0.15699568 0.02283409]
expert:[0.42565447 0.09503575 0.16436504 0.03023231]
expert:[ 0.29638836  0.08065061  0.11832051 -0.00467827]
expert:[ 0.0512086   0.02128222  0.02451031 -0.04187797]
expert:[-0.21493487 -0.05199678 -0.08091389 -0.07771993]
expert:[-0.38934225 -0.10102944 -0.1575004  -0.10003918]
expert:[-0.4210468  -0.11054736 -0.17433421 -0.10484289]
expert:[-0.31821486 -0.08218653 -0.12439258 -0.09231678]
expert:[-0.0845427  -0.01768119 -0.02945726 -0.06042465]
expert:[ 0.18278179  0.05441836  0.07642686 -0.02335596]
expert:[0.37958968 0.09104013 0.14745177 0.01522879]
expert:[0.4328928  0.09531486 0.16666558 0.03279886]
expert:[0.33535936 0.08625621 0.13125671 0.00311956]
expert:[ 0.1070159   0.03649634  0.04665061 -0.03388876]
expert_success: 0
path_length: 150



-------------------------------- Iteration 0 -------------------------------- 
initial ob: [-0.03264955  0.51487925  0.23688598 -0.12        0.7         0.04532742
  0.12        0.7         0.02        0.12        0.7         0.02      ]
agent_success: 0

training time:  0.12825942039489746
evaluation time:  8.07584524154663
epoch time:  8.20413613319397


-------------------------------- Iteration 200 -------------------------------- 
initial ob: [-0.03264955  0.51487925  0.23688598 -0.12        0.7         0.04532742
  0.12        0.7         0.02        0.12        0.7         0.02      ]
agent_success: 0

training time:  0.0023314952850341797
evaluation time:  7.957156419754028
epoch time:  7.95952033996582


-------------------------------- Iteration 400 -------------------------------- 
initial ob: [-0.03264955  0.51487925  0.23688598 -0.12        0.7         0.04532742
  0.12        0.7         0.02        0.12        0.7         0.02      ]
agent_success: 0

training time:  0.0023393630981445312
evaluation time:  7.921014785766602
epoch time:  7.923375129699707


-------------------------------- Iteration 600 -------------------------------- 
initial ob: [-0.03264955  0.51487925  0.23688598 -0.12        0.7         0.04532742
  0.12        0.7         0.02        0.12        0.7         0.02      ]
agent_success: 0

training time:  0.0023162364959716797
evaluation time:  7.898362636566162
epoch time:  7.900700330734253


-------------------------------- Iteration 800 -------------------------------- 
initial ob: [-0.03264955  0.51487925  0.23688598 -0.12        0.7         0.04532742
  0.12        0.7         0.02        0.12        0.7         0.02      ]
agent_success: 0

training time:  0.0023832321166992188
evaluation time:  7.909557580947876
epoch time:  7.911972999572754


-------------------------------- Iteration 1000 -------------------------------- 
initial ob: [-0.03264955  0.51487925  0.23688598 -0.12        0.7         0.04532742
  0.12        0.7         0.02        0.12        0.7         0.02      ]
agent_success: 0

training time:  0.0023572444915771484
evaluation time:  7.901612758636475
epoch time:  7.904003143310547


-------------------------------- Iteration 1200 -------------------------------- 
initial ob: [-0.03264955  0.51487925  0.23688598 -0.12        0.7         0.04532742
  0.12        0.7         0.02        0.12        0.7         0.02      ]
agent_success: 0

training time:  0.002338409423828125
evaluation time:  7.94266152381897
epoch time:  7.945029973983765


-------------------------------- Iteration 1400 -------------------------------- 
initial ob: [-0.03264955  0.51487925  0.23688598 -0.12        0.7         0.04532742
  0.12        0.7         0.02        0.12        0.7         0.02      ]
agent_success: 0

training time:  0.0023441314697265625
evaluation time:  7.891480445861816
epoch time:  7.893839120864868


-------------------------------- Iteration 1600 -------------------------------- 
initial ob: [-0.03264955  0.51487925  0.23688598 -0.12        0.7         0.04532742
  0.12        0.7         0.02        0.12        0.7         0.02      ]
agent_success: 0

training time:  0.002343416213989258
evaluation time:  7.887391090393066
epoch time:  7.889754295349121


-------------------------------- Iteration 1800 -------------------------------- 
initial ob: [-0.03264955  0.51487925  0.23688598 -0.12        0.7         0.04532742
  0.12        0.7         0.02        0.12        0.7         0.02      ]
agent_success: 0

training time:  0.00235748291015625
evaluation time:  7.893653392791748
epoch time:  7.8960254192352295


-------------------------------- Iteration 2000 -------------------------------- 
initial ob: [-0.03264955  0.51487925  0.23688598 -0.12        0.7         0.04532742
  0.12        0.7         0.02        0.12        0.7         0.02      ]
agent_success: 0

training time:  0.002362489700317383
evaluation time:  7.88971734046936
epoch time:  7.8920958042144775


-------------------------------- Iteration 2200 -------------------------------- 
initial ob: [-0.03264955  0.51487925  0.23688598 -0.12        0.7         0.04532742
  0.12        0.7         0.02        0.12        0.7         0.02      ]
agent_success: 0

training time:  0.0023467540740966797
evaluation time:  7.88952374458313
epoch time:  7.891883373260498


-------------------------------- Iteration 2400 -------------------------------- 
initial ob: [-0.03264955  0.51487925  0.23688598 -0.12        0.7         0.04532742
  0.12        0.7         0.02        0.12        0.7         0.02      ]
agent_success: 0

training time:  0.0023469924926757812
evaluation time:  7.887339115142822
epoch time:  7.889760732650757


-------------------------------- Iteration 2600 -------------------------------- 
initial ob: [-0.03264955  0.51487925  0.23688598 -0.12        0.7         0.04532742
  0.12        0.7         0.02        0.12        0.7         0.02      ]
agent_success: 0

training time:  0.0023636817932128906
evaluation time:  7.9047627449035645
epoch time:  7.907143831253052


-------------------------------- Iteration 2800 -------------------------------- 
initial ob: [-0.03264955  0.51487925  0.23688598 -0.12        0.7         0.04532742
  0.12        0.7         0.02        0.12        0.7         0.02      ]
agent_success: 0

training time:  0.0023565292358398438
evaluation time:  7.88105845451355
epoch time:  7.8834428787231445


-------------------------------- Iteration 3000 -------------------------------- 
initial ob: [-0.03264955  0.51487925  0.23688598 -0.12        0.7         0.04532742
  0.12        0.7         0.02        0.12        0.7         0.02      ]
agent_success: 0

training time:  0.0023508071899414062
evaluation time:  7.903189182281494
epoch time:  7.905556917190552


-------------------------------- Iteration 3200 -------------------------------- 
initial ob: [-0.03264955  0.51487925  0.23688598 -0.12        0.7         0.04532742
  0.12        0.7         0.02        0.12        0.7         0.02      ]
agent_success: 0

training time:  0.0023279190063476562
evaluation time:  7.90576434135437
epoch time:  7.908108949661255


-------------------------------- Iteration 3400 -------------------------------- 
initial ob: [-0.03264955  0.51487925  0.23688598 -0.12        0.7         0.04532742
  0.12        0.7         0.02        0.12        0.7         0.02      ]
agent_success: 0

training time:  0.002329587936401367
evaluation time:  7.901246070861816
epoch time:  7.903587341308594


-------------------------------- Iteration 3600 -------------------------------- 
initial ob: [-0.03264955  0.51487925  0.23688598 -0.12        0.7         0.04532742
  0.12        0.7         0.02        0.12        0.7         0.02      ]
agent_success: 0

training time:  0.002337217330932617
evaluation time:  7.888713836669922
epoch time:  7.89108419418335


-------------------------------- Iteration 3800 -------------------------------- 
initial ob: [-0.03264955  0.51487925  0.23688598 -0.12        0.7         0.04532742
  0.12        0.7         0.02        0.12        0.7         0.02      ]
agent_success: 0

training time:  0.0023348331451416016
evaluation time:  8.692756175994873
epoch time:  8.695117712020874


-------------------------------- Iteration 4000 -------------------------------- 
initial ob: [-0.03264955  0.51487925  0.23688598 -0.12        0.7         0.04532742
  0.12        0.7         0.02        0.12        0.7         0.02      ]
agent_success: 0

training time:  0.0023517608642578125
evaluation time:  7.910141229629517
epoch time:  7.912510871887207


-------------------------------- Iteration 4200 -------------------------------- 
initial ob: [-0.03264955  0.51487925  0.23688598 -0.12        0.7         0.04532742
  0.12        0.7         0.02        0.12        0.7         0.02      ]
agent_success: 0

training time:  0.002351999282836914
evaluation time:  7.9082560539245605
epoch time:  7.910620450973511


-------------------------------- Iteration 4400 -------------------------------- 
initial ob: [-0.03264955  0.51487925  0.23688598 -0.12        0.7         0.04532742
  0.12        0.7         0.02        0.12        0.7         0.02      ]
agent_success: 0

training time:  0.0023391246795654297
evaluation time:  7.8990442752838135
epoch time:  7.901396989822388


-------------------------------- Iteration 4600 -------------------------------- 
initial ob: [-0.03264955  0.51487925  0.23688598 -0.12        0.7         0.04532742
  0.12        0.7         0.02        0.12        0.7         0.02      ]
agent_success: 0

training time:  0.0023641586303710938
evaluation time:  7.903548240661621
epoch time:  7.905923843383789


-------------------------------- Iteration 4800 -------------------------------- 
initial ob: [-0.03264955  0.51487925  0.23688598 -0.12        0.7         0.04532742
  0.12        0.7         0.02        0.12        0.7         0.02      ]
agent_success: 0

training time:  0.002343893051147461
evaluation time:  7.909632444381714
epoch time:  7.911993026733398


-------------------------------- Iteration 5000 -------------------------------- 
initial ob: [-0.03264955  0.51487925  0.23688598 -0.12        0.7         0.04532742
  0.12        0.7         0.02        0.12        0.7         0.02      ]
agent_success: 0

training time:  0.002353668212890625
evaluation time:  7.915487766265869
epoch time:  7.917852878570557


-------------------------------- Iteration 5200 -------------------------------- 
initial ob: [-0.03264955  0.51487925  0.23688598 -0.12        0.7         0.04532742
  0.12        0.7         0.02        0.12        0.7         0.02      ]
agent_success: 0

training time:  0.0023412704467773438
evaluation time:  7.891803026199341
epoch time:  7.894160032272339


-------------------------------- Iteration 5400 -------------------------------- 
initial ob: [-0.03264955  0.51487925  0.23688598 -0.12        0.7         0.04532742
  0.12        0.7         0.02        0.12        0.7         0.02      ]
agent_success: 0

training time:  0.002385377883911133
evaluation time:  7.910037517547607
epoch time:  7.912440776824951


-------------------------------- Iteration 5600 -------------------------------- 
initial ob: [-0.03264955  0.51487925  0.23688598 -0.12        0.7         0.04532742
  0.12        0.7         0.02        0.12        0.7         0.02      ]
agent_success: 0

training time:  0.0023458003997802734
evaluation time:  7.904280185699463
epoch time:  7.906637907028198


-------------------------------- Iteration 5800 -------------------------------- 
initial ob: [-0.03264955  0.51487925  0.23688598 -0.12        0.7         0.04532742
  0.12        0.7         0.02        0.12        0.7         0.02      ]
agent_success: 0

training time:  0.002355813980102539
evaluation time:  7.908461809158325
epoch time:  7.910833120346069


-------------------------------- Iteration 6000 -------------------------------- 
initial ob: [-0.03264955  0.51487925  0.23688598 -0.12        0.7         0.04532742
  0.12        0.7         0.02        0.12        0.7         0.02      ]
agent_success: 0

training time:  0.002362966537475586
evaluation time:  7.925368785858154
epoch time:  7.927743196487427


-------------------------------- Iteration 6200 -------------------------------- 
initial ob: [-0.03264955  0.51487925  0.23688598 -0.12        0.7         0.04532742
  0.12        0.7         0.02        0.12        0.7         0.02      ]
agent_success: 0

training time:  0.002366304397583008
evaluation time:  7.911009073257446
epoch time:  7.913402795791626


-------------------------------- Iteration 6400 -------------------------------- 
initial ob: [-0.03264955  0.51487925  0.23688598 -0.12        0.7         0.04532742
  0.12        0.7         0.02        0.12        0.7         0.02      ]
agent_success: 0

training time:  0.0023469924926757812
evaluation time:  7.893152236938477
epoch time:  7.895514011383057


-------------------------------- Iteration 6600 -------------------------------- 
initial ob: [-0.03264955  0.51487925  0.23688598 -0.12        0.7         0.04532742
  0.12        0.7         0.02        0.12        0.7         0.02      ]
agent_success: 0

training time:  0.0023844242095947266
evaluation time:  8.404597043991089
epoch time:  8.406993627548218


-------------------------------- Iteration 6800 -------------------------------- 
initial ob: [-0.03264955  0.51487925  0.23688598 -0.12        0.7         0.04532742
  0.12        0.7         0.02        0.12        0.7         0.02      ]
agent_success: 0

training time:  0.0023593902587890625
evaluation time:  7.957628488540649
epoch time:  7.96000337600708


-------------------------------- Iteration 7000 -------------------------------- 
initial ob: [-0.03264955  0.51487925  0.23688598 -0.12        0.7         0.04532742
  0.12        0.7         0.02        0.12        0.7         0.02      ]
agent_success: 0

training time:  0.0023889541625976562
evaluation time:  7.912274360656738
epoch time:  7.914674997329712


-------------------------------- Iteration 7200 -------------------------------- 
initial ob: [-0.03264955  0.51487925  0.23688598 -0.12        0.7         0.04532742
  0.12        0.7         0.02        0.12        0.7         0.02      ]
agent_success: 0

training time:  0.002359151840209961
evaluation time:  7.904846429824829
epoch time:  7.907231569290161


-------------------------------- Iteration 7400 -------------------------------- 
initial ob: [-0.03264955  0.51487925  0.23688598 -0.12        0.7         0.04532742
  0.12        0.7         0.02        0.12        0.7         0.02      ]
agent_success: 0

training time:  0.002336263656616211
evaluation time:  8.052887678146362
epoch time:  8.055235862731934


-------------------------------- Iteration 7600 -------------------------------- 
initial ob: [-0.03264955  0.51487925  0.23688598 -0.12        0.7         0.04532742
  0.12        0.7         0.02        0.12        0.7         0.02      ]
agent_success: 0

training time:  0.002343893051147461
evaluation time:  7.90704607963562
epoch time:  7.9094016551971436


-------------------------------- Iteration 7800 -------------------------------- 
initial ob: [-0.03264955  0.51487925  0.23688598 -0.12        0.7         0.04532742
  0.12        0.7         0.02        0.12        0.7         0.02      ]
agent_success: 0

training time:  0.002353191375732422
evaluation time:  7.95900559425354
epoch time:  7.961375951766968


-------------------------------- Iteration 8000 -------------------------------- 
initial ob: [-0.03264955  0.51487925  0.23688598 -0.12        0.7         0.04532742
  0.12        0.7         0.02        0.12        0.7         0.02      ]
agent_success: 0

training time:  0.002338409423828125
evaluation time:  7.906966686248779
epoch time:  7.909317970275879


-------------------------------- Iteration 8200 -------------------------------- 
initial ob: [-0.03264955  0.51487925  0.23688598 -0.12        0.7         0.04532742
  0.12        0.7         0.02        0.12        0.7         0.02      ]
agent_success: 0

training time:  0.0023403167724609375
evaluation time:  7.937421083450317
epoch time:  7.939791440963745


-------------------------------- Iteration 8400 -------------------------------- 
initial ob: [-0.03264955  0.51487925  0.23688598 -0.12        0.7         0.04532742
  0.12        0.7         0.02        0.12        0.7         0.02      ]
agent_success: 0

training time:  0.002338886260986328
evaluation time:  7.899400949478149
epoch time:  7.901752471923828


-------------------------------- Iteration 8600 -------------------------------- 
initial ob: [-0.03264955  0.51487925  0.23688598 -0.12        0.7         0.04532742
  0.12        0.7         0.02        0.12        0.7         0.02      ]
agent_success: 0

training time:  0.0023653507232666016
evaluation time:  7.930356740951538
epoch time:  7.932739973068237


-------------------------------- Iteration 8800 -------------------------------- 
initial ob: [-0.03264955  0.51487925  0.23688598 -0.12        0.7         0.04532742
  0.12        0.7         0.02        0.12        0.7         0.02      ]
agent_success: 0

training time:  0.0023267269134521484
evaluation time:  7.893061637878418
epoch time:  7.895417928695679


-------------------------------- Iteration 9000 -------------------------------- 
initial ob: [-0.03264955  0.51487925  0.23688598 -0.12        0.7         0.04532742
  0.12        0.7         0.02        0.12        0.7         0.02      ]
agent_success: 0

training time:  0.0023310184478759766
evaluation time:  7.948481321334839
epoch time:  7.950823783874512


-------------------------------- Iteration 9200 -------------------------------- 
initial ob: [-0.03264955  0.51487925  0.23688598 -0.12        0.7         0.04532742
  0.12        0.7         0.02        0.12        0.7         0.02      ]
agent_success: 0

training time:  0.0023615360260009766
evaluation time:  7.94785737991333
epoch time:  7.950235366821289


-------------------------------- Iteration 9400 -------------------------------- 
initial ob: [-0.03264955  0.51487925  0.23688598 -0.12        0.7         0.04532742
  0.12        0.7         0.02        0.12        0.7         0.02      ]
agent_success: 0

training time:  0.0023517608642578125
evaluation time:  8.054744958877563
epoch time:  8.057109117507935


-------------------------------- Iteration 9600 -------------------------------- 
initial ob: [-0.03264955  0.51487925  0.23688598 -0.12        0.7         0.04532742
  0.12        0.7         0.02        0.12        0.7         0.02      ]
agent_success: 0

training time:  0.0023560523986816406
evaluation time:  7.909176349639893
epoch time:  7.911550045013428


-------------------------------- Iteration 9800 -------------------------------- 
initial ob: [-0.03264955  0.51487925  0.23688598 -0.12        0.7         0.04532742
  0.12        0.7         0.02        0.12        0.7         0.02      ]
agent_success: 0

training time:  0.002321958541870117
evaluation time:  7.894974231719971
epoch time:  7.897326707839966


-------------------------------- Test Results -------------------------------- 
initial ob: [-0.03264955  0.51487925  0.23688598 -0.12        0.7         0.04532742
  0.12        0.7         0.02        0.12        0.7         0.02      ]
agent_success: 0

mean_success_rate:  0.0
Done
