SLURM_JOBID=3527413
working directory=/viscam/u/jialugao/Imitation-SoftModule
{'obs_type': 'with_goal'}
obs type:  with_goal
{'expert_policy_file': 'policy/expert/MT10_Similar/', 'exp_name': 'bc_reach', 'do_dagger': False, 'ep_len': 200, 'gradient_steps': 1, 'n_iter': 600000, 'render_interval': 40, 'eval_interval': 1000, 'batch_size': 64, 'eval_batch_size': 32, 'train_batch_size': 32, 'n_layers': 2, 'size': 400, 'learning_rate': 0.0001, 'video_log_freq': -1, 'scalar_log_freq': 1, 'no_gpu': False, 'which_gpu': 0, 'max_replay_buffer_size': 1000000, 'save_params': False, 'seed': 32, 'worker_nums': 1, 'eval_worker_nums': 1, 'config': 'config/soft_module_fixed_mt10_similar.json', 'no_cuda': True, 'random_init': False, 'device': 'cpu', 'id': 'MT50_Single_Task', 'task_name': None, 'task_env': 'MT50_task_env', 'cuda': False, 'agent_class': <class 'agents.bc_agent.SoftModuleAgent'>, 'agent_params': {'n_layers': 2, 'size': 400, 'learning_rate': 0.0001, 'max_replay_buffer_size': 1000000, 'discrete': False}}
{'env_name': 'mt10_similar', 'env': {'reward_scale': 1, 'obs_norm': False}, 'meta_env': {'obs_type': 'with_goal', 'random_init': False}, 'replay_buffer': {'size': 1000000.0}, 'expert_net': {'hidden_shapes': [400, 400], 'append_hidden_shapes': [400]}, 'net': {'hidden_shapes': [400, 400], 'em_hidden_shapes': [400], 'num_layers': 2, 'num_modules': 2, 'module_hidden': 256, 'num_gating_layers': 2, 'gating_hidden': 256, 'add_bn': False, 'pre_softmax': False, 'base_type': <class 'networks.base.MLPBase'>}, 'general_setting': {'discount': 0.99, 'pretrain_epochs': 20, 'num_epochs': 7500, 'epoch_frames': 200, 'max_episode_frames': 200, 'batch_size': 1280, 'min_pool': 10000, 'target_hard_update_period': 1000, 'use_soft_update': True, 'tau': 0.005, 'opt_times': 200, 'eval_episodes': 1, 'train_render': False, 'eval_render': False, 'env': <NormAct<RewardShift<MTEnv instance>>>, 'device': device(type='cpu')}, 'sac': {'plr': 0.0003, 'qlr': 0.0003, 'reparameterization': True, 'automatic_entropy_tuning': True, 'policy_std_reg_weight': 0, 'policy_mean_reg_weight': 0}}
Loading expert policy from... policy/expert/MT10_Similar/
Done restoring expert policy...
actor: 
 ModularGuassianGatedCascadeCondContPolicy(
  (base): MLPBase(
    (fc0): Linear(in_features=9, out_features=400, bias=True)
    (fc1): Linear(in_features=400, out_features=400, bias=True)
  )
  (em_base): MLPBase(
    (fc0): Linear(in_features=10, out_features=400, bias=True)
  )
  (module_0_0): Linear(in_features=400, out_features=256, bias=True)
  (module_0_1): Linear(in_features=400, out_features=256, bias=True)
  (module_1_0): Linear(in_features=256, out_features=256, bias=True)
  (module_1_1): Linear(in_features=256, out_features=256, bias=True)
  (last): Linear(in_features=256, out_features=8, bias=True)
  (gating_fc_0): Linear(in_features=400, out_features=256, bias=True)
  (gating_fc_1): Linear(in_features=256, out_features=256, bias=True)
  (gating_weight_fc_0): Linear(in_features=256, out_features=4, bias=True)
  (gating_weight_cond_last): Linear(in_features=4, out_features=256, bias=True)
  (gating_weight_last): Linear(in_features=256, out_features=2, bias=True)
)
<NormAct<RewardShift<AugObs<SawyerReachPushPickPlaceEnv instance>>>>
<NormAct<RewardShift<AugObs<SawyerButtonPressEnv instance>>>>
<NormAct<RewardShift<AugObs<SawyerCoffeePushEnv instance>>>>
<NormAct<RewardShift<AugObs<SawyerSoccerEnv instance>>>>
<NormAct<RewardShift<AugObs<SawyerReachPushPickPlaceWallEnv instance>>>>
<NormAct<RewardShift<AugObs<SawyerSweepEnv instance>>>>
<NormAct<RewardShift<AugObs<SawyerSweepIntoGoalEnv instance>>>>
<NormAct<RewardShift<AugObs<SawyerPlateSlideEnv instance>>>>
<NormAct<RewardShift<AugObs<SawyerPlateSlideSideEnv instance>>>>
<NormAct<RewardShift<AugObs<SawyerDrawerCloseEnv instance>>>>
/viscam/u/jialugao/.anaconda3/envs/metaworldEnv/lib/python3.7/site-packages/gym/logger.py:30: UserWarning: [33mWARN: Could not seed environment <MTEnv instance>[0m
  warnings.warn(colorize('%s: %s'%('WARN', msg % args), 'yellow'))


-------------------------------- Iteration 0 -------------------------------- 
initial ob: [-0.03265039  0.51487777  0.2368754   0.          0.6         0.01492813
  0.1         0.8         0.02        0.1         0.8         0.02      ]
expert_success: 1.0
path_length: 150

initial ob: [-0.03264849  0.51488124  0.2368859   0.          0.75        0.12
  0.          0.79999998  0.09        0.          0.79999998  0.09      ]
expert_success: 1.0
path_length: 150

initial ob: [-3.26504931e-02  5.14881056e-01  2.36887642e-01 -1.77416902e-07
  5.99999879e-01  2.79199750e-02  0.00000000e+00  8.00000000e-01
  0.00000000e+00  0.00000000e+00  8.00000000e-01  0.00000000e+00]
expert_success: 1.0
path_length: 150

initial ob: [-0.03265121  0.51487852  0.23688147  0.          0.6         0.02998765
  0.          0.9         0.03        0.          0.9         0.03      ]
expert_success: 1.0
path_length: 150

initial ob: [-0.03264955  0.51487924  0.23688597  0.          0.6         0.01499496
  0.05        0.8         0.015       0.05        0.8         0.015     ]
expert_success: 1.0
path_length: 150

initial ob: [-0.03358889  0.51377023  0.23633834  0.          0.6         0.02
  0.          0.95       -0.3         0.          0.95       -0.3       ]
expert_success: 1.0
path_length: 150

initial ob: [-0.03358889  0.51377023  0.23633834  0.          0.6         0.01997144
  0.          0.84        0.02        0.          0.84        0.02      ]
expert_success: 1.0
path_length: 150

initial ob: [-0.03264849  0.51488124  0.2368859   0.          0.6         0.015
  0.          0.85        0.02        0.          0.85        0.02      ]
expert_success: 1.0
path_length: 150

initial ob: [-0.03264849  0.51488124  0.2368859   0.          0.6         0.015
 -0.25        0.6         0.02       -0.25        0.6         0.02      ]
expert_success: 1.0
path_length: 150

initial ob: [-0.03265199  0.51487863  0.23688568  0.          0.49999998  0.09
  0.          0.7         0.04        0.          0.7         0.04      ]
expert_success: 1.0
path_length: 150

{'push-v1_success_rate': array(1., dtype=float32), 'button-press-v1_success_rate': array(1., dtype=float32), 'coffee-push-v1_success_rate': array(1., dtype=float32), 'soccer-v1_success_rate': array(1., dtype=float32), 'push-wall-v1_success_rate': array(1., dtype=float32), 'sweep-v1_success_rate': array(1., dtype=float32), 'sweep-into-v1_success_rate': array(1., dtype=float32), 'plate-slide-v1_success_rate': array(1., dtype=float32), 'plate-slide-side-v1_success_rate': array(1., dtype=float32), 'drawer-close-v1_success_rate': array(1., dtype=float32), 'mean_success_rate': 1.0}
total training samples:  1500


-------------------------------- Iteration 0 -------------------------------- 
training time:  1.052213191986084
evaluation time:  7.617041349411011
epoch time:  8.669266939163208
loss:  0.8875749


-------------------------------- Iteration 1000 -------------------------------- 
training time:  0.011979818344116211
evaluation time:  7.769121170043945
epoch time:  7.781116485595703
loss:  0.23011559


-------------------------------- Iteration 2000 -------------------------------- 
training time:  0.012216567993164062
evaluation time:  7.710031270980835
epoch time:  7.722267389297485
loss:  0.14342944


-------------------------------- Iteration 3000 -------------------------------- 
training time:  0.012353181838989258
evaluation time:  7.7049219608306885
epoch time:  7.717296838760376
loss:  0.18859342


-------------------------------- Iteration 4000 -------------------------------- 
training time:  0.012206792831420898
evaluation time:  7.799385070800781
epoch time:  7.811632394790649
loss:  0.08837065


-------------------------------- Iteration 5000 -------------------------------- 
training time:  0.012207269668579102
evaluation time:  7.755982160568237
epoch time:  7.768226861953735
loss:  0.19779105


-------------------------------- Iteration 6000 -------------------------------- 
training time:  0.012177705764770508
evaluation time:  7.783715724945068
epoch time:  7.79591178894043
loss:  0.14151308


-------------------------------- Iteration 7000 -------------------------------- 
training time:  0.012243509292602539
evaluation time:  7.873988628387451
epoch time:  7.886244535446167
loss:  0.092756


-------------------------------- Iteration 8000 -------------------------------- 
training time:  0.012120485305786133
evaluation time:  7.774130344390869
epoch time:  7.786268711090088
loss:  0.10717461


-------------------------------- Iteration 9000 -------------------------------- 
training time:  0.012163162231445312
evaluation time:  7.744332313537598
epoch time:  7.756508827209473
loss:  0.09095519


-------------------------------- Iteration 10000 -------------------------------- 
training time:  0.012027502059936523
evaluation time:  7.856937646865845
epoch time:  7.868985176086426
loss:  0.09396991


-------------------------------- Iteration 11000 -------------------------------- 
training time:  0.012260675430297852
evaluation time:  7.733883857727051
epoch time:  7.746179103851318
loss:  0.08470824


-------------------------------- Iteration 12000 -------------------------------- 
training time:  0.01216578483581543
evaluation time:  7.7532639503479
epoch time:  7.765443801879883
loss:  0.08486655


-------------------------------- Iteration 13000 -------------------------------- 
training time:  0.012086868286132812
evaluation time:  7.779778480529785
epoch time:  7.791903972625732
loss:  0.09867347


-------------------------------- Iteration 14000 -------------------------------- 
training time:  0.012027502059936523
evaluation time:  7.839870452880859
epoch time:  7.8519110679626465
loss:  0.09024401


-------------------------------- Iteration 15000 -------------------------------- 
training time:  0.012099266052246094
evaluation time:  7.73949122428894
epoch time:  7.7516114711761475
loss:  0.02830437


-------------------------------- Iteration 16000 -------------------------------- 
training time:  0.012095451354980469
evaluation time:  7.7707953453063965
epoch time:  7.782907009124756
loss:  0.047611486


-------------------------------- Iteration 17000 -------------------------------- 
training time:  0.012224912643432617
evaluation time:  7.811944961547852
epoch time:  7.824183464050293
loss:  0.10437915


-------------------------------- Iteration 18000 -------------------------------- 
training time:  0.01214599609375
evaluation time:  7.700215578079224
epoch time:  7.712403774261475
loss:  0.038343683


-------------------------------- Iteration 19000 -------------------------------- 
training time:  0.012180089950561523
evaluation time:  7.7344651222229
epoch time:  7.746659517288208
loss:  0.059569135


-------------------------------- Iteration 20000 -------------------------------- 
training time:  0.012126445770263672
evaluation time:  7.786884069442749
epoch time:  7.799022674560547
loss:  0.068880595


-------------------------------- Iteration 21000 -------------------------------- 
training time:  0.01215052604675293
evaluation time:  7.747196197509766
epoch time:  7.759362459182739
loss:  0.10451228


-------------------------------- Iteration 22000 -------------------------------- 
training time:  0.012158393859863281
evaluation time:  7.748020172119141
epoch time:  7.76019287109375
loss:  0.035393707


-------------------------------- Iteration 23000 -------------------------------- 
training time:  0.012106657028198242
evaluation time:  7.733215093612671
epoch time:  7.745335102081299
loss:  0.07326462


-------------------------------- Iteration 24000 -------------------------------- 
training time:  0.01202082633972168
evaluation time:  7.85965633392334
epoch time:  7.871733665466309
loss:  0.014493778


-------------------------------- Iteration 25000 -------------------------------- 
training time:  0.012225151062011719
evaluation time:  7.762326717376709
epoch time:  7.774564266204834
loss:  0.07858576


-------------------------------- Iteration 26000 -------------------------------- 
training time:  0.012222528457641602
evaluation time:  7.741783618927002
epoch time:  7.754119873046875
loss:  0.055097017


-------------------------------- Iteration 27000 -------------------------------- 
training time:  0.012271404266357422
evaluation time:  7.823709964752197
epoch time:  7.8360068798065186
loss:  0.024642615


-------------------------------- Iteration 28000 -------------------------------- 
training time:  0.012384414672851562
evaluation time:  7.758552074432373
epoch time:  7.77095103263855
loss:  0.0293041


-------------------------------- Iteration 29000 -------------------------------- 
training time:  0.012055635452270508
evaluation time:  7.733101844787598
epoch time:  7.745178461074829
loss:  0.0755228


-------------------------------- Iteration 30000 -------------------------------- 
training time:  0.01244211196899414
evaluation time:  7.7098753452301025
epoch time:  7.722344875335693
loss:  0.0930282


-------------------------------- Iteration 31000 -------------------------------- 
training time:  0.012155771255493164
evaluation time:  7.873448848724365
epoch time:  7.8856213092803955
loss:  0.046122205


-------------------------------- Iteration 32000 -------------------------------- 
training time:  0.012164831161499023
evaluation time:  7.721086263656616
epoch time:  7.733299970626831
loss:  0.059006177


-------------------------------- Iteration 33000 -------------------------------- 
training time:  0.012270927429199219
evaluation time:  7.727390766143799
epoch time:  7.739675521850586
loss:  0.042138163


-------------------------------- Iteration 34000 -------------------------------- 
training time:  0.01238703727722168
evaluation time:  7.82886004447937
epoch time:  7.841264009475708
loss:  0.054833516


-------------------------------- Iteration 35000 -------------------------------- 
training time:  0.012313365936279297
evaluation time:  7.738974094390869
epoch time:  7.751310348510742
loss:  0.04903098


-------------------------------- Iteration 36000 -------------------------------- 
training time:  0.01267862319946289
evaluation time:  7.7571306228637695
epoch time:  7.769842147827148
loss:  0.046832114


-------------------------------- Iteration 37000 -------------------------------- 
training time:  0.012441396713256836
evaluation time:  7.746721506118774
epoch time:  7.759182691574097
loss:  0.07311713


-------------------------------- Iteration 38000 -------------------------------- 
training time:  0.012311458587646484
evaluation time:  7.856042385101318
epoch time:  7.868382453918457
loss:  0.03550519


-------------------------------- Iteration 39000 -------------------------------- 
training time:  0.012337923049926758
evaluation time:  7.748979091644287
epoch time:  7.7613525390625
loss:  0.024286859


-------------------------------- Iteration 40000 -------------------------------- 
training time:  0.012413263320922852
evaluation time:  7.762645244598389
epoch time:  7.775075912475586
loss:  0.01978692


-------------------------------- Iteration 41000 -------------------------------- 
training time:  0.012311935424804688
evaluation time:  7.855630397796631
epoch time:  7.867977857589722
loss:  0.061987787


-------------------------------- Iteration 42000 -------------------------------- 
training time:  0.012427091598510742
evaluation time:  7.7244627475738525
epoch time:  7.7368998527526855
loss:  0.028876428


-------------------------------- Iteration 43000 -------------------------------- 
training time:  0.012457847595214844
evaluation time:  7.835367441177368
epoch time:  7.84784197807312
loss:  0.027584584


-------------------------------- Iteration 44000 -------------------------------- 
training time:  0.012478113174438477
evaluation time:  7.7474682331085205
epoch time:  7.759959936141968
loss:  0.056582294


-------------------------------- Iteration 45000 -------------------------------- 
training time:  0.012527227401733398
evaluation time:  7.862547397613525
epoch time:  7.875087261199951
loss:  0.021325417


-------------------------------- Iteration 46000 -------------------------------- 
training time:  0.012588262557983398
evaluation time:  7.818019866943359
epoch time:  7.830652713775635
loss:  0.0514235


-------------------------------- Iteration 47000 -------------------------------- 
training time:  0.012865781784057617
evaluation time:  7.895658493041992
epoch time:  7.908537864685059
loss:  0.06367002


-------------------------------- Iteration 48000 -------------------------------- 
training time:  0.01269674301147461
evaluation time:  7.866631507873535
epoch time:  7.879344940185547
loss:  0.018417513


-------------------------------- Iteration 49000 -------------------------------- 
training time:  0.0128326416015625
evaluation time:  7.959245681762695
epoch time:  7.972101211547852
loss:  0.06965127


-------------------------------- Iteration 50000 -------------------------------- 
training time:  0.012647390365600586
evaluation time:  7.85017728805542
epoch time:  7.862837791442871
loss:  0.06806689


-------------------------------- Iteration 51000 -------------------------------- 
training time:  0.012750625610351562
evaluation time:  7.872620105743408
epoch time:  7.8853864669799805
loss:  0.103755906


-------------------------------- Iteration 52000 -------------------------------- 
training time:  0.012571096420288086
evaluation time:  7.914991617202759
epoch time:  7.927605628967285
loss:  0.04609342


-------------------------------- Iteration 53000 -------------------------------- 
training time:  0.013150453567504883
evaluation time:  7.9109156131744385
epoch time:  7.924078702926636
loss:  0.03258389


-------------------------------- Iteration 54000 -------------------------------- 
training time:  0.013003826141357422
evaluation time:  7.843836069107056
epoch time:  7.8568549156188965
loss:  0.016938936


-------------------------------- Iteration 55000 -------------------------------- 
training time:  0.01277017593383789
evaluation time:  7.860429763793945
epoch time:  7.87321662902832
loss:  0.08383704


-------------------------------- Iteration 56000 -------------------------------- 
training time:  0.013695955276489258
evaluation time:  8.007360696792603
epoch time:  8.021069765090942
loss:  0.08143068


-------------------------------- Iteration 57000 -------------------------------- 
training time:  0.012920141220092773
evaluation time:  7.861196994781494
epoch time:  7.8741302490234375
loss:  0.051275473


-------------------------------- Iteration 58000 -------------------------------- 
training time:  0.01324772834777832
evaluation time:  7.848923683166504
epoch time:  7.862188816070557
loss:  0.008878012


-------------------------------- Iteration 59000 -------------------------------- 
training time:  0.01353144645690918
evaluation time:  7.862243413925171
epoch time:  7.875787734985352
loss:  0.006687848


-------------------------------- Iteration 60000 -------------------------------- 
training time:  0.013677358627319336
evaluation time:  7.95923924446106
epoch time:  7.972938299179077
loss:  0.04069955


-------------------------------- Iteration 61000 -------------------------------- 
training time:  0.013927698135375977
evaluation time:  7.887094974517822
epoch time:  7.901043176651001
loss:  0.0070362454


-------------------------------- Iteration 62000 -------------------------------- 
training time:  0.014057636260986328
evaluation time:  7.87976336479187
epoch time:  7.893992185592651
loss:  0.05680632


-------------------------------- Iteration 63000 -------------------------------- 
training time:  0.01429891586303711
evaluation time:  7.8233678340911865
epoch time:  7.837687015533447
loss:  0.010837708


-------------------------------- Iteration 64000 -------------------------------- 
training time:  0.014241695404052734
evaluation time:  7.951854944229126
epoch time:  7.9661478996276855
loss:  0.052681353


-------------------------------- Iteration 65000 -------------------------------- 
training time:  0.014425039291381836
evaluation time:  7.850762605667114
epoch time:  7.865202188491821
loss:  0.012124154


-------------------------------- Iteration 66000 -------------------------------- 
training time:  0.014464616775512695
evaluation time:  7.885771989822388
epoch time:  7.900253772735596
loss:  0.011625601


-------------------------------- Iteration 67000 -------------------------------- 
training time:  0.014503717422485352
evaluation time:  7.890420198440552
epoch time:  7.904937028884888
loss:  0.008299895


-------------------------------- Iteration 68000 -------------------------------- 
training time:  0.014462471008300781
evaluation time:  7.960819959640503
epoch time:  7.975295305252075
loss:  0.061524365


-------------------------------- Iteration 69000 -------------------------------- 
training time:  0.014780044555664062
evaluation time:  7.827665567398071
epoch time:  7.842471599578857
loss:  0.025504474


-------------------------------- Iteration 70000 -------------------------------- 
training time:  0.014457464218139648
evaluation time:  7.866934299468994
epoch time:  7.881404399871826
loss:  0.03940027


-------------------------------- Iteration 71000 -------------------------------- 
training time:  0.01435708999633789
evaluation time:  7.923495054244995
epoch time:  7.937866926193237
loss:  0.01808477


-------------------------------- Iteration 72000 -------------------------------- 
training time:  0.014786720275878906
evaluation time:  7.995939016342163
epoch time:  8.01075029373169
loss:  0.0123965


-------------------------------- Iteration 73000 -------------------------------- 
training time:  0.014423370361328125
evaluation time:  7.860377788543701
epoch time:  7.874814987182617
loss:  0.006709161


-------------------------------- Iteration 74000 -------------------------------- 
training time:  0.014455318450927734
evaluation time:  7.830975294113159
epoch time:  7.845472097396851
loss:  0.006333753


-------------------------------- Iteration 75000 -------------------------------- 
training time:  0.01454925537109375
evaluation time:  7.872337818145752
epoch time:  7.88690972328186
loss:  0.01433925


-------------------------------- Iteration 76000 -------------------------------- 
training time:  0.014399051666259766
evaluation time:  7.910998106002808
epoch time:  7.925409555435181
loss:  0.06878695


-------------------------------- Iteration 77000 -------------------------------- 
training time:  0.014912843704223633
evaluation time:  7.807595729827881
epoch time:  7.822549819946289
loss:  0.008229155


-------------------------------- Iteration 78000 -------------------------------- 
training time:  0.014505386352539062
evaluation time:  7.774154186248779
epoch time:  7.788681983947754
loss:  0.012653951


-------------------------------- Iteration 79000 -------------------------------- 
training time:  0.014617919921875
evaluation time:  7.776607275009155
epoch time:  7.7912373542785645
loss:  0.010182085


-------------------------------- Iteration 80000 -------------------------------- 
training time:  0.014420747756958008
evaluation time:  7.853342771530151
epoch time:  7.867782831192017
loss:  0.00795078


-------------------------------- Iteration 81000 -------------------------------- 
training time:  0.01444864273071289
evaluation time:  7.780000925064087
epoch time:  7.7944655418396
loss:  0.009387126


-------------------------------- Iteration 82000 -------------------------------- 
training time:  0.015095233917236328
evaluation time:  7.812640905380249
epoch time:  7.827749729156494
loss:  0.008388246


-------------------------------- Iteration 83000 -------------------------------- 
training time:  0.014564037322998047
evaluation time:  7.7750022411346436
epoch time:  7.789611577987671
loss:  0.0065303072


-------------------------------- Iteration 84000 -------------------------------- 
training time:  0.014770269393920898
evaluation time:  7.931226015090942
epoch time:  7.946021556854248
loss:  0.006781228


-------------------------------- Iteration 85000 -------------------------------- 
training time:  0.014529943466186523
evaluation time:  7.747661828994751
epoch time:  7.762205600738525
loss:  0.023285098


-------------------------------- Iteration 86000 -------------------------------- 
training time:  0.014553070068359375
evaluation time:  7.792886257171631
epoch time:  7.8074564933776855
loss:  0.010543728


-------------------------------- Iteration 87000 -------------------------------- 
training time:  0.014493942260742188
evaluation time:  7.769572734832764
epoch time:  7.7840797901153564
loss:  0.0035627703


-------------------------------- Iteration 88000 -------------------------------- 
training time:  0.014543294906616211
evaluation time:  7.881491422653198
epoch time:  7.89604640007019
loss:  0.010514439


-------------------------------- Iteration 89000 -------------------------------- 
training time:  0.014750003814697266
evaluation time:  7.804398059844971
epoch time:  7.8191704750061035
loss:  0.03780847


-------------------------------- Iteration 90000 -------------------------------- 
training time:  0.015069246292114258
evaluation time:  7.774962425231934
epoch time:  7.790044784545898
loss:  0.002707939


-------------------------------- Iteration 91000 -------------------------------- 
training time:  0.014797210693359375
evaluation time:  7.808979511260986
epoch time:  7.82379674911499
loss:  0.00522839


-------------------------------- Iteration 92000 -------------------------------- 
training time:  0.014684200286865234
evaluation time:  7.892910003662109
epoch time:  7.90761661529541
loss:  0.008200191


-------------------------------- Iteration 93000 -------------------------------- 
training time:  0.014435052871704102
evaluation time:  7.834486246109009
epoch time:  7.8489344120025635
loss:  0.007602946


-------------------------------- Iteration 94000 -------------------------------- 
training time:  0.014546632766723633
evaluation time:  7.793562412261963
epoch time:  7.808127403259277
loss:  0.00953768


-------------------------------- Iteration 95000 -------------------------------- 
training time:  0.014464139938354492
evaluation time:  7.811458110809326
epoch time:  7.825959920883179
loss:  0.004157979


-------------------------------- Iteration 96000 -------------------------------- 
training time:  0.014578104019165039
evaluation time:  7.87632417678833
epoch time:  7.890915155410767
loss:  0.004962978


-------------------------------- Iteration 97000 -------------------------------- 
training time:  0.014581680297851562
evaluation time:  7.803049325942993
epoch time:  7.817651748657227
loss:  0.012008625


-------------------------------- Iteration 98000 -------------------------------- 
training time:  0.01467275619506836
evaluation time:  7.783288478851318
epoch time:  7.797987937927246
loss:  0.0045069847


-------------------------------- Iteration 99000 -------------------------------- 
training time:  0.014285564422607422
evaluation time:  7.738762378692627
epoch time:  7.753092288970947
loss:  0.009823218


-------------------------------- Iteration 100000 -------------------------------- 
training time:  0.01460576057434082
evaluation time:  7.827798843383789
epoch time:  7.842418193817139
loss:  0.036523648


-------------------------------- Iteration 101000 -------------------------------- 
training time:  0.01432347297668457
evaluation time:  7.776140928268433
epoch time:  7.790486574172974
loss:  0.008993745


-------------------------------- Iteration 102000 -------------------------------- 
training time:  0.014351367950439453
evaluation time:  7.7325990200042725
epoch time:  7.746963739395142
loss:  0.008455928


-------------------------------- Iteration 103000 -------------------------------- 
training time:  0.014430761337280273
evaluation time:  7.798546314239502
epoch time:  7.812995672225952
loss:  0.004410927


-------------------------------- Iteration 104000 -------------------------------- 
training time:  0.014348983764648438
evaluation time:  7.790140628814697
epoch time:  7.804509401321411
loss:  0.0056523685


-------------------------------- Iteration 105000 -------------------------------- 
training time:  0.014338016510009766
evaluation time:  7.842437505722046
<string>:6: FutureWarning: The input object of type 'Tensor' is an array-like implementing one of the corresponding protocols (`__array__`, `__array_interface__` or `__array_struct__`); but not a sequence (or 0-D). In the future, this object will be coerced as if it was first converted using `np.array(obj)`. To retain the old behaviour, you have to either modify the type 'Tensor', or assign to an empty array created with `np.empty(correct_shape, dtype=object)`.
<string>:6: VisibleDeprecationWarning: Creating an ndarray from ragged nested sequences (which is a list-or-tuple of lists-or-tuples-or ndarrays with different lengths or shapes) is deprecated. If you meant to do this, you must specify 'dtype=object' when creating the ndarray.
epoch time:  7.8567893505096436
loss:  0.00761023


-------------------------------- Iteration 106000 -------------------------------- 
training time:  0.015274286270141602
evaluation time:  7.793086528778076
epoch time:  7.808377742767334
loss:  0.06503506


-------------------------------- Iteration 107000 -------------------------------- 
training time:  0.014385700225830078
evaluation time:  7.73817253112793
epoch time:  7.752572774887085
loss:  0.003802137


-------------------------------- Iteration 108000 -------------------------------- 
training time:  0.014324665069580078
evaluation time:  7.76225471496582
epoch time:  7.776592969894409
loss:  0.002622892


-------------------------------- Iteration 109000 -------------------------------- 
training time:  0.014284610748291016
evaluation time:  7.82489800453186
epoch time:  7.839195489883423
loss:  0.006079102


-------------------------------- Training stopped due to early stopping -------------------------------- 
min loss:  0.00076017657


-------------------------------- Test Results -------------------------------- 
button-press-v1_success_rate _success_rate:  1.0
coffee-push-v1_success_rate _success_rate:  1.0
drawer-close-v1_success_rate _success_rate:  1.0
plate-slide-side-v1_success_rate _success_rate:  1.0
plate-slide-v1_success_rate _success_rate:  1.0
push-v1_success_rate _success_rate:  1.0
push-wall-v1_success_rate _success_rate:  0.0
soccer-v1_success_rate _success_rate:  1.0
sweep-into-v1_success_rate _success_rate:  1.0
sweep-v1_success_rate _success_rate:  0.0
mean_success_rate:  0.8
Done
