/var/lib/slurm/slurmd/job3513863/slurm_script: line 9: batch_scripts/MT50_batch/seed.sh: No such file or directory
SLURM_JOBID=3513863
working directory=/viscam/u/jialugao/Imitation-SoftModule
########################
logging outputs to  /viscam/u/jialugao/Imitation-SoftModule/data/Base_bc_reach_faucet-open-v1_2640.000124-01-2022_18-56-20
########################
{'expert_policy_file': '../Multi-Task-RL/log/MT50_Single_Task/faucet-open-v1/Fixed/238/model/model_pf_best.pth', 'exp_name': 'bc_reach', 'do_dagger': False, 'ep_len': 200, 'gradient_steps': 1, 'n_iter': 10000, 'render_interval': 1, 'eval_interval': 200, 'batch_size': 64, 'eval_batch_size': 32, 'train_batch_size': 32, 'n_layers': 2, 'size': 400, 'learning_rate': 0.0001, 'video_log_freq': -1, 'scalar_log_freq': 1, 'no_gpu': False, 'which_gpu': 0, 'max_replay_buffer_size': 1000000, 'save_params': False, 'seed': 32, 'worker_nums': 1, 'eval_worker_nums': 1, 'config': 'config/BC.json', 'no_cuda': True, 'random_init': False, 'device': 'cpu', 'id': 'MT50_Single_Task', 'task_name': 'faucet-open-v1', 'task_env': 'MT50_task_env', 'cuda': False, 'log_dir': '/viscam/u/jialugao/Imitation-SoftModule/data/Base_bc_reach_faucet-open-v1_2640.000124-01-2022_18-56-20', 'agent_class': <class 'agents.bc_agent.MLPAgent'>, 'agent_params': {'n_layers': 2, 'size': 400, 'learning_rate': 0.0001, 'max_replay_buffer_size': 1000000, 'discrete': False, 'ac_dim': 4, 'ob_dim': 9}}
{'env_name': 'single_task', 'env': {'reward_scale': 1, 'obs_norm': False}, 'meta_env': {'obs_type': 'with_goal', 'random_init': False}, 'replay_buffer': {'size': 1000000.0}, 'net': {'hidden_shapes': [400, 400], 'append_hidden_shapes': [400], 'base_type': <class 'networks.base.MLPBase'>}, 'general_setting': {'discount': 0.99, 'pretrain_epochs': 20, 'num_epochs': 7500, 'epoch_frames': 200, 'max_episode_frames': 200, 'batch_size': 1280, 'min_pool': 10000, 'target_hard_update_period': 1000, 'use_soft_update': True, 'tau': 0.005, 'opt_times': 200, 'eval_episodes': 100, 'train_render': False, 'eval_render': False, 'env': <NormAct<RewardShift<SingleWrapperNone>>>, 'logger': <utils.logger.Logger object at 0x7f51c55fbd50>, 'device': device(type='cpu')}, 'sac': {'plr': 0.0003, 'qlr': 0.0003, 'reparameterization': True, 'automatic_entropy_tuning': True, 'policy_std_reg_weight': 0, 'policy_mean_reg_weight': 0}}
Loading expert policy from... ../Multi-Task-RL/log/MT50_Single_Task/faucet-open-v1/Fixed/238/model/model_pf_best.pth
tensor([[-0.0100, -0.0081, -0.0468,  ..., -0.0661, -0.0129, -0.0588],
        [-0.0155, -0.0380, -0.0320,  ..., -0.0316, -0.0117, -0.0793],
        [-0.0243, -0.0857, -0.0576,  ..., -0.0462, -0.0339, -0.0551],
        ...,
        [ 0.1083, -0.0826, -0.0047,  ..., -0.0081, -0.0558, -0.0522],
        [-0.0253, -0.0417, -0.0531,  ..., -0.0889,  0.0013, -0.0243],
        [-0.0003, -0.0133, -0.0757,  ..., -0.0649, -0.0605, -0.0261]])
Done restoring expert policy...
<NormAct<RewardShift<AugObs<SawyerFaucetOpenEnv instance>>>>


-------------------------------- Iteration 0 -------------------------------- 
initial ob: [-0.0344551   0.50704863  0.23980516 -0.015       0.7         0.115
  0.1         0.8         0.115       0.1         0.8         0.115     ]
expert:[-0.9577614   0.97995967  0.2892427  -0.357472  ]
expert:[-0.9744908   0.9898126  -0.50308454 -0.77248365]
expert:[-0.9824288   0.9845119  -0.724072   -0.65886104]
expert:[-0.9711203   0.9759177  -0.775097    0.04122469]
expert:[-0.8960384   0.9796792  -0.7936867   0.48660108]
expert:[-0.6798858   0.99133724 -0.91082203  0.63156396]
expert:[-0.72929287  0.99626535 -0.97732973  0.8083283 ]
expert:[ 0.05059921  0.998312   -0.9874314   0.8777109 ]
expert:[ 0.96638423  0.99652374 -0.85072297  0.54222506]
expert:[0.98974717 0.9899804  0.25630155 0.6774503 ]
expert:[0.9882231  0.892212   0.88608724 0.8884987 ]
expert:[0.9865814  0.86992437 0.8579732  0.917265  ]
expert:[0.96994114 0.8704253  0.5279892  0.8347597 ]
expert:[0.87416583 0.55259514 0.02805842 0.4692198 ]
expert:[0.8741477  0.10742182 0.11601844 0.08979629]
expert:[0.86381215 0.11564299 0.14726007 0.15736322]
expert:[ 8.6736143e-01  8.1272406e-04 -9.4927207e-02  1.3655645e-01]
expert:[ 0.84509885 -0.14613898 -0.35677874  0.1107583 ]
expert:[ 0.8194608  -0.20897995 -0.48937085  0.13115458]
expert:[ 0.83555555 -0.21407723 -0.5741529   0.14943871]
expert:[ 0.85080856 -0.2085447  -0.6167548   0.1550185 ]
expert:[ 0.86069196 -0.20212708 -0.63875616  0.15733191]
expert:[ 0.87151504 -0.1996023  -0.651587    0.15394896]
expert:[ 0.8850756  -0.20221399 -0.66061985  0.14463279]
expert:[ 0.8988255  -0.20421512 -0.67066735  0.1337599 ]
expert:[ 0.9120444  -0.2042007  -0.6714186   0.11917473]
expert:[ 0.92403066 -0.1995184  -0.6671425   0.10245771]
expert:[ 0.9333813  -0.19567873 -0.6554112   0.08989905]
expert:[ 0.9403068  -0.18902034 -0.6374884   0.07800855]
expert:[ 0.9462461  -0.18034686 -0.6095224   0.06457223]
expert:[ 0.95188254 -0.1705635  -0.5777365   0.04704524]
expert:[ 0.95645314 -0.1580398  -0.5287219   0.02817608]
expert:[ 9.62094784e-01 -1.00610524e-01 -4.14741158e-01  3.29362229e-04]
expert:[ 0.9665762  -0.04911247 -0.28022552 -0.02516112]
expert:[ 0.9700074  -0.00931805 -0.17751037 -0.04421457]
expert:[ 0.97229934  0.02287719 -0.06969231 -0.06481544]
expert:[ 0.9768989   0.07573917  0.02929201 -0.07757873]
expert:[ 0.9802899   0.10455469  0.09818676 -0.09716079]
expert:[ 0.98218364  0.10971914  0.13580498 -0.08439187]
expert:[ 0.9832005   0.11106737  0.13383573 -0.05852754]
expert:[ 0.9846017   0.11654938  0.10312541 -0.02055598]
expert:[0.9852417  0.11730151 0.05499212 0.02780134]
expert:[ 0.98630863  0.10688023 -0.0281322   0.10431233]
expert:[ 0.98694974  0.0982582  -0.10595322  0.22203769]
expert:[ 0.9871049   0.11952544 -0.1383469   0.35546365]
expert:[ 0.98667747  0.08995575 -0.2589335   0.5500597 ]
expert:[ 0.9857399   0.0525931  -0.38996395  0.70399725]
expert:[ 0.98101807  0.01869769 -0.46976724  0.78350204]
expert:[ 0.97392017 -0.00290159 -0.52318794  0.8449555 ]
expert:[ 0.9601977  -0.03113778 -0.5141543   0.89593875]
expert:[ 0.9447142  -0.03699876 -0.49946082  0.92838675]
expert:[ 0.9269425   0.02659905 -0.41619104  0.9470132 ]
expert:[ 0.9052413   0.08467808 -0.36173102  0.95371896]
expert:[ 0.88068867  0.14413255 -0.31214133  0.9577257 ]
expert:[ 0.85437703  0.18958476 -0.32384822  0.95576614]
expert:[ 0.79879576  0.2655711  -0.31712466  0.9540216 ]
expert:[ 0.74106437  0.31873086 -0.34560606  0.9548673 ]
expert:[ 0.6748896   0.3571471  -0.39849982  0.95647496]
expert:[ 0.575971    0.41977078 -0.44774798  0.9585405 ]
expert:[ 0.47857982  0.45184696 -0.5405232   0.959511  ]
expert:[ 0.44835463  0.45367357 -0.67687136  0.95690113]
expert:[ 0.5112261  0.3804497 -0.794206   0.9479198]
expert:[ 0.52969134  0.35419363 -0.8484782   0.9381295 ]
expert:[ 0.64610535  0.26453224 -0.90550876  0.9237723 ]
expert:[ 0.7588732   0.17188512 -0.9361447   0.9060698 ]
expert:[ 0.83745104  0.06028685 -0.9484513   0.8851351 ]
expert:[ 0.85121673  0.03558683 -0.95217264  0.86205196]
expert:[ 0.8411504   0.01358853 -0.94847244  0.8352304 ]
expert:[ 8.1525612e-01  2.0138919e-04 -9.4214946e-01  8.0315739e-01]
expert:[ 0.7641923   0.08424181 -0.9204226   0.7718121 ]
expert:[ 0.7119534   0.18255167 -0.89371604  0.7601305 ]
expert:[ 0.6625187   0.26794633 -0.8608416   0.73922986]
expert:[ 0.59404075  0.37263668 -0.8158665   0.72878134]
expert:[ 0.51962346  0.47020423 -0.7694976   0.7363096 ]
expert:[ 0.41118765  0.57668245 -0.7056502   0.7490628 ]
expert:[ 0.3061695   0.6593347  -0.6328769   0.75996137]
expert:[ 0.17077589  0.74646676 -0.53368276  0.76886564]
expert:[ 0.01717     0.81921524 -0.4016163   0.7772171 ]
expert:[-0.11546687  0.867014   -0.27836743  0.78453565]
expert:[-0.18375209  0.89057165 -0.19840057  0.786836  ]
expert:[-0.26921672  0.9140991  -0.09777389  0.79042387]
expert:[-0.30653125  0.9273843  -0.01684059  0.7915261 ]
expert:[-0.35361877  0.94125795  0.07511573  0.7943302 ]
expert:[-0.40413055  0.9539897   0.17688558  0.79840267]
expert:[-0.42774028  0.96066546  0.24933487  0.7995128 ]
expert:[-0.45402703  0.96701914  0.32493645  0.8013022 ]
expert:[-0.46519998  0.9711973   0.37425965  0.8016052 ]
expert:[-0.47012925  0.9742374   0.41644272  0.80153555]
expert:[-0.47375652  0.9768578   0.4608505   0.802301  ]
expert:[-0.47234997  0.97900546  0.49399257  0.80320543]
expert:[-0.4719134   0.9810742   0.52480423  0.8044611 ]
expert:[-0.476122    0.9831526   0.55567634  0.805099  ]
expert:[-0.48970634  0.9848888   0.5955748   0.80382407]
expert:[-0.5108805   0.9867084   0.64119124  0.80046564]
expert:[-0.52603745  0.98809606  0.67812586  0.79731286]
expert:[-0.5348447   0.98902225  0.7059339   0.794618  ]
expert:[-0.5435349   0.989874    0.73098713  0.7919488 ]
expert:[-0.55442476  0.99079293  0.75477815  0.7890238 ]
expert:[-0.564031    0.99157333  0.77554727  0.7862751 ]
expert:[-0.5741593   0.99233466  0.79386413  0.7833566 ]
expert:[-0.5832786   0.99301445  0.80860746  0.7802454 ]
expert:[-0.59054047  0.99366677  0.8218099   0.777073  ]
expert:[-0.5979478   0.99430656  0.8342747   0.77379304]
expert:[-0.60480225  0.99479413  0.8454963   0.7707101 ]
expert:[-0.61266375  0.99522054  0.8563723   0.7672649 ]
expert:[-0.6152355   0.9955747   0.86378175  0.764398  ]
expert:[-0.61125886  0.9958386   0.867601    0.762483  ]
expert:[-0.60741246  0.9960765   0.8710826   0.7606335 ]
expert:[-0.60320514  0.9963097   0.87399536  0.75889355]
expert:[-0.59947425  0.99650764  0.87675864  0.7571972 ]
expert:[-0.5958767   0.9966854   0.87919354  0.75558335]
expert:[-0.5919104   0.996841    0.88121766  0.754835  ]
expert:[-0.5874226   0.99697393  0.88284785  0.75526696]
expert:[-0.5829087   0.9970978   0.8841478   0.75583524]
expert:[-0.578408    0.99721295  0.8851564   0.7565205 ]
expert:[-0.57394874  0.9973199   0.885905    0.7573077 ]
expert:[-0.5692691  0.9974216  0.8863163  0.7583487]
expert:[-0.5626369  0.9975316  0.8857349  0.7610417]
expert:[-0.55744714  0.99762166  0.88540626  0.7635199 ]
expert:[-0.5530262   0.99770194  0.88525     0.76547265]
expert:[-0.55008817  0.9977624   0.8854998   0.76651925]
expert:[-0.5469389  0.9978184  0.885499   0.7677203]
expert:[-0.54461616  0.99786234  0.8856026   0.76847225]
expert:[-0.54134727  0.9979103   0.8850953   0.769916  ]
expert:[-0.5382824   0.9979597   0.8844085   0.77128834]
expert:[-0.5350489  0.9980113  0.8833245  0.7729327]
expert:[-0.5322541  0.9980604  0.8822984  0.7746058]
expert:[-0.5286965   0.9981079   0.88090134  0.77710235]
expert:[-0.5258916   0.998153    0.87954146  0.7791925 ]
expert:[-0.52380097  0.9981956   0.87822056  0.7809172 ]
expert:[-0.52174914  0.99823475  0.8766601   0.7827593 ]
expert:[-0.5200487   0.99828154  0.8747383   0.7848021 ]
expert:[-0.5184943   0.9983641   0.87148565  0.78810024]
expert:[-0.49807656  0.998692    0.8320242   0.822935  ]
expert:[-0.5028833   0.9988489   0.81019485  0.8399023 ]
expert:[-0.5194516   0.9989114   0.80540776  0.8434277 ]
expert:[-0.53471226  0.9989676   0.8028222   0.8452789 ]
expert:[-0.5526391   0.99902546  0.79875416  0.848326  ]
expert:[-0.5799347   0.99910355  0.7753946   0.862381  ]
expert:[-0.6075057   0.9992017   0.7130509   0.87893826]
expert:[-0.6190043   0.9992374   0.68810755  0.8834263 ]
expert:[-0.6158898  0.9992415  0.6669412  0.8842575]
expert:[-0.6125001   0.9992443   0.643083    0.88518935]
expert:[-0.58961034  0.9991658   0.40126953  0.9003416 ]
expert:[-0.35240683  0.99788135 -0.803566    0.9123079 ]
expert:[ 0.51798266  0.92429423 -0.9775429   0.7780371 ]
expert:[ 0.46795732  0.67374367 -0.9245632   0.64627784]
expert:[ 0.45792225  0.4966257  -0.83925295  0.59102887]
expert:[ 0.49191085  0.4915694  -0.6940576   0.59840757]
expert:[ 0.50920916  0.52645564 -0.4998885   0.6143099 ]
expert_success: 1.0
path_length: 150



-------------------------------- Iteration 0 -------------------------------- 
initial ob: [-0.0344551   0.50704863  0.23980516 -0.015       0.7         0.115
  0.1         0.8         0.115       0.1         0.8         0.115     ]
agent_success: 0

training time:  0.14363479614257812
evaluation time:  7.4483513832092285
epoch time:  7.592018365859985


-------------------------------- Iteration 200 -------------------------------- 
initial ob: [-0.0344551   0.50704863  0.23980516 -0.015       0.7         0.115
  0.1         0.8         0.115       0.1         0.8         0.115     ]
agent_success: 0

training time:  0.002454996109008789
evaluation time:  7.332002639770508
epoch time:  7.334491014480591


-------------------------------- Iteration 400 -------------------------------- 
initial ob: [-0.0344551   0.50704863  0.23980516 -0.015       0.7         0.115
  0.1         0.8         0.115       0.1         0.8         0.115     ]
agent_success: 0

training time:  0.0024077892303466797
evaluation time:  7.297213077545166
epoch time:  7.299647569656372


-------------------------------- Iteration 600 -------------------------------- 
initial ob: [-0.0344551   0.50704863  0.23980516 -0.015       0.7         0.115
  0.1         0.8         0.115       0.1         0.8         0.115     ]
agent_success: 0

training time:  0.0024390220642089844
evaluation time:  7.262741804122925
epoch time:  7.265204668045044


-------------------------------- Iteration 800 -------------------------------- 
initial ob: [-0.0344551   0.50704863  0.23980516 -0.015       0.7         0.115
  0.1         0.8         0.115       0.1         0.8         0.115     ]
agent_success: 0

training time:  0.0024428367614746094
evaluation time:  7.039103269577026
epoch time:  7.0415661334991455


-------------------------------- Iteration 1000 -------------------------------- 
initial ob: [-0.0344551   0.50704863  0.23980516 -0.015       0.7         0.115
  0.1         0.8         0.115       0.1         0.8         0.115     ]
agent_success: 0

training time:  0.0023620128631591797
evaluation time:  6.9885947704315186
epoch time:  6.99098801612854


-------------------------------- Iteration 1200 -------------------------------- 
initial ob: [-0.0344551   0.50704863  0.23980516 -0.015       0.7         0.115
  0.1         0.8         0.115       0.1         0.8         0.115     ]
agent_success: 0

training time:  0.0025031566619873047
evaluation time:  7.286813974380493
epoch time:  7.289369583129883


-------------------------------- Iteration 1400 -------------------------------- 
initial ob: [-0.0344551   0.50704863  0.23980516 -0.015       0.7         0.115
  0.1         0.8         0.115       0.1         0.8         0.115     ]
agent_success: 0

training time:  0.0024566650390625
evaluation time:  7.2685935497283936
epoch time:  7.271071910858154


-------------------------------- Iteration 1600 -------------------------------- 
initial ob: [-0.0344551   0.50704863  0.23980516 -0.015       0.7         0.115
  0.1         0.8         0.115       0.1         0.8         0.115     ]
agent_success: 0

training time:  0.002440929412841797
evaluation time:  7.244217872619629
epoch time:  7.246690988540649


-------------------------------- Iteration 1800 -------------------------------- 
initial ob: [-0.0344551   0.50704863  0.23980516 -0.015       0.7         0.115
  0.1         0.8         0.115       0.1         0.8         0.115     ]
agent_success: 0

training time:  0.0025289058685302734
evaluation time:  7.250447988510132
epoch time:  7.252999782562256


-------------------------------- Iteration 2000 -------------------------------- 
initial ob: [-0.0344551   0.50704863  0.23980516 -0.015       0.7         0.115
  0.1         0.8         0.115       0.1         0.8         0.115     ]
agent_success: 0

training time:  0.002473592758178711
evaluation time:  7.219729661941528
epoch time:  7.222218990325928


-------------------------------- Iteration 2200 -------------------------------- 
initial ob: [-0.0344551   0.50704863  0.23980516 -0.015       0.7         0.115
  0.1         0.8         0.115       0.1         0.8         0.115     ]
agent_success: 0

training time:  0.0024499893188476562
evaluation time:  7.20098352432251
epoch time:  7.203455924987793


-------------------------------- Iteration 2400 -------------------------------- 
initial ob: [-0.0344551   0.50704863  0.23980516 -0.015       0.7         0.115
  0.1         0.8         0.115       0.1         0.8         0.115     ]
agent_success: 0

training time:  0.0024461746215820312
evaluation time:  7.055156707763672
epoch time:  7.057637929916382


-------------------------------- Iteration 2600 -------------------------------- 
initial ob: [-0.0344551   0.50704863  0.23980516 -0.015       0.7         0.115
  0.1         0.8         0.115       0.1         0.8         0.115     ]
agent_success: 0

training time:  0.002507925033569336
evaluation time:  6.997510194778442
epoch time:  7.000049829483032


-------------------------------- Iteration 2800 -------------------------------- 
initial ob: [-0.0344551   0.50704863  0.23980516 -0.015       0.7         0.115
  0.1         0.8         0.115       0.1         0.8         0.115     ]
agent_success: 0

training time:  0.0023827552795410156
evaluation time:  7.261926889419556
epoch time:  7.264327764511108


-------------------------------- Iteration 3000 -------------------------------- 
initial ob: [-0.0344551   0.50704863  0.23980516 -0.015       0.7         0.115
  0.1         0.8         0.115       0.1         0.8         0.115     ]
agent_success: 0

training time:  0.002476215362548828
evaluation time:  7.280196905136108
epoch time:  7.282694578170776


-------------------------------- Iteration 3200 -------------------------------- 
initial ob: [-0.0344551   0.50704863  0.23980516 -0.015       0.7         0.115
  0.1         0.8         0.115       0.1         0.8         0.115     ]
agent_success: 0

training time:  0.002613544464111328
evaluation time:  7.2555787563323975
epoch time:  7.258221387863159


-------------------------------- Iteration 3400 -------------------------------- 
initial ob: [-0.0344551   0.50704863  0.23980516 -0.015       0.7         0.115
  0.1         0.8         0.115       0.1         0.8         0.115     ]
agent_success: 0

training time:  0.002476215362548828
evaluation time:  7.259199857711792
epoch time:  7.261691331863403


-------------------------------- Iteration 3600 -------------------------------- 
initial ob: [-0.0344551   0.50704863  0.23980516 -0.015       0.7         0.115
  0.1         0.8         0.115       0.1         0.8         0.115     ]
agent_success: 0

training time:  0.0024716854095458984
evaluation time:  7.263502597808838
epoch time:  7.265996694564819


-------------------------------- Iteration 3800 -------------------------------- 
initial ob: [-0.0344551   0.50704863  0.23980516 -0.015       0.7         0.115
  0.1         0.8         0.115       0.1         0.8         0.115     ]
agent_success: 0

training time:  0.002439737319946289
evaluation time:  7.197325944900513
epoch time:  7.199783563613892


-------------------------------- Iteration 4000 -------------------------------- 
initial ob: [-0.0344551   0.50704863  0.23980516 -0.015       0.7         0.115
  0.1         0.8         0.115       0.1         0.8         0.115     ]
agent_success: 0

training time:  0.0024366378784179688
evaluation time:  7.053932189941406
epoch time:  7.056390285491943


-------------------------------- Iteration 4200 -------------------------------- 
initial ob: [-0.0344551   0.50704863  0.23980516 -0.015       0.7         0.115
  0.1         0.8         0.115       0.1         0.8         0.115     ]
agent_success: 0

training time:  0.002405881881713867
evaluation time:  7.0092384815216064
epoch time:  7.011660099029541


-------------------------------- Iteration 4400 -------------------------------- 
initial ob: [-0.0344551   0.50704863  0.23980516 -0.015       0.7         0.115
  0.1         0.8         0.115       0.1         0.8         0.115     ]
agent_success: 0

training time:  0.0023441314697265625
evaluation time:  7.278909206390381
epoch time:  7.281355142593384


-------------------------------- Iteration 4600 -------------------------------- 
initial ob: [-0.0344551   0.50704863  0.23980516 -0.015       0.7         0.115
  0.1         0.8         0.115       0.1         0.8         0.115     ]
agent_success: 0

training time:  0.002451181411743164
evaluation time:  7.322112083435059
epoch time:  7.3245790004730225


-------------------------------- Iteration 4800 -------------------------------- 
initial ob: [-0.0344551   0.50704863  0.23980516 -0.015       0.7         0.115
  0.1         0.8         0.115       0.1         0.8         0.115     ]
agent_success: 0

training time:  0.002531290054321289
evaluation time:  7.293293714523315
epoch time:  7.295858383178711


-------------------------------- Iteration 5000 -------------------------------- 
initial ob: [-0.0344551   0.50704863  0.23980516 -0.015       0.7         0.115
  0.1         0.8         0.115       0.1         0.8         0.115     ]
agent_success: 0

training time:  0.002527952194213867
evaluation time:  7.275287866592407
epoch time:  7.277832269668579


-------------------------------- Iteration 5200 -------------------------------- 
initial ob: [-0.0344551   0.50704863  0.23980516 -0.015       0.7         0.115
  0.1         0.8         0.115       0.1         0.8         0.115     ]
agent_success: 0

training time:  0.002483367919921875
evaluation time:  7.2362964153289795
epoch time:  7.238797664642334


-------------------------------- Iteration 5400 -------------------------------- 
initial ob: [-0.0344551   0.50704863  0.23980516 -0.015       0.7         0.115
  0.1         0.8         0.115       0.1         0.8         0.115     ]
agent_success: 0

training time:  0.0023882389068603516
evaluation time:  7.174607515335083
epoch time:  7.1770179271698


-------------------------------- Iteration 5600 -------------------------------- 
initial ob: [-0.0344551   0.50704863  0.23980516 -0.015       0.7         0.115
  0.1         0.8         0.115       0.1         0.8         0.115     ]
agent_success: 0

training time:  0.0023941993713378906
evaluation time:  7.136298656463623
epoch time:  7.138708829879761


-------------------------------- Iteration 5800 -------------------------------- 
initial ob: [-0.0344551   0.50704863  0.23980516 -0.015       0.7         0.115
  0.1         0.8         0.115       0.1         0.8         0.115     ]
agent_success: 0

training time:  0.0023491382598876953
evaluation time:  7.045994758605957
epoch time:  7.048373460769653


-------------------------------- Iteration 6000 -------------------------------- 
initial ob: [-0.0344551   0.50704863  0.23980516 -0.015       0.7         0.115
  0.1         0.8         0.115       0.1         0.8         0.115     ]
agent_success: 0

training time:  0.002450227737426758
evaluation time:  7.306562423706055
epoch time:  7.309028625488281


-------------------------------- Iteration 6200 -------------------------------- 
initial ob: [-0.0344551   0.50704863  0.23980516 -0.015       0.7         0.115
  0.1         0.8         0.115       0.1         0.8         0.115     ]
agent_success: 0

training time:  0.002460479736328125
evaluation time:  7.320466041564941
epoch time:  7.322943449020386


-------------------------------- Iteration 6400 -------------------------------- 
initial ob: [-0.0344551   0.50704863  0.23980516 -0.015       0.7         0.115
  0.1         0.8         0.115       0.1         0.8         0.115     ]
agent_success: 0

training time:  0.0024907588958740234
evaluation time:  7.325555086135864
epoch time:  7.328068256378174


-------------------------------- Iteration 6600 -------------------------------- 
initial ob: [-0.0344551   0.50704863  0.23980516 -0.015       0.7         0.115
  0.1         0.8         0.115       0.1         0.8         0.115     ]
agent_success: 0

training time:  0.0024623870849609375
evaluation time:  7.307596921920776
epoch time:  7.310075759887695


-------------------------------- Iteration 6800 -------------------------------- 
initial ob: [-0.0344551   0.50704863  0.23980516 -0.015       0.7         0.115
  0.1         0.8         0.115       0.1         0.8         0.115     ]
agent_success: 0

training time:  0.0025014877319335938
evaluation time:  7.334430456161499
epoch time:  7.336960554122925


-------------------------------- Iteration 7000 -------------------------------- 
initial ob: [-0.0344551   0.50704863  0.23980516 -0.015       0.7         0.115
  0.1         0.8         0.115       0.1         0.8         0.115     ]
agent_success: 0

training time:  0.002560138702392578
evaluation time:  7.302579879760742
epoch time:  7.305156707763672


-------------------------------- Iteration 7200 -------------------------------- 
initial ob: [-0.0344551   0.50704863  0.23980516 -0.015       0.7         0.115
  0.1         0.8         0.115       0.1         0.8         0.115     ]
agent_success: 0

training time:  0.0024323463439941406
evaluation time:  7.1588380336761475
epoch time:  7.1612868309021


-------------------------------- Iteration 7400 -------------------------------- 
initial ob: [-0.0344551   0.50704863  0.23980516 -0.015       0.7         0.115
  0.1         0.8         0.115       0.1         0.8         0.115     ]
agent_success: 0

training time:  0.0024156570434570312
evaluation time:  7.126922607421875
epoch time:  7.1293559074401855


-------------------------------- Iteration 7600 -------------------------------- 
initial ob: [-0.0344551   0.50704863  0.23980516 -0.015       0.7         0.115
  0.1         0.8         0.115       0.1         0.8         0.115     ]
agent_success: 0

training time:  0.0025632381439208984
evaluation time:  7.355317115783691
epoch time:  7.357896566390991


-------------------------------- Iteration 7800 -------------------------------- 
initial ob: [-0.0344551   0.50704863  0.23980516 -0.015       0.7         0.115
  0.1         0.8         0.115       0.1         0.8         0.115     ]
agent_success: 0

training time:  0.002492189407348633
evaluation time:  7.376840591430664
epoch time:  7.37934947013855


-------------------------------- Iteration 8000 -------------------------------- 
initial ob: [-0.0344551   0.50704863  0.23980516 -0.015       0.7         0.115
  0.1         0.8         0.115       0.1         0.8         0.115     ]
agent_success: 0

training time:  0.0027081966400146484
evaluation time:  7.381728649139404
epoch time:  7.384457111358643


-------------------------------- Iteration 8200 -------------------------------- 
initial ob: [-0.0344551   0.50704863  0.23980516 -0.015       0.7         0.115
  0.1         0.8         0.115       0.1         0.8         0.115     ]
agent_success: 0

training time:  0.0024521350860595703
evaluation time:  7.367038011550903
epoch time:  7.369505882263184


-------------------------------- Iteration 8400 -------------------------------- 
initial ob: [-0.0344551   0.50704863  0.23980516 -0.015       0.7         0.115
  0.1         0.8         0.115       0.1         0.8         0.115     ]
agent_success: 0

training time:  0.0024709701538085938
evaluation time:  7.321111440658569
epoch time:  7.3236048221588135


-------------------------------- Iteration 8600 -------------------------------- 
initial ob: [-0.0344551   0.50704863  0.23980516 -0.015       0.7         0.115
  0.1         0.8         0.115       0.1         0.8         0.115     ]
agent_success: 0

training time:  0.0025866031646728516
evaluation time:  7.321545600891113
epoch time:  7.324147939682007


-------------------------------- Iteration 8800 -------------------------------- 
initial ob: [-0.0344551   0.50704863  0.23980516 -0.015       0.7         0.115
  0.1         0.8         0.115       0.1         0.8         0.115     ]
agent_success: 0

training time:  0.0024204254150390625
evaluation time:  7.193912982940674
epoch time:  7.196366548538208


-------------------------------- Iteration 9000 -------------------------------- 
initial ob: [-0.0344551   0.50704863  0.23980516 -0.015       0.7         0.115
  0.1         0.8         0.115       0.1         0.8         0.115     ]
agent_success: 0

training time:  0.002600431442260742
evaluation time:  7.176028251647949
epoch time:  7.178647518157959


-------------------------------- Iteration 9200 -------------------------------- 
initial ob: [-0.0344551   0.50704863  0.23980516 -0.015       0.7         0.115
  0.1         0.8         0.115       0.1         0.8         0.115     ]
agent_success: 0

training time:  0.0024971961975097656
evaluation time:  7.408555746078491
epoch time:  7.411070823669434


-------------------------------- Iteration 9400 -------------------------------- 
initial ob: [-0.0344551   0.50704863  0.23980516 -0.015       0.7         0.115
  0.1         0.8         0.115       0.1         0.8         0.115     ]
agent_success: 0

training time:  0.002493619918823242
evaluation time:  7.418092489242554
epoch time:  7.420613527297974


-------------------------------- Iteration 9600 -------------------------------- 
initial ob: [-0.0344551   0.50704863  0.23980516 -0.015       0.7         0.115
  0.1         0.8         0.115       0.1         0.8         0.115     ]
agent_success: 0

training time:  0.00247955322265625
evaluation time:  7.390718936920166
epoch time:  7.393214464187622


-------------------------------- Iteration 9800 -------------------------------- 
initial ob: [-0.0344551   0.50704863  0.23980516 -0.015       0.7         0.115
  0.1         0.8         0.115       0.1         0.8         0.115     ]
agent_success: 0

training time:  0.002492666244506836
evaluation time:  7.411665439605713
epoch time:  7.414175033569336


-------------------------------- Test Results -------------------------------- 
initial ob: [-0.0344551   0.50704863  0.23980516 -0.015       0.7         0.115
  0.1         0.8         0.115       0.1         0.8         0.115     ]
agent_success: 0

mean_success_rate:  0.0
Done
