/var/lib/slurm/slurmd/job3513833/slurm_script: line 9: batch_scripts/MT50_batch/seed.sh: No such file or directory
SLURM_JOBID=3513833
working directory=/viscam/u/jialugao/Imitation-SoftModule
########################
logging outputs to  /viscam/u/jialugao/Imitation-SoftModule/data/Base_bc_reach_pick-place-v1_2640.000124-01-2022_18-56-04
########################
{'expert_policy_file': '../Multi-Task-RL/log/MT50_Single_Task/pick-place-v1/Fixed/238/model/model_pf_best.pth', 'exp_name': 'bc_reach', 'do_dagger': False, 'ep_len': 200, 'gradient_steps': 1, 'n_iter': 10000, 'render_interval': 1, 'eval_interval': 200, 'batch_size': 64, 'eval_batch_size': 32, 'train_batch_size': 32, 'n_layers': 2, 'size': 400, 'learning_rate': 0.0001, 'video_log_freq': -1, 'scalar_log_freq': 1, 'no_gpu': False, 'which_gpu': 0, 'max_replay_buffer_size': 1000000, 'save_params': False, 'seed': 32, 'worker_nums': 1, 'eval_worker_nums': 1, 'config': 'config/BC.json', 'no_cuda': True, 'random_init': False, 'device': 'cpu', 'id': 'MT50_Single_Task', 'task_name': 'pick-place-v1', 'task_env': 'MT50_task_env', 'cuda': False, 'log_dir': '/viscam/u/jialugao/Imitation-SoftModule/data/Base_bc_reach_pick-place-v1_2640.000124-01-2022_18-56-04', 'agent_class': <class 'agents.bc_agent.MLPAgent'>, 'agent_params': {'n_layers': 2, 'size': 400, 'learning_rate': 0.0001, 'max_replay_buffer_size': 1000000, 'discrete': False, 'ac_dim': 4, 'ob_dim': 9}}
{'env_name': 'single_task', 'env': {'reward_scale': 1, 'obs_norm': False}, 'meta_env': {'obs_type': 'with_goal', 'random_init': False}, 'replay_buffer': {'size': 1000000.0}, 'net': {'hidden_shapes': [400, 400], 'append_hidden_shapes': [400], 'base_type': <class 'networks.base.MLPBase'>}, 'general_setting': {'discount': 0.99, 'pretrain_epochs': 20, 'num_epochs': 7500, 'epoch_frames': 200, 'max_episode_frames': 200, 'batch_size': 1280, 'min_pool': 10000, 'target_hard_update_period': 1000, 'use_soft_update': True, 'tau': 0.005, 'opt_times': 200, 'eval_episodes': 100, 'train_render': False, 'eval_render': False, 'env': <NormAct<RewardShift<SingleWrapperNone>>>, 'logger': <utils.logger.Logger object at 0x7f8d932d9d90>, 'device': device(type='cpu')}, 'sac': {'plr': 0.0003, 'qlr': 0.0003, 'reparameterization': True, 'automatic_entropy_tuning': True, 'policy_std_reg_weight': 0, 'policy_mean_reg_weight': 0}}
Loading expert policy from... ../Multi-Task-RL/log/MT50_Single_Task/pick-place-v1/Fixed/238/model/model_pf_best.pth
tensor([[-0.0206, -0.0147, -0.0709,  ..., -0.0755, -0.0224, -0.0683],
        [-0.0052, -0.0408, -0.0524,  ..., -0.0389, -0.0165, -0.0862],
        [-1.2543, -0.6732,  0.1781,  ...,  0.1188,  0.1318,  0.1100],
        ...,
        [-0.4442,  0.2166, -0.2375,  ..., -0.1832, -0.2323, -0.2275],
        [-0.9441,  0.1342, -1.0642,  ..., -0.0078,  0.0825,  0.0568],
        [-0.8790, -0.0504,  0.0146,  ..., -0.1205, -0.1120, -0.0807]])
Done restoring expert policy...
<NormAct<RewardShift<AugObs<SawyerReachPushPickPlaceEnv instance>>>>


-------------------------------- Iteration 0 -------------------------------- 
initial ob: [-0.03265039  0.51487777  0.2368754   0.          0.6         0.01492813
  0.1         0.8         0.2         0.1         0.8         0.2       ]
expert:[ 0.79579735 -0.6890416  -0.95692307  0.9139767 ]
expert:[ 0.00750156 -0.6097752  -0.9612688   0.8461732 ]
expert:[-0.75413847 -0.87959236 -0.97309655 -0.2966597 ]
expert:[-0.91992354 -0.83359873 -0.96238375 -0.7395525 ]
expert:[-0.94242233 -0.8347315  -0.95650417 -0.82112336]
expert:[-0.934545  -0.844742  -0.9575679 -0.8746683]
expert:[-0.91397655 -0.8181689  -0.95880574 -0.909634  ]
expert:[-0.18487458 -0.0690323  -0.9517436  -0.85683596]
expert:[ 0.77972925  0.9186572  -0.9562523  -0.79428375]
expert:[ 0.8236225   0.9393002  -0.94801635 -0.8843451 ]
expert:[ 0.8130024  0.9314729 -0.9159334 -0.9087962]
expert:[ 0.7776185  0.9047287 -0.8944674 -0.8960165]
expert:[ 0.5350555   0.7896458  -0.9126053  -0.74186075]
expert:[-0.773688    0.9216639  -0.9286741  -0.20780663]
expert:[-0.9012356   0.77957606 -0.90506816 -0.06975413]
expert:[-0.8825439   0.2837529  -0.8288545  -0.24568309]
expert:[-0.59051716  0.21870412 -0.6184519  -0.38078192]
expert:[ 0.5857757   0.9787908  -0.41691008 -0.76838255]
expert:[ 0.9920817   0.9760348  -0.2712248  -0.99143684]
expert:[ 0.99801004  0.976164   -0.11474081 -0.99541306]
expert:[ 0.9981338   0.9963563  -0.35720742 -0.99725085]
expert:[ 0.9990342   0.9976648  -0.3456267  -0.99767923]
expert:[ 0.9951841   0.99540615 -0.36646065 -0.99790525]
expert:[ 0.9897481   0.9965632  -0.38470355 -0.9969131 ]
expert:[ 0.99577785  0.9944229  -0.40309274 -0.993987  ]
expert:[ 0.99597     0.99370736 -0.4741215  -0.9766695 ]
expert:[ 0.9872192   0.9625921  -0.61052483 -0.81764114]
expert:[ 0.31971964  0.7046176  -0.7456832  -0.14948198]
expert:[-0.8129689   0.30405772 -0.8111396   0.24335702]
expert:[-0.9316806   0.31423312 -0.8911891   0.5776943 ]
expert:[-0.93830603  0.38462994 -0.9137551   0.7244277 ]
expert:[-0.8752676   0.53556544 -0.8466592   0.77639765]
expert:[-0.7269647   0.5839027  -0.647752    0.76295394]
expert:[-0.49113747  0.4602276  -0.64128536  0.5209969 ]
expert:[-0.28439134  0.5054518  -0.637175    0.22701229]
expert:[-0.00896854  0.685095   -0.44359308  0.41694927]
expert:[ 0.3435856   0.7067159  -0.08572862  0.6710655 ]
expert:[0.6598312  0.40272033 0.24466796 0.6942019 ]
expert:[ 0.7542057  -0.06994055  0.34618935  0.51214534]
expert:[0.65635943 0.3749394  0.55278754 0.7575128 ]
expert:[0.41916484 0.65516865 0.5250151  0.8679064 ]
expert:[0.2507131  0.8479925  0.6748614  0.95528936]
expert:[0.21760008 0.94256324 0.9559651  0.9901837 ]
expert:[0.3637343  0.951756   0.99830353 0.9987086 ]
expert:[0.4294039 0.930962  0.9995156 0.9997872]
expert:[0.4736267 0.8988591 0.9992378 0.9999068]
expert:[0.5278713  0.86224955 0.9982024  0.999901  ]
expert:[0.537582   0.79980004 0.9933045  0.9996823 ]
expert:[0.5476757  0.7367982  0.97643006 0.99904376]
expert:[0.5373875  0.691603   0.95676476 0.9977606 ]
expert:[0.52303785 0.58014417 0.9409927  0.9968307 ]
expert:[0.4038266 0.3999218 0.9136798 0.9955992]
expert:[0.23047097 0.23457581 0.8226588  0.99456394]
expert:[0.13303572 0.10981772 0.67776984 0.9942683 ]
expert:[0.06570888 0.02871834 0.5396833  0.9940438 ]
expert:[ 0.03799026 -0.03788072  0.41447827  0.9923037 ]
expert:[ 0.01017723 -0.08369714  0.2833196   0.98989487]
expert:[-0.0071065  -0.11792895  0.19348742  0.98709   ]
expert:[-0.01134949 -0.13485792  0.14673749  0.9837642 ]
expert:[-0.01171394 -0.14455286  0.1132931   0.9804675 ]
expert:[-0.01258339 -0.15017866  0.08871523  0.97798353]
expert:[-0.01663624 -0.15374881  0.06993925  0.9764892 ]
expert:[-0.01929482 -0.15536244  0.05429364  0.9760393 ]
expert:[-0.02034737 -0.15564762  0.04355354  0.9760061 ]
expert:[-0.02055788 -0.15560241  0.03616842  0.9760268 ]
expert:[-0.02121362 -0.15572616  0.03156517  0.97620475]
expert:[-0.02190615 -0.15601179  0.02933702  0.97648525]
expert:[-0.02258354 -0.15649489  0.02924191  0.9768562 ]
expert:[-0.02329131 -0.1570886   0.03075206  0.9772913 ]
expert:[-0.02402425 -0.15777598  0.03345544  0.9777734 ]
expert:[-0.02430683 -0.15816338  0.03636608  0.9782302 ]
expert:[-0.02446722 -0.15848725  0.0395883   0.97869027]
expert:[-0.02457001 -0.15888664  0.04319998  0.97916627]
expert:[-0.02471941 -0.15801105  0.04516556  0.9795133 ]
expert:[-0.02473951 -0.15661234  0.04674567  0.97981906]
expert:[-0.02447316 -0.1556153   0.04902951  0.9801451 ]
expert:[-0.02475461 -0.15141721  0.05206452  0.98053324]
expert:[-0.02523203 -0.14629425  0.05507795  0.98092854]
expert:[-0.02575557 -0.14110394  0.05780309  0.9813102 ]
expert:[-0.02682527 -0.13590468  0.05875867  0.9816494 ]
expert:[-0.02808111 -0.13041669  0.05882911  0.98194623]
expert:[-0.02933093 -0.12492169  0.05855454  0.9822197 ]
expert:[-0.03016028 -0.12008306  0.05910306  0.9825067 ]
expert:[-0.03120813 -0.11481818  0.05869909  0.98274887]
expert:[-0.03216387 -0.10963167  0.05819935  0.9829725 ]
expert:[-0.03298859 -0.10458846  0.05771413  0.98318064]
expert:[-0.0336954  -0.09963845  0.05719538  0.98336864]
expert:[-0.03427098 -0.09481248  0.05670857  0.98354024]
expert:[-0.03449259 -0.09067426  0.05604128  0.98363525]
expert:[-0.03353328 -0.08862044  0.05744526  0.98371625]
expert:[-0.03266313 -0.0864237   0.05809664  0.9837474 ]
expert:[-0.03184011 -0.08420365  0.05827212  0.9837507 ]
expert:[-0.03103455 -0.08201122  0.05839107  0.98375666]
expert:[-0.0302257  -0.07995602  0.05839353  0.9837545 ]
expert:[-0.02926376 -0.0775627   0.05806522  0.98370564]
expert:[-0.02803534 -0.07571696  0.05838878  0.9836671 ]
expert:[-0.0268444  -0.07368191  0.05824028  0.983598  ]
expert:[-0.02570305 -0.07168841  0.05790304  0.9835249 ]
expert:[-0.02475573 -0.06957215  0.05838795  0.9835415 ]
expert:[-0.02381934 -0.06773877  0.05817149  0.98353076]
expert:[-0.02293051 -0.0659441   0.05778304  0.98351574]
expert:[-0.02209547 -0.06421276  0.05722194  0.98349833]
expert:[-0.02131181 -0.06254892  0.05652225  0.98348045]
expert:[-0.02057528 -0.06146374  0.05635292  0.983517  ]
expert:[-0.01956173 -0.06013802  0.05577482  0.98352814]
expert:[-0.0182324  -0.05934872  0.05520146  0.98354876]
expert:[-0.01664491 -0.0601089   0.05408849  0.9835675 ]
expert:[-0.01513911 -0.06090144  0.05306567  0.98359793]
expert:[-0.01376524 -0.06186744  0.05204321  0.98364025]
expert:[-0.01256539 -0.06239786  0.05013796  0.983641  ]
expert:[-0.01149637 -0.06273901  0.04806934  0.9836405 ]
expert:[-0.01058286 -0.06278186  0.04611692  0.9836587 ]
expert:[-0.00980188 -0.06276411  0.04405921  0.98367614]
expert:[-0.00925558 -0.06259684  0.04133504  0.98366237]
expert:[-0.00878401 -0.06238029  0.03872601  0.9836545 ]
expert:[-0.00837358 -0.06210937  0.03629908  0.9836545 ]
expert:[-0.00801865 -0.06178552  0.03402852  0.9836595 ]
expert:[-0.00770567 -0.06140815  0.0319571   0.9836702 ]
expert:[-0.00743005 -0.06098532  0.03010041  0.9836876 ]
expert:[-0.00718763 -0.06051629  0.02840558  0.98370814]
expert:[-0.00696831 -0.06000438  0.02691529  0.98373383]
expert:[-0.00677202 -0.05945726  0.02559027  0.9837632 ]
expert:[-0.00659667 -0.05888039  0.02440591  0.9837952 ]
expert:[-0.00643453 -0.05827528  0.02338709  0.9838312 ]
expert:[-0.00628782 -0.05764821  0.02247241  0.9838684 ]
expert:[-0.0061509  -0.05700092  0.02167191  0.98390746]
expert:[-0.00602405 -0.0563432   0.02098721  0.9839494 ]
expert:[-0.00588153 -0.05540549  0.01998942  0.98396283]
expert:[-0.00573316 -0.05429444  0.01880852  0.98395866]
expert:[-0.00562177 -0.05356706  0.01830399  0.98399943]
expert:[-0.00555623 -0.05324567  0.01842261  0.9840829 ]
expert:[-0.00546362 -0.05259717  0.01815181  0.9841326 ]
expert:[-0.00533163 -0.05145845  0.0172216   0.98413104]
expert:[-0.0052276  -0.05067975  0.01665335  0.9841453 ]
expert:[-0.00512761 -0.0499533   0.0159912   0.98415244]
expert:[-0.00514615 -0.04896043  0.01483303  0.9841426 ]
expert:[-0.00519905 -0.0478586   0.01352247  0.9841252 ]
expert:[-0.00526074 -0.04711808  0.01280479  0.98413354]
expert:[-0.00530353 -0.04614067  0.01187999  0.9841288 ]
expert:[-0.00535314 -0.04555331  0.01150744  0.9841459 ]
expert:[-0.00538787 -0.04434793  0.01023725  0.98408824]
expert:[-0.00543656 -0.04416323  0.01052515  0.9840789 ]
expert:[-0.00547881 -0.04363921  0.01017638  0.98403895]
expert:[-0.00548529 -0.04281398  0.0097366   0.9839938 ]
expert:[-0.0055121  -0.04260979  0.01027987  0.98399526]
expert:[-0.00554708 -0.04229044  0.01040959  0.9839771 ]
expert:[-0.00556522 -0.04184955  0.0105469   0.9839598 ]
expert:[-0.00558027 -0.04168866  0.01106874  0.9839597 ]
expert:[-0.00558804 -0.04106692  0.01074414  0.9839208 ]
expert:[-0.00558959 -0.04067015  0.01074262  0.9838963 ]
expert_success: 1.0
path_length: 150



-------------------------------- Iteration 0 -------------------------------- 
initial ob: [-0.03265039  0.51487777  0.2368754   0.          0.6         0.01492813
  0.1         0.8         0.2         0.1         0.8         0.2       ]
agent_success: 0

training time:  0.2095036506652832
evaluation time:  13.397456884384155
epoch time:  13.606990814208984


-------------------------------- Iteration 200 -------------------------------- 
initial ob: [-0.03265039  0.51487777  0.2368754   0.          0.6         0.01492813
  0.1         0.8         0.2         0.1         0.8         0.2       ]
agent_success: 0

training time:  0.0018260478973388672
evaluation time:  13.328568935394287
epoch time:  13.330428123474121


-------------------------------- Iteration 400 -------------------------------- 
initial ob: [-0.03265039  0.51487777  0.2368754   0.          0.6         0.01492813
  0.1         0.8         0.2         0.1         0.8         0.2       ]
agent_success: 0

training time:  0.0021538734436035156
evaluation time:  13.251285314559937
epoch time:  13.253472328186035


-------------------------------- Iteration 600 -------------------------------- 
initial ob: [-0.03265039  0.51487777  0.2368754   0.          0.6         0.01492813
  0.1         0.8         0.2         0.1         0.8         0.2       ]
agent_success: 0

training time:  0.001924753189086914
evaluation time:  13.331685304641724
epoch time:  13.33364224433899


-------------------------------- Iteration 800 -------------------------------- 
initial ob: [-0.03265039  0.51487777  0.2368754   0.          0.6         0.01492813
  0.1         0.8         0.2         0.1         0.8         0.2       ]
agent_success: 0

training time:  0.002052783966064453
evaluation time:  13.28458285331726
epoch time:  13.286680698394775


-------------------------------- Iteration 1000 -------------------------------- 
initial ob: [-0.03265039  0.51487777  0.2368754   0.          0.6         0.01492813
  0.1         0.8         0.2         0.1         0.8         0.2       ]
agent_success: 0

training time:  0.0020627975463867188
evaluation time:  13.342377424240112
epoch time:  13.344472169876099


-------------------------------- Iteration 1200 -------------------------------- 
initial ob: [-0.03265039  0.51487777  0.2368754   0.          0.6         0.01492813
  0.1         0.8         0.2         0.1         0.8         0.2       ]
agent_success: 0

training time:  0.0020813941955566406
evaluation time:  13.233245849609375
epoch time:  13.235353708267212


-------------------------------- Iteration 1400 -------------------------------- 
initial ob: [-0.03265039  0.51487777  0.2368754   0.          0.6         0.01492813
  0.1         0.8         0.2         0.1         0.8         0.2       ]
agent_success: 0

training time:  0.0018990039825439453
evaluation time:  13.366321086883545
epoch time:  13.368249654769897


-------------------------------- Iteration 1600 -------------------------------- 
initial ob: [-0.03265039  0.51487777  0.2368754   0.          0.6         0.01492813
  0.1         0.8         0.2         0.1         0.8         0.2       ]
agent_success: 0

training time:  0.001833200454711914
evaluation time:  13.405245065689087
epoch time:  13.407098293304443


-------------------------------- Iteration 1800 -------------------------------- 
initial ob: [-0.03265039  0.51487777  0.2368754   0.          0.6         0.01492813
  0.1         0.8         0.2         0.1         0.8         0.2       ]
agent_success: 0

training time:  0.0018045902252197266
evaluation time:  13.475693702697754
epoch time:  13.477519989013672


-------------------------------- Iteration 2000 -------------------------------- 
initial ob: [-0.03265039  0.51487777  0.2368754   0.          0.6         0.01492813
  0.1         0.8         0.2         0.1         0.8         0.2       ]
agent_success: 0

training time:  0.0020296573638916016
evaluation time:  13.45551347732544
epoch time:  13.457567930221558


-------------------------------- Iteration 2200 -------------------------------- 
initial ob: [-0.03265039  0.51487777  0.2368754   0.          0.6         0.01492813
  0.1         0.8         0.2         0.1         0.8         0.2       ]
agent_success: 0

training time:  0.001905679702758789
evaluation time:  13.58455204963684
epoch time:  13.586479663848877


-------------------------------- Iteration 2400 -------------------------------- 
initial ob: [-0.03265039  0.51487777  0.2368754   0.          0.6         0.01492813
  0.1         0.8         0.2         0.1         0.8         0.2       ]
agent_success: 0

training time:  0.0021872520446777344
evaluation time:  13.745991945266724
epoch time:  13.748206853866577


-------------------------------- Iteration 2600 -------------------------------- 
initial ob: [-0.03265039  0.51487777  0.2368754   0.          0.6         0.01492813
  0.1         0.8         0.2         0.1         0.8         0.2       ]
agent_success: 0

training time:  0.0018184185028076172
evaluation time:  13.582621335983276
epoch time:  13.58446979522705


-------------------------------- Iteration 2800 -------------------------------- 
initial ob: [-0.03265039  0.51487777  0.2368754   0.          0.6         0.01492813
  0.1         0.8         0.2         0.1         0.8         0.2       ]
agent_success: 0

training time:  0.0018389225006103516
evaluation time:  13.318595170974731
epoch time:  13.320469856262207


-------------------------------- Iteration 3000 -------------------------------- 
initial ob: [-0.03265039  0.51487777  0.2368754   0.          0.6         0.01492813
  0.1         0.8         0.2         0.1         0.8         0.2       ]
agent_success: 0

training time:  0.0020720958709716797
evaluation time:  13.576530933380127
epoch time:  13.578627586364746


-------------------------------- Iteration 3200 -------------------------------- 
initial ob: [-0.03265039  0.51487777  0.2368754   0.          0.6         0.01492813
  0.1         0.8         0.2         0.1         0.8         0.2       ]
agent_success: 0

training time:  0.0018239021301269531
evaluation time:  13.466298818588257
epoch time:  13.468157052993774


-------------------------------- Iteration 3400 -------------------------------- 
initial ob: [-0.03265039  0.51487777  0.2368754   0.          0.6         0.01492813
  0.1         0.8         0.2         0.1         0.8         0.2       ]
agent_success: 0

training time:  0.0020956993103027344
evaluation time:  13.50928258895874
epoch time:  13.511396408081055


-------------------------------- Iteration 3600 -------------------------------- 
initial ob: [-0.03265039  0.51487777  0.2368754   0.          0.6         0.01492813
  0.1         0.8         0.2         0.1         0.8         0.2       ]
agent_success: 0

training time:  0.0018527507781982422
evaluation time:  13.518834114074707
epoch time:  13.520711898803711


-------------------------------- Iteration 3800 -------------------------------- 
initial ob: [-0.03265039  0.51487777  0.2368754   0.          0.6         0.01492813
  0.1         0.8         0.2         0.1         0.8         0.2       ]
agent_success: 0

training time:  0.002069234848022461
evaluation time:  13.51887559890747
epoch time:  13.520995378494263


-------------------------------- Iteration 4000 -------------------------------- 
initial ob: [-0.03265039  0.51487777  0.2368754   0.          0.6         0.01492813
  0.1         0.8         0.2         0.1         0.8         0.2       ]
agent_success: 0

training time:  0.001819610595703125
evaluation time:  13.62574291229248
epoch time:  13.627580881118774


-------------------------------- Iteration 4200 -------------------------------- 
initial ob: [-0.03265039  0.51487777  0.2368754   0.          0.6         0.01492813
  0.1         0.8         0.2         0.1         0.8         0.2       ]
agent_success: 0

training time:  0.0019459724426269531
evaluation time:  13.924076318740845
epoch time:  13.926044702529907


-------------------------------- Iteration 4400 -------------------------------- 
initial ob: [-0.03265039  0.51487777  0.2368754   0.          0.6         0.01492813
  0.1         0.8         0.2         0.1         0.8         0.2       ]
agent_success: 0

training time:  0.0019490718841552734
evaluation time:  13.701162576675415
epoch time:  13.703139543533325


-------------------------------- Iteration 4600 -------------------------------- 
initial ob: [-0.03265039  0.51487777  0.2368754   0.          0.6         0.01492813
  0.1         0.8         0.2         0.1         0.8         0.2       ]
agent_success: 0

training time:  0.0021371841430664062
evaluation time:  13.74308180809021
epoch time:  13.745238065719604


-------------------------------- Iteration 4800 -------------------------------- 
initial ob: [-0.03265039  0.51487777  0.2368754   0.          0.6         0.01492813
  0.1         0.8         0.2         0.1         0.8         0.2       ]
agent_success: 0

training time:  0.001966238021850586
evaluation time:  13.38900113105774
epoch time:  13.390996217727661


-------------------------------- Iteration 5000 -------------------------------- 
initial ob: [-0.03265039  0.51487777  0.2368754   0.          0.6         0.01492813
  0.1         0.8         0.2         0.1         0.8         0.2       ]
agent_success: 0

training time:  0.0020029544830322266
evaluation time:  14.002776861190796
epoch time:  14.004800796508789


-------------------------------- Iteration 5200 -------------------------------- 
initial ob: [-0.03265039  0.51487777  0.2368754   0.          0.6         0.01492813
  0.1         0.8         0.2         0.1         0.8         0.2       ]
agent_success: 0

training time:  0.0027704238891601562
evaluation time:  14.085593461990356
epoch time:  14.088400602340698


-------------------------------- Iteration 5400 -------------------------------- 
initial ob: [-0.03265039  0.51487777  0.2368754   0.          0.6         0.01492813
  0.1         0.8         0.2         0.1         0.8         0.2       ]
agent_success: 0

training time:  0.0020716190338134766
evaluation time:  13.839436292648315
epoch time:  13.841542482376099


-------------------------------- Iteration 5600 -------------------------------- 
initial ob: [-0.03265039  0.51487777  0.2368754   0.          0.6         0.01492813
  0.1         0.8         0.2         0.1         0.8         0.2       ]
agent_success: 0

training time:  0.0018260478973388672
evaluation time:  13.840477705001831
epoch time:  13.84232783317566


-------------------------------- Iteration 5800 -------------------------------- 
initial ob: [-0.03265039  0.51487777  0.2368754   0.          0.6         0.01492813
  0.1         0.8         0.2         0.1         0.8         0.2       ]
agent_success: 0

training time:  0.0018460750579833984
evaluation time:  14.054057121276855
epoch time:  14.055927991867065


-------------------------------- Iteration 6000 -------------------------------- 
initial ob: [-0.03265039  0.51487777  0.2368754   0.          0.6         0.01492813
  0.1         0.8         0.2         0.1         0.8         0.2       ]
agent_success: 0

training time:  0.0020914077758789062
evaluation time:  13.564909219741821
epoch time:  13.567019701004028


-------------------------------- Iteration 6200 -------------------------------- 
initial ob: [-0.03265039  0.51487777  0.2368754   0.          0.6         0.01492813
  0.1         0.8         0.2         0.1         0.8         0.2       ]
agent_success: 1.0

training time:  0.0018422603607177734
evaluation time:  14.508711814880371
epoch time:  14.51061201095581


-------------------------------- Iteration 6400 -------------------------------- 
initial ob: [-0.03265039  0.51487777  0.2368754   0.          0.6         0.01492813
  0.1         0.8         0.2         0.1         0.8         0.2       ]
agent_success: 0

training time:  0.0018482208251953125
evaluation time:  14.222144603729248
epoch time:  14.224015951156616


-------------------------------- Iteration 6600 -------------------------------- 
initial ob: [-0.03265039  0.51487777  0.2368754   0.          0.6         0.01492813
  0.1         0.8         0.2         0.1         0.8         0.2       ]
agent_success: 0

training time:  0.001851797103881836
evaluation time:  13.775495052337646
epoch time:  13.777378559112549


-------------------------------- Iteration 6800 -------------------------------- 
initial ob: [-0.03265039  0.51487777  0.2368754   0.          0.6         0.01492813
  0.1         0.8         0.2         0.1         0.8         0.2       ]
agent_success: 0

training time:  0.0018987655639648438
evaluation time:  13.543206214904785
epoch time:  13.545124053955078


-------------------------------- Iteration 7000 -------------------------------- 
initial ob: [-0.03265039  0.51487777  0.2368754   0.          0.6         0.01492813
  0.1         0.8         0.2         0.1         0.8         0.2       ]
agent_success: 0

training time:  0.0018582344055175781
evaluation time:  13.59282636642456
epoch time:  13.594707012176514


-------------------------------- Iteration 7200 -------------------------------- 
initial ob: [-0.03265039  0.51487777  0.2368754   0.          0.6         0.01492813
  0.1         0.8         0.2         0.1         0.8         0.2       ]
agent_success: 0

training time:  0.0018222332000732422
evaluation time:  13.539405822753906
epoch time:  13.541259527206421


-------------------------------- Iteration 7400 -------------------------------- 
initial ob: [-0.03265039  0.51487777  0.2368754   0.          0.6         0.01492813
  0.1         0.8         0.2         0.1         0.8         0.2       ]
agent_success: 1.0

training time:  0.001878499984741211
evaluation time:  14.544726133346558
epoch time:  14.546619892120361


-------------------------------- Iteration 7600 -------------------------------- 
initial ob: [-0.03265039  0.51487777  0.2368754   0.          0.6         0.01492813
  0.1         0.8         0.2         0.1         0.8         0.2       ]
agent_success: 0

training time:  0.0019097328186035156
evaluation time:  13.540198564529419
epoch time:  13.542130708694458


-------------------------------- Iteration 7800 -------------------------------- 
initial ob: [-0.03265039  0.51487777  0.2368754   0.          0.6         0.01492813
  0.1         0.8         0.2         0.1         0.8         0.2       ]
agent_success: 0

training time:  0.0018420219421386719
evaluation time:  13.586625814437866
epoch time:  13.588489532470703


-------------------------------- Iteration 8000 -------------------------------- 
initial ob: [-0.03265039  0.51487777  0.2368754   0.          0.6         0.01492813
  0.1         0.8         0.2         0.1         0.8         0.2       ]
agent_success: 0

training time:  0.0018496513366699219
evaluation time:  13.800284385681152
epoch time:  13.802159070968628


-------------------------------- Iteration 8200 -------------------------------- 
initial ob: [-0.03265039  0.51487777  0.2368754   0.          0.6         0.01492813
  0.1         0.8         0.2         0.1         0.8         0.2       ]
agent_success: 0

training time:  0.002070903778076172
evaluation time:  13.530672550201416
epoch time:  13.532779693603516


-------------------------------- Iteration 8400 -------------------------------- 
initial ob: [-0.03265039  0.51487777  0.2368754   0.          0.6         0.01492813
  0.1         0.8         0.2         0.1         0.8         0.2       ]
agent_success: 0

training time:  0.0018317699432373047
evaluation time:  13.628549337387085
epoch time:  13.630403518676758


-------------------------------- Iteration 8600 -------------------------------- 
initial ob: [-0.03265039  0.51487777  0.2368754   0.          0.6         0.01492813
  0.1         0.8         0.2         0.1         0.8         0.2       ]
agent_success: 0

training time:  0.0018625259399414062
evaluation time:  13.581130743026733
epoch time:  13.583018064498901


-------------------------------- Iteration 8800 -------------------------------- 
initial ob: [-0.03265039  0.51487777  0.2368754   0.          0.6         0.01492813
  0.1         0.8         0.2         0.1         0.8         0.2       ]
agent_success: 0

training time:  0.002120494842529297
evaluation time:  13.132073402404785
epoch time:  13.134247064590454


-------------------------------- Iteration 9000 -------------------------------- 
initial ob: [-0.03265039  0.51487777  0.2368754   0.          0.6         0.01492813
  0.1         0.8         0.2         0.1         0.8         0.2       ]
agent_success: 0

training time:  0.0018243789672851562
evaluation time:  13.44500184059143
epoch time:  13.446844577789307


-------------------------------- Iteration 9200 -------------------------------- 
initial ob: [-0.03265039  0.51487777  0.2368754   0.          0.6         0.01492813
  0.1         0.8         0.2         0.1         0.8         0.2       ]
agent_success: 0

training time:  0.0015652179718017578
evaluation time:  12.389130353927612
epoch time:  12.390718221664429


-------------------------------- Iteration 9400 -------------------------------- 
initial ob: [-0.03265039  0.51487777  0.2368754   0.          0.6         0.01492813
  0.1         0.8         0.2         0.1         0.8         0.2       ]
agent_success: 0

training time:  0.0018265247344970703
evaluation time:  12.990433692932129
epoch time:  12.99227786064148


-------------------------------- Iteration 9600 -------------------------------- 
initial ob: [-0.03265039  0.51487777  0.2368754   0.          0.6         0.01492813
  0.1         0.8         0.2         0.1         0.8         0.2       ]
agent_success: 0

training time:  0.001722097396850586
evaluation time:  11.330260992050171
epoch time:  11.332004070281982


-------------------------------- Iteration 9800 -------------------------------- 
initial ob: [-0.03265039  0.51487777  0.2368754   0.          0.6         0.01492813
  0.1         0.8         0.2         0.1         0.8         0.2       ]
agent_success: 0

training time:  0.0014770030975341797
evaluation time:  11.72110891342163
epoch time:  11.722622632980347


-------------------------------- Test Results -------------------------------- 
initial ob: [-0.03265039  0.51487777  0.2368754   0.          0.6         0.01492813
  0.1         0.8         0.2         0.1         0.8         0.2       ]
agent_success: 0

mean_success_rate:  0.0
Done
