/var/lib/slurm/slurmd/job3515637/slurm_script: line 9: batch_scripts/MT50_batch/seed.sh: No such file or directory
SLURM_JOBID=3515637
working directory=/viscam/u/jialugao/Imitation-SoftModule
########################
logging outputs to  /viscam/u/jialugao/Imitation-SoftModule/data/Base_bc_reach_door-lock-v1_2640.000125-01-2022_23-02-07
########################
{'expert_policy_file': '../Multi-Task-RL/log/MT50_Single_Task/door-lock-v1/Fixed/238/model/model_pf_best.pth', 'exp_name': 'bc_reach', 'do_dagger': False, 'ep_len': 200, 'gradient_steps': 1, 'n_iter': 10000, 'render_interval': 1, 'eval_interval': 200, 'batch_size': 64, 'eval_batch_size': 32, 'train_batch_size': 32, 'n_layers': 2, 'size': 400, 'learning_rate': 0.0001, 'video_log_freq': -1, 'scalar_log_freq': 1, 'no_gpu': False, 'which_gpu': 0, 'max_replay_buffer_size': 1000000, 'save_params': False, 'seed': 32, 'worker_nums': 1, 'eval_worker_nums': 1, 'config': 'config/BC.json', 'no_cuda': True, 'random_init': False, 'device': 'cpu', 'id': 'MT50_Single_Task', 'task_name': 'door-lock-v1', 'task_env': 'MT50_task_env', 'cuda': False, 'log_dir': '/viscam/u/jialugao/Imitation-SoftModule/data/Base_bc_reach_door-lock-v1_2640.000125-01-2022_23-02-07', 'agent_class': <class 'agents.bc_agent.MLPAgent'>, 'agent_params': {'n_layers': 2, 'size': 400, 'learning_rate': 0.0001, 'max_replay_buffer_size': 1000000, 'discrete': False, 'ac_dim': 4, 'ob_dim': 9}}
{'env_name': 'single_task', 'env': {'reward_scale': 1, 'obs_norm': False}, 'meta_env': {'obs_type': 'with_goal', 'random_init': False}, 'replay_buffer': {'size': 1000000.0}, 'net': {'hidden_shapes': [400, 400], 'append_hidden_shapes': [400], 'base_type': <class 'networks.base.MLPBase'>}, 'general_setting': {'discount': 0.99, 'pretrain_epochs': 20, 'num_epochs': 7500, 'epoch_frames': 200, 'max_episode_frames': 200, 'batch_size': 1280, 'min_pool': 10000, 'target_hard_update_period': 1000, 'use_soft_update': True, 'tau': 0.005, 'opt_times': 200, 'eval_episodes': 100, 'train_render': False, 'eval_render': False, 'env': <NormAct<RewardShift<SingleWrapperNone>>>, 'logger': <utils.logger.Logger object at 0x7f68de3f3850>, 'device': device(type='cpu')}, 'sac': {'plr': 0.0003, 'qlr': 0.0003, 'reparameterization': True, 'automatic_entropy_tuning': True, 'policy_std_reg_weight': 0, 'policy_mean_reg_weight': 0}}
Loading expert policy from... ../Multi-Task-RL/log/MT50_Single_Task/door-lock-v1/Fixed/238/model/model_pf_best.pth
tensor([[-0.0821, -0.0212, -0.0636,  ..., -0.0365, -0.0244, -0.0715],
        [ 0.0278, -0.0417, -0.0369,  ...,  0.0090, -0.0101, -0.0799],
        [-0.0438, -0.0839, -0.0505,  ..., -0.0016, -0.0326, -0.0544],
        ...,
        [ 0.0258, -0.0703, -0.0048,  ...,  0.0400, -0.0406, -0.0356],
        [-1.1245, -0.1841, -0.7583,  ..., -0.0461,  0.1494,  0.1216],
        [-0.0088, -0.0143, -0.0692,  ..., -0.0211, -0.0612, -0.0286]])
Done restoring expert policy...
<NormAct<RewardShift<AugObs<SawyerDoorLockEnv instance>>>>


-------------------------------- Iteration 0 -------------------------------- 
initial ob: [-0.02499176  0.54073987  0.22689311  0.10001905  0.81        0.17460325
  0.          0.81        0.07        0.          0.81        0.07      ]
expert:[ 0.8662796   0.8545795  -0.6400407   0.33062142]
expert:[-0.6195063   0.92039406 -0.8704122  -0.5042816 ]
expert:[-0.95577884  0.9770468  -0.95298994 -0.8487608 ]
expert:[-0.95779914  0.9761599  -0.9522207  -0.8659618 ]
expert:[-0.9069865   0.96301204 -0.9191998  -0.86743116]
expert:[-0.55995464  0.95810837 -0.6655054  -0.8826414 ]
expert:[ 0.9572292   0.9783647   0.87413305 -0.97891   ]
expert:[ 0.9857046   0.98139584  0.97818077 -0.9882656 ]
expert:[ 0.98668927  0.98188215  0.9834455  -0.98842776]
expert:[ 0.9786159   0.9693944   0.92913854 -0.96251297]
expert:[ 0.94788945  0.9154266  -0.4626986  -0.07824767]
expert:[ 0.751375    0.8804521  -0.9449674   0.76962644]
expert:[-0.8257535   0.8094517  -0.97491413  0.33965105]
expert:[-0.93465096  0.88311654 -0.9684752   0.18010567]
expert:[-0.9419192   0.8916126  -0.9616669   0.03141651]
expert:[-0.8768767   0.87945116 -0.9562651   0.11537364]
expert:[ 0.74475235  0.96428925 -0.9634627   0.7892064 ]
expert:[ 0.9671464   0.9738281  -0.96379817  0.8352251 ]
expert:[ 0.970375   0.9737444 -0.944897   0.7654856]
expert:[ 0.97842044  0.9828531  -0.96481323  0.5636504 ]
expert:[ 0.9892955   0.99392396 -0.98972183  0.28077328]
expert:[ 0.9936404   0.99024504 -0.99819005  0.41820726]
expert:[ 0.98877704  0.9836358  -0.90717703 -0.02980174]
expert:[ 0.98705     0.9813347   0.86973625 -0.8737733 ]
expert:[ 0.83373004  0.9886213   0.91752833 -0.69319385]
expert:[ 0.10257909  0.9821499   0.85596275 -0.28453976]
expert:[-0.49723035  0.9641901   0.8062579   0.3126923 ]
expert:[-0.77954376  0.94846165  0.79355747  0.9171174 ]
expert:[-0.8888887   0.9390967   0.6875464   0.98481965]
expert:[-0.91443366  0.9308041   0.6011347   0.9915693 ]
expert:[-0.92481136  0.9278001   0.5732641   0.9928697 ]
expert:[-0.9282221   0.9266655   0.57194537  0.99290216]
expert:[-0.92862684  0.92633194  0.58021116  0.9926297 ]
expert:[-0.9281432   0.92616814  0.5883484   0.992307  ]
expert:[-0.92732364  0.92618954  0.5948536   0.991926  ]
expert:[-0.9263709   0.9264217   0.60097307  0.9914897 ]
expert:[-0.9250904   0.9267598   0.60737073  0.9910131 ]
expert:[-0.9241641   0.9270953   0.61340106  0.990574  ]
expert:[-0.9229782   0.9274993   0.61968535  0.9901068 ]
expert:[-0.9215685   0.9279581   0.6261222   0.98961127]
expert:[-0.9199542   0.9284639   0.6326063   0.98908406]
expert:[-0.9181755  0.9289982  0.6388076  0.9885203]
expert:[-0.91621745  0.9295679   0.6449786   0.9879175 ]
expert:[-0.9142034   0.9307019   0.65297186  0.98733604]
expert:[-0.91186154  0.9317228   0.6605693   0.986601  ]
expert:[-0.9092879   0.9326973   0.6673152   0.98574555]
expert:[-0.9064915   0.9336489   0.67335427  0.9847614 ]
expert:[-0.90346175  0.9345876   0.6788781   0.98363376]
expert:[-0.9002038   0.93551767  0.684023    0.9823547 ]
expert:[-0.8966886   0.9363891   0.68845034  0.9810051 ]
expert:[-0.89295256  0.9372547   0.6926589   0.979504  ]
expert:[-0.8889972   0.93811584  0.6967008   0.9778408 ]
expert:[-0.88482124  0.9389721   0.7006049   0.9760035 ]
expert:[-0.88038313  0.93983084  0.70438296  0.97396696]
expert:[-0.87506247  0.940799    0.70779234  0.97152025]
expert:[-0.86952233  0.94172895  0.71079856  0.96882343]
expert:[-0.8637646  0.942631   0.7134123  0.9658435]
expert:[-0.85742354  0.94357157  0.7162438   0.9625747 ]
expert:[-0.8507135   0.94430196  0.71849823  0.95926756]
expert:[-0.8443033  0.9445771  0.7190636  0.9560586]
expert:[-0.83743465  0.94486     0.7196141   0.9525002 ]
expert:[-0.83010966  0.9451468   0.7201254   0.94855946]
expert:[-0.8223327  0.945435   0.720581   0.9442054]
expert:[-0.81351465  0.9457192   0.7216547   0.93923086]
expert:[-0.8038429   0.94599885  0.72299093  0.9336235 ]
expert:[-0.7935228   0.9463141   0.72433555  0.92755866]
expert:[-0.782415    0.94667643  0.7255845   0.9210184 ]
expert:[-0.77041215  0.94705695  0.72681415  0.913746  ]
expert:[-0.75750774  0.9474752   0.7281576   0.90572697]
expert:[-0.7439603  0.9479025  0.7294814  0.8968632]
expert:[-0.7243782   0.9482422   0.7303159   0.88181084]
expert:[ 0.54477817  0.99351156  0.21499078 -0.96498716]
expert:[ 0.88852876  0.9972738   0.0639172  -0.99427843]
expert:[ 0.91675746  0.997843    0.01624581 -0.99574083]
expert:[ 0.91264194  0.998097    0.00718886 -0.9953387 ]
expert:[ 0.9035207   0.9982911   0.00420718 -0.9945597 ]
expert:[ 8.9433461e-01  9.9841011e-01 -1.1343509e-04 -9.9375910e-01]
expert:[ 0.8939276   0.99839157 -0.0022188  -0.9938737 ]
expert:[ 0.8935851   0.99835634 -0.00493817 -0.99407893]
expert:[ 0.89420116  0.9983048  -0.00676068 -0.994257  ]
expert:[ 0.89517176  0.9982447  -0.00783892 -0.9944365 ]
expert:[ 0.8963356   0.998181   -0.00880652 -0.9946212 ]
expert:[ 0.8975833   0.9981148  -0.00973768 -0.9948039 ]
expert:[ 0.8987295   0.9980452  -0.01105452 -0.9949829 ]
expert:[ 0.8998292   0.9979746  -0.01235234 -0.9951517 ]
expert:[ 0.9008226   0.9979025  -0.01366023 -0.995309  ]
expert:[ 0.9017631   0.9978356  -0.01472811 -0.9954468 ]
expert:[ 0.9025491  0.9977768 -0.0155685 -0.9955581]
expert:[ 0.9030338   0.9977222  -0.01637002 -0.9956451 ]
expert:[ 0.9033656   0.99766827 -0.01715207 -0.995722  ]
expert:[ 0.9035245  0.9976134 -0.0179814 -0.9957908]
expert:[ 0.90350705  0.997557   -0.01887806 -0.9958525 ]
expert:[ 0.90333366  0.9974993  -0.0198314  -0.9959077 ]
expert:[ 0.90302324  0.9974407  -0.02083265 -0.9959572 ]
expert:[ 0.9025804   0.99738085 -0.02188228 -0.9960015 ]
expert:[ 0.902015    0.9973198  -0.02297536 -0.9960412 ]
expert:[ 0.9013385   0.99725765 -0.0241054  -0.9960767 ]
expert:[ 0.9005625   0.9971944  -0.02526749 -0.9961086 ]
expert:[ 0.89969575  0.99713016 -0.02645506 -0.99613726]
expert:[ 0.8988125   0.9970673  -0.02762293 -0.996163  ]
expert:[ 0.89795196  0.99700713 -0.02875545 -0.9961864 ]
expert:[ 0.897002    0.99693155 -0.02954424 -0.9961972 ]
expert:[ 0.89578164  0.99685913 -0.03097109 -0.9961985 ]
expert:[ 0.8942015   0.99678093 -0.03229078 -0.9961854 ]
expert:[ 0.89166254  0.9966885  -0.03331691 -0.99613297]
expert:[ 0.8889658   0.9965924  -0.03432233 -0.9960762 ]
expert:[ 0.8861218   0.9964926  -0.03531143 -0.9960156 ]
expert:[ 0.88314426  0.9963893  -0.03629192 -0.99595183]
expert:[ 0.87934214  0.99626946 -0.03960342 -0.9958465 ]
expert:[ 0.87495023  0.99613714 -0.04431909 -0.99571306]
expert:[ 0.87037355  0.99599975 -0.04905092 -0.99557406]
expert:[ 0.86560845  0.99585724 -0.05379541 -0.99542946]
expert:[ 0.86065143  0.99570936 -0.05854552 -0.9952791 ]
expert:[ 0.8554506   0.9955547  -0.06342189 -0.99512357]
expert:[ 0.8499477   0.99537873 -0.06850543 -0.99496317]
expert:[ 0.8442065   0.9951922  -0.07363654 -0.9947967 ]
expert:[ 0.8382362  0.9949976 -0.0787878 -0.9946239]
expert:[ 0.8315448   0.9947855  -0.08395126 -0.9944269 ]
expert:[ 0.8232019   0.99453634 -0.08968618 -0.99416804]
expert:[ 0.81542987  0.9943136  -0.09521379 -0.99390966]
expert:[ 0.8082553   0.99410015 -0.10054041 -0.99367356]
expert:[ 0.80106723  0.9938821  -0.10588305 -0.99343777]
expert:[ 0.79357517  0.9936538  -0.11128401 -0.99319124]
expert:[ 0.78563714  0.9934122  -0.11675358 -0.9929283 ]
expert:[ 0.7783673   0.9931545  -0.12273689 -0.99265736]
expert:[ 0.77121854  0.9929078  -0.13118294 -0.9923425 ]
expert:[ 0.7639338   0.9926534  -0.13960291 -0.99201727]
expert:[ 0.75725573  0.9924101  -0.14760637 -0.991718  ]
expert:[ 0.7506044   0.9921633  -0.1555092  -0.99141705]
expert:[ 0.743532    0.9919007  -0.16357945 -0.9910922 ]
expert:[ 0.7358855   0.99161756 -0.1718891  -0.99073493]
expert:[ 0.72765577  0.9913132  -0.18041116 -0.99034345]
expert:[ 0.71888417  0.9909885  -0.18908894 -0.9899184 ]
expert:[ 0.7096244   0.99064463 -0.19786371 -0.9894612 ]
expert:[ 0.700788    0.99029773 -0.20657441 -0.98900366]
expert:[ 0.69478065  0.9899879  -0.21483089 -0.98863447]
expert:[ 0.68862075  0.9896669  -0.22306708 -0.98824877]
expert:[ 0.6823186   0.98933464 -0.23126996 -0.98784655]
expert:[ 0.6758794   0.98899126 -0.2394292  -0.98742765]
expert:[ 0.66930705  0.9886366  -0.2475385  -0.9869917 ]
expert:[ 0.6591141   0.9881422  -0.25800744 -0.9863183 ]
expert:[ 0.6483278   0.9876144  -0.268606   -0.98558676]
expert:[ 0.63726264  0.98706406 -0.27910328 -0.9848147 ]
expert:[ 0.62593037  0.986491   -0.28948313 -0.9840006 ]
expert:[ 0.61434054  0.98589504 -0.29973328 -0.98314315]
expert:[ 0.6025045   0.985276   -0.30984327 -0.9822408 ]
expert:[ 0.5903396   0.98462045 -0.32033312 -0.98127615]
expert:[ 0.577915   0.9839339 -0.3309473 -0.9802532]
expert:[ 0.5657716   0.98324513 -0.34114826 -0.9792227 ]
expert:[ 0.5536076   0.982542   -0.35104388 -0.97815865]
expert_success: 1.0
path_length: 150
