/var/lib/slurm/slurmd/job3515597/slurm_script: line 9: batch_scripts/MT50_batch/seed.sh: No such file or directory
SLURM_JOBID=3515597
working directory=/viscam/u/jialugao/Imitation-SoftModule
########################
logging outputs to  /viscam/u/jialugao/Imitation-SoftModule/data/Base_bc_reach_drawer-open-v1_2640.000125-01-2022_23-02-07
########################
{'expert_policy_file': '../Multi-Task-RL/log/MT50_Single_Task/drawer-open-v1/Fixed/238/model/model_pf_best.pth', 'exp_name': 'bc_reach', 'do_dagger': False, 'ep_len': 200, 'gradient_steps': 1, 'n_iter': 10000, 'render_interval': 1, 'eval_interval': 200, 'batch_size': 64, 'eval_batch_size': 32, 'train_batch_size': 32, 'n_layers': 2, 'size': 400, 'learning_rate': 0.0001, 'video_log_freq': -1, 'scalar_log_freq': 1, 'no_gpu': False, 'which_gpu': 0, 'max_replay_buffer_size': 1000000, 'save_params': False, 'seed': 32, 'worker_nums': 1, 'eval_worker_nums': 1, 'config': 'config/BC.json', 'no_cuda': True, 'random_init': False, 'device': 'cpu', 'id': 'MT50_Single_Task', 'task_name': 'drawer-open-v1', 'task_env': 'MT50_task_env', 'cuda': False, 'log_dir': '/viscam/u/jialugao/Imitation-SoftModule/data/Base_bc_reach_drawer-open-v1_2640.000125-01-2022_23-02-07', 'agent_class': <class 'agents.bc_agent.MLPAgent'>, 'agent_params': {'n_layers': 2, 'size': 400, 'learning_rate': 0.0001, 'max_replay_buffer_size': 1000000, 'discrete': False, 'ac_dim': 4, 'ob_dim': 9}}
{'env_name': 'single_task', 'env': {'reward_scale': 1, 'obs_norm': False}, 'meta_env': {'obs_type': 'with_goal', 'random_init': False}, 'replay_buffer': {'size': 1000000.0}, 'net': {'hidden_shapes': [400, 400], 'append_hidden_shapes': [400], 'base_type': <class 'networks.base.MLPBase'>}, 'general_setting': {'discount': 0.99, 'pretrain_epochs': 20, 'num_epochs': 7500, 'epoch_frames': 200, 'max_episode_frames': 200, 'batch_size': 1280, 'min_pool': 10000, 'target_hard_update_period': 1000, 'use_soft_update': True, 'tau': 0.005, 'opt_times': 200, 'eval_episodes': 100, 'train_render': False, 'eval_render': False, 'env': <NormAct<RewardShift<SingleWrapperNone>>>, 'logger': <utils.logger.Logger object at 0x7f3216425ad0>, 'device': device(type='cpu')}, 'sac': {'plr': 0.0003, 'qlr': 0.0003, 'reparameterization': True, 'automatic_entropy_tuning': True, 'policy_std_reg_weight': 0, 'policy_mean_reg_weight': 0}}
Loading expert policy from... ../Multi-Task-RL/log/MT50_Single_Task/drawer-open-v1/Fixed/238/model/model_pf_best.pth
tensor([[-0.0200, -0.0195, -0.0478,  ..., -0.0365, -0.0213, -0.0672],
        [-0.0069, -0.0522, -0.0370,  ...,  0.0090, -0.0164, -0.0860],
        [-0.0394, -0.0863, -0.0633,  ..., -0.0016, -0.0349, -0.0567],
        ...,
        [-0.1199, -0.4680, -0.1610,  ...,  0.0400,  0.0934,  0.0982],
        [-0.0271, -0.0478, -0.0533,  ..., -0.0461, -0.0034, -0.0289],
        [ 0.0069, -0.0174, -0.0727,  ..., -0.0211, -0.0660, -0.0341]])
Done restoring expert policy...
<NormAct<RewardShift<AugObs<SawyerDrawerOpenEnv instance>>>>


-------------------------------- Iteration 0 -------------------------------- 
initial ob: [-0.03445723  0.50704204  0.23981373  0.          0.69999998  0.09
  0.          0.55        0.04        0.          0.55        0.04      ]
expert:[-0.96706957  0.98903126  0.34249625  0.8838129 ]
expert:[-0.9902913  0.9937287 -0.5274652  0.9774162]
expert:[-0.9929837   0.99663305 -0.84411806  0.9773706 ]
expert:[-0.9898653   0.99693453 -0.8756035   0.9194125 ]
expert:[-0.9162883   0.9956799  -0.77365595 -0.5230192 ]
expert:[ 0.9744072   0.9955539  -0.92082775 -0.9693314 ]
expert:[ 0.972103   0.9963636 -0.8879467 -0.9692828]
expert:[ 0.9711818   0.99383634 -0.27061287 -0.9230398 ]
expert:[ 0.91943645  0.9945928   0.92394423 -0.55684173]
expert:[8.3921134e-01 9.9112117e-01 9.6423846e-01 9.7469584e-04]
expert:[0.53483546 0.98141253 0.9356762  0.4774954 ]
expert:[-0.6410268   0.9827693   0.77297163  0.74723315]
expert:[-0.7584591   0.97119707 -0.6916432   0.9166273 ]
expert:[ 0.5006693   0.28203982 -0.87815887  0.7823496 ]
expert:[ 0.9752938  -0.96730095 -0.9049289  -0.018231  ]
expert:[ 0.9757221  -0.97003    -0.9368397   0.09815337]
expert:[ 0.2106564   0.56943756 -0.92621356  0.7798229 ]
expert:[-0.75390196  0.85404515 -0.7888653   0.39590418]
expert:[-0.21769904  0.19613548 -0.19906029 -0.07597165]
expert:[-0.508384    0.3498458   0.9261275   0.65698206]
expert:[-0.7666793   0.57669353  0.98994076  0.9230624 ]
expert:[-0.8276227   0.6570917   0.99400276  0.9496422 ]
expert:[-0.8214721   0.70575017  0.9947307   0.9456538 ]
expert:[-0.78441983  0.72404975  0.9931275   0.9215055 ]
expert:[-0.55150414  0.6382871   0.961619    0.74346244]
expert:[ 0.6058537  -0.05068112 -0.41126    -0.06108563]
expert:[ 0.7469475 -0.9531835 -0.9489961 -0.815553 ]
expert:[ 0.6575955  -0.9903617  -0.96775657 -0.9039539 ]
expert:[ 0.63649005 -0.9921682  -0.96718645 -0.90312654]
expert:[ 0.64931595 -0.9890721  -0.9586467  -0.8760827 ]
expert:[ 0.67008996 -0.9828645  -0.9477041  -0.83061963]
expert:[ 0.683127   -0.9746597  -0.93520015 -0.77578455]
expert:[ 0.7052325  -0.96426225 -0.92005295 -0.71209073]
expert:[ 0.7201039 -0.9542124 -0.9095228 -0.6591094]
expert:[ 0.7298744  -0.94528544 -0.9020017  -0.61990124]
expert:[ 0.7320289 -0.9378928 -0.8971258 -0.5927663]
expert:[ 0.73357356 -0.9324159  -0.89457947 -0.57536155]
expert:[ 0.733909   -0.9289746  -0.89402246 -0.56956047]
expert:[ 0.7343494  -0.9263228  -0.89354324 -0.56751984]
expert:[ 0.7360826  -0.92155623 -0.891554   -0.5552701 ]
expert:[ 0.8024196  -0.7558616  -0.8096148  -0.20111896]
expert:[-0.89729583  0.4879926   0.99549466  0.9825027 ]
expert:[-0.9399161   0.03683013  0.96566653  0.7648991 ]
expert:[-0.9738495  -0.11549973  0.9841616   0.681506  ]
expert:[-0.9810342  -0.23167762  0.98844975  0.68583846]
expert:[-0.98216325 -0.24536696  0.99045324  0.6938687 ]
expert:[-0.98201394 -0.26399636  0.99145067  0.7089682 ]
expert:[-0.9819219  -0.2789598   0.9915706   0.71381235]
expert:[-0.98153317 -0.28181568  0.991413    0.7168054 ]
expert:[-0.98096335 -0.27918535  0.9911833   0.72025824]
expert:[-0.9797987  -0.27737305  0.9907143   0.72757894]
expert:[-0.97747487 -0.2804569   0.9898493   0.7417706 ]
expert:[-0.9738688  -0.28029823  0.9896376   0.7604068 ]
expert:[-0.9702586  -0.2145384   0.99215436  0.7809275 ]
expert:[-0.96525216 -0.14583966  0.9952228   0.81752527]
expert:[-0.960669   -0.01741062  0.9974923   0.8621714 ]
expert:[-0.9581193   0.13480547  0.9984529   0.91281   ]
expert:[-0.94869804  0.5493209   0.9989801   0.89710164]
expert:[-0.97873706  0.9830223   0.99954903  0.9575655 ]
expert:[0.33339533 0.992436   0.9980769  0.85642564]
expert:[ 0.9727441  0.9771759  0.8079248 -0.9012027]
expert:[ 0.9848265 -0.9912281 -0.9810189 -0.9749904]
expert:[ 0.9718084  -0.98969185 -0.9937946  -0.9708582 ]
expert:[ 0.96641845 -0.9864924  -0.99524915 -0.9716468 ]
expert:[ 0.96746755 -0.98269176 -0.99473053 -0.977161  ]
expert:[ 0.97337383 -0.9763093  -0.9933424  -0.9822385 ]
expert:[ 0.98504555 -0.95514905 -0.99013454 -0.98701876]
expert:[ 0.9938783 -0.730258  -0.9860828 -0.995591 ]
expert:[ 0.9896441   0.9629277  -0.96967113 -0.9970045 ]
expert:[ 0.9842118   0.99431914 -0.9536981  -0.98522913]
expert:[-0.9025427  0.9960627 -0.7011998 -0.9113679]
expert:[-0.96737194  0.9955337  -0.7020065  -0.85444266]
expert:[-0.9796448   0.9968404   0.74641913 -0.9196958 ]
expert:[-0.9801554   0.99777436  0.99100035 -0.90525234]
expert:[-0.9809846   0.99583906  0.9972667  -0.8976923 ]
expert:[-0.70783186  0.9953995   0.9937613  -0.70107603]
expert:[ 0.88524896  0.9948778   0.95353454 -0.36774313]
expert:[ 0.9807468  0.9189041 -0.0368084 -0.9659501]
expert:[ 0.99262124 -0.9079825  -0.79377174 -0.99171984]
expert:[ 0.9916219  -0.9936059  -0.8417334  -0.99370414]
expert:[ 0.9934755  -0.99666107 -0.82269126 -0.9928745 ]
expert:[ 0.99111384 -0.9736401  -0.75211626 -0.98223406]
expert:[ 0.97136587  0.75028956 -0.7620059  -0.6685485 ]
expert:[-0.98124874  0.99803376 -0.7507331   0.72935134]
expert:[-0.9902231   0.9953455  -0.56902707  0.88197863]
expert:[-0.98675215  0.99392754  0.8884631   0.91933113]
expert:[-0.9901407   0.99542356  0.99478936  0.9462833 ]
expert:[-0.9920345   0.99575     0.9978113   0.95727736]
expert:[-0.9918382   0.9953387   0.99756336  0.9518914 ]
expert:[-0.99220055  0.99532294  0.9975866   0.9482938 ]
expert:[-0.99269044  0.9954449   0.9977067   0.94566983]
expert:[-0.9932059   0.9954911   0.99775165  0.93981767]
expert:[-0.9937511   0.9953574   0.99766827  0.92862386]
expert:[-0.99418604  0.9938973   0.9960527   0.8747017 ]
expert:[-0.99442506  0.99314046  0.9948567   0.83359206]
expert:[-0.9947456   0.9926054   0.99365544  0.8008017 ]
expert:[ 0.9900872  -0.9962699  -0.7392406  -0.92847085]
expert:[ 0.73069406 -0.99700946 -0.90821236 -0.9674551 ]
expert:[ 0.4582707  -0.97604775 -0.8434314  -0.701214  ]
expert:[ 0.62439805 -0.9475051  -0.76613873 -0.36575896]
expert:[ 0.6661207  -0.9440413  -0.7590752  -0.20931664]
expert:[ 0.6482084  -0.9450789  -0.75786906 -0.1151465 ]
expert:[ 0.5896985  -0.9471101  -0.7471941  -0.07198478]
expert:[ 0.50863975 -0.95275444 -0.73493534 -0.05389231]
expert:[ 0.45719972 -0.9620417  -0.7348288  -0.04012812]
expert:[ 0.44754586 -0.9719674  -0.740553   -0.09185726]
expert:[ 0.35228464 -0.98494685 -0.7755354  -0.338305  ]
expert:[ 0.38494405 -0.9925382  -0.81612885 -0.56028074]
expert:[ 0.41965523 -0.9928547  -0.80744207 -0.60978544]
expert:[ 0.48559076 -0.99300164 -0.8076015  -0.6670957 ]
expert:[ 0.562799   -0.99286425 -0.8038446  -0.7285361 ]
expert:[ 0.7421338  -0.99159205 -0.7120968  -0.83638483]
expert:[ 0.8570854  -0.98687094 -0.5047721  -0.8705876 ]
expert:[ 0.8894828  -0.9803979  -0.2863883  -0.88565755]
expert:[ 0.89665484 -0.97749376 -0.17539185 -0.8817476 ]
expert:[ 0.90497774 -0.97537583 -0.09344272 -0.8851914 ]
expert:[ 0.91589427 -0.9731289   0.03741198 -0.8949998 ]
expert:[ 0.93254    -0.97180223  0.17937256 -0.9039199 ]
expert:[ 0.9553524  -0.96809924  0.33754343 -0.894607  ]
expert:[ 0.9674149  -0.9604516   0.45295963 -0.8891673 ]
expert:[ 0.9716612  -0.9326359   0.5286087  -0.89492124]
expert:[ 0.9719332  -0.8403276   0.61915857 -0.8905843 ]
expert:[ 0.9696172 -0.51959    0.7011156 -0.8736452]
expert:[ 0.9644725  0.1857459  0.7853957 -0.8466357]
expert:[ 0.95166844  0.73934835  0.8313333  -0.7737609 ]
expert:[ 0.91135174  0.96447515  0.87338203 -0.5150811 ]
expert:[ 0.7992686   0.98551434  0.8409182  -0.06438174]
expert:[-0.33699065  0.99378794  0.7469575   0.04335489]
expert:[-0.9864949   0.995122    0.03607798  0.23460853]
expert:[-0.98976517  0.99446976 -0.78035533  0.81654686]
expert:[-0.992989    0.9991477  -0.95849943  0.9584898 ]
expert:[-0.987792    0.9992102  -0.40735683  0.88862944]
expert:[-0.9773487  0.5932581  0.9610057  0.7394246]
expert:[-0.9750466  -0.8337554   0.9901851   0.93720543]
expert:[-0.979322   -0.83599746  0.99356824  0.9618464 ]
expert:[-0.9832855  -0.8309657   0.99368894  0.9704857 ]
expert:[-0.98388183 -0.83101153  0.9924149   0.97511953]
expert:[-0.97823745 -0.6176142   0.9837995   0.9718736 ]
expert:[-0.9797163   0.74929196  0.6495058   0.95268416]
expert:[-0.9810511   0.99372536 -0.9245611   0.95056224]
expert:[-0.99426913  0.9982605  -0.9874064   0.97130847]
expert:[-0.9942544  0.9975778 -0.9884185  0.9690449]
expert:[-0.9889392   0.99297833 -0.9805378   0.93113047]
expert:[-0.8871102   0.86969495 -0.9367607   0.32430717]
expert:[ 0.93771315 -0.8150538  -0.8296018  -0.98062354]
expert:[ 0.9947301  -0.9930917  -0.91238225 -0.99507403]
expert:[ 0.9961942 -0.9775988 -0.8962407 -0.9950415]
expert:[ 0.99159217  0.04914201 -0.867755   -0.9850097 ]
expert:[ 0.96518403  0.96723074 -0.83541137 -0.89230424]
expert:[-0.7445178   0.9966109  -0.4918356  -0.48024338]
expert_success: 1.0
path_length: 150
