/var/lib/slurm/slurmd/job3513874/slurm_script: line 9: batch_scripts/MT50_batch/seed.sh: No such file or directory
SLURM_JOBID=3513874
working directory=/viscam/u/jialugao/Imitation-SoftModule
########################
logging outputs to  /viscam/u/jialugao/Imitation-SoftModule/data/Base_bc_reach_lever-pull-v1_2640.000124-01-2022_18-56-22
########################
{'expert_policy_file': '../Multi-Task-RL/log/MT50_Single_Task/lever-pull-v1/Fixed/238/model/model_pf_best.pth', 'exp_name': 'bc_reach', 'do_dagger': False, 'ep_len': 200, 'gradient_steps': 1, 'n_iter': 10000, 'render_interval': 1, 'eval_interval': 200, 'batch_size': 64, 'eval_batch_size': 32, 'train_batch_size': 32, 'n_layers': 2, 'size': 400, 'learning_rate': 0.0001, 'video_log_freq': -1, 'scalar_log_freq': 1, 'no_gpu': False, 'which_gpu': 0, 'max_replay_buffer_size': 1000000, 'save_params': False, 'seed': 32, 'worker_nums': 1, 'eval_worker_nums': 1, 'config': 'config/BC.json', 'no_cuda': True, 'random_init': False, 'device': 'cpu', 'id': 'MT50_Single_Task', 'task_name': 'lever-pull-v1', 'task_env': 'MT50_task_env', 'cuda': False, 'log_dir': '/viscam/u/jialugao/Imitation-SoftModule/data/Base_bc_reach_lever-pull-v1_2640.000124-01-2022_18-56-22', 'agent_class': <class 'agents.bc_agent.MLPAgent'>, 'agent_params': {'n_layers': 2, 'size': 400, 'learning_rate': 0.0001, 'max_replay_buffer_size': 1000000, 'discrete': False, 'ac_dim': 4, 'ob_dim': 9}}
{'env_name': 'single_task', 'env': {'reward_scale': 1, 'obs_norm': False}, 'meta_env': {'obs_type': 'with_goal', 'random_init': False}, 'replay_buffer': {'size': 1000000.0}, 'net': {'hidden_shapes': [400, 400], 'append_hidden_shapes': [400], 'base_type': <class 'networks.base.MLPBase'>}, 'general_setting': {'discount': 0.99, 'pretrain_epochs': 20, 'num_epochs': 7500, 'epoch_frames': 200, 'max_episode_frames': 200, 'batch_size': 1280, 'min_pool': 10000, 'target_hard_update_period': 1000, 'use_soft_update': True, 'tau': 0.005, 'opt_times': 200, 'eval_episodes': 100, 'train_render': False, 'eval_render': False, 'env': <NormAct<RewardShift<SingleWrapperNone>>>, 'logger': <utils.logger.Logger object at 0x7ff9fffc3d50>, 'device': device(type='cpu')}, 'sac': {'plr': 0.0003, 'qlr': 0.0003, 'reparameterization': True, 'automatic_entropy_tuning': True, 'policy_std_reg_weight': 0, 'policy_mean_reg_weight': 0}}
Loading expert policy from... ../Multi-Task-RL/log/MT50_Single_Task/lever-pull-v1/Fixed/238/model/model_pf_best.pth
tensor([[ 0.7791, -0.1147, -0.4861,  ..., -0.0365,  0.0292, -0.0419],
        [ 0.5869, -0.1965, -0.4363,  ...,  0.0090,  0.0328, -0.0397],
        [ 0.0122, -0.2500, -0.2298,  ..., -0.0016,  0.0384, -0.0374],
        ...,
        [ 0.2060, -0.1641,  0.5332,  ...,  0.0400, -0.0265,  0.0136],
        [-0.1151, -0.0812, -0.4843,  ..., -0.0461,  0.0599,  0.0026],
        [ 0.1166, -0.0167, -0.0944,  ..., -0.0211, -0.0608,  0.0647]])
Done restoring expert policy...
<NormAct<RewardShift<AugObs<SawyerLeverPullEnv instance>>>>


-------------------------------- Iteration 0 -------------------------------- 
initial ob: [-0.03445708  0.5070419   0.23981725  0.          0.59855685  0.07018032
  0.          0.75       -0.12        0.          0.75       -0.12      ]
expert:[ 0.91106325 -0.95211643 -0.7765963   0.85390645]
expert:[ 0.753001  -0.9788196 -0.9561516  0.9292061]
expert:[-0.965489   -0.9624606  -0.96557546  0.78269696]
expert:[-0.6946526   0.30913404 -0.97408354 -0.8869178 ]
expert:[ 0.37065753  0.97051436 -0.9633441  -0.9805788 ]
expert:[ 0.74125725  0.97885793 -0.94053286 -0.9782325 ]
expert:[ 0.6381647  0.9380641 -0.9189832 -0.9535059]
expert:[ 0.18171872  0.74478143 -0.8678838  -0.86568135]
expert:[-0.23547807  0.11508121 -0.7110666  -0.5856029 ]
expert:[-0.27108565 -0.28231037 -0.4249079  -0.27901945]
expert:[-0.26398218 -0.3477607  -0.22339697 -0.12136521]
expert:[-0.27911764 -0.33776447 -0.17234421 -0.05668118]
expert:[-0.27657887 -0.29998443 -0.17086649 -0.03392944]
expert:[-0.27293098 -0.2602739  -0.18728976 -0.03677055]
expert:[-0.26509112 -0.21789551 -0.21417008 -0.04264957]
expert:[-0.2544916  -0.17357548 -0.24456689 -0.04906393]
expert:[-0.24904034 -0.15628389 -0.26007292 -0.05296234]
expert:[-0.24507424 -0.15221575 -0.2686643  -0.05536198]
expert:[-0.24097325 -0.15102017 -0.27647525 -0.05785418]
expert:[-0.23129727 -0.13502428 -0.29612374 -0.06436387]
expert:[-0.22286285 -0.12186712 -0.3104234  -0.06932058]
expert:[-0.21781914 -0.11674623 -0.31835175 -0.07253708]
expert:[-0.20523089 -0.08671631 -0.33920804 -0.07914378]
expert:[-0.19995624 -0.0782557  -0.34668574 -0.08188263]
expert:[-0.19725119 -0.07607826 -0.35124174 -0.08360627]
expert:[-0.1951768  -0.07505605 -0.35503075 -0.08504917]
expert:[-0.19334942 -0.07413437 -0.35835683 -0.08631841]
expert:[-0.19173872 -0.07309005 -0.36118764 -0.08739917]
expert:[-0.17062394 -0.04661932 -0.37212202 -0.09592576]
expert:[-0.13201384 -0.0062098  -0.38443267 -0.11365107]
expert:[-0.11009245  0.00896226 -0.39512208 -0.12600957]
expert:[-0.0934657   0.0173529  -0.40474504 -0.13554531]
expert:[-0.07998239  0.02320329 -0.4133051  -0.14338979]
expert:[-0.0682461   0.02827768 -0.42064026 -0.15016863]
expert:[-0.05745354  0.03316059 -0.426898   -0.15625896]
expert:[-0.04770523  0.03792435 -0.4324292  -0.16132341]
expert:[-0.03903509  0.0423285  -0.43683168 -0.16562863]
expert:[-0.0303619   0.04651839 -0.44051853 -0.16963308]
expert:[-0.02708641  0.04864816 -0.44161716 -0.17107414]
expert:[-0.02717834  0.04975569 -0.44100317 -0.17095067]
expert:[ 0.2567397   0.23683824 -0.46297225 -0.2923535 ]
expert:[ 0.364519    0.30725718 -0.47414118 -0.34251368]
expert:[ 0.40066907  0.33024672 -0.48748985 -0.36262238]
expert:[ 0.42145798  0.3413656  -0.5023343  -0.37507474]
expert:[ 0.43673852  0.34863    -0.51589054 -0.3845689 ]
expert:[ 0.44556448  0.35116887 -0.52695143 -0.39037699]
expert:[ 0.44922417  0.34660697 -0.53854805 -0.39360833]
expert:[ 0.44683325  0.33116138 -0.55295753 -0.39367008]
expert:[ 0.43764248  0.3034511  -0.57085073 -0.39040342]
expert:[ 0.4191035  0.2629481 -0.5910657 -0.3836602]
expert:[ 0.3884393   0.20285538 -0.61041164 -0.37211004]
expert:[ 0.34324482  0.11621147 -0.6256233  -0.3539098 ]
expert:[ 0.29794228  0.0299184  -0.6368618  -0.33772963]
expert:[ 0.25671834 -0.04752294 -0.6434613  -0.32539156]
expert:[ 0.21038897 -0.12189909 -0.64321595 -0.3114064 ]
expert:[ 0.16804822 -0.18354255 -0.6400408  -0.29842505]
expert:[ 0.15098476 -0.21500196 -0.6406283  -0.29505417]
expert:[ 0.14488554 -0.2214556  -0.6389447  -0.2928164 ]
expert:[ 0.15458846 -0.20142378 -0.6381859  -0.2941285 ]
expert:[ 0.18131328 -0.15721871 -0.6380602  -0.3009259 ]
expert:[ 0.21526696 -0.09958228 -0.6385868  -0.3100925 ]
expert:[ 0.23789228 -0.04182035 -0.6307698  -0.31412622]
expert:[ 0.25358245  0.00956251 -0.61807936 -0.3165527 ]
expert:[ 0.27188534  0.05990212 -0.60610723 -0.3203705 ]
expert:[ 0.27704674  0.09942502 -0.59073305 -0.31869453]
expert:[ 0.28003228  0.13595103 -0.5772183  -0.318238  ]
expert:[ 0.27341476  0.15397845 -0.563954   -0.3136839 ]
expert:[ 0.25390133  0.15300258 -0.5511511  -0.30351913]
expert:[ 0.23253947  0.14391325 -0.54171526 -0.29261717]
expert:[ 0.21081476  0.12852824 -0.53577286 -0.2818968 ]
expert:[ 0.18414666  0.10773743 -0.5307315  -0.2699606 ]
expert:[ 0.1626326   0.08585566 -0.52908015 -0.261156  ]
expert:[ 0.13891174  0.05583822 -0.528082   -0.25167936]
expert:[ 0.12825038  0.0313711  -0.5319511  -0.24845332]
expert:[ 0.10519797  0.00079517 -0.53147286 -0.23970392]
expert:[ 0.08260927 -0.02783238 -0.53060377 -0.23104542]
expert:[ 0.06331779 -0.05180803 -0.5296871  -0.22360519]
expert:[ 0.04506399 -0.07159279 -0.5277345  -0.21630834]
expert:[ 0.03116063 -0.08477191 -0.52542543 -0.21052937]
expert:[ 0.01622003 -0.09402419 -0.52097696 -0.20383488]
expert:[ 0.00774113 -0.09527117 -0.516706   -0.19967377]
expert:[ 0.00294364 -0.09022447 -0.51185304 -0.19669366]
expert:[-0.00410061 -0.08274829 -0.5047314  -0.19232917]
expert:[-0.00597008 -0.06983683 -0.4982132  -0.19005439]
expert:[-0.00548344 -0.05337112 -0.49137127 -0.18860908]
expert:[-0.00981019 -0.03842504 -0.48232204 -0.18482639]
expert:[-0.00890991 -0.02035343 -0.47473687 -0.18338871]
expert:[-0.01334081 -0.00571857 -0.4655745  -0.17963165]
expert:[-0.0190285   0.00524164 -0.45663828 -0.17554647]
expert:[-0.02701772  0.01165659 -0.4476565  -0.17093085]
expert:[-0.03995322  0.014443   -0.43847457 -0.16459456]
expert:[-0.04587309  0.01853391 -0.43229097 -0.16133575]
expert:[-0.05730811  0.01753867 -0.4251442  -0.15539503]
expert:[-0.06257879  0.0180977  -0.42111948 -0.152277  ]
expert:[-0.07263427  0.0144432  -0.41610897 -0.1468291 ]
expert:[-0.07879173  0.01180257 -0.41316792 -0.14350711]
expert:[-0.08620629  0.00758076 -0.41009605 -0.1395684 ]
expert:[-0.09506464  0.00180682 -0.4068157  -0.1349125 ]
expert:[-0.09799974 -0.00072323 -0.40590972 -0.13340105]
expert:[-0.10436677 -0.00532345 -0.403529   -0.13010432]
expert:[-0.1097062  -0.00930747 -0.40137252 -0.12718026]
expert:[-0.1107457  -0.01030823 -0.40095064 -0.12660232]
expert:[-0.1156207  -0.0132433  -0.39861035 -0.12385841]
expert:[-0.12008955 -0.01548444 -0.39620444 -0.12132724]
expert:[-0.12048329 -0.0147904  -0.39546353 -0.12100329]
expert:[-0.12380087 -0.01515424 -0.39281207 -0.11903988]
expert:[-0.1273382  -0.01541856 -0.3900097  -0.11690736]
expert:[-0.13028277 -0.01512293 -0.38739452 -0.11505543]
expert:[-0.12995481 -0.01263767 -0.38642213 -0.11495952]
expert:[-0.13278317 -0.0118067  -0.38359272 -0.11305659]
expert:[-0.13563803 -0.01085076 -0.380908   -0.11112019]
expert:[-0.13804035 -0.00963216 -0.37859353 -0.10940931]
expert:[-0.13748944 -0.00672511 -0.37777984 -0.10939328]
expert:[-0.13911472 -0.00510901 -0.37584633 -0.10811539]
expert:[-0.14138065 -0.00413286 -0.37373564 -0.10651306]
expert:[-0.14331165 -0.00320439 -0.37190774 -0.10514025]
expert:[-0.1448631  -0.00228957 -0.370371   -0.10401722]
expert:[-0.14485852 -0.00066064 -0.36969316 -0.10381383]
expert:[-0.14432211  0.00119387 -0.36926264 -0.10390522]
expert:[-0.14582922  0.00148913 -0.36794782 -0.10286143]
expert:[-0.14712526  0.00155271 -0.36687467 -0.10198629]
expert:[-0.14799374  0.00158676 -0.36613074 -0.10139827]
expert:[-0.14858213  0.00157785 -0.36564523 -0.10100613]
expert:[-0.14895916  0.00152263 -0.36535892 -0.10076278]
expert:[-0.14917377  0.00142582 -0.36522788 -0.10063434]
expert:[-0.149257    0.0012991  -0.36522076 -0.10059845]
expert:[-0.14922911  0.00115618 -0.36531505 -0.10063975]
expert:[-0.14910348  0.00101145 -0.36549345 -0.10074756]
expert:[-0.14888918  0.00087614 -0.36574385 -0.1009144 ]
expert:[-0.14859258  0.00076279 -0.36605576 -0.10113443]
expert:[-0.14821874  0.00067727 -0.36642238 -0.10140362]
expert:[-0.14777124  0.00062649 -0.36683786 -0.10171855]
expert:[-0.14725278  0.00061361 -0.3672985  -0.10207716]
expert:[-0.14666553  0.00064237 -0.3678009  -0.10247737]
expert:[-0.14595078  0.00072871 -0.36835396 -0.10295102]
expert:[-0.14513996  0.0008617  -0.36895207 -0.10348098]
expert:[-0.1442235   0.00104225 -0.36960372 -0.10407132]
expert:[-0.14318982  0.00126515 -0.37031624 -0.10472863]
expert:[-0.14208075  0.00151984 -0.37107313 -0.10543145]
expert:[-0.14089765  0.0017993  -0.37187597 -0.10617965]
expert:[-0.13964148  0.00209623 -0.37272695 -0.1069734 ]
expert:[-0.13831356  0.00240466 -0.37362733 -0.10781258]
expert:[-0.13691461  0.00271852 -0.37457874 -0.10869732]
expert:[-0.13544576  0.00303212 -0.37558255 -0.10962749]
expert:[-0.13382958  0.00333727 -0.3767153  -0.1106557 ]
expert:[-0.13210547  0.00363257 -0.37794003 -0.11175565]
expert:[-0.13030969  0.00391258 -0.37922478 -0.11290381]
expert:[-0.12835899  0.00419884 -0.38058123 -0.11413717]
expert:[-0.12626898  0.00448398 -0.38200715 -0.11544866]
expert:[-0.12393149  0.00491804 -0.3835767  -0.11689113]
expert_success: 0
path_length: 150



-------------------------------- Iteration 0 -------------------------------- 
initial ob: [-0.03445708  0.5070419   0.23981725  0.          0.59855685  0.07018032
  0.          0.75       -0.12        0.          0.75       -0.12      ]
agent_success: 0

training time:  0.2074291706085205
evaluation time:  6.846322536468506
epoch time:  7.05377984046936


-------------------------------- Iteration 200 -------------------------------- 
initial ob: [-0.03445708  0.5070419   0.23981725  0.          0.59855685  0.07018032
  0.          0.75       -0.12        0.          0.75       -0.12      ]
agent_success: 0

training time:  0.0023620128631591797
evaluation time:  8.409737586975098
epoch time:  8.41212797164917


-------------------------------- Iteration 400 -------------------------------- 
initial ob: [-0.03445708  0.5070419   0.23981725  0.          0.59855685  0.07018032
  0.          0.75       -0.12        0.          0.75       -0.12      ]
agent_success: 0

training time:  0.0023336410522460938
evaluation time:  7.3270039558410645
epoch time:  7.329363822937012


-------------------------------- Iteration 600 -------------------------------- 
initial ob: [-0.03445708  0.5070419   0.23981725  0.          0.59855685  0.07018032
  0.          0.75       -0.12        0.          0.75       -0.12      ]
agent_success: 0

training time:  0.0023136138916015625
evaluation time:  7.26253867149353
epoch time:  7.264873266220093


-------------------------------- Iteration 800 -------------------------------- 
initial ob: [-0.03445708  0.5070419   0.23981725  0.          0.59855685  0.07018032
  0.          0.75       -0.12        0.          0.75       -0.12      ]
agent_success: 0

training time:  0.002333402633666992
evaluation time:  7.246724367141724
epoch time:  7.249083757400513


-------------------------------- Iteration 1000 -------------------------------- 
initial ob: [-0.03445708  0.5070419   0.23981725  0.          0.59855685  0.07018032
  0.          0.75       -0.12        0.          0.75       -0.12      ]
agent_success: 0

training time:  0.002346515655517578
evaluation time:  7.328983545303345
epoch time:  7.33135986328125


-------------------------------- Iteration 1200 -------------------------------- 
initial ob: [-0.03445708  0.5070419   0.23981725  0.          0.59855685  0.07018032
  0.          0.75       -0.12        0.          0.75       -0.12      ]
agent_success: 0

training time:  0.0023238658905029297
evaluation time:  7.26195764541626
epoch time:  7.264312982559204


-------------------------------- Iteration 1400 -------------------------------- 
initial ob: [-0.03445708  0.5070419   0.23981725  0.          0.59855685  0.07018032
  0.          0.75       -0.12        0.          0.75       -0.12      ]
agent_success: 0

training time:  0.0023157596588134766
evaluation time:  7.282007217407227
epoch time:  7.284343481063843


-------------------------------- Iteration 1600 -------------------------------- 
initial ob: [-0.03445708  0.5070419   0.23981725  0.          0.59855685  0.07018032
  0.          0.75       -0.12        0.          0.75       -0.12      ]
agent_success: 0

training time:  0.0023484230041503906
evaluation time:  7.277835130691528
epoch time:  7.280206203460693


-------------------------------- Iteration 1800 -------------------------------- 
initial ob: [-0.03445708  0.5070419   0.23981725  0.          0.59855685  0.07018032
  0.          0.75       -0.12        0.          0.75       -0.12      ]
agent_success: 0

training time:  0.002335071563720703
evaluation time:  7.27171778678894
epoch time:  7.274072885513306


-------------------------------- Iteration 2000 -------------------------------- 
initial ob: [-0.03445708  0.5070419   0.23981725  0.          0.59855685  0.07018032
  0.          0.75       -0.12        0.          0.75       -0.12      ]
agent_success: 0

training time:  0.0023314952850341797
evaluation time:  7.300363063812256
epoch time:  7.302719593048096


-------------------------------- Iteration 2200 -------------------------------- 
initial ob: [-0.03445708  0.5070419   0.23981725  0.          0.59855685  0.07018032
  0.          0.75       -0.12        0.          0.75       -0.12      ]
agent_success: 0

training time:  0.002325296401977539
evaluation time:  7.280328273773193
epoch time:  7.282665491104126


-------------------------------- Iteration 2400 -------------------------------- 
initial ob: [-0.03445708  0.5070419   0.23981725  0.          0.59855685  0.07018032
  0.          0.75       -0.12        0.          0.75       -0.12      ]
agent_success: 0

training time:  0.002321481704711914
evaluation time:  7.305500030517578
epoch time:  7.307839870452881


-------------------------------- Iteration 2600 -------------------------------- 
initial ob: [-0.03445708  0.5070419   0.23981725  0.          0.59855685  0.07018032
  0.          0.75       -0.12        0.          0.75       -0.12      ]
agent_success: 0

training time:  0.0023343563079833984
evaluation time:  8.538224935531616
epoch time:  8.540576219558716


-------------------------------- Iteration 2800 -------------------------------- 
initial ob: [-0.03445708  0.5070419   0.23981725  0.          0.59855685  0.07018032
  0.          0.75       -0.12        0.          0.75       -0.12      ]
agent_success: 0

training time:  0.002339601516723633
evaluation time:  7.376811742782593
epoch time:  7.37918758392334


-------------------------------- Iteration 3000 -------------------------------- 
initial ob: [-0.03445708  0.5070419   0.23981725  0.          0.59855685  0.07018032
  0.          0.75       -0.12        0.          0.75       -0.12      ]
agent_success: 0

training time:  0.0023250579833984375
evaluation time:  8.525926113128662
epoch time:  8.528263092041016


-------------------------------- Iteration 3200 -------------------------------- 
initial ob: [-0.03445708  0.5070419   0.23981725  0.          0.59855685  0.07018032
  0.          0.75       -0.12        0.          0.75       -0.12      ]
agent_success: 0

training time:  0.0023431777954101562
evaluation time:  8.5337553024292
epoch time:  8.536115884780884


-------------------------------- Iteration 3400 -------------------------------- 
initial ob: [-0.03445708  0.5070419   0.23981725  0.          0.59855685  0.07018032
  0.          0.75       -0.12        0.          0.75       -0.12      ]
agent_success: 0

training time:  0.00241851806640625
evaluation time:  8.53555154800415
epoch time:  8.53799057006836


-------------------------------- Iteration 3600 -------------------------------- 
initial ob: [-0.03445708  0.5070419   0.23981725  0.          0.59855685  0.07018032
  0.          0.75       -0.12        0.          0.75       -0.12      ]
agent_success: 0

training time:  0.0023174285888671875
evaluation time:  8.58680534362793
epoch time:  8.589135646820068


-------------------------------- Iteration 3800 -------------------------------- 
initial ob: [-0.03445708  0.5070419   0.23981725  0.          0.59855685  0.07018032
  0.          0.75       -0.12        0.          0.75       -0.12      ]
agent_success: 0

training time:  0.002322673797607422
evaluation time:  9.392619371414185
epoch time:  9.394958734512329


-------------------------------- Iteration 4000 -------------------------------- 
initial ob: [-0.03445708  0.5070419   0.23981725  0.          0.59855685  0.07018032
  0.          0.75       -0.12        0.          0.75       -0.12      ]
agent_success: 0

training time:  0.0023376941680908203
evaluation time:  8.573590993881226
epoch time:  8.575948238372803


-------------------------------- Iteration 4200 -------------------------------- 
initial ob: [-0.03445708  0.5070419   0.23981725  0.          0.59855685  0.07018032
  0.          0.75       -0.12        0.          0.75       -0.12      ]
agent_success: 0

training time:  0.0023360252380371094
evaluation time:  8.524162292480469
epoch time:  8.526510000228882


-------------------------------- Iteration 4400 -------------------------------- 
initial ob: [-0.03445708  0.5070419   0.23981725  0.          0.59855685  0.07018032
  0.          0.75       -0.12        0.          0.75       -0.12      ]
agent_success: 0

training time:  0.002346038818359375
evaluation time:  7.348602294921875
epoch time:  7.350971937179565


-------------------------------- Iteration 4600 -------------------------------- 
initial ob: [-0.03445708  0.5070419   0.23981725  0.          0.59855685  0.07018032
  0.          0.75       -0.12        0.          0.75       -0.12      ]
agent_success: 0

training time:  0.0023279190063476562
evaluation time:  7.313785552978516
epoch time:  7.316125154495239


-------------------------------- Iteration 4800 -------------------------------- 
initial ob: [-0.03445708  0.5070419   0.23981725  0.          0.59855685  0.07018032
  0.          0.75       -0.12        0.          0.75       -0.12      ]
agent_success: 0

training time:  0.0023331642150878906
evaluation time:  8.639247179031372
epoch time:  8.641592979431152


-------------------------------- Iteration 5000 -------------------------------- 
initial ob: [-0.03445708  0.5070419   0.23981725  0.          0.59855685  0.07018032
  0.          0.75       -0.12        0.          0.75       -0.12      ]
agent_success: 0

training time:  0.0023345947265625
evaluation time:  8.604546308517456
epoch time:  8.606897830963135


-------------------------------- Iteration 5200 -------------------------------- 
initial ob: [-0.03445708  0.5070419   0.23981725  0.          0.59855685  0.07018032
  0.          0.75       -0.12        0.          0.75       -0.12      ]
agent_success: 0

training time:  0.0023508071899414062
evaluation time:  8.535264015197754
epoch time:  8.537644147872925


-------------------------------- Iteration 5400 -------------------------------- 
initial ob: [-0.03445708  0.5070419   0.23981725  0.          0.59855685  0.07018032
  0.          0.75       -0.12        0.          0.75       -0.12      ]
agent_success: 0

training time:  0.0023415088653564453
evaluation time:  8.62271523475647
epoch time:  8.625089883804321


-------------------------------- Iteration 5600 -------------------------------- 
initial ob: [-0.03445708  0.5070419   0.23981725  0.          0.59855685  0.07018032
  0.          0.75       -0.12        0.          0.75       -0.12      ]
agent_success: 0

training time:  0.002347707748413086
evaluation time:  8.497671127319336
epoch time:  8.500029802322388


-------------------------------- Iteration 5800 -------------------------------- 
initial ob: [-0.03445708  0.5070419   0.23981725  0.          0.59855685  0.07018032
  0.          0.75       -0.12        0.          0.75       -0.12      ]
agent_success: 0

training time:  0.002336263656616211
evaluation time:  8.522026777267456
epoch time:  8.524378538131714


-------------------------------- Iteration 6000 -------------------------------- 
initial ob: [-0.03445708  0.5070419   0.23981725  0.          0.59855685  0.07018032
  0.          0.75       -0.12        0.          0.75       -0.12      ]
agent_success: 0

training time:  0.0023267269134521484
evaluation time:  8.542572975158691
epoch time:  8.544911861419678


-------------------------------- Iteration 6200 -------------------------------- 
initial ob: [-0.03445708  0.5070419   0.23981725  0.          0.59855685  0.07018032
  0.          0.75       -0.12        0.          0.75       -0.12      ]
agent_success: 0

training time:  0.0023651123046875
evaluation time:  7.3304853439331055
epoch time:  7.3328633308410645


-------------------------------- Iteration 6400 -------------------------------- 
initial ob: [-0.03445708  0.5070419   0.23981725  0.          0.59855685  0.07018032
  0.          0.75       -0.12        0.          0.75       -0.12      ]
agent_success: 0

training time:  0.0024216175079345703
evaluation time:  8.604906558990479
epoch time:  8.607343912124634


-------------------------------- Iteration 6600 -------------------------------- 
initial ob: [-0.03445708  0.5070419   0.23981725  0.          0.59855685  0.07018032
  0.          0.75       -0.12        0.          0.75       -0.12      ]
agent_success: 0

training time:  0.002355813980102539
evaluation time:  9.168484210968018
epoch time:  9.170852184295654


-------------------------------- Iteration 6800 -------------------------------- 
initial ob: [-0.03445708  0.5070419   0.23981725  0.          0.59855685  0.07018032
  0.          0.75       -0.12        0.          0.75       -0.12      ]
agent_success: 0

training time:  0.002338886260986328
evaluation time:  8.557236671447754
epoch time:  8.559592485427856


-------------------------------- Iteration 7000 -------------------------------- 
initial ob: [-0.03445708  0.5070419   0.23981725  0.          0.59855685  0.07018032
  0.          0.75       -0.12        0.          0.75       -0.12      ]
agent_success: 0

training time:  0.0023424625396728516
evaluation time:  8.690891027450562
epoch time:  8.693246364593506


-------------------------------- Iteration 7200 -------------------------------- 
initial ob: [-0.03445708  0.5070419   0.23981725  0.          0.59855685  0.07018032
  0.          0.75       -0.12        0.          0.75       -0.12      ]
agent_success: 0

training time:  0.0023653507232666016
evaluation time:  8.446902990341187
epoch time:  8.449284553527832


-------------------------------- Iteration 7400 -------------------------------- 
initial ob: [-0.03445708  0.5070419   0.23981725  0.          0.59855685  0.07018032
  0.          0.75       -0.12        0.          0.75       -0.12      ]
agent_success: 0

training time:  0.002353191375732422
evaluation time:  7.4301369190216064
epoch time:  7.432501316070557


-------------------------------- Iteration 7600 -------------------------------- 
initial ob: [-0.03445708  0.5070419   0.23981725  0.          0.59855685  0.07018032
  0.          0.75       -0.12        0.          0.75       -0.12      ]
agent_success: 0

training time:  0.0023474693298339844
evaluation time:  8.424949169158936
epoch time:  8.42731785774231


-------------------------------- Iteration 7800 -------------------------------- 
initial ob: [-0.03445708  0.5070419   0.23981725  0.          0.59855685  0.07018032
  0.          0.75       -0.12        0.          0.75       -0.12      ]
agent_success: 0

training time:  0.002371072769165039
evaluation time:  8.412808179855347
epoch time:  8.415191173553467


-------------------------------- Iteration 8000 -------------------------------- 
initial ob: [-0.03445708  0.5070419   0.23981725  0.          0.59855685  0.07018032
  0.          0.75       -0.12        0.          0.75       -0.12      ]
agent_success: 0

training time:  0.002336740493774414
evaluation time:  8.533015727996826
epoch time:  8.535364151000977


-------------------------------- Iteration 8200 -------------------------------- 
initial ob: [-0.03445708  0.5070419   0.23981725  0.          0.59855685  0.07018032
  0.          0.75       -0.12        0.          0.75       -0.12      ]
agent_success: 0

training time:  0.0023488998413085938
evaluation time:  8.37078857421875
epoch time:  8.373156309127808


-------------------------------- Iteration 8400 -------------------------------- 
initial ob: [-0.03445708  0.5070419   0.23981725  0.          0.59855685  0.07018032
  0.          0.75       -0.12        0.          0.75       -0.12      ]
agent_success: 0

training time:  0.0023353099822998047
evaluation time:  8.489389181137085
epoch time:  8.491736650466919


-------------------------------- Iteration 8600 -------------------------------- 
initial ob: [-0.03445708  0.5070419   0.23981725  0.          0.59855685  0.07018032
  0.          0.75       -0.12        0.          0.75       -0.12      ]
agent_success: 0

training time:  0.002346038818359375
evaluation time:  8.609183549880981
epoch time:  8.611546993255615


-------------------------------- Iteration 8800 -------------------------------- 
initial ob: [-0.03445708  0.5070419   0.23981725  0.          0.59855685  0.07018032
  0.          0.75       -0.12        0.          0.75       -0.12      ]
agent_success: 0

training time:  0.0023484230041503906
evaluation time:  8.45310091972351
epoch time:  8.455476760864258


-------------------------------- Iteration 9000 -------------------------------- 
initial ob: [-0.03445708  0.5070419   0.23981725  0.          0.59855685  0.07018032
  0.          0.75       -0.12        0.          0.75       -0.12      ]
agent_success: 0

training time:  0.002327442169189453
evaluation time:  8.596510171890259
epoch time:  8.598854064941406


-------------------------------- Iteration 9200 -------------------------------- 
initial ob: [-0.03445708  0.5070419   0.23981725  0.          0.59855685  0.07018032
  0.          0.75       -0.12        0.          0.75       -0.12      ]
agent_success: 0

training time:  0.0023436546325683594
evaluation time:  8.457361698150635
epoch time:  8.45971965789795


-------------------------------- Iteration 9400 -------------------------------- 
initial ob: [-0.03445708  0.5070419   0.23981725  0.          0.59855685  0.07018032
  0.          0.75       -0.12        0.          0.75       -0.12      ]
agent_success: 0

training time:  0.0024361610412597656
evaluation time:  8.572191715240479
epoch time:  8.574652433395386


-------------------------------- Iteration 9600 -------------------------------- 
initial ob: [-0.03445708  0.5070419   0.23981725  0.          0.59855685  0.07018032
  0.          0.75       -0.12        0.          0.75       -0.12      ]
agent_success: 0

training time:  0.002317190170288086
evaluation time:  8.296810388565063
epoch time:  8.299139261245728


-------------------------------- Iteration 9800 -------------------------------- 
initial ob: [-0.03445708  0.5070419   0.23981725  0.          0.59855685  0.07018032
  0.          0.75       -0.12        0.          0.75       -0.12      ]
agent_success: 0

training time:  0.002319812774658203
evaluation time:  8.491036653518677
epoch time:  8.493392705917358


-------------------------------- Test Results -------------------------------- 
initial ob: [-0.03445708  0.5070419   0.23981725  0.          0.59855685  0.07018032
  0.          0.75       -0.12        0.          0.75       -0.12      ]
agent_success: 0

mean_success_rate:  0.0
Done
