/var/lib/slurm/slurmd/job3515768/slurm_script: line 9: batch_scripts/MT50_batch/seed.sh: No such file or directory
SLURM_JOBID=3515768
working directory=/viscam/u/jialugao/Imitation-SoftModule
########################
logging outputs to  /viscam/u/jialugao/Imitation-SoftModule/data/Base_bc_reach_bin-picking-v1_2640.000125-01-2022_23-53-57
########################
{'expert_policy_file': '../Multi-Task-RL/log/MT50_Single_Task/bin-picking-v1/Fixed/238/model/model_pf_best.pth', 'exp_name': 'bc_reach', 'do_dagger': False, 'ep_len': 200, 'gradient_steps': 1, 'n_iter': 100000, 'render_interval': 1, 'eval_interval': 200, 'batch_size': 64, 'eval_batch_size': 32, 'train_batch_size': 32, 'n_layers': 2, 'size': 400, 'learning_rate': 0.0001, 'video_log_freq': -1, 'scalar_log_freq': 1, 'no_gpu': False, 'which_gpu': 0, 'max_replay_buffer_size': 1000000, 'save_params': False, 'seed': 32, 'worker_nums': 1, 'eval_worker_nums': 1, 'config': 'config/BC.json', 'no_cuda': True, 'random_init': False, 'device': 'cpu', 'id': 'MT50_Single_Task', 'task_name': 'bin-picking-v1', 'task_env': 'MT50_task_env', 'cuda': False, 'log_dir': '/viscam/u/jialugao/Imitation-SoftModule/data/Base_bc_reach_bin-picking-v1_2640.000125-01-2022_23-53-57', 'agent_class': <class 'agents.bc_agent.MLPAgent'>, 'agent_params': {'n_layers': 2, 'size': 400, 'learning_rate': 0.0001, 'max_replay_buffer_size': 1000000, 'discrete': False, 'ac_dim': 4, 'ob_dim': 9}}
{'env_name': 'single_task', 'env': {'reward_scale': 1, 'obs_norm': False}, 'meta_env': {'obs_type': 'with_goal', 'random_init': False}, 'replay_buffer': {'size': 1000000.0}, 'net': {'hidden_shapes': [400, 400], 'append_hidden_shapes': [400], 'base_type': <class 'networks.base.MLPBase'>}, 'general_setting': {'discount': 0.99, 'pretrain_epochs': 20, 'num_epochs': 7500, 'epoch_frames': 200, 'max_episode_frames': 200, 'batch_size': 1280, 'min_pool': 10000, 'target_hard_update_period': 1000, 'use_soft_update': True, 'tau': 0.005, 'opt_times': 200, 'eval_episodes': 100, 'train_render': False, 'eval_render': False, 'env': <NormAct<RewardShift<SingleWrapperNone>>>, 'logger': <utils.logger.Logger object at 0x7fd9d8470c90>, 'device': device(type='cpu')}, 'sac': {'plr': 0.0003, 'qlr': 0.0003, 'reparameterization': True, 'automatic_entropy_tuning': True, 'policy_std_reg_weight': 0, 'policy_mean_reg_weight': 0}}
Loading expert policy from... ../Multi-Task-RL/log/MT50_Single_Task/bin-picking-v1/Fixed/238/model/model_pf_best.pth
tensor([[-0.0583, -0.0187, -0.3388,  ..., -0.0574, -0.0042, -0.0499],
        [ 0.6834, -0.0910, -0.2252,  ..., -0.0328, -0.0106, -0.0800],
        [ 0.0100, -0.0871, -0.0854,  ..., -0.0374, -0.0244, -0.0458],
        ...,
        [ 0.0435, -0.0720,  0.0029,  ...,  0.0079, -0.0413, -0.0361],
        [-0.0018, -0.0390, -0.0477,  ..., -0.0843,  0.0058, -0.0191],
        [-0.0084, -0.0103, -0.0668,  ..., -0.0610, -0.0539, -0.0216]])
Done restoring expert policy...
<NormAct<RewardShift<AugObs<SawyerBinPickingEnv instance>>>>


-------------------------------- Iteration 0 -------------------------------- 
initial ob: [-0.03264955  0.51487925  0.23688598 -0.12        0.7         0.04532742
  0.12        0.7         0.02        0.12        0.7         0.02      ]
expert:[-0.987942   0.983992   0.9931393  0.9704989]
expert:[-0.9829905  0.9700026  0.9896664  0.9397687]
expert:[-0.98165184  0.9595873   0.9861255   0.9242888 ]
expert:[-0.97945017  0.95391595  0.9825029   0.92288995]
expert:[-0.97587055  0.9463035   0.974209    0.9065743 ]
expert:[-0.9663335   0.93749654  0.9543681   0.8783555 ]
expert:[-0.7941751   0.79345703 -0.1845687   0.07824425]
expert:[-0.43233427  0.68440646 -0.7588683  -0.20751625]
expert:[ 0.08291537  0.66208094 -0.85027945 -0.07840201]
expert:[ 0.4409184   0.57434934 -0.85219926 -0.03088088]
expert:[ 0.5796468   0.42470852 -0.81384194 -0.0433481 ]
expert:[ 0.5809973   0.23463222 -0.6101584  -0.1048426 ]
expert:[ 0.44113743  0.05610827  0.0411034  -0.21275644]
expert:[ 0.16335593 -0.09398433  0.6912734  -0.34637362]
expert:[-0.19322877 -0.2499353   0.86088574 -0.49081114]
expert:[-0.46571755 -0.34232512  0.872087   -0.55473626]
expert:[-0.5434866  -0.31987536  0.8015881  -0.5362166 ]
expert:[-0.4328656  -0.16848668  0.50575817 -0.42764643]
expert:[-0.13247168  0.04083319 -0.20895363 -0.26231775]
expert:[ 0.2433841   0.15348412 -0.6299861  -0.15579268]
expert:[ 0.47304702  0.17898227 -0.74902326 -0.09907623]
expert:[ 0.5225848  0.1734267 -0.7534196 -0.090988 ]
expert:[ 0.41588536  0.16149667 -0.6579712  -0.12556371]
expert:[ 0.12506573  0.08579229 -0.34114802 -0.20569062]
expert:[-0.22314301 -0.03847395  0.2691032  -0.33371317]
expert:[-0.47205126 -0.2163277   0.69178796 -0.47570682]
expert:[-0.5459058  -0.282465    0.77721614 -0.52399033]
expert:[-0.46509907 -0.24329393  0.7354521  -0.48843235]
expert:[-0.20591854 -0.09251661  0.45673892 -0.3627098 ]
expert:[ 0.15384491  0.03606723 -0.13749693 -0.22721457]
expert:[ 0.4558457   0.11371533 -0.5442458  -0.13899806]
expert:[ 0.57288384  0.13620286 -0.68746346 -0.09852972]
expert:[ 0.5325445   0.15696925 -0.6789518  -0.10392178]
expert:[ 0.3204359   0.14862154 -0.5228205  -0.15367836]
expert:[-0.04147681  0.08164317 -0.15934019 -0.24248397]
expert:[-0.3722722  -0.04912699  0.3918679  -0.3779986 ]
expert:[-0.56233495 -0.2033435   0.69115245 -0.4965464 ]
expert:[-0.57839924 -0.2361063   0.7336988  -0.5146603 ]
expert:[-0.43387958 -0.15149637  0.6150425  -0.44205078]
expert:[-0.10974042 -0.00377958  0.17562622 -0.30120844]
expert:[ 0.27101454  0.08868666 -0.33843878 -0.18487613]
expert:[ 0.52760494  0.12414483 -0.60744596 -0.11921047]
expert:[ 0.58733016  0.12565869 -0.6708612  -0.1008894 ]
expert:[ 0.50169337  0.13604912 -0.59567857 -0.12288048]
expert:[ 0.23083092  0.10387817 -0.33852455 -0.18756063]
expert:[-0.13831683  0.02113839  0.13613261 -0.29653043]
expert:[-0.44526127 -0.123705    0.58477634 -0.43451476]
expert:[-0.5757425  -0.22287293  0.72314656 -0.5097996 ]
expert:[-0.5444893  -0.20187077  0.68643296 -0.49017802]
expert:[-0.3326569  -0.06157558  0.4066205  -0.37406117]
expert:[ 0.01410374  0.06259298 -0.13543239 -0.24054196]
expert:[ 0.36454436  0.12941195 -0.5062065  -0.15257226]
expert:[ 0.54651994  0.13894826 -0.6564789  -0.10744704]
expert:[ 0.55330735  0.13317376 -0.64833    -0.10843705]
expert:[ 0.3929779   0.11947723 -0.4768417  -0.15254056]
expert:[ 0.08336844  0.05977621 -0.10632376 -0.2350141 ]
expert:[-0.2605546  -0.04939516  0.40902987 -0.35661092]
expert:[-0.49627864 -0.1852782   0.6861387  -0.4753027 ]
expert:[-0.5543214  -0.22462702  0.7209355  -0.5031909 ]
expert:[-0.45136106 -0.1447523   0.581136   -0.43864706]
expert:[-0.17199326  0.0053894   0.13104422 -0.30555645]
expert:[ 0.1827326   0.09902908 -0.35811946 -0.19411252]
expert:[ 0.45323616  0.14683867 -0.6077661  -0.12789096]
expert:[ 0.5450513   0.14055885 -0.6641583  -0.1064316 ]
expert:[ 0.4763565   0.1336793  -0.5826959  -0.12872042]
expert:[ 0.2374862   0.09070987 -0.32075447 -0.19032992]
expert:[-0.09844811  0.00688491  0.1566934  -0.29553235]
expert:[-0.39110032 -0.12721695  0.5894607  -0.42424282]
expert:[-0.5306917  -0.21995297  0.7204121  -0.4958976 ]
expert:[-0.50612926 -0.1997894   0.6787022  -0.47813153]
expert:[-0.30637202 -0.06464088  0.39249852 -0.3677073 ]
expert:[ 0.01550963  0.05577621 -0.14454551 -0.2407965 ]
expert:[ 0.34425458  0.12568256 -0.5058756  -0.15618981]
expert:[ 0.51791215  0.14314592 -0.65143514 -0.1128071 ]
expert:[ 0.5207263   0.1389525  -0.64092255 -0.11434307]
expert:[ 0.35503533  0.11662389 -0.46695897 -0.15921009]
expert:[ 0.051312    0.05308842 -0.09848492 -0.24090578]
expert:[-0.26987693 -0.05709319  0.40819013 -0.36020887]
expert:[-0.48487717 -0.18920314  0.67887014 -0.47179613]
expert:[-0.5308822  -0.22185187  0.71141803 -0.49415192]
expert:[-0.4145247  -0.13923898  0.5639739  -0.4270115 ]
expert:[-0.13564609  0.0022788   0.1155908  -0.29889378]
expert:[ 0.20866393  0.09237634 -0.36054653 -0.19169383]
expert:[ 0.4594114   0.13835181 -0.6024806  -0.1289776 ]
expert:[ 0.5352523   0.13711637 -0.6555712  -0.11006046]
expert:[ 0.44856513  0.1313812  -0.565925   -0.13509087]
expert:[ 0.20067132  0.08537462 -0.3010434  -0.19776024]
expert:[-1.3042973e-01  2.9591471e-04  1.7583992e-01 -3.0330479e-01]
expert:[-0.40634748 -0.13396852  0.5902466  -0.42873064]
expert:[-0.52814287 -0.2185284   0.71291924 -0.49337712]
expert:[-0.4885758  -0.19063652  0.66158986 -0.46936977]
expert:[-0.27558148 -0.0546966   0.3580848  -0.35523906]
expert:[ 0.05004716  0.05768966 -0.17181195 -0.23348662]
expert:[ 0.36440626  0.12381185 -0.51366436 -0.15316297]
expert:[ 0.5215508   0.13872954 -0.64774936 -0.11338118]
expert:[ 0.5114234   0.1360223  -0.6267553  -0.11816885]
expert:[ 0.33085743  0.11147492 -0.4396064  -0.16543055]
expert:[ 0.02038928  0.04671047 -0.05918374 -0.2494284 ]
expert:[-0.29382563 -0.06677783  0.43513504 -0.37044984]
expert:[-0.4942989  -0.19347396  0.68206644 -0.4752003 ]
expert:[-0.52630323 -0.21668503  0.70199907 -0.49022877]
expert:[-0.39447084 -0.12394708  0.5312873  -0.4151714 ]
expert:[-0.10723642  0.01194798  0.06685883 -0.28799036]
expert:[ 0.23583402  0.09769847 -0.38685477 -0.18516617]
expert:[ 0.4724193   0.13781996 -0.61042964 -0.12624443]
expert:[ 0.532894    0.13551171 -0.65064096 -0.111434  ]
expert:[ 0.42973682  0.12773544 -0.54446864 -0.14047953]
expert:[ 0.17248675  0.07804272 -0.26430225 -0.20553201]
expert:[-0.15818065 -0.01143052  0.22724314 -0.3144254 ]
expert:[-0.42255878 -0.1462182   0.610994   -0.43799925]
expert:[-0.528454   -0.21927987  0.71205497 -0.4933613 ]
expert:[-0.47416702 -0.18041255  0.6425738  -0.46077985]
expert:[-0.24739791 -0.04118823  0.3075466  -0.34200045]
expert:[ 0.08266329  0.06536017 -0.22039968 -0.22341582]
expert:[ 0.38444957  0.12775397 -0.534978   -0.14792979]
expert:[ 0.5249939   0.13826308 -0.6498885  -0.11254184]
expert:[ 0.5010535   0.13555713 -0.614901   -0.12143113]
expert:[ 0.30450436  0.10595488 -0.4085457  -0.17226404]
expert:[-0.01379645  0.03669163 -0.00440733 -0.26144883]
expert:[-0.31983075 -0.08099113  0.475421   -0.38380262]
expert:[-0.5027987  -0.20031245  0.6907059  -0.4799713 ]
expert:[-0.51901543 -0.21193956  0.6942201  -0.48614305]
expert:[-0.36930594 -0.10670199  0.49400613 -0.40147096]
expert:[-0.07349144  0.02342755  0.00912366 -0.27502802]
expert:[ 0.2665134   0.1047997  -0.41898787 -0.17728557]
expert:[ 0.48596087  0.138663   -0.621206   -0.12282297]
expert:[ 0.5287859   0.13540027 -0.6467975  -0.11272799]
expert:[ 0.40770158  0.12384014 -0.5221387  -0.14626834]
expert:[ 0.13720602  0.07016277 -0.21847805 -0.21579778]
expert:[-0.19130741 -0.02463113  0.28339157 -0.32719758]
expert:[-0.44057035 -0.1591425   0.6307255  -0.44770586]
expert:[-0.52821875 -0.21988128  0.7102916  -0.49299416]
expert:[-0.45646852 -0.16878633  0.6198793  -0.4506815 ]
expert:[-0.21484391 -0.02751378  0.2481239  -0.32827273]
expert:[ 0.1203196   0.0730304  -0.2680315  -0.21318649]
expert:[ 0.40659636  0.13116284 -0.5558279  -0.14241546]
expert:[ 0.5277564   0.13727832 -0.6507858  -0.11207848]
expert:[ 0.4848338   0.13339055 -0.59851545 -0.12603486]
expert:[ 0.2740747   0.09923061 -0.3742581  -0.18012634]
expert:[-0.04862336  0.02501756  0.05340704 -0.27469423]
expert:[-0.34572148 -0.09547827  0.5157336  -0.39780694]
expert:[-0.51041913 -0.20635043  0.69809836 -0.48421007]
expert:[-0.5097219  -0.20567946  0.6843573  -0.4809723 ]
expert:[-0.33972454 -0.08717894  0.4515447  -0.38631797]
expert:[-0.03684339  0.03587245 -0.05285047 -0.26094192]
expert:[ 0.2977285   0.11223266 -0.45116344 -0.16908336]
expert:[ 0.49771562  0.13924067 -0.6311005  -0.11966662]
expert:[ 0.52275574  0.13540246 -0.64127934 -0.11455382]
expert:[ 0.38279718  0.1189196  -0.4959173  -0.15278323]
expert:[ 0.09945089  0.06183349 -0.16784976 -0.22690454]
expert_success: 0
path_length: 150



-------------------------------- Iteration 0 -------------------------------- 
initial ob: [-0.03264955  0.51487925  0.23688598 -0.12        0.7         0.04532742
  0.12        0.7         0.02        0.12        0.7         0.02      ]
agent_success: 0

training time:  0.13789868354797363
evaluation time:  8.059615850448608
epoch time:  8.197551488876343


-------------------------------- Iteration 200 -------------------------------- 
initial ob: [-0.03264955  0.51487925  0.23688598 -0.12        0.7         0.04532742
  0.12        0.7         0.02        0.12        0.7         0.02      ]
agent_success: 0

training time:  0.0025894641876220703
evaluation time:  7.966629505157471
epoch time:  7.9692542552948


-------------------------------- Iteration 400 -------------------------------- 
initial ob: [-0.03264955  0.51487925  0.23688598 -0.12        0.7         0.04532742
  0.12        0.7         0.02        0.12        0.7         0.02      ]
agent_success: 0

training time:  0.0023429393768310547
evaluation time:  7.920464277267456
epoch time:  7.922834634780884


-------------------------------- Iteration 600 -------------------------------- 
initial ob: [-0.03264955  0.51487925  0.23688598 -0.12        0.7         0.04532742
  0.12        0.7         0.02        0.12        0.7         0.02      ]
agent_success: 0

training time:  0.0023250579833984375
evaluation time:  7.887357711791992
epoch time:  7.889708757400513


-------------------------------- Iteration 800 -------------------------------- 
initial ob: [-0.03264955  0.51487925  0.23688598 -0.12        0.7         0.04532742
  0.12        0.7         0.02        0.12        0.7         0.02      ]
agent_success: 0

training time:  0.0023250579833984375
evaluation time:  7.926995515823364
epoch time:  7.929357051849365


-------------------------------- Iteration 1000 -------------------------------- 
initial ob: [-0.03264955  0.51487925  0.23688598 -0.12        0.7         0.04532742
  0.12        0.7         0.02        0.12        0.7         0.02      ]
agent_success: 0

training time:  0.002343893051147461
evaluation time:  7.904226779937744
epoch time:  7.906604290008545


-------------------------------- Iteration 1200 -------------------------------- 
initial ob: [-0.03264955  0.51487925  0.23688598 -0.12        0.7         0.04532742
  0.12        0.7         0.02        0.12        0.7         0.02      ]
agent_success: 0

training time:  0.002377033233642578
evaluation time:  7.88153600692749
epoch time:  7.883969783782959


-------------------------------- Iteration 1400 -------------------------------- 
initial ob: [-0.03264955  0.51487925  0.23688598 -0.12        0.7         0.04532742
  0.12        0.7         0.02        0.12        0.7         0.02      ]
agent_success: 0

training time:  0.0023696422576904297
evaluation time:  7.923773527145386
epoch time:  7.926159143447876


-------------------------------- Iteration 1600 -------------------------------- 
initial ob: [-0.03264955  0.51487925  0.23688598 -0.12        0.7         0.04532742
  0.12        0.7         0.02        0.12        0.7         0.02      ]
agent_success: 0

training time:  0.002317667007446289
evaluation time:  7.8668389320373535
epoch time:  7.8691771030426025


-------------------------------- Iteration 1800 -------------------------------- 
initial ob: [-0.03264955  0.51487925  0.23688598 -0.12        0.7         0.04532742
  0.12        0.7         0.02        0.12        0.7         0.02      ]
agent_success: 0

training time:  0.0023317337036132812
evaluation time:  7.876573085784912
epoch time:  7.8789238929748535


-------------------------------- Iteration 2000 -------------------------------- 
initial ob: [-0.03264955  0.51487925  0.23688598 -0.12        0.7         0.04532742
  0.12        0.7         0.02        0.12        0.7         0.02      ]
agent_success: 0

training time:  0.002336263656616211
evaluation time:  7.851762294769287
epoch time:  7.854118347167969


-------------------------------- Iteration 2200 -------------------------------- 
initial ob: [-0.03264955  0.51487925  0.23688598 -0.12        0.7         0.04532742
  0.12        0.7         0.02        0.12        0.7         0.02      ]
agent_success: 0

training time:  0.0023543834686279297
evaluation time:  7.8637025356292725
epoch time:  7.866072416305542


-------------------------------- Iteration 2400 -------------------------------- 
initial ob: [-0.03264955  0.51487925  0.23688598 -0.12        0.7         0.04532742
  0.12        0.7         0.02        0.12        0.7         0.02      ]
agent_success: 0

training time:  0.002349853515625
evaluation time:  7.860087633132935
epoch time:  7.862472295761108


-------------------------------- Iteration 2600 -------------------------------- 
initial ob: [-0.03264955  0.51487925  0.23688598 -0.12        0.7         0.04532742
  0.12        0.7         0.02        0.12        0.7         0.02      ]
agent_success: 0

training time:  0.002323150634765625
evaluation time:  7.881580114364624
epoch time:  7.8839240074157715


-------------------------------- Iteration 2800 -------------------------------- 
initial ob: [-0.03264955  0.51487925  0.23688598 -0.12        0.7         0.04532742
  0.12        0.7         0.02        0.12        0.7         0.02      ]
agent_success: 0

training time:  0.0023565292358398438
evaluation time:  7.869801044464111
epoch time:  7.872196674346924


-------------------------------- Iteration 3000 -------------------------------- 
initial ob: [-0.03264955  0.51487925  0.23688598 -0.12        0.7         0.04532742
  0.12        0.7         0.02        0.12        0.7         0.02      ]
agent_success: 0

training time:  0.002329587936401367
evaluation time:  7.8940348625183105
epoch time:  7.89638352394104


-------------------------------- Iteration 3200 -------------------------------- 
initial ob: [-0.03264955  0.51487925  0.23688598 -0.12        0.7         0.04532742
  0.12        0.7         0.02        0.12        0.7         0.02      ]
agent_success: 0

training time:  0.0023229122161865234
evaluation time:  7.900824785232544
epoch time:  7.9031689167022705


-------------------------------- Iteration 3400 -------------------------------- 
initial ob: [-0.03264955  0.51487925  0.23688598 -0.12        0.7         0.04532742
  0.12        0.7         0.02        0.12        0.7         0.02      ]
agent_success: 0

training time:  0.0023288726806640625
evaluation time:  7.896727561950684
epoch time:  7.89907169342041


-------------------------------- Iteration 3600 -------------------------------- 
initial ob: [-0.03264955  0.51487925  0.23688598 -0.12        0.7         0.04532742
  0.12        0.7         0.02        0.12        0.7         0.02      ]
agent_success: 0

training time:  0.002347707748413086
evaluation time:  7.889639854431152
epoch time:  7.892021656036377


-------------------------------- Iteration 3800 -------------------------------- 
initial ob: [-0.03264955  0.51487925  0.23688598 -0.12        0.7         0.04532742
  0.12        0.7         0.02        0.12        0.7         0.02      ]
agent_success: 0

training time:  0.002329587936401367
evaluation time:  7.878273010253906
epoch time:  7.8806798458099365


-------------------------------- Iteration 4000 -------------------------------- 
initial ob: [-0.03264955  0.51487925  0.23688598 -0.12        0.7         0.04532742
  0.12        0.7         0.02        0.12        0.7         0.02      ]
agent_success: 0

training time:  0.002337932586669922
evaluation time:  7.916977882385254
epoch time:  7.9193384647369385


-------------------------------- Iteration 4200 -------------------------------- 
initial ob: [-0.03264955  0.51487925  0.23688598 -0.12        0.7         0.04532742
  0.12        0.7         0.02        0.12        0.7         0.02      ]
agent_success: 0

training time:  0.002357959747314453
evaluation time:  7.872396469116211
epoch time:  7.874770879745483


-------------------------------- Iteration 4400 -------------------------------- 
initial ob: [-0.03264955  0.51487925  0.23688598 -0.12        0.7         0.04532742
  0.12        0.7         0.02        0.12        0.7         0.02      ]
agent_success: 0

training time:  0.002521991729736328
evaluation time:  7.893530368804932
epoch time:  7.8960862159729


-------------------------------- Iteration 4600 -------------------------------- 
initial ob: [-0.03264955  0.51487925  0.23688598 -0.12        0.7         0.04532742
  0.12        0.7         0.02        0.12        0.7         0.02      ]
agent_success: 0

training time:  0.002359151840209961
evaluation time:  7.900661945343018
epoch time:  7.903035640716553


-------------------------------- Iteration 4800 -------------------------------- 
initial ob: [-0.03264955  0.51487925  0.23688598 -0.12        0.7         0.04532742
  0.12        0.7         0.02        0.12        0.7         0.02      ]
agent_success: 0

training time:  0.0023500919342041016
evaluation time:  7.904585123062134
epoch time:  7.9069504737854


-------------------------------- Iteration 5000 -------------------------------- 
initial ob: [-0.03264955  0.51487925  0.23688598 -0.12        0.7         0.04532742
  0.12        0.7         0.02        0.12        0.7         0.02      ]
agent_success: 0

training time:  0.0023484230041503906
evaluation time:  7.8973259925842285
epoch time:  7.899708032608032


-------------------------------- Iteration 5200 -------------------------------- 
initial ob: [-0.03264955  0.51487925  0.23688598 -0.12        0.7         0.04532742
  0.12        0.7         0.02        0.12        0.7         0.02      ]
agent_success: 0

training time:  0.002345561981201172
evaluation time:  7.894598960876465
epoch time:  7.896960735321045


-------------------------------- Iteration 5400 -------------------------------- 
initial ob: [-0.03264955  0.51487925  0.23688598 -0.12        0.7         0.04532742
  0.12        0.7         0.02        0.12        0.7         0.02      ]
agent_success: 0

training time:  0.0023424625396728516
evaluation time:  7.933879137039185
epoch time:  7.936243534088135


-------------------------------- Iteration 5600 -------------------------------- 
initial ob: [-0.03264955  0.51487925  0.23688598 -0.12        0.7         0.04532742
  0.12        0.7         0.02        0.12        0.7         0.02      ]
agent_success: 0

training time:  0.0023140907287597656
evaluation time:  7.863080263137817
epoch time:  7.8654115200042725


-------------------------------- Iteration 5800 -------------------------------- 
initial ob: [-0.03264955  0.51487925  0.23688598 -0.12        0.7         0.04532742
  0.12        0.7         0.02        0.12        0.7         0.02      ]
agent_success: 0

training time:  0.0023679733276367188
evaluation time:  7.9031312465667725
epoch time:  7.905521869659424


-------------------------------- Iteration 6000 -------------------------------- 
initial ob: [-0.03264955  0.51487925  0.23688598 -0.12        0.7         0.04532742
  0.12        0.7         0.02        0.12        0.7         0.02      ]
agent_success: 0

training time:  0.0023508071899414062
evaluation time:  7.877962112426758
epoch time:  7.880329132080078


-------------------------------- Iteration 6200 -------------------------------- 
initial ob: [-0.03264955  0.51487925  0.23688598 -0.12        0.7         0.04532742
  0.12        0.7         0.02        0.12        0.7         0.02      ]
agent_success: 0

training time:  0.0023643970489501953
evaluation time:  7.8922693729400635
epoch time:  7.894648313522339


-------------------------------- Iteration 6400 -------------------------------- 
initial ob: [-0.03264955  0.51487925  0.23688598 -0.12        0.7         0.04532742
  0.12        0.7         0.02        0.12        0.7         0.02      ]
agent_success: 0

training time:  0.0023627281188964844
evaluation time:  7.923847436904907
epoch time:  7.926231622695923


-------------------------------- Iteration 6600 -------------------------------- 
initial ob: [-0.03264955  0.51487925  0.23688598 -0.12        0.7         0.04532742
  0.12        0.7         0.02        0.12        0.7         0.02      ]
agent_success: 0

training time:  0.002392292022705078
evaluation time:  7.930327892303467
epoch time:  7.932735443115234


-------------------------------- Iteration 6800 -------------------------------- 
initial ob: [-0.03264955  0.51487925  0.23688598 -0.12        0.7         0.04532742
  0.12        0.7         0.02        0.12        0.7         0.02      ]
agent_success: 0

training time:  0.0023374557495117188
evaluation time:  7.925133228302002
epoch time:  7.927495956420898


-------------------------------- Iteration 7000 -------------------------------- 
initial ob: [-0.03264955  0.51487925  0.23688598 -0.12        0.7         0.04532742
  0.12        0.7         0.02        0.12        0.7         0.02      ]
agent_success: 0

training time:  0.002385854721069336
evaluation time:  7.971951723098755
epoch time:  7.9743523597717285


-------------------------------- Iteration 7200 -------------------------------- 
initial ob: [-0.03264955  0.51487925  0.23688598 -0.12        0.7         0.04532742
  0.12        0.7         0.02        0.12        0.7         0.02      ]
agent_success: 0

training time:  0.002360105514526367
evaluation time:  7.912919998168945
epoch time:  7.9153056144714355


-------------------------------- Iteration 7400 -------------------------------- 
initial ob: [-0.03264955  0.51487925  0.23688598 -0.12        0.7         0.04532742
  0.12        0.7         0.02        0.12        0.7         0.02      ]
agent_success: 0

training time:  0.002335786819458008
evaluation time:  7.903002738952637
epoch time:  7.905353784561157


-------------------------------- Iteration 7600 -------------------------------- 
initial ob: [-0.03264955  0.51487925  0.23688598 -0.12        0.7         0.04532742
  0.12        0.7         0.02        0.12        0.7         0.02      ]
agent_success: 0

training time:  0.002329111099243164
evaluation time:  7.9057464599609375
epoch time:  7.908090829849243


-------------------------------- Iteration 7800 -------------------------------- 
initial ob: [-0.03264955  0.51487925  0.23688598 -0.12        0.7         0.04532742
  0.12        0.7         0.02        0.12        0.7         0.02      ]
agent_success: 0

training time:  0.002357959747314453
evaluation time:  7.896768808364868
epoch time:  7.899147033691406


-------------------------------- Iteration 8000 -------------------------------- 
initial ob: [-0.03264955  0.51487925  0.23688598 -0.12        0.7         0.04532742
  0.12        0.7         0.02        0.12        0.7         0.02      ]
agent_success: 0

training time:  0.0023267269134521484
evaluation time:  7.926238536834717
epoch time:  7.9285805225372314


-------------------------------- Iteration 8200 -------------------------------- 
initial ob: [-0.03264955  0.51487925  0.23688598 -0.12        0.7         0.04532742
  0.12        0.7         0.02        0.12        0.7         0.02      ]
agent_success: 0

training time:  0.0023877620697021484
evaluation time:  7.883375644683838
epoch time:  7.885804653167725


-------------------------------- Iteration 8400 -------------------------------- 
initial ob: [-0.03264955  0.51487925  0.23688598 -0.12        0.7         0.04532742
  0.12        0.7         0.02        0.12        0.7         0.02      ]
agent_success: 0

training time:  0.0023500919342041016
evaluation time:  7.9446799755096436
epoch time:  7.94704532623291


-------------------------------- Iteration 8600 -------------------------------- 
initial ob: [-0.03264955  0.51487925  0.23688598 -0.12        0.7         0.04532742
  0.12        0.7         0.02        0.12        0.7         0.02      ]
agent_success: 0

training time:  0.002393007278442383
evaluation time:  7.935166120529175
epoch time:  7.937576055526733


-------------------------------- Iteration 8800 -------------------------------- 
initial ob: [-0.03264955  0.51487925  0.23688598 -0.12        0.7         0.04532742
  0.12        0.7         0.02        0.12        0.7         0.02      ]
agent_success: 0

training time:  0.002335071563720703
evaluation time:  7.906249046325684
epoch time:  7.9086668491363525


-------------------------------- Iteration 9000 -------------------------------- 
initial ob: [-0.03264955  0.51487925  0.23688598 -0.12        0.7         0.04532742
  0.12        0.7         0.02        0.12        0.7         0.02      ]
agent_success: 0

training time:  0.0023729801177978516
evaluation time:  7.917582035064697
epoch time:  7.919970989227295


-------------------------------- Iteration 9200 -------------------------------- 
initial ob: [-0.03264955  0.51487925  0.23688598 -0.12        0.7         0.04532742
  0.12        0.7         0.02        0.12        0.7         0.02      ]
agent_success: 0

training time:  0.0023651123046875
evaluation time:  7.914646863937378
epoch time:  7.917033433914185


-------------------------------- Iteration 9400 -------------------------------- 
initial ob: [-0.03264955  0.51487925  0.23688598 -0.12        0.7         0.04532742
  0.12        0.7         0.02        0.12        0.7         0.02      ]
agent_success: 0

training time:  0.002368450164794922
evaluation time:  7.9317333698272705
epoch time:  7.934119701385498


-------------------------------- Iteration 9600 -------------------------------- 
initial ob: [-0.03264955  0.51487925  0.23688598 -0.12        0.7         0.04532742
  0.12        0.7         0.02        0.12        0.7         0.02      ]
agent_success: 0

training time:  0.0023140907287597656
evaluation time:  7.921157121658325
epoch time:  7.923494338989258


-------------------------------- Iteration 9800 -------------------------------- 
initial ob: [-0.03264955  0.51487925  0.23688598 -0.12        0.7         0.04532742
  0.12        0.7         0.02        0.12        0.7         0.02      ]
agent_success: 0

training time:  0.002338409423828125
evaluation time:  7.938962459564209
epoch time:  7.941333055496216


-------------------------------- Iteration 10000 -------------------------------- 
initial ob: [-0.03264955  0.51487925  0.23688598 -0.12        0.7         0.04532742
  0.12        0.7         0.02        0.12        0.7         0.02      ]
agent_success: 0

training time:  0.0023398399353027344
evaluation time:  7.908635854721069
epoch time:  7.911007404327393


-------------------------------- Iteration 10200 -------------------------------- 
initial ob: [-0.03264955  0.51487925  0.23688598 -0.12        0.7         0.04532742
  0.12        0.7         0.02        0.12        0.7         0.02      ]
agent_success: 0

training time:  0.002348184585571289
evaluation time:  7.942436218261719
epoch time:  7.944822072982788


-------------------------------- Iteration 10400 -------------------------------- 
initial ob: [-0.03264955  0.51487925  0.23688598 -0.12        0.7         0.04532742
  0.12        0.7         0.02        0.12        0.7         0.02      ]
agent_success: 0

training time:  0.0023686885833740234
evaluation time:  7.881265640258789
epoch time:  7.883650302886963


-------------------------------- Iteration 10600 -------------------------------- 
initial ob: [-0.03264955  0.51487925  0.23688598 -0.12        0.7         0.04532742
  0.12        0.7         0.02        0.12        0.7         0.02      ]
agent_success: 0

training time:  0.002374887466430664
evaluation time:  7.893079996109009
epoch time:  7.895479440689087


-------------------------------- Iteration 10800 -------------------------------- 
initial ob: [-0.03264955  0.51487925  0.23688598 -0.12        0.7         0.04532742
  0.12        0.7         0.02        0.12        0.7         0.02      ]
agent_success: 0

training time:  0.0024056434631347656
evaluation time:  7.913528203964233
epoch time:  7.915967702865601


-------------------------------- Iteration 11000 -------------------------------- 
initial ob: [-0.03264955  0.51487925  0.23688598 -0.12        0.7         0.04532742
  0.12        0.7         0.02        0.12        0.7         0.02      ]
agent_success: 0

training time:  0.0023615360260009766
evaluation time:  7.9214043617248535
epoch time:  7.923782587051392


-------------------------------- Iteration 11200 -------------------------------- 
initial ob: [-0.03264955  0.51487925  0.23688598 -0.12        0.7         0.04532742
  0.12        0.7         0.02        0.12        0.7         0.02      ]
agent_success: 0

training time:  0.002349376678466797
evaluation time:  7.931206464767456
epoch time:  7.933579206466675


-------------------------------- Iteration 11400 -------------------------------- 
initial ob: [-0.03264955  0.51487925  0.23688598 -0.12        0.7         0.04532742
  0.12        0.7         0.02        0.12        0.7         0.02      ]
agent_success: 0

training time:  0.002338409423828125
evaluation time:  7.916788101196289
epoch time:  7.919159173965454


-------------------------------- Iteration 11600 -------------------------------- 
initial ob: [-0.03264955  0.51487925  0.23688598 -0.12        0.7         0.04532742
  0.12        0.7         0.02        0.12        0.7         0.02      ]
agent_success: 0

training time:  0.002349376678466797
evaluation time:  7.884562969207764
epoch time:  7.8869287967681885


-------------------------------- Iteration 11800 -------------------------------- 
initial ob: [-0.03264955  0.51487925  0.23688598 -0.12        0.7         0.04532742
  0.12        0.7         0.02        0.12        0.7         0.02      ]
agent_success: 0

training time:  0.002715587615966797
evaluation time:  7.9389379024505615
epoch time:  7.9416844844818115


-------------------------------- Iteration 12000 -------------------------------- 
initial ob: [-0.03264955  0.51487925  0.23688598 -0.12        0.7         0.04532742
  0.12        0.7         0.02        0.12        0.7         0.02      ]
agent_success: 0

training time:  0.0023508071899414062
evaluation time:  7.912388801574707
epoch time:  7.914770603179932


-------------------------------- Iteration 12200 -------------------------------- 
initial ob: [-0.03264955  0.51487925  0.23688598 -0.12        0.7         0.04532742
  0.12        0.7         0.02        0.12        0.7         0.02      ]
agent_success: 0

training time:  0.0023517608642578125
evaluation time:  7.866302013397217
epoch time:  7.86867094039917


-------------------------------- Iteration 12400 -------------------------------- 
initial ob: [-0.03264955  0.51487925  0.23688598 -0.12        0.7         0.04532742
  0.12        0.7         0.02        0.12        0.7         0.02      ]
agent_success: 0

training time:  0.0023720264434814453
evaluation time:  7.8650805950164795
epoch time:  7.867467403411865


-------------------------------- Iteration 12600 -------------------------------- 
initial ob: [-0.03264955  0.51487925  0.23688598 -0.12        0.7         0.04532742
  0.12        0.7         0.02        0.12        0.7         0.02      ]
agent_success: 0

training time:  0.0023734569549560547
evaluation time:  7.888430833816528
epoch time:  7.89082407951355


-------------------------------- Iteration 12800 -------------------------------- 
initial ob: [-0.03264955  0.51487925  0.23688598 -0.12        0.7         0.04532742
  0.12        0.7         0.02        0.12        0.7         0.02      ]
agent_success: 0

training time:  0.0023665428161621094
evaluation time:  7.887320518493652
epoch time:  7.8897364139556885


-------------------------------- Iteration 13000 -------------------------------- 
initial ob: [-0.03264955  0.51487925  0.23688598 -0.12        0.7         0.04532742
  0.12        0.7         0.02        0.12        0.7         0.02      ]
agent_success: 0

training time:  0.002373218536376953
evaluation time:  7.915833473205566
epoch time:  7.918231725692749


-------------------------------- Iteration 13200 -------------------------------- 
initial ob: [-0.03264955  0.51487925  0.23688598 -0.12        0.7         0.04532742
  0.12        0.7         0.02        0.12        0.7         0.02      ]
agent_success: 0

training time:  0.0023946762084960938
evaluation time:  7.87201189994812
epoch time:  7.874423027038574


-------------------------------- Iteration 13400 -------------------------------- 
initial ob: [-0.03264955  0.51487925  0.23688598 -0.12        0.7         0.04532742
  0.12        0.7         0.02        0.12        0.7         0.02      ]
agent_success: 0

training time:  0.00260162353515625
evaluation time:  7.952406167984009
epoch time:  7.955023527145386


-------------------------------- Iteration 13600 -------------------------------- 
initial ob: [-0.03264955  0.51487925  0.23688598 -0.12        0.7         0.04532742
  0.12        0.7         0.02        0.12        0.7         0.02      ]
agent_success: 0

training time:  0.0023915767669677734
evaluation time:  7.931129217147827
epoch time:  7.933552980422974


-------------------------------- Iteration 13800 -------------------------------- 
initial ob: [-0.03264955  0.51487925  0.23688598 -0.12        0.7         0.04532742
  0.12        0.7         0.02        0.12        0.7         0.02      ]
agent_success: 0

training time:  0.0023446083068847656
evaluation time:  7.867913484573364
epoch time:  7.870273113250732


-------------------------------- Iteration 14000 -------------------------------- 
initial ob: [-0.03264955  0.51487925  0.23688598 -0.12        0.7         0.04532742
  0.12        0.7         0.02        0.12        0.7         0.02      ]
agent_success: 0

training time:  0.0023348331451416016
evaluation time:  7.926462650299072
epoch time:  7.928817272186279


-------------------------------- Iteration 14200 -------------------------------- 
initial ob: [-0.03264955  0.51487925  0.23688598 -0.12        0.7         0.04532742
  0.12        0.7         0.02        0.12        0.7         0.02      ]
agent_success: 0

training time:  0.0023620128631591797
evaluation time:  7.8665008544921875
epoch time:  7.868895530700684


-------------------------------- Iteration 14400 -------------------------------- 
initial ob: [-0.03264955  0.51487925  0.23688598 -0.12        0.7         0.04532742
  0.12        0.7         0.02        0.12        0.7         0.02      ]
agent_success: 0

training time:  0.0023424625396728516
evaluation time:  7.9031476974487305
epoch time:  7.905512809753418


-------------------------------- Iteration 14600 -------------------------------- 
initial ob: [-0.03264955  0.51487925  0.23688598 -0.12        0.7         0.04532742
  0.12        0.7         0.02        0.12        0.7         0.02      ]
agent_success: 0

training time:  0.0025076866149902344
evaluation time:  7.919118642807007
epoch time:  7.921640872955322


-------------------------------- Iteration 14800 -------------------------------- 
initial ob: [-0.03264955  0.51487925  0.23688598 -0.12        0.7         0.04532742
  0.12        0.7         0.02        0.12        0.7         0.02      ]
agent_success: 0

training time:  0.0025861263275146484
evaluation time:  7.876173973083496
epoch time:  7.878774881362915


-------------------------------- Iteration 15000 -------------------------------- 
initial ob: [-0.03264955  0.51487925  0.23688598 -0.12        0.7         0.04532742
  0.12        0.7         0.02        0.12        0.7         0.02      ]
agent_success: 0

training time:  0.002362489700317383
evaluation time:  7.900460481643677
epoch time:  7.902843713760376


-------------------------------- Iteration 15200 -------------------------------- 
initial ob: [-0.03264955  0.51487925  0.23688598 -0.12        0.7         0.04532742
  0.12        0.7         0.02        0.12        0.7         0.02      ]
agent_success: 0

training time:  0.002355337142944336
evaluation time:  7.8687756061553955
epoch time:  7.87114691734314


-------------------------------- Iteration 15400 -------------------------------- 
initial ob: [-0.03264955  0.51487925  0.23688598 -0.12        0.7         0.04532742
  0.12        0.7         0.02        0.12        0.7         0.02      ]
agent_success: 0

training time:  0.0023605823516845703
evaluation time:  7.942746639251709
epoch time:  7.945127487182617


-------------------------------- Iteration 15600 -------------------------------- 
initial ob: [-0.03264955  0.51487925  0.23688598 -0.12        0.7         0.04532742
  0.12        0.7         0.02        0.12        0.7         0.02      ]
agent_success: 0

training time:  0.002367734909057617
evaluation time:  7.8899571895599365
epoch time:  7.892340898513794


-------------------------------- Iteration 15800 -------------------------------- 
initial ob: [-0.03264955  0.51487925  0.23688598 -0.12        0.7         0.04532742
  0.12        0.7         0.02        0.12        0.7         0.02      ]
agent_success: 0

training time:  0.0023984909057617188
evaluation time:  7.918402194976807
epoch time:  7.920827627182007


-------------------------------- Iteration 16000 -------------------------------- 
initial ob: [-0.03264955  0.51487925  0.23688598 -0.12        0.7         0.04532742
  0.12        0.7         0.02        0.12        0.7         0.02      ]
agent_success: 0

training time:  0.0023527145385742188
evaluation time:  7.871878147125244
epoch time:  7.874245882034302


-------------------------------- Iteration 16200 -------------------------------- 
initial ob: [-0.03264955  0.51487925  0.23688598 -0.12        0.7         0.04532742
  0.12        0.7         0.02        0.12        0.7         0.02      ]
agent_success: 0

training time:  0.00235748291015625
evaluation time:  7.920130252838135
epoch time:  7.922502279281616


-------------------------------- Iteration 16400 -------------------------------- 
initial ob: [-0.03264955  0.51487925  0.23688598 -0.12        0.7         0.04532742
  0.12        0.7         0.02        0.12        0.7         0.02      ]
agent_success: 0

training time:  0.0023310184478759766
evaluation time:  7.923188209533691
epoch time:  7.925536632537842


-------------------------------- Iteration 16600 -------------------------------- 
initial ob: [-0.03264955  0.51487925  0.23688598 -0.12        0.7         0.04532742
  0.12        0.7         0.02        0.12        0.7         0.02      ]
agent_success: 0

training time:  0.002373218536376953
evaluation time:  7.875393629074097
epoch time:  7.877780914306641


-------------------------------- Iteration 16800 -------------------------------- 
initial ob: [-0.03264955  0.51487925  0.23688598 -0.12        0.7         0.04532742
  0.12        0.7         0.02        0.12        0.7         0.02      ]
agent_success: 0

training time:  0.0023620128631591797
evaluation time:  7.9191248416900635
epoch time:  7.92151951789856


-------------------------------- Iteration 17000 -------------------------------- 
initial ob: [-0.03264955  0.51487925  0.23688598 -0.12        0.7         0.04532742
  0.12        0.7         0.02        0.12        0.7         0.02      ]
agent_success: 0

training time:  0.002364635467529297
evaluation time:  7.9184253215789795
epoch time:  7.920805215835571


-------------------------------- Iteration 17200 -------------------------------- 
initial ob: [-0.03264955  0.51487925  0.23688598 -0.12        0.7         0.04532742
  0.12        0.7         0.02        0.12        0.7         0.02      ]
agent_success: 0

training time:  0.0023550987243652344
evaluation time:  7.878802061080933
epoch time:  7.881171703338623


-------------------------------- Iteration 17400 -------------------------------- 
initial ob: [-0.03264955  0.51487925  0.23688598 -0.12        0.7         0.04532742
  0.12        0.7         0.02        0.12        0.7         0.02      ]
agent_success: 0

training time:  0.002359151840209961
evaluation time:  7.902998447418213
epoch time:  7.905376434326172


-------------------------------- Iteration 17600 -------------------------------- 
initial ob: [-0.03264955  0.51487925  0.23688598 -0.12        0.7         0.04532742
  0.12        0.7         0.02        0.12        0.7         0.02      ]
agent_success: 0

training time:  0.0023584365844726562
evaluation time:  7.927282094955444
epoch time:  7.929656982421875


-------------------------------- Iteration 17800 -------------------------------- 
initial ob: [-0.03264955  0.51487925  0.23688598 -0.12        0.7         0.04532742
  0.12        0.7         0.02        0.12        0.7         0.02      ]
agent_success: 0

training time:  0.002351522445678711
evaluation time:  7.900926828384399
epoch time:  7.903347015380859


-------------------------------- Iteration 18000 -------------------------------- 
initial ob: [-0.03264955  0.51487925  0.23688598 -0.12        0.7         0.04532742
  0.12        0.7         0.02        0.12        0.7         0.02      ]
agent_success: 0

training time:  0.002361297607421875
evaluation time:  7.917839050292969
epoch time:  7.920215845108032


-------------------------------- Iteration 18200 -------------------------------- 
initial ob: [-0.03264955  0.51487925  0.23688598 -0.12        0.7         0.04532742
  0.12        0.7         0.02        0.12        0.7         0.02      ]
agent_success: 0

training time:  0.002373218536376953
evaluation time:  7.932072639465332
epoch time:  7.934466361999512


-------------------------------- Iteration 18400 -------------------------------- 
initial ob: [-0.03264955  0.51487925  0.23688598 -0.12        0.7         0.04532742
  0.12        0.7         0.02        0.12        0.7         0.02      ]
agent_success: 0

training time:  0.0023887157440185547
evaluation time:  7.903989553451538
epoch time:  7.90639591217041


-------------------------------- Iteration 18600 -------------------------------- 
initial ob: [-0.03264955  0.51487925  0.23688598 -0.12        0.7         0.04532742
  0.12        0.7         0.02        0.12        0.7         0.02      ]
agent_success: 0

training time:  0.0023632049560546875
evaluation time:  7.902402877807617
epoch time:  7.904782295227051


-------------------------------- Iteration 18800 -------------------------------- 
initial ob: [-0.03264955  0.51487925  0.23688598 -0.12        0.7         0.04532742
  0.12        0.7         0.02        0.12        0.7         0.02      ]
agent_success: 0

training time:  0.0023560523986816406
evaluation time:  7.925496578216553
epoch time:  7.927892208099365


-------------------------------- Iteration 19000 -------------------------------- 
initial ob: [-0.03264955  0.51487925  0.23688598 -0.12        0.7         0.04532742
  0.12        0.7         0.02        0.12        0.7         0.02      ]
agent_success: 0

training time:  0.002327442169189453
evaluation time:  7.900778770446777
epoch time:  7.903138875961304


-------------------------------- Iteration 19200 -------------------------------- 
initial ob: [-0.03264955  0.51487925  0.23688598 -0.12        0.7         0.04532742
  0.12        0.7         0.02        0.12        0.7         0.02      ]
agent_success: 0

training time:  0.0023505687713623047
evaluation time:  7.8797221183776855
epoch time:  7.882096767425537


-------------------------------- Iteration 19400 -------------------------------- 
initial ob: [-0.03264955  0.51487925  0.23688598 -0.12        0.7         0.04532742
  0.12        0.7         0.02        0.12        0.7         0.02      ]
agent_success: 0

training time:  0.0023615360260009766
evaluation time:  7.9127514362335205
epoch time:  7.915127992630005


-------------------------------- Iteration 19600 -------------------------------- 
initial ob: [-0.03264955  0.51487925  0.23688598 -0.12        0.7         0.04532742
  0.12        0.7         0.02        0.12        0.7         0.02      ]
agent_success: 0

training time:  0.0023512840270996094
evaluation time:  7.876485824584961
epoch time:  7.8788533210754395


-------------------------------- Iteration 19800 -------------------------------- 
initial ob: [-0.03264955  0.51487925  0.23688598 -0.12        0.7         0.04532742
  0.12        0.7         0.02        0.12        0.7         0.02      ]
agent_success: 0

training time:  0.002563953399658203
evaluation time:  7.909906625747681
epoch time:  7.912492990493774


-------------------------------- Iteration 20000 -------------------------------- 
initial ob: [-0.03264955  0.51487925  0.23688598 -0.12        0.7         0.04532742
  0.12        0.7         0.02        0.12        0.7         0.02      ]
agent_success: 0

training time:  0.002361297607421875
evaluation time:  7.86441707611084
epoch time:  7.866794586181641


-------------------------------- Iteration 20200 -------------------------------- 
initial ob: [-0.03264955  0.51487925  0.23688598 -0.12        0.7         0.04532742
  0.12        0.7         0.02        0.12        0.7         0.02      ]
agent_success: 0

training time:  0.0023682117462158203
evaluation time:  7.886990547180176
epoch time:  7.889379024505615


-------------------------------- Iteration 20400 -------------------------------- 
initial ob: [-0.03264955  0.51487925  0.23688598 -0.12        0.7         0.04532742
  0.12        0.7         0.02        0.12        0.7         0.02      ]
agent_success: 0

training time:  0.0023810863494873047
evaluation time:  7.858924627304077
epoch time:  7.8613903522491455


-------------------------------- Iteration 20600 -------------------------------- 
initial ob: [-0.03264955  0.51487925  0.23688598 -0.12        0.7         0.04532742
  0.12        0.7         0.02        0.12        0.7         0.02      ]
agent_success: 0

training time:  0.002391815185546875
evaluation time:  7.913398504257202
epoch time:  7.915820121765137


-------------------------------- Iteration 20800 -------------------------------- 
initial ob: [-0.03264955  0.51487925  0.23688598 -0.12        0.7         0.04532742
  0.12        0.7         0.02        0.12        0.7         0.02      ]
agent_success: 0

training time:  0.002379894256591797
evaluation time:  7.882299900054932
epoch time:  7.8847150802612305


-------------------------------- Iteration 21000 -------------------------------- 
initial ob: [-0.03264955  0.51487925  0.23688598 -0.12        0.7         0.04532742
  0.12        0.7         0.02        0.12        0.7         0.02      ]
agent_success: 0

training time:  0.0023238658905029297
evaluation time:  7.889947891235352
epoch time:  7.892287731170654


-------------------------------- Iteration 21200 -------------------------------- 
initial ob: [-0.03264955  0.51487925  0.23688598 -0.12        0.7         0.04532742
  0.12        0.7         0.02        0.12        0.7         0.02      ]
agent_success: 0

training time:  0.0023577213287353516
evaluation time:  7.891474962234497
epoch time:  7.893853187561035


-------------------------------- Iteration 21400 -------------------------------- 
initial ob: [-0.03264955  0.51487925  0.23688598 -0.12        0.7         0.04532742
  0.12        0.7         0.02        0.12        0.7         0.02      ]
agent_success: 0

training time:  0.0023508071899414062
evaluation time:  7.887206315994263
epoch time:  7.889573335647583


-------------------------------- Iteration 21600 -------------------------------- 
initial ob: [-0.03264955  0.51487925  0.23688598 -0.12        0.7         0.04532742
  0.12        0.7         0.02        0.12        0.7         0.02      ]
agent_success: 0

training time:  0.0025544166564941406
evaluation time:  7.8938446044921875
epoch time:  7.896429777145386


-------------------------------- Iteration 21800 -------------------------------- 
initial ob: [-0.03264955  0.51487925  0.23688598 -0.12        0.7         0.04532742
  0.12        0.7         0.02        0.12        0.7         0.02      ]
agent_success: 0

training time:  0.002373218536376953
evaluation time:  7.902060270309448
epoch time:  7.904468059539795


-------------------------------- Iteration 22000 -------------------------------- 
initial ob: [-0.03264955  0.51487925  0.23688598 -0.12        0.7         0.04532742
  0.12        0.7         0.02        0.12        0.7         0.02      ]
agent_success: 0

training time:  0.002399444580078125
evaluation time:  7.917160987854004
epoch time:  7.9195756912231445


-------------------------------- Iteration 22200 -------------------------------- 
initial ob: [-0.03264955  0.51487925  0.23688598 -0.12        0.7         0.04532742
  0.12        0.7         0.02        0.12        0.7         0.02      ]
agent_success: 0

training time:  0.002374887466430664
evaluation time:  7.864743947982788
epoch time:  7.867141962051392


-------------------------------- Iteration 22400 -------------------------------- 
initial ob: [-0.03264955  0.51487925  0.23688598 -0.12        0.7         0.04532742
  0.12        0.7         0.02        0.12        0.7         0.02      ]
agent_success: 0

training time:  0.002382993698120117
evaluation time:  7.8676393032073975
epoch time:  7.870037317276001


-------------------------------- Iteration 22600 -------------------------------- 
initial ob: [-0.03264955  0.51487925  0.23688598 -0.12        0.7         0.04532742
  0.12        0.7         0.02        0.12        0.7         0.02      ]
agent_success: 0

training time:  0.0023529529571533203
evaluation time:  7.917825222015381
epoch time:  7.920198440551758


-------------------------------- Iteration 22800 -------------------------------- 
initial ob: [-0.03264955  0.51487925  0.23688598 -0.12        0.7         0.04532742
  0.12        0.7         0.02        0.12        0.7         0.02      ]
agent_success: 0

training time:  0.0023648738861083984
evaluation time:  7.869985342025757
epoch time:  7.872366189956665


-------------------------------- Iteration 23000 -------------------------------- 
initial ob: [-0.03264955  0.51487925  0.23688598 -0.12        0.7         0.04532742
  0.12        0.7         0.02        0.12        0.7         0.02      ]
agent_success: 0

training time:  0.0023577213287353516
evaluation time:  7.884846925735474
epoch time:  7.8872294425964355


-------------------------------- Iteration 23200 -------------------------------- 
initial ob: [-0.03264955  0.51487925  0.23688598 -0.12        0.7         0.04532742
  0.12        0.7         0.02        0.12        0.7         0.02      ]
agent_success: 0

training time:  0.002352476119995117
evaluation time:  7.869207143783569
epoch time:  7.871591329574585


-------------------------------- Iteration 23400 -------------------------------- 
initial ob: [-0.03264955  0.51487925  0.23688598 -0.12        0.7         0.04532742
  0.12        0.7         0.02        0.12        0.7         0.02      ]
agent_success: 0

training time:  0.0023925304412841797
evaluation time:  7.918812274932861
epoch time:  7.921223878860474


-------------------------------- Iteration 23600 -------------------------------- 
initial ob: [-0.03264955  0.51487925  0.23688598 -0.12        0.7         0.04532742
  0.12        0.7         0.02        0.12        0.7         0.02      ]
agent_success: 0

training time:  0.002347707748413086
evaluation time:  7.903856039047241
epoch time:  7.906224966049194


-------------------------------- Iteration 23800 -------------------------------- 
initial ob: [-0.03264955  0.51487925  0.23688598 -0.12        0.7         0.04532742
  0.12        0.7         0.02        0.12        0.7         0.02      ]
agent_success: 0

training time:  0.0023429393768310547
evaluation time:  7.850589275360107
epoch time:  7.852946996688843


-------------------------------- Iteration 24000 -------------------------------- 
initial ob: [-0.03264955  0.51487925  0.23688598 -0.12        0.7         0.04532742
  0.12        0.7         0.02        0.12        0.7         0.02      ]
agent_success: 0

training time:  0.002389192581176758
evaluation time:  7.94473671913147
epoch time:  7.947149753570557


-------------------------------- Iteration 24200 -------------------------------- 
initial ob: [-0.03264955  0.51487925  0.23688598 -0.12        0.7         0.04532742
  0.12        0.7         0.02        0.12        0.7         0.02      ]
agent_success: 0

training time:  0.0023398399353027344
evaluation time:  7.8747477531433105
epoch time:  7.8771045207977295


-------------------------------- Iteration 24400 -------------------------------- 
initial ob: [-0.03264955  0.51487925  0.23688598 -0.12        0.7         0.04532742
  0.12        0.7         0.02        0.12        0.7         0.02      ]
agent_success: 0

training time:  0.002370595932006836
evaluation time:  7.9089295864105225
epoch time:  7.911316633224487


-------------------------------- Iteration 24600 -------------------------------- 
initial ob: [-0.03264955  0.51487925  0.23688598 -0.12        0.7         0.04532742
  0.12        0.7         0.02        0.12        0.7         0.02      ]
agent_success: 0

training time:  0.002317190170288086
evaluation time:  7.876274347305298
epoch time:  7.878612995147705


-------------------------------- Iteration 24800 -------------------------------- 
initial ob: [-0.03264955  0.51487925  0.23688598 -0.12        0.7         0.04532742
  0.12        0.7         0.02        0.12        0.7         0.02      ]
agent_success: 0

training time:  0.002338886260986328
evaluation time:  7.929686069488525
epoch time:  7.932041883468628


-------------------------------- Iteration 25000 -------------------------------- 
initial ob: [-0.03264955  0.51487925  0.23688598 -0.12        0.7         0.04532742
  0.12        0.7         0.02        0.12        0.7         0.02      ]
agent_success: 0

training time:  0.0023756027221679688
evaluation time:  7.941775560379028
epoch time:  7.944169759750366


-------------------------------- Iteration 25200 -------------------------------- 
initial ob: [-0.03264955  0.51487925  0.23688598 -0.12        0.7         0.04532742
  0.12        0.7         0.02        0.12        0.7         0.02      ]
agent_success: 0

training time:  0.002401590347290039
evaluation time:  7.921033143997192
epoch time:  7.923449993133545


-------------------------------- Iteration 25400 -------------------------------- 
initial ob: [-0.03264955  0.51487925  0.23688598 -0.12        0.7         0.04532742
  0.12        0.7         0.02        0.12        0.7         0.02      ]
agent_success: 0

training time:  0.0025708675384521484
evaluation time:  7.878478288650513
epoch time:  7.8810811042785645


-------------------------------- Iteration 25600 -------------------------------- 
initial ob: [-0.03264955  0.51487925  0.23688598 -0.12        0.7         0.04532742
  0.12        0.7         0.02        0.12        0.7         0.02      ]
agent_success: 0

training time:  0.0025680065155029297
evaluation time:  7.879160165786743
epoch time:  7.88174295425415


-------------------------------- Iteration 25800 -------------------------------- 
initial ob: [-0.03264955  0.51487925  0.23688598 -0.12        0.7         0.04532742
  0.12        0.7         0.02        0.12        0.7         0.02      ]
agent_success: 0

training time:  0.002355813980102539
evaluation time:  7.879736423492432
epoch time:  7.882106065750122


-------------------------------- Iteration 26000 -------------------------------- 
initial ob: [-0.03264955  0.51487925  0.23688598 -0.12        0.7         0.04532742
  0.12        0.7         0.02        0.12        0.7         0.02      ]
agent_success: 0

training time:  0.002337217330932617
evaluation time:  7.91353178024292
epoch time:  7.915890216827393


-------------------------------- Iteration 26200 -------------------------------- 
initial ob: [-0.03264955  0.51487925  0.23688598 -0.12        0.7         0.04532742
  0.12        0.7         0.02        0.12        0.7         0.02      ]
agent_success: 0

training time:  0.0023720264434814453
evaluation time:  7.934340476989746
epoch time:  7.936764240264893


-------------------------------- Iteration 26400 -------------------------------- 
initial ob: [-0.03264955  0.51487925  0.23688598 -0.12        0.7         0.04532742
  0.12        0.7         0.02        0.12        0.7         0.02      ]
agent_success: 0

training time:  0.0023505687713623047
evaluation time:  7.895597457885742
epoch time:  7.897978067398071


-------------------------------- Iteration 26600 -------------------------------- 
initial ob: [-0.03264955  0.51487925  0.23688598 -0.12        0.7         0.04532742
  0.12        0.7         0.02        0.12        0.7         0.02      ]
agent_success: 0

training time:  0.00235748291015625
evaluation time:  7.924540996551514
epoch time:  7.92691445350647


-------------------------------- Iteration 26800 -------------------------------- 
initial ob: [-0.03264955  0.51487925  0.23688598 -0.12        0.7         0.04532742
  0.12        0.7         0.02        0.12        0.7         0.02      ]
agent_success: 0

training time:  0.002353668212890625
evaluation time:  7.91239857673645
epoch time:  7.914797067642212


-------------------------------- Iteration 27000 -------------------------------- 
initial ob: [-0.03264955  0.51487925  0.23688598 -0.12        0.7         0.04532742
  0.12        0.7         0.02        0.12        0.7         0.02      ]
agent_success: 0

training time:  0.0023670196533203125
evaluation time:  7.909898519515991
epoch time:  7.912281036376953


-------------------------------- Iteration 27200 -------------------------------- 
initial ob: [-0.03264955  0.51487925  0.23688598 -0.12        0.7         0.04532742
  0.12        0.7         0.02        0.12        0.7         0.02      ]
agent_success: 0

training time:  0.002336263656616211
evaluation time:  7.914720058441162
epoch time:  7.917071342468262


-------------------------------- Iteration 27400 -------------------------------- 
initial ob: [-0.03264955  0.51487925  0.23688598 -0.12        0.7         0.04532742
  0.12        0.7         0.02        0.12        0.7         0.02      ]
agent_success: 0

training time:  0.002350330352783203
evaluation time:  7.926740407943726
epoch time:  7.929112434387207


-------------------------------- Iteration 27600 -------------------------------- 
initial ob: [-0.03264955  0.51487925  0.23688598 -0.12        0.7         0.04532742
  0.12        0.7         0.02        0.12        0.7         0.02      ]
agent_success: 0

training time:  0.002361774444580078
evaluation time:  7.924317121505737
epoch time:  7.92669415473938


-------------------------------- Iteration 27800 -------------------------------- 
initial ob: [-0.03264955  0.51487925  0.23688598 -0.12        0.7         0.04532742
  0.12        0.7         0.02        0.12        0.7         0.02      ]
agent_success: 0

training time:  0.0023479461669921875
evaluation time:  7.892714977264404
epoch time:  7.895096302032471


-------------------------------- Iteration 28000 -------------------------------- 
initial ob: [-0.03264955  0.51487925  0.23688598 -0.12        0.7         0.04532742
  0.12        0.7         0.02        0.12        0.7         0.02      ]
agent_success: 0

training time:  0.0023305416107177734
evaluation time:  7.91939640045166
epoch time:  7.921760082244873


-------------------------------- Iteration 28200 -------------------------------- 
initial ob: [-0.03264955  0.51487925  0.23688598 -0.12        0.7         0.04532742
  0.12        0.7         0.02        0.12        0.7         0.02      ]
agent_success: 0

training time:  0.0023643970489501953
evaluation time:  7.875475168228149
epoch time:  7.877906799316406


-------------------------------- Iteration 28400 -------------------------------- 
initial ob: [-0.03264955  0.51487925  0.23688598 -0.12        0.7         0.04532742
  0.12        0.7         0.02        0.12        0.7         0.02      ]
agent_success: 0

training time:  0.002388477325439453
evaluation time:  7.927493095397949
epoch time:  7.929903984069824


-------------------------------- Iteration 28600 -------------------------------- 
initial ob: [-0.03264955  0.51487925  0.23688598 -0.12        0.7         0.04532742
  0.12        0.7         0.02        0.12        0.7         0.02      ]
agent_success: 0

training time:  0.002335071563720703
evaluation time:  7.925285339355469
epoch time:  7.9276347160339355


-------------------------------- Iteration 28800 -------------------------------- 
initial ob: [-0.03264955  0.51487925  0.23688598 -0.12        0.7         0.04532742
  0.12        0.7         0.02        0.12        0.7         0.02      ]
agent_success: 0

training time:  0.002371549606323242
evaluation time:  7.9221107959747314
epoch time:  7.9245216846466064


-------------------------------- Iteration 29000 -------------------------------- 
initial ob: [-0.03264955  0.51487925  0.23688598 -0.12        0.7         0.04532742
  0.12        0.7         0.02        0.12        0.7         0.02      ]
agent_success: 0

training time:  0.0023670196533203125
evaluation time:  7.928625583648682
epoch time:  7.931008577346802


-------------------------------- Iteration 29200 -------------------------------- 
initial ob: [-0.03264955  0.51487925  0.23688598 -0.12        0.7         0.04532742
  0.12        0.7         0.02        0.12        0.7         0.02      ]
agent_success: 0

training time:  0.0023593902587890625
evaluation time:  7.934946060180664
epoch time:  7.937335252761841


-------------------------------- Iteration 29400 -------------------------------- 
initial ob: [-0.03264955  0.51487925  0.23688598 -0.12        0.7         0.04532742
  0.12        0.7         0.02        0.12        0.7         0.02      ]
agent_success: 0

training time:  0.0023577213287353516
evaluation time:  7.915738582611084
epoch time:  7.9181132316589355


-------------------------------- Iteration 29600 -------------------------------- 
initial ob: [-0.03264955  0.51487925  0.23688598 -0.12        0.7         0.04532742
  0.12        0.7         0.02        0.12        0.7         0.02      ]
agent_success: 0

training time:  0.0023581981658935547
evaluation time:  7.90036678314209
epoch time:  7.902741432189941


-------------------------------- Iteration 29800 -------------------------------- 
initial ob: [-0.03264955  0.51487925  0.23688598 -0.12        0.7         0.04532742
  0.12        0.7         0.02        0.12        0.7         0.02      ]
agent_success: 0

training time:  0.0023429393768310547
evaluation time:  7.93092679977417
epoch time:  7.933288097381592


-------------------------------- Iteration 30000 -------------------------------- 
initial ob: [-0.03264955  0.51487925  0.23688598 -0.12        0.7         0.04532742
  0.12        0.7         0.02        0.12        0.7         0.02      ]
agent_success: 0

training time:  0.0023407936096191406
evaluation time:  7.907547235488892
epoch time:  7.909902811050415


-------------------------------- Iteration 30200 -------------------------------- 
initial ob: [-0.03264955  0.51487925  0.23688598 -0.12        0.7         0.04532742
  0.12        0.7         0.02        0.12        0.7         0.02      ]
agent_success: 0

training time:  0.0023479461669921875
evaluation time:  7.907817840576172
epoch time:  7.9101972579956055


-------------------------------- Iteration 30400 -------------------------------- 
initial ob: [-0.03264955  0.51487925  0.23688598 -0.12        0.7         0.04532742
  0.12        0.7         0.02        0.12        0.7         0.02      ]
agent_success: 0

training time:  0.0023429393768310547
evaluation time:  7.905145883560181
epoch time:  7.907505035400391


-------------------------------- Training stopped due to early stopping -------------------------------- 
min loss:  0.0046343016


-------------------------------- Test Results -------------------------------- 
initial ob: [-0.03264955  0.51487925  0.23688598 -0.12        0.7         0.04532742
  0.12        0.7         0.02        0.12        0.7         0.02      ]
agent_success: 0

mean_success_rate:  0.0
Done
