/var/lib/slurm/slurmd/job3515626/slurm_script: line 9: batch_scripts/MT50_batch/seed.sh: No such file or directory
SLURM_JOBID=3515626
working directory=/viscam/u/jialugao/Imitation-SoftModule
########################
logging outputs to  /viscam/u/jialugao/Imitation-SoftModule/data/Base_bc_reach_sweep-v1_2640.000125-01-2022_23-01-55
########################
{'expert_policy_file': '../Multi-Task-RL/log/MT50_Single_Task/sweep-v1/Fixed/238/model/model_pf_best.pth', 'exp_name': 'bc_reach', 'do_dagger': False, 'ep_len': 200, 'gradient_steps': 1, 'n_iter': 10000, 'render_interval': 1, 'eval_interval': 200, 'batch_size': 64, 'eval_batch_size': 32, 'train_batch_size': 32, 'n_layers': 2, 'size': 400, 'learning_rate': 0.0001, 'video_log_freq': -1, 'scalar_log_freq': 1, 'no_gpu': False, 'which_gpu': 0, 'max_replay_buffer_size': 1000000, 'save_params': False, 'seed': 32, 'worker_nums': 1, 'eval_worker_nums': 1, 'config': 'config/BC.json', 'no_cuda': True, 'random_init': False, 'device': 'cpu', 'id': 'MT50_Single_Task', 'task_name': 'sweep-v1', 'task_env': 'MT50_task_env', 'cuda': False, 'log_dir': '/viscam/u/jialugao/Imitation-SoftModule/data/Base_bc_reach_sweep-v1_2640.000125-01-2022_23-01-55', 'agent_class': <class 'agents.bc_agent.MLPAgent'>, 'agent_params': {'n_layers': 2, 'size': 400, 'learning_rate': 0.0001, 'max_replay_buffer_size': 1000000, 'discrete': False, 'ac_dim': 4, 'ob_dim': 9}}
{'env_name': 'single_task', 'env': {'reward_scale': 1, 'obs_norm': False}, 'meta_env': {'obs_type': 'with_goal', 'random_init': False}, 'replay_buffer': {'size': 1000000.0}, 'net': {'hidden_shapes': [400, 400], 'append_hidden_shapes': [400], 'base_type': <class 'networks.base.MLPBase'>}, 'general_setting': {'discount': 0.99, 'pretrain_epochs': 20, 'num_epochs': 7500, 'epoch_frames': 200, 'max_episode_frames': 200, 'batch_size': 1280, 'min_pool': 10000, 'target_hard_update_period': 1000, 'use_soft_update': True, 'tau': 0.005, 'opt_times': 200, 'eval_episodes': 100, 'train_render': False, 'eval_render': False, 'env': <NormAct<RewardShift<SingleWrapperNone>>>, 'logger': <utils.logger.Logger object at 0x7fab36e3aad0>, 'device': device(type='cpu')}, 'sac': {'plr': 0.0003, 'qlr': 0.0003, 'reparameterization': True, 'automatic_entropy_tuning': True, 'policy_std_reg_weight': 0, 'policy_mean_reg_weight': 0}}
Loading expert policy from... ../Multi-Task-RL/log/MT50_Single_Task/sweep-v1/Fixed/238/model/model_pf_best.pth
tensor([[ 7.7623e-01,  1.9105e-01, -8.5005e-01,  ..., -3.6539e-02,
         -2.2681e-02,  1.0117e-02],
        [ 3.4869e-01, -2.9786e-02, -1.4388e-01,  ...,  9.0029e-03,
         -1.0800e-02,  6.5071e-03],
        [ 3.0324e-01, -4.2976e-01, -2.6601e-01,  ..., -1.5992e-03,
          7.7486e-02, -7.5332e-02],
        ...,
        [ 8.6947e-02, -9.7547e-02,  2.3806e-02,  ...,  4.0015e-02,
         -6.4844e-02,  5.1164e-02],
        [ 2.0551e+00, -2.7807e-01,  2.6663e-02,  ..., -4.6097e-02,
         -3.0028e-01,  3.6285e-01],
        [ 2.3607e+00, -1.9912e-01, -3.4107e-01,  ..., -2.1146e-02,
         -3.7675e-02,  4.1688e-02]])
Done restoring expert policy...
<NormAct<RewardShift<AugObs<SawyerSweepEnv instance>>>>


-------------------------------- Iteration 0 -------------------------------- 
initial ob: [-0.03358889  0.51377023  0.23633834  0.          0.6         0.02
  0.          0.95       -0.3         0.          0.95       -0.3       ]
expert:[ 0.9286892   0.46592388 -0.91074914 -0.32784832]
expert:[ 0.95001507 -0.23734985 -0.94872594 -0.6696492 ]
expert:[ 0.9593527  -0.79566765 -0.9745103  -0.842309  ]
expert:[ 0.9386059 -0.8929157 -0.9759055 -0.8090204]
expert:[ 0.95457274  0.8418667  -0.9836046   0.7897219 ]
expert:[ 0.92874944  0.9617298  -0.9817145   0.89488554]
expert:[ 0.74368626  0.97245216 -0.9787443   0.84870404]
expert:[-0.14689268  0.9640712  -0.9816974   0.6045177 ]
expert:[-0.6947054   0.8366495  -0.9667891   0.38590515]
expert:[-0.85683703  0.24309692 -0.94778705  0.44773406]
expert:[-0.8736543  -0.43836093 -0.94136995  0.41870233]
expert:[-0.7806598  -0.74314624 -0.9407267   0.25550845]
expert:[-0.1345478  -0.73882085 -0.94618434 -0.2567431 ]
expert:[ 0.62512845  0.54587185 -0.95359874 -0.7055534 ]
expert:[ 0.46970138  0.9555032  -0.9646983  -0.87001354]
expert:[-0.37715808  0.9774261  -0.9741798  -0.9554064 ]
expert:[-0.89879525  0.9824426  -0.97967625 -0.9814024 ]
expert:[-0.9756211   0.9821757  -0.9816672  -0.98639077]
expert:[-0.98668474  0.9467773  -0.96178836 -0.98014396]
expert:[-0.9893272  -0.9827328  -0.98750895 -0.9927178 ]
expert:[-0.9906655 -0.9944188 -0.9860617 -0.9941428]
expert:[-0.9909525  -0.9953873  -0.9860402  -0.99436605]
expert:[-0.9849407  -0.99377304 -0.9772361  -0.991579  ]
expert:[-0.9840461 -0.9913935 -0.9733839 -0.9889144]
expert:[-0.98849493 -0.9945746  -0.9814885  -0.991484  ]
expert:[-0.9891195  -0.99452376 -0.97836083 -0.99016964]
expert:[-0.9895114  -0.994751   -0.97305727 -0.98843175]
expert:[-0.99000424 -0.9955404  -0.9733153  -0.9881612 ]
expert:[-0.99072653 -0.9957242  -0.9755244  -0.9887535 ]
expert:[-0.992707   -0.99431425 -0.97928154 -0.99070185]
expert:[-0.99555767 -0.97397536 -0.98075026 -0.9954866 ]
expert:[-0.9959416   0.01002685 -0.9838243  -0.99565345]
expert:[-0.9974697   0.97151345 -0.9874381  -0.99699795]
expert:[-0.99745584  0.9988883  -0.9878412  -0.99585426]
expert:[-0.9972183   0.9997267  -0.9901369  -0.99579775]
expert:[-0.9974506  0.9998268 -0.9912676 -0.9962249]
expert:[-0.99738526  0.9998792  -0.9920596  -0.9960436 ]
expert:[-0.99731106  0.99985266 -0.9928655  -0.9963091 ]
expert:[-0.9972198   0.99973094 -0.99324304 -0.9960989 ]
expert:[-0.9970756   0.9993774  -0.9934931  -0.99589694]
expert:[-0.99676156  0.99773204 -0.99348736 -0.99583507]
expert:[-0.99593556  0.99575055 -0.9935626  -0.99531305]
expert:[-0.99603057  0.9917311  -0.9932504  -0.9946238 ]
expert:[-0.99638236  0.97990817 -0.9929735  -0.99430704]
expert:[-0.99620354  0.97286606 -0.99351734 -0.994701  ]
expert:[-0.9965416   0.9570513  -0.9932967  -0.99530035]
expert:[-0.9969341   0.90869063 -0.99221885 -0.99571174]
expert:[-0.9970994   0.7837146  -0.99112326 -0.9958442 ]
expert:[-0.9970139   0.60708857 -0.9902494  -0.9960056 ]
expert:[-0.9968074   0.05008442 -0.98876214 -0.9962887 ]
expert:[-0.9968726  -0.40696043 -0.9873573  -0.9966256 ]
expert:[-0.9969053  -0.66537356 -0.98656154 -0.996703  ]
expert:[-0.9970081  -0.78776133 -0.9875706  -0.99650717]
expert:[-0.9974031  -0.8755282  -0.9883579  -0.99666727]
expert:[-0.9979035  -0.92277014 -0.9884577  -0.9969468 ]
expert:[-0.9982512  -0.950742   -0.98817617 -0.99712235]
expert:[-0.99808896 -0.9501259  -0.9885588  -0.9973788 ]
expert:[-0.99777395 -0.9484785  -0.98934615 -0.99758965]
expert:[-0.9975959  -0.954637   -0.9894332  -0.99748456]
expert:[-0.9974279  -0.9576769  -0.98832875 -0.99712855]
expert:[-0.9973726  -0.9598531  -0.98804134 -0.99682635]
expert:[-0.9972717 -0.9611856 -0.9876391 -0.9963911]
expert:[-0.9970896  -0.9621329  -0.98692983 -0.9957276 ]
expert:[-0.9968374  -0.9639629  -0.98628885 -0.9952564 ]
expert:[-0.99647343 -0.9649953  -0.98538005 -0.9947049 ]
expert:[-0.9954495  -0.96388084 -0.9843687  -0.9940193 ]
expert:[-0.9938056  -0.96060544 -0.9828196  -0.9925957 ]
expert:[-0.9915088  -0.95878416 -0.9817739  -0.99101835]
expert:[-0.9880264  -0.95674026 -0.98054147 -0.9888928 ]
expert:[-0.983862   -0.95486814 -0.9796764  -0.98680925]
expert:[-0.98060405 -0.9536351  -0.9790972  -0.9866005 ]
expert:[-0.9793674  -0.95432395 -0.9793487  -0.98753256]
expert:[-0.9803761  -0.95724523 -0.9804682  -0.98853916]
expert:[-0.9811229 -0.9583376 -0.9809728 -0.9891645]
expert:[-0.9830338  -0.9581237  -0.9814796  -0.99000704]
expert:[-0.98471683 -0.9571786  -0.98172224 -0.9906761 ]
expert:[-0.98619825 -0.9556971  -0.98179126 -0.9912273 ]
expert:[-0.987477   -0.95406234 -0.9817781  -0.99169326]
expert:[-0.98854136 -0.9568524  -0.9829676  -0.9925073 ]
expert:[-0.98923284 -0.95853716 -0.9838183  -0.9929895 ]
expert:[-0.9896962 -0.959577  -0.9844477 -0.9932775]
expert:[-0.99008715 -0.96045107 -0.9849739  -0.993504  ]
expert:[-0.9904755  -0.96137935 -0.98548526 -0.9937408 ]
expert:[-0.9908145  -0.962301   -0.98588353 -0.9939156 ]
expert:[-0.991044   -0.96311647 -0.9860424  -0.9939305 ]
expert:[-0.9912643  -0.96395326 -0.98611575 -0.99388784]
expert:[-0.99137074 -0.9646533  -0.98600924 -0.99376273]
expert:[-0.9914146  -0.9646503  -0.98602796 -0.99363786]
expert:[-0.9914304  -0.96448034 -0.98600626 -0.99348116]
expert:[-0.9913891  -0.9641224  -0.9858918  -0.99325824]
expert:[-0.99133617 -0.96377707 -0.985758   -0.99302363]
expert:[-0.99124676 -0.9633219  -0.98557013 -0.99274135]
expert:[-0.9911508 -0.9628739 -0.9853681 -0.992447 ]
expert:[-0.9910321  -0.96252877 -0.98523074 -0.99228203]
expert:[-0.99089706 -0.96218354 -0.985078   -0.99211305]
expert:[-0.9907447  -0.96183693 -0.9849095  -0.99193984]
expert:[-0.9905846  -0.9615781  -0.98472613 -0.99176824]
expert:[-0.99040395 -0.9613776  -0.98451716 -0.9915905 ]
expert:[-0.9903014 -0.9612494 -0.9844006 -0.9914711]
expert:[-0.9906224  -0.96117795 -0.9847598  -0.9915985 ]
expert:[-0.99079347 -0.9604247  -0.98496336 -0.99155045]
expert:[-0.99089986 -0.9593079  -0.9850903  -0.9914345 ]
expert:[-0.99100834 -0.9581555  -0.9852217  -0.99132514]
expert:[-0.99106956 -0.9567837  -0.98527867 -0.99114734]
expert:[-0.9910713  -0.9551377  -0.98524445 -0.9908816 ]
expert:[-0.9910809  -0.95346606 -0.98523194 -0.9906386 ]
expert:[-0.99109244 -0.95171714 -0.98522705 -0.9904039 ]
expert:[-0.991106   -0.9498939  -0.98522615 -0.9901711 ]
expert:[-0.99112135 -0.94799274 -0.98522913 -0.9899406 ]
expert:[-0.991189   -0.9461993  -0.98531204 -0.9900097 ]
expert:[-0.9912708  -0.94438416 -0.98541754 -0.99016017]
expert:[-0.99135214 -0.9424915  -0.9855238  -0.99030715]
expert:[-0.991433  -0.9405175 -0.9856308 -0.9904506]
expert:[-0.9915135  -0.9384582  -0.98573846 -0.9905908 ]
expert:[-0.99157286 -0.93626505 -0.98584837 -0.9907362 ]
expert:[-0.99163115 -0.9339734  -0.985959   -0.9908785 ]
expert:[-0.9916887  -0.931579   -0.98607016 -0.99101776]
expert:[-0.99174565 -0.92907745 -0.9861819  -0.9911539 ]
expert:[-0.9918014  -0.92645913 -0.98629415 -0.9912872 ]
expert:[-0.99183035 -0.9235115  -0.98640084 -0.9914219 ]
expert:[-0.9918582 -0.9204178 -0.986508  -0.9915538]
expert:[-0.9919466  -0.9181452  -0.98668474 -0.99168414]
expert:[-0.9921269  -0.9172102  -0.9869608  -0.99182075]
expert:[-0.992308   -0.9164061  -0.9872516  -0.99198264]
expert:[-0.9924892  -0.9156738  -0.9875484  -0.99215704]
expert:[-0.9926817  -0.9151723  -0.98783684 -0.99232614]
expert:[-0.9928031  -0.91358393 -0.9880281  -0.9924148 ]
expert:[-0.99275    -0.9091732  -0.9880582  -0.99235815]
expert:[-0.9926675  -0.90417635 -0.98807025 -0.99227935]
expert:[-0.99258614 -0.898946   -0.9880875  -0.9921983 ]
expert:[-0.9925059  -0.89347446 -0.9881098  -0.9921149 ]
expert:[-0.992427   -0.8877545  -0.98813736 -0.99202913]
expert:[-0.99234945 -0.8817776  -0.98817    -0.9919409 ]
expert:[-0.99227315 -0.87553644 -0.98820776 -0.9918502 ]
expert:[-0.99219835 -0.86902356 -0.9882505  -0.99175686]
expert:[-0.99214745 -0.86261517 -0.98833555 -0.99170077]
expert:[-0.99211013 -0.85614717 -0.98844695 -0.9916669 ]
expert:[-0.99209166 -0.8499105  -0.988572   -0.9916373 ]
expert:[-0.99208146 -0.843765   -0.9887093  -0.9916154 ]
expert:[-0.9920787  -0.837776   -0.98886234 -0.99160737]
expert:[-0.992083   -0.83188003 -0.9890296  -0.99161136]
expert:[-0.9921022  -0.8261476  -0.98923546 -0.9916527 ]
expert:[-0.992136   -0.82054234 -0.98944706 -0.9917032 ]
expert:[-0.99217457 -0.81489736 -0.98966163 -0.99175555]
expert:[-0.99221677 -0.8091973  -0.9898787  -0.99180883]
expert:[-0.99226147 -0.8031974  -0.9901051  -0.99187535]
expert:[-0.99230945 -0.7970835  -0.9903344  -0.99194515]
expert:[-0.99238014 -0.79158926 -0.99058115 -0.99203366]
expert:[-0.9924514  -0.7860192  -0.99082935 -0.99212354]
expert:[-0.9925219  -0.7801289  -0.99107796 -0.99222094]
expert_success: 1.0
path_length: 150
