/var/lib/slurm/slurmd/job3515724/slurm_script: line 9: batch_scripts/MT50_batch/seed.sh: No such file or directory
SLURM_JOBID=3515724
working directory=/viscam/u/jialugao/Imitation-SoftModule
########################
logging outputs to  /viscam/u/jialugao/Imitation-SoftModule/data/Base_bc_reach_push-v1_2640.000125-01-2022_23-54-02
########################
{'expert_policy_file': '../Multi-Task-RL/log/MT50_Single_Task/push-v1/Fixed/238/model/model_pf_best.pth', 'exp_name': 'bc_reach', 'do_dagger': False, 'ep_len': 200, 'gradient_steps': 1, 'n_iter': 100000, 'render_interval': 1, 'eval_interval': 200, 'batch_size': 64, 'eval_batch_size': 32, 'train_batch_size': 32, 'n_layers': 2, 'size': 400, 'learning_rate': 0.0001, 'video_log_freq': -1, 'scalar_log_freq': 1, 'no_gpu': False, 'which_gpu': 0, 'max_replay_buffer_size': 1000000, 'save_params': False, 'seed': 32, 'worker_nums': 1, 'eval_worker_nums': 1, 'config': 'config/BC.json', 'no_cuda': True, 'random_init': False, 'device': 'cpu', 'id': 'MT50_Single_Task', 'task_name': 'push-v1', 'task_env': 'MT50_task_env', 'cuda': False, 'log_dir': '/viscam/u/jialugao/Imitation-SoftModule/data/Base_bc_reach_push-v1_2640.000125-01-2022_23-54-02', 'agent_class': <class 'agents.bc_agent.MLPAgent'>, 'agent_params': {'n_layers': 2, 'size': 400, 'learning_rate': 0.0001, 'max_replay_buffer_size': 1000000, 'discrete': False, 'ac_dim': 4, 'ob_dim': 9}}
{'env_name': 'single_task', 'env': {'reward_scale': 1, 'obs_norm': False}, 'meta_env': {'obs_type': 'with_goal', 'random_init': False}, 'replay_buffer': {'size': 1000000.0}, 'net': {'hidden_shapes': [400, 400], 'append_hidden_shapes': [400], 'base_type': <class 'networks.base.MLPBase'>}, 'general_setting': {'discount': 0.99, 'pretrain_epochs': 20, 'num_epochs': 7500, 'epoch_frames': 200, 'max_episode_frames': 200, 'batch_size': 1280, 'min_pool': 10000, 'target_hard_update_period': 1000, 'use_soft_update': True, 'tau': 0.005, 'opt_times': 200, 'eval_episodes': 100, 'train_render': False, 'eval_render': False, 'env': <NormAct<RewardShift<SingleWrapperNone>>>, 'logger': <utils.logger.Logger object at 0x7f1806d42c50>, 'device': device(type='cpu')}, 'sac': {'plr': 0.0003, 'qlr': 0.0003, 'reparameterization': True, 'automatic_entropy_tuning': True, 'policy_std_reg_weight': 0, 'policy_mean_reg_weight': 0}}
Loading expert policy from... ../Multi-Task-RL/log/MT50_Single_Task/push-v1/Fixed/238/model/model_pf_best.pth
tensor([[-1.6365, -0.0422,  0.4934,  ..., -0.1641, -0.1100, -0.1586],
        [-0.2673, -0.1008, -0.0131,  ..., -0.0683, -0.0446, -0.1179],
        [ 0.0032, -0.0901, -0.0547,  ..., -0.0504, -0.0373, -0.0590],
        ...,
        [ 0.2442, -0.4963,  0.4462,  ...,  0.1417,  0.0937,  0.0955],
        [ 0.1520, -0.0453, -0.0662,  ..., -0.0508,  0.0408,  0.0120],
        [ 0.4992,  0.1345, -0.2358,  ..., -0.2010, -0.1930, -0.1629]])
Done restoring expert policy...
<NormAct<RewardShift<AugObs<SawyerReachPushPickPlaceEnv instance>>>>


-------------------------------- Iteration 0 -------------------------------- 
initial ob: [-0.03265039  0.51487777  0.2368754   0.          0.6         0.01492813
  0.1         0.8         0.02        0.1         0.8         0.02      ]
expert:[-0.964967    0.40635788 -0.94664824  0.1900532 ]
expert:[-0.9476171  -0.16142678 -0.949482    0.59178746]
expert:[-0.954652   -0.89909685 -0.9739257   0.904146  ]
expert:[-0.9453106  -0.95066553 -0.96838564  0.8556569 ]
expert:[-0.935553   -0.95870274 -0.9664867   0.6771031 ]
expert:[-0.8834692  -0.94308925 -0.9582091   0.48520035]
expert:[-0.7558723  -0.9321724  -0.96437     0.42270797]
expert:[ 0.8654684  -0.80894595 -0.9750682   0.27250206]
expert:[ 0.95394236 -0.5406452  -0.97298115  0.21701595]
expert:[ 0.9248092   0.55020446 -0.96664804 -0.5691947 ]
expert:[ 0.81192505  0.8587114  -0.945102   -0.8379614 ]
expert:[ 0.6156183   0.89825076 -0.9330836  -0.8907236 ]
expert:[-0.20621945  0.89182615 -0.9649631  -0.94240177]
expert:[-0.6750305   0.8721312  -0.97635853 -0.94966525]
expert:[-0.4119401   0.6963441  -0.94403464 -0.88100624]
expert:[ 0.44380662  0.4568803  -0.5410482  -0.4565576 ]
expert:[ 0.53826225  0.98645836  0.97179615 -0.992814  ]
expert:[ 0.6807073  0.9794072  0.9746078 -0.9922622]
expert:[ 0.6655036  0.9632738  0.9187665 -0.9842354]
expert:[ 0.7874203   0.91788775  0.607753   -0.9353686 ]
expert:[ 0.81299436  0.8385296  -0.08115985 -0.8245366 ]
expert:[ 0.76272285  0.8306993  -0.50148666 -0.6543758 ]
expert:[ 0.6738655  0.9365466 -0.7972281 -0.7162313]
expert:[-0.86840796  0.8360554  -0.97908825 -0.9926506 ]
expert:[-0.9686972   0.75816715 -0.98804915 -0.9943608 ]
expert:[-0.9371737   0.7815681  -0.95912266 -0.9863375 ]
expert:[ 0.70158696  0.96712685 -0.7517187   0.33801797]
expert:[ 0.73000824  0.9406844  -0.00857282  0.8149952 ]
expert:[0.46731308 0.9000676  0.650489   0.8108871 ]
expert:[0.375523   0.78080523 0.67470825 0.87899894]
expert:[0.30743343 0.16043031 0.23688848 0.90108293]
expert:[ 0.5260787  -0.6177371  -0.62448376  0.845334  ]
expert:[0.3860361  0.12696226 0.44267535 0.94330156]
expert:[-0.13050286  0.77208483  0.9508967   0.97767293]
expert:[0.11081821 0.8921006  0.84825224 0.98036   ]
expert:[0.572114   0.90845793 0.2734828  0.9750091 ]
expert:[ 0.7657523   0.9129252  -0.54974556  0.9751514 ]
expert:[ 0.86222893  0.930295   -0.90473944  0.98327124]
expert:[ 0.9046072   0.95922154 -0.9689056   0.98961705]
expert:[ 0.93049985  0.9733603  -0.98493546  0.9887612 ]
expert:[ 0.9458058  0.97986   -0.984105   0.9717141]
expert:[ 0.8854311   0.9496005  -0.93249303  0.75275236]
expert:[ 0.7180389   0.7196732  -0.8137708   0.24985047]
expert:[ 0.551546    0.4277651  -0.775248    0.08103074]
expert:[ 0.36007679  0.1840638  -0.7175991   0.01639748]
expert:[ 0.11827178  0.06871742 -0.6328862  -0.08041063]
expert:[-0.00945565 -0.05839193 -0.54558486 -0.07390939]
expert:[-0.08474686 -0.15409395 -0.44071397 -0.04239285]
expert:[-0.12773849 -0.18139425 -0.36336124 -0.03123087]
expert:[-0.13760905 -0.19346589 -0.3127008  -0.03948881]
expert:[-0.13796625 -0.20902084 -0.25881147 -0.04153439]
expert:[-0.1179887  -0.21029764 -0.22783977 -0.0440815 ]
expert:[-0.08034772 -0.19943921 -0.2136428  -0.05701043]
expert:[-0.05193775 -0.19253813 -0.21781962 -0.10928305]
expert:[-0.02532104 -0.18118557 -0.22834133 -0.16525213]
expert:[-0.01009131 -0.16225033 -0.23888727 -0.21646528]
expert:[ 0.01154997 -0.13498642 -0.24788524 -0.2589118 ]
expert:[ 0.04713779 -0.1018963  -0.25283664 -0.29825687]
expert:[ 0.06890663 -0.07108064 -0.25668582 -0.3265342 ]
expert:[ 0.07552426 -0.04044911 -0.26109654 -0.34619614]
expert:[ 0.07652734 -0.01220526 -0.26560476 -0.3508391 ]
expert:[ 0.07168069  0.00397725 -0.25758716 -0.33808896]
expert:[ 0.05369542  0.00707874 -0.23892316 -0.30104822]
expert:[ 0.01786107  0.00584223 -0.22706853 -0.2552462 ]
expert:[ 0.00070822  0.00814596 -0.21328661 -0.2168214 ]
expert:[-0.01120046  0.01219364 -0.20159636 -0.18477267]
expert:[-0.01957669  0.01420903 -0.1933617  -0.1620622 ]
expert:[-0.02481092  0.01472513 -0.18824542 -0.14930698]
expert:[-0.02721414  0.01408837 -0.1859814  -0.14544784]
expert:[-0.02661089  0.01258845 -0.18677066 -0.1489783 ]
expert:[-0.02345293  0.01060345 -0.19014403 -0.15825726]
expert:[-0.01870831  0.00844885 -0.19510284 -0.17128387]
expert:[-0.01333568  0.00632279 -0.20066677 -0.18595408]
expert:[-0.00809955  0.00434715 -0.206062   -0.2004328 ]
expert:[-0.00354574  0.00272609 -0.21077281 -0.21338679]
expert:[-3.3155084e-07  1.4916200e-03 -2.1447900e-01 -2.2398680e-01]
expert:[ 0.00244369  0.00046542 -0.21705219 -0.23184238]
expert:[ 0.00391263 -0.00033008 -0.21861012 -0.23696634]
expert:[ 0.00470454 -0.00049472 -0.21930544 -0.23954034]
expert:[ 0.00485501 -0.0008443  -0.21946211 -0.24021295]
expert:[ 0.00453272 -0.00131184 -0.21922137 -0.23945272]
expert:[ 0.00388337 -0.00182405 -0.21870148 -0.23772798]
expert:[ 0.0030825  -0.00210723 -0.21797948 -0.23541094]
expert:[ 0.00226221 -0.00205342 -0.21714787 -0.23284811]
expert:[ 0.00146424 -0.00189551 -0.2163276  -0.23037964]
expert:[ 0.00075057 -0.00166258 -0.21558419 -0.22820076]
expert:[ 1.5942380e-04 -1.3848385e-03 -2.1495990e-01 -2.2642535e-01]
expert:[-0.00028816 -0.0010862  -0.21447748 -0.22510506]
expert:[-0.00058958 -0.00078851 -0.21414258 -0.22423759]
expert:[-0.00075558 -0.00050804 -0.21394625 -0.22378343]
expert:[-0.00080735 -0.00025877 -0.21386804 -0.2236722 ]
expert:[-7.7051279e-04 -4.7668815e-05 -2.1388341e-01 -2.2382620e-01]
expert:[-6.7313376e-04  1.2001395e-04 -2.1396406e-01 -2.2416043e-01]
expert:[-0.00054153  0.00024456 -0.2140839  -0.2245969 ]
expert:[-0.00039828  0.0003244  -0.21422003 -0.22506747]
expert:[-0.00026052  0.00036779 -0.21435453 -0.2255214 ]
expert:[-1.3979152e-04  3.7853417e-04 -2.1447520e-01 -2.2592162e-01]
expert:[-4.3574721e-05  3.6101040e-04 -2.1457441e-01 -2.2624552e-01]
expert:[ 2.6192516e-05  3.2454729e-04 -2.1464878e-01 -2.2648546e-01]
expert:[ 7.0568174e-05  2.7447939e-04 -2.1469897e-01 -2.2664334e-01]
expert:[ 9.3009323e-05  2.1885335e-04 -2.1472754e-01 -2.2672892e-01]
expert:[ 9.7449869e-05  1.5944242e-04 -2.1473852e-01 -2.2675438e-01]
expert:[ 8.9909881e-05  1.0485947e-04 -2.1473667e-01 -2.2673759e-01]
expert:[ 7.5127929e-05  5.4717064e-05 -2.1472715e-01 -2.2669275e-01]
expert:[ 5.6859106e-05  1.3321638e-05 -2.1471278e-01 -2.2663338e-01]
expert:[ 3.8456172e-05 -1.9595027e-05 -2.1469800e-01 -2.2657107e-01]
expert:[ 2.2020191e-05 -4.2855740e-05 -2.1468388e-01 -2.2651207e-01]
expert:[ 9.3691051e-06 -5.8829784e-05 -2.1467264e-01 -2.2646245e-01]
expert:[ 4.8801303e-07 -6.6116452e-05 -2.1466447e-01 -2.2642462e-01]
expert:[-4.7571957e-06 -6.7859888e-05 -2.1465927e-01 -2.2639838e-01]
expert:[-6.2920153e-06 -6.2882900e-05 -2.1465701e-01 -2.2638389e-01]
expert:[-6.0386956e-06 -5.6087971e-05 -2.1465659e-01 -2.2637703e-01]
expert:[-3.9525330e-06 -4.5746565e-05 -2.1465759e-01 -2.2637762e-01]
expert:[-1.1213124e-06 -3.6120415e-05 -2.1465959e-01 -2.2638294e-01]
expert:[ 1.5608966e-06 -2.5033951e-05 -2.1466112e-01 -2.2638933e-01]
expert:[ 3.9450824e-06 -1.4781952e-05 -2.1466225e-01 -2.2639526e-01]
expert:[ 4.7944486e-06 -7.2717667e-06 -2.1466258e-01 -2.2639945e-01]
expert:[ 5.4948032e-06 -5.9604645e-07 -2.1466228e-01 -2.2640313e-01]
expert:[ 4.9434602e-06  4.6789646e-06 -2.1466139e-01 -2.2640431e-01]
expert:[ 3.7215650e-06  7.2866678e-06 -2.1465968e-01 -2.2640310e-01]
expert:[ 2.5443733e-06  1.0699034e-05 -2.1465832e-01 -2.2640245e-01]
expert:[ 9.64850187e-07  1.21593475e-05 -2.14656428e-01 -2.26400524e-01]
expert:[-8.2328916e-07  1.1205673e-05 -2.1465506e-01 -2.2639768e-01]
expert:[-2.3134053e-06  1.0371208e-05 -2.1465372e-01 -2.2639498e-01]
expert:[-3.3564866e-06  8.9108944e-06 -2.1465279e-01 -2.2639363e-01]
expert:[-3.9674342e-06  8.6128712e-06 -2.1465227e-01 -2.2639300e-01]
expert:[-4.3101609e-06  6.3180923e-06 -2.1465227e-01 -2.2639272e-01]
expert:[-4.2207539e-06  4.4405460e-06 -2.1465234e-01 -2.2639292e-01]
expert:[-3.6992133e-06  3.0100346e-06 -2.1465334e-01 -2.2639465e-01]
expert:[-2.8796494e-06  2.3841858e-06 -2.1465406e-01 -2.2639737e-01]
expert:[-1.8663704e-06  1.0430813e-06 -2.1465527e-01 -2.2639985e-01]
expert:[-1.0468066e-06  1.1175871e-06 -2.1465611e-01 -2.2640203e-01]
expert:[-3.0174851e-07 -3.2782555e-07 -2.1465692e-01 -2.2640380e-01]
expert:[ 3.0919909e-07 -3.8743019e-07 -2.1465750e-01 -2.2640544e-01]
expert:[ 8.6054206e-07 -2.6822090e-07 -2.1465805e-01 -2.2640651e-01]
expert:[ 1.2330711e-06 -1.1920929e-07 -2.1465863e-01 -2.2640802e-01]
expert:[ 1.2330711e-06 -1.1920929e-07 -2.1465863e-01 -2.2640802e-01]
expert:[ 1.3224781e-06  7.4505806e-08 -2.1465869e-01 -2.2640836e-01]
expert:[ 7.8603625e-07  2.9802322e-08 -2.1465822e-01 -2.2640771e-01]
expert:[ 7.1153045e-07 -2.9802322e-08 -2.1465805e-01 -2.2640711e-01]
expert:[ 4.2840838e-07 -5.9604645e-08 -2.1465768e-01 -2.2640641e-01]
expert:[ 1.7508864e-07 -1.7881393e-07 -2.1465752e-01 -2.2640596e-01]
expert:[ 8.5681677e-08 -2.0861626e-07 -2.1465743e-01 -2.2640604e-01]
expert:[-1.8626451e-08  2.0861626e-07 -2.1465720e-01 -2.2640559e-01]
expert:[-4.8428774e-08  5.9604645e-08 -2.1465719e-01 -2.2640559e-01]
expert:[-1.6763806e-07  4.4703484e-08 -2.1465734e-01 -2.2640584e-01]
expert:[-2.7194619e-07  1.4901161e-07 -2.1465720e-01 -2.2640596e-01]
expert:[-2.4214387e-07  0.0000000e+00 -2.1465726e-01 -2.2640596e-01]
expert:[-1.8253922e-07  1.4901161e-06 -2.1465717e-01 -2.2640675e-01]
expert:[-9.3132257e-08  1.6093254e-06 -2.1465744e-01 -2.2640754e-01]
expert_success: 1.0
path_length: 150



-------------------------------- Iteration 0 -------------------------------- 
initial ob: [-0.03265039  0.51487777  0.2368754   0.          0.6         0.01492813
  0.1         0.8         0.02        0.1         0.8         0.02      ]
agent_success: 0

training time:  0.1302645206451416
evaluation time:  7.3273255825042725
epoch time:  7.457618713378906


-------------------------------- Iteration 200 -------------------------------- 
initial ob: [-0.03265039  0.51487777  0.2368754   0.          0.6         0.01492813
  0.1         0.8         0.02        0.1         0.8         0.02      ]
agent_success: 0

training time:  0.0023148059844970703
evaluation time:  7.359853982925415
epoch time:  7.362193822860718


-------------------------------- Iteration 400 -------------------------------- 
initial ob: [-0.03265039  0.51487777  0.2368754   0.          0.6         0.01492813
  0.1         0.8         0.02        0.1         0.8         0.02      ]
agent_success: 0

training time:  0.002303600311279297
evaluation time:  7.3706374168396
epoch time:  7.372964382171631


-------------------------------- Iteration 600 -------------------------------- 
initial ob: [-0.03265039  0.51487777  0.2368754   0.          0.6         0.01492813
  0.1         0.8         0.02        0.1         0.8         0.02      ]
agent_success: 0

training time:  0.002317190170288086
evaluation time:  7.311682224273682
epoch time:  7.314018726348877


-------------------------------- Iteration 800 -------------------------------- 
initial ob: [-0.03265039  0.51487777  0.2368754   0.          0.6         0.01492813
  0.1         0.8         0.02        0.1         0.8         0.02      ]
agent_success: 0

training time:  0.002306699752807617
evaluation time:  7.359314680099487
epoch time:  7.361648082733154


-------------------------------- Iteration 1000 -------------------------------- 
initial ob: [-0.03265039  0.51487777  0.2368754   0.          0.6         0.01492813
  0.1         0.8         0.02        0.1         0.8         0.02      ]
agent_success: 0

training time:  0.0022962093353271484
evaluation time:  7.331519842147827
epoch time:  7.3338518142700195


-------------------------------- Iteration 1200 -------------------------------- 
initial ob: [-0.03265039  0.51487777  0.2368754   0.          0.6         0.01492813
  0.1         0.8         0.02        0.1         0.8         0.02      ]
agent_success: 0

training time:  0.0023097991943359375
evaluation time:  7.509625434875488
epoch time:  7.512003660202026


-------------------------------- Iteration 1400 -------------------------------- 
initial ob: [-0.03265039  0.51487777  0.2368754   0.          0.6         0.01492813
  0.1         0.8         0.02        0.1         0.8         0.02      ]
agent_success: 0

training time:  0.0024259090423583984
evaluation time:  7.325456857681274
epoch time:  7.327901840209961


-------------------------------- Iteration 1600 -------------------------------- 
initial ob: [-0.03265039  0.51487777  0.2368754   0.          0.6         0.01492813
  0.1         0.8         0.02        0.1         0.8         0.02      ]
agent_success: 0

training time:  0.002279520034790039
evaluation time:  7.391367673873901
epoch time:  7.393670082092285


-------------------------------- Iteration 1800 -------------------------------- 
initial ob: [-0.03265039  0.51487777  0.2368754   0.          0.6         0.01492813
  0.1         0.8         0.02        0.1         0.8         0.02      ]
agent_success: 0

training time:  0.0023043155670166016
evaluation time:  7.315993070602417
epoch time:  7.318317651748657


-------------------------------- Iteration 2000 -------------------------------- 
initial ob: [-0.03265039  0.51487777  0.2368754   0.          0.6         0.01492813
  0.1         0.8         0.02        0.1         0.8         0.02      ]
agent_success: 0

training time:  0.0023114681243896484
evaluation time:  7.298108100891113
epoch time:  7.300440073013306


-------------------------------- Iteration 2200 -------------------------------- 
initial ob: [-0.03265039  0.51487777  0.2368754   0.          0.6         0.01492813
  0.1         0.8         0.02        0.1         0.8         0.02      ]
agent_success: 0

training time:  0.0023360252380371094
evaluation time:  7.340590953826904
epoch time:  7.342939138412476


-------------------------------- Iteration 2400 -------------------------------- 
initial ob: [-0.03265039  0.51487777  0.2368754   0.          0.6         0.01492813
  0.1         0.8         0.02        0.1         0.8         0.02      ]
agent_success: 0

training time:  0.002335786819458008
evaluation time:  7.316430568695068
epoch time:  7.3187994956970215


-------------------------------- Iteration 2600 -------------------------------- 
initial ob: [-0.03265039  0.51487777  0.2368754   0.          0.6         0.01492813
  0.1         0.8         0.02        0.1         0.8         0.02      ]
agent_success: 0

training time:  0.0026595592498779297
evaluation time:  7.371120452880859
epoch time:  7.373794794082642


-------------------------------- Iteration 2800 -------------------------------- 
initial ob: [-0.03265039  0.51487777  0.2368754   0.          0.6         0.01492813
  0.1         0.8         0.02        0.1         0.8         0.02      ]
agent_success: 0

training time:  0.002313852310180664
evaluation time:  7.376541376113892
epoch time:  7.378934144973755


-------------------------------- Iteration 3000 -------------------------------- 
initial ob: [-0.03265039  0.51487777  0.2368754   0.          0.6         0.01492813
  0.1         0.8         0.02        0.1         0.8         0.02      ]
agent_success: 0

training time:  0.002328634262084961
evaluation time:  7.374727249145508
epoch time:  7.377069473266602


-------------------------------- Iteration 3200 -------------------------------- 
initial ob: [-0.03265039  0.51487777  0.2368754   0.          0.6         0.01492813
  0.1         0.8         0.02        0.1         0.8         0.02      ]
agent_success: 0

training time:  0.002310037612915039
evaluation time:  7.392693758010864
epoch time:  7.395020246505737


-------------------------------- Iteration 3400 -------------------------------- 
initial ob: [-0.03265039  0.51487777  0.2368754   0.          0.6         0.01492813
  0.1         0.8         0.02        0.1         0.8         0.02      ]
agent_success: 1.0

training time:  0.0024671554565429688
evaluation time:  7.416464805603027
epoch time:  7.41894268989563


-------------------------------- Iteration 3600 -------------------------------- 
initial ob: [-0.03265039  0.51487777  0.2368754   0.          0.6         0.01492813
  0.1         0.8         0.02        0.1         0.8         0.02      ]
agent_success: 1.0

training time:  0.00231170654296875
evaluation time:  7.423992872238159
epoch time:  7.426315784454346


-------------------------------- Iteration 3800 -------------------------------- 
initial ob: [-0.03265039  0.51487777  0.2368754   0.          0.6         0.01492813
  0.1         0.8         0.02        0.1         0.8         0.02      ]
agent_success: 0

training time:  0.0023529529571533203
evaluation time:  7.426302909851074
epoch time:  7.428736686706543


-------------------------------- Iteration 4000 -------------------------------- 
initial ob: [-0.03265039  0.51487777  0.2368754   0.          0.6         0.01492813
  0.1         0.8         0.02        0.1         0.8         0.02      ]
agent_success: 0

training time:  0.002290964126586914
evaluation time:  7.422004461288452
epoch time:  7.424307823181152


-------------------------------- Iteration 4200 -------------------------------- 
initial ob: [-0.03265039  0.51487777  0.2368754   0.          0.6         0.01492813
  0.1         0.8         0.02        0.1         0.8         0.02      ]
agent_success: 0

training time:  0.0023756027221679688
evaluation time:  7.4360740184783936
epoch time:  7.43846321105957


-------------------------------- Iteration 4400 -------------------------------- 
initial ob: [-0.03265039  0.51487777  0.2368754   0.          0.6         0.01492813
  0.1         0.8         0.02        0.1         0.8         0.02      ]
agent_success: 0

training time:  0.002498626708984375
evaluation time:  7.450826644897461
epoch time:  7.453354597091675


-------------------------------- Iteration 4600 -------------------------------- 
initial ob: [-0.03265039  0.51487777  0.2368754   0.          0.6         0.01492813
  0.1         0.8         0.02        0.1         0.8         0.02      ]
agent_success: 1.0

training time:  0.0023093223571777344
evaluation time:  7.443658828735352
epoch time:  7.4459779262542725


-------------------------------- Iteration 4800 -------------------------------- 
initial ob: [-0.03265039  0.51487777  0.2368754   0.          0.6         0.01492813
  0.1         0.8         0.02        0.1         0.8         0.02      ]
agent_success: 0

training time:  0.0023114681243896484
evaluation time:  7.432894229888916
epoch time:  7.435220956802368


-------------------------------- Iteration 5000 -------------------------------- 
initial ob: [-0.03265039  0.51487777  0.2368754   0.          0.6         0.01492813
  0.1         0.8         0.02        0.1         0.8         0.02      ]
agent_success: 1.0

training time:  0.0022935867309570312
evaluation time:  7.438967227935791
epoch time:  7.441271543502808


-------------------------------- Iteration 5200 -------------------------------- 
initial ob: [-0.03265039  0.51487777  0.2368754   0.          0.6         0.01492813
  0.1         0.8         0.02        0.1         0.8         0.02      ]
agent_success: 0

training time:  0.002315521240234375
evaluation time:  7.453031063079834
epoch time:  7.4553680419921875


-------------------------------- Iteration 5400 -------------------------------- 
initial ob: [-0.03265039  0.51487777  0.2368754   0.          0.6         0.01492813
  0.1         0.8         0.02        0.1         0.8         0.02      ]
agent_success: 0

training time:  0.002367734909057617
evaluation time:  7.449507713317871
epoch time:  7.451888084411621


-------------------------------- Iteration 5600 -------------------------------- 
initial ob: [-0.03265039  0.51487777  0.2368754   0.          0.6         0.01492813
  0.1         0.8         0.02        0.1         0.8         0.02      ]
agent_success: 1.0

training time:  0.0023012161254882812
evaluation time:  7.445895195007324
epoch time:  7.44820761680603


-------------------------------- Iteration 5800 -------------------------------- 
initial ob: [-0.03265039  0.51487777  0.2368754   0.          0.6         0.01492813
  0.1         0.8         0.02        0.1         0.8         0.02      ]
agent_success: 1.0

training time:  0.002304553985595703
evaluation time:  7.438784122467041
epoch time:  7.441103219985962


-------------------------------- Iteration 6000 -------------------------------- 
initial ob: [-0.03265039  0.51487777  0.2368754   0.          0.6         0.01492813
  0.1         0.8         0.02        0.1         0.8         0.02      ]
agent_success: 0

training time:  0.0023107528686523438
evaluation time:  7.437342405319214
epoch time:  7.439664602279663


-------------------------------- Iteration 6200 -------------------------------- 
initial ob: [-0.03265039  0.51487777  0.2368754   0.          0.6         0.01492813
  0.1         0.8         0.02        0.1         0.8         0.02      ]
agent_success: 1.0

training time:  0.0025119781494140625
evaluation time:  7.418975353240967
epoch time:  7.42150354385376


-------------------------------- Iteration 6400 -------------------------------- 
initial ob: [-0.03265039  0.51487777  0.2368754   0.          0.6         0.01492813
  0.1         0.8         0.02        0.1         0.8         0.02      ]
agent_success: 1.0

training time:  0.002302408218383789
evaluation time:  7.424076080322266
epoch time:  7.426390171051025


-------------------------------- Iteration 6600 -------------------------------- 
initial ob: [-0.03265039  0.51487777  0.2368754   0.          0.6         0.01492813
  0.1         0.8         0.02        0.1         0.8         0.02      ]
agent_success: 1.0

training time:  0.0022907257080078125
evaluation time:  7.427897214889526
epoch time:  7.430199146270752


-------------------------------- Iteration 6800 -------------------------------- 
initial ob: [-0.03265039  0.51487777  0.2368754   0.          0.6         0.01492813
  0.1         0.8         0.02        0.1         0.8         0.02      ]
agent_success: 0

training time:  0.002307891845703125
evaluation time:  7.428823471069336
epoch time:  7.431146860122681


-------------------------------- Iteration 7000 -------------------------------- 
initial ob: [-0.03265039  0.51487777  0.2368754   0.          0.6         0.01492813
  0.1         0.8         0.02        0.1         0.8         0.02      ]
agent_success: 1.0

training time:  0.002307415008544922
evaluation time:  8.470592737197876
epoch time:  8.47291088104248


-------------------------------- Iteration 7200 -------------------------------- 
initial ob: [-0.03265039  0.51487777  0.2368754   0.          0.6         0.01492813
  0.1         0.8         0.02        0.1         0.8         0.02      ]
agent_success: 0

training time:  0.0022907257080078125
evaluation time:  7.435760259628296
epoch time:  7.438068151473999


-------------------------------- Iteration 7400 -------------------------------- 
initial ob: [-0.03265039  0.51487777  0.2368754   0.          0.6         0.01492813
  0.1         0.8         0.02        0.1         0.8         0.02      ]
agent_success: 1.0

training time:  0.0023927688598632812
evaluation time:  7.421600580215454
epoch time:  7.424004793167114


-------------------------------- Iteration 7600 -------------------------------- 
initial ob: [-0.03265039  0.51487777  0.2368754   0.          0.6         0.01492813
  0.1         0.8         0.02        0.1         0.8         0.02      ]
agent_success: 1.0

training time:  0.0023190975189208984
evaluation time:  7.404464483261108
epoch time:  7.406794786453247


-------------------------------- Iteration 7800 -------------------------------- 
initial ob: [-0.03265039  0.51487777  0.2368754   0.          0.6         0.01492813
  0.1         0.8         0.02        0.1         0.8         0.02      ]
agent_success: 1.0

training time:  0.0024023056030273438
evaluation time:  7.405655145645142
epoch time:  7.408071994781494


-------------------------------- Iteration 8000 -------------------------------- 
initial ob: [-0.03265039  0.51487777  0.2368754   0.          0.6         0.01492813
  0.1         0.8         0.02        0.1         0.8         0.02      ]
agent_success: 0

training time:  0.0023241043090820312
evaluation time:  7.392382621765137
epoch time:  7.394718647003174


-------------------------------- Iteration 8200 -------------------------------- 
initial ob: [-0.03265039  0.51487777  0.2368754   0.          0.6         0.01492813
  0.1         0.8         0.02        0.1         0.8         0.02      ]
agent_success: 0

training time:  0.002376556396484375
evaluation time:  7.399836540222168
epoch time:  7.402249097824097


-------------------------------- Iteration 8400 -------------------------------- 
initial ob: [-0.03265039  0.51487777  0.2368754   0.          0.6         0.01492813
  0.1         0.8         0.02        0.1         0.8         0.02      ]
agent_success: 0

training time:  0.002320528030395508
evaluation time:  7.389956951141357
epoch time:  7.39228892326355


-------------------------------- Iteration 8600 -------------------------------- 
initial ob: [-0.03265039  0.51487777  0.2368754   0.          0.6         0.01492813
  0.1         0.8         0.02        0.1         0.8         0.02      ]
agent_success: 0

training time:  0.00238800048828125
evaluation time:  7.596837282180786
epoch time:  7.599238157272339


-------------------------------- Iteration 8800 -------------------------------- 
initial ob: [-0.03265039  0.51487777  0.2368754   0.          0.6         0.01492813
  0.1         0.8         0.02        0.1         0.8         0.02      ]
agent_success: 0

training time:  0.002349853515625
evaluation time:  7.3913514614105225
epoch time:  7.393751382827759


-------------------------------- Iteration 9000 -------------------------------- 
initial ob: [-0.03265039  0.51487777  0.2368754   0.          0.6         0.01492813
  0.1         0.8         0.02        0.1         0.8         0.02      ]
agent_success: 1.0

training time:  0.0023000240325927734
evaluation time:  7.406303644180298
epoch time:  7.408616781234741


-------------------------------- Iteration 9200 -------------------------------- 
initial ob: [-0.03265039  0.51487777  0.2368754   0.          0.6         0.01492813
  0.1         0.8         0.02        0.1         0.8         0.02      ]
agent_success: 0

training time:  0.002354145050048828
evaluation time:  7.416322469711304
epoch time:  7.418697834014893


-------------------------------- Iteration 9400 -------------------------------- 
initial ob: [-0.03265039  0.51487777  0.2368754   0.          0.6         0.01492813
  0.1         0.8         0.02        0.1         0.8         0.02      ]
agent_success: 0

training time:  0.0023386478424072266
evaluation time:  7.383786916732788
epoch time:  7.386136770248413


-------------------------------- Iteration 9600 -------------------------------- 
initial ob: [-0.03265039  0.51487777  0.2368754   0.          0.6         0.01492813
  0.1         0.8         0.02        0.1         0.8         0.02      ]
agent_success: 0

training time:  0.0023179054260253906
evaluation time:  7.305471897125244
epoch time:  7.307801723480225


-------------------------------- Iteration 9800 -------------------------------- 
initial ob: [-0.03265039  0.51487777  0.2368754   0.          0.6         0.01492813
  0.1         0.8         0.02        0.1         0.8         0.02      ]
agent_success: 0

training time:  0.0023903846740722656
evaluation time:  7.324180841445923
epoch time:  7.326603412628174


-------------------------------- Iteration 10000 -------------------------------- 
initial ob: [-0.03265039  0.51487777  0.2368754   0.          0.6         0.01492813
  0.1         0.8         0.02        0.1         0.8         0.02      ]
agent_success: 0

training time:  0.002324819564819336
evaluation time:  7.404851198196411
epoch time:  7.40720272064209


-------------------------------- Iteration 10200 -------------------------------- 
initial ob: [-0.03265039  0.51487777  0.2368754   0.          0.6         0.01492813
  0.1         0.8         0.02        0.1         0.8         0.02      ]
agent_success: 0

training time:  0.002329587936401367
evaluation time:  7.449152708053589
epoch time:  7.451525449752808


-------------------------------- Iteration 10400 -------------------------------- 
initial ob: [-0.03265039  0.51487777  0.2368754   0.          0.6         0.01492813
  0.1         0.8         0.02        0.1         0.8         0.02      ]
agent_success: 0

training time:  0.002301931381225586
evaluation time:  7.370030641555786
epoch time:  7.372344493865967


-------------------------------- Iteration 10600 -------------------------------- 
initial ob: [-0.03265039  0.51487777  0.2368754   0.          0.6         0.01492813
  0.1         0.8         0.02        0.1         0.8         0.02      ]
agent_success: 0

training time:  0.0023162364959716797
evaluation time:  7.388604402542114
epoch time:  7.390931844711304


-------------------------------- Iteration 10800 -------------------------------- 
initial ob: [-0.03265039  0.51487777  0.2368754   0.          0.6         0.01492813
  0.1         0.8         0.02        0.1         0.8         0.02      ]
agent_success: 0

training time:  0.0023136138916015625
evaluation time:  7.3694846630096436
epoch time:  7.37183141708374


-------------------------------- Iteration 11000 -------------------------------- 
initial ob: [-0.03265039  0.51487777  0.2368754   0.          0.6         0.01492813
  0.1         0.8         0.02        0.1         0.8         0.02      ]
agent_success: 0

training time:  0.002310037612915039
evaluation time:  7.359513521194458
epoch time:  7.361835718154907


-------------------------------- Iteration 11200 -------------------------------- 
initial ob: [-0.03265039  0.51487777  0.2368754   0.          0.6         0.01492813
  0.1         0.8         0.02        0.1         0.8         0.02      ]
agent_success: 0

training time:  0.002333402633666992
evaluation time:  7.339614629745483
epoch time:  7.3419599533081055


-------------------------------- Iteration 11400 -------------------------------- 
initial ob: [-0.03265039  0.51487777  0.2368754   0.          0.6         0.01492813
  0.1         0.8         0.02        0.1         0.8         0.02      ]
agent_success: 0

training time:  0.0023097991943359375
evaluation time:  7.316927909851074
epoch time:  7.319279670715332


-------------------------------- Iteration 11600 -------------------------------- 
initial ob: [-0.03265039  0.51487777  0.2368754   0.          0.6         0.01492813
  0.1         0.8         0.02        0.1         0.8         0.02      ]
agent_success: 0

training time:  0.0023064613342285156
evaluation time:  7.338632822036743
epoch time:  7.3409507274627686


-------------------------------- Iteration 11800 -------------------------------- 
initial ob: [-0.03265039  0.51487777  0.2368754   0.          0.6         0.01492813
  0.1         0.8         0.02        0.1         0.8         0.02      ]
agent_success: 0

training time:  0.002322673797607422
evaluation time:  7.334652423858643
epoch time:  7.337016820907593


-------------------------------- Iteration 12000 -------------------------------- 
initial ob: [-0.03265039  0.51487777  0.2368754   0.          0.6         0.01492813
  0.1         0.8         0.02        0.1         0.8         0.02      ]
agent_success: 0

training time:  0.0024912357330322266
evaluation time:  7.322415351867676
epoch time:  7.324918746948242


-------------------------------- Iteration 12200 -------------------------------- 
initial ob: [-0.03265039  0.51487777  0.2368754   0.          0.6         0.01492813
  0.1         0.8         0.02        0.1         0.8         0.02      ]
agent_success: 0

training time:  0.0022993087768554688
evaluation time:  7.332276344299316
epoch time:  7.334587335586548


-------------------------------- Iteration 12400 -------------------------------- 
initial ob: [-0.03265039  0.51487777  0.2368754   0.          0.6         0.01492813
  0.1         0.8         0.02        0.1         0.8         0.02      ]
agent_success: 0

training time:  0.002307415008544922
evaluation time:  7.3375349044799805
epoch time:  7.3398590087890625


-------------------------------- Iteration 12600 -------------------------------- 
initial ob: [-0.03265039  0.51487777  0.2368754   0.          0.6         0.01492813
  0.1         0.8         0.02        0.1         0.8         0.02      ]
agent_success: 0

training time:  0.0023086071014404297
evaluation time:  7.346717119216919
epoch time:  7.349038362503052


-------------------------------- Iteration 12800 -------------------------------- 
initial ob: [-0.03265039  0.51487777  0.2368754   0.          0.6         0.01492813
  0.1         0.8         0.02        0.1         0.8         0.02      ]
agent_success: 0

training time:  0.002319812774658203
evaluation time:  7.330580472946167
epoch time:  7.332942008972168


-------------------------------- Iteration 13000 -------------------------------- 
initial ob: [-0.03265039  0.51487777  0.2368754   0.          0.6         0.01492813
  0.1         0.8         0.02        0.1         0.8         0.02      ]
agent_success: 0

training time:  0.0023107528686523438
evaluation time:  7.3943870067596436
epoch time:  7.396708965301514


-------------------------------- Iteration 13200 -------------------------------- 
initial ob: [-0.03265039  0.51487777  0.2368754   0.          0.6         0.01492813
  0.1         0.8         0.02        0.1         0.8         0.02      ]
agent_success: 0

training time:  0.002307415008544922
evaluation time:  7.406047105789185
epoch time:  7.408366441726685


-------------------------------- Iteration 13400 -------------------------------- 
initial ob: [-0.03265039  0.51487777  0.2368754   0.          0.6         0.01492813
  0.1         0.8         0.02        0.1         0.8         0.02      ]
agent_success: 0

training time:  0.0023088455200195312
evaluation time:  7.328956604003906
epoch time:  7.3312835693359375


-------------------------------- Iteration 13600 -------------------------------- 
initial ob: [-0.03265039  0.51487777  0.2368754   0.          0.6         0.01492813
  0.1         0.8         0.02        0.1         0.8         0.02      ]
agent_success: 0

training time:  0.002323150634765625
evaluation time:  7.389832496643066
epoch time:  7.392167329788208


-------------------------------- Iteration 13800 -------------------------------- 
initial ob: [-0.03265039  0.51487777  0.2368754   0.          0.6         0.01492813
  0.1         0.8         0.02        0.1         0.8         0.02      ]
agent_success: 0

training time:  0.002323150634765625
evaluation time:  7.343193769454956
epoch time:  7.34554123878479


-------------------------------- Iteration 14000 -------------------------------- 
initial ob: [-0.03265039  0.51487777  0.2368754   0.          0.6         0.01492813
  0.1         0.8         0.02        0.1         0.8         0.02      ]
agent_success: 0

training time:  0.002392292022705078
evaluation time:  7.366994142532349
epoch time:  7.369397878646851


-------------------------------- Iteration 14200 -------------------------------- 
initial ob: [-0.03265039  0.51487777  0.2368754   0.          0.6         0.01492813
  0.1         0.8         0.02        0.1         0.8         0.02      ]
agent_success: 0

training time:  0.0025048255920410156
evaluation time:  7.3712687492370605
epoch time:  7.373801946640015


-------------------------------- Iteration 14400 -------------------------------- 
initial ob: [-0.03265039  0.51487777  0.2368754   0.          0.6         0.01492813
  0.1         0.8         0.02        0.1         0.8         0.02      ]
agent_success: 0

training time:  0.0023343563079833984
evaluation time:  7.379833221435547
epoch time:  7.3821861743927


-------------------------------- Iteration 14600 -------------------------------- 
initial ob: [-0.03265039  0.51487777  0.2368754   0.          0.6         0.01492813
  0.1         0.8         0.02        0.1         0.8         0.02      ]
agent_success: 0

training time:  0.0023255348205566406
evaluation time:  7.331599712371826
epoch time:  7.333937883377075


-------------------------------- Iteration 14800 -------------------------------- 
initial ob: [-0.03265039  0.51487777  0.2368754   0.          0.6         0.01492813
  0.1         0.8         0.02        0.1         0.8         0.02      ]
agent_success: 0

training time:  0.0023183822631835938
evaluation time:  7.382906913757324
epoch time:  7.385245323181152


-------------------------------- Iteration 15000 -------------------------------- 
initial ob: [-0.03265039  0.51487777  0.2368754   0.          0.6         0.01492813
  0.1         0.8         0.02        0.1         0.8         0.02      ]
agent_success: 0

training time:  0.0022983551025390625
evaluation time:  7.356338024139404
epoch time:  7.35864782333374


-------------------------------- Iteration 15200 -------------------------------- 
initial ob: [-0.03265039  0.51487777  0.2368754   0.          0.6         0.01492813
  0.1         0.8         0.02        0.1         0.8         0.02      ]
agent_success: 0

training time:  0.0023355484008789062
evaluation time:  7.277178764343262
epoch time:  7.279526948928833


-------------------------------- Iteration 15400 -------------------------------- 
initial ob: [-0.03265039  0.51487777  0.2368754   0.          0.6         0.01492813
  0.1         0.8         0.02        0.1         0.8         0.02      ]
agent_success: 0

training time:  0.002370595932006836
evaluation time:  7.415357828140259
epoch time:  7.417745351791382


-------------------------------- Iteration 15600 -------------------------------- 
initial ob: [-0.03265039  0.51487777  0.2368754   0.          0.6         0.01492813
  0.1         0.8         0.02        0.1         0.8         0.02      ]
agent_success: 0

training time:  0.002322673797607422
evaluation time:  7.318569183349609
epoch time:  7.3209052085876465


-------------------------------- Iteration 15800 -------------------------------- 
initial ob: [-0.03265039  0.51487777  0.2368754   0.          0.6         0.01492813
  0.1         0.8         0.02        0.1         0.8         0.02      ]
agent_success: 0

training time:  0.0023255348205566406
evaluation time:  7.3665759563446045
epoch time:  7.368914365768433


-------------------------------- Iteration 16000 -------------------------------- 
initial ob: [-0.03265039  0.51487777  0.2368754   0.          0.6         0.01492813
  0.1         0.8         0.02        0.1         0.8         0.02      ]
agent_success: 0

training time:  0.0024340152740478516
evaluation time:  7.4456353187561035
epoch time:  7.448085784912109


-------------------------------- Iteration 16200 -------------------------------- 
initial ob: [-0.03265039  0.51487777  0.2368754   0.          0.6         0.01492813
  0.1         0.8         0.02        0.1         0.8         0.02      ]
agent_success: 0

training time:  0.0023365020751953125
evaluation time:  7.365161657333374
epoch time:  7.367509365081787


-------------------------------- Iteration 16400 -------------------------------- 
initial ob: [-0.03265039  0.51487777  0.2368754   0.          0.6         0.01492813
  0.1         0.8         0.02        0.1         0.8         0.02      ]
agent_success: 0

training time:  0.0023148059844970703
evaluation time:  7.399429559707642
epoch time:  7.401765823364258


-------------------------------- Iteration 16600 -------------------------------- 
initial ob: [-0.03265039  0.51487777  0.2368754   0.          0.6         0.01492813
  0.1         0.8         0.02        0.1         0.8         0.02      ]
agent_success: 0

training time:  0.0023093223571777344
evaluation time:  7.319275140762329
epoch time:  7.321595907211304


-------------------------------- Iteration 16800 -------------------------------- 
initial ob: [-0.03265039  0.51487777  0.2368754   0.          0.6         0.01492813
  0.1         0.8         0.02        0.1         0.8         0.02      ]
agent_success: 0

training time:  0.0023114681243896484
evaluation time:  7.30729866027832
epoch time:  7.309622049331665


-------------------------------- Iteration 17000 -------------------------------- 
initial ob: [-0.03265039  0.51487777  0.2368754   0.          0.6         0.01492813
  0.1         0.8         0.02        0.1         0.8         0.02      ]
agent_success: 0

training time:  0.0022916793823242188
evaluation time:  7.320612907409668
epoch time:  7.322922706604004


-------------------------------- Iteration 17200 -------------------------------- 
initial ob: [-0.03265039  0.51487777  0.2368754   0.          0.6         0.01492813
  0.1         0.8         0.02        0.1         0.8         0.02      ]
agent_success: 0

training time:  0.0023288726806640625
evaluation time:  7.350176811218262
epoch time:  7.352518081665039


-------------------------------- Iteration 17400 -------------------------------- 
initial ob: [-0.03265039  0.51487777  0.2368754   0.          0.6         0.01492813
  0.1         0.8         0.02        0.1         0.8         0.02      ]
agent_success: 0

training time:  0.002324819564819336
evaluation time:  7.3658246994018555
epoch time:  7.3681676387786865


-------------------------------- Iteration 17600 -------------------------------- 
initial ob: [-0.03265039  0.51487777  0.2368754   0.          0.6         0.01492813
  0.1         0.8         0.02        0.1         0.8         0.02      ]
agent_success: 0

training time:  0.002332448959350586
evaluation time:  7.348475933074951
epoch time:  7.3508195877075195


-------------------------------- Iteration 17800 -------------------------------- 
initial ob: [-0.03265039  0.51487777  0.2368754   0.          0.6         0.01492813
  0.1         0.8         0.02        0.1         0.8         0.02      ]
agent_success: 0

training time:  0.0023190975189208984
evaluation time:  7.3545613288879395
epoch time:  7.356891632080078


-------------------------------- Iteration 18000 -------------------------------- 
initial ob: [-0.03265039  0.51487777  0.2368754   0.          0.6         0.01492813
  0.1         0.8         0.02        0.1         0.8         0.02      ]
agent_success: 0

training time:  0.0023076534271240234
evaluation time:  7.331383228302002
epoch time:  7.33370566368103


-------------------------------- Iteration 18200 -------------------------------- 
initial ob: [-0.03265039  0.51487777  0.2368754   0.          0.6         0.01492813
  0.1         0.8         0.02        0.1         0.8         0.02      ]
agent_success: 0

training time:  0.002317667007446289
evaluation time:  7.382557153701782
epoch time:  7.384887933731079


-------------------------------- Iteration 18400 -------------------------------- 
initial ob: [-0.03265039  0.51487777  0.2368754   0.          0.6         0.01492813
  0.1         0.8         0.02        0.1         0.8         0.02      ]
agent_success: 0

training time:  0.0022933483123779297
evaluation time:  7.363384008407593
epoch time:  7.365698575973511


-------------------------------- Iteration 18600 -------------------------------- 
initial ob: [-0.03265039  0.51487777  0.2368754   0.          0.6         0.01492813
  0.1         0.8         0.02        0.1         0.8         0.02      ]
agent_success: 0

training time:  0.0023255348205566406
evaluation time:  7.371095180511475
epoch time:  7.373432397842407


-------------------------------- Iteration 18800 -------------------------------- 
initial ob: [-0.03265039  0.51487777  0.2368754   0.          0.6         0.01492813
  0.1         0.8         0.02        0.1         0.8         0.02      ]
agent_success: 0

training time:  0.0023343563079833984
evaluation time:  7.352524518966675
epoch time:  7.3548877239227295


-------------------------------- Iteration 19000 -------------------------------- 
initial ob: [-0.03265039  0.51487777  0.2368754   0.          0.6         0.01492813
  0.1         0.8         0.02        0.1         0.8         0.02      ]
agent_success: 0

training time:  0.0023217201232910156
evaluation time:  7.439616441726685
epoch time:  7.441970109939575


-------------------------------- Iteration 19200 -------------------------------- 
initial ob: [-0.03265039  0.51487777  0.2368754   0.          0.6         0.01492813
  0.1         0.8         0.02        0.1         0.8         0.02      ]
agent_success: 0

training time:  0.002314329147338867
evaluation time:  7.349693775177002
epoch time:  7.352037668228149


-------------------------------- Iteration 19400 -------------------------------- 
initial ob: [-0.03265039  0.51487777  0.2368754   0.          0.6         0.01492813
  0.1         0.8         0.02        0.1         0.8         0.02      ]
agent_success: 0

training time:  0.0023355484008789062
evaluation time:  7.430017709732056
epoch time:  7.432372808456421


-------------------------------- Iteration 19600 -------------------------------- 
initial ob: [-0.03265039  0.51487777  0.2368754   0.          0.6         0.01492813
  0.1         0.8         0.02        0.1         0.8         0.02      ]
agent_success: 0

training time:  0.0023179054260253906
evaluation time:  7.347675323486328
epoch time:  7.350005626678467


-------------------------------- Iteration 19800 -------------------------------- 
initial ob: [-0.03265039  0.51487777  0.2368754   0.          0.6         0.01492813
  0.1         0.8         0.02        0.1         0.8         0.02      ]
agent_success: 0

training time:  0.0022962093353271484
evaluation time:  7.3421311378479
epoch time:  7.344473123550415


-------------------------------- Iteration 20000 -------------------------------- 
initial ob: [-0.03265039  0.51487777  0.2368754   0.          0.6         0.01492813
  0.1         0.8         0.02        0.1         0.8         0.02      ]
agent_success: 0

training time:  0.0022950172424316406
evaluation time:  7.354032754898071
epoch time:  7.356343030929565


-------------------------------- Iteration 20200 -------------------------------- 
initial ob: [-0.03265039  0.51487777  0.2368754   0.          0.6         0.01492813
  0.1         0.8         0.02        0.1         0.8         0.02      ]
agent_success: 0

training time:  0.0023016929626464844
evaluation time:  7.349907875061035
epoch time:  7.352221965789795


-------------------------------- Iteration 20400 -------------------------------- 
initial ob: [-0.03265039  0.51487777  0.2368754   0.          0.6         0.01492813
  0.1         0.8         0.02        0.1         0.8         0.02      ]
agent_success: 0

training time:  0.002318859100341797
evaluation time:  7.308098316192627
epoch time:  7.310427188873291


-------------------------------- Iteration 20600 -------------------------------- 
initial ob: [-0.03265039  0.51487777  0.2368754   0.          0.6         0.01492813
  0.1         0.8         0.02        0.1         0.8         0.02      ]
agent_success: 0

training time:  0.0023069381713867188
evaluation time:  7.354335308074951
epoch time:  7.356660842895508


-------------------------------- Training stopped due to early stopping -------------------------------- 
min loss:  0.0011959784


-------------------------------- Test Results -------------------------------- 
initial ob: [-0.03265039  0.51487777  0.2368754   0.          0.6         0.01492813
  0.1         0.8         0.02        0.1         0.8         0.02      ]
agent_success: 0

mean_success_rate:  0.0
Done
