/var/lib/slurm/slurmd/job3513840/slurm_script: line 9: batch_scripts/MT50_batch/seed.sh: No such file or directory
SLURM_JOBID=3513840
working directory=/viscam/u/jialugao/Imitation-SoftModule
########################
logging outputs to  /viscam/u/jialugao/Imitation-SoftModule/data/Base_bc_reach_drawer-close-v1_2640.000124-01-2022_18-56-06
########################
{'expert_policy_file': '../Multi-Task-RL/log/MT50_Single_Task/drawer-close-v1/Fixed/238/model/model_pf_best.pth', 'exp_name': 'bc_reach', 'do_dagger': False, 'ep_len': 200, 'gradient_steps': 1, 'n_iter': 10000, 'render_interval': 1, 'eval_interval': 200, 'batch_size': 64, 'eval_batch_size': 32, 'train_batch_size': 32, 'n_layers': 2, 'size': 400, 'learning_rate': 0.0001, 'video_log_freq': -1, 'scalar_log_freq': 1, 'no_gpu': False, 'which_gpu': 0, 'max_replay_buffer_size': 1000000, 'save_params': False, 'seed': 32, 'worker_nums': 1, 'eval_worker_nums': 1, 'config': 'config/BC.json', 'no_cuda': True, 'random_init': False, 'device': 'cpu', 'id': 'MT50_Single_Task', 'task_name': 'drawer-close-v1', 'task_env': 'MT50_task_env', 'cuda': False, 'log_dir': '/viscam/u/jialugao/Imitation-SoftModule/data/Base_bc_reach_drawer-close-v1_2640.000124-01-2022_18-56-06', 'agent_class': <class 'agents.bc_agent.MLPAgent'>, 'agent_params': {'n_layers': 2, 'size': 400, 'learning_rate': 0.0001, 'max_replay_buffer_size': 1000000, 'discrete': False, 'ac_dim': 4, 'ob_dim': 9}}
{'env_name': 'single_task', 'env': {'reward_scale': 1, 'obs_norm': False}, 'meta_env': {'obs_type': 'with_goal', 'random_init': False}, 'replay_buffer': {'size': 1000000.0}, 'net': {'hidden_shapes': [400, 400], 'append_hidden_shapes': [400], 'base_type': <class 'networks.base.MLPBase'>}, 'general_setting': {'discount': 0.99, 'pretrain_epochs': 20, 'num_epochs': 7500, 'epoch_frames': 200, 'max_episode_frames': 200, 'batch_size': 1280, 'min_pool': 10000, 'target_hard_update_period': 1000, 'use_soft_update': True, 'tau': 0.005, 'opt_times': 200, 'eval_episodes': 100, 'train_render': False, 'eval_render': False, 'env': <NormAct<RewardShift<SingleWrapperNone>>>, 'logger': <utils.logger.Logger object at 0x7f9865767250>, 'device': device(type='cpu')}, 'sac': {'plr': 0.0003, 'qlr': 0.0003, 'reparameterization': True, 'automatic_entropy_tuning': True, 'policy_std_reg_weight': 0, 'policy_mean_reg_weight': 0}}
Loading expert policy from... ../Multi-Task-RL/log/MT50_Single_Task/drawer-close-v1/Fixed/238/model/model_pf_best.pth
tensor([[-0.3719,  0.3580,  0.2069,  ..., -0.0365,  0.0282, -0.0178],
        [ 0.0004, -0.0440, -0.0428,  ...,  0.0090, -0.0171, -0.0867],
        [-0.0109, -0.0858, -0.0569,  ..., -0.0016, -0.0350, -0.0569],
        ...,
        [ 0.0203, -0.0812, -0.0119,  ...,  0.0400, -0.0501, -0.0452],
        [-0.0213, -0.0554, -0.0628,  ..., -0.0461, -0.0097, -0.0348],
        [-0.0147, -0.0190, -0.0713,  ..., -0.0211, -0.0659, -0.0339]])
Done restoring expert policy...
<NormAct<RewardShift<AugObs<SawyerDrawerCloseEnv instance>>>>


-------------------------------- Iteration 0 -------------------------------- 
initial ob: [-0.03265199  0.51487863  0.23688568  0.          0.49999998  0.09
  0.          0.7         0.04        0.          0.7         0.04      ]
expert:[ 0.87170225 -0.67438364 -0.7576409   0.3723604 ]
expert:[ 0.94819665 -0.9674743  -0.6107694   0.7552792 ]
expert:[ 0.9826478  -0.95770437 -0.82576156  0.9104077 ]
expert:[ 0.99380636 -0.9645835   0.8872901  -0.50954634]
expert:[ 0.22709113 -0.91375947  0.9476613  -0.32144424]
expert:[-0.9295034  -0.91552967  0.9916656   0.7768085 ]
expert:[-0.9638841  -0.88129026  0.99591047  0.84102213]
expert:[-0.9667568  -0.8966255   0.99511135  0.8961002 ]
expert:[-0.9550713  -0.90320885  0.95717263  0.93596387]
expert:[-0.9241637  -0.8062293  -0.36109203  0.86711884]
expert:[-0.90047157 -0.8581392  -0.8822289   0.74541605]
expert:[-0.7834848  -0.9158742  -0.9266839   0.39020404]
expert:[-0.92415744 -0.9291622  -0.96339613 -0.23047853]
expert:[-0.9538813  -0.84588385 -0.9696588  -0.49648044]
expert:[-0.95274997 -0.44125494 -0.98008966 -0.37465072]
expert:[-0.39325607  0.68349797 -0.97865933 -0.14223263]
expert:[ 0.49359047  0.92639464 -0.9608226  -0.11385041]
expert:[ 0.7433834   0.963051   -0.9646037  -0.16926599]
expert:[ 0.7395027   0.96654934 -0.956279   -0.02309244]
expert:[ 0.6759488   0.9625156  -0.9521128   0.01374188]
expert:[ 0.43391895  0.8944806  -0.9455151   0.03445341]
expert:[ 0.23586345  0.86784035 -0.9531658   0.03885146]
expert:[ 0.16220172  0.8899524  -0.96312004  0.00240652]
expert:[ 0.18480802  0.9217248  -0.97238487 -0.01007291]
expert:[ 0.23524858  0.94013196 -0.97822976  0.02901587]
expert:[ 0.26909256  0.94245666 -0.9805848   0.04268832]
expert:[ 0.285313    0.94252485 -0.9818607   0.04594403]
expert:[ 0.29281726  0.94285536 -0.9827079   0.04623585]
expert:[ 0.29435185  0.9444096  -0.98340464  0.04596841]
expert:[ 0.2913457   0.9472572  -0.9840701   0.04573462]
expert:[ 0.28434163  0.9514012  -0.98468584  0.0474515 ]
expert:[ 0.27717206  0.95659256 -0.9852807   0.0512719 ]
expert:[ 0.26957712  0.9623605  -0.9858737   0.05726729]
expert:[ 0.25843254  0.9683061  -0.98663706  0.07570356]
expert:[ 0.20130825  0.9761741  -0.9864038   0.09257428]
expert:[ 0.13103242  0.98372495 -0.9814773   0.11625745]
expert:[ 0.12307227  0.98766744 -0.980702    0.13017048]
expert:[ 0.12803416  0.99041903 -0.98139924  0.15456359]
expert:[ 0.13124667  0.99249434 -0.9812564   0.18157172]
expert:[ 0.03294318  0.99520934 -0.95691776  0.1490981 ]
expert:[-0.1070198   0.9977326  -0.7611533   0.03063772]
expert:[-0.11724655  0.9979438  -0.6631263   0.03063676]
expert:[-0.07458282  0.9980456  -0.65137064  0.06067533]
expert:[-0.0510758   0.9979273  -0.6530271   0.10846692]
expert:[-0.36144623  0.9994901   0.794568   -0.12869084]
expert:[-0.5046279   0.9991457   0.95094943 -0.20299861]
expert:[-0.5044083   0.9988323   0.9514944  -0.18317063]
expert:[-0.4248969   0.99854535  0.89389235 -0.13334131]
expert:[-0.3021262   0.99760276  0.7279135  -0.11608726]
expert:[-0.21310255  0.9967626   0.4185136  -0.11268794]
expert:[-0.11984484  0.99484915 -0.18818519 -0.07814719]
expert:[-0.01035015  0.99262404 -0.6512392  -0.04303464]
expert:[ 0.09660903  0.99045825 -0.84809583 -0.01772988]
expert:[ 0.2349435   0.9898421  -0.92624223  0.02718834]
expert:[ 0.38533682  0.9898015  -0.9559381   0.07691558]
expert:[ 0.44586915  0.9887124  -0.9674606   0.09987904]
expert:[ 0.5000084   0.98541564 -0.96669596  0.13576797]
expert:[ 0.51120424  0.9831366  -0.9490525   0.08323425]
expert:[ 0.45618483  0.98340976 -0.9438388   0.05861777]
expert:[ 0.42651746  0.9835789  -0.9469802   0.03752111]
expert:[ 0.40923482  0.98367643 -0.9512624   0.01641174]
expert:[ 0.39645624  0.98374116 -0.9545641  -0.00129887]
expert:[ 0.3861352   0.98379093 -0.9567821  -0.01484608]
expert:[ 0.37729862  0.9838388  -0.95826274 -0.02534111]
expert:[ 0.37051105  0.9838698  -0.9591139  -0.03241116]
expert:[ 0.36558905  0.983895   -0.9596945  -0.03743376]
expert:[ 0.3578936   0.9838773  -0.95926714 -0.04159499]
expert:[ 0.35182375  0.9838693  -0.9588263  -0.04358198]
expert:[ 0.3482549   0.9838749  -0.95873106 -0.04516653]
expert:[ 0.34572473  0.9838833  -0.95876384 -0.04682476]
expert:[ 0.33647498  0.98385656 -0.9577757  -0.0498074 ]
expert:[ 0.3294994   0.98385966 -0.95728076 -0.05187338]
expert:[ 0.3253519   0.98387057 -0.9571729  -0.0538394 ]
expert:[ 0.32247993  0.98388183 -0.957224   -0.05596804]
expert:[ 0.31504127  0.9838766  -0.9567584  -0.05978113]
expert:[ 0.3040224   0.9838868  -0.95617867 -0.06437745]
expert:[ 0.2977365   0.9839047  -0.95607114 -0.06766322]
expert:[ 0.29381832  0.98392016 -0.9561555  -0.07060412]
expert:[ 0.29049033  0.98393494 -0.956314   -0.07368913]
expert:[ 0.27715382  0.9839164  -0.95561624 -0.0806477 ]
expert:[ 0.26816845  0.9838904  -0.9552252  -0.08555349]
expert:[ 0.26328844  0.9838717  -0.95514846 -0.08920521]
expert:[ 0.26009825  0.9838532  -0.955199   -0.09257019]
expert:[ 0.25699112  0.9838382  -0.9552846  -0.09610768]
expert:[ 0.23950173  0.98382884 -0.9544268  -0.10520146]
expert:[ 0.23010379  0.9838275  -0.95415896 -0.11061226]
expert:[ 0.22488607  0.9838175  -0.9541476  -0.11479772]
expert:[ 0.22099625  0.98380005 -0.95425344 -0.11904545]
expert:[ 0.21742627  0.9837801  -0.95438063 -0.12330014]
expert:[ 0.19722757  0.98376524 -0.9536392  -0.13475019]
expert:[ 0.1858123   0.98375124 -0.95349556 -0.14264666]
expert:[ 0.17907153  0.9837268  -0.95359504 -0.14909527]
expert:[ 0.17384672  0.98369676 -0.9537842  -0.15524553]
expert:[ 0.16891776  0.9836671  -0.9539775  -0.16117166]
expert:[ 0.14679883  0.9836479  -0.9532853  -0.17396225]
expert:[ 0.13443786  0.9836304  -0.9531516  -0.18248801]
expert:[ 0.12699667  0.9836006  -0.9532579  -0.18948811]
expert:[ 0.12111317  0.983563   -0.95346224 -0.19626462]
expert:[ 0.11566021  0.98352754 -0.9536546  -0.2025786 ]
expert:[ 0.0921864   0.98347133 -0.9534196  -0.21999967]
expert:[ 0.07920309  0.98342913 -0.95347214 -0.23057212]
expert:[ 0.07135544  0.9833945  -0.9536452  -0.23821811]
expert:[ 0.06508857  0.9833608  -0.9538724  -0.24511467]
expert:[ 0.05937794  0.98332924 -0.9540838  -0.25146377]
expert:[ 0.03780532  0.98326355 -0.95386034 -0.26720482]
expert:[ 0.02254369  0.98321724 -0.9538741  -0.2787715 ]
expert:[ 0.01373959  0.9831816  -0.95402646 -0.28664833]
expert:[ 0.00726244  0.983148   -0.95423967 -0.2933693 ]
expert:[ 0.00126696  0.9831174  -0.9544657  -0.2996292 ]
expert:[-0.01479256  0.98307306 -0.95435214 -0.31091857]
expert:[-0.02917276  0.98303837 -0.95429975 -0.3206763 ]
expert:[-0.03752585  0.9830122  -0.9544031  -0.3272553 ]
expert:[-0.04373789  0.9829948  -0.95465297 -0.33387765]
expert:[-0.04887795  0.9829969  -0.955077   -0.34209907]
expert:[-0.06526125  0.9831855  -0.95552516 -0.3680674 ]
expert:[-0.08136401  0.98348314 -0.95606345 -0.39707857]
expert:[-0.08966523  0.9836199  -0.9565383  -0.4132223 ]
expert:[-0.09518987  0.9836921  -0.95697165 -0.42444828]
expert:[-0.10011643  0.9837488  -0.95738953 -0.43440485]
expert:[-0.10733275  0.9838784  -0.9577419  -0.4490297 ]
expert:[-0.12027021  0.9842201  -0.9582761  -0.47680148]
expert:[-0.12720367  0.9843979  -0.95877624 -0.4923264 ]
expert:[-0.13176478  0.9844905  -0.95922333 -0.502481  ]
expert:[-0.13568407  0.9845546  -0.95968866 -0.5111617 ]
expert:[-0.13839948  0.98466796 -0.9599991  -0.517828  ]
expert:[-0.14863016  0.98529387 -0.96024066 -0.54221916]
expert:[-0.15571226  0.9857699  -0.9603618  -0.55915236]
expert:[-0.15985005  0.9860186  -0.9605562  -0.5689436 ]
expert:[-0.16290356  0.98617834 -0.9607801  -0.57610804]
expert:[-0.16563328  0.9863078  -0.9610125  -0.582457  ]
expert:[-0.1694887  0.9865351 -0.9610266 -0.5911835]
expert:[-0.17744774  0.98704517 -0.96077794 -0.61042583]
expert:[-0.18210222  0.9873067  -0.9607408  -0.62194616]
expert:[-0.18464795  0.9874322  -0.96081614 -0.62849426]
expert:[-0.18672471  0.98752016 -0.96092916 -0.6337439 ]
expert:[-0.18824118  0.98758    -0.9609887  -0.63757217]
expert:[-0.19341575  0.9878934  -0.96049243 -0.65091014]
expert:[-0.19829673  0.98818165 -0.9601434  -0.6634727 ]
expert:[-0.20011714  0.98827523 -0.9598501  -0.669736  ]
expert:[-0.20110339  0.9883075  -0.95974183 -0.67336416]
expert:[-0.20182198  0.9883147  -0.9596856  -0.676254  ]
expert:[-0.2023193   0.98831856 -0.9596005  -0.6783218 ]
expert:[-0.20547596  0.9885328  -0.95845085 -0.6885628 ]
expert:[-0.20787202  0.98868024 -0.95781225 -0.696097  ]
expert:[-0.20909888  0.9887346  -0.9575871  -0.7001424 ]
expert:[-0.20980754  0.98874754 -0.95750445 -0.7027312 ]
expert:[-0.21018231  0.9887396  -0.95744777 -0.70436585]
expert:[-0.21064207  0.98874706 -0.9573476  -0.70609766]
expert:[-0.21409613  0.98898274 -0.9558572  -0.71653   ]
expert:[-0.21608625  0.98909664 -0.9552646  -0.7224524 ]
expert_success: 1.0
path_length: 150



-------------------------------- Iteration 0 -------------------------------- 
initial ob: [-0.03265199  0.51487863  0.23688568  0.          0.49999998  0.09
  0.          0.7         0.04        0.          0.7         0.04      ]
agent_success: 0

training time:  0.23395013809204102
evaluation time:  15.186519145965576
epoch time:  15.42050051689148


-------------------------------- Iteration 200 -------------------------------- 
initial ob: [-0.03265199  0.51487863  0.23688568  0.          0.49999998  0.09
  0.          0.7         0.04        0.          0.7         0.04      ]
agent_success: 1.0

training time:  0.0017957687377929688
evaluation time:  13.934934616088867
epoch time:  13.936760902404785


-------------------------------- Iteration 400 -------------------------------- 
initial ob: [-0.03265199  0.51487863  0.23688568  0.          0.49999998  0.09
  0.          0.7         0.04        0.          0.7         0.04      ]
agent_success: 1.0

training time:  0.0017971992492675781
evaluation time:  14.093437433242798
epoch time:  14.095254898071289


-------------------------------- Iteration 600 -------------------------------- 
initial ob: [-0.03265199  0.51487863  0.23688568  0.          0.49999998  0.09
  0.          0.7         0.04        0.          0.7         0.04      ]
agent_success: 1.0

training time:  0.0017900466918945312
evaluation time:  13.916600465774536
epoch time:  13.918412208557129


-------------------------------- Iteration 800 -------------------------------- 
initial ob: [-0.03265199  0.51487863  0.23688568  0.          0.49999998  0.09
  0.          0.7         0.04        0.          0.7         0.04      ]
agent_success: 1.0

training time:  0.0018029212951660156
evaluation time:  14.032553672790527
epoch time:  14.034385681152344


-------------------------------- Iteration 1000 -------------------------------- 
initial ob: [-0.03265199  0.51487863  0.23688568  0.          0.49999998  0.09
  0.          0.7         0.04        0.          0.7         0.04      ]
agent_success: 1.0

training time:  0.0017917156219482422
evaluation time:  14.006712913513184
epoch time:  14.008526086807251


-------------------------------- Iteration 1200 -------------------------------- 
initial ob: [-0.03265199  0.51487863  0.23688568  0.          0.49999998  0.09
  0.          0.7         0.04        0.          0.7         0.04      ]
agent_success: 1.0

training time:  0.0018732547760009766
evaluation time:  14.050323724746704
epoch time:  14.052217245101929


-------------------------------- Iteration 1400 -------------------------------- 
initial ob: [-0.03265199  0.51487863  0.23688568  0.          0.49999998  0.09
  0.          0.7         0.04        0.          0.7         0.04      ]
agent_success: 1.0

training time:  0.0017900466918945312
evaluation time:  13.983024835586548
epoch time:  13.984840631484985


-------------------------------- Iteration 1600 -------------------------------- 
initial ob: [-0.03265199  0.51487863  0.23688568  0.          0.49999998  0.09
  0.          0.7         0.04        0.          0.7         0.04      ]
agent_success: 1.0

training time:  0.0017943382263183594
evaluation time:  14.150126934051514
epoch time:  14.151942729949951


-------------------------------- Iteration 1800 -------------------------------- 
initial ob: [-0.03265199  0.51487863  0.23688568  0.          0.49999998  0.09
  0.          0.7         0.04        0.          0.7         0.04      ]
agent_success: 1.0

training time:  0.001789093017578125
evaluation time:  14.162689685821533
epoch time:  14.164495944976807


-------------------------------- Iteration 2000 -------------------------------- 
initial ob: [-0.03265199  0.51487863  0.23688568  0.          0.49999998  0.09
  0.          0.7         0.04        0.          0.7         0.04      ]
agent_success: 1.0

training time:  0.0017917156219482422
evaluation time:  14.152123212814331
epoch time:  14.153928518295288


-------------------------------- Iteration 2200 -------------------------------- 
initial ob: [-0.03265199  0.51487863  0.23688568  0.          0.49999998  0.09
  0.          0.7         0.04        0.          0.7         0.04      ]
agent_success: 1.0

training time:  0.0018024444580078125
evaluation time:  14.151872396469116
epoch time:  14.153702735900879


-------------------------------- Iteration 2400 -------------------------------- 
initial ob: [-0.03265199  0.51487863  0.23688568  0.          0.49999998  0.09
  0.          0.7         0.04        0.          0.7         0.04      ]
agent_success: 1.0

training time:  0.0017910003662109375
evaluation time:  14.347841501235962
epoch time:  14.349666595458984


-------------------------------- Iteration 2600 -------------------------------- 
initial ob: [-0.03265199  0.51487863  0.23688568  0.          0.49999998  0.09
  0.          0.7         0.04        0.          0.7         0.04      ]
agent_success: 1.0

training time:  0.0018033981323242188
evaluation time:  14.068208932876587
epoch time:  14.070027112960815


-------------------------------- Iteration 2800 -------------------------------- 
initial ob: [-0.03265199  0.51487863  0.23688568  0.          0.49999998  0.09
  0.          0.7         0.04        0.          0.7         0.04      ]
agent_success: 1.0

training time:  0.0017998218536376953
evaluation time:  14.231978416442871
epoch time:  14.233807563781738


-------------------------------- Iteration 3000 -------------------------------- 
initial ob: [-0.03265199  0.51487863  0.23688568  0.          0.49999998  0.09
  0.          0.7         0.04        0.          0.7         0.04      ]
agent_success: 1.0

training time:  0.0015320777893066406
evaluation time:  13.178988695144653
epoch time:  13.180534362792969


-------------------------------- Iteration 3200 -------------------------------- 
initial ob: [-0.03265199  0.51487863  0.23688568  0.          0.49999998  0.09
  0.          0.7         0.04        0.          0.7         0.04      ]
agent_success: 1.0

training time:  0.0015325546264648438
evaluation time:  12.13644814491272
epoch time:  12.137993812561035


-------------------------------- Iteration 3400 -------------------------------- 
initial ob: [-0.03265199  0.51487863  0.23688568  0.          0.49999998  0.09
  0.          0.7         0.04        0.          0.7         0.04      ]
agent_success: 1.0

training time:  0.0015347003936767578
evaluation time:  12.006888389587402
epoch time:  12.00843858718872


-------------------------------- Iteration 3600 -------------------------------- 
initial ob: [-0.03265199  0.51487863  0.23688568  0.          0.49999998  0.09
  0.          0.7         0.04        0.          0.7         0.04      ]
agent_success: 1.0

training time:  0.0015304088592529297
evaluation time:  12.010817527770996
epoch time:  12.012363910675049


-------------------------------- Iteration 3800 -------------------------------- 
initial ob: [-0.03265199  0.51487863  0.23688568  0.          0.49999998  0.09
  0.          0.7         0.04        0.          0.7         0.04      ]
agent_success: 1.0

training time:  0.0015277862548828125
evaluation time:  12.093645572662354
epoch time:  12.095199823379517


-------------------------------- Iteration 4000 -------------------------------- 
initial ob: [-0.03265199  0.51487863  0.23688568  0.          0.49999998  0.09
  0.          0.7         0.04        0.          0.7         0.04      ]
agent_success: 1.0

training time:  0.00153350830078125
evaluation time:  12.067499160766602
epoch time:  12.069048881530762


-------------------------------- Iteration 4200 -------------------------------- 
initial ob: [-0.03265199  0.51487863  0.23688568  0.          0.49999998  0.09
  0.          0.7         0.04        0.          0.7         0.04      ]
agent_success: 1.0

training time:  0.0015304088592529297
evaluation time:  13.216644525527954
epoch time:  13.218194723129272


-------------------------------- Iteration 4400 -------------------------------- 
initial ob: [-0.03265199  0.51487863  0.23688568  0.          0.49999998  0.09
  0.          0.7         0.04        0.          0.7         0.04      ]
agent_success: 1.0

training time:  0.001528024673461914
evaluation time:  13.26598072052002
epoch time:  13.267521858215332


-------------------------------- Iteration 4600 -------------------------------- 
initial ob: [-0.03265199  0.51487863  0.23688568  0.          0.49999998  0.09
  0.          0.7         0.04        0.          0.7         0.04      ]
agent_success: 1.0

training time:  0.0015480518341064453
evaluation time:  12.195433139801025
epoch time:  12.19699740409851


-------------------------------- Iteration 4800 -------------------------------- 
initial ob: [-0.03265199  0.51487863  0.23688568  0.          0.49999998  0.09
  0.          0.7         0.04        0.          0.7         0.04      ]
agent_success: 1.0

training time:  0.001538991928100586
evaluation time:  12.069930791854858
epoch time:  12.071487188339233


-------------------------------- Iteration 5000 -------------------------------- 
initial ob: [-0.03265199  0.51487863  0.23688568  0.          0.49999998  0.09
  0.          0.7         0.04        0.          0.7         0.04      ]
agent_success: 1.0

training time:  0.0015349388122558594
evaluation time:  13.284825325012207
epoch time:  13.286373376846313


-------------------------------- Iteration 5200 -------------------------------- 
initial ob: [-0.03265199  0.51487863  0.23688568  0.          0.49999998  0.09
  0.          0.7         0.04        0.          0.7         0.04      ]
agent_success: 1.0

training time:  0.0015413761138916016
evaluation time:  11.998430252075195
epoch time:  11.99999737739563


-------------------------------- Iteration 5400 -------------------------------- 
initial ob: [-0.03265199  0.51487863  0.23688568  0.          0.49999998  0.09
  0.          0.7         0.04        0.          0.7         0.04      ]
agent_success: 1.0

training time:  0.0015387535095214844
evaluation time:  12.1409752368927
epoch time:  12.142534017562866


-------------------------------- Iteration 5600 -------------------------------- 
initial ob: [-0.03265199  0.51487863  0.23688568  0.          0.49999998  0.09
  0.          0.7         0.04        0.          0.7         0.04      ]
agent_success: 1.0

training time:  0.0015306472778320312
evaluation time:  13.219395875930786
epoch time:  13.220940113067627


-------------------------------- Iteration 5800 -------------------------------- 
initial ob: [-0.03265199  0.51487863  0.23688568  0.          0.49999998  0.09
  0.          0.7         0.04        0.          0.7         0.04      ]
agent_success: 1.0

training time:  0.0015344619750976562
evaluation time:  13.157348155975342
epoch time:  13.158899307250977


-------------------------------- Iteration 6000 -------------------------------- 
initial ob: [-0.03265199  0.51487863  0.23688568  0.          0.49999998  0.09
  0.          0.7         0.04        0.          0.7         0.04      ]
agent_success: 1.0

training time:  0.001523733139038086
evaluation time:  13.233287572860718
epoch time:  13.234826803207397


-------------------------------- Iteration 6200 -------------------------------- 
initial ob: [-0.03265199  0.51487863  0.23688568  0.          0.49999998  0.09
  0.          0.7         0.04        0.          0.7         0.04      ]
agent_success: 1.0

training time:  0.0015518665313720703
evaluation time:  11.97278904914856
epoch time:  11.974367141723633


-------------------------------- Iteration 6400 -------------------------------- 
initial ob: [-0.03265199  0.51487863  0.23688568  0.          0.49999998  0.09
  0.          0.7         0.04        0.          0.7         0.04      ]
agent_success: 1.0

training time:  0.0015306472778320312
evaluation time:  11.989875793457031
epoch time:  11.991431951522827


-------------------------------- Iteration 6600 -------------------------------- 
initial ob: [-0.03265199  0.51487863  0.23688568  0.          0.49999998  0.09
  0.          0.7         0.04        0.          0.7         0.04      ]
agent_success: 1.0

training time:  0.001529693603515625
evaluation time:  11.993143796920776
epoch time:  11.994686603546143


-------------------------------- Iteration 6800 -------------------------------- 
initial ob: [-0.03265199  0.51487863  0.23688568  0.          0.49999998  0.09
  0.          0.7         0.04        0.          0.7         0.04      ]
agent_success: 1.0

training time:  0.0015442371368408203
evaluation time:  12.164231538772583
epoch time:  12.165789365768433


-------------------------------- Iteration 7000 -------------------------------- 
initial ob: [-0.03265199  0.51487863  0.23688568  0.          0.49999998  0.09
  0.          0.7         0.04        0.          0.7         0.04      ]
agent_success: 1.0

training time:  0.0015316009521484375
evaluation time:  11.911006450653076
epoch time:  11.912561416625977


-------------------------------- Iteration 7200 -------------------------------- 
initial ob: [-0.03265199  0.51487863  0.23688568  0.          0.49999998  0.09
  0.          0.7         0.04        0.          0.7         0.04      ]
agent_success: 1.0

training time:  0.0015327930450439453
evaluation time:  13.282792329788208
epoch time:  13.284337997436523


-------------------------------- Iteration 7400 -------------------------------- 
initial ob: [-0.03265199  0.51487863  0.23688568  0.          0.49999998  0.09
  0.          0.7         0.04        0.          0.7         0.04      ]
agent_success: 1.0

training time:  0.0015330314636230469
evaluation time:  12.123014688491821
epoch time:  12.124560832977295


-------------------------------- Iteration 7600 -------------------------------- 
initial ob: [-0.03265199  0.51487863  0.23688568  0.          0.49999998  0.09
  0.          0.7         0.04        0.          0.7         0.04      ]
agent_success: 1.0

training time:  0.001535654067993164
evaluation time:  12.10078740119934
epoch time:  12.102335929870605


-------------------------------- Iteration 7800 -------------------------------- 
initial ob: [-0.03265199  0.51487863  0.23688568  0.          0.49999998  0.09
  0.          0.7         0.04        0.          0.7         0.04      ]
agent_success: 1.0

training time:  0.0015444755554199219
evaluation time:  12.05703854560852
epoch time:  12.058597803115845


-------------------------------- Iteration 8000 -------------------------------- 
initial ob: [-0.03265199  0.51487863  0.23688568  0.          0.49999998  0.09
  0.          0.7         0.04        0.          0.7         0.04      ]
agent_success: 1.0

training time:  0.0015382766723632812
evaluation time:  12.177480459213257
epoch time:  12.17903733253479


-------------------------------- Iteration 8200 -------------------------------- 
initial ob: [-0.03265199  0.51487863  0.23688568  0.          0.49999998  0.09
  0.          0.7         0.04        0.          0.7         0.04      ]
agent_success: 1.0

training time:  0.0015463829040527344
evaluation time:  13.23434591293335
epoch time:  13.235941886901855


-------------------------------- Iteration 8400 -------------------------------- 
initial ob: [-0.03265199  0.51487863  0.23688568  0.          0.49999998  0.09
  0.          0.7         0.04        0.          0.7         0.04      ]
agent_success: 1.0

training time:  0.0015451908111572266
evaluation time:  12.033114433288574
epoch time:  12.034673690795898


-------------------------------- Iteration 8600 -------------------------------- 
initial ob: [-0.03265199  0.51487863  0.23688568  0.          0.49999998  0.09
  0.          0.7         0.04        0.          0.7         0.04      ]
agent_success: 1.0

training time:  0.0015435218811035156
evaluation time:  11.975580930709839
epoch time:  11.97714114189148


-------------------------------- Iteration 8800 -------------------------------- 
initial ob: [-0.03265199  0.51487863  0.23688568  0.          0.49999998  0.09
  0.          0.7         0.04        0.          0.7         0.04      ]
agent_success: 1.0

training time:  0.0015375614166259766
evaluation time:  12.099568605422974
epoch time:  12.101133108139038


-------------------------------- Iteration 9000 -------------------------------- 
initial ob: [-0.03265199  0.51487863  0.23688568  0.          0.49999998  0.09
  0.          0.7         0.04        0.          0.7         0.04      ]
agent_success: 1.0

training time:  0.0015354156494140625
evaluation time:  12.029079675674438
epoch time:  12.030629396438599


-------------------------------- Iteration 9200 -------------------------------- 
initial ob: [-0.03265199  0.51487863  0.23688568  0.          0.49999998  0.09
  0.          0.7         0.04        0.          0.7         0.04      ]
agent_success: 1.0

training time:  0.001538991928100586
evaluation time:  13.151118755340576
epoch time:  13.152674198150635


-------------------------------- Iteration 9400 -------------------------------- 
initial ob: [-0.03265199  0.51487863  0.23688568  0.          0.49999998  0.09
  0.          0.7         0.04        0.          0.7         0.04      ]
agent_success: 1.0

training time:  0.0015382766723632812
evaluation time:  11.715131282806396
epoch time:  11.71668267250061


-------------------------------- Iteration 9600 -------------------------------- 
initial ob: [-0.03265199  0.51487863  0.23688568  0.          0.49999998  0.09
  0.          0.7         0.04        0.          0.7         0.04      ]
agent_success: 1.0

training time:  0.0014636516571044922
evaluation time:  11.539871215820312
epoch time:  11.541359186172485


-------------------------------- Iteration 9800 -------------------------------- 
initial ob: [-0.03265199  0.51487863  0.23688568  0.          0.49999998  0.09
  0.          0.7         0.04        0.          0.7         0.04      ]
agent_success: 1.0

training time:  0.0014667510986328125
evaluation time:  11.360157489776611
epoch time:  11.361647367477417


-------------------------------- Test Results -------------------------------- 
initial ob: [-0.03265199  0.51487863  0.23688568  0.          0.49999998  0.09
  0.          0.7         0.04        0.          0.7         0.04      ]
agent_success: 1.0

mean_success_rate:  1.0
Done
