/var/lib/slurm/slurmd/job3515600/slurm_script: line 9: batch_scripts/MT50_batch/seed.sh: No such file or directory
SLURM_JOBID=3515600
working directory=/viscam/u/jialugao/Imitation-SoftModule
########################
logging outputs to  /viscam/u/jialugao/Imitation-SoftModule/data/Base_bc_reach_button-press-v1_2640.000125-01-2022_23-02-07
########################
{'expert_policy_file': '../Multi-Task-RL/log/MT50_Single_Task/button-press-v1/Fixed/238/model/model_pf_best.pth', 'exp_name': 'bc_reach', 'do_dagger': False, 'ep_len': 200, 'gradient_steps': 1, 'n_iter': 10000, 'render_interval': 1, 'eval_interval': 200, 'batch_size': 64, 'eval_batch_size': 32, 'train_batch_size': 32, 'n_layers': 2, 'size': 400, 'learning_rate': 0.0001, 'video_log_freq': -1, 'scalar_log_freq': 1, 'no_gpu': False, 'which_gpu': 0, 'max_replay_buffer_size': 1000000, 'save_params': False, 'seed': 32, 'worker_nums': 1, 'eval_worker_nums': 1, 'config': 'config/BC.json', 'no_cuda': True, 'random_init': False, 'device': 'cpu', 'id': 'MT50_Single_Task', 'task_name': 'button-press-v1', 'task_env': 'MT50_task_env', 'cuda': False, 'log_dir': '/viscam/u/jialugao/Imitation-SoftModule/data/Base_bc_reach_button-press-v1_2640.000125-01-2022_23-02-07', 'agent_class': <class 'agents.bc_agent.MLPAgent'>, 'agent_params': {'n_layers': 2, 'size': 400, 'learning_rate': 0.0001, 'max_replay_buffer_size': 1000000, 'discrete': False, 'ac_dim': 4, 'ob_dim': 9}}
{'env_name': 'single_task', 'env': {'reward_scale': 1, 'obs_norm': False}, 'meta_env': {'obs_type': 'with_goal', 'random_init': False}, 'replay_buffer': {'size': 1000000.0}, 'net': {'hidden_shapes': [400, 400], 'append_hidden_shapes': [400], 'base_type': <class 'networks.base.MLPBase'>}, 'general_setting': {'discount': 0.99, 'pretrain_epochs': 20, 'num_epochs': 7500, 'epoch_frames': 200, 'max_episode_frames': 200, 'batch_size': 1280, 'min_pool': 10000, 'target_hard_update_period': 1000, 'use_soft_update': True, 'tau': 0.005, 'opt_times': 200, 'eval_episodes': 100, 'train_render': False, 'eval_render': False, 'env': <NormAct<RewardShift<SingleWrapperNone>>>, 'logger': <utils.logger.Logger object at 0x7f3374286590>, 'device': device(type='cpu')}, 'sac': {'plr': 0.0003, 'qlr': 0.0003, 'reparameterization': True, 'automatic_entropy_tuning': True, 'policy_std_reg_weight': 0, 'policy_mean_reg_weight': 0}}
Loading expert policy from... ../Multi-Task-RL/log/MT50_Single_Task/button-press-v1/Fixed/238/model/model_pf_best.pth
tensor([[ 0.0133, -0.0188, -0.0297,  ..., -0.0365, -0.0122, -0.0582],
        [ 0.0285, -0.0426, -0.0133,  ...,  0.0090, -0.0038, -0.0735],
        [ 0.0152, -0.0934, -0.0184,  ..., -0.0016, -0.0266, -0.0484],
        ...,
        [ 0.0499, -0.0852,  0.0214,  ...,  0.0400, -0.0419, -0.0370],
        [-0.0166, -0.0479, -0.0216,  ..., -0.0461,  0.0093, -0.0163],
        [ 0.0149, -0.0186, -0.0418,  ..., -0.0211, -0.0519, -0.0201]])
Done restoring expert policy...
<NormAct<RewardShift<AugObs<SawyerButtonPressEnv instance>>>>


-------------------------------- Iteration 0 -------------------------------- 
initial ob: [-0.03264849  0.51488124  0.2368859   0.          0.75        0.12
  0.          0.79999998  0.09        0.          0.79999998  0.09      ]
expert:[-0.30719835  0.9799603  -0.9597503   0.98790526]
expert:[-0.41156292  0.97527915 -0.95369124  0.98356557]
expert:[-0.5837806   0.9695994  -0.94099194  0.981175  ]
expert:[-0.6341574   0.96837485 -0.90805507  0.9803    ]
expert:[-0.32191074  0.97422725 -0.73033464  0.9831625 ]
expert:[ 0.0302754   0.972672   -0.09162278  0.9804561 ]
expert:[0.27912918 0.9704545  0.45711693 0.9766191 ]
expert:[0.40622953 0.9728358  0.71172374 0.97867745]
expert:[0.42160323 0.9752775  0.7464352  0.97995776]
expert:[0.3602002  0.9765194  0.6817152  0.97998327]
expert:[0.23618428 0.97717    0.5044964  0.9781858 ]
expert:[0.08233779 0.97705215 0.17933567 0.97127885]
expert:[ 0.00441471  0.9757908  -0.1060288   0.94815105]
expert:[-0.0474098   0.9691966  -0.46975732  0.80060303]
expert:[-0.05348908  0.963321   -0.6802603   0.45829737]
expert:[-0.03587063  0.96157366 -0.7167619   0.20886788]
expert:[-0.01797304  0.9633648  -0.63499415  0.25189713]
expert:[-0.00397194  0.9650144  -0.55430347  0.2912345 ]
expert:[ 0.02252942  0.96310794 -0.61322695 -0.07693021]
expert:[ 0.04835711  0.95837134 -0.75169903 -0.5921444 ]
expert:[ 0.03654835  0.9541212  -0.82022166 -0.74028456]
expert:[ 0.0224492   0.95129144 -0.8514886  -0.7818563 ]
expert:[ 0.01595332  0.9496919  -0.8636454  -0.80253637]
expert:[ 0.01230131  0.9491691  -0.8684709  -0.80884475]
expert:[ 0.01038288  0.9488562  -0.87112105 -0.81298023]
expert:[ 0.00954023  0.9487066  -0.8724409  -0.8162688 ]
expert:[ 0.00941466  0.9486733  -0.8729141  -0.8189946 ]
expert:[ 0.00969277  0.9487044  -0.8729212  -0.82111293]
expert:[ 0.01022788  0.9487764  -0.8726526  -0.822816  ]
expert:[ 0.01093982  0.9488936  -0.8721766  -0.8241713 ]
expert:[ 0.01177701  0.9490303  -0.8715583  -0.82529145]
expert:[ 0.01268825  0.94918036 -0.87084717 -0.8262308 ]
expert:[ 0.01359381  0.94932926 -0.8700983  -0.8270001 ]
expert:[ 0.01450162  0.9494788  -0.8693258  -0.82770693]
expert:[ 0.01544373  0.94963425 -0.8685148  -0.8284516 ]
expert:[ 0.01639807  0.9497919  -0.8676672  -0.82916594]
expert:[ 0.01733281  0.9499443  -0.86676586 -0.82971174]
expert:[ 0.01829376  0.95010066 -0.8658094  -0.8301992 ]
expert:[ 0.01929165  0.9502627  -0.86479354 -0.8306379 ]
expert:[ 0.02033116  0.9504327  -0.8637148  -0.8310153 ]
expert:[ 0.0214086   0.9506083  -0.86257493 -0.831338  ]
expert:[ 0.02247058  0.9507817  -0.8614052  -0.83151436]
expert:[ 0.02359965  0.95097345 -0.86020106 -0.83153   ]
expert:[ 0.02477398  0.95118165 -0.85902673 -0.8314738 ]
expert:[ 0.02585539  0.951376   -0.8579217  -0.83132356]
expert:[ 0.02647924  0.95148504 -0.85732484 -0.83115005]
expert:[ 0.0267131   0.9515189  -0.8571792  -0.83102053]
expert:[ 0.02688717  0.9515415  -0.8570933  -0.8309103 ]
expert:[ 0.02701724  0.95155764 -0.85704243 -0.83080566]
expert:[ 0.02709654  0.9515665  -0.85703105 -0.83070016]
expert:[ 0.02713123  0.9515691  -0.8570533  -0.83059317]
expert:[ 0.02713268  0.951567   -0.8570997  -0.8304838 ]
expert:[ 0.02711191  0.95156175 -0.85716236 -0.83037186]
expert:[ 0.02707821  0.9515547  -0.8572354  -0.83025724]
expert:[ 0.02703674  0.9515467  -0.8573151  -0.8301397 ]
expert:[ 0.02699086  0.951538   -0.8573987  -0.8300189 ]
expert:[ 0.02694206  0.95152885 -0.8574853  -0.8298947 ]
expert:[ 0.02689142  0.95151937 -0.85757446 -0.8297674 ]
expert:[ 0.02683902  0.95150954 -0.8576662  -0.82963645]
expert:[ 0.02677463  0.9514978  -0.8577696  -0.82954043]
expert:[ 0.02671397  0.9514867  -0.8578675  -0.82945514]
expert:[ 0.02666325  0.95147717 -0.8579571  -0.82933587]
expert:[ 0.02661481  0.9514679  -0.8580474  -0.8291899 ]
expert:[ 0.02656421  0.95145816 -0.8581423  -0.82902974]
expert:[ 0.02651012  0.9514478  -0.85824233 -0.8288636 ]
expert:[ 0.02645448  0.95143604 -0.85834306 -0.8286935 ]
expert:[ 0.02639362  0.95142585 -0.8584462  -0.8285088 ]
expert:[ 0.02632985  0.9514151  -0.85855323 -0.828323  ]
expert:[ 0.02626363  0.9514039  -0.85866356 -0.8281356 ]
expert:[ 0.02619511  0.95139223 -0.8587773  -0.82794607]
expert:[ 0.02612454  0.9513802  -0.85889393 -0.8277538 ]
expert:[ 0.02605307  0.95136803 -0.8590117  -0.82756084]
expert:[ 0.02598047  0.9513556  -0.85913116 -0.827367  ]
expert:[ 0.02590567  0.9513427  -0.85925376 -0.8271694 ]
expert:[ 0.02582862  0.95132935 -0.8593797  -0.8269677 ]
expert:[ 0.02574955  0.95131415 -0.8595026  -0.82675916]
expert:[ 0.02566833  0.9512985  -0.85962856 -0.8265466 ]
expert:[ 0.02558522  0.95128244 -0.85975724 -0.82633024]
expert:[ 0.02550011  0.951266   -0.85988873 -0.8261101 ]
expert:[ 0.0254132  0.9512492 -0.8600228 -0.8258864]
expert:[ 0.02532445  0.9512321  -0.86015934 -0.8256591 ]
expert:[ 0.02523419  0.9512146  -0.86029816 -0.8254283 ]
expert:[ 0.02514211  0.9511968  -0.8604394  -0.8251938 ]
expert:[ 0.02504849  0.9511787  -0.8605828  -0.8249559 ]
expert:[ 0.02495323  0.95116025 -0.8607286  -0.82471454]
expert:[ 0.02485642  0.95114154 -0.86087656 -0.82446975]
expert:[ 0.02475824  0.9511223  -0.8610268  -0.82421917]
expert:[ 0.02465857  0.95110273 -0.8611793  -0.8239651 ]
expert:[ 0.02454929  0.95108104 -0.8613376  -0.8236908 ]
expert:[ 0.0244204  0.9510548 -0.8615063 -0.8233758]
expert:[ 0.02428976  0.9510282  -0.8616771  -0.8230567 ]
expert:[ 0.02415729  0.9510012  -0.8618501  -0.82273334]
expert:[ 0.02402309  0.95097387 -0.8620252  -0.82240546]
expert:[ 0.02388713  0.95094615 -0.86220235 -0.82207334]
expert:[ 0.02374926  0.950918   -0.86238176 -0.82173705]
expert:[ 0.02360975  0.9508896  -0.8625631  -0.8213964 ]
expert:[ 0.0234685   0.95086074 -0.8627464  -0.8210515 ]
expert:[ 0.02332566  0.95083153 -0.8629318  -0.82070225]
expert:[ 0.02318144  0.9508016  -0.86312    -0.8203462 ]
expert:[ 0.0230355  0.9507714 -0.8633103 -0.819986 ]
expert:[ 0.02288799  0.95074075 -0.8635023  -0.8196215 ]
expert:[ 0.02273696  0.95070845 -0.8636947  -0.81923926]
expert:[ 0.02257873  0.9506727  -0.8638905  -0.8188009 ]
expert:[ 0.02244453  0.95064276 -0.8640806  -0.8183944 ]
expert:[ 0.02231176  0.95061314 -0.8642693  -0.8179946 ]
expert:[ 0.02217815  0.9505834  -0.8644591  -0.8175947 ]
expert:[ 0.02204334  0.9505568  -0.86464655 -0.8171684 ]
expert:[ 0.02190681  0.9505306  -0.86483544 -0.816734  ]
expert:[ 0.02176895  0.95050406 -0.8650259  -0.81629527]
expert:[ 0.02162947  0.95047724 -0.86521834 -0.8158523 ]
expert:[ 0.02148833  0.95045006 -0.8654127  -0.815405  ]
expert:[ 0.02134565  0.9504226  -0.865609   -0.8149534 ]
expert:[ 0.02120168  0.95039487 -0.86580676 -0.81449723]
expert:[ 0.02105649  0.95036685 -0.8660061  -0.81403637]
expert:[ 0.02090985  0.9503386  -0.866207   -0.81357104]
expert:[ 0.02076168  0.95031    -0.8664098  -0.81310135]
expert:[ 0.02061162  0.9502808  -0.86661315 -0.81262696]
expert:[ 0.02045709  0.95024925 -0.86681145 -0.812146  ]
expert:[ 0.02029836  0.95021886 -0.8670112  -0.8116536 ]
expert:[ 0.02013331  0.9501906  -0.8672122  -0.8111442 ]
expert:[ 0.01996691  0.95016205 -0.8674145  -0.81063   ]
expert:[ 0.01979925  0.9501333  -0.86761814 -0.8101114 ]
expert:[ 0.0196302   0.9501044  -0.86782324 -0.80958694]
expert:[ 0.01945809  0.95007694 -0.8680323  -0.8090425 ]
expert:[ 0.01928502  0.9500491  -0.8682434  -0.80849075]
expert:[ 0.01911217  0.9500212  -0.868454   -0.80793816]
expert:[ 0.01893934  0.9499934  -0.86866426 -0.80738425]
expert:[ 0.01877316  0.94996256 -0.86885524 -0.8068211 ]
expert:[ 0.01860481  0.9499327  -0.8690448  -0.80623853]
expert:[ 0.01843376  0.94990414 -0.8692343  -0.8056365 ]
expert:[ 0.01826111  0.94987524 -0.8694254  -0.80502844]
expert:[ 0.01808834  0.9498463  -0.86961544 -0.8044127 ]
expert:[ 0.01792305  0.9498192  -0.86978894 -0.80377644]
expert:[ 0.01775678  0.9497919  -0.86996335 -0.80313456]
expert:[ 0.01758938  0.94976443 -0.8701387  -0.8024873 ]
expert:[ 0.01742056  0.9497366  -0.870311   -0.8018307 ]
expert:[ 0.01725105  0.949708   -0.8704818  -0.80116785]
expert:[ 0.01707847  0.94967896 -0.87065405 -0.80049336]
expert:[ 0.01689808  0.9496489  -0.87083334 -0.7998044 ]
expert:[ 0.01671671  0.94961876 -0.87101334 -0.7991099 ]
expert:[ 0.01653438  0.9495884  -0.8711941  -0.79841024]
expert:[ 0.01635485  0.9495585  -0.8713712  -0.7977294 ]
expert:[ 0.01617477  0.9495285  -0.871549   -0.7970439 ]
expert:[ 0.01599515  0.94949895 -0.8717283  -0.7963513 ]
expert:[ 0.01581474  0.9494692  -0.8719081  -0.7956534 ]
expert:[ 0.01563348  0.94943935 -0.8720887  -0.79495084]
expert:[ 0.01545621  0.9494097  -0.8722586  -0.79422975]
expert:[ 0.01526969  0.9493827  -0.8724268  -0.7934752 ]
expert:[ 0.01508339  0.9493563  -0.8725965  -0.7927137 ]
expert:[ 0.01489648  0.9493299  -0.87276685 -0.7919471 ]
expert_success: 1.0
path_length: 150
