/var/lib/slurm/slurmd/job3515730/slurm_script: line 9: batch_scripts/MT50_batch/seed.sh: No such file or directory
SLURM_JOBID=3515730
working directory=/viscam/u/jialugao/Imitation-SoftModule
########################
logging outputs to  /viscam/u/jialugao/Imitation-SoftModule/data/Base_bc_reach_door-close-v1_2640.000125-01-2022_23-54-02
########################
{'expert_policy_file': '../Multi-Task-RL/log/MT50_Single_Task/door-close-v1/Fixed/238/model/model_pf_best.pth', 'exp_name': 'bc_reach', 'do_dagger': False, 'ep_len': 200, 'gradient_steps': 1, 'n_iter': 100000, 'render_interval': 1, 'eval_interval': 200, 'batch_size': 64, 'eval_batch_size': 32, 'train_batch_size': 32, 'n_layers': 2, 'size': 400, 'learning_rate': 0.0001, 'video_log_freq': -1, 'scalar_log_freq': 1, 'no_gpu': False, 'which_gpu': 0, 'max_replay_buffer_size': 1000000, 'save_params': False, 'seed': 32, 'worker_nums': 1, 'eval_worker_nums': 1, 'config': 'config/BC.json', 'no_cuda': True, 'random_init': False, 'device': 'cpu', 'id': 'MT50_Single_Task', 'task_name': 'door-close-v1', 'task_env': 'MT50_task_env', 'cuda': False, 'log_dir': '/viscam/u/jialugao/Imitation-SoftModule/data/Base_bc_reach_door-close-v1_2640.000125-01-2022_23-54-02', 'agent_class': <class 'agents.bc_agent.MLPAgent'>, 'agent_params': {'n_layers': 2, 'size': 400, 'learning_rate': 0.0001, 'max_replay_buffer_size': 1000000, 'discrete': False, 'ac_dim': 4, 'ob_dim': 9}}
{'env_name': 'single_task', 'env': {'reward_scale': 1, 'obs_norm': False}, 'meta_env': {'obs_type': 'with_goal', 'random_init': False}, 'replay_buffer': {'size': 1000000.0}, 'net': {'hidden_shapes': [400, 400], 'append_hidden_shapes': [400], 'base_type': <class 'networks.base.MLPBase'>}, 'general_setting': {'discount': 0.99, 'pretrain_epochs': 20, 'num_epochs': 7500, 'epoch_frames': 200, 'max_episode_frames': 200, 'batch_size': 1280, 'min_pool': 10000, 'target_hard_update_period': 1000, 'use_soft_update': True, 'tau': 0.005, 'opt_times': 200, 'eval_episodes': 100, 'train_render': False, 'eval_render': False, 'env': <NormAct<RewardShift<SingleWrapperNone>>>, 'logger': <utils.logger.Logger object at 0x7f11f54d5c90>, 'device': device(type='cpu')}, 'sac': {'plr': 0.0003, 'qlr': 0.0003, 'reparameterization': True, 'automatic_entropy_tuning': True, 'policy_std_reg_weight': 0, 'policy_mean_reg_weight': 0}}
Loading expert policy from... ../Multi-Task-RL/log/MT50_Single_Task/door-close-v1/Fixed/238/model/model_pf_best.pth
tensor([[-0.0084, -0.0111, -0.0533,  ..., -0.0694, -0.0162, -0.0621],
        [ 0.0223, -0.0394, -0.0400,  ..., -0.0335, -0.0115, -0.0807],
        [ 0.0017, -0.0862, -0.0634,  ..., -0.0467, -0.0336, -0.0555],
        ...,
        [ 0.0428, -0.0779, -0.0112,  ..., -0.0011, -0.0504, -0.0453],
        [-0.0050, -0.0363, -0.0449,  ..., -0.0799,  0.0103, -0.0153],
        [-0.0205, -0.0083, -0.0645,  ..., -0.0618, -0.0546, -0.0227]])
Done restoring expert policy...
<NormAct<RewardShift<AugObs<SawyerDoorCloseEnv instance>>>>


-------------------------------- Iteration 0 -------------------------------- 
initial ob: [-0.03264849  0.51488124  0.2368859  -0.21000095  0.69000054  0.15
  0.2         0.8         0.15        0.2         0.8         0.15      ]
expert:[-0.52662235  0.95202315  0.74652404  0.6017667 ]
expert:[-0.49044845  0.90745103  0.8513438  -0.14746642]
expert:[-0.93045175  0.8354914   0.95825285  0.11095091]
expert:[-0.9674468   0.84086037  0.97436476  0.0711964 ]
expert:[-0.96432173  0.87186617  0.9694415  -0.24130946]
expert:[-0.9331523   0.92712194  0.93510926 -0.69527245]
expert:[-0.9496532  0.9442531  0.8694137 -0.9321626]
expert:[-0.97224116  0.95948005  0.8636173  -0.9607468 ]
expert:[-0.97689694  0.97107065  0.91100764 -0.922039  ]
expert:[-0.9804239   0.97277737  0.91565543 -0.7501125 ]
expert:[-0.9818481   0.97463614  0.8553746  -0.80755484]
expert:[-0.97228     0.976791    0.79092944 -0.66984916]
expert:[-0.97973716  0.9750075   0.7504407  -0.65623915]
expert:[-0.98134047  0.96604586  0.26545236 -0.5465461 ]
expert:[-0.9797704   0.9584271  -0.68341815  0.11391845]
expert:[-0.9866016   0.9683548  -0.9213528   0.91118395]
expert:[-0.98232263  0.9615425  -0.94415873  0.98507977]
expert:[ 0.96237254  0.6575971  -0.9625055   0.9132909 ]
expert:[ 0.9908042   0.48593637 -0.9841294   0.93212533]
expert:[ 0.99101365  0.4259842  -0.9876444   0.9410242 ]
expert:[ 0.991026    0.45420718 -0.9842373   0.9391901 ]
expert:[ 0.99079776  0.61202544 -0.9637165   0.9237242 ]
expert:[ 0.98746586  0.77340984 -0.8876124   0.88834774]
expert:[ 0.9878299  0.7747716 -0.8407341  0.8545236]
expert:[ 0.9912537  0.7464947 -0.762443   0.8240475]
expert:[ 0.993355   0.7510763 -0.5049016  0.7815443]
expert:[0.9923787  0.6565766  0.20580614 0.81083214]
expert:[ 0.9936125  -0.26546746  0.4347345   0.75962937]
expert:[ 0.9954178  -0.97005475  0.5780114   0.60669994]
expert:[ 0.9953897  -0.991398    0.80652136  0.16820763]
expert:[ 0.99882036 -0.9951063   0.97778195 -0.41721147]
expert:[ 0.9930314  -0.9974958   0.14620496 -0.5360719 ]
expert:[ 0.99209857 -0.99875563 -0.94812745  0.30167344]
expert:[ 0.99149543 -0.9764001  -0.98107964  0.38049266]
expert:[ 0.99667877 -0.9765978  -0.97668386  0.21963881]
expert:[ 0.997126   -0.9766476  -0.9664009   0.18224564]
expert:[ 0.99750936 -0.9375744  -0.838026    0.19316913]
expert:[ 0.997344   -0.59011084 -0.10844126 -0.47570413]
expert:[ 0.99636805  0.72775185  0.72601455 -0.7652103 ]
expert:[ 0.99244356  0.8385008   0.9287878  -0.84765756]
expert:[ 0.98690623  0.841651    0.92210495 -0.8411192 ]
expert:[ 0.97658145  0.80504465  0.8527176  -0.76361597]
expert:[ 0.9582194   0.74906045  0.7104871  -0.6583949 ]
expert:[ 0.94426024  0.73177296  0.597752   -0.63449156]
expert:[ 0.95595944  0.7252714   0.45051628 -0.6876547 ]
expert:[ 0.9666364   0.66036123  0.09061608 -0.73546296]
expert:[ 0.97806674  0.5275075  -0.624749   -0.49986696]
expert:[ 0.97321826  0.3246323  -0.88434356  0.06946305]
expert:[ 0.95603263  0.5659702  -0.9392038   0.5376462 ]
expert:[ 0.92842823  0.66263324 -0.96535265  0.7894027 ]
expert:[ 0.8902891   0.62326485 -0.97372496  0.87705755]
expert:[ 0.8185129   0.5276444  -0.95362926  0.9053556 ]
expert:[ 0.67290765  0.38818562 -0.87766814  0.91151965]
expert:[ 0.41744906  0.20413475 -0.65060216  0.9024796 ]
expert:[ 0.14046557  0.08618181 -0.28533423  0.890746  ]
expert:[ 0.07699737  0.03998002 -0.19117339  0.8775271 ]
expert:[ 0.02553346  0.00204453 -0.14744349  0.8752116 ]
expert:[-0.01463222 -0.02866578 -0.12101587  0.87475175]
expert:[-0.03289588 -0.03638205 -0.10833994  0.8780501 ]
expert:[-0.0434894  -0.03854133 -0.09586019  0.87940466]
expert:[-0.05208204 -0.04190172 -0.08128282  0.8771946 ]
expert:[-0.05957707 -0.04591719 -0.06637008  0.87286067]
expert:[-0.06588476 -0.04976197 -0.052233    0.86766   ]
expert:[-0.07055909 -0.05263357 -0.0407446   0.86299765]
expert:[-0.0740476  -0.05518964 -0.02861354  0.8576744 ]
expert:[-0.0759704  -0.05739406 -0.01248221  0.8507707 ]
expert:[-0.07732165 -0.0594558   0.00201966  0.8436913 ]
expert:[-0.07825432 -0.06141618  0.01569985  0.8362398 ]
expert:[-0.07882892 -0.06317382  0.0282114   0.82878596]
expert:[-0.07903748 -0.06469346  0.03945491  0.8214692 ]
expert:[-0.078866   -0.06574476  0.04933749  0.8145306 ]
expert:[-0.07831777 -0.06610981  0.05774483  0.8082432 ]
expert:[-0.07742041 -0.06610355  0.06487107  0.8025512 ]
expert:[-0.07620632 -0.06571789  0.07077205  0.7975484 ]
expert:[-0.07470122 -0.06494053  0.07557115  0.7932702 ]
expert:[-0.07286584 -0.06377927  0.07921505  0.7897104 ]
expert:[-0.07077959 -0.0622717   0.08184925  0.7868565 ]
expert:[-0.06846361 -0.06045079  0.08350617  0.7846796 ]
expert:[-0.0659396  -0.05835033  0.08422717  0.7831393 ]
expert:[-0.06322914 -0.0560037   0.08405957  0.78218824]
expert:[-0.0603536  -0.05344143  0.08305822  0.7817745 ]
expert:[-0.05725876 -0.05056031  0.0812307   0.7819281 ]
expert:[-0.05385075 -0.04722115  0.07852373  0.7826783 ]
expert:[-0.05008045 -0.04339752  0.07487813  0.7839514 ]
expert:[-0.0452529  -0.03908162  0.06908964  0.78449386]
expert:[-0.04011792 -0.03461193  0.06230982  0.78506505]
expert:[-0.03516139 -0.03024788  0.05540618  0.78593427]
expert:[-0.03071832 -0.02609336  0.0492417   0.78725034]
expert:[-0.02666559 -0.02223171  0.04349218  0.7886801 ]
expert:[-0.02312156 -0.01875135  0.03845061  0.7901936 ]
expert:[-0.01990103 -0.01561727  0.03371214  0.79158473]
expert:[-0.01696057 -0.01258396  0.02925195  0.792837  ]
expert:[-0.01421213 -0.00933803  0.02501469  0.7940263 ]
expert:[-0.01159285 -0.00616801  0.02097534  0.7952441 ]
expert:[-0.00876553 -0.00298661  0.01868587  0.7960074 ]
expert:[-6.0006552e-03  6.4216554e-05  1.6919928e-02  7.9659176e-01]
expert:[-0.00340264  0.0029225   0.01521502  0.7970976 ]
expert:[-0.00090682  0.00556951  0.01360913  0.797476  ]
expert:[0.00183344 0.00798947 0.01235019 0.79751897]
expert:[0.00437218 0.01018998 0.01110284 0.79750484]
expert:[0.00671204 0.01217054 0.0098623  0.7974436 ]
expert:[0.00885323 0.01393972 0.00862198 0.7973557 ]
expert:[0.01079806 0.01550411 0.00737912 0.7972558 ]
expert:[0.01255142 0.01687317 0.00613452 0.7971566 ]
expert:[0.01411758 0.01805576 0.00488983 0.7970689 ]
expert:[0.01550202 0.01906168 0.0036487  0.7970017 ]
expert:[0.01671108 0.01990111 0.00241496 0.796961  ]
expert:[0.01775051 0.02058295 0.00119408 0.79695165]
expert:[ 1.8626561e-02  2.1116449e-02 -9.9316239e-06  7.9697609e-01]
expert:[ 0.019346    0.02151063 -0.00119183  0.79703593]
expert:[ 0.01991482  0.02177315 -0.00234589  0.7971307 ]
expert:[ 0.02034035  0.02191258 -0.00346806  0.79725915]
expert:[ 0.02062877  0.02193632 -0.00455237  0.7974187 ]
expert:[ 0.02078657  0.02185099 -0.00559447  0.7976063 ]
expert:[ 0.0208208   0.02166402 -0.00659055  0.7978184 ]
expert:[ 0.02073816  0.02138237 -0.00753726  0.79805183]
expert:[ 0.02054498  0.02101241 -0.00842925  0.7983016 ]
expert:[ 0.02024833  0.02056031 -0.00926347  0.7985632 ]
expert:[ 0.01985515  0.02003332 -0.01003843  0.7988335 ]
expert:[ 0.0193721   0.01943694 -0.01074878  0.79910725]
expert:[ 0.01880594  0.01877788 -0.01139464  0.7993816 ]
expert:[ 0.0181632   0.01806226 -0.01197285  0.7996517 ]
expert:[ 0.0174508   0.01729616 -0.01248108  0.7999146 ]
expert:[ 0.01667551  0.01648575 -0.01291892  0.8001668 ]
expert:[ 0.015844    0.01563689 -0.0132862   0.8004055 ]
expert:[ 0.01496278  0.01475597 -0.01358101  0.80062795]
expert:[ 0.01403859  0.0138482  -0.01380473  0.8008312 ]
expert:[ 0.01307771  0.01291959 -0.01395651  0.80101347]
expert:[ 0.01208655  0.01197545 -0.01403678  0.80117273]
expert:[ 0.01107144  0.01102194 -0.01404745  0.8013078 ]
expert:[ 0.01003866  0.01006343 -0.01398994  0.80141646]
expert:[ 0.00899338  0.0091051  -0.01386522  0.80149823]
expert:[ 0.00794221  0.00815221 -0.01367583  0.801552  ]
expert:[ 0.00689016  0.00720887 -0.01342446  0.8015772 ]
expert:[ 0.00584295  0.00628002 -0.01311368  0.8015734 ]
expert:[ 0.00480559  0.00536889 -0.01274687  0.8015402 ]
expert:[ 0.00378264  0.00447946 -0.01232697  0.8014777 ]
expert:[ 0.00277912  0.00361585 -0.01185657  0.8013858 ]
expert:[ 0.0017994   0.00278109 -0.01134077  0.8012656 ]
expert:[ 0.00084749  0.00197793 -0.01078347  0.80111706]
expert:[-8.0853701e-05  1.3109215e-03 -1.0188562e-02  8.0091029e-01]
expert:[-9.7420783e-04  6.8355340e-04 -9.5604500e-03  8.0067605e-01]
expert:[-1.8287578e-03  8.8639557e-05 -8.9025898e-03  8.0041707e-01]
expert:[-2.6427149e-03 -4.7279146e-04 -8.2206437e-03  8.0013394e-01]
expert:[-0.00341244 -0.00099906 -0.00751968  0.79982775]
expert:[-0.00413642 -0.00148959 -0.00680243  0.7994993 ]
expert:[-0.00481241 -0.00194335 -0.00607493  0.79914963]
expert:[-0.0054389  -0.00236026 -0.00534128  0.79878044]
expert:[-0.00601472 -0.00273992 -0.00460494  0.7983927 ]
expert:[-0.00653842 -0.00308168 -0.00387146  0.79798824]
expert_success: 1.0
path_length: 150



-------------------------------- Iteration 0 -------------------------------- 
initial ob: [-0.03264849  0.51488124  0.2368859  -0.21000095  0.69000054  0.15
  0.2         0.8         0.15        0.2         0.8         0.15      ]
agent_success: 0

training time:  0.12696552276611328
evaluation time:  8.735114336013794
epoch time:  8.862114191055298


-------------------------------- Iteration 200 -------------------------------- 
initial ob: [-0.03264849  0.51488124  0.2368859  -0.21000095  0.69000054  0.15
  0.2         0.8         0.15        0.2         0.8         0.15      ]
agent_success: 0

training time:  0.0022842884063720703
evaluation time:  7.074205160140991
epoch time:  7.076519012451172


-------------------------------- Iteration 400 -------------------------------- 
initial ob: [-0.03264849  0.51488124  0.2368859  -0.21000095  0.69000054  0.15
  0.2         0.8         0.15        0.2         0.8         0.15      ]
agent_success: 0

training time:  0.002342700958251953
evaluation time:  6.805772542953491
epoch time:  6.8081395626068115


-------------------------------- Iteration 600 -------------------------------- 
initial ob: [-0.03264849  0.51488124  0.2368859  -0.21000095  0.69000054  0.15
  0.2         0.8         0.15        0.2         0.8         0.15      ]
agent_success: 0

training time:  0.0022704601287841797
evaluation time:  6.662164688110352
epoch time:  6.6644604206085205


-------------------------------- Iteration 800 -------------------------------- 
initial ob: [-0.03264849  0.51488124  0.2368859  -0.21000095  0.69000054  0.15
  0.2         0.8         0.15        0.2         0.8         0.15      ]
agent_success: 0

training time:  0.0022962093353271484
evaluation time:  6.630826234817505
epoch time:  6.633144378662109


-------------------------------- Iteration 1000 -------------------------------- 
initial ob: [-0.03264849  0.51488124  0.2368859  -0.21000095  0.69000054  0.15
  0.2         0.8         0.15        0.2         0.8         0.15      ]
agent_success: 0

training time:  0.0022933483123779297
evaluation time:  6.6684410572052
epoch time:  6.67077898979187


-------------------------------- Iteration 1200 -------------------------------- 
initial ob: [-0.03264849  0.51488124  0.2368859  -0.21000095  0.69000054  0.15
  0.2         0.8         0.15        0.2         0.8         0.15      ]
agent_success: 0

training time:  0.002281665802001953
evaluation time:  6.621872901916504
epoch time:  6.624203443527222


-------------------------------- Iteration 1400 -------------------------------- 
initial ob: [-0.03264849  0.51488124  0.2368859  -0.21000095  0.69000054  0.15
  0.2         0.8         0.15        0.2         0.8         0.15      ]
agent_success: 0

training time:  0.0022971630096435547
evaluation time:  6.651837587356567
epoch time:  6.654162883758545


-------------------------------- Iteration 1600 -------------------------------- 
initial ob: [-0.03264849  0.51488124  0.2368859  -0.21000095  0.69000054  0.15
  0.2         0.8         0.15        0.2         0.8         0.15      ]
agent_success: 0

training time:  0.002266407012939453
evaluation time:  6.71793532371521
epoch time:  6.720224857330322


-------------------------------- Iteration 1800 -------------------------------- 
initial ob: [-0.03264849  0.51488124  0.2368859  -0.21000095  0.69000054  0.15
  0.2         0.8         0.15        0.2         0.8         0.15      ]
agent_success: 1.0

training time:  0.002291440963745117
evaluation time:  10.33229923248291
epoch time:  10.334606647491455


-------------------------------- Iteration 2000 -------------------------------- 
initial ob: [-0.03264849  0.51488124  0.2368859  -0.21000095  0.69000054  0.15
  0.2         0.8         0.15        0.2         0.8         0.15      ]
agent_success: 0

training time:  0.0022954940795898438
evaluation time:  8.032370805740356
epoch time:  8.034686803817749


-------------------------------- Iteration 2200 -------------------------------- 
initial ob: [-0.03264849  0.51488124  0.2368859  -0.21000095  0.69000054  0.15
  0.2         0.8         0.15        0.2         0.8         0.15      ]
agent_success: 0

training time:  0.0022783279418945312
evaluation time:  8.513943672180176
epoch time:  8.516242027282715


-------------------------------- Iteration 2400 -------------------------------- 
initial ob: [-0.03264849  0.51488124  0.2368859  -0.21000095  0.69000054  0.15
  0.2         0.8         0.15        0.2         0.8         0.15      ]
agent_success: 0

training time:  0.002277851104736328
evaluation time:  6.753333568572998
epoch time:  6.7556891441345215


-------------------------------- Iteration 2600 -------------------------------- 
initial ob: [-0.03264849  0.51488124  0.2368859  -0.21000095  0.69000054  0.15
  0.2         0.8         0.15        0.2         0.8         0.15      ]
agent_success: 0

training time:  0.0022869110107421875
evaluation time:  9.199907302856445
epoch time:  9.202223539352417


-------------------------------- Iteration 2800 -------------------------------- 
initial ob: [-0.03264849  0.51488124  0.2368859  -0.21000095  0.69000054  0.15
  0.2         0.8         0.15        0.2         0.8         0.15      ]
agent_success: 1.0

training time:  0.0023093223571777344
evaluation time:  6.975283145904541
epoch time:  6.977620601654053


-------------------------------- Iteration 3000 -------------------------------- 
initial ob: [-0.03264849  0.51488124  0.2368859  -0.21000095  0.69000054  0.15
  0.2         0.8         0.15        0.2         0.8         0.15      ]
agent_success: 0

training time:  0.0022754669189453125
evaluation time:  9.265698194503784
epoch time:  9.267995357513428


-------------------------------- Iteration 3200 -------------------------------- 
initial ob: [-0.03264849  0.51488124  0.2368859  -0.21000095  0.69000054  0.15
  0.2         0.8         0.15        0.2         0.8         0.15      ]
agent_success: 1.0

training time:  0.0022754669189453125
evaluation time:  6.949917316436768
epoch time:  6.952415704727173


-------------------------------- Iteration 3400 -------------------------------- 
initial ob: [-0.03264849  0.51488124  0.2368859  -0.21000095  0.69000054  0.15
  0.2         0.8         0.15        0.2         0.8         0.15      ]
agent_success: 1.0

training time:  0.0022890567779541016
evaluation time:  6.893199682235718
epoch time:  6.895501136779785


-------------------------------- Iteration 3600 -------------------------------- 
initial ob: [-0.03264849  0.51488124  0.2368859  -0.21000095  0.69000054  0.15
  0.2         0.8         0.15        0.2         0.8         0.15      ]
agent_success: 1.0

training time:  0.0024535655975341797
evaluation time:  6.9492199420928955
epoch time:  6.951688766479492


-------------------------------- Iteration 3800 -------------------------------- 
initial ob: [-0.03264849  0.51488124  0.2368859  -0.21000095  0.69000054  0.15
  0.2         0.8         0.15        0.2         0.8         0.15      ]
agent_success: 1.0

training time:  0.0022869110107421875
evaluation time:  6.970303773880005
epoch time:  6.972616195678711


-------------------------------- Iteration 4000 -------------------------------- 
initial ob: [-0.03264849  0.51488124  0.2368859  -0.21000095  0.69000054  0.15
  0.2         0.8         0.15        0.2         0.8         0.15      ]
agent_success: 1.0

training time:  0.002283334732055664
evaluation time:  6.925427436828613
epoch time:  6.927735805511475


-------------------------------- Iteration 4200 -------------------------------- 
initial ob: [-0.03264849  0.51488124  0.2368859  -0.21000095  0.69000054  0.15
  0.2         0.8         0.15        0.2         0.8         0.15      ]
agent_success: 1.0

training time:  0.0022878646850585938
evaluation time:  6.912671089172363
epoch time:  6.914971113204956


-------------------------------- Iteration 4400 -------------------------------- 
initial ob: [-0.03264849  0.51488124  0.2368859  -0.21000095  0.69000054  0.15
  0.2         0.8         0.15        0.2         0.8         0.15      ]
agent_success: 1.0

training time:  0.002300739288330078
evaluation time:  6.897570848464966
epoch time:  6.90000057220459


-------------------------------- Iteration 4600 -------------------------------- 
initial ob: [-0.03264849  0.51488124  0.2368859  -0.21000095  0.69000054  0.15
  0.2         0.8         0.15        0.2         0.8         0.15      ]
agent_success: 1.0

training time:  0.0022721290588378906
evaluation time:  6.907141208648682
epoch time:  6.909425973892212


-------------------------------- Iteration 4800 -------------------------------- 
initial ob: [-0.03264849  0.51488124  0.2368859  -0.21000095  0.69000054  0.15
  0.2         0.8         0.15        0.2         0.8         0.15      ]
agent_success: 1.0

training time:  0.0022733211517333984
evaluation time:  9.306745290756226
epoch time:  9.309032201766968


-------------------------------- Iteration 5000 -------------------------------- 
initial ob: [-0.03264849  0.51488124  0.2368859  -0.21000095  0.69000054  0.15
  0.2         0.8         0.15        0.2         0.8         0.15      ]
agent_success: 1.0

training time:  0.0022869110107421875
evaluation time:  8.844693422317505
epoch time:  8.846996307373047


-------------------------------- Iteration 5200 -------------------------------- 
initial ob: [-0.03264849  0.51488124  0.2368859  -0.21000095  0.69000054  0.15
  0.2         0.8         0.15        0.2         0.8         0.15      ]
agent_success: 0

training time:  0.002274036407470703
evaluation time:  10.094069719314575
epoch time:  10.096359729766846


-------------------------------- Iteration 5400 -------------------------------- 
initial ob: [-0.03264849  0.51488124  0.2368859  -0.21000095  0.69000054  0.15
  0.2         0.8         0.15        0.2         0.8         0.15      ]
agent_success: 1.0

training time:  0.0023050308227539062
evaluation time:  9.61243724822998
epoch time:  9.61475419998169


-------------------------------- Iteration 5600 -------------------------------- 
initial ob: [-0.03264849  0.51488124  0.2368859  -0.21000095  0.69000054  0.15
  0.2         0.8         0.15        0.2         0.8         0.15      ]
agent_success: 1.0

training time:  0.002471923828125
evaluation time:  6.8529791831970215
epoch time:  6.8554627895355225


-------------------------------- Iteration 5800 -------------------------------- 
initial ob: [-0.03264849  0.51488124  0.2368859  -0.21000095  0.69000054  0.15
  0.2         0.8         0.15        0.2         0.8         0.15      ]
agent_success: 1.0

training time:  0.0022704601287841797
evaluation time:  8.347260475158691
epoch time:  8.349558115005493


-------------------------------- Iteration 6000 -------------------------------- 
initial ob: [-0.03264849  0.51488124  0.2368859  -0.21000095  0.69000054  0.15
  0.2         0.8         0.15        0.2         0.8         0.15      ]
agent_success: 1.0

training time:  0.0022759437561035156
evaluation time:  6.841172456741333
epoch time:  6.843461036682129


-------------------------------- Iteration 6200 -------------------------------- 
initial ob: [-0.03264849  0.51488124  0.2368859  -0.21000095  0.69000054  0.15
  0.2         0.8         0.15        0.2         0.8         0.15      ]
agent_success: 1.0

training time:  0.002418994903564453
evaluation time:  6.850769996643066
epoch time:  6.85321831703186


-------------------------------- Iteration 6400 -------------------------------- 
initial ob: [-0.03264849  0.51488124  0.2368859  -0.21000095  0.69000054  0.15
  0.2         0.8         0.15        0.2         0.8         0.15      ]
agent_success: 1.0

training time:  0.0024700164794921875
evaluation time:  7.285245418548584
epoch time:  7.287726640701294


-------------------------------- Iteration 6600 -------------------------------- 
initial ob: [-0.03264849  0.51488124  0.2368859  -0.21000095  0.69000054  0.15
  0.2         0.8         0.15        0.2         0.8         0.15      ]
agent_success: 1.0

training time:  0.002399921417236328
evaluation time:  6.860578536987305
epoch time:  6.862991571426392


-------------------------------- Iteration 6800 -------------------------------- 
initial ob: [-0.03264849  0.51488124  0.2368859  -0.21000095  0.69000054  0.15
  0.2         0.8         0.15        0.2         0.8         0.15      ]
agent_success: 0

training time:  0.002294301986694336
evaluation time:  9.275341987609863
epoch time:  9.277665853500366


-------------------------------- Iteration 7000 -------------------------------- 
initial ob: [-0.03264849  0.51488124  0.2368859  -0.21000095  0.69000054  0.15
  0.2         0.8         0.15        0.2         0.8         0.15      ]
agent_success: 1.0

training time:  0.00229644775390625
evaluation time:  6.925562143325806
epoch time:  6.927871465682983


-------------------------------- Iteration 7200 -------------------------------- 
initial ob: [-0.03264849  0.51488124  0.2368859  -0.21000095  0.69000054  0.15
  0.2         0.8         0.15        0.2         0.8         0.15      ]
agent_success: 0

training time:  0.002291440963745117
evaluation time:  9.605734586715698
epoch time:  9.608042240142822


-------------------------------- Iteration 7400 -------------------------------- 
initial ob: [-0.03264849  0.51488124  0.2368859  -0.21000095  0.69000054  0.15
  0.2         0.8         0.15        0.2         0.8         0.15      ]
agent_success: 1.0

training time:  0.002298593521118164
evaluation time:  6.873673915863037
epoch time:  6.875985383987427


-------------------------------- Iteration 7600 -------------------------------- 
initial ob: [-0.03264849  0.51488124  0.2368859  -0.21000095  0.69000054  0.15
  0.2         0.8         0.15        0.2         0.8         0.15      ]
agent_success: 0

training time:  0.002288818359375
evaluation time:  6.865198850631714
epoch time:  6.86750340461731


-------------------------------- Iteration 7800 -------------------------------- 
initial ob: [-0.03264849  0.51488124  0.2368859  -0.21000095  0.69000054  0.15
  0.2         0.8         0.15        0.2         0.8         0.15      ]
agent_success: 1.0

training time:  0.002315044403076172
evaluation time:  8.791109323501587
epoch time:  8.79344892501831


-------------------------------- Iteration 8000 -------------------------------- 
initial ob: [-0.03264849  0.51488124  0.2368859  -0.21000095  0.69000054  0.15
  0.2         0.8         0.15        0.2         0.8         0.15      ]
agent_success: 0

training time:  0.002277374267578125
evaluation time:  6.853615999221802
epoch time:  6.855911016464233


-------------------------------- Iteration 8200 -------------------------------- 
initial ob: [-0.03264849  0.51488124  0.2368859  -0.21000095  0.69000054  0.15
  0.2         0.8         0.15        0.2         0.8         0.15      ]
agent_success: 1.0

training time:  0.002302885055541992
evaluation time:  6.8271260261535645
epoch time:  6.82944130897522


-------------------------------- Iteration 8400 -------------------------------- 
initial ob: [-0.03264849  0.51488124  0.2368859  -0.21000095  0.69000054  0.15
  0.2         0.8         0.15        0.2         0.8         0.15      ]
agent_success: 1.0

training time:  0.0022821426391601562
evaluation time:  8.708693981170654
epoch time:  8.710988998413086


-------------------------------- Iteration 8600 -------------------------------- 
initial ob: [-0.03264849  0.51488124  0.2368859  -0.21000095  0.69000054  0.15
  0.2         0.8         0.15        0.2         0.8         0.15      ]
agent_success: 0

training time:  0.002282857894897461
evaluation time:  6.869604110717773
epoch time:  6.871903657913208


-------------------------------- Iteration 8800 -------------------------------- 
initial ob: [-0.03264849  0.51488124  0.2368859  -0.21000095  0.69000054  0.15
  0.2         0.8         0.15        0.2         0.8         0.15      ]
agent_success: 1.0

training time:  0.0022895336151123047
evaluation time:  6.915916681289673
epoch time:  6.91823410987854


-------------------------------- Iteration 9000 -------------------------------- 
initial ob: [-0.03264849  0.51488124  0.2368859  -0.21000095  0.69000054  0.15
  0.2         0.8         0.15        0.2         0.8         0.15      ]
agent_success: 0

training time:  0.00231170654296875
evaluation time:  6.8559324741363525
epoch time:  6.858261823654175


-------------------------------- Iteration 9200 -------------------------------- 
initial ob: [-0.03264849  0.51488124  0.2368859  -0.21000095  0.69000054  0.15
  0.2         0.8         0.15        0.2         0.8         0.15      ]
agent_success: 0

training time:  0.002291440963745117
evaluation time:  6.867198467254639
epoch time:  6.8695068359375


-------------------------------- Iteration 9400 -------------------------------- 
initial ob: [-0.03264849  0.51488124  0.2368859  -0.21000095  0.69000054  0.15
  0.2         0.8         0.15        0.2         0.8         0.15      ]
agent_success: 0

training time:  0.002276897430419922
evaluation time:  8.995649814605713
epoch time:  8.997948169708252


-------------------------------- Iteration 9600 -------------------------------- 
initial ob: [-0.03264849  0.51488124  0.2368859  -0.21000095  0.69000054  0.15
  0.2         0.8         0.15        0.2         0.8         0.15      ]
agent_success: 0

training time:  0.0023088455200195312
evaluation time:  6.880651950836182
epoch time:  6.882976770401001


-------------------------------- Iteration 9800 -------------------------------- 
initial ob: [-0.03264849  0.51488124  0.2368859  -0.21000095  0.69000054  0.15
  0.2         0.8         0.15        0.2         0.8         0.15      ]
agent_success: 1.0

training time:  0.0024590492248535156
evaluation time:  6.9416184425354
epoch time:  6.944102048873901


-------------------------------- Iteration 10000 -------------------------------- 
initial ob: [-0.03264849  0.51488124  0.2368859  -0.21000095  0.69000054  0.15
  0.2         0.8         0.15        0.2         0.8         0.15      ]
agent_success: 1.0

training time:  0.002310037612915039
evaluation time:  9.185686111450195
epoch time:  9.188007831573486


-------------------------------- Iteration 10200 -------------------------------- 
initial ob: [-0.03264849  0.51488124  0.2368859  -0.21000095  0.69000054  0.15
  0.2         0.8         0.15        0.2         0.8         0.15      ]
agent_success: 0

training time:  0.002297639846801758
evaluation time:  6.846461057662964
epoch time:  6.848776817321777


-------------------------------- Iteration 10400 -------------------------------- 
initial ob: [-0.03264849  0.51488124  0.2368859  -0.21000095  0.69000054  0.15
  0.2         0.8         0.15        0.2         0.8         0.15      ]
agent_success: 0

training time:  0.002282381057739258
evaluation time:  6.860262393951416
epoch time:  6.862563848495483


-------------------------------- Iteration 10600 -------------------------------- 
initial ob: [-0.03264849  0.51488124  0.2368859  -0.21000095  0.69000054  0.15
  0.2         0.8         0.15        0.2         0.8         0.15      ]
agent_success: 0

training time:  0.002287626266479492
evaluation time:  6.910681486129761
epoch time:  6.912984371185303


-------------------------------- Iteration 10800 -------------------------------- 
initial ob: [-0.03264849  0.51488124  0.2368859  -0.21000095  0.69000054  0.15
  0.2         0.8         0.15        0.2         0.8         0.15      ]
agent_success: 0

training time:  0.002312898635864258
evaluation time:  6.8537328243255615
epoch time:  6.856064081192017


-------------------------------- Iteration 11000 -------------------------------- 
initial ob: [-0.03264849  0.51488124  0.2368859  -0.21000095  0.69000054  0.15
  0.2         0.8         0.15        0.2         0.8         0.15      ]
agent_success: 0

training time:  0.002284526824951172
evaluation time:  6.816668272018433
epoch time:  6.818976163864136


-------------------------------- Iteration 11200 -------------------------------- 
initial ob: [-0.03264849  0.51488124  0.2368859  -0.21000095  0.69000054  0.15
  0.2         0.8         0.15        0.2         0.8         0.15      ]
agent_success: 0

training time:  0.002297639846801758
evaluation time:  6.851873397827148
epoch time:  6.8541858196258545


-------------------------------- Iteration 11400 -------------------------------- 
initial ob: [-0.03264849  0.51488124  0.2368859  -0.21000095  0.69000054  0.15
  0.2         0.8         0.15        0.2         0.8         0.15      ]
agent_success: 0

training time:  0.002284526824951172
evaluation time:  6.922873020172119
epoch time:  6.925187110900879


-------------------------------- Iteration 11600 -------------------------------- 
initial ob: [-0.03264849  0.51488124  0.2368859  -0.21000095  0.69000054  0.15
  0.2         0.8         0.15        0.2         0.8         0.15      ]
agent_success: 1.0

training time:  0.0023162364959716797
evaluation time:  8.005765914916992
epoch time:  8.008094549179077


-------------------------------- Iteration 11800 -------------------------------- 
initial ob: [-0.03264849  0.51488124  0.2368859  -0.21000095  0.69000054  0.15
  0.2         0.8         0.15        0.2         0.8         0.15      ]
agent_success: 0

training time:  0.0023059844970703125
evaluation time:  6.8505330085754395
epoch time:  6.852856159210205


-------------------------------- Iteration 12000 -------------------------------- 
initial ob: [-0.03264849  0.51488124  0.2368859  -0.21000095  0.69000054  0.15
  0.2         0.8         0.15        0.2         0.8         0.15      ]
agent_success: 0

training time:  0.0023055076599121094
evaluation time:  6.8640289306640625
epoch time:  6.866354703903198


-------------------------------- Iteration 12200 -------------------------------- 
initial ob: [-0.03264849  0.51488124  0.2368859  -0.21000095  0.69000054  0.15
  0.2         0.8         0.15        0.2         0.8         0.15      ]
agent_success: 1.0

training time:  0.0022890567779541016
evaluation time:  8.517960786819458
epoch time:  8.520262718200684


-------------------------------- Iteration 12400 -------------------------------- 
initial ob: [-0.03264849  0.51488124  0.2368859  -0.21000095  0.69000054  0.15
  0.2         0.8         0.15        0.2         0.8         0.15      ]
agent_success: 1.0

training time:  0.002286672592163086
evaluation time:  7.950278282165527
epoch time:  7.9525861740112305


-------------------------------- Iteration 12600 -------------------------------- 
initial ob: [-0.03264849  0.51488124  0.2368859  -0.21000095  0.69000054  0.15
  0.2         0.8         0.15        0.2         0.8         0.15      ]
agent_success: 0

training time:  0.0022830963134765625
evaluation time:  9.008764266967773
epoch time:  9.011064052581787


-------------------------------- Iteration 12800 -------------------------------- 
initial ob: [-0.03264849  0.51488124  0.2368859  -0.21000095  0.69000054  0.15
  0.2         0.8         0.15        0.2         0.8         0.15      ]
agent_success: 1.0

training time:  0.0024042129516601562
evaluation time:  8.525480031967163
epoch time:  8.5279061794281


-------------------------------- Iteration 13000 -------------------------------- 
initial ob: [-0.03264849  0.51488124  0.2368859  -0.21000095  0.69000054  0.15
  0.2         0.8         0.15        0.2         0.8         0.15      ]
agent_success: 0

training time:  0.0022890567779541016
evaluation time:  7.970337390899658
epoch time:  7.97264289855957


-------------------------------- Iteration 13200 -------------------------------- 
initial ob: [-0.03264849  0.51488124  0.2368859  -0.21000095  0.69000054  0.15
  0.2         0.8         0.15        0.2         0.8         0.15      ]
agent_success: 0

training time:  0.0022966861724853516
evaluation time:  6.876309633255005
epoch time:  6.878621578216553


-------------------------------- Iteration 13400 -------------------------------- 
initial ob: [-0.03264849  0.51488124  0.2368859  -0.21000095  0.69000054  0.15
  0.2         0.8         0.15        0.2         0.8         0.15      ]
agent_success: 0

training time:  0.002285480499267578
evaluation time:  6.826567649841309
epoch time:  6.828873634338379


-------------------------------- Iteration 13600 -------------------------------- 
initial ob: [-0.03264849  0.51488124  0.2368859  -0.21000095  0.69000054  0.15
  0.2         0.8         0.15        0.2         0.8         0.15      ]
agent_success: 1.0

training time:  0.002317190170288086
evaluation time:  8.383342027664185
epoch time:  8.385671138763428


-------------------------------- Iteration 13800 -------------------------------- 
initial ob: [-0.03264849  0.51488124  0.2368859  -0.21000095  0.69000054  0.15
  0.2         0.8         0.15        0.2         0.8         0.15      ]
agent_success: 1.0

training time:  0.002279520034790039
evaluation time:  8.300118684768677
epoch time:  8.302423238754272


-------------------------------- Iteration 14000 -------------------------------- 
initial ob: [-0.03264849  0.51488124  0.2368859  -0.21000095  0.69000054  0.15
  0.2         0.8         0.15        0.2         0.8         0.15      ]
agent_success: 1.0

training time:  0.0023005008697509766
evaluation time:  8.410552263259888
epoch time:  8.412865400314331


-------------------------------- Iteration 14200 -------------------------------- 
initial ob: [-0.03264849  0.51488124  0.2368859  -0.21000095  0.69000054  0.15
  0.2         0.8         0.15        0.2         0.8         0.15      ]
agent_success: 1.0

training time:  0.0022912025451660156
evaluation time:  8.515906572341919
epoch time:  8.518210649490356


-------------------------------- Iteration 14400 -------------------------------- 
initial ob: [-0.03264849  0.51488124  0.2368859  -0.21000095  0.69000054  0.15
  0.2         0.8         0.15        0.2         0.8         0.15      ]
agent_success: 1.0

training time:  0.002311229705810547
evaluation time:  8.49956727027893
epoch time:  8.501891374588013


-------------------------------- Iteration 14600 -------------------------------- 
initial ob: [-0.03264849  0.51488124  0.2368859  -0.21000095  0.69000054  0.15
  0.2         0.8         0.15        0.2         0.8         0.15      ]
agent_success: 1.0

training time:  0.0022923946380615234
evaluation time:  8.22011685371399
epoch time:  8.222440719604492


-------------------------------- Iteration 14800 -------------------------------- 
initial ob: [-0.03264849  0.51488124  0.2368859  -0.21000095  0.69000054  0.15
  0.2         0.8         0.15        0.2         0.8         0.15      ]
agent_success: 1.0

training time:  0.0023012161254882812
evaluation time:  8.25368332862854
epoch time:  8.256000518798828


-------------------------------- Iteration 15000 -------------------------------- 
initial ob: [-0.03264849  0.51488124  0.2368859  -0.21000095  0.69000054  0.15
  0.2         0.8         0.15        0.2         0.8         0.15      ]
agent_success: 1.0

training time:  0.002456188201904297
evaluation time:  8.385574579238892
epoch time:  8.388044357299805


-------------------------------- Iteration 15200 -------------------------------- 
initial ob: [-0.03264849  0.51488124  0.2368859  -0.21000095  0.69000054  0.15
  0.2         0.8         0.15        0.2         0.8         0.15      ]
agent_success: 1.0

training time:  0.0024623870849609375
evaluation time:  8.203186988830566
epoch time:  8.205672025680542


-------------------------------- Iteration 15400 -------------------------------- 
initial ob: [-0.03264849  0.51488124  0.2368859  -0.21000095  0.69000054  0.15
  0.2         0.8         0.15        0.2         0.8         0.15      ]
agent_success: 1.0

training time:  0.0022933483123779297
evaluation time:  8.52258014678955
epoch time:  8.52494764328003


-------------------------------- Iteration 15600 -------------------------------- 
initial ob: [-0.03264849  0.51488124  0.2368859  -0.21000095  0.69000054  0.15
  0.2         0.8         0.15        0.2         0.8         0.15      ]
agent_success: 1.0

training time:  0.0023000240325927734
evaluation time:  8.627387762069702
epoch time:  8.629709005355835


-------------------------------- Iteration 15800 -------------------------------- 
initial ob: [-0.03264849  0.51488124  0.2368859  -0.21000095  0.69000054  0.15
  0.2         0.8         0.15        0.2         0.8         0.15      ]
agent_success: 1.0

training time:  0.002307415008544922
evaluation time:  8.595109224319458
epoch time:  8.597429037094116


-------------------------------- Iteration 16000 -------------------------------- 
initial ob: [-0.03264849  0.51488124  0.2368859  -0.21000095  0.69000054  0.15
  0.2         0.8         0.15        0.2         0.8         0.15      ]
agent_success: 1.0

training time:  0.0023021697998046875
evaluation time:  8.131280899047852
epoch time:  8.133596181869507


-------------------------------- Iteration 16200 -------------------------------- 
initial ob: [-0.03264849  0.51488124  0.2368859  -0.21000095  0.69000054  0.15
  0.2         0.8         0.15        0.2         0.8         0.15      ]
agent_success: 1.0

training time:  0.0022954940795898438
evaluation time:  8.604849338531494
epoch time:  8.607158184051514


-------------------------------- Iteration 16400 -------------------------------- 
initial ob: [-0.03264849  0.51488124  0.2368859  -0.21000095  0.69000054  0.15
  0.2         0.8         0.15        0.2         0.8         0.15      ]
agent_success: 1.0

training time:  0.0023064613342285156
evaluation time:  8.322960615158081
epoch time:  8.325279474258423


-------------------------------- Iteration 16600 -------------------------------- 
initial ob: [-0.03264849  0.51488124  0.2368859  -0.21000095  0.69000054  0.15
  0.2         0.8         0.15        0.2         0.8         0.15      ]
agent_success: 0

training time:  0.0022897720336914062
evaluation time:  7.4348413944244385
epoch time:  7.437151670455933


-------------------------------- Iteration 16800 -------------------------------- 
initial ob: [-0.03264849  0.51488124  0.2368859  -0.21000095  0.69000054  0.15
  0.2         0.8         0.15        0.2         0.8         0.15      ]
agent_success: 1.0

training time:  0.0023059844970703125
evaluation time:  8.225765705108643
epoch time:  8.228084087371826


-------------------------------- Iteration 17000 -------------------------------- 
initial ob: [-0.03264849  0.51488124  0.2368859  -0.21000095  0.69000054  0.15
  0.2         0.8         0.15        0.2         0.8         0.15      ]
agent_success: 1.0

training time:  0.002315044403076172
evaluation time:  8.50566029548645
epoch time:  8.50799298286438


-------------------------------- Iteration 17200 -------------------------------- 
initial ob: [-0.03264849  0.51488124  0.2368859  -0.21000095  0.69000054  0.15
  0.2         0.8         0.15        0.2         0.8         0.15      ]
agent_success: 1.0

training time:  0.0023055076599121094
evaluation time:  8.792769193649292
epoch time:  8.795087337493896


-------------------------------- Iteration 17400 -------------------------------- 
initial ob: [-0.03264849  0.51488124  0.2368859  -0.21000095  0.69000054  0.15
  0.2         0.8         0.15        0.2         0.8         0.15      ]
agent_success: 1.0

training time:  0.002301931381225586
evaluation time:  8.330822467803955
epoch time:  8.333170890808105


-------------------------------- Iteration 17600 -------------------------------- 
initial ob: [-0.03264849  0.51488124  0.2368859  -0.21000095  0.69000054  0.15
  0.2         0.8         0.15        0.2         0.8         0.15      ]
agent_success: 1.0

training time:  0.0022873878479003906
evaluation time:  8.566247463226318
epoch time:  8.568554401397705


-------------------------------- Iteration 17800 -------------------------------- 
initial ob: [-0.03264849  0.51488124  0.2368859  -0.21000095  0.69000054  0.15
  0.2         0.8         0.15        0.2         0.8         0.15      ]
agent_success: 1.0

training time:  0.002271890640258789
evaluation time:  8.693751811981201
epoch time:  8.696036100387573


-------------------------------- Iteration 18000 -------------------------------- 
initial ob: [-0.03264849  0.51488124  0.2368859  -0.21000095  0.69000054  0.15
  0.2         0.8         0.15        0.2         0.8         0.15      ]
agent_success: 1.0

training time:  0.002282381057739258
evaluation time:  8.39678692817688
epoch time:  8.399098634719849


-------------------------------- Iteration 18200 -------------------------------- 
initial ob: [-0.03264849  0.51488124  0.2368859  -0.21000095  0.69000054  0.15
  0.2         0.8         0.15        0.2         0.8         0.15      ]
agent_success: 1.0

training time:  0.0022814273834228516
evaluation time:  9.00898265838623
epoch time:  9.011276960372925


-------------------------------- Iteration 18400 -------------------------------- 
initial ob: [-0.03264849  0.51488124  0.2368859  -0.21000095  0.69000054  0.15
  0.2         0.8         0.15        0.2         0.8         0.15      ]
agent_success: 1.0

training time:  0.0022954940795898438
evaluation time:  8.763137102127075
epoch time:  8.765448808670044


-------------------------------- Iteration 18600 -------------------------------- 
initial ob: [-0.03264849  0.51488124  0.2368859  -0.21000095  0.69000054  0.15
  0.2         0.8         0.15        0.2         0.8         0.15      ]
agent_success: 1.0

training time:  0.002291440963745117
evaluation time:  7.248781442642212
epoch time:  7.251084804534912


-------------------------------- Iteration 18800 -------------------------------- 
initial ob: [-0.03264849  0.51488124  0.2368859  -0.21000095  0.69000054  0.15
  0.2         0.8         0.15        0.2         0.8         0.15      ]
agent_success: 1.0

training time:  0.002308368682861328
evaluation time:  8.263623714447021
epoch time:  8.265953540802002


-------------------------------- Iteration 19000 -------------------------------- 
initial ob: [-0.03264849  0.51488124  0.2368859  -0.21000095  0.69000054  0.15
  0.2         0.8         0.15        0.2         0.8         0.15      ]
agent_success: 1.0

training time:  0.0022988319396972656
evaluation time:  8.224390745162964
epoch time:  8.226720571517944


-------------------------------- Iteration 19200 -------------------------------- 
initial ob: [-0.03264849  0.51488124  0.2368859  -0.21000095  0.69000054  0.15
  0.2         0.8         0.15        0.2         0.8         0.15      ]
agent_success: 1.0

training time:  0.0022840499877929688
evaluation time:  8.459245681762695
epoch time:  8.461562871932983


-------------------------------- Iteration 19400 -------------------------------- 
initial ob: [-0.03264849  0.51488124  0.2368859  -0.21000095  0.69000054  0.15
  0.2         0.8         0.15        0.2         0.8         0.15      ]
agent_success: 1.0

training time:  0.0022864341735839844
evaluation time:  9.065896034240723
epoch time:  9.068201065063477


-------------------------------- Iteration 19600 -------------------------------- 
initial ob: [-0.03264849  0.51488124  0.2368859  -0.21000095  0.69000054  0.15
  0.2         0.8         0.15        0.2         0.8         0.15      ]
agent_success: 1.0

training time:  0.0024847984313964844
evaluation time:  8.393360137939453
epoch time:  8.395857572555542


-------------------------------- Iteration 19800 -------------------------------- 
initial ob: [-0.03264849  0.51488124  0.2368859  -0.21000095  0.69000054  0.15
  0.2         0.8         0.15        0.2         0.8         0.15      ]
agent_success: 1.0

training time:  0.0022864341735839844
evaluation time:  8.885059595108032
epoch time:  8.887357234954834


-------------------------------- Iteration 20000 -------------------------------- 
initial ob: [-0.03264849  0.51488124  0.2368859  -0.21000095  0.69000054  0.15
  0.2         0.8         0.15        0.2         0.8         0.15      ]
agent_success: 1.0

training time:  0.002305269241333008
evaluation time:  8.823230504989624
epoch time:  8.825581789016724


-------------------------------- Iteration 20200 -------------------------------- 
initial ob: [-0.03264849  0.51488124  0.2368859  -0.21000095  0.69000054  0.15
  0.2         0.8         0.15        0.2         0.8         0.15      ]
agent_success: 1.0

training time:  0.0023114681243896484
evaluation time:  8.753889799118042
epoch time:  8.756216526031494


-------------------------------- Iteration 20400 -------------------------------- 
initial ob: [-0.03264849  0.51488124  0.2368859  -0.21000095  0.69000054  0.15
  0.2         0.8         0.15        0.2         0.8         0.15      ]
agent_success: 1.0

training time:  0.002287626266479492
evaluation time:  8.594107627868652
epoch time:  8.596407890319824


-------------------------------- Iteration 20600 -------------------------------- 
initial ob: [-0.03264849  0.51488124  0.2368859  -0.21000095  0.69000054  0.15
  0.2         0.8         0.15        0.2         0.8         0.15      ]
agent_success: 1.0

training time:  0.0022776126861572266
evaluation time:  8.3185133934021
epoch time:  8.320807695388794


-------------------------------- Iteration 20800 -------------------------------- 
initial ob: [-0.03264849  0.51488124  0.2368859  -0.21000095  0.69000054  0.15
  0.2         0.8         0.15        0.2         0.8         0.15      ]
agent_success: 1.0

training time:  0.0022935867309570312
evaluation time:  8.332149267196655
epoch time:  8.334454536437988


-------------------------------- Iteration 21000 -------------------------------- 
initial ob: [-0.03264849  0.51488124  0.2368859  -0.21000095  0.69000054  0.15
  0.2         0.8         0.15        0.2         0.8         0.15      ]
agent_success: 1.0

training time:  0.002290487289428711
evaluation time:  9.134819269180298
epoch time:  9.137133598327637


-------------------------------- Iteration 21200 -------------------------------- 
initial ob: [-0.03264849  0.51488124  0.2368859  -0.21000095  0.69000054  0.15
  0.2         0.8         0.15        0.2         0.8         0.15      ]
agent_success: 1.0

training time:  0.0022945404052734375
evaluation time:  8.436068296432495
epoch time:  8.438374519348145


-------------------------------- Iteration 21400 -------------------------------- 
initial ob: [-0.03264849  0.51488124  0.2368859  -0.21000095  0.69000054  0.15
  0.2         0.8         0.15        0.2         0.8         0.15      ]
agent_success: 1.0

training time:  0.002302885055541992
evaluation time:  9.352009057998657
epoch time:  9.354329586029053


-------------------------------- Iteration 21600 -------------------------------- 
initial ob: [-0.03264849  0.51488124  0.2368859  -0.21000095  0.69000054  0.15
  0.2         0.8         0.15        0.2         0.8         0.15      ]
agent_success: 1.0

training time:  0.0022940635681152344
evaluation time:  8.96268081665039
epoch time:  8.964987993240356


-------------------------------- Training stopped due to early stopping -------------------------------- 
min loss:  0.0036939948


-------------------------------- Test Results -------------------------------- 
initial ob: [-0.03264849  0.51488124  0.2368859  -0.21000095  0.69000054  0.15
  0.2         0.8         0.15        0.2         0.8         0.15      ]
agent_success: 1.0

mean_success_rate:  1.0
Done
