/var/lib/slurm/slurmd/job3513855/slurm_script: line 9: batch_scripts/MT50_batch/seed.sh: No such file or directory
SLURM_JOBID=3513855
working directory=/viscam/u/jialugao/Imitation-SoftModule
########################
logging outputs to  /viscam/u/jialugao/Imitation-SoftModule/data/Base_bc_reach_handle-press-v1_2640.000124-01-2022_18-56-08
########################
{'expert_policy_file': '../Multi-Task-RL/log/MT50_Single_Task/handle-press-v1/Fixed/238/model/model_pf_best.pth', 'exp_name': 'bc_reach', 'do_dagger': False, 'ep_len': 200, 'gradient_steps': 1, 'n_iter': 10000, 'render_interval': 1, 'eval_interval': 200, 'batch_size': 64, 'eval_batch_size': 32, 'train_batch_size': 32, 'n_layers': 2, 'size': 400, 'learning_rate': 0.0001, 'video_log_freq': -1, 'scalar_log_freq': 1, 'no_gpu': False, 'which_gpu': 0, 'max_replay_buffer_size': 1000000, 'save_params': False, 'seed': 32, 'worker_nums': 1, 'eval_worker_nums': 1, 'config': 'config/BC.json', 'no_cuda': True, 'random_init': False, 'device': 'cpu', 'id': 'MT50_Single_Task', 'task_name': 'handle-press-v1', 'task_env': 'MT50_task_env', 'cuda': False, 'log_dir': '/viscam/u/jialugao/Imitation-SoftModule/data/Base_bc_reach_handle-press-v1_2640.000124-01-2022_18-56-08', 'agent_class': <class 'agents.bc_agent.MLPAgent'>, 'agent_params': {'n_layers': 2, 'size': 400, 'learning_rate': 0.0001, 'max_replay_buffer_size': 1000000, 'discrete': False, 'ac_dim': 4, 'ob_dim': 9}}
{'env_name': 'single_task', 'env': {'reward_scale': 1, 'obs_norm': False}, 'meta_env': {'obs_type': 'with_goal', 'random_init': False}, 'replay_buffer': {'size': 1000000.0}, 'net': {'hidden_shapes': [400, 400], 'append_hidden_shapes': [400], 'base_type': <class 'networks.base.MLPBase'>}, 'general_setting': {'discount': 0.99, 'pretrain_epochs': 20, 'num_epochs': 7500, 'epoch_frames': 200, 'max_episode_frames': 200, 'batch_size': 1280, 'min_pool': 10000, 'target_hard_update_period': 1000, 'use_soft_update': True, 'tau': 0.005, 'opt_times': 200, 'eval_episodes': 100, 'train_render': False, 'eval_render': False, 'env': <NormAct<RewardShift<SingleWrapperNone>>>, 'logger': <utils.logger.Logger object at 0x7f70522b7c50>, 'device': device(type='cpu')}, 'sac': {'plr': 0.0003, 'qlr': 0.0003, 'reparameterization': True, 'automatic_entropy_tuning': True, 'policy_std_reg_weight': 0, 'policy_mean_reg_weight': 0}}
Loading expert policy from... ../Multi-Task-RL/log/MT50_Single_Task/handle-press-v1/Fixed/238/model/model_pf_best.pth
tensor([[-1.5911e-03, -1.3897e-02, -4.8318e-02,  ..., -3.6539e-02,
         -1.4568e-02, -6.0513e-02],
        [ 2.2479e-02, -3.8809e-02, -3.6672e-02,  ...,  9.0029e-03,
         -7.2993e-03, -7.6955e-02],
        [-5.9180e-02, -1.0346e-01, -5.1259e-02,  ..., -1.5992e-03,
         -2.6926e-02, -4.8822e-02],
        ...,
        [ 1.0253e+00, -3.0066e-01, -2.3821e-01,  ...,  4.0015e-02,
          2.6049e-02,  3.0859e-02],
        [-2.3634e+00, -1.5386e-01, -4.1829e-01,  ..., -4.6097e-02,
          2.9091e-02,  3.4984e-03],
        [ 1.3332e-02, -2.5005e-02, -6.3993e-02,  ..., -2.1146e-02,
         -5.3423e-02, -2.1517e-02]])
Done restoring expert policy...
<NormAct<RewardShift<AugObs<SawyerHandlePressEnv instance>>>>


-------------------------------- Iteration 0 -------------------------------- 
initial ob: [-0.03265156  0.51487877  0.23688007  0.          0.75        0.16
  0.          0.75        0.04        0.          0.75        0.04      ]
expert:[ 0.93367535  0.91799486  0.76152265 -0.87699085]
expert:[ 0.7945493   0.94805586  0.16618566 -0.8859129 ]
expert:[-0.7765239   0.97702134 -0.41334918 -0.12849848]
expert:[-0.92300045  0.98968863 -0.45672065 -0.1009391 ]
expert:[-0.97076946  0.984552    0.2585422   0.52762276]
expert:[-0.9711606  0.9740574  0.7662494  0.755577 ]
expert:[-0.95683205  0.9755978   0.24114628  0.6352151 ]
expert:[-0.9385468  0.9729855 -0.6259241  0.5679437]
expert:[-0.13041563  0.97822845 -0.72698766 -0.04409569]
expert:[ 0.975482    0.9731726  -0.07230029 -0.80130297]
expert:[ 0.9749677   0.93436366  0.5667669  -0.86489743]
expert:[ 0.9695077   0.95662045 -0.15047671 -0.8727692 ]
expert:[ 0.9679      0.9880592  -0.92592657 -0.7934964 ]
expert:[ 0.8316706   0.9905954  -0.9852824  -0.07533756]
expert:[-0.2663423  0.9844687 -0.9901365  0.5447313]
expert:[-0.72418946  0.957437   -0.98064154  0.6757189 ]
expert:[-0.67646146  0.9171258  -0.9684379   0.16845237]
expert:[-0.3518474   0.96177477 -0.98823327 -0.64787644]
expert:[-0.49549925  0.84354836 -0.9831775  -0.09927761]
expert:[-0.579549    0.36718047 -0.96462303  0.34741697]
expert:[-0.52977514  0.3847611  -0.9644048   0.16576631]
expert:[-0.41996643  0.5316044  -0.9714781  -0.12378146]
expert:[-0.2811456   0.5800583  -0.97569865 -0.4573865 ]
expert:[-0.19789125  0.58364946 -0.97472584 -0.6759766 ]
expert:[-0.27697387  0.4857451  -0.96201205 -0.7738161 ]
expert:[-0.428913    0.25828806 -0.93214077 -0.84584683]
expert:[-0.58425295 -0.10936964 -0.86546236 -0.87803954]
expert:[-0.7456162  -0.4294236  -0.805579   -0.89009213]
expert:[-0.80157566 -0.5741939  -0.7833649  -0.8774569 ]
expert:[-0.7892291  -0.62984866 -0.8018618  -0.8522022 ]
expert:[-0.7431048  -0.6390547  -0.81959635 -0.84352005]
expert:[-0.6709751  -0.63429177 -0.83862233 -0.8328269 ]
expert:[-0.5881479 -0.5925458 -0.8476741 -0.8450025]
expert:[-0.49767816 -0.52901554 -0.8507565  -0.85375535]
expert:[-0.35859174 -0.36021534 -0.84987444 -0.8396618 ]
expert:[-0.23690665 -0.19781396 -0.85466117 -0.8236407 ]
expert:[-0.09502254  0.01070873 -0.8585594  -0.8106394 ]
expert:[ 0.05490036  0.17339893 -0.84855825 -0.7742541 ]
expert:[ 0.23599601  0.22286999 -0.8128975  -0.703609  ]
expert:[ 0.4057108   0.23146632 -0.7886151  -0.61237824]
expert:[ 0.5549852   0.2387197  -0.78129447 -0.575167  ]
expert:[ 0.6299297   0.17404239 -0.7647502  -0.5860741 ]
expert:[ 0.6474984   0.07466593 -0.7497735  -0.62175894]
expert:[ 0.67466944  0.01693492 -0.73282886 -0.65470284]
expert:[ 0.6872961  -0.05812311 -0.7163239  -0.65327257]
expert:[ 0.67444944 -0.19382966 -0.69707257 -0.65423477]
expert:[ 0.66100883 -0.31037265 -0.6827744  -0.6595404 ]
expert:[ 0.6539201  -0.3818143  -0.68111944 -0.65476936]
expert:[ 0.6586177  -0.41863713 -0.676911   -0.649605  ]
expert:[ 0.6687232  -0.4539294  -0.67297345 -0.65596396]
expert:[ 0.67754793 -0.4801342  -0.66955405 -0.6567238 ]
expert:[ 0.67682964 -0.4860502  -0.67082226 -0.6468452 ]
expert:[ 0.6752771  -0.47400117 -0.6762758  -0.6292428 ]
expert:[ 0.69329405 -0.45711932 -0.6697386  -0.60284764]
expert:[ 0.7157087  -0.44511256 -0.6632663  -0.5751646 ]
expert:[ 0.71767044 -0.4282692  -0.654968   -0.5426913 ]
expert:[ 0.6941017  -0.40437138 -0.6501241  -0.5062266 ]
expert:[ 0.67710274 -0.3637684  -0.6551492  -0.44857332]
expert:[ 0.66724694 -0.30551767 -0.66668516 -0.3627239 ]
expert:[ 0.65609133 -0.22942805 -0.68082154 -0.25295487]
expert:[ 0.64483553 -0.12368076 -0.6921348  -0.12775299]
expert:[ 0.626761   -0.02348104 -0.710364    0.01243718]
expert:[ 0.61331314  0.07316976 -0.72430104  0.13884582]
expert:[ 0.5729129   0.16208455 -0.74358577  0.26780933]
expert:[ 0.5100422   0.23613876 -0.76025045  0.38318187]
expert:[-0.34641588  0.3209023  -0.7956946   0.5545729 ]
expert:[-0.63676405  0.44340435 -0.79509294  0.6666285 ]
expert:[-0.6529885   0.4534485  -0.79650265  0.6559266 ]
expert:[-0.64029634  0.40221217 -0.7943844   0.6028317 ]
expert:[-0.61092806  0.31603414 -0.7873443   0.51850015]
expert:[-0.57289547  0.20362511 -0.77093524  0.40929466]
expert:[-0.5404082   0.08155815 -0.7471836   0.2805586 ]
expert:[-0.5028652  -0.04179177 -0.71994287  0.13571672]
expert:[-0.50449336 -0.0879124  -0.7035093   0.0913069 ]
expert:[-0.4950279  -0.08382992 -0.6974656   0.09830237]
expert:[-0.467968   -0.06539405 -0.6939757   0.11535328]
expert:[-0.43595198 -0.04589742 -0.68882287  0.13615854]
expert:[-0.39737293 -0.02902488 -0.6817828   0.15689509]
expert:[-0.21574034 -0.0089644  -0.6180006   0.20751984]
expert:[-0.18279666  0.00066362 -0.6089225   0.21924704]
expert:[-0.169685    0.00225833 -0.611645    0.21896055]
expert:[-0.16069457  0.00325847 -0.6171744   0.21743023]
expert:[-0.15144973  0.00418198 -0.62246305  0.21610169]
expert:[-0.14093728  0.00536061 -0.6268985   0.2154802 ]
expert:[-0.12910293  0.00685176 -0.6304459   0.21560118]
expert:[-0.11613695  0.00863033 -0.6332117   0.21637352]
expert:[-0.10226694  0.01064107 -0.63531697  0.21767622]
expert:[-0.09257152  0.01466722 -0.6374266   0.22203727]
expert:[-0.08557606  0.01939824 -0.63920504  0.22740595]
expert:[ 0.01036882  0.032768   -0.6042129   0.26831478]
expert:[ 0.06006209  0.03777693 -0.58483684  0.28701663]
expert:[ 0.07379003  0.03902927 -0.58576596  0.28998795]
expert:[ 0.0789425   0.03995499 -0.591603    0.28979364]
expert:[ 0.08300462  0.04129533 -0.5978443   0.28956422]
expert:[ 0.08784669  0.04312257 -0.6033386   0.28996733]
expert:[ 0.17406833  0.06270084 -0.6168565   0.31264278]
expert:[ 0.43008775  0.06927481 -0.4246459   0.47196457]
expert:[ 0.8760351 -0.2986574  0.2019063  0.825003 ]
expert:[ 0.83650124 -0.23225534  0.07783424  0.7815548 ]
expert:[ 0.6850779  -0.06861301 -0.21057041  0.6423054 ]
expert:[ 0.4655928   0.06853046 -0.42578632  0.47668153]
expert:[ 0.38446474  0.09289053 -0.47358215  0.43636212]
expert:[ 0.3687235   0.08639883 -0.4880294   0.4288046 ]
expert:[ 0.35134974  0.07160752 -0.50318444  0.41227663]
expert:[ 0.31315044  0.04963018 -0.51995033  0.3853098 ]
expert:[ 0.26589265  0.02146783 -0.53153926  0.34420058]
expert:[ 0.17875014  0.02922437 -0.54068685  0.29101068]
expert:[ 0.04601515  0.00389072 -0.56276804  0.2206182 ]
expert:[-0.30488247 -0.04327112 -0.46782127  0.12161259]
expert:[-0.47143507 -0.07167881 -0.42669386  0.06617094]
expert:[-0.52245927 -0.08334327 -0.42674705  0.0430081 ]
expert:[-0.5438163  -0.08897509 -0.42856425  0.0310937 ]
expert:[-0.5540186  -0.09176158 -0.4320101   0.02406256]
expert:[-0.55827844 -0.09294863 -0.43569982  0.02008562]
expert:[-0.5471793  -0.08855475 -0.42276087  0.03521228]
expert:[-0.53705376 -0.08314195 -0.37482324  0.06111056]
expert:[-0.5450341  -0.08472315 -0.3741153   0.05915228]
expert:[-0.55442536 -0.08641816 -0.38659266  0.05369575]
expert:[-0.56090164 -0.08655781 -0.40048668  0.05097776]
expert:[-0.5652441  -0.08525284 -0.40989003  0.05140725]
expert:[-0.56641644 -0.07421904 -0.42513508  0.05534422]
expert:[-0.56326914 -0.05552168 -0.4444399   0.06446905]
expert:[-0.55573833 -0.02330875 -0.4615898   0.08158504]
expert:[-0.4247448   0.03251209 -0.48562205  0.14789638]
expert:[-0.07177535  0.10453077 -0.52443177  0.2630732 ]
expert:[ 0.05389431  0.13087128 -0.56673133  0.2909782 ]
expert:[ 0.08465665  0.13622062 -0.5869718   0.30069146]
expert:[ 0.15990317  0.12215649 -0.57878685  0.3266598 ]
expert:[ 0.2331263   0.12063018 -0.5339381   0.38917166]
expert:[ 0.24647637  0.10288977 -0.5254731   0.38879746]
expert:[ 0.24684203  0.07893596 -0.5277406   0.37267482]
expert:[ 0.24418573  0.05392846 -0.5320141   0.35307455]
expert:[ 0.24095738  0.02996038 -0.5358223   0.33372083]
expert:[ 0.23789869  0.01019479 -0.53927     0.3171883 ]
expert:[ 0.23583753  0.0034125  -0.5442982   0.3093996 ]
expert:[ 0.2343797   0.00232966 -0.5490266   0.30561438]
expert:[ 0.25314435  0.01475504 -0.52373004  0.33586985]
expert:[ 0.27185985  0.02961717 -0.50275636  0.36353448]
expert:[ 0.2738994   0.02844874 -0.504581    0.36306173]
expert:[ 0.2720905   0.02312299 -0.51197726  0.35631335]
expert:[ 0.26954022  0.01736411 -0.51989645  0.34872082]
expert:[ 0.2669619   0.01199196 -0.52694064  0.3415923 ]
expert:[ 0.2646546   0.00850272 -0.53346014  0.3354841 ]
expert:[ 0.2620423   0.00674479 -0.5392454   0.3305269 ]
expert:[ 0.26165625  0.01256843 -0.52835625  0.33814886]
expert:[ 0.26319304  0.03433787 -0.50112164  0.36262524]
expert:[ 0.26027486  0.03417272 -0.50259817  0.36006635]
expert:[ 0.25580066  0.02787736 -0.5108403   0.35059774]
expert:[ 0.25129926  0.02094121 -0.5197938   0.3403615 ]
expert:[ 0.24748124  0.0154696  -0.52791905  0.33119842]
expert_success: 1.0
path_length: 150



-------------------------------- Iteration 0 -------------------------------- 
initial ob: [-0.03265156  0.51487877  0.23688007  0.          0.75        0.16
  0.          0.75        0.04        0.          0.75        0.04      ]
agent_success: 0

training time:  0.14396953582763672
evaluation time:  7.391594648361206
epoch time:  7.535594701766968


-------------------------------- Iteration 200 -------------------------------- 
initial ob: [-0.03265156  0.51487877  0.23688007  0.          0.75        0.16
  0.          0.75        0.04        0.          0.75        0.04      ]
agent_success: 0

training time:  0.002414226531982422
evaluation time:  8.34153699874878
epoch time:  8.343985557556152


-------------------------------- Iteration 400 -------------------------------- 
initial ob: [-0.03265156  0.51487877  0.23688007  0.          0.75        0.16
  0.          0.75        0.04        0.          0.75        0.04      ]
agent_success: 0

training time:  0.0024514198303222656
evaluation time:  8.440490961074829
epoch time:  8.442971467971802


-------------------------------- Iteration 600 -------------------------------- 
initial ob: [-0.03265156  0.51487877  0.23688007  0.          0.75        0.16
  0.          0.75        0.04        0.          0.75        0.04      ]
agent_success: 0

training time:  0.002510547637939453
evaluation time:  8.226514339447021
epoch time:  8.229052066802979


-------------------------------- Iteration 800 -------------------------------- 
initial ob: [-0.03265156  0.51487877  0.23688007  0.          0.75        0.16
  0.          0.75        0.04        0.          0.75        0.04      ]
agent_success: 0

training time:  0.0025544166564941406
evaluation time:  8.306450128555298
epoch time:  8.309043645858765


-------------------------------- Iteration 1000 -------------------------------- 
initial ob: [-0.03265156  0.51487877  0.23688007  0.          0.75        0.16
  0.          0.75        0.04        0.          0.75        0.04      ]
agent_success: 0

training time:  0.002454996109008789
evaluation time:  7.9848549365997314
epoch time:  7.987349510192871


-------------------------------- Iteration 1200 -------------------------------- 
initial ob: [-0.03265156  0.51487877  0.23688007  0.          0.75        0.16
  0.          0.75        0.04        0.          0.75        0.04      ]
agent_success: 0

training time:  0.0025925636291503906
evaluation time:  8.054571390151978
epoch time:  8.057213544845581


-------------------------------- Iteration 1400 -------------------------------- 
initial ob: [-0.03265156  0.51487877  0.23688007  0.          0.75        0.16
  0.          0.75        0.04        0.          0.75        0.04      ]
agent_success: 0

training time:  0.002498626708984375
evaluation time:  8.24488377571106
epoch time:  8.24740481376648


-------------------------------- Iteration 1600 -------------------------------- 
initial ob: [-0.03265156  0.51487877  0.23688007  0.          0.75        0.16
  0.          0.75        0.04        0.          0.75        0.04      ]
agent_success: 0

training time:  0.0025234222412109375
evaluation time:  8.259828329086304
epoch time:  8.262375831604004


-------------------------------- Iteration 1800 -------------------------------- 
initial ob: [-0.03265156  0.51487877  0.23688007  0.          0.75        0.16
  0.          0.75        0.04        0.          0.75        0.04      ]
agent_success: 0

training time:  0.002529144287109375
evaluation time:  8.247998237609863
epoch time:  8.25055742263794


-------------------------------- Iteration 2000 -------------------------------- 
initial ob: [-0.03265156  0.51487877  0.23688007  0.          0.75        0.16
  0.          0.75        0.04        0.          0.75        0.04      ]
agent_success: 0

training time:  0.0024950504302978516
evaluation time:  8.21039867401123
epoch time:  8.212915658950806


-------------------------------- Iteration 2200 -------------------------------- 
initial ob: [-0.03265156  0.51487877  0.23688007  0.          0.75        0.16
  0.          0.75        0.04        0.          0.75        0.04      ]
agent_success: 0

training time:  0.0024764537811279297
evaluation time:  8.059091329574585
epoch time:  8.06158447265625


-------------------------------- Iteration 2400 -------------------------------- 
initial ob: [-0.03265156  0.51487877  0.23688007  0.          0.75        0.16
  0.          0.75        0.04        0.          0.75        0.04      ]
agent_success: 0

training time:  0.0024399757385253906
evaluation time:  7.853930473327637
epoch time:  7.8564534187316895


-------------------------------- Iteration 2600 -------------------------------- 
initial ob: [-0.03265156  0.51487877  0.23688007  0.          0.75        0.16
  0.          0.75        0.04        0.          0.75        0.04      ]
agent_success: 0

training time:  0.00234222412109375
evaluation time:  7.7953760623931885
epoch time:  7.797738790512085


-------------------------------- Iteration 2800 -------------------------------- 
initial ob: [-0.03265156  0.51487877  0.23688007  0.          0.75        0.16
  0.          0.75        0.04        0.          0.75        0.04      ]
agent_success: 0

training time:  0.002391815185546875
evaluation time:  8.19163203239441
epoch time:  8.194087266921997


-------------------------------- Iteration 3000 -------------------------------- 
initial ob: [-0.03265156  0.51487877  0.23688007  0.          0.75        0.16
  0.          0.75        0.04        0.          0.75        0.04      ]
agent_success: 0

training time:  0.0024747848510742188
evaluation time:  8.183669090270996
epoch time:  8.186161518096924


-------------------------------- Iteration 3200 -------------------------------- 
initial ob: [-0.03265156  0.51487877  0.23688007  0.          0.75        0.16
  0.          0.75        0.04        0.          0.75        0.04      ]
agent_success: 0

training time:  0.0024874210357666016
evaluation time:  8.075511455535889
epoch time:  8.078019142150879


-------------------------------- Iteration 3400 -------------------------------- 
initial ob: [-0.03265156  0.51487877  0.23688007  0.          0.75        0.16
  0.          0.75        0.04        0.          0.75        0.04      ]
agent_success: 0

training time:  0.0026497840881347656
evaluation time:  8.144778728485107
epoch time:  8.147444725036621


-------------------------------- Iteration 3600 -------------------------------- 
initial ob: [-0.03265156  0.51487877  0.23688007  0.          0.75        0.16
  0.          0.75        0.04        0.          0.75        0.04      ]
agent_success: 0

training time:  0.002485990524291992
evaluation time:  8.098722696304321
epoch time:  8.101230382919312


-------------------------------- Iteration 3800 -------------------------------- 
initial ob: [-0.03265156  0.51487877  0.23688007  0.          0.75        0.16
  0.          0.75        0.04        0.          0.75        0.04      ]
agent_success: 0

training time:  0.0024132728576660156
evaluation time:  7.982643127441406
epoch time:  7.985087871551514


-------------------------------- Iteration 4000 -------------------------------- 
initial ob: [-0.03265156  0.51487877  0.23688007  0.          0.75        0.16
  0.          0.75        0.04        0.          0.75        0.04      ]
agent_success: 0

training time:  0.002435922622680664
evaluation time:  7.830270528793335
epoch time:  7.83272910118103


-------------------------------- Iteration 4200 -------------------------------- 
initial ob: [-0.03265156  0.51487877  0.23688007  0.          0.75        0.16
  0.          0.75        0.04        0.          0.75        0.04      ]
agent_success: 0

training time:  0.0023386478424072266
evaluation time:  8.139095306396484
epoch time:  8.14145040512085


-------------------------------- Iteration 4400 -------------------------------- 
initial ob: [-0.03265156  0.51487877  0.23688007  0.          0.75        0.16
  0.          0.75        0.04        0.          0.75        0.04      ]
agent_success: 0

training time:  0.0025169849395751953
evaluation time:  8.258118152618408
epoch time:  8.260753631591797


-------------------------------- Iteration 4600 -------------------------------- 
initial ob: [-0.03265156  0.51487877  0.23688007  0.          0.75        0.16
  0.          0.75        0.04        0.          0.75        0.04      ]
agent_success: 0

training time:  0.002633810043334961
evaluation time:  8.205349445343018
epoch time:  8.208002090454102


-------------------------------- Iteration 4800 -------------------------------- 
initial ob: [-0.03265156  0.51487877  0.23688007  0.          0.75        0.16
  0.          0.75        0.04        0.          0.75        0.04      ]
agent_success: 0

training time:  0.0025110244750976562
evaluation time:  8.224966526031494
epoch time:  8.22749948501587


-------------------------------- Iteration 5000 -------------------------------- 
initial ob: [-0.03265156  0.51487877  0.23688007  0.          0.75        0.16
  0.          0.75        0.04        0.          0.75        0.04      ]
agent_success: 0

training time:  0.0025091171264648438
evaluation time:  8.086797952651978
epoch time:  8.089323997497559


-------------------------------- Iteration 5200 -------------------------------- 
initial ob: [-0.03265156  0.51487877  0.23688007  0.          0.75        0.16
  0.          0.75        0.04        0.          0.75        0.04      ]
agent_success: 0

training time:  0.002424955368041992
evaluation time:  8.07446551322937
epoch time:  8.076920509338379


-------------------------------- Iteration 5400 -------------------------------- 
initial ob: [-0.03265156  0.51487877  0.23688007  0.          0.75        0.16
  0.          0.75        0.04        0.          0.75        0.04      ]
agent_success: 0

training time:  0.0026154518127441406
evaluation time:  8.006461381912231
epoch time:  8.00909423828125


-------------------------------- Iteration 5600 -------------------------------- 
initial ob: [-0.03265156  0.51487877  0.23688007  0.          0.75        0.16
  0.          0.75        0.04        0.          0.75        0.04      ]
agent_success: 0

training time:  0.002363443374633789
evaluation time:  8.15858244895935
epoch time:  8.16098403930664


-------------------------------- Iteration 5800 -------------------------------- 
initial ob: [-0.03265156  0.51487877  0.23688007  0.          0.75        0.16
  0.          0.75        0.04        0.          0.75        0.04      ]
agent_success: 0

training time:  0.0028557777404785156
evaluation time:  8.681365728378296
epoch time:  8.68424940109253


-------------------------------- Iteration 6000 -------------------------------- 
initial ob: [-0.03265156  0.51487877  0.23688007  0.          0.75        0.16
  0.          0.75        0.04        0.          0.75        0.04      ]
agent_success: 0

training time:  0.002498149871826172
evaluation time:  8.688057899475098
epoch time:  8.69058871269226


-------------------------------- Iteration 6200 -------------------------------- 
initial ob: [-0.03265156  0.51487877  0.23688007  0.          0.75        0.16
  0.          0.75        0.04        0.          0.75        0.04      ]
agent_success: 0

training time:  0.0024967193603515625
evaluation time:  8.65305757522583
epoch time:  8.655577659606934


-------------------------------- Iteration 6400 -------------------------------- 
initial ob: [-0.03265156  0.51487877  0.23688007  0.          0.75        0.16
  0.          0.75        0.04        0.          0.75        0.04      ]
agent_success: 0

training time:  0.002511262893676758
evaluation time:  8.679714918136597
epoch time:  8.682243585586548


-------------------------------- Iteration 6600 -------------------------------- 
initial ob: [-0.03265156  0.51487877  0.23688007  0.          0.75        0.16
  0.          0.75        0.04        0.          0.75        0.04      ]
agent_success: 0

training time:  0.0024995803833007812
evaluation time:  8.519854545593262
epoch time:  8.522398948669434


-------------------------------- Iteration 6800 -------------------------------- 
initial ob: [-0.03265156  0.51487877  0.23688007  0.          0.75        0.16
  0.          0.75        0.04        0.          0.75        0.04      ]
agent_success: 0

training time:  0.0023653507232666016
evaluation time:  8.476181030273438
epoch time:  8.478561639785767


-------------------------------- Iteration 7000 -------------------------------- 
initial ob: [-0.03265156  0.51487877  0.23688007  0.          0.75        0.16
  0.          0.75        0.04        0.          0.75        0.04      ]
agent_success: 0

training time:  0.0025758743286132812
evaluation time:  8.506782293319702
epoch time:  8.509388446807861


-------------------------------- Iteration 7200 -------------------------------- 
initial ob: [-0.03265156  0.51487877  0.23688007  0.          0.75        0.16
  0.          0.75        0.04        0.          0.75        0.04      ]
agent_success: 0

training time:  0.0025224685668945312
evaluation time:  8.60638427734375
epoch time:  8.60892367362976


-------------------------------- Iteration 7400 -------------------------------- 
initial ob: [-0.03265156  0.51487877  0.23688007  0.          0.75        0.16
  0.          0.75        0.04        0.          0.75        0.04      ]
agent_success: 0

training time:  0.002568483352661133
evaluation time:  8.64009428024292
epoch time:  8.642690658569336


-------------------------------- Iteration 7600 -------------------------------- 
initial ob: [-0.03265156  0.51487877  0.23688007  0.          0.75        0.16
  0.          0.75        0.04        0.          0.75        0.04      ]
agent_success: 0

training time:  0.0025229454040527344
evaluation time:  8.761754751205444
epoch time:  8.764295101165771


-------------------------------- Iteration 7800 -------------------------------- 
initial ob: [-0.03265156  0.51487877  0.23688007  0.          0.75        0.16
  0.          0.75        0.04        0.          0.75        0.04      ]
agent_success: 0

training time:  0.002469301223754883
evaluation time:  8.7036612033844
epoch time:  8.706156492233276


-------------------------------- Iteration 8000 -------------------------------- 
initial ob: [-0.03265156  0.51487877  0.23688007  0.          0.75        0.16
  0.          0.75        0.04        0.          0.75        0.04      ]
agent_success: 0

training time:  0.002559661865234375
evaluation time:  8.401391506195068
epoch time:  8.403968095779419


-------------------------------- Iteration 8200 -------------------------------- 
initial ob: [-0.03265156  0.51487877  0.23688007  0.          0.75        0.16
  0.          0.75        0.04        0.          0.75        0.04      ]
agent_success: 0

training time:  0.002383708953857422
evaluation time:  8.424379587173462
epoch time:  8.426780223846436


-------------------------------- Iteration 8400 -------------------------------- 
initial ob: [-0.03265156  0.51487877  0.23688007  0.          0.75        0.16
  0.          0.75        0.04        0.          0.75        0.04      ]
agent_success: 0

training time:  0.002489805221557617
evaluation time:  8.746400356292725
epoch time:  8.74890923500061


-------------------------------- Iteration 8600 -------------------------------- 
initial ob: [-0.03265156  0.51487877  0.23688007  0.          0.75        0.16
  0.          0.75        0.04        0.          0.75        0.04      ]
agent_success: 0

training time:  0.0025327205657958984
evaluation time:  8.789441108703613
epoch time:  8.791990995407104


-------------------------------- Iteration 8800 -------------------------------- 
initial ob: [-0.03265156  0.51487877  0.23688007  0.          0.75        0.16
  0.          0.75        0.04        0.          0.75        0.04      ]
agent_success: 0

training time:  0.0024824142456054688
evaluation time:  8.838468074798584
epoch time:  8.840972185134888


-------------------------------- Iteration 9000 -------------------------------- 
initial ob: [-0.03265156  0.51487877  0.23688007  0.          0.75        0.16
  0.          0.75        0.04        0.          0.75        0.04      ]
agent_success: 0

training time:  0.002446889877319336
evaluation time:  8.852131366729736
epoch time:  8.854594230651855


-------------------------------- Iteration 9200 -------------------------------- 
initial ob: [-0.03265156  0.51487877  0.23688007  0.          0.75        0.16
  0.          0.75        0.04        0.          0.75        0.04      ]
agent_success: 0

training time:  0.002410411834716797
evaluation time:  8.342583179473877
epoch time:  8.345020294189453


-------------------------------- Iteration 9400 -------------------------------- 
initial ob: [-0.03265156  0.51487877  0.23688007  0.          0.75        0.16
  0.          0.75        0.04        0.          0.75        0.04      ]
agent_success: 0

training time:  0.002357959747314453
evaluation time:  8.324042797088623
epoch time:  8.32641863822937


-------------------------------- Iteration 9600 -------------------------------- 
initial ob: [-0.03265156  0.51487877  0.23688007  0.          0.75        0.16
  0.          0.75        0.04        0.          0.75        0.04      ]
agent_success: 0

training time:  0.0023832321166992188
evaluation time:  8.752933740615845
epoch time:  8.755348205566406


-------------------------------- Iteration 9800 -------------------------------- 
initial ob: [-0.03265156  0.51487877  0.23688007  0.          0.75        0.16
  0.          0.75        0.04        0.          0.75        0.04      ]
agent_success: 0

training time:  0.002412080764770508
evaluation time:  8.22075891494751
epoch time:  8.223205089569092


-------------------------------- Test Results -------------------------------- 
initial ob: [-0.03265156  0.51487877  0.23688007  0.          0.75        0.16
  0.          0.75        0.04        0.          0.75        0.04      ]
agent_success: 0

mean_success_rate:  0.0
Done
