/var/lib/slurm/slurmd/job3515743/slurm_script: line 9: batch_scripts/MT50_batch/seed.sh: No such file or directory
SLURM_JOBID=3515743
working directory=/viscam/u/jialugao/Imitation-SoftModule
########################
logging outputs to  /viscam/u/jialugao/Imitation-SoftModule/data/Base_bc_reach_plate-slide-v1_2640.000125-01-2022_23-54-00
########################
{'expert_policy_file': '../Multi-Task-RL/log/MT50_Single_Task/plate-slide-v1/Fixed/238/model/model_pf_best.pth', 'exp_name': 'bc_reach', 'do_dagger': False, 'ep_len': 200, 'gradient_steps': 1, 'n_iter': 100000, 'render_interval': 1, 'eval_interval': 200, 'batch_size': 64, 'eval_batch_size': 32, 'train_batch_size': 32, 'n_layers': 2, 'size': 400, 'learning_rate': 0.0001, 'video_log_freq': -1, 'scalar_log_freq': 1, 'no_gpu': False, 'which_gpu': 0, 'max_replay_buffer_size': 1000000, 'save_params': False, 'seed': 32, 'worker_nums': 1, 'eval_worker_nums': 1, 'config': 'config/BC.json', 'no_cuda': True, 'random_init': False, 'device': 'cpu', 'id': 'MT50_Single_Task', 'task_name': 'plate-slide-v1', 'task_env': 'MT50_task_env', 'cuda': False, 'log_dir': '/viscam/u/jialugao/Imitation-SoftModule/data/Base_bc_reach_plate-slide-v1_2640.000125-01-2022_23-54-00', 'agent_class': <class 'agents.bc_agent.MLPAgent'>, 'agent_params': {'n_layers': 2, 'size': 400, 'learning_rate': 0.0001, 'max_replay_buffer_size': 1000000, 'discrete': False, 'ac_dim': 4, 'ob_dim': 9}}
{'env_name': 'single_task', 'env': {'reward_scale': 1, 'obs_norm': False}, 'meta_env': {'obs_type': 'with_goal', 'random_init': False}, 'replay_buffer': {'size': 1000000.0}, 'net': {'hidden_shapes': [400, 400], 'append_hidden_shapes': [400], 'base_type': <class 'networks.base.MLPBase'>}, 'general_setting': {'discount': 0.99, 'pretrain_epochs': 20, 'num_epochs': 7500, 'epoch_frames': 200, 'max_episode_frames': 200, 'batch_size': 1280, 'min_pool': 10000, 'target_hard_update_period': 1000, 'use_soft_update': True, 'tau': 0.005, 'opt_times': 200, 'eval_episodes': 100, 'train_render': False, 'eval_render': False, 'env': <NormAct<RewardShift<SingleWrapperNone>>>, 'logger': <utils.logger.Logger object at 0x7fbb06959b90>, 'device': device(type='cpu')}, 'sac': {'plr': 0.0003, 'qlr': 0.0003, 'reparameterization': True, 'automatic_entropy_tuning': True, 'policy_std_reg_weight': 0, 'policy_mean_reg_weight': 0}}
Loading expert policy from... ../Multi-Task-RL/log/MT50_Single_Task/plate-slide-v1/Fixed/238/model/model_pf_best.pth
tensor([[-0.0244, -0.0167, -0.0563,  ..., -0.0365, -0.0216, -0.0675],
        [-0.0013, -0.0397, -0.0409,  ...,  0.0090, -0.0110, -0.0802],
        [ 0.4703, -0.3051, -0.0897,  ..., -0.0016,  0.0239,  0.0021],
        ...,
        [ 0.0397, -0.0785, -0.0076,  ...,  0.0400, -0.0489, -0.0438],
        [-0.4393, -0.1968, -0.2555,  ..., -0.0461, -0.0420, -0.0676],
        [-0.1301, -0.0276, -0.1241,  ..., -0.0211, -0.0757, -0.0438]])
Done restoring expert policy...
<NormAct<RewardShift<AugObs<SawyerPlateSlideEnv instance>>>>


-------------------------------- Iteration 0 -------------------------------- 
initial ob: [-0.03264849  0.51488124  0.2368859   0.          0.6         0.015
  0.          0.85        0.02        0.          0.85        0.02      ]
expert:[ 0.6896981  -0.46850836 -0.94500476  0.40774384]
expert:[ 0.8807431  -0.77794945 -0.97419333  0.38915536]
expert:[ 0.9223712  -0.9013941  -0.9791319   0.92260414]
expert:[ 0.29360202 -0.9207048  -0.97901785  0.79430395]
expert:[ 0.21092853 -0.82467854 -0.9796292   0.3359038 ]
expert:[ 0.05781896 -0.56713754 -0.97748786 -0.07234778]
expert:[-0.86740494 -0.93000096 -0.8966973   0.3948664 ]
expert:[-0.9403346  -0.97215456 -0.81872994  0.56605333]
expert:[-0.91390264 -0.9590289  -0.87924397  0.46533352]
expert:[-0.79579794 -0.7654099  -0.94657886  0.20513503]
expert:[-0.42306364  0.6778469  -0.9644499   0.19561619]
expert:[-0.1379704  0.9328681 -0.9499614  0.4498071]
expert:[-0.2434952   0.9756017  -0.8680204   0.50800717]
expert:[-0.17586617  0.99054104 -0.8056205   0.5975835 ]
expert:[-0.3752867   0.99312896 -0.82682985  0.57532066]
expert:[-0.6327725   0.9961289  -0.8860898   0.20064603]
expert:[-0.31645158  0.9957173  -0.8774572   0.00518788]
expert:[-0.12323275  0.9953747  -0.8569548  -0.4718206 ]
expert:[ 0.20210826  0.9863751  -0.5077757  -0.29002076]
expert:[ 0.7292618   0.9746965  -0.15002777 -0.1921755 ]
expert:[ 0.85275847  0.96941566 -0.05665161 -0.20736428]
expert:[ 0.35332042  0.9725879  -0.32168227 -0.13720481]
expert:[-0.31009874  0.9944911  -0.8181527  -0.0735228 ]
expert:[-0.56690395  0.99720883 -0.94855803  0.00385318]
expert:[-0.5849131   0.9977662  -0.9570623   0.08137109]
expert:[-0.6092056   0.9965623  -0.9430109   0.20357454]
expert:[-0.5967454   0.99313205 -0.89530045  0.32169184]
expert:[-0.17261277  0.95574903 -0.52682877  0.16057561]
expert:[ 0.9349488   0.89771235 -0.07442471 -0.18758598]
expert:[ 0.9845716   0.93792856  0.015839   -0.25835744]
expert:[ 0.9789352   0.935502    0.00383891 -0.2254849 ]
expert:[ 0.4595607   0.85638577 -0.25947908  0.0470337 ]
expert:[-0.627444    0.9710786  -0.84291416  0.5843337 ]
expert:[-0.4837747   0.9476548  -0.77416235  0.5435763 ]
expert:[-0.29623428  0.83233607 -0.62437975  0.54278886]
expert:[-0.15134218  0.61186516 -0.46969306  0.58718544]
expert:[-0.09773181  0.44437385 -0.3674476   0.66794205]
expert:[-0.10078612  0.43989438 -0.36399925  0.68933386]
expert:[-0.09599105  0.44362426 -0.36364257  0.6939123 ]
expert:[-0.11706735  0.48036307 -0.38361982  0.6957022 ]
expert:[-0.14759359  0.5320202  -0.41255528  0.69496185]
expert:[-0.16734092  0.5582028  -0.43247527  0.69614774]
expert:[-0.18165705  0.580532   -0.4496719   0.6961906 ]
expert:[-0.19744311  0.5994902  -0.46951717  0.6981236 ]
expert:[-0.12837036  0.43978494 -0.38014463  0.7596468 ]
expert:[-0.13316986  0.43185687 -0.38173303  0.77651805]
expert:[-0.13503975  0.43138728 -0.38603768  0.78095764]
expert:[-0.13618423  0.42863032 -0.38977048  0.7839601 ]
expert:[-0.1358097   0.42417797 -0.39145187  0.78704774]
expert:[-0.13409445  0.41928542 -0.39190173  0.79056686]
expert:[-0.13293162  0.41466907 -0.39183173  0.79402703]
expert:[-0.13222194  0.4106549  -0.3915797   0.79730505]
expert:[-0.13169508  0.40695494 -0.3911009   0.80060124]
expert:[-0.13135801  0.40504745 -0.3901197   0.8044076 ]
expert:[-0.1308823   0.40295336 -0.388865    0.80716515]
expert:[-0.13035357  0.40041274 -0.38762847  0.8094509 ]
expert:[-0.12983355  0.39800274 -0.38641477  0.8116355 ]
expert:[-0.12930515  0.39569336 -0.38523024  0.8135653 ]
expert:[-0.12882271  0.3933896  -0.384056    0.8154173 ]
expert:[-0.1283475   0.39123747 -0.38293758  0.8171999 ]
expert:[-0.1278774   0.38923645 -0.38187712  0.81891376]
expert:[-0.12741126  0.38739097 -0.38087833  0.8205602 ]
expert:[-0.12794532  0.3864736  -0.3800191   0.8219954 ]
expert:[-0.12880678  0.3859702  -0.37924904  0.82332253]
expert:[-0.12962806  0.38540292 -0.37849757  0.8245621 ]
expert:[-0.13026716  0.38528    -0.37790626  0.8256025 ]
expert:[-0.13081016  0.38522738 -0.37737244  0.8265153 ]
expert:[-0.1313106  0.3853209 -0.3769027  0.8274024]
expert:[-0.13179438  0.3853342  -0.37643763  0.82824624]
expert:[-0.13225761  0.38531706 -0.37598833  0.8290528 ]
expert:[-0.13265793  0.38565743 -0.37565503  0.8298562 ]
expert:[-0.13307947  0.38557777 -0.37525338  0.83058953]
expert:[-0.1334348   0.38576758 -0.37502733  0.83130145]
expert:[-0.13377589  0.38584444 -0.37480345  0.83197206]
expert:[-0.13411157  0.3857018  -0.3745479   0.83259106]
expert:[-0.13438079  0.3858478  -0.3744048   0.83317685]
expert:[-0.13461868  0.3860636  -0.3743035   0.83374196]
expert:[-0.1348579   0.3861081  -0.37417737  0.83426464]
expert:[-0.13504899  0.3864416  -0.3741411   0.8347876 ]
expert:[-0.13524903  0.386545   -0.37405944  0.83527154]
expert:[-0.13539274  0.3870318  -0.37408873  0.83576703]
expert:[-0.13553414  0.38733533 -0.37408778  0.8362348 ]
expert:[-0.13566527  0.38754287 -0.37408337  0.83667445]
expert:[-0.13579126  0.38764316 -0.37407133  0.8370813 ]
expert:[-0.13584523  0.38822994 -0.37420276  0.8375099 ]
expert:[-0.1358766   0.38887793 -0.37437046  0.83791876]
expert:[-0.135927    0.38917136 -0.37446502  0.83828497]
expert:[-0.13595416  0.38955426 -0.37459657  0.8386409 ]
expert:[-0.13594909  0.39011267 -0.37478778  0.83899283]
expert:[-0.13590966  0.3908421  -0.37503916  0.83934283]
expert:[-0.135874    0.39137778 -0.3752566   0.8396654 ]
expert:[-0.13583729  0.39175802 -0.37545043  0.839965  ]
expert:[-0.13576539  0.39223894 -0.37569258  0.8402635 ]
expert:[-0.13564335  0.3929414  -0.37602538  0.84054816]
expert:[-0.13548094  0.3935728  -0.37639406  0.84076077]
expert:[-0.13530457  0.3938473  -0.3767453   0.84091717]
expert:[-0.1350535   0.39432493 -0.37724286  0.8410538 ]
expert:[-0.13472643  0.39506617 -0.37788337  0.84116334]
expert:[-0.13438167  0.39559257 -0.37853342  0.8412207 ]
expert:[-0.1339617   0.39640987 -0.37931737  0.84126455]
expert:[-0.1335502   0.39725527 -0.3800952   0.84130216]
expert:[-0.13329685  0.39749745 -0.38058326  0.8413458 ]
expert:[-0.1329076   0.39826447 -0.38131484  0.84137297]
expert:[-0.13248901  0.39897147 -0.38208222  0.84136796]
expert:[-0.13202286  0.4000948  -0.3829608   0.8413762 ]
expert:[-0.13165773  0.4008942  -0.38366663  0.84138656]
expert:[-0.13131812  0.40217498 -0.38438633  0.8414574 ]
expert:[-0.13102081  0.40333748 -0.38503167  0.8415311 ]
expert:[-0.13063647  0.40436232 -0.38577768  0.8415444 ]
expert:[-0.13016163  0.40594548 -0.38670105  0.84157634]
expert:[-0.12969585  0.40743583 -0.38759944  0.84159774]
expert:[-0.12919578  0.4092192  -0.38857034  0.8416349 ]
expert:[-0.12865177  0.4113579  -0.38963166  0.8416926 ]
expert:[-0.1280687   0.4137655  -0.39076695  0.8417647 ]
expert:[-0.12756386  0.41580293 -0.39172947  0.84180194]
expert:[-0.12728766  0.41701078 -0.3922533   0.84179246]
expert:[-0.12692833  0.4184066  -0.39287484  0.8417253 ]
expert:[-0.12637591  0.4202864  -0.3937317   0.8415312 ]
expert:[-0.12587877  0.42149407 -0.394434    0.8413093 ]
expert:[-0.125323    0.4227292  -0.39520875  0.8410543 ]
expert:[-0.12478133  0.42375472 -0.39595073  0.84079415]
expert:[-0.12421349  0.42486382 -0.3967306   0.84048   ]
expert:[-0.12350648  0.4257775  -0.39773265  0.84007806]
expert:[-0.1225032   0.4264059  -0.39915964  0.8395007 ]
expert:[-0.12143111  0.42678222 -0.40065056  0.83885074]
expert:[-0.12018755  0.4272371  -0.40227145  0.83805805]
expert:[-0.119091    0.42838836 -0.4037342   0.83741146]
expert:[-0.11787391  0.42948103 -0.40533042  0.8366751 ]
expert:[-0.1164819   0.43037957 -0.40711415  0.8357973 ]
expert:[-0.11508334  0.43144575 -0.4089127   0.8349255 ]
expert:[-0.11381177  0.43289843 -0.41057122  0.834156  ]
expert:[-0.11269951  0.43471172 -0.41202444  0.8334778 ]
expert:[-0.11166734  0.43652508 -0.41338247  0.8328639 ]
expert:[-0.11052994  0.438229   -0.41471434  0.83218235]
expert:[-0.10948619  0.43995136 -0.41590768  0.831582  ]
expert:[-0.10858484  0.44167057 -0.4169689   0.83108693]
expert:[-0.10779601  0.4434142  -0.4179265   0.83067864]
expert:[-0.08751623  0.48764035 -0.46421704  0.8068827 ]
expert:[ 0.92292386  0.08855316 -0.21624246  0.8600148 ]
expert:[ 0.97805727  0.1065466  -0.09261515  0.89561754]
expert:[0.9705879  0.09459123 0.09592748 0.8742897 ]
expert:[0.94316363 0.07111064 0.14086339 0.8802704 ]
expert:[0.92749345 0.09068226 0.11626182 0.9040047 ]
expert:[0.92761767 0.07910223 0.11292288 0.91947156]
expert:[0.9231519  0.07770264 0.11915673 0.919771  ]
expert:[0.9155697  0.08573081 0.12892498 0.9121739 ]
expert:[0.9069427  0.09972671 0.13868065 0.9003728 ]
expert:[0.9025184  0.12036155 0.14410166 0.8888542 ]
expert:[0.904423   0.13344711 0.1416169  0.8839803 ]
expert:[0.9066579  0.13864379 0.13761652 0.8796071 ]
expert_success: 1.0
path_length: 150



-------------------------------- Iteration 0 -------------------------------- 
initial ob: [-0.03264849  0.51488124  0.2368859   0.          0.6         0.015
  0.          0.85        0.02        0.          0.85        0.02      ]
agent_success: 0

training time:  0.22583913803100586
evaluation time:  13.26482892036438
epoch time:  13.490700244903564


-------------------------------- Iteration 200 -------------------------------- 
initial ob: [-0.03264849  0.51488124  0.2368859   0.          0.6         0.015
  0.          0.85        0.02        0.          0.85        0.02      ]
agent_success: 0

training time:  0.00223541259765625
evaluation time:  14.831113815307617
epoch time:  14.833383798599243


-------------------------------- Iteration 400 -------------------------------- 
initial ob: [-0.03264849  0.51488124  0.2368859   0.          0.6         0.015
  0.          0.85        0.02        0.          0.85        0.02      ]
agent_success: 0

training time:  0.0023183822631835938
evaluation time:  14.809884548187256
epoch time:  14.812236547470093


-------------------------------- Iteration 600 -------------------------------- 
initial ob: [-0.03264849  0.51488124  0.2368859   0.          0.6         0.015
  0.          0.85        0.02        0.          0.85        0.02      ]
agent_success: 0

training time:  0.002112150192260742
evaluation time:  14.929430961608887
epoch time:  14.931568145751953


-------------------------------- Iteration 800 -------------------------------- 
initial ob: [-0.03264849  0.51488124  0.2368859   0.          0.6         0.015
  0.          0.85        0.02        0.          0.85        0.02      ]
agent_success: 0

training time:  0.002290964126586914
evaluation time:  14.927052974700928
epoch time:  14.929387331008911


-------------------------------- Iteration 1000 -------------------------------- 
initial ob: [-0.03264849  0.51488124  0.2368859   0.          0.6         0.015
  0.          0.85        0.02        0.          0.85        0.02      ]
agent_success: 0

training time:  0.0022721290588378906
evaluation time:  15.407052040100098
epoch time:  15.40937614440918


-------------------------------- Iteration 1200 -------------------------------- 
initial ob: [-0.03264849  0.51488124  0.2368859   0.          0.6         0.015
  0.          0.85        0.02        0.          0.85        0.02      ]
agent_success: 0

training time:  0.002221822738647461
evaluation time:  15.44651985168457
epoch time:  15.448766231536865


-------------------------------- Iteration 1400 -------------------------------- 
initial ob: [-0.03264849  0.51488124  0.2368859   0.          0.6         0.015
  0.          0.85        0.02        0.          0.85        0.02      ]
agent_success: 0

training time:  0.002116680145263672
evaluation time:  15.192800045013428
epoch time:  15.194941520690918


-------------------------------- Iteration 1600 -------------------------------- 
initial ob: [-0.03264849  0.51488124  0.2368859   0.          0.6         0.015
  0.          0.85        0.02        0.          0.85        0.02      ]
agent_success: 0

training time:  0.0021407604217529297
evaluation time:  15.06645154953003
epoch time:  15.068615198135376


-------------------------------- Iteration 1800 -------------------------------- 
initial ob: [-0.03264849  0.51488124  0.2368859   0.          0.6         0.015
  0.          0.85        0.02        0.          0.85        0.02      ]
agent_success: 0

training time:  0.002115488052368164
evaluation time:  15.037837982177734
epoch time:  15.03997802734375


-------------------------------- Iteration 2000 -------------------------------- 
initial ob: [-0.03264849  0.51488124  0.2368859   0.          0.6         0.015
  0.          0.85        0.02        0.          0.85        0.02      ]
agent_success: 0

training time:  0.0021238327026367188
evaluation time:  15.062665224075317
epoch time:  15.064818620681763


-------------------------------- Iteration 2200 -------------------------------- 
initial ob: [-0.03264849  0.51488124  0.2368859   0.          0.6         0.015
  0.          0.85        0.02        0.          0.85        0.02      ]
agent_success: 0

training time:  0.002222776412963867
evaluation time:  14.639182806015015
epoch time:  14.641422033309937


-------------------------------- Iteration 2400 -------------------------------- 
initial ob: [-0.03264849  0.51488124  0.2368859   0.          0.6         0.015
  0.          0.85        0.02        0.          0.85        0.02      ]
agent_success: 0

training time:  0.0021533966064453125
evaluation time:  15.050701379776001
epoch time:  15.052893161773682


-------------------------------- Iteration 2600 -------------------------------- 
initial ob: [-0.03264849  0.51488124  0.2368859   0.          0.6         0.015
  0.          0.85        0.02        0.          0.85        0.02      ]
agent_success: 0

training time:  0.002317667007446289
evaluation time:  15.036811351776123
epoch time:  15.039149761199951


-------------------------------- Iteration 2800 -------------------------------- 
initial ob: [-0.03264849  0.51488124  0.2368859   0.          0.6         0.015
  0.          0.85        0.02        0.          0.85        0.02      ]
agent_success: 0

training time:  0.002115488052368164
evaluation time:  15.089367628097534
epoch time:  15.091555118560791


-------------------------------- Iteration 3000 -------------------------------- 
initial ob: [-0.03264849  0.51488124  0.2368859   0.          0.6         0.015
  0.          0.85        0.02        0.          0.85        0.02      ]
agent_success: 0

training time:  0.0021626949310302734
evaluation time:  15.075650930404663
epoch time:  15.077841520309448


-------------------------------- Iteration 3200 -------------------------------- 
initial ob: [-0.03264849  0.51488124  0.2368859   0.          0.6         0.015
  0.          0.85        0.02        0.          0.85        0.02      ]
agent_success: 0

training time:  0.0021257400512695312
evaluation time:  15.065662145614624
epoch time:  15.067809581756592


-------------------------------- Iteration 3400 -------------------------------- 
initial ob: [-0.03264849  0.51488124  0.2368859   0.          0.6         0.015
  0.          0.85        0.02        0.          0.85        0.02      ]
agent_success: 1.0

training time:  0.0021343231201171875
evaluation time:  15.368937015533447
epoch time:  15.37110185623169


-------------------------------- Iteration 3600 -------------------------------- 
initial ob: [-0.03264849  0.51488124  0.2368859   0.          0.6         0.015
  0.          0.85        0.02        0.          0.85        0.02      ]
agent_success: 1.0

training time:  0.0023202896118164062
evaluation time:  15.45175838470459
epoch time:  15.454098463058472


-------------------------------- Iteration 3800 -------------------------------- 
initial ob: [-0.03264849  0.51488124  0.2368859   0.          0.6         0.015
  0.          0.85        0.02        0.          0.85        0.02      ]
agent_success: 1.0

training time:  0.0021026134490966797
evaluation time:  15.41710352897644
epoch time:  15.419238805770874


-------------------------------- Iteration 4000 -------------------------------- 
initial ob: [-0.03264849  0.51488124  0.2368859   0.          0.6         0.015
  0.          0.85        0.02        0.          0.85        0.02      ]
agent_success: 1.0

training time:  0.0021131038665771484
evaluation time:  15.392029285430908
epoch time:  15.394160747528076


-------------------------------- Iteration 4200 -------------------------------- 
initial ob: [-0.03264849  0.51488124  0.2368859   0.          0.6         0.015
  0.          0.85        0.02        0.          0.85        0.02      ]
agent_success: 1.0

training time:  0.0021469593048095703
evaluation time:  15.315850496292114
epoch time:  15.318012952804565


-------------------------------- Iteration 4400 -------------------------------- 
initial ob: [-0.03264849  0.51488124  0.2368859   0.          0.6         0.015
  0.          0.85        0.02        0.          0.85        0.02      ]
agent_success: 1.0

training time:  0.0021049976348876953
evaluation time:  15.409729242324829
epoch time:  15.411860942840576


-------------------------------- Iteration 4600 -------------------------------- 
initial ob: [-0.03264849  0.51488124  0.2368859   0.          0.6         0.015
  0.          0.85        0.02        0.          0.85        0.02      ]
agent_success: 1.0

training time:  0.0021209716796875
evaluation time:  15.363569021224976
epoch time:  15.365702867507935


-------------------------------- Iteration 4800 -------------------------------- 
initial ob: [-0.03264849  0.51488124  0.2368859   0.          0.6         0.015
  0.          0.85        0.02        0.          0.85        0.02      ]
agent_success: 1.0

training time:  0.002122163772583008
evaluation time:  15.452450275421143
epoch time:  15.454590320587158


-------------------------------- Iteration 5000 -------------------------------- 
initial ob: [-0.03264849  0.51488124  0.2368859   0.          0.6         0.015
  0.          0.85        0.02        0.          0.85        0.02      ]
agent_success: 1.0

training time:  0.0020995140075683594
evaluation time:  15.493382453918457
epoch time:  15.495499849319458


-------------------------------- Iteration 5200 -------------------------------- 
initial ob: [-0.03264849  0.51488124  0.2368859   0.          0.6         0.015
  0.          0.85        0.02        0.          0.85        0.02      ]
agent_success: 1.0

training time:  0.0021352767944335938
evaluation time:  15.500314235687256
epoch time:  15.502485513687134


-------------------------------- Iteration 5400 -------------------------------- 
initial ob: [-0.03264849  0.51488124  0.2368859   0.          0.6         0.015
  0.          0.85        0.02        0.          0.85        0.02      ]
agent_success: 1.0

training time:  0.0021195411682128906
evaluation time:  15.228030443191528
epoch time:  15.23019289970398


-------------------------------- Iteration 5600 -------------------------------- 
initial ob: [-0.03264849  0.51488124  0.2368859   0.          0.6         0.015
  0.          0.85        0.02        0.          0.85        0.02      ]
agent_success: 1.0

training time:  0.002322673797607422
evaluation time:  15.30807375907898
epoch time:  15.310410499572754


-------------------------------- Iteration 5800 -------------------------------- 
initial ob: [-0.03264849  0.51488124  0.2368859   0.          0.6         0.015
  0.          0.85        0.02        0.          0.85        0.02      ]
agent_success: 1.0

training time:  0.0021317005157470703
evaluation time:  15.21630048751831
epoch time:  15.21844744682312


-------------------------------- Iteration 6000 -------------------------------- 
initial ob: [-0.03264849  0.51488124  0.2368859   0.          0.6         0.015
  0.          0.85        0.02        0.          0.85        0.02      ]
agent_success: 1.0

training time:  0.0021295547485351562
evaluation time:  15.285170078277588
epoch time:  15.28731894493103


-------------------------------- Iteration 6200 -------------------------------- 
initial ob: [-0.03264849  0.51488124  0.2368859   0.          0.6         0.015
  0.          0.85        0.02        0.          0.85        0.02      ]
agent_success: 1.0

training time:  0.0021054744720458984
evaluation time:  15.179254531860352
epoch time:  15.181475162506104


-------------------------------- Iteration 6400 -------------------------------- 
initial ob: [-0.03264849  0.51488124  0.2368859   0.          0.6         0.015
  0.          0.85        0.02        0.          0.85        0.02      ]
agent_success: 1.0

training time:  0.0021452903747558594
evaluation time:  15.097565174102783
epoch time:  15.099737167358398


-------------------------------- Iteration 6600 -------------------------------- 
initial ob: [-0.03264849  0.51488124  0.2368859   0.          0.6         0.015
  0.          0.85        0.02        0.          0.85        0.02      ]
agent_success: 1.0

training time:  0.002170562744140625
evaluation time:  15.196655750274658
epoch time:  15.198840856552124


-------------------------------- Iteration 6800 -------------------------------- 
initial ob: [-0.03264849  0.51488124  0.2368859   0.          0.6         0.015
  0.          0.85        0.02        0.          0.85        0.02      ]
agent_success: 1.0

training time:  0.002118825912475586
evaluation time:  15.161729097366333
epoch time:  15.163862705230713


-------------------------------- Iteration 7000 -------------------------------- 
initial ob: [-0.03264849  0.51488124  0.2368859   0.          0.6         0.015
  0.          0.85        0.02        0.          0.85        0.02      ]
agent_success: 1.0

training time:  0.00211334228515625
evaluation time:  15.151979207992554
epoch time:  15.154120683670044


-------------------------------- Iteration 7200 -------------------------------- 
initial ob: [-0.03264849  0.51488124  0.2368859   0.          0.6         0.015
  0.          0.85        0.02        0.          0.85        0.02      ]
agent_success: 1.0

training time:  0.0021398067474365234
evaluation time:  15.142870664596558
epoch time:  15.145031213760376


-------------------------------- Iteration 7400 -------------------------------- 
initial ob: [-0.03264849  0.51488124  0.2368859   0.          0.6         0.015
  0.          0.85        0.02        0.          0.85        0.02      ]
agent_success: 1.0

training time:  0.0021092891693115234
evaluation time:  15.229646921157837
epoch time:  15.231771469116211


-------------------------------- Iteration 7600 -------------------------------- 
initial ob: [-0.03264849  0.51488124  0.2368859   0.          0.6         0.015
  0.          0.85        0.02        0.          0.85        0.02      ]
agent_success: 1.0

training time:  0.0021266937255859375
evaluation time:  15.14255952835083
epoch time:  15.144703388214111


-------------------------------- Iteration 7800 -------------------------------- 
initial ob: [-0.03264849  0.51488124  0.2368859   0.          0.6         0.015
  0.          0.85        0.02        0.          0.85        0.02      ]
agent_success: 1.0

training time:  0.0021653175354003906
evaluation time:  15.172104597091675
epoch time:  15.174283742904663


-------------------------------- Iteration 8000 -------------------------------- 
initial ob: [-0.03264849  0.51488124  0.2368859   0.          0.6         0.015
  0.          0.85        0.02        0.          0.85        0.02      ]
agent_success: 1.0

training time:  0.002198934555053711
evaluation time:  15.13127875328064
epoch time:  15.133506059646606


-------------------------------- Iteration 8200 -------------------------------- 
initial ob: [-0.03264849  0.51488124  0.2368859   0.          0.6         0.015
  0.          0.85        0.02        0.          0.85        0.02      ]
agent_success: 1.0

training time:  0.002141714096069336
evaluation time:  15.261713743209839
epoch time:  15.26397442817688


-------------------------------- Iteration 8400 -------------------------------- 
initial ob: [-0.03264849  0.51488124  0.2368859   0.          0.6         0.015
  0.          0.85        0.02        0.          0.85        0.02      ]
agent_success: 1.0

training time:  0.0021440982818603516
evaluation time:  15.153805494308472
epoch time:  15.155964136123657


-------------------------------- Iteration 8600 -------------------------------- 
initial ob: [-0.03264849  0.51488124  0.2368859   0.          0.6         0.015
  0.          0.85        0.02        0.          0.85        0.02      ]
agent_success: 1.0

training time:  0.002091646194458008
evaluation time:  15.111393690109253
epoch time:  15.113503456115723


-------------------------------- Iteration 8800 -------------------------------- 
initial ob: [-0.03264849  0.51488124  0.2368859   0.          0.6         0.015
  0.          0.85        0.02        0.          0.85        0.02      ]
agent_success: 1.0

training time:  0.0021033287048339844
evaluation time:  15.071221828460693
epoch time:  15.073450088500977


-------------------------------- Training stopped due to early stopping -------------------------------- 
min loss:  0.004077324


-------------------------------- Test Results -------------------------------- 
initial ob: [-0.03264849  0.51488124  0.2368859   0.          0.6         0.015
  0.          0.85        0.02        0.          0.85        0.02      ]
agent_success: 1.0

mean_success_rate:  1.0
Done
