/var/lib/slurm/slurmd/job3515617/slurm_script: line 9: batch_scripts/MT50_batch/seed.sh: No such file or directory
SLURM_JOBID=3515617
working directory=/viscam/u/jialugao/Imitation-SoftModule
########################
logging outputs to  /viscam/u/jialugao/Imitation-SoftModule/data/Base_bc_reach_stick-push-v1_2640.000125-01-2022_23-01-57
########################
{'expert_policy_file': '../Multi-Task-RL/log/MT50_Single_Task/stick-push-v1/Fixed/238/model/model_pf_best.pth', 'exp_name': 'bc_reach', 'do_dagger': False, 'ep_len': 200, 'gradient_steps': 1, 'n_iter': 10000, 'render_interval': 1, 'eval_interval': 200, 'batch_size': 64, 'eval_batch_size': 32, 'train_batch_size': 32, 'n_layers': 2, 'size': 400, 'learning_rate': 0.0001, 'video_log_freq': -1, 'scalar_log_freq': 1, 'no_gpu': False, 'which_gpu': 0, 'max_replay_buffer_size': 1000000, 'save_params': False, 'seed': 32, 'worker_nums': 1, 'eval_worker_nums': 1, 'config': 'config/BC.json', 'no_cuda': True, 'random_init': False, 'device': 'cpu', 'id': 'MT50_Single_Task', 'task_name': 'stick-push-v1', 'task_env': 'MT50_task_env', 'cuda': False, 'log_dir': '/viscam/u/jialugao/Imitation-SoftModule/data/Base_bc_reach_stick-push-v1_2640.000125-01-2022_23-01-57', 'agent_class': <class 'agents.bc_agent.MLPAgent'>, 'agent_params': {'n_layers': 2, 'size': 400, 'learning_rate': 0.0001, 'max_replay_buffer_size': 1000000, 'discrete': False, 'ac_dim': 4, 'ob_dim': 12}}
{'env_name': 'single_task', 'env': {'reward_scale': 1, 'obs_norm': False}, 'meta_env': {'obs_type': 'with_goal', 'random_init': False}, 'replay_buffer': {'size': 1000000.0}, 'net': {'hidden_shapes': [400, 400], 'append_hidden_shapes': [400], 'base_type': <class 'networks.base.MLPBase'>}, 'general_setting': {'discount': 0.99, 'pretrain_epochs': 20, 'num_epochs': 7500, 'epoch_frames': 200, 'max_episode_frames': 200, 'batch_size': 1280, 'min_pool': 10000, 'target_hard_update_period': 1000, 'use_soft_update': True, 'tau': 0.005, 'opt_times': 200, 'eval_episodes': 100, 'train_render': False, 'eval_render': False, 'env': <NormAct<RewardShift<SingleWrapperNone>>>, 'logger': <utils.logger.Logger object at 0x7f3fa7223bd0>, 'device': device(type='cpu')}, 'sac': {'plr': 0.0003, 'qlr': 0.0003, 'reparameterization': True, 'automatic_entropy_tuning': True, 'policy_std_reg_weight': 0, 'policy_mean_reg_weight': 0}}
Loading expert policy from... ../Multi-Task-RL/log/MT50_Single_Task/stick-push-v1/Fixed/238/model/model_pf_best.pth
tensor([[-0.0787, -0.0458, -0.2961,  ..., -0.0222, -0.0195, -0.0274],
        [-0.0413, -0.0153, -0.0036,  ..., -0.0488, -0.0544, -0.0073],
        [-0.0113, -0.0309, -0.0492,  ..., -0.0203, -0.0342, -0.0620],
        ...,
        [-0.0126, -0.0842, -0.0051,  ..., -0.0236, -0.0023, -0.0719],
        [ 0.0329, -0.0261, -0.0590,  ..., -0.0635,  0.0102, -0.0316],
        [ 0.4331,  0.1196,  0.7735,  ..., -0.0795, -0.1079, -0.0752]])
Done restoring expert policy...
<NormAct<RewardShift<AugObs<SawyerStickPushEnv instance>>>>


-------------------------------- Iteration 0 -------------------------------- 
initial ob: [-0.032652    0.51487875  0.23688607 -0.1         0.6         0.02
  0.2         0.6         0.08        0.4         0.6         0.02
  0.4         0.6         0.02      ]
expert:[-0.80442727  0.94142216 -0.94820404  0.5083799 ]
expert:[-0.82461935  0.9368782  -0.9546334   0.7908083 ]
expert:[-0.8410239   0.9401315  -0.96876574  0.90946364]
expert:[-0.8375408   0.9451675  -0.9754373   0.92398894]
expert:[-0.72600824  0.9279866  -0.9764848   0.9357472 ]
expert:[ 0.583386    0.814053   -0.9710292   0.93673396]
expert:[ 0.91089565  0.46829876 -0.9787309   0.84162384]
expert:[ 0.8778819 -0.5503485 -0.9747474  0.4209834]
expert:[ 0.32706267 -0.9655884  -0.98634017 -0.14561667]
expert:[-0.8173047  -0.9920674  -0.98367625 -0.3376315 ]
expert:[-0.97457665 -0.9948691  -0.9874013  -0.46201482]
expert:[-0.9756322  -0.9940262  -0.98701656 -0.55609936]
expert:[-0.96763057 -0.98990446 -0.9831116  -0.5481721 ]
expert:[-0.9489471  -0.9745862  -0.98034316 -0.41401765]
expert:[-0.3527776  -0.49376693 -0.9738752  -0.25329375]
expert:[-0.9375211  -0.9743014  -0.99736387 -0.65517944]
expert:[-0.9948844  -0.9955119  -0.9973932  -0.94740194]
expert:[-0.9944067  -0.99575037 -0.99543244 -0.9588961 ]
expert:[-0.8958669  -0.98930794 -0.98401076 -0.84017396]
expert:[ 0.2942589  -0.9747612  -0.85819566  0.3692092 ]
expert:[ 0.73782146 -0.990204   -0.5639432   0.9234025 ]
expert:[ 0.82770693 -0.997012   -0.4862976   0.9879447 ]
expert:[ 0.8319925  -0.99775517 -0.4204504   0.9954267 ]
expert:[ 0.7733067  -0.99729145 -0.3826405   0.9950626 ]
expert:[ 0.6274309  -0.99029195 -0.4270614   0.9875748 ]
expert:[ 0.26969665 -0.98045856 -0.22759962  0.9492695 ]
expert:[-0.38642505 -0.96452326 -0.01229975  0.8294738 ]
expert:[-0.58392626 -0.96382314 -0.08221854  0.84402525]
expert:[-0.6780559  -0.98259354  0.00590687  0.90078545]
expert:[-0.6285207  -0.97950983  0.3893078   0.9452525 ]
expert:[-0.50599986 -0.97607577  0.70181674  0.9786667 ]
expert:[-0.27591407 -0.97617364  0.86977243  0.9928635 ]
expert:[ 0.04061277 -0.9512414   0.9324235   0.99789906]
expert:[ 0.62078583 -0.8535812   0.9345409   0.99839133]
expert:[ 0.9167759  -0.60480195  0.9094897   0.99720407]
expert:[ 0.9870987 -0.5876053  0.919945   0.9940897]
expert:[ 0.9957548  -0.44508317  0.85648495  0.9844809 ]
expert:[ 0.9971418  -0.19213769  0.6958538   0.9693131 ]
expert:[ 0.99246323 -0.02986577  0.21754986  0.90019333]
expert:[ 0.9809605   0.10058124 -0.25959376  0.8005666 ]
expert:[ 0.9770637   0.22965251 -0.39636368  0.61602926]
expert:[ 0.97138435  0.2769368  -0.38050306  0.4760206 ]
expert:[ 0.9706718   0.28555107 -0.31066614  0.40399262]
expert:[ 0.9725487   0.18673925 -0.23045893  0.38389516]
expert:[ 0.97272533  0.01152278 -0.03901931  0.4853323 ]
expert:[ 0.96395576 -0.1341259   0.15071471  0.6515511 ]
expert:[ 0.9511968  -0.2594802   0.27404487  0.7656758 ]
expert:[ 0.9351765  -0.33896276  0.35575822  0.8203182 ]
expert:[ 0.9323795  -0.38964972  0.42922795  0.8498008 ]
expert:[ 0.94726443 -0.427301    0.48571938  0.8941253 ]
expert:[ 0.96236354 -0.3998925   0.51234204  0.9372723 ]
expert:[ 0.9665977  -0.26172614  0.45917937  0.95372564]
expert:[ 0.962676   -0.06312544  0.33013764  0.9610887 ]
expert:[0.9550546  0.18045719 0.11579937 0.966778  ]
expert:[ 0.9494332   0.47813922 -0.09209421  0.9657028 ]
expert:[ 0.9389426   0.7010738  -0.23582898  0.9605346 ]
expert:[ 0.94316626  0.8078868  -0.29312184  0.9710407 ]
expert:[ 0.95480454  0.85494477 -0.31877172  0.97862816]
expert:[ 0.9634795   0.8788138  -0.32565477  0.9841096 ]
expert:[ 0.9628869   0.87882346 -0.34390795  0.9859123 ]
expert:[ 0.95102876  0.79224175 -0.27922544  0.9881163 ]
expert:[ 0.9393308   0.6796943  -0.10858538  0.9929556 ]
expert:[0.9165547  0.52517474 0.08195437 0.9959651 ]
expert:[0.8604541  0.29866493 0.24381098 0.9964681 ]
expert:[0.78916216 0.20854004 0.33923256 0.9956755 ]
expert:[0.7631845  0.20123327 0.35032514 0.9950765 ]
expert:[0.728929   0.23125854 0.354889   0.99493426]
expert:[0.66860586 0.2847768  0.3424851  0.99468446]
expert:[0.5839588  0.3541659  0.31540248 0.99452865]
expert:[0.5218782  0.3865255  0.33022696 0.9938653 ]
expert:[0.48222002 0.40082586 0.37015164 0.993107  ]
expert:[0.4339592  0.41640103 0.40660298 0.99233705]
expert:[0.37655228 0.42128232 0.43067557 0.9911894 ]
expert:[0.29793888 0.4126921  0.44096538 0.9907043 ]
expert:[0.20574424 0.40651947 0.44897127 0.99046296]
expert:[0.10140727 0.4032359  0.4545044  0.9905099 ]
expert:[-0.01480955  0.40217504  0.45452368  0.9907375 ]
expert:[-0.1369065   0.40756407  0.44659087  0.9912825 ]
expert:[-0.26203072  0.41390243  0.42410603  0.9917241 ]
expert:[-0.38018468  0.4141487   0.3979729   0.9919957 ]
expert:[-0.47616997  0.42428783  0.35866427  0.9925746 ]
expert:[-0.5463792   0.40883824  0.31140187  0.9926045 ]
expert:[-0.6018933   0.37812257  0.2508408   0.99225944]
expert:[-0.62758815  0.37971154  0.19130239  0.99188626]
expert:[-0.63655114  0.41089174  0.1264357   0.9914997 ]
expert:[-0.64100057  0.44114202  0.06300354  0.9913171 ]
expert:[-0.63687575  0.47059008  0.01169366  0.99153787]
expert:[-0.62415916  0.49805418 -0.03050644  0.9920952 ]
expert:[-0.6414468   0.5050714  -0.09234618  0.99057657]
expert:[-0.65957755  0.49640143 -0.14026178  0.9886373 ]
expert:[-0.6625313   0.49134532 -0.16463539  0.98712254]
expert:[-0.6877528   0.47040093 -0.1854039   0.9857454 ]
expert:[-0.71687967  0.43719104 -0.2036062   0.98410594]
expert:[-0.75378156  0.3897977  -0.19800508  0.981868  ]
expert:[-0.7747666   0.35303828 -0.20902108  0.9796612 ]
expert:[-0.7540379   0.3493194  -0.23657498  0.9778885 ]
expert:[-0.7110228   0.364236   -0.25231034  0.9762057 ]
expert:[-0.6366092   0.42051467 -0.23848966  0.9761036 ]
expert:[-0.54846454  0.46483263 -0.20843922  0.97750926]
expert:[-0.5097547   0.46773845 -0.17873631  0.9755904 ]
expert:[-0.5091695   0.42972228 -0.14884311  0.9695525 ]
expert:[-0.53676987  0.35244083 -0.14210455  0.96463066]
expert:[-0.55693513  0.1872008  -0.13332354  0.9593235 ]
expert:[-0.58346534 -0.00255478 -0.12259242  0.95385635]
expert:[-0.57506156 -0.15005511 -0.11103021  0.95432705]
expert:[-0.56110454 -0.27975807 -0.0934906   0.95545214]
expert:[-0.5346542  -0.37888122 -0.08436708  0.95355546]
expert:[-0.4827192  -0.44347543 -0.08886165  0.9503042 ]
expert:[-0.39175853 -0.45639983 -0.09439936  0.9444144 ]
expert:[-0.25840783 -0.42702824 -0.10314338  0.9391554 ]
expert:[-0.10461172 -0.3646229  -0.11295672  0.93281   ]
expert:[ 0.10742323 -0.3249149  -0.12089252  0.9307377 ]
expert:[ 0.28694195 -0.28375742 -0.117334    0.92947996]
expert:[ 0.4031814  -0.23067862 -0.12313098  0.9289491 ]
expert:[ 0.4660047  -0.1666165  -0.12256113  0.93141764]
expert:[ 0.48340508 -0.09930933 -0.1255677   0.93351907]
expert:[ 0.4643219  -0.0314904  -0.11709574  0.93976104]
expert:[ 0.40024698  0.038298   -0.11295328  0.94685644]
expert:[ 0.3395485   0.09159154 -0.09817978  0.9553512 ]
expert:[ 0.23347905  0.13591331 -0.08708198  0.961066  ]
expert:[ 0.13413711  0.14203867 -0.07125275  0.96661943]
expert:[ 0.06854972  0.11753107 -0.04752992  0.9718555 ]
expert:[ 0.0024719   0.08580042 -0.02323066  0.9756351 ]
expert:[-5.1453248e-02  6.7371264e-02 -6.6328037e-04  9.7764623e-01]
expert:[-0.09658533  0.04631974  0.01759374  0.9791352 ]
expert:[-0.13399345  0.02485221  0.03036227  0.9802007 ]
expert:[-0.15956867  0.00413489  0.03855307  0.9807999 ]
expert:[-0.1729996  -0.01234316  0.04231568  0.98102593]
expert:[-0.17520025 -0.02428459  0.0422026   0.98094445]
expert:[-0.16854532 -0.03609813  0.0386727   0.9805159 ]
expert:[-0.1543537  -0.04521447  0.03256814  0.9798383 ]
expert:[-0.13426808 -0.05111795  0.02472555  0.9789842 ]
expert:[-0.1054473  -0.04361375  0.01606764  0.9775556 ]
expert:[-0.07366034 -0.0312245   0.00727408  0.9759281 ]
expert:[-4.3020546e-02 -1.8342417e-02 -9.1278530e-04  9.7434580e-01]
expert:[-0.0160768  -0.00649312 -0.00784193  0.97293925]
expert:[ 0.00555171  0.00179045 -0.01175162  0.9720338 ]
expert:[ 0.01767275  0.00314424 -0.01639928  0.97131157]
expert:[ 0.02454433  0.00345217 -0.01897989  0.97095305]
expert:[ 0.03173902  0.00160493 -0.01907332  0.9710899 ]
expert:[ 0.03110884 -0.00097605 -0.01779535  0.9714887 ]
expert:[ 0.02533461 -0.00268954 -0.01597141  0.97195023]
expert:[ 0.01711969 -0.00312479 -0.0140245   0.972392  ]
expert:[ 0.01045864 -0.00330773 -0.01182492  0.9728605 ]
expert:[ 0.00603449 -0.00378341 -0.00944607  0.9733578 ]
expert:[ 0.00159648 -0.00458211 -0.00714022  0.9738425 ]
expert:[-0.00271823 -0.00572468 -0.00498142  0.9743029 ]
expert:[-0.0064896  -0.00695074 -0.00310456  0.9747111 ]
expert:[-0.0090939  -0.00783128 -0.00168097  0.97503114]
expert:[-9.988244e-03 -7.975817e-03 -8.482335e-04  9.752349e-01]
expert:[-9.2677353e-03 -7.3848423e-03 -6.1103696e-04  9.7532624e-01]
expert:[-7.3010218e-03 -6.2362989e-03 -8.3440525e-04  9.7533190e-01]
expert:[-0.00471806 -0.00485882 -0.00130039  0.97529334]
expert:[-0.00210775 -0.00354064 -0.00180483  0.9752482 ]
expert:[ 1.1034310e-04 -2.4669773e-03 -2.2014047e-03  9.7522235e-01]
expert:[ 0.00173178 -0.00170193 -0.00241485  0.9752282 ]
expert:[ 0.00275318 -0.00120296 -0.00243893  0.97526497]
expert:[ 3.2975704e-03 -8.7290048e-04 -2.3105103e-03  9.7532433e-01]
expert:[ 3.5187309e-03 -6.1604934e-04 -2.0797818e-03  9.7539610e-01]
expert:[ 3.5439581e-03 -3.7134250e-04 -1.7898660e-03  9.7547257e-01]
expert:[ 3.45903751e-03 -1.12911686e-04 -1.47104159e-03  9.75548863e-01]
expert:[ 3.3101318e-03  1.5882589e-04 -1.1430676e-03  9.7562242e-01]
expert:[ 3.1232582e-03  4.3313389e-04 -8.1834180e-04  9.7569180e-01]
expert:[ 2.9122152e-03  6.9801684e-04 -5.0485128e-04  9.7575623e-01]
expert:[ 2.6877904e-03  9.4463088e-04 -2.0900369e-04  9.7581524e-01]
expert:[2.4559896e-03 1.1648623e-03 6.5296888e-05 9.7586828e-01]
expert:[2.2215806e-03 1.3545017e-03 3.1524897e-04 9.7591537e-01]
expert:[1.9903753e-03 1.5123941e-03 5.3858751e-04 9.7595626e-01]
expert:[1.7671417e-03 1.6392100e-03 7.3534239e-04 9.7599119e-01]
expert:[1.5515374e-03 1.7333777e-03 9.0551353e-04 9.7602040e-01]
expert:[0.00134942 0.00179928 0.00104991 0.9760442 ]
expert:[0.0011611  0.00183835 0.00117007 0.976063  ]
expert:[0.00098745 0.0018528  0.00126767 0.97607744]
expert:[8.3018822e-04 1.8465442e-03 1.3447992e-03 9.7608793e-01]
expert:[6.8946171e-04 1.8218531e-03 1.4031520e-03 9.7609490e-01]
expert:[5.6794280e-04 1.7841682e-03 1.4450540e-03 9.7609890e-01]
expert:[4.6513972e-04 1.7356650e-03 1.4721443e-03 9.7610033e-01]
expert:[3.7913022e-04 1.6784894e-03 1.4865388e-03 9.7609967e-01]
expert:[3.1404197e-04 1.6177748e-03 1.4900853e-03 9.7609729e-01]
expert:[2.6607513e-04 1.5547505e-03 1.4846314e-03 9.7609353e-01]
expert:[2.3514032e-04 1.4915622e-03 1.4716674e-03 9.7608876e-01]
expert:[2.1962821e-04 1.4305497e-03 1.4533986e-03 9.7608328e-01]
expert:[2.1974742e-04 1.3738136e-03 1.4306298e-03 9.7607732e-01]
expert:[2.3235381e-04 1.3219352e-03 1.4052084e-03 9.7607118e-01]
expert:[2.5545061e-04 1.2755108e-03 1.3784758e-03 9.7606504e-01]
expert:[2.8721988e-04 1.2350766e-03 1.3513855e-03 9.7605908e-01]
expert:[3.2623112e-04 1.2012658e-03 1.3252787e-03 9.7605354e-01]
expert:[3.6928055e-04 1.1739744e-03 1.3004534e-03 9.7604841e-01]
expert:[4.1569766e-04 1.1528223e-03 1.2783401e-03 9.7604388e-01]
expert:[4.6233830e-04 1.1373549e-03 1.2588494e-03 9.7603989e-01]
expert:[5.0932163e-04 1.1275276e-03 1.2423688e-03 9.7603649e-01]
expert:[5.5451685e-04 1.1225133e-03 1.2291962e-03 9.7603375e-01]
expert:[5.9802824e-04 1.1224090e-03 1.2195105e-03 9.7603160e-01]
expert:[6.3647324e-04 1.1247932e-03 1.2131626e-03 9.7602999e-01]
expert:[6.7166972e-04 1.1305525e-03 1.2098247e-03 9.7602892e-01]
expert:[7.0312608e-04 1.1396348e-03 1.2095565e-03 9.7602832e-01]
expert:[7.2912860e-04 1.1495068e-03 1.2119705e-03 9.7602803e-01]
expert:[7.5086940e-04 1.1605783e-03 1.2167686e-03 9.7602814e-01]
expert:[7.6797587e-04 1.1726184e-03 1.2232655e-03 9.7602838e-01]
expert:[7.8055245e-04 1.1849193e-03 1.2317294e-03 9.7602886e-01]
expert_success: 1.0
path_length: 200
