/var/lib/slurm/slurmd/job3513864/slurm_script: line 9: batch_scripts/MT50_batch/seed.sh: No such file or directory
SLURM_JOBID=3513864
working directory=/viscam/u/jialugao/Imitation-SoftModule
########################
logging outputs to  /viscam/u/jialugao/Imitation-SoftModule/data/Base_bc_reach_faucet-close-v1_2640.000124-01-2022_18-56-19
########################
{'expert_policy_file': '../Multi-Task-RL/log/MT50_Single_Task/faucet-close-v1/Fixed/238/model/model_pf_best.pth', 'exp_name': 'bc_reach', 'do_dagger': False, 'ep_len': 200, 'gradient_steps': 1, 'n_iter': 10000, 'render_interval': 1, 'eval_interval': 200, 'batch_size': 64, 'eval_batch_size': 32, 'train_batch_size': 32, 'n_layers': 2, 'size': 400, 'learning_rate': 0.0001, 'video_log_freq': -1, 'scalar_log_freq': 1, 'no_gpu': False, 'which_gpu': 0, 'max_replay_buffer_size': 1000000, 'save_params': False, 'seed': 32, 'worker_nums': 1, 'eval_worker_nums': 1, 'config': 'config/BC.json', 'no_cuda': True, 'random_init': False, 'device': 'cpu', 'id': 'MT50_Single_Task', 'task_name': 'faucet-close-v1', 'task_env': 'MT50_task_env', 'cuda': False, 'log_dir': '/viscam/u/jialugao/Imitation-SoftModule/data/Base_bc_reach_faucet-close-v1_2640.000124-01-2022_18-56-19', 'agent_class': <class 'agents.bc_agent.MLPAgent'>, 'agent_params': {'n_layers': 2, 'size': 400, 'learning_rate': 0.0001, 'max_replay_buffer_size': 1000000, 'discrete': False, 'ac_dim': 4, 'ob_dim': 9}}
{'env_name': 'single_task', 'env': {'reward_scale': 1, 'obs_norm': False}, 'meta_env': {'obs_type': 'with_goal', 'random_init': False}, 'replay_buffer': {'size': 1000000.0}, 'net': {'hidden_shapes': [400, 400], 'append_hidden_shapes': [400], 'base_type': <class 'networks.base.MLPBase'>}, 'general_setting': {'discount': 0.99, 'pretrain_epochs': 20, 'num_epochs': 7500, 'epoch_frames': 200, 'max_episode_frames': 200, 'batch_size': 1280, 'min_pool': 10000, 'target_hard_update_period': 1000, 'use_soft_update': True, 'tau': 0.005, 'opt_times': 200, 'eval_episodes': 100, 'train_render': False, 'eval_render': False, 'env': <NormAct<RewardShift<SingleWrapperNone>>>, 'logger': <utils.logger.Logger object at 0x7f1cb4d2edd0>, 'device': device(type='cpu')}, 'sac': {'plr': 0.0003, 'qlr': 0.0003, 'reparameterization': True, 'automatic_entropy_tuning': True, 'policy_std_reg_weight': 0, 'policy_mean_reg_weight': 0}}
Loading expert policy from... ../Multi-Task-RL/log/MT50_Single_Task/faucet-close-v1/Fixed/238/model/model_pf_best.pth
tensor([[ 0.0063, -0.0195, -0.0568,  ...,  0.0037, -0.0241, -0.0696],
        [ 0.0010, -0.0309, -0.0347,  ...,  0.0435, -0.0032, -0.0729],
        [-0.0069, -0.0857, -0.0542,  ...,  0.0408, -0.0329, -0.0530],
        ...,
        [-0.0026, -0.0740, -0.0013,  ...,  0.0742, -0.0433, -0.0385],
        [-0.3379, -0.0988, -0.4658,  ..., -0.0210,  0.0209, -0.0064],
        [ 0.0129, -0.0105, -0.0644,  ...,  0.0198, -0.0542, -0.0230]])
Done restoring expert policy...
<NormAct<RewardShift<AugObs<SawyerFaucetCloseEnv instance>>>>


-------------------------------- Iteration 0 -------------------------------- 
initial ob: [-0.0344551   0.50704863  0.23980516  0.015       0.7         0.115
 -0.1         0.785       0.115      -0.1         0.785       0.115     ]
expert:[ 0.77022064 -0.35074693 -0.9620182   0.3648644 ]
expert:[ 0.9684359   0.8630366  -0.99120784  0.8273815 ]
expert:[ 0.931069    0.96277267 -0.97478604  0.88807535]
expert:[ 0.5995092   0.9605976  -0.97530884  0.9226253 ]
expert:[-0.35282645  0.96358204 -0.9681336  -0.27049747]
expert:[-0.79151523  0.99553686 -0.9669196  -0.9960814 ]
expert:[-0.7785374   0.99707323 -0.9502678  -0.99379975]
expert:[-0.5633723   0.9941822  -0.85687685 -0.93302274]
expert:[-0.12041849  0.979615   -0.31836602 -0.35359138]
expert:[0.5132305  0.9769836  0.03886964 0.3959697 ]
expert:[ 0.8652397  0.8259039 -0.3910877  0.5968062]
expert:[ 0.9310639  -0.42812374 -0.8696841   0.17822376]
expert:[ 0.95973843 -0.9505655  -0.96276885 -0.20322788]
expert:[ 0.9035615  -0.9777397  -0.97248626 -0.3517916 ]
expert:[-0.4066666   0.95895165  0.7335524   0.05466788]
expert:[-0.9872222   0.9361175   0.99973816  0.98266953]
expert:[-0.99916977  0.6288663   0.99998647  0.99608237]
expert:[-0.9993187   0.5201712   0.9999909   0.99589473]
expert:[-0.996225    0.83923167  0.99996084  0.98922575]
expert:[-0.98341835  0.8964621   0.99982643  0.9728887 ]
expert:[-0.9944409  0.8179238  0.9998571  0.9780065]
expert:[-0.9975445   0.6261167   0.9998633   0.98476005]
expert:[-0.99604994  0.5502673   0.9996003   0.9779111 ]
expert:[-0.99892724  0.12623565  0.99975115  0.98796237]
expert:[-0.9559034   0.6520986   0.99033815  0.880682  ]
expert:[-0.9309132  0.6202952  0.979583   0.8595264]
expert:[-0.9791909   0.38814732  0.9903624   0.91838133]
expert:[-0.99446225  0.03001439  0.99687666  0.9683079 ]
expert:[-0.996846   -0.18637505  0.99841017  0.9832454 ]
expert:[-0.9960222  -0.24409877  0.99862903  0.9836929 ]
expert:[-0.98955363 -0.16901606  0.99790317  0.97520554]
expert:[-0.9715955  -0.06224067  0.9954879   0.9585477 ]
expert:[-0.9315663  -0.05992934  0.9880889   0.9625982 ]
expert:[-0.8777596  -0.18811117  0.9759828   0.9705629 ]
expert:[-0.8448669  -0.31593415  0.95647573  0.97035635]
expert:[-0.804089   -0.42569357  0.9151313   0.9667035 ]
expert:[-0.7569139  -0.5646483   0.83988154  0.94721717]
expert:[-0.6575118  -0.6582846   0.70169103  0.91006327]
expert:[-0.5458192  -0.6678828   0.5024785   0.85260874]
expert:[-0.38844645 -0.62821615  0.21488842  0.6472121 ]
expert:[-0.34486198 -0.69082993  0.14062911  0.4538253 ]
expert:[-0.33958158 -0.78093827  0.08877529  0.3159746 ]
expert:[-0.35396376 -0.81522226  0.11115517  0.14230368]
expert:[-0.33727252 -0.7898713   0.07900705 -0.08158266]
expert:[-0.3707383  -0.7594908   0.10875879 -0.19116916]
expert:[-0.40417892 -0.70349216  0.10997171 -0.24946441]
expert:[-0.4068381  -0.55720186  0.0030424  -0.31104064]
expert:[-0.42036998 -0.3497117  -0.14193638 -0.3483947 ]
expert:[-0.45038137 -0.18818079 -0.25250366 -0.35987568]
expert:[-0.4794669  -0.0430931  -0.33308282 -0.35036907]
expert:[-0.47810027  0.12951294 -0.4314811  -0.3141545 ]
expert:[-0.4602296   0.20132399 -0.58704317 -0.17656061]
expert:[-0.42023492  0.16597877 -0.56720895 -0.07906169]
expert:[-0.3813905   0.11882947 -0.48143896  0.00341483]
expert:[-0.33834124  0.07799387 -0.3975985   0.10093554]
expert:[-0.30487037 -0.00532042 -0.2315018   0.16472065]
expert:[-0.25529882 -0.06042673 -0.07589664  0.23906173]
expert:[-0.20660342 -0.03384513 -0.05890742  0.3112623 ]
expert:[-0.18919897  0.01911842 -0.03062219  0.35592607]
expert:[-0.17295098  0.06851746 -0.00771641  0.39927086]
expert:[-0.1565858   0.12675333 -0.02515518  0.44778267]
expert:[-0.12678607  0.18669146 -0.10900283  0.49054527]
expert:[-0.11086812  0.24894935 -0.13322204  0.5384994 ]
expert:[-0.10675144  0.31363708 -0.12381751  0.5909154 ]
expert:[-0.09067523  0.37030533 -0.17082924  0.6327892 ]
expert:[-0.05871666  0.4228613  -0.22706777  0.6695002 ]
expert:[ 0.00852823  0.47050995 -0.24350157  0.7103427 ]
expert:[ 0.10462218  0.5121885  -0.26976714  0.74236745]
expert:[ 0.20514092  0.5553759  -0.29855335  0.77147776]
expert:[ 0.3155133   0.6020823  -0.33399355  0.7991675 ]
expert:[ 0.42028803  0.65386313 -0.37341508  0.8266945 ]
expert:[ 0.5144309   0.70177865 -0.43285337  0.8540582 ]
expert:[ 0.58731484  0.74839187 -0.48597488  0.8781431 ]
expert:[ 0.65813506  0.760574   -0.5035463   0.89060885]
expert:[ 0.7176904   0.7793606  -0.55870634  0.90848374]
expert:[ 0.7729063   0.79589146 -0.61600196  0.9247522 ]
expert:[ 0.80515164  0.8076507  -0.66542506  0.9356977 ]
expert:[ 0.8266468   0.8178204  -0.70370567  0.94400615]
expert:[ 0.8565852   0.82274085 -0.73737097  0.9500714 ]
expert:[ 0.8766253   0.83056885 -0.7670004   0.9562344 ]
expert:[ 0.8991632   0.83579874 -0.8029076   0.9626875 ]
expert:[ 0.9157589  0.8448676 -0.8327411  0.9695698]
expert:[ 0.929038    0.8535296  -0.85589373  0.9749233 ]
expert:[ 0.9398083   0.8620131  -0.8739223   0.97917855]
expert:[ 0.94903886  0.86960304 -0.88828397  0.98250896]
expert:[ 0.95845526  0.87522864 -0.9011302   0.9851517 ]
expert:[ 0.96459836  0.8831326  -0.90977204  0.98745817]
expert:[ 0.9702154  0.8902423 -0.9168868  0.9893346]
expert:[ 0.97390467  0.89878464 -0.92136675  0.99096197]
expert:[ 0.97618926  0.9079251  -0.92340946  0.9923078 ]
expert:[ 0.9785634   0.91558886 -0.92457515  0.99335766]
expert:[ 0.9804813   0.9230014  -0.92422646  0.9942297 ]
expert:[ 0.9817744   0.9303229  -0.92196995  0.9949557 ]
expert:[ 0.98280144  0.9361753  -0.9186724   0.9955257 ]
expert:[ 0.98355925  0.9414852  -0.91478664  0.9959539 ]
expert:[ 0.9820845  0.9495337 -0.9014571  0.9963689]
expert:[ 0.9738266   0.9626691  -0.8548214   0.99682087]
expert:[ 0.9599852   0.98526233 -0.4220834   0.9962527 ]
expert:[ 0.91717255  0.99457234 -0.00511424  0.99676   ]
expert:[0.6516639 0.9980106 0.6878436 0.9976937]
expert:[-0.11541624  0.9988052   0.87820876  0.9981414 ]
expert:[-0.6197817   0.9989735   0.92678815  0.9983425 ]
expert:[-0.78136325  0.9990167   0.92637366  0.99853086]
expert:[-0.843355    0.9990797   0.9252947   0.99864906]
expert:[-0.8757807   0.999135    0.92497057  0.998743  ]
expert:[-0.8923197  0.999186   0.925907   0.9988153]
expert:[-0.9012407  0.9992299  0.9269811  0.9988749]
expert:[-0.90762854  0.9992658   0.9275211   0.99892694]
expert:[-0.91216564  0.9992956   0.9275994   0.99897325]
expert:[-0.9157738   0.9993206   0.927308    0.99901474]
expert:[-0.91862804  0.99934083  0.9265655   0.9990516 ]
expert:[-0.920809    0.99935806  0.9255086   0.9990854 ]
expert:[-0.9222328   0.9993731   0.92413145  0.9991174 ]
expert:[-0.9231148   0.9993871   0.922462    0.99914885]
expert:[-0.92351145  0.9994004   0.9204948   0.9991801 ]
expert:[-0.92395747  0.9994131   0.91825813  0.99921083]
expert:[-0.92391086  0.99942565  0.91578466  0.9992415 ]
expert:[-0.92416954  0.99944144  0.91431564  0.99927086]
expert:[-0.9242739   0.9994575   0.9131817   0.99929845]
expert:[-0.92390037  0.9994711   0.9114144   0.999325  ]
expert:[-0.92340666  0.99948394  0.9095583   0.99935   ]
expert:[-0.9225182   0.9994939   0.906874    0.99937356]
expert:[-0.9220397   0.99950606  0.9043199   0.9993931 ]
expert:[-0.9212671  0.999517   0.9009599  0.9994101]
expert:[-0.9198258  0.9995266  0.8968053  0.9994254]
expert:[-0.9179975   0.9995361   0.89222467  0.99944043]
expert:[-0.915847    0.9995456   0.8871608   0.99945545]
expert:[-0.9133669   0.9995541   0.88110197  0.9994696 ]
expert:[-0.9102644  0.9995621  0.8736882  0.9994831]
expert:[-0.9055418   0.9995715   0.8622052   0.99949783]
expert:[-0.90055716  0.999579    0.8472963   0.9995177 ]
expert:[-0.8944311   0.9995852   0.82788885  0.99954027]
expert:[-0.88749754  0.9995896   0.8028021   0.9995625 ]
expert:[-0.87987417  0.9995943   0.7735058   0.9995845 ]
expert:[-0.87045723  0.9995988   0.7369188   0.9996068 ]
expert:[-0.86086684  0.999603    0.69422805  0.99962837]
expert:[-0.8481506   0.9996083   0.64253277  0.9996502 ]
expert:[-0.8344602   0.999603    0.57770175  0.99967253]
expert:[-0.8167615  0.999595   0.4967337  0.9996926]
expert:[-0.7995642   0.9995872   0.40546903  0.99971133]
expert:[-0.7796348   0.99957865  0.301838    0.9997291 ]
expert:[-0.76100475  0.9995645   0.170435    0.99974406]
expert:[-0.7369249  0.9995483  0.02763    0.9997579]
expert:[-0.6958001   0.9995384  -0.12388653  0.99977046]
expert:[-0.6503523   0.99953526 -0.2638717   0.99978495]
expert:[-0.5831051   0.9995388  -0.39942735  0.9998009 ]
expert:[-0.46752703  0.9995338  -0.5519698   0.9998151 ]
expert:[-0.3279661  0.9995116 -0.6729115  0.9998223]
expert:[-0.17302367  0.99947774 -0.76697624  0.99982977]
expert:[-0.05469025  0.99944407 -0.8257979   0.9998421 ]
expert_success: 1.0
path_length: 150



-------------------------------- Iteration 0 -------------------------------- 
initial ob: [-0.0344551   0.50704863  0.23980516  0.015       0.7         0.115
 -0.1         0.785       0.115      -0.1         0.785       0.115     ]
agent_success: 0

training time:  0.15111351013183594
evaluation time:  7.465574264526367
epoch time:  7.616718053817749


-------------------------------- Iteration 200 -------------------------------- 
initial ob: [-0.0344551   0.50704863  0.23980516  0.015       0.7         0.115
 -0.1         0.785       0.115      -0.1         0.785       0.115     ]
agent_success: 0

training time:  0.002531766891479492
evaluation time:  7.388271808624268
epoch time:  7.390834331512451


-------------------------------- Iteration 400 -------------------------------- 
initial ob: [-0.0344551   0.50704863  0.23980516  0.015       0.7         0.115
 -0.1         0.785       0.115      -0.1         0.785       0.115     ]
agent_success: 0

training time:  0.002482891082763672
evaluation time:  7.318761348724365
epoch time:  7.321271896362305


-------------------------------- Iteration 600 -------------------------------- 
initial ob: [-0.0344551   0.50704863  0.23980516  0.015       0.7         0.115
 -0.1         0.785       0.115      -0.1         0.785       0.115     ]
agent_success: 0

training time:  0.0024154186248779297
evaluation time:  7.318523168563843
epoch time:  7.3209617137908936


-------------------------------- Iteration 800 -------------------------------- 
initial ob: [-0.0344551   0.50704863  0.23980516  0.015       0.7         0.115
 -0.1         0.785       0.115      -0.1         0.785       0.115     ]
agent_success: 0

training time:  0.002396821975708008
evaluation time:  7.092884302139282
epoch time:  7.095318555831909


-------------------------------- Iteration 1000 -------------------------------- 
initial ob: [-0.0344551   0.50704863  0.23980516  0.015       0.7         0.115
 -0.1         0.785       0.115      -0.1         0.785       0.115     ]
agent_success: 0

training time:  0.0023603439331054688
evaluation time:  6.9884467124938965
epoch time:  6.990843772888184


-------------------------------- Iteration 1200 -------------------------------- 
initial ob: [-0.0344551   0.50704863  0.23980516  0.015       0.7         0.115
 -0.1         0.785       0.115      -0.1         0.785       0.115     ]
agent_success: 0

training time:  0.0023419857025146484
evaluation time:  7.375301361083984
epoch time:  7.377678632736206


-------------------------------- Iteration 1400 -------------------------------- 
initial ob: [-0.0344551   0.50704863  0.23980516  0.015       0.7         0.115
 -0.1         0.785       0.115      -0.1         0.785       0.115     ]
agent_success: 0

training time:  0.0024323463439941406
evaluation time:  7.573430299758911
epoch time:  7.575882911682129


-------------------------------- Iteration 1600 -------------------------------- 
initial ob: [-0.0344551   0.50704863  0.23980516  0.015       0.7         0.115
 -0.1         0.785       0.115      -0.1         0.785       0.115     ]
agent_success: 0

training time:  0.0024819374084472656
evaluation time:  7.746042728424072
epoch time:  7.748553037643433


-------------------------------- Iteration 1800 -------------------------------- 
initial ob: [-0.0344551   0.50704863  0.23980516  0.015       0.7         0.115
 -0.1         0.785       0.115      -0.1         0.785       0.115     ]
agent_success: 0

training time:  0.002405881881713867
evaluation time:  7.647264242172241
epoch time:  7.649691104888916


-------------------------------- Iteration 2000 -------------------------------- 
initial ob: [-0.0344551   0.50704863  0.23980516  0.015       0.7         0.115
 -0.1         0.785       0.115      -0.1         0.785       0.115     ]
agent_success: 0

training time:  0.002466440200805664
evaluation time:  8.01893162727356
epoch time:  8.021424770355225


-------------------------------- Iteration 2200 -------------------------------- 
initial ob: [-0.0344551   0.50704863  0.23980516  0.015       0.7         0.115
 -0.1         0.785       0.115      -0.1         0.785       0.115     ]
agent_success: 0

training time:  0.0026040077209472656
evaluation time:  7.973144054412842
epoch time:  7.975769996643066


-------------------------------- Iteration 2400 -------------------------------- 
initial ob: [-0.0344551   0.50704863  0.23980516  0.015       0.7         0.115
 -0.1         0.785       0.115      -0.1         0.785       0.115     ]
agent_success: 0

training time:  0.0025763511657714844
evaluation time:  7.6751556396484375
epoch time:  7.677776575088501


-------------------------------- Iteration 2600 -------------------------------- 
initial ob: [-0.0344551   0.50704863  0.23980516  0.015       0.7         0.115
 -0.1         0.785       0.115      -0.1         0.785       0.115     ]
agent_success: 0

training time:  0.0023322105407714844
evaluation time:  7.71651029586792
epoch time:  7.718862771987915


-------------------------------- Iteration 2800 -------------------------------- 
initial ob: [-0.0344551   0.50704863  0.23980516  0.015       0.7         0.115
 -0.1         0.785       0.115      -0.1         0.785       0.115     ]
agent_success: 0

training time:  0.0024194717407226562
evaluation time:  8.19752049446106
epoch time:  8.199977397918701


-------------------------------- Iteration 3000 -------------------------------- 
initial ob: [-0.0344551   0.50704863  0.23980516  0.015       0.7         0.115
 -0.1         0.785       0.115      -0.1         0.785       0.115     ]
agent_success: 0

training time:  0.0024666786193847656
evaluation time:  8.02726936340332
epoch time:  8.029762268066406


-------------------------------- Iteration 3200 -------------------------------- 
initial ob: [-0.0344551   0.50704863  0.23980516  0.015       0.7         0.115
 -0.1         0.785       0.115      -0.1         0.785       0.115     ]
agent_success: 0

training time:  0.0024225711822509766
evaluation time:  7.991725921630859
epoch time:  7.994165420532227


-------------------------------- Iteration 3400 -------------------------------- 
initial ob: [-0.0344551   0.50704863  0.23980516  0.015       0.7         0.115
 -0.1         0.785       0.115      -0.1         0.785       0.115     ]
agent_success: 0

training time:  0.0024280548095703125
evaluation time:  8.049766063690186
epoch time:  8.052212476730347


-------------------------------- Iteration 3600 -------------------------------- 
initial ob: [-0.0344551   0.50704863  0.23980516  0.015       0.7         0.115
 -0.1         0.785       0.115      -0.1         0.785       0.115     ]
agent_success: 0

training time:  0.0024421215057373047
evaluation time:  7.996922731399536
epoch time:  7.999382019042969


-------------------------------- Iteration 3800 -------------------------------- 
initial ob: [-0.0344551   0.50704863  0.23980516  0.015       0.7         0.115
 -0.1         0.785       0.115      -0.1         0.785       0.115     ]
agent_success: 0

training time:  0.0023844242095947266
evaluation time:  7.944114446640015
epoch time:  7.946575164794922


-------------------------------- Iteration 4000 -------------------------------- 
initial ob: [-0.0344551   0.50704863  0.23980516  0.015       0.7         0.115
 -0.1         0.785       0.115      -0.1         0.785       0.115     ]
agent_success: 0

training time:  0.0023925304412841797
evaluation time:  7.677330493927002
epoch time:  7.679737567901611


-------------------------------- Iteration 4200 -------------------------------- 
initial ob: [-0.0344551   0.50704863  0.23980516  0.015       0.7         0.115
 -0.1         0.785       0.115      -0.1         0.785       0.115     ]
agent_success: 0

training time:  0.0023949146270751953
evaluation time:  7.808319568634033
epoch time:  7.810735702514648


-------------------------------- Iteration 4400 -------------------------------- 
initial ob: [-0.0344551   0.50704863  0.23980516  0.015       0.7         0.115
 -0.1         0.785       0.115      -0.1         0.785       0.115     ]
agent_success: 0

training time:  0.0025093555450439453
evaluation time:  7.9095299243927
epoch time:  7.912145137786865


-------------------------------- Iteration 4600 -------------------------------- 
initial ob: [-0.0344551   0.50704863  0.23980516  0.015       0.7         0.115
 -0.1         0.785       0.115      -0.1         0.785       0.115     ]
agent_success: 0

training time:  0.0024535655975341797
evaluation time:  7.916996002197266
epoch time:  7.919468879699707


-------------------------------- Iteration 4800 -------------------------------- 
initial ob: [-0.0344551   0.50704863  0.23980516  0.015       0.7         0.115
 -0.1         0.785       0.115      -0.1         0.785       0.115     ]
agent_success: 0

training time:  0.0024209022521972656
evaluation time:  7.908804416656494
epoch time:  7.9112420082092285


-------------------------------- Iteration 5000 -------------------------------- 
initial ob: [-0.0344551   0.50704863  0.23980516  0.015       0.7         0.115
 -0.1         0.785       0.115      -0.1         0.785       0.115     ]
agent_success: 0

training time:  0.00244140625
evaluation time:  7.475585699081421
epoch time:  7.478052854537964


-------------------------------- Iteration 5200 -------------------------------- 
initial ob: [-0.0344551   0.50704863  0.23980516  0.015       0.7         0.115
 -0.1         0.785       0.115      -0.1         0.785       0.115     ]
agent_success: 0

training time:  0.002392292022705078
evaluation time:  7.454336166381836
epoch time:  7.456743240356445


-------------------------------- Iteration 5400 -------------------------------- 
initial ob: [-0.0344551   0.50704863  0.23980516  0.015       0.7         0.115
 -0.1         0.785       0.115      -0.1         0.785       0.115     ]
agent_success: 0

training time:  0.0024139881134033203
evaluation time:  7.512444496154785
epoch time:  7.514874458312988


-------------------------------- Iteration 5600 -------------------------------- 
initial ob: [-0.0344551   0.50704863  0.23980516  0.015       0.7         0.115
 -0.1         0.785       0.115      -0.1         0.785       0.115     ]
agent_success: 0

training time:  0.002330780029296875
evaluation time:  7.614239454269409
epoch time:  7.616588115692139


-------------------------------- Iteration 5800 -------------------------------- 
initial ob: [-0.0344551   0.50704863  0.23980516  0.015       0.7         0.115
 -0.1         0.785       0.115      -0.1         0.785       0.115     ]
agent_success: 0

training time:  0.002451658248901367
evaluation time:  7.7591540813446045
epoch time:  7.761621713638306


-------------------------------- Iteration 6000 -------------------------------- 
initial ob: [-0.0344551   0.50704863  0.23980516  0.015       0.7         0.115
 -0.1         0.785       0.115      -0.1         0.785       0.115     ]
agent_success: 0

training time:  0.0025451183319091797
evaluation time:  7.785368919372559
epoch time:  7.787935972213745


-------------------------------- Iteration 6200 -------------------------------- 
initial ob: [-0.0344551   0.50704863  0.23980516  0.015       0.7         0.115
 -0.1         0.785       0.115      -0.1         0.785       0.115     ]
agent_success: 0

training time:  0.0024394989013671875
evaluation time:  7.740892648696899
epoch time:  7.743365287780762


-------------------------------- Iteration 6400 -------------------------------- 
initial ob: [-0.0344551   0.50704863  0.23980516  0.015       0.7         0.115
 -0.1         0.785       0.115      -0.1         0.785       0.115     ]
agent_success: 0

training time:  0.0024368762969970703
evaluation time:  7.763838291168213
epoch time:  7.766299247741699


-------------------------------- Iteration 6600 -------------------------------- 
initial ob: [-0.0344551   0.50704863  0.23980516  0.015       0.7         0.115
 -0.1         0.785       0.115      -0.1         0.785       0.115     ]
agent_success: 0

training time:  0.002438068389892578
evaluation time:  7.735058069229126
epoch time:  7.737510681152344


-------------------------------- Iteration 6800 -------------------------------- 
initial ob: [-0.0344551   0.50704863  0.23980516  0.015       0.7         0.115
 -0.1         0.785       0.115      -0.1         0.785       0.115     ]
agent_success: 0

training time:  0.002405405044555664
evaluation time:  7.508713006973267
epoch time:  7.511133432388306


-------------------------------- Iteration 7000 -------------------------------- 
initial ob: [-0.0344551   0.50704863  0.23980516  0.015       0.7         0.115
 -0.1         0.785       0.115      -0.1         0.785       0.115     ]
agent_success: 0

training time:  0.0023696422576904297
evaluation time:  7.567001581192017
epoch time:  7.569390058517456


-------------------------------- Iteration 7200 -------------------------------- 
initial ob: [-0.0344551   0.50704863  0.23980516  0.015       0.7         0.115
 -0.1         0.785       0.115      -0.1         0.785       0.115     ]
agent_success: 0

training time:  0.0024220943450927734
evaluation time:  7.796756267547607
epoch time:  7.799193620681763


-------------------------------- Iteration 7400 -------------------------------- 
initial ob: [-0.0344551   0.50704863  0.23980516  0.015       0.7         0.115
 -0.1         0.785       0.115      -0.1         0.785       0.115     ]
agent_success: 0

training time:  0.0024552345275878906
evaluation time:  7.783296346664429
epoch time:  7.785776853561401


-------------------------------- Iteration 7600 -------------------------------- 
initial ob: [-0.0344551   0.50704863  0.23980516  0.015       0.7         0.115
 -0.1         0.785       0.115      -0.1         0.785       0.115     ]
agent_success: 0

training time:  0.0025186538696289062
evaluation time:  7.573207139968872
epoch time:  7.575741291046143


-------------------------------- Iteration 7800 -------------------------------- 
initial ob: [-0.0344551   0.50704863  0.23980516  0.015       0.7         0.115
 -0.1         0.785       0.115      -0.1         0.785       0.115     ]
agent_success: 0

training time:  0.0024178028106689453
evaluation time:  7.540385961532593
epoch time:  7.542820453643799


-------------------------------- Iteration 8000 -------------------------------- 
initial ob: [-0.0344551   0.50704863  0.23980516  0.015       0.7         0.115
 -0.1         0.785       0.115      -0.1         0.785       0.115     ]
agent_success: 0

training time:  0.002451181411743164
evaluation time:  7.395303249359131
epoch time:  7.3977742195129395


-------------------------------- Iteration 8200 -------------------------------- 
initial ob: [-0.0344551   0.50704863  0.23980516  0.015       0.7         0.115
 -0.1         0.785       0.115      -0.1         0.785       0.115     ]
agent_success: 0

training time:  0.0023946762084960938
evaluation time:  7.628450870513916
epoch time:  7.630879878997803


-------------------------------- Iteration 8400 -------------------------------- 
initial ob: [-0.0344551   0.50704863  0.23980516  0.015       0.7         0.115
 -0.1         0.785       0.115      -0.1         0.785       0.115     ]
agent_success: 0

training time:  0.0024166107177734375
evaluation time:  7.229137420654297
epoch time:  7.231583595275879


-------------------------------- Iteration 8600 -------------------------------- 
initial ob: [-0.0344551   0.50704863  0.23980516  0.015       0.7         0.115
 -0.1         0.785       0.115      -0.1         0.785       0.115     ]
agent_success: 0

training time:  0.002425670623779297
evaluation time:  7.332674503326416
epoch time:  7.335116386413574


-------------------------------- Iteration 8800 -------------------------------- 
initial ob: [-0.0344551   0.50704863  0.23980516  0.015       0.7         0.115
 -0.1         0.785       0.115      -0.1         0.785       0.115     ]
agent_success: 0

training time:  0.0025148391723632812
evaluation time:  7.4780919551849365
epoch time:  7.48065447807312


-------------------------------- Iteration 9000 -------------------------------- 
initial ob: [-0.0344551   0.50704863  0.23980516  0.015       0.7         0.115
 -0.1         0.785       0.115      -0.1         0.785       0.115     ]
agent_success: 0

training time:  0.0024213790893554688
evaluation time:  7.479947328567505
epoch time:  7.482390403747559


-------------------------------- Iteration 9200 -------------------------------- 
initial ob: [-0.0344551   0.50704863  0.23980516  0.015       0.7         0.115
 -0.1         0.785       0.115      -0.1         0.785       0.115     ]
agent_success: 0

training time:  0.0024611949920654297
evaluation time:  7.445127010345459
epoch time:  7.447605848312378


-------------------------------- Iteration 9400 -------------------------------- 
initial ob: [-0.0344551   0.50704863  0.23980516  0.015       0.7         0.115
 -0.1         0.785       0.115      -0.1         0.785       0.115     ]
agent_success: 0

training time:  0.002447366714477539
evaluation time:  7.428540468215942
epoch time:  7.431015729904175


-------------------------------- Iteration 9600 -------------------------------- 
initial ob: [-0.0344551   0.50704863  0.23980516  0.015       0.7         0.115
 -0.1         0.785       0.115      -0.1         0.785       0.115     ]
agent_success: 0

training time:  0.0024025440216064453
evaluation time:  7.2191197872161865
epoch time:  7.2215399742126465


-------------------------------- Iteration 9800 -------------------------------- 
initial ob: [-0.0344551   0.50704863  0.23980516  0.015       0.7         0.115
 -0.1         0.785       0.115      -0.1         0.785       0.115     ]
agent_success: 0

training time:  0.0023572444915771484
evaluation time:  7.153602123260498
epoch time:  7.155991315841675


-------------------------------- Test Results -------------------------------- 
initial ob: [-0.0344551   0.50704863  0.23980516  0.015       0.7         0.115
 -0.1         0.785       0.115      -0.1         0.785       0.115     ]
agent_success: 0

mean_success_rate:  0.0
Done
