/var/lib/slurm/slurmd/job3513859/slurm_script: line 9: batch_scripts/MT50_batch/seed.sh: No such file or directory
SLURM_JOBID=3513859
working directory=/viscam/u/jialugao/Imitation-SoftModule
########################
logging outputs to  /viscam/u/jialugao/Imitation-SoftModule/data/Base_bc_reach_stick-push-v1_2640.000124-01-2022_18-56-20
########################
{'expert_policy_file': '../Multi-Task-RL/log/MT50_Single_Task/stick-push-v1/Fixed/238/model/model_pf_best.pth', 'exp_name': 'bc_reach', 'do_dagger': False, 'ep_len': 200, 'gradient_steps': 1, 'n_iter': 10000, 'render_interval': 1, 'eval_interval': 200, 'batch_size': 64, 'eval_batch_size': 32, 'train_batch_size': 32, 'n_layers': 2, 'size': 400, 'learning_rate': 0.0001, 'video_log_freq': -1, 'scalar_log_freq': 1, 'no_gpu': False, 'which_gpu': 0, 'max_replay_buffer_size': 1000000, 'save_params': False, 'seed': 32, 'worker_nums': 1, 'eval_worker_nums': 1, 'config': 'config/BC.json', 'no_cuda': True, 'random_init': False, 'device': 'cpu', 'id': 'MT50_Single_Task', 'task_name': 'stick-push-v1', 'task_env': 'MT50_task_env', 'cuda': False, 'log_dir': '/viscam/u/jialugao/Imitation-SoftModule/data/Base_bc_reach_stick-push-v1_2640.000124-01-2022_18-56-20', 'agent_class': <class 'agents.bc_agent.MLPAgent'>, 'agent_params': {'n_layers': 2, 'size': 400, 'learning_rate': 0.0001, 'max_replay_buffer_size': 1000000, 'discrete': False, 'ac_dim': 4, 'ob_dim': 12}}
{'env_name': 'single_task', 'env': {'reward_scale': 1, 'obs_norm': False}, 'meta_env': {'obs_type': 'with_goal', 'random_init': False}, 'replay_buffer': {'size': 1000000.0}, 'net': {'hidden_shapes': [400, 400], 'append_hidden_shapes': [400], 'base_type': <class 'networks.base.MLPBase'>}, 'general_setting': {'discount': 0.99, 'pretrain_epochs': 20, 'num_epochs': 7500, 'epoch_frames': 200, 'max_episode_frames': 200, 'batch_size': 1280, 'min_pool': 10000, 'target_hard_update_period': 1000, 'use_soft_update': True, 'tau': 0.005, 'opt_times': 200, 'eval_episodes': 100, 'train_render': False, 'eval_render': False, 'env': <NormAct<RewardShift<SingleWrapperNone>>>, 'logger': <utils.logger.Logger object at 0x7fa02602be50>, 'device': device(type='cpu')}, 'sac': {'plr': 0.0003, 'qlr': 0.0003, 'reparameterization': True, 'automatic_entropy_tuning': True, 'policy_std_reg_weight': 0, 'policy_mean_reg_weight': 0}}
Loading expert policy from... ../Multi-Task-RL/log/MT50_Single_Task/stick-push-v1/Fixed/238/model/model_pf_best.pth
tensor([[ 2.2110e+00, -2.0780e-01,  2.9399e-01,  ...,  3.3826e-02,
          3.6479e-02,  3.0012e-02],
        [-2.7135e-02, -1.0831e-02,  1.3189e-02,  ..., -4.6945e-02,
         -5.3053e-02, -1.4663e-03],
        [-8.7045e-02, -3.4634e-02, -7.5969e-02,  ..., -2.2553e-02,
         -3.6448e-02, -6.3819e-02],
        ...,
        [ 2.5242e-02, -7.3437e-02,  5.9289e-03,  ..., -1.4423e-02,
          7.0312e-03, -6.7844e-02],
        [ 8.2487e-03, -3.2128e-02, -5.7892e-02,  ..., -6.9149e-02,
          4.2322e-03, -3.1842e-02],
        [ 3.0089e-02,  1.7051e-03, -5.3983e-02,  ..., -3.0425e-02,
         -5.9012e-02, -2.5999e-02]])
Done restoring expert policy...
<NormAct<RewardShift<AugObs<SawyerStickPushEnv instance>>>>


-------------------------------- Iteration 0 -------------------------------- 
initial ob: [-0.032652    0.51487875  0.23688607 -0.1         0.6         0.02
  0.2         0.6         0.08        0.4         0.6         0.02
  0.4         0.6         0.02      ]
expert:[-0.5281834   0.9738693  -0.9323805   0.79887044]
expert:[-0.524173    0.97058856 -0.9374531   0.73056555]
expert:[-0.56326     0.96684563 -0.94541407  0.62035906]
expert:[-0.5609018   0.96644014 -0.948936    0.5279724 ]
expert:[-0.52277374  0.9672744  -0.95128834  0.47313076]
expert:[-0.39193016  0.9346258  -0.94954777  0.2249012 ]
expert:[-0.12580685  0.75101304 -0.9459083  -0.23707354]
expert:[ 0.2053093   0.21654692 -0.9426366  -0.61359453]
expert:[ 0.440156   -0.36972725 -0.94573724 -0.79841375]
expert:[ 0.58632165 -0.73439026 -0.94811255 -0.8893418 ]
expert:[ 0.5682853  -0.89720213 -0.946157   -0.9175222 ]
expert:[ 0.40521863 -0.9191049  -0.9448614  -0.900465  ]
expert:[ 0.19367565 -0.8884537  -0.943193   -0.8551457 ]
expert:[-0.15334353 -0.8399104  -0.9374311  -0.791813  ]
expert:[-0.47675133 -0.80064344 -0.9269685  -0.6961765 ]
expert:[-0.69770956 -0.77448857 -0.91121656 -0.56919795]
expert:[-0.845219   -0.74645007 -0.8988646  -0.4491682 ]
expert:[-0.92111564 -0.81384283 -0.65789986 -0.06977548]
expert:[-0.9535481 -0.8707545  0.9340834  0.8841593]
expert:[-0.9605778 -0.8806747  0.9767187  0.9428592]
expert:[-0.9613802 -0.8935396  0.9790693  0.9446614]
expert:[-0.9583713  -0.9004463   0.98029625  0.94301474]
expert:[-0.9497781  -0.90350187  0.9810139   0.9377447 ]
expert:[-0.9620876  -0.9093303   0.9839585   0.96586996]
expert:[-0.96666545 -0.91315365  0.98409206  0.98409635]
expert:[-0.9662012  -0.8925655   0.97987723  0.99194   ]
expert:[-0.9677595  -0.88798475  0.9762602   0.995491  ]
expert:[-0.96609896 -0.9016906   0.9795867   0.9976297 ]
expert:[-0.96071583 -0.9211575   0.9857153   0.99860805]
expert:[-0.9548948 -0.9439613  0.9911166  0.999146 ]
expert:[-0.9518789  -0.96967125  0.9959437   0.99955326]
expert:[-0.945212   -0.988739    0.9990084   0.99982154]
expert:[-0.92794454 -0.995554    0.9997431   0.9999218 ]
expert:[-0.8905156  -0.99864334  0.99995923  0.99996656]
expert:[-0.82396024 -0.9999296   0.9999997   0.99998385]
expert:[-0.5708786 -0.9999979  1.         0.9999919]
expert:[-0.02532833 -0.99999994  1.          0.9999945 ]
expert:[ 0.631393  -1.         1.         0.9999957]
expert:[ 0.89963883 -1.          1.          0.99999344]
expert:[ 0.97060853 -1.          1.          0.999988  ]
expert:[ 0.9906878  -1.          1.          0.99996233]
expert:[ 0.99682945 -1.          1.          0.99982995]
expert:[ 0.99891156 -1.          1.          0.9991767 ]
expert:[ 0.9996167 -1.         1.         0.9957848]
expert:[ 0.99983454 -1.          1.          0.98305833]
expert:[ 0.9998785 -1.         1.         0.9619566]
expert:[ 0.9998991 -1.         1.         0.9409066]
expert:[ 0.9999148  -1.          1.          0.91238874]
expert:[ 0.9998954 -1.         1.         0.9064943]
expert:[ 0.9998255 -1.         1.         0.9319887]
expert:[ 0.9997094 -1.         1.         0.9566279]
expert:[ 0.99943554 -1.          1.          0.97595346]
expert:[ 0.998421  -1.         1.         0.9918019]
expert:[ 0.9952937  -1.          1.          0.99765223]
expert:[ 0.98380923 -1.          1.          0.9993629 ]
expert:[ 0.9359452  -1.          1.          0.99981856]
expert:[ 0.7965959 -1.         1.         0.9999408]
expert:[ 0.43181822 -1.          1.          0.9999727 ]
expert:[ 0.09916687 -1.          1.          0.9999831 ]
expert:[-0.10085944 -1.          1.          0.9999879 ]
expert:[-0.1377782 -1.         1.         0.9999895]
expert:[-0.02375595 -1.          1.          0.9999887 ]
expert:[ 0.19748455 -1.          1.          0.9999858 ]
expert:[ 0.46065855 -1.          1.          0.99998033]
expert:[ 0.6376931 -1.         1.         0.9999742]
expert:[ 0.6876854  -1.          1.          0.99997246]
expert:[ 0.61658233 -1.          1.          0.9999775 ]
expert:[ 0.43794745 -1.          1.          0.9999845 ]
expert:[ 0.24880216 -1.          1.          0.9999887 ]
expert:[ 0.02931126 -1.          1.          0.9999918 ]
expert:[-0.15397124 -1.          1.          0.99999386]
expert:[-0.2835358 -1.         1.         0.9999952]
expert:[-0.34334633 -1.          1.          0.9999957 ]
expert:[-0.34102598 -1.          1.          0.99999565]
expert:[-0.28671315 -1.          1.          0.99999523]
expert:[-0.19329815 -1.          1.          0.99999434]
expert:[-0.074485   -1.          1.          0.99999315]
expert:[ 0.03513262 -1.          1.          0.9999919 ]
expert:[ 0.12229236 -1.          1.          0.9999908 ]
expert:[ 0.17858198 -1.          1.          0.99999005]
expert:[ 0.19469228 -1.          1.          0.9999898 ]
expert:[ 0.17432381 -1.          1.          0.9999901 ]
expert:[ 0.1258075  -1.          1.          0.99999076]
expert:[ 0.06281833 -1.          1.          0.99999154]
expert:[ 0.00556572 -1.          1.          0.99999225]
expert:[-0.04831541 -1.          1.          0.9999929 ]
expert:[-0.08751985 -1.          1.          0.9999933 ]
expert:[-0.10677215 -1.          1.          0.9999935 ]
expert:[-0.10476968 -1.          1.          0.9999935 ]
expert:[-0.0835693  -1.          1.          0.99999326]
expert:[-0.05023668 -1.          1.          0.9999929 ]
expert:[-0.01263728 -1.          1.          0.9999925 ]
expert:[ 0.01729115 -1.          1.          0.99999213]
expert:[ 0.03973931 -1.          1.          0.99999183]
expert:[ 0.05190367 -1.          1.          0.9999917 ]
expert:[ 0.0536407  -1.          1.          0.99999166]
expert:[ 0.04696525 -1.          1.          0.9999918 ]
expert:[ 0.03423487 -1.          1.          0.9999919 ]
expert:[ 0.01827885 -1.          1.          0.99999213]
expert:[ 0.00205912 -1.          1.          0.9999923 ]
expert:[-0.01188423 -1.          1.          0.9999925 ]
expert:[-0.02317405 -1.          1.          0.9999926 ]
expert:[-0.02996368 -1.          1.          0.99999267]
expert:[-0.03099936 -1.          1.          0.99999267]
expert:[-0.02604597 -1.          1.          0.9999926 ]
expert:[-0.01672313 -1.          1.          0.9999925 ]
expert:[-0.00691175 -1.          1.          0.99999243]
expert:[ 0.00230278 -1.          1.          0.9999923 ]
expert:[ 0.00926482 -1.          1.          0.9999922 ]
expert:[ 0.01319942 -1.          1.          0.99999213]
expert:[ 0.01425994 -1.          1.          0.99999213]
expert:[ 0.01303589 -1.          1.          0.99999213]
expert:[ 0.01016548 -1.          1.          0.9999922 ]
expert:[ 0.00626975 -1.          1.          0.99999225]
expert:[ 0.00198926 -1.          1.          0.9999923 ]
expert:[-0.00207267 -1.          1.          0.9999924 ]
expert:[-0.00541453 -1.          1.          0.9999924 ]
expert:[-0.007652   -1.          1.          0.99999243]
expert:[-0.00854863 -1.          1.          0.99999243]
expert:[-0.00808088 -1.          1.          0.99999243]
expert:[-0.00647451 -1.          1.          0.9999924 ]
expert:[-0.00414093 -1.          1.          0.9999924 ]
expert:[-0.00158153 -1.          1.          0.9999923 ]
expert:[ 7.444805e-04 -1.000000e+00  1.000000e+00  9.999923e-01]
expert:[ 0.00251306 -1.          1.          0.9999923 ]
expert:[ 0.00355447 -1.          1.          0.99999225]
expert:[ 0.00384843 -1.          1.          0.99999225]
expert:[ 0.00347579 -1.          1.          0.99999225]
expert:[ 0.00259532 -1.          1.          0.9999923 ]
expert:[ 0.00140395 -1.          1.          0.9999923 ]
expert:[ 1.0861829e-04 -1.0000000e+00  1.0000000e+00  9.9999231e-01]
expert:[-0.00109492 -1.          1.          0.9999923 ]
expert:[-0.00204525 -1.          1.          0.9999923 ]
expert:[-0.00263462 -1.          1.          0.9999924 ]
expert:[-0.00282106 -1.          1.          0.9999924 ]
expert:[-0.00262747 -1.          1.          0.9999924 ]
expert:[-0.00213156 -1.          1.          0.9999923 ]
expert:[-0.00145374 -1.          1.          0.9999923 ]
expert:[-7.1988616e-04 -1.0000000e+00  1.0000000e+00  9.9999231e-01]
expert:[-5.589053e-05 -1.000000e+00  1.000000e+00  9.999923e-01]
expert:[ 4.5480204e-04 -1.0000000e+00  1.0000000e+00  9.9999231e-01]
expert:[ 7.5497094e-04 -1.0000000e+00  1.0000000e+00  9.9999231e-01]
expert:[ 8.336490e-04 -1.000000e+00  1.000000e+00  9.999923e-01]
expert:[ 7.108635e-04 -1.000000e+00  1.000000e+00  9.999923e-01]
expert:[ 4.3715906e-04 -1.0000000e+00  1.0000000e+00  9.9999231e-01]
expert:[ 6.9040805e-05 -1.0000000e+00  1.0000000e+00  9.9999231e-01]
expert:[-3.2530352e-04 -1.0000000e+00  1.0000000e+00  9.9999231e-01]
expert:[-6.843618e-04 -1.000000e+00  1.000000e+00  9.999923e-01]
expert:[-9.614040e-04 -1.000000e+00  1.000000e+00  9.999923e-01]
expert:[-0.00112567 -1.          1.          0.9999923 ]
expert:[-0.00116811 -1.          1.          0.9999923 ]
expert:[-0.00110016 -1.          1.          0.9999923 ]
expert:[-9.447147e-04 -1.000000e+00  1.000000e+00  9.999923e-01]
expert:[-7.3895964e-04 -1.0000000e+00  1.0000000e+00  9.9999231e-01]
expert:[-5.222372e-04 -1.000000e+00  1.000000e+00  9.999923e-01]
expert:[-3.276877e-04 -1.000000e+00  1.000000e+00  9.999923e-01]
expert:[-1.7819926e-04 -1.0000000e+00  1.0000000e+00  9.9999231e-01]
expert:[-9.3560666e-05 -1.0000000e+00  1.0000000e+00  9.9999231e-01]
expert:[-7.3771924e-05 -1.0000000e+00  1.0000000e+00  9.9999231e-01]
expert:[-1.15733594e-04 -1.00000000e+00  1.00000000e+00  9.99992311e-01]
expert:[-2.0275638e-04 -1.0000000e+00  1.0000000e+00  9.9999231e-01]
expert:[-3.1672046e-04 -1.0000000e+00  1.0000000e+00  9.9999231e-01]
expert:[-4.3545288e-04 -1.0000000e+00  1.0000000e+00  9.9999231e-01]
expert:[-5.441717e-04 -1.000000e+00  1.000000e+00  9.999923e-01]
expert:[-6.235651e-04 -1.000000e+00  1.000000e+00  9.999923e-01]
expert:[-6.714872e-04 -1.000000e+00  1.000000e+00  9.999923e-01]
expert:[-6.8007025e-04 -1.0000000e+00  1.0000000e+00  9.9999231e-01]
expert:[-6.5670523e-04 -1.0000000e+00  1.0000000e+00  9.9999231e-01]
expert:[-6.090216e-04 -1.000000e+00  1.000000e+00  9.999923e-01]
expert:[-5.465559e-04 -1.000000e+00  1.000000e+00  9.999923e-01]
expert:[-4.7836822e-04 -1.0000000e+00  1.0000000e+00  9.9999231e-01]
expert:[-4.2257828e-04 -1.0000000e+00  1.0000000e+00  9.9999231e-01]
expert:[-3.7990135e-04 -1.0000000e+00  1.0000000e+00  9.9999231e-01]
expert:[-3.5677475e-04 -1.0000000e+00  1.0000000e+00  9.9999231e-01]
expert:[-3.534369e-04 -1.000000e+00  1.000000e+00  9.999923e-01]
expert:[-3.6750358e-04 -1.0000000e+00  1.0000000e+00  9.9999231e-01]
expert:[-3.9682907e-04 -1.0000000e+00  1.0000000e+00  9.9999231e-01]
expert:[-4.3092293e-04 -1.0000000e+00  1.0000000e+00  9.9999231e-01]
expert:[-4.6811622e-04 -1.0000000e+00  1.0000000e+00  9.9999231e-01]
expert:[-4.9982587e-04 -1.0000000e+00  1.0000000e+00  9.9999231e-01]
expert:[-5.2295247e-04 -1.0000000e+00  1.0000000e+00  9.9999231e-01]
expert:[-5.3678075e-04 -1.0000000e+00  1.0000000e+00  9.9999231e-01]
expert:[-5.363039e-04 -1.000000e+00  1.000000e+00  9.999923e-01]
expert:[-5.2009145e-04 -1.0000000e+00  1.0000000e+00  9.9999231e-01]
expert:[-4.929117e-04 -1.000000e+00  1.000000e+00  9.999923e-01]
expert:[-4.6549362e-04 -1.0000000e+00  1.0000000e+00  9.9999231e-01]
expert:[-4.4427437e-04 -1.0000000e+00  1.0000000e+00  9.9999231e-01]
expert:[-4.2639297e-04 -1.0000000e+00  1.0000000e+00  9.9999231e-01]
expert:[-4.190020e-04 -1.000000e+00  1.000000e+00  9.999923e-01]
expert:[-4.216246e-04 -1.000000e+00  1.000000e+00  9.999923e-01]
expert:[-4.3163818e-04 -1.0000000e+00  1.0000000e+00  9.9999231e-01]
expert:[-4.447512e-04 -1.000000e+00  1.000000e+00  9.999923e-01]
expert:[-4.6191734e-04 -1.0000000e+00  1.0000000e+00  9.9999231e-01]
expert:[-4.7765297e-04 -1.0000000e+00  1.0000000e+00  9.9999231e-01]
expert:[-4.924349e-04 -1.000000e+00  1.000000e+00  9.999923e-01]
expert:[-5.017332e-04 -1.000000e+00  1.000000e+00  9.999923e-01]
expert:[-5.0745526e-04 -1.0000000e+00  1.0000000e+00  9.9999231e-01]
expert:[-5.081705e-04 -1.000000e+00  1.000000e+00  9.999923e-01]
expert:[-5.0244847e-04 -1.0000000e+00  1.0000000e+00  9.9999231e-01]
expert:[-4.976801e-04 -1.000000e+00  1.000000e+00  9.999923e-01]
expert_success: 0
path_length: 200



-------------------------------- Iteration 0 -------------------------------- 
initial ob: [-0.032652    0.51487875  0.23688607 -0.1         0.6         0.02
  0.2         0.6         0.08        0.4         0.6         0.02
  0.4         0.6         0.02      ]
agent_success: 0

training time:  0.18726849555969238
evaluation time:  11.035598993301392
epoch time:  11.222899198532104


-------------------------------- Iteration 200 -------------------------------- 
initial ob: [-0.032652    0.51487875  0.23688607 -0.1         0.6         0.02
  0.2         0.6         0.08        0.4         0.6         0.02
  0.4         0.6         0.02      ]
agent_success: 0

training time:  0.002597332000732422
evaluation time:  10.855997323989868
epoch time:  10.8586266040802


-------------------------------- Iteration 400 -------------------------------- 
initial ob: [-0.032652    0.51487875  0.23688607 -0.1         0.6         0.02
  0.2         0.6         0.08        0.4         0.6         0.02
  0.4         0.6         0.02      ]
agent_success: 0

training time:  0.002521514892578125
evaluation time:  10.81869912147522
epoch time:  10.821245193481445


-------------------------------- Iteration 600 -------------------------------- 
initial ob: [-0.032652    0.51487875  0.23688607 -0.1         0.6         0.02
  0.2         0.6         0.08        0.4         0.6         0.02
  0.4         0.6         0.02      ]
agent_success: 0

training time:  0.002470731735229492
evaluation time:  10.397404432296753
epoch time:  10.399902105331421


-------------------------------- Iteration 800 -------------------------------- 
initial ob: [-0.032652    0.51487875  0.23688607 -0.1         0.6         0.02
  0.2         0.6         0.08        0.4         0.6         0.02
  0.4         0.6         0.02      ]
agent_success: 0

training time:  0.002432107925415039
evaluation time:  10.787729978561401
epoch time:  10.790204048156738


-------------------------------- Iteration 1000 -------------------------------- 
initial ob: [-0.032652    0.51487875  0.23688607 -0.1         0.6         0.02
  0.2         0.6         0.08        0.4         0.6         0.02
  0.4         0.6         0.02      ]
agent_success: 0

training time:  0.0025053024291992188
evaluation time:  10.815612077713013
epoch time:  10.818152666091919


-------------------------------- Iteration 1200 -------------------------------- 
initial ob: [-0.032652    0.51487875  0.23688607 -0.1         0.6         0.02
  0.2         0.6         0.08        0.4         0.6         0.02
  0.4         0.6         0.02      ]
agent_success: 0

training time:  0.002447366714477539
evaluation time:  10.786632776260376
epoch time:  10.789120197296143


-------------------------------- Iteration 1400 -------------------------------- 
initial ob: [-0.032652    0.51487875  0.23688607 -0.1         0.6         0.02
  0.2         0.6         0.08        0.4         0.6         0.02
  0.4         0.6         0.02      ]
agent_success: 0

training time:  0.002478361129760742
evaluation time:  10.716561555862427
epoch time:  10.719066143035889


-------------------------------- Iteration 1600 -------------------------------- 
initial ob: [-0.032652    0.51487875  0.23688607 -0.1         0.6         0.02
  0.2         0.6         0.08        0.4         0.6         0.02
  0.4         0.6         0.02      ]
agent_success: 0

training time:  0.0024521350860595703
evaluation time:  10.556832313537598
epoch time:  10.559301853179932


-------------------------------- Iteration 1800 -------------------------------- 
initial ob: [-0.032652    0.51487875  0.23688607 -0.1         0.6         0.02
  0.2         0.6         0.08        0.4         0.6         0.02
  0.4         0.6         0.02      ]
agent_success: 0

training time:  0.002429485321044922
evaluation time:  10.5049889087677
epoch time:  10.507436752319336


-------------------------------- Iteration 2000 -------------------------------- 
initial ob: [-0.032652    0.51487875  0.23688607 -0.1         0.6         0.02
  0.2         0.6         0.08        0.4         0.6         0.02
  0.4         0.6         0.02      ]
agent_success: 0

training time:  0.0027036666870117188
evaluation time:  10.829991340637207
epoch time:  10.832719087600708


-------------------------------- Iteration 2200 -------------------------------- 
initial ob: [-0.032652    0.51487875  0.23688607 -0.1         0.6         0.02
  0.2         0.6         0.08        0.4         0.6         0.02
  0.4         0.6         0.02      ]
agent_success: 0

training time:  0.0025169849395751953
evaluation time:  10.774378538131714
epoch time:  10.776917695999146


-------------------------------- Iteration 2400 -------------------------------- 
initial ob: [-0.032652    0.51487875  0.23688607 -0.1         0.6         0.02
  0.2         0.6         0.08        0.4         0.6         0.02
  0.4         0.6         0.02      ]
agent_success: 0

training time:  0.0024793148040771484
evaluation time:  10.775867462158203
epoch time:  10.778391122817993


-------------------------------- Iteration 2600 -------------------------------- 
initial ob: [-0.032652    0.51487875  0.23688607 -0.1         0.6         0.02
  0.2         0.6         0.08        0.4         0.6         0.02
  0.4         0.6         0.02      ]
agent_success: 0

training time:  0.002567768096923828
evaluation time:  10.667553424835205
epoch time:  10.67015027999878


-------------------------------- Iteration 2800 -------------------------------- 
initial ob: [-0.032652    0.51487875  0.23688607 -0.1         0.6         0.02
  0.2         0.6         0.08        0.4         0.6         0.02
  0.4         0.6         0.02      ]
agent_success: 0

training time:  0.0025277137756347656
evaluation time:  10.386884450912476
epoch time:  10.389446496963501


-------------------------------- Iteration 3000 -------------------------------- 
initial ob: [-0.032652    0.51487875  0.23688607 -0.1         0.6         0.02
  0.2         0.6         0.08        0.4         0.6         0.02
  0.4         0.6         0.02      ]
agent_success: 0

training time:  0.0023832321166992188
evaluation time:  10.72279691696167
epoch time:  10.72520136833191


-------------------------------- Iteration 3200 -------------------------------- 
initial ob: [-0.032652    0.51487875  0.23688607 -0.1         0.6         0.02
  0.2         0.6         0.08        0.4         0.6         0.02
  0.4         0.6         0.02      ]
agent_success: 0

training time:  0.0025277137756347656
evaluation time:  10.803178787231445
epoch time:  10.805736780166626


-------------------------------- Iteration 3400 -------------------------------- 
initial ob: [-0.032652    0.51487875  0.23688607 -0.1         0.6         0.02
  0.2         0.6         0.08        0.4         0.6         0.02
  0.4         0.6         0.02      ]
agent_success: 0

training time:  0.0026895999908447266
evaluation time:  10.755459070205688
epoch time:  10.75816559791565


-------------------------------- Iteration 3600 -------------------------------- 
initial ob: [-0.032652    0.51487875  0.23688607 -0.1         0.6         0.02
  0.2         0.6         0.08        0.4         0.6         0.02
  0.4         0.6         0.02      ]
agent_success: 0

training time:  0.002512216567993164
evaluation time:  10.624092817306519
epoch time:  10.626627683639526


-------------------------------- Iteration 3800 -------------------------------- 
initial ob: [-0.032652    0.51487875  0.23688607 -0.1         0.6         0.02
  0.2         0.6         0.08        0.4         0.6         0.02
  0.4         0.6         0.02      ]
agent_success: 0

training time:  0.002475261688232422
evaluation time:  10.543556213378906
epoch time:  10.546067714691162


-------------------------------- Iteration 4000 -------------------------------- 
initial ob: [-0.032652    0.51487875  0.23688607 -0.1         0.6         0.02
  0.2         0.6         0.08        0.4         0.6         0.02
  0.4         0.6         0.02      ]
agent_success: 0

training time:  0.0023729801177978516
evaluation time:  10.52939510345459
epoch time:  10.531883239746094


-------------------------------- Iteration 4200 -------------------------------- 
initial ob: [-0.032652    0.51487875  0.23688607 -0.1         0.6         0.02
  0.2         0.6         0.08        0.4         0.6         0.02
  0.4         0.6         0.02      ]
agent_success: 0

training time:  0.002513885498046875
evaluation time:  10.847978353500366
epoch time:  10.850509643554688


-------------------------------- Iteration 4400 -------------------------------- 
initial ob: [-0.032652    0.51487875  0.23688607 -0.1         0.6         0.02
  0.2         0.6         0.08        0.4         0.6         0.02
  0.4         0.6         0.02      ]
agent_success: 0

training time:  0.0025458335876464844
evaluation time:  10.835239171981812
epoch time:  10.837803363800049


-------------------------------- Iteration 4600 -------------------------------- 
initial ob: [-0.032652    0.51487875  0.23688607 -0.1         0.6         0.02
  0.2         0.6         0.08        0.4         0.6         0.02
  0.4         0.6         0.02      ]
agent_success: 0

training time:  0.0025141239166259766
evaluation time:  10.851052284240723
epoch time:  10.853583335876465


-------------------------------- Iteration 4800 -------------------------------- 
initial ob: [-0.032652    0.51487875  0.23688607 -0.1         0.6         0.02
  0.2         0.6         0.08        0.4         0.6         0.02
  0.4         0.6         0.02      ]
agent_success: 0

training time:  0.0025043487548828125
evaluation time:  10.73356556892395
epoch time:  10.736093044281006


-------------------------------- Iteration 5000 -------------------------------- 
initial ob: [-0.032652    0.51487875  0.23688607 -0.1         0.6         0.02
  0.2         0.6         0.08        0.4         0.6         0.02
  0.4         0.6         0.02      ]
agent_success: 0

training time:  0.0024247169494628906
evaluation time:  10.50905179977417
epoch time:  10.511522054672241


-------------------------------- Iteration 5200 -------------------------------- 
initial ob: [-0.032652    0.51487875  0.23688607 -0.1         0.6         0.02
  0.2         0.6         0.08        0.4         0.6         0.02
  0.4         0.6         0.02      ]
agent_success: 0

training time:  0.0025200843811035156
evaluation time:  10.739329099655151
epoch time:  10.741881847381592


-------------------------------- Iteration 5400 -------------------------------- 
initial ob: [-0.032652    0.51487875  0.23688607 -0.1         0.6         0.02
  0.2         0.6         0.08        0.4         0.6         0.02
  0.4         0.6         0.02      ]
agent_success: 0

training time:  0.002582073211669922
evaluation time:  10.849550485610962
epoch time:  10.852162837982178


-------------------------------- Iteration 5600 -------------------------------- 
initial ob: [-0.032652    0.51487875  0.23688607 -0.1         0.6         0.02
  0.2         0.6         0.08        0.4         0.6         0.02
  0.4         0.6         0.02      ]
agent_success: 0

training time:  0.0025234222412109375
evaluation time:  10.806305408477783
epoch time:  10.80884599685669


-------------------------------- Iteration 5800 -------------------------------- 
initial ob: [-0.032652    0.51487875  0.23688607 -0.1         0.6         0.02
  0.2         0.6         0.08        0.4         0.6         0.02
  0.4         0.6         0.02      ]
agent_success: 0

training time:  0.0025131702423095703
evaluation time:  10.732643842697144
epoch time:  10.735179424285889


-------------------------------- Iteration 6000 -------------------------------- 
initial ob: [-0.032652    0.51487875  0.23688607 -0.1         0.6         0.02
  0.2         0.6         0.08        0.4         0.6         0.02
  0.4         0.6         0.02      ]
agent_success: 0

training time:  0.002474069595336914
evaluation time:  10.644598722457886
epoch time:  10.647088289260864


-------------------------------- Iteration 6200 -------------------------------- 
initial ob: [-0.032652    0.51487875  0.23688607 -0.1         0.6         0.02
  0.2         0.6         0.08        0.4         0.6         0.02
  0.4         0.6         0.02      ]
agent_success: 0

training time:  0.0026199817657470703
evaluation time:  10.568735599517822
epoch time:  10.571380376815796


-------------------------------- Iteration 6400 -------------------------------- 
initial ob: [-0.032652    0.51487875  0.23688607 -0.1         0.6         0.02
  0.2         0.6         0.08        0.4         0.6         0.02
  0.4         0.6         0.02      ]
agent_success: 0

training time:  0.0025510787963867188
evaluation time:  10.857717037200928
epoch time:  10.860290288925171


-------------------------------- Iteration 6600 -------------------------------- 
initial ob: [-0.032652    0.51487875  0.23688607 -0.1         0.6         0.02
  0.2         0.6         0.08        0.4         0.6         0.02
  0.4         0.6         0.02      ]
agent_success: 0

training time:  0.0025339126586914062
evaluation time:  10.81207013130188
epoch time:  10.814621925354004


-------------------------------- Iteration 6800 -------------------------------- 
initial ob: [-0.032652    0.51487875  0.23688607 -0.1         0.6         0.02
  0.2         0.6         0.08        0.4         0.6         0.02
  0.4         0.6         0.02      ]
agent_success: 0

training time:  0.0024871826171875
evaluation time:  10.749706983566284
epoch time:  10.75222134590149


-------------------------------- Iteration 7000 -------------------------------- 
initial ob: [-0.032652    0.51487875  0.23688607 -0.1         0.6         0.02
  0.2         0.6         0.08        0.4         0.6         0.02
  0.4         0.6         0.02      ]
agent_success: 0

training time:  0.002675294876098633
evaluation time:  10.432348728179932
epoch time:  10.435040473937988


-------------------------------- Iteration 7200 -------------------------------- 
initial ob: [-0.032652    0.51487875  0.23688607 -0.1         0.6         0.02
  0.2         0.6         0.08        0.4         0.6         0.02
  0.4         0.6         0.02      ]
agent_success: 0

training time:  0.0023956298828125
evaluation time:  10.273139715194702
epoch time:  10.275554895401001


-------------------------------- Iteration 7400 -------------------------------- 
initial ob: [-0.032652    0.51487875  0.23688607 -0.1         0.6         0.02
  0.2         0.6         0.08        0.4         0.6         0.02
  0.4         0.6         0.02      ]
agent_success: 0

training time:  0.002397775650024414
evaluation time:  10.327072143554688
epoch time:  10.329485893249512


-------------------------------- Iteration 7600 -------------------------------- 
initial ob: [-0.032652    0.51487875  0.23688607 -0.1         0.6         0.02
  0.2         0.6         0.08        0.4         0.6         0.02
  0.4         0.6         0.02      ]
agent_success: 0

training time:  0.0023927688598632812
evaluation time:  10.269865989685059
epoch time:  10.272280216217041


-------------------------------- Iteration 7800 -------------------------------- 
initial ob: [-0.032652    0.51487875  0.23688607 -0.1         0.6         0.02
  0.2         0.6         0.08        0.4         0.6         0.02
  0.4         0.6         0.02      ]
agent_success: 0

training time:  0.0023207664489746094
evaluation time:  10.20584774017334
epoch time:  10.208186388015747


-------------------------------- Iteration 8000 -------------------------------- 
initial ob: [-0.032652    0.51487875  0.23688607 -0.1         0.6         0.02
  0.2         0.6         0.08        0.4         0.6         0.02
  0.4         0.6         0.02      ]
agent_success: 0

training time:  0.002414226531982422
evaluation time:  10.133316040039062
epoch time:  10.135749101638794


-------------------------------- Iteration 8200 -------------------------------- 
initial ob: [-0.032652    0.51487875  0.23688607 -0.1         0.6         0.02
  0.2         0.6         0.08        0.4         0.6         0.02
  0.4         0.6         0.02      ]
agent_success: 0

training time:  0.0023126602172851562
evaluation time:  10.113349199295044
epoch time:  10.115782260894775


-------------------------------- Iteration 8400 -------------------------------- 
initial ob: [-0.032652    0.51487875  0.23688607 -0.1         0.6         0.02
  0.2         0.6         0.08        0.4         0.6         0.02
  0.4         0.6         0.02      ]
agent_success: 0

training time:  0.0022933483123779297
evaluation time:  10.139147758483887
epoch time:  10.141462802886963


-------------------------------- Iteration 8600 -------------------------------- 
initial ob: [-0.032652    0.51487875  0.23688607 -0.1         0.6         0.02
  0.2         0.6         0.08        0.4         0.6         0.02
  0.4         0.6         0.02      ]
agent_success: 0

training time:  0.002298116683959961
evaluation time:  10.133692026138306
epoch time:  10.136005878448486


-------------------------------- Iteration 8800 -------------------------------- 
initial ob: [-0.032652    0.51487875  0.23688607 -0.1         0.6         0.02
  0.2         0.6         0.08        0.4         0.6         0.02
  0.4         0.6         0.02      ]
agent_success: 0

training time:  0.0023651123046875
evaluation time:  10.13947606086731
epoch time:  10.141868352890015


-------------------------------- Iteration 9000 -------------------------------- 
initial ob: [-0.032652    0.51487875  0.23688607 -0.1         0.6         0.02
  0.2         0.6         0.08        0.4         0.6         0.02
  0.4         0.6         0.02      ]
agent_success: 0

training time:  0.002320528030395508
evaluation time:  10.126379013061523
epoch time:  10.128722667694092


-------------------------------- Iteration 9200 -------------------------------- 
initial ob: [-0.032652    0.51487875  0.23688607 -0.1         0.6         0.02
  0.2         0.6         0.08        0.4         0.6         0.02
  0.4         0.6         0.02      ]
agent_success: 0

training time:  0.0023124217987060547
evaluation time:  10.081711530685425
epoch time:  10.084040403366089


-------------------------------- Iteration 9400 -------------------------------- 
initial ob: [-0.032652    0.51487875  0.23688607 -0.1         0.6         0.02
  0.2         0.6         0.08        0.4         0.6         0.02
  0.4         0.6         0.02      ]
agent_success: 0

training time:  0.0023241043090820312
evaluation time:  10.057493209838867
epoch time:  10.059845924377441


-------------------------------- Iteration 9600 -------------------------------- 
initial ob: [-0.032652    0.51487875  0.23688607 -0.1         0.6         0.02
  0.2         0.6         0.08        0.4         0.6         0.02
  0.4         0.6         0.02      ]
agent_success: 0

training time:  0.002306222915649414
evaluation time:  10.086060285568237
epoch time:  10.088382482528687


-------------------------------- Iteration 9800 -------------------------------- 
initial ob: [-0.032652    0.51487875  0.23688607 -0.1         0.6         0.02
  0.2         0.6         0.08        0.4         0.6         0.02
  0.4         0.6         0.02      ]
agent_success: 0

training time:  0.0023064613342285156
evaluation time:  10.08924913406372
epoch time:  10.091584920883179


-------------------------------- Test Results -------------------------------- 
initial ob: [-0.032652    0.51487875  0.23688607 -0.1         0.6         0.02
  0.2         0.6         0.08        0.4         0.6         0.02
  0.4         0.6         0.02      ]
agent_success: 0

mean_success_rate:  0.0
Done
