/var/lib/slurm/slurmd/job3513860/slurm_script: line 9: batch_scripts/MT50_batch/seed.sh: No such file or directory
SLURM_JOBID=3513860
working directory=/viscam/u/jialugao/Imitation-SoftModule
########################
logging outputs to  /viscam/u/jialugao/Imitation-SoftModule/data/Base_bc_reach_stick-pull-v1_2640.000124-01-2022_18-56-19
########################
{'expert_policy_file': '../Multi-Task-RL/log/MT50_Single_Task/stick-pull-v1/Fixed/238/model/model_pf_best.pth', 'exp_name': 'bc_reach', 'do_dagger': False, 'ep_len': 200, 'gradient_steps': 1, 'n_iter': 10000, 'render_interval': 1, 'eval_interval': 200, 'batch_size': 64, 'eval_batch_size': 32, 'train_batch_size': 32, 'n_layers': 2, 'size': 400, 'learning_rate': 0.0001, 'video_log_freq': -1, 'scalar_log_freq': 1, 'no_gpu': False, 'which_gpu': 0, 'max_replay_buffer_size': 1000000, 'save_params': False, 'seed': 32, 'worker_nums': 1, 'eval_worker_nums': 1, 'config': 'config/BC.json', 'no_cuda': True, 'random_init': False, 'device': 'cpu', 'id': 'MT50_Single_Task', 'task_name': 'stick-pull-v1', 'task_env': 'MT50_task_env', 'cuda': False, 'log_dir': '/viscam/u/jialugao/Imitation-SoftModule/data/Base_bc_reach_stick-pull-v1_2640.000124-01-2022_18-56-19', 'agent_class': <class 'agents.bc_agent.MLPAgent'>, 'agent_params': {'n_layers': 2, 'size': 400, 'learning_rate': 0.0001, 'max_replay_buffer_size': 1000000, 'discrete': False, 'ac_dim': 4, 'ob_dim': 12}}
{'env_name': 'single_task', 'env': {'reward_scale': 1, 'obs_norm': False}, 'meta_env': {'obs_type': 'with_goal', 'random_init': False}, 'replay_buffer': {'size': 1000000.0}, 'net': {'hidden_shapes': [400, 400], 'append_hidden_shapes': [400], 'base_type': <class 'networks.base.MLPBase'>}, 'general_setting': {'discount': 0.99, 'pretrain_epochs': 20, 'num_epochs': 7500, 'epoch_frames': 200, 'max_episode_frames': 200, 'batch_size': 1280, 'min_pool': 10000, 'target_hard_update_period': 1000, 'use_soft_update': True, 'tau': 0.005, 'opt_times': 200, 'eval_episodes': 100, 'train_render': False, 'eval_render': False, 'env': <NormAct<RewardShift<SingleWrapperNone>>>, 'logger': <utils.logger.Logger object at 0x7f27e0451e10>, 'device': device(type='cpu')}, 'sac': {'plr': 0.0003, 'qlr': 0.0003, 'reparameterization': True, 'automatic_entropy_tuning': True, 'policy_std_reg_weight': 0, 'policy_mean_reg_weight': 0}}
Loading expert policy from... ../Multi-Task-RL/log/MT50_Single_Task/stick-pull-v1/Fixed/238/model/model_pf_best.pth
tensor([[-0.0442, -0.1823, -0.2024,  ...,  0.0251,  0.0278,  0.0213],
        [-0.0121, -0.0077,  0.0151,  ..., -0.0446, -0.0502, -0.0053],
        [-0.0548, -0.1127, -0.3015,  ...,  0.0106, -0.0033, -0.0306],
        ...,
        [-0.0404, -0.0803, -0.0247,  ..., -0.0053,  0.0161, -0.0586],
        [ 0.0140, -0.0256, -0.0537,  ..., -0.0609,  0.0127, -0.0299],
        [ 0.0216, -0.0086, -0.0440,  ..., -0.0395, -0.0687, -0.0276]])
Done restoring expert policy...
<NormAct<RewardShift<AugObs<SawyerStickPullEnv instance>>>>


-------------------------------- Iteration 0 -------------------------------- 
initial ob: [-0.032652    0.51487875  0.23688607  0.          0.6         0.02
  0.2         0.6         0.08        0.3         0.4         0.02
  0.3         0.4         0.02      ]
expert:[-0.97274303  0.9870548  -0.99136305 -0.9861496 ]
expert:[-0.9737822   0.98563236 -0.99132156 -0.9849012 ]
expert:[-0.9738549   0.98330134 -0.9909169  -0.9826186 ]
expert:[-0.972889    0.98097795 -0.9904706  -0.98008525]
expert:[-0.97140586  0.9791765  -0.99024266 -0.9778562 ]
expert:[-0.96762836  0.9746624  -0.9895592  -0.97278017]
expert:[ 0.98760504 -0.5809517  -0.98260677  0.6447917 ]
expert:[ 0.99860454 -0.85509473 -0.97157514  0.8874047 ]
expert:[ 0.9985576  -0.86323977 -0.96377236  0.8831875 ]
expert:[ 0.99811924 -0.87286156 -0.9588756   0.8680893 ]
expert:[ 0.99692845 -0.87538    -0.95171124  0.8397686 ]
expert:[ 0.9925139  -0.8561545  -0.93064404  0.7798217 ]
expert:[ 0.9809897  -0.82793045 -0.8900789   0.70174074]
expert:[ 0.9405398  -0.80281496 -0.74912155  0.614018  ]
expert:[ 0.69875985 -0.7864004  -0.15290038  0.5328012 ]
expert:[ 0.06680939 -0.7677338   0.5631757   0.4599851 ]
expert:[-0.3267412  -0.72055995  0.8121999   0.41433474]
expert:[-0.34884802 -0.65164524  0.866959    0.40109143]
expert:[-0.20384693 -0.46147257  0.8952469   0.35826644]
expert:[ 0.04326094 -0.20901807  0.8960187   0.30643466]
expert:[0.3337824  0.01681856 0.8631949  0.26414847]
expert:[0.63169926 0.17917506 0.7651696  0.24984074]
expert:[0.7992794  0.28701255 0.6177424  0.24871384]
expert:[0.8459902  0.3855923  0.54418117 0.24168812]
expert:[0.85461926 0.52308136 0.60990417 0.20805481]
expert:[0.845783   0.6690398  0.7366056  0.13876878]
expert:[0.82004863 0.7810558  0.84515214 0.04558226]
expert:[ 0.7632387   0.8384779   0.90105265 -0.04268393]
expert:[ 0.6748564   0.8696632   0.92302746 -0.11758082]
expert:[ 0.5575735   0.88946474  0.9300135  -0.18831226]
expert:[ 0.369071    0.9019049   0.9188754  -0.27407378]
expert:[ 0.10852525  0.91190904  0.8832523  -0.38215628]
expert:[-0.08004117  0.92066807  0.8450946  -0.4624625 ]
expert:[-0.15625773  0.9278011   0.8220062  -0.51206595]
expert:[-0.126381    0.9334533   0.83059525 -0.5296724 ]
expert:[ 0.00928266  0.9391896   0.8623567  -0.5310908 ]
expert:[ 0.19704801  0.9442286   0.8982345  -0.5197962 ]
expert:[ 0.3903777   0.9482274   0.925608   -0.50808054]
expert:[ 0.48071665  0.95088506  0.933805   -0.5026723 ]
expert:[ 0.44661036  0.95184505  0.9235167  -0.51315266]
expert:[ 0.30183414  0.95261866  0.89493793 -0.5523827 ]
expert:[ 0.09657902  0.9526973   0.8477038  -0.59361035]
expert:[-0.0946198   0.9521938   0.78424925 -0.62950057]
expert:[-0.213062    0.9516874   0.72519255 -0.652345  ]
expert:[-0.24170226  0.95163983  0.6969401  -0.6608962 ]
expert:[-0.17793877  0.95186794  0.71187574 -0.6545518 ]
expert:[-0.00649522  0.9524669   0.76377946 -0.63170123]
expert:[ 0.22770558  0.9536565   0.82335436 -0.5994819 ]
expert:[ 0.41781732  0.9550971   0.8615906  -0.57236737]
expert:[ 0.5101062   0.95621514  0.87690544 -0.55986315]
expert:[ 0.51172644  0.957095    0.87379473 -0.56866807]
expert:[ 0.10037094  0.95020664  0.71514004 -0.62195385]
expert:[-0.56537014  0.9380138   0.17956139 -0.7030183 ]
expert:[-0.857121    0.92017025 -0.4582851  -0.7656635 ]
expert:[-0.9253942  0.9045932 -0.7239598 -0.7945962]
expert:[-0.91904277  0.88595116 -0.7519183  -0.76987743]
expert:[-0.7886281   0.86173445 -0.5981148  -0.6653041 ]
expert:[-0.19522458  0.8592274  -0.14213349 -0.48689613]
expert:[ 0.64383334  0.8781581   0.41421017 -0.29249677]
expert:[ 0.86730796  0.89929205  0.68042034 -0.19324955]
expert:[ 0.9042486   0.90340835  0.74831206 -0.14960608]
expert:[ 0.89493763  0.8913834   0.7247574  -0.12115052]
expert:[ 0.8344969   0.8572045   0.61417747 -0.09319398]
expert:[ 0.6022823  0.7956832  0.3732934 -0.097917 ]
expert:[-0.01487412  0.7313635  -0.03203937 -0.18354519]
expert:[-0.49740684  0.6843498  -0.32731596 -0.2583987 ]
expert:[-0.63987696  0.6481854  -0.43066293 -0.26665625]
expert:[-0.55443275  0.6013736  -0.3795624  -0.18135595]
expert:[-0.258234    0.5300432  -0.29195434 -0.03444648]
expert:[ 0.12714972  0.4163495  -0.2892097   0.11940862]
expert:[ 0.37859428  0.2823649  -0.34813946  0.23745047]
expert:[ 0.42765677  0.15603828 -0.41654778  0.30056447]
expert:[ 0.3181262   0.05265057 -0.45317686  0.3171791 ]
expert:[ 0.13833445 -0.00350232 -0.43452814  0.30247864]
expert:[-0.07095149 -0.02262723 -0.3755597   0.26255003]
expert:[-0.22383778 -0.0265171  -0.28128844  0.22797352]
expert:[-0.29024705 -0.03227672 -0.15922162  0.21044657]
expert:[-0.2982587  -0.03804398 -0.01977313  0.20320275]
expert:[-0.2631982  -0.04248558  0.1221276   0.20775492]
expert:[-0.19312713 -0.04967447  0.23677613  0.2203971 ]
expert:[-0.09284751 -0.04979626  0.30420643  0.2338976 ]
expert:[ 0.01477368 -0.05002942  0.32067227  0.24761455]
expert:[ 0.10232098 -0.05562662  0.27927864  0.2592776 ]
expert:[ 0.15575558 -0.06862761  0.17810717  0.26760644]
expert:[ 0.16117056 -0.09620763  0.05203743  0.27757916]
expert:[ 0.1250564  -0.1276709  -0.08074539  0.28410503]
expert:[ 0.05273844 -0.15679882 -0.18034285  0.28798038]
expert:[-0.02592476 -0.17818658 -0.24517736  0.28744924]
expert:[-0.09139071 -0.18734108 -0.27125078  0.28237203]
expert:[-0.12619887 -0.18547454 -0.25913504  0.27632183]
expert:[-0.12508073 -0.17442174 -0.21401273  0.27134177]
expert:[-0.09704875 -0.15723842 -0.14412738  0.2675009 ]
expert:[-0.05348711 -0.13494489 -0.06264427  0.26352492]
expert:[-0.00781754 -0.11181054  0.02175558  0.26134017]
expert:[ 0.03242142 -0.09162433  0.08644024  0.25932908]
expert:[ 0.05938582 -0.07768565  0.12246719  0.2580546 ]
expert:[ 0.06936809 -0.07029945  0.12748381  0.2572492 ]
expert:[ 0.06236059 -0.06901407  0.10521121  0.25665164]
expert:[ 0.04214361 -0.07269572  0.06390153  0.25627455]
expert:[ 0.01427565 -0.07855798  0.01316145  0.2556365 ]
expert:[-0.01385167 -0.08380498 -0.03545284  0.2545988 ]
expert:[-0.03733503 -0.08637697 -0.06908298  0.25413358]
expert:[-0.0496752  -0.08449845 -0.08569393  0.25322223]
expert:[-0.0491739  -0.07822466 -0.08537499  0.25189105]
expert:[-0.03611071 -0.06733884 -0.07041676  0.24999411]
expert:[-0.01463059 -0.05312852 -0.04533244  0.24759689]
expert:[ 0.00959633 -0.03745525 -0.01575066  0.2448764 ]
expert:[ 0.02916608 -0.02253991  0.01551954  0.24275653]
expert:[ 0.04187098 -0.00941153  0.04001946  0.24032947]
expert:[0.04586966 0.00083601 0.05444003 0.23776607]
expert:[0.04141062 0.00781742 0.0579107  0.23527138]
expert:[0.03100014 0.01277857 0.05239975 0.23277949]
expert:[0.01592097 0.01465044 0.03979594 0.23070234]
expert:[7.38911331e-05 1.45661365e-02 2.35752575e-02 2.29146168e-01]
expert:[-0.01385082  0.01360356  0.00905516  0.2285927 ]
expert:[-0.02262692  0.01286233 -0.00223264  0.22857037]
expert:[-0.02476688  0.01304028 -0.00910149  0.22882293]
expert:[-0.02055681  0.014389   -0.01115394  0.22920689]
expert:[-0.01162236  0.01669556 -0.00898091  0.22964458]
expert:[-0.0005062   0.01949487 -0.00392482  0.23002416]
expert:[0.01007803 0.02226992 0.00273419 0.23021975]
expert:[0.01824158 0.02507947 0.01032089 0.23002906]
expert:[0.02189354 0.02655892 0.01589256 0.22972687]
expert:[0.01983287 0.0256768  0.01619981 0.22964384]
expert:[0.01272673 0.02245518 0.0111278  0.22986732]
expert:[0.00321047 0.01843962 0.00366062 0.23014641]
expert:[-0.00624048  0.01432759 -0.00393818  0.23046358]
expert:[-0.01345846  0.01070229 -0.00995095  0.23082986]
expert:[-0.01692205  0.00812386 -0.01303681  0.23120813]
expert:[-0.01615682  0.00685192 -0.01262808  0.2315565 ]
expert:[-0.01177559  0.00674994 -0.00919468  0.2318647 ]
expert:[-0.0051699   0.00742544 -0.00388358  0.23213388]
expert:[0.00192084 0.00839294 0.00197834 0.2323565 ]
expert:[0.00782205 0.00915517 0.00703465 0.23253773]
expert:[0.01120395 0.00922269 0.00984153 0.23272388]
expert:[0.01139067 0.00826522 0.00951218 0.23298697]
expert:[0.00858703 0.00636053 0.00633495 0.23331006]
expert:[0.00379676 0.00392626 0.00154097 0.23362054]
expert:[-0.00153986  0.00148737 -0.00329298  0.23386675]
expert:[-0.00598947 -0.00044401 -0.00669471  0.23400128]
expert:[-0.00852058 -0.00151899 -0.00766994  0.23399924]
expert:[-0.00877719 -0.00171645 -0.00622452  0.23390076]
expert:[-0.00705332 -0.00131875 -0.00334002  0.23380664]
expert:[-0.00405822 -0.00068714 -0.00025585  0.23379491]
expert:[-6.4885977e-04 -1.4001131e-04  2.1344316e-03  2.3391274e-01]
expert:[2.3515739e-03 1.4221668e-04 3.3821708e-03 2.3413171e-01]
expert:[4.3298742e-03 9.3668699e-05 3.4283414e-03 2.3439254e-01]
expert:[ 0.0049794  -0.00026534  0.00245188  0.23463325]
expert:[ 0.00434196 -0.00083953  0.00081369  0.23480675]
expert:[ 0.00275679 -0.00149643 -0.00100835  0.23489437]
expert:[ 0.00073631 -0.00208097 -0.00254367  0.23488963]
expert:[-0.00118251 -0.00246718 -0.00344829  0.2348052 ]
expert:[-0.00257367 -0.00259342 -0.00359855  0.23467122]
expert:[-0.00320072 -0.00246743 -0.00309773  0.23452671]
expert:[-0.00303262 -0.00214825 -0.0021891   0.23440732]
expert:[-0.00220983 -0.00171304 -0.00113136  0.23433235]
expert:[-9.9169055e-04 -1.2332493e-03 -1.3108552e-04  2.3429966e-01]
expert:[ 0.00031578 -0.00077617  0.00067975  0.23429914]
expert:[ 0.00142155 -0.00039223  0.0012159   0.23431176]
expert:[ 2.1098338e-03 -1.1168420e-04  1.4388625e-03  2.3431905e-01]
expert:[2.2852344e-03 5.9500337e-05 1.3676203e-03 2.3430836e-01]
expert:[1.9730714e-03 1.3393164e-04 1.0698433e-03 2.3427556e-01]
expert:[1.3061271e-03 1.4859438e-04 6.5691012e-04 2.3422061e-01]
expert:[4.8097593e-04 1.4896691e-04 2.6102364e-04 2.3414786e-01]
expert:[-2.9439107e-04  1.8222630e-04 -2.2724271e-06  2.3406376e-01]
expert:[-8.5305027e-04  2.7456880e-04 -6.9394708e-05  2.3397858e-01]
expert:[-1.0970864e-03  4.3681261e-04  6.6936016e-05  2.3390156e-01]
expert:[-0.00101328  0.00065941  0.00035763  0.23383911]
expert:[-0.00066145  0.00091644  0.00072399  0.23379709]
expert:[-1.5344098e-04  1.1757606e-03  1.0743882e-03  2.3377588e-01]
expert:[0.00037747 0.00140639 0.00133361 0.23377158]
expert:[0.00081111 0.00158653 0.00144913 0.23377788]
expert:[0.0010633  0.00170687 0.00140509 0.23378648]
expert:[0.00110048 0.00176871 0.00122109 0.23379143]
expert:[0.00094425 0.00178535 0.00094497 0.23378932]
expert:[0.00065805 0.00178101 0.00064925 0.23377718]
expert:[0.00032398 0.00177681 0.0003941  0.23375592]
expert:[2.5358051e-05 1.7919820e-03 2.2963434e-04 2.3372781e-01]
expert:[-1.7379597e-04  1.8368491e-03  1.7313659e-04  2.3369728e-01]
expert:[-0.00043634  0.00178361 -0.0006277   0.23373754]
expert:[-0.0007536   0.00159418 -0.0027565   0.23390284]
expert:[-0.00059484  0.00166112 -0.00397796  0.23400109]
expert:[ 5.5324286e-05  2.0647913e-03 -3.7356291e-03  2.3397391e-01]
expert:[ 0.00097498  0.00270008 -0.00238016  0.23384371]
expert:[ 0.00185809  0.00339294 -0.00055435  0.23366018]
expert:[0.00241377 0.00395664 0.00108243 0.23347893]
expert:[0.00245488 0.00425491 0.00205327 0.23334345]
expert:[0.00195184 0.00424117 0.00218483 0.23327361]
expert:[0.00103709 0.00395794 0.00160044 0.23326714]
expert:[-5.1308423e-05  3.5067801e-03  5.9597933e-04  2.3330848e-01]
expert:[-0.00104218  0.00300722 -0.00048508  0.23337859]
expert:[-0.00170502  0.00256693 -0.00134204  0.23345937]
expert:[-0.00190464  0.00225614 -0.0017878   0.23353775]
expert:[-0.00163326  0.00209492 -0.00177122  0.23360632]
expert:[-0.00099364  0.0020632  -0.00135954  0.23366179]
expert:[-1.6981736e-04  2.1078854e-03 -7.0811796e-04  2.3370495e-01]
expert:[ 6.2468270e-04  2.1630493e-03 -8.7618828e-06  2.3373853e-01]
expert:[0.00119958 0.00216442 0.00055758 0.23376673]
expert:[0.0014317  0.00206746 0.00086244 0.23379403]
expert:[0.00128983 0.00185963 0.00086185 0.2338226 ]
expert_success: 0
path_length: 200



-------------------------------- Iteration 0 -------------------------------- 
initial ob: [-0.032652    0.51487875  0.23688607  0.          0.6         0.02
  0.2         0.6         0.08        0.3         0.4         0.02
  0.3         0.4         0.02      ]
agent_success: 0

training time:  0.1800072193145752
evaluation time:  11.132759094238281
epoch time:  11.31279730796814


-------------------------------- Iteration 200 -------------------------------- 
initial ob: [-0.032652    0.51487875  0.23688607  0.          0.6         0.02
  0.2         0.6         0.08        0.3         0.4         0.02
  0.3         0.4         0.02      ]
agent_success: 0

training time:  0.002574443817138672
evaluation time:  10.899265050888062
epoch time:  10.901872396469116


-------------------------------- Iteration 400 -------------------------------- 
initial ob: [-0.032652    0.51487875  0.23688607  0.          0.6         0.02
  0.2         0.6         0.08        0.3         0.4         0.02
  0.3         0.4         0.02      ]
agent_success: 0

training time:  0.0025374889373779297
evaluation time:  10.809814214706421
epoch time:  10.812376737594604


-------------------------------- Iteration 600 -------------------------------- 
initial ob: [-0.032652    0.51487875  0.23688607  0.          0.6         0.02
  0.2         0.6         0.08        0.3         0.4         0.02
  0.3         0.4         0.02      ]
agent_success: 0

training time:  0.002576112747192383
evaluation time:  10.446351051330566
epoch time:  10.448956489562988


-------------------------------- Iteration 800 -------------------------------- 
initial ob: [-0.032652    0.51487875  0.23688607  0.          0.6         0.02
  0.2         0.6         0.08        0.3         0.4         0.02
  0.3         0.4         0.02      ]
agent_success: 0

training time:  0.0024094581604003906
evaluation time:  10.775819301605225
epoch time:  10.778257369995117


-------------------------------- Iteration 1000 -------------------------------- 
initial ob: [-0.032652    0.51487875  0.23688607  0.          0.6         0.02
  0.2         0.6         0.08        0.3         0.4         0.02
  0.3         0.4         0.02      ]
agent_success: 0

training time:  0.0025632381439208984
evaluation time:  10.809781551361084
epoch time:  10.812378644943237


-------------------------------- Iteration 1200 -------------------------------- 
initial ob: [-0.032652    0.51487875  0.23688607  0.          0.6         0.02
  0.2         0.6         0.08        0.3         0.4         0.02
  0.3         0.4         0.02      ]
agent_success: 0

training time:  0.0024933815002441406
evaluation time:  10.790850162506104
epoch time:  10.793384313583374


-------------------------------- Iteration 1400 -------------------------------- 
initial ob: [-0.032652    0.51487875  0.23688607  0.          0.6         0.02
  0.2         0.6         0.08        0.3         0.4         0.02
  0.3         0.4         0.02      ]
agent_success: 0

training time:  0.002530336380004883
evaluation time:  10.736763000488281
epoch time:  10.739322185516357


-------------------------------- Iteration 1600 -------------------------------- 
initial ob: [-0.032652    0.51487875  0.23688607  0.          0.6         0.02
  0.2         0.6         0.08        0.3         0.4         0.02
  0.3         0.4         0.02      ]
agent_success: 0

training time:  0.002531766891479492
evaluation time:  10.562589883804321
epoch time:  10.56514048576355


-------------------------------- Iteration 1800 -------------------------------- 
initial ob: [-0.032652    0.51487875  0.23688607  0.          0.6         0.02
  0.2         0.6         0.08        0.3         0.4         0.02
  0.3         0.4         0.02      ]
agent_success: 0

training time:  0.002447366714477539
evaluation time:  10.521929025650024
epoch time:  10.524397611618042


-------------------------------- Iteration 2000 -------------------------------- 
initial ob: [-0.032652    0.51487875  0.23688607  0.          0.6         0.02
  0.2         0.6         0.08        0.3         0.4         0.02
  0.3         0.4         0.02      ]
agent_success: 0

training time:  0.0025424957275390625
evaluation time:  10.85513687133789
epoch time:  10.857695817947388


-------------------------------- Iteration 2200 -------------------------------- 
initial ob: [-0.032652    0.51487875  0.23688607  0.          0.6         0.02
  0.2         0.6         0.08        0.3         0.4         0.02
  0.3         0.4         0.02      ]
agent_success: 0

training time:  0.002527475357055664
evaluation time:  10.776098012924194
epoch time:  10.778645277023315


-------------------------------- Iteration 2400 -------------------------------- 
initial ob: [-0.032652    0.51487875  0.23688607  0.          0.6         0.02
  0.2         0.6         0.08        0.3         0.4         0.02
  0.3         0.4         0.02      ]
agent_success: 0

training time:  0.0024747848510742188
evaluation time:  10.811090469360352
epoch time:  10.813605785369873


-------------------------------- Iteration 2600 -------------------------------- 
initial ob: [-0.032652    0.51487875  0.23688607  0.          0.6         0.02
  0.2         0.6         0.08        0.3         0.4         0.02
  0.3         0.4         0.02      ]
agent_success: 0

training time:  0.002510547637939453
evaluation time:  10.670041799545288
epoch time:  10.672577619552612


-------------------------------- Iteration 2800 -------------------------------- 
initial ob: [-0.032652    0.51487875  0.23688607  0.          0.6         0.02
  0.2         0.6         0.08        0.3         0.4         0.02
  0.3         0.4         0.02      ]
agent_success: 0

training time:  0.002454042434692383
evaluation time:  10.3963782787323
epoch time:  10.398870944976807


-------------------------------- Iteration 3000 -------------------------------- 
initial ob: [-0.032652    0.51487875  0.23688607  0.          0.6         0.02
  0.2         0.6         0.08        0.3         0.4         0.02
  0.3         0.4         0.02      ]
agent_success: 0

training time:  0.0023877620697021484
evaluation time:  10.735345125198364
epoch time:  10.737750053405762


-------------------------------- Iteration 3200 -------------------------------- 
initial ob: [-0.032652    0.51487875  0.23688607  0.          0.6         0.02
  0.2         0.6         0.08        0.3         0.4         0.02
  0.3         0.4         0.02      ]
agent_success: 0

training time:  0.0024957656860351562
evaluation time:  10.819452285766602
epoch time:  10.8219633102417


-------------------------------- Iteration 3400 -------------------------------- 
initial ob: [-0.032652    0.51487875  0.23688607  0.          0.6         0.02
  0.2         0.6         0.08        0.3         0.4         0.02
  0.3         0.4         0.02      ]
agent_success: 0

training time:  0.0025870800018310547
evaluation time:  10.768264055252075
epoch time:  10.770873546600342


-------------------------------- Iteration 3600 -------------------------------- 
initial ob: [-0.032652    0.51487875  0.23688607  0.          0.6         0.02
  0.2         0.6         0.08        0.3         0.4         0.02
  0.3         0.4         0.02      ]
agent_success: 0

training time:  0.002505779266357422
evaluation time:  10.619556903839111
epoch time:  10.622091293334961


-------------------------------- Iteration 3800 -------------------------------- 
initial ob: [-0.032652    0.51487875  0.23688607  0.          0.6         0.02
  0.2         0.6         0.08        0.3         0.4         0.02
  0.3         0.4         0.02      ]
agent_success: 0

training time:  0.002428293228149414
evaluation time:  10.532527923583984
epoch time:  10.534987449645996


-------------------------------- Iteration 4000 -------------------------------- 
initial ob: [-0.032652    0.51487875  0.23688607  0.          0.6         0.02
  0.2         0.6         0.08        0.3         0.4         0.02
  0.3         0.4         0.02      ]
agent_success: 0

training time:  0.0024378299713134766
evaluation time:  10.549623727798462
epoch time:  10.55217432975769


-------------------------------- Iteration 4200 -------------------------------- 
initial ob: [-0.032652    0.51487875  0.23688607  0.          0.6         0.02
  0.2         0.6         0.08        0.3         0.4         0.02
  0.3         0.4         0.02      ]
agent_success: 0

training time:  0.0025458335876464844
evaluation time:  10.868433952331543
epoch time:  10.87099575996399


-------------------------------- Iteration 4400 -------------------------------- 
initial ob: [-0.032652    0.51487875  0.23688607  0.          0.6         0.02
  0.2         0.6         0.08        0.3         0.4         0.02
  0.3         0.4         0.02      ]
agent_success: 0

training time:  0.0025124549865722656
evaluation time:  10.810602188110352
epoch time:  10.813134908676147


-------------------------------- Iteration 4600 -------------------------------- 
initial ob: [-0.032652    0.51487875  0.23688607  0.          0.6         0.02
  0.2         0.6         0.08        0.3         0.4         0.02
  0.3         0.4         0.02      ]
agent_success: 0

training time:  0.002412080764770508
evaluation time:  10.835299968719482
epoch time:  10.837728500366211


-------------------------------- Iteration 4800 -------------------------------- 
initial ob: [-0.032652    0.51487875  0.23688607  0.          0.6         0.02
  0.2         0.6         0.08        0.3         0.4         0.02
  0.3         0.4         0.02      ]
agent_success: 0

training time:  0.002523660659790039
evaluation time:  10.710667133331299
epoch time:  10.713210821151733


-------------------------------- Iteration 5000 -------------------------------- 
initial ob: [-0.032652    0.51487875  0.23688607  0.          0.6         0.02
  0.2         0.6         0.08        0.3         0.4         0.02
  0.3         0.4         0.02      ]
agent_success: 0

training time:  0.0024662017822265625
evaluation time:  10.509662628173828
epoch time:  10.512147188186646


-------------------------------- Iteration 5200 -------------------------------- 
initial ob: [-0.032652    0.51487875  0.23688607  0.          0.6         0.02
  0.2         0.6         0.08        0.3         0.4         0.02
  0.3         0.4         0.02      ]
agent_success: 0

training time:  0.0024552345275878906
evaluation time:  10.73964524269104
epoch time:  10.742125511169434


-------------------------------- Iteration 5400 -------------------------------- 
initial ob: [-0.032652    0.51487875  0.23688607  0.          0.6         0.02
  0.2         0.6         0.08        0.3         0.4         0.02
  0.3         0.4         0.02      ]
agent_success: 0

training time:  0.0024809837341308594
evaluation time:  10.84730052947998
epoch time:  10.84982943534851


-------------------------------- Iteration 5600 -------------------------------- 
initial ob: [-0.032652    0.51487875  0.23688607  0.          0.6         0.02
  0.2         0.6         0.08        0.3         0.4         0.02
  0.3         0.4         0.02      ]
agent_success: 0

training time:  0.002484560012817383
evaluation time:  10.826706647872925
epoch time:  10.829226970672607


-------------------------------- Iteration 5800 -------------------------------- 
initial ob: [-0.032652    0.51487875  0.23688607  0.          0.6         0.02
  0.2         0.6         0.08        0.3         0.4         0.02
  0.3         0.4         0.02      ]
agent_success: 0

training time:  0.0025777816772460938
evaluation time:  10.772233009338379
epoch time:  10.774839878082275


-------------------------------- Iteration 6000 -------------------------------- 
initial ob: [-0.032652    0.51487875  0.23688607  0.          0.6         0.02
  0.2         0.6         0.08        0.3         0.4         0.02
  0.3         0.4         0.02      ]
agent_success: 0

training time:  0.002454519271850586
evaluation time:  10.636604070663452
epoch time:  10.63907504081726


-------------------------------- Iteration 6200 -------------------------------- 
initial ob: [-0.032652    0.51487875  0.23688607  0.          0.6         0.02
  0.2         0.6         0.08        0.3         0.4         0.02
  0.3         0.4         0.02      ]
agent_success: 0

training time:  0.0023844242095947266
evaluation time:  10.594818592071533
epoch time:  10.597246170043945


-------------------------------- Iteration 6400 -------------------------------- 
initial ob: [-0.032652    0.51487875  0.23688607  0.          0.6         0.02
  0.2         0.6         0.08        0.3         0.4         0.02
  0.3         0.4         0.02      ]
agent_success: 0

training time:  0.002536296844482422
evaluation time:  10.906094551086426
epoch time:  10.90864872932434


-------------------------------- Iteration 6600 -------------------------------- 
initial ob: [-0.032652    0.51487875  0.23688607  0.          0.6         0.02
  0.2         0.6         0.08        0.3         0.4         0.02
  0.3         0.4         0.02      ]
agent_success: 0

training time:  0.0024924278259277344
evaluation time:  10.862682104110718
epoch time:  10.8652184009552


-------------------------------- Iteration 6800 -------------------------------- 
initial ob: [-0.032652    0.51487875  0.23688607  0.          0.6         0.02
  0.2         0.6         0.08        0.3         0.4         0.02
  0.3         0.4         0.02      ]
agent_success: 0

training time:  0.0024666786193847656
evaluation time:  10.78904390335083
epoch time:  10.791542053222656


-------------------------------- Iteration 7000 -------------------------------- 
initial ob: [-0.032652    0.51487875  0.23688607  0.          0.6         0.02
  0.2         0.6         0.08        0.3         0.4         0.02
  0.3         0.4         0.02      ]
agent_success: 0

training time:  0.0024690628051757812
evaluation time:  10.499387264251709
epoch time:  10.501946687698364


-------------------------------- Iteration 7200 -------------------------------- 
initial ob: [-0.032652    0.51487875  0.23688607  0.          0.6         0.02
  0.2         0.6         0.08        0.3         0.4         0.02
  0.3         0.4         0.02      ]
agent_success: 0

training time:  0.0023970603942871094
evaluation time:  10.309247732162476
epoch time:  10.31166934967041


-------------------------------- Iteration 7400 -------------------------------- 
initial ob: [-0.032652    0.51487875  0.23688607  0.          0.6         0.02
  0.2         0.6         0.08        0.3         0.4         0.02
  0.3         0.4         0.02      ]
agent_success: 0

training time:  0.0023648738861083984
evaluation time:  10.398391962051392
epoch time:  10.400793075561523


-------------------------------- Iteration 7600 -------------------------------- 
initial ob: [-0.032652    0.51487875  0.23688607  0.          0.6         0.02
  0.2         0.6         0.08        0.3         0.4         0.02
  0.3         0.4         0.02      ]
agent_success: 0

training time:  0.0023970603942871094
evaluation time:  10.329383850097656
epoch time:  10.331808805465698


-------------------------------- Iteration 7800 -------------------------------- 
initial ob: [-0.032652    0.51487875  0.23688607  0.          0.6         0.02
  0.2         0.6         0.08        0.3         0.4         0.02
  0.3         0.4         0.02      ]
agent_success: 0

training time:  0.0023834705352783203
evaluation time:  10.29240345954895
epoch time:  10.294804096221924


-------------------------------- Iteration 8000 -------------------------------- 
initial ob: [-0.032652    0.51487875  0.23688607  0.          0.6         0.02
  0.2         0.6         0.08        0.3         0.4         0.02
  0.3         0.4         0.02      ]
agent_success: 0

training time:  0.002343416213989258
evaluation time:  10.202088356018066
epoch time:  10.204455137252808


-------------------------------- Iteration 8200 -------------------------------- 
initial ob: [-0.032652    0.51487875  0.23688607  0.          0.6         0.02
  0.2         0.6         0.08        0.3         0.4         0.02
  0.3         0.4         0.02      ]
agent_success: 0

training time:  0.0023441314697265625
evaluation time:  10.18100094795227
epoch time:  10.183476209640503


-------------------------------- Iteration 8400 -------------------------------- 
initial ob: [-0.032652    0.51487875  0.23688607  0.          0.6         0.02
  0.2         0.6         0.08        0.3         0.4         0.02
  0.3         0.4         0.02      ]
agent_success: 0

training time:  0.002336740493774414
evaluation time:  10.202507495880127
epoch time:  10.204864263534546


-------------------------------- Iteration 8600 -------------------------------- 
initial ob: [-0.032652    0.51487875  0.23688607  0.          0.6         0.02
  0.2         0.6         0.08        0.3         0.4         0.02
  0.3         0.4         0.02      ]
agent_success: 0

training time:  0.0023419857025146484
evaluation time:  10.214700698852539
epoch time:  10.217058658599854


-------------------------------- Iteration 8800 -------------------------------- 
initial ob: [-0.032652    0.51487875  0.23688607  0.          0.6         0.02
  0.2         0.6         0.08        0.3         0.4         0.02
  0.3         0.4         0.02      ]
agent_success: 0

training time:  0.002362966537475586
evaluation time:  10.209424495697021
epoch time:  10.211807250976562


-------------------------------- Iteration 9000 -------------------------------- 
initial ob: [-0.032652    0.51487875  0.23688607  0.          0.6         0.02
  0.2         0.6         0.08        0.3         0.4         0.02
  0.3         0.4         0.02      ]
agent_success: 0

training time:  0.0023272037506103516
evaluation time:  10.23576545715332
epoch time:  10.238108158111572


-------------------------------- Iteration 9200 -------------------------------- 
initial ob: [-0.032652    0.51487875  0.23688607  0.          0.6         0.02
  0.2         0.6         0.08        0.3         0.4         0.02
  0.3         0.4         0.02      ]
agent_success: 0

training time:  0.002331972122192383
evaluation time:  10.171015739440918
epoch time:  10.17336916923523


-------------------------------- Iteration 9400 -------------------------------- 
initial ob: [-0.032652    0.51487875  0.23688607  0.          0.6         0.02
  0.2         0.6         0.08        0.3         0.4         0.02
  0.3         0.4         0.02      ]
agent_success: 0

training time:  0.002384662628173828
evaluation time:  10.179463863372803
epoch time:  10.181870937347412


-------------------------------- Iteration 9600 -------------------------------- 
initial ob: [-0.032652    0.51487875  0.23688607  0.          0.6         0.02
  0.2         0.6         0.08        0.3         0.4         0.02
  0.3         0.4         0.02      ]
agent_success: 0

training time:  0.002331256866455078
evaluation time:  10.179844617843628
epoch time:  10.182191371917725


-------------------------------- Iteration 9800 -------------------------------- 
initial ob: [-0.032652    0.51487875  0.23688607  0.          0.6         0.02
  0.2         0.6         0.08        0.3         0.4         0.02
  0.3         0.4         0.02      ]
agent_success: 0

training time:  0.0023305416107177734
evaluation time:  10.20443344116211
epoch time:  10.206812620162964


-------------------------------- Test Results -------------------------------- 
initial ob: [-0.032652    0.51487875  0.23688607  0.          0.6         0.02
  0.2         0.6         0.08        0.3         0.4         0.02
  0.3         0.4         0.02      ]
agent_success: 0

mean_success_rate:  0.0
Done
