/var/lib/slurm/slurmd/job3513842/slurm_script: line 9: batch_scripts/MT50_batch/seed.sh: No such file or directory
SLURM_JOBID=3513842
working directory=/viscam/u/jialugao/Imitation-SoftModule
########################
logging outputs to  /viscam/u/jialugao/Imitation-SoftModule/data/Base_bc_reach_button-press-v1_2640.000124-01-2022_18-56-06
########################
{'expert_policy_file': '../Multi-Task-RL/log/MT50_Single_Task/button-press-v1/Fixed/238/model/model_pf_best.pth', 'exp_name': 'bc_reach', 'do_dagger': False, 'ep_len': 200, 'gradient_steps': 1, 'n_iter': 10000, 'render_interval': 1, 'eval_interval': 200, 'batch_size': 64, 'eval_batch_size': 32, 'train_batch_size': 32, 'n_layers': 2, 'size': 400, 'learning_rate': 0.0001, 'video_log_freq': -1, 'scalar_log_freq': 1, 'no_gpu': False, 'which_gpu': 0, 'max_replay_buffer_size': 1000000, 'save_params': False, 'seed': 32, 'worker_nums': 1, 'eval_worker_nums': 1, 'config': 'config/BC.json', 'no_cuda': True, 'random_init': False, 'device': 'cpu', 'id': 'MT50_Single_Task', 'task_name': 'button-press-v1', 'task_env': 'MT50_task_env', 'cuda': False, 'log_dir': '/viscam/u/jialugao/Imitation-SoftModule/data/Base_bc_reach_button-press-v1_2640.000124-01-2022_18-56-06', 'agent_class': <class 'agents.bc_agent.MLPAgent'>, 'agent_params': {'n_layers': 2, 'size': 400, 'learning_rate': 0.0001, 'max_replay_buffer_size': 1000000, 'discrete': False, 'ac_dim': 4, 'ob_dim': 9}}
{'env_name': 'single_task', 'env': {'reward_scale': 1, 'obs_norm': False}, 'meta_env': {'obs_type': 'with_goal', 'random_init': False}, 'replay_buffer': {'size': 1000000.0}, 'net': {'hidden_shapes': [400, 400], 'append_hidden_shapes': [400], 'base_type': <class 'networks.base.MLPBase'>}, 'general_setting': {'discount': 0.99, 'pretrain_epochs': 20, 'num_epochs': 7500, 'epoch_frames': 200, 'max_episode_frames': 200, 'batch_size': 1280, 'min_pool': 10000, 'target_hard_update_period': 1000, 'use_soft_update': True, 'tau': 0.005, 'opt_times': 200, 'eval_episodes': 100, 'train_render': False, 'eval_render': False, 'env': <NormAct<RewardShift<SingleWrapperNone>>>, 'logger': <utils.logger.Logger object at 0x7fcf8942fbd0>, 'device': device(type='cpu')}, 'sac': {'plr': 0.0003, 'qlr': 0.0003, 'reparameterization': True, 'automatic_entropy_tuning': True, 'policy_std_reg_weight': 0, 'policy_mean_reg_weight': 0}}
Loading expert policy from... ../Multi-Task-RL/log/MT50_Single_Task/button-press-v1/Fixed/238/model/model_pf_best.pth
tensor([[ 0.0133, -0.0188, -0.0297,  ..., -0.0365, -0.0122, -0.0582],
        [ 0.0285, -0.0426, -0.0133,  ...,  0.0090, -0.0038, -0.0735],
        [ 0.0152, -0.0934, -0.0184,  ..., -0.0016, -0.0266, -0.0484],
        ...,
        [ 0.0499, -0.0852,  0.0214,  ...,  0.0400, -0.0419, -0.0370],
        [-0.0166, -0.0479, -0.0216,  ..., -0.0461,  0.0093, -0.0163],
        [ 0.0149, -0.0186, -0.0418,  ..., -0.0211, -0.0519, -0.0201]])
Done restoring expert policy...
<NormAct<RewardShift<AugObs<SawyerButtonPressEnv instance>>>>


-------------------------------- Iteration 0 -------------------------------- 
initial ob: [-0.03264849  0.51488124  0.2368859   0.          0.75        0.12
  0.          0.79999998  0.09        0.          0.79999998  0.09      ]
expert:[-0.30719846  0.9799603  -0.95975024  0.98790526]
expert:[-0.4115629   0.97527915 -0.95369124  0.98356557]
expert:[-0.58378047  0.9695995  -0.94099194  0.981175  ]
expert:[-0.63415736  0.96837485 -0.90805507  0.9803    ]
expert:[-0.3219108   0.97422725 -0.7303347   0.9831625 ]
expert:[ 0.03027545  0.9726719  -0.09162278  0.9804561 ]
expert:[0.27912918 0.9704545  0.45711684 0.9766191 ]
expert:[0.40622935 0.9728358  0.71172345 0.97867745]
expert:[0.42160323 0.9752775  0.7464352  0.97995776]
expert:[0.36020026 0.9765194  0.68171525 0.9799832 ]
expert:[0.23618428 0.97717    0.5044964  0.9781858 ]
expert:[0.08233777 0.97705215 0.17933558 0.97127885]
expert:[ 0.00441467  0.97579086 -0.10602893  0.94815105]
expert:[-0.04740979  0.9691967  -0.46975598  0.8006041 ]
expert:[-0.05348912  0.963321   -0.68026024  0.45829773]
expert:[-0.03587065  0.96157366 -0.7167619   0.20886795]
expert:[-0.01797307  0.9633648  -0.6349941   0.25189757]
expert:[-0.00397197  0.9650144  -0.5543035   0.29123446]
expert:[ 0.02252936  0.96310794 -0.6132267  -0.07692914]
expert:[ 0.04835704  0.9583713  -0.75169915 -0.59214437]
expert:[ 0.03654835  0.9541212  -0.8202217  -0.74028456]
expert:[ 0.02244917  0.95129144 -0.85148865 -0.7818563 ]
expert:[ 0.01595325  0.9496919  -0.86364543 -0.80253625]
expert:[ 0.0123013   0.9491691  -0.86847097 -0.80884475]
expert:[ 0.01038286  0.9488561  -0.8711211  -0.8129803 ]
expert:[ 0.00954021  0.9487067  -0.8724409  -0.81626874]
expert:[ 0.00941469  0.9486733  -0.8729141  -0.8189945 ]
expert:[ 0.00969276  0.9487044  -0.8729213  -0.82111293]
expert:[ 0.01022783  0.9487764  -0.87265265 -0.822816  ]
expert:[ 0.01093978  0.9488936  -0.87217665 -0.8241712 ]
expert:[ 0.01177695  0.9490303  -0.8715583  -0.82529134]
expert:[ 0.01268822  0.94918036 -0.87084717 -0.82623076]
expert:[ 0.0135938   0.94932926 -0.87009835 -0.8270001 ]
expert:[ 0.01450157  0.9494788  -0.8693259  -0.8277069 ]
expert:[ 0.01544375  0.94963425 -0.8685148  -0.8284516 ]
expert:[ 0.01639804  0.9497919  -0.86766726 -0.8291659 ]
expert:[ 0.01733276  0.9499443  -0.866766   -0.8297117 ]
expert:[ 0.01829373  0.9501006  -0.86580944 -0.8301991 ]
expert:[ 0.01929164  0.9502628  -0.86479354 -0.8306378 ]
expert:[ 0.02033115  0.9504327  -0.8637148  -0.8310153 ]
expert:[ 0.02140861  0.9506083  -0.86257493 -0.831338  ]
expert:[ 0.02247056  0.9507817  -0.8614052  -0.8315143 ]
expert:[ 0.02359961  0.95097345 -0.8602011  -0.83152986]
expert:[ 0.02477396  0.95118165 -0.85902673 -0.8314738 ]
expert:[ 0.02585535  0.95137596 -0.85792184 -0.83132356]
expert:[ 0.02647925  0.95148504 -0.85732484 -0.83114994]
expert:[ 0.02671311  0.9515189  -0.85717916 -0.8310205 ]
expert:[ 0.02688713  0.9515415  -0.8570933  -0.8309103 ]
expert:[ 0.02701724  0.95155764 -0.85704243 -0.83080566]
expert:[ 0.02709651  0.9515665  -0.8570311  -0.8307001 ]
expert:[ 0.0271312  0.9515691 -0.8570533 -0.8305931]
expert:[ 0.02713266  0.951567   -0.8570998  -0.83048373]
expert:[ 0.02711189  0.95156175 -0.8571624  -0.8303718 ]
expert:[ 0.02707818  0.9515547  -0.8572354  -0.8302572 ]
expert:[ 0.02703672  0.95154667 -0.8573152  -0.83013964]
expert:[ 0.02699079  0.951538   -0.85739875 -0.8300189 ]
expert:[ 0.02694208  0.95152885 -0.8574853  -0.8298948 ]
expert:[ 0.02689137  0.95151937 -0.85757446 -0.8297672 ]
expert:[ 0.02683903  0.95150954 -0.85766625 -0.82963645]
expert:[ 0.02677462  0.9514978  -0.8577696  -0.8295405 ]
expert:[ 0.02671392  0.9514867  -0.85786754 -0.8294551 ]
expert:[ 0.0266632   0.95147717 -0.8579572  -0.8293358 ]
expert:[ 0.02661482  0.9514679  -0.8580475  -0.8291899 ]
expert:[ 0.02656418  0.95145816 -0.8581423  -0.8290298 ]
expert:[ 0.0265101  0.9514478 -0.8582424 -0.8288636]
expert:[ 0.02645448  0.95143604 -0.8583431  -0.82869345]
expert:[ 0.02639358  0.95142585 -0.85844624 -0.82850873]
expert:[ 0.02632982  0.9514151  -0.8585532  -0.828323  ]
expert:[ 0.02626362  0.9514039  -0.8586636  -0.82813555]
expert:[ 0.02619508  0.95139223 -0.85877734 -0.82794607]
expert:[ 0.0261245   0.9513802  -0.858894   -0.82775366]
expert:[ 0.02605306  0.95136803 -0.85901177 -0.8275608 ]
expert:[ 0.02598043  0.9513555  -0.85913116 -0.8273669 ]
expert:[ 0.02590567  0.9513427  -0.8592538  -0.8271694 ]
expert:[ 0.02582859  0.95132935 -0.8593797  -0.82696766]
expert:[ 0.02574954  0.9513141  -0.8595026  -0.82675916]
expert:[ 0.02566834  0.9512985  -0.85962856 -0.8265465 ]
expert:[ 0.02558519  0.95128244 -0.8597573  -0.8263302 ]
expert:[ 0.02550009  0.951266   -0.85988873 -0.8261101 ]
expert:[ 0.02541319  0.9512492  -0.8600228  -0.8258863 ]
expert:[ 0.02532447  0.9512321  -0.86015934 -0.8256591 ]
expert:[ 0.02523418  0.9512146  -0.86029816 -0.82542825]
expert:[ 0.02514212  0.9511968  -0.8604394  -0.82519376]
expert:[ 0.02504849  0.9511787  -0.8605828  -0.82495576]
expert:[ 0.02495321  0.95116025 -0.8607287  -0.82471454]
expert:[ 0.02485644  0.95114154 -0.86087656 -0.8244697 ]
expert:[ 0.02475822  0.9511223  -0.8610268  -0.82421917]
expert:[ 0.02465853  0.95110273 -0.86117935 -0.8239651 ]
expert:[ 0.02454928  0.951081   -0.8613376  -0.8236907 ]
expert:[ 0.02442039  0.95105475 -0.8615063  -0.8233758 ]
expert:[ 0.02428974  0.9510282  -0.8616771  -0.8230567 ]
expert:[ 0.02415729  0.9510012  -0.86185014 -0.8227333 ]
expert:[ 0.02402306  0.95097387 -0.86202526 -0.82240546]
expert:[ 0.02388711  0.95094615 -0.8622024  -0.82207334]
expert:[ 0.02374923  0.950918   -0.86238176 -0.82173693]
expert:[ 0.02360974  0.9508896  -0.8625631  -0.8213963 ]
expert:[ 0.0234685   0.95086074 -0.8627464  -0.8210515 ]
expert:[ 0.02332564  0.95083153 -0.8629318  -0.82070225]
expert:[ 0.02318143  0.9508017  -0.86312    -0.82034624]
expert:[ 0.02303546  0.9507714  -0.8633103  -0.819986  ]
expert:[ 0.02288796  0.95074075 -0.8635023  -0.8196215 ]
expert:[ 0.02273695  0.95070845 -0.8636947  -0.81923926]
expert:[ 0.02257874  0.9506727  -0.86389047 -0.81880087]
expert:[ 0.02244454  0.95064276 -0.86408055 -0.8183944 ]
expert:[ 0.02231176  0.95061314 -0.8642693  -0.8179946 ]
expert:[ 0.0221781   0.9505834  -0.86445916 -0.81759465]
expert:[ 0.02204335  0.9505569  -0.8646466  -0.8171684 ]
expert:[ 0.02190679  0.9505306  -0.86483544 -0.81673396]
expert:[ 0.02176894  0.95050406 -0.8650259  -0.81629515]
expert:[ 0.02162947  0.95047724 -0.86521834 -0.8158523 ]
expert:[ 0.02148831  0.95045006 -0.8654127  -0.81540495]
expert:[ 0.02134565  0.9504226  -0.865609   -0.8149534 ]
expert:[ 0.02120171  0.95039487 -0.86580676 -0.8144972 ]
expert:[ 0.02105648  0.95036685 -0.8660061  -0.8140363 ]
expert:[ 0.02090984  0.9503386  -0.86620706 -0.81357104]
expert:[ 0.02076168  0.95031    -0.86640984 -0.81310135]
expert:[ 0.02061162  0.9502808  -0.86661315 -0.8126269 ]
expert:[ 0.0204571   0.95024925 -0.86681145 -0.81214595]
expert:[ 0.02029839  0.95021886 -0.86701113 -0.81165355]
expert:[ 0.02013329  0.9501906  -0.8672122  -0.8111441 ]
expert:[ 0.01996688  0.95016205 -0.86741453 -0.8106299 ]
expert:[ 0.01979924  0.95013326 -0.86761814 -0.8101114 ]
expert:[ 0.01963019  0.9501044  -0.8678233  -0.80958694]
expert:[ 0.01945808  0.95007694 -0.8680323  -0.8090425 ]
expert:[ 0.019285    0.95004904 -0.8682434  -0.8084907 ]
expert:[ 0.01911216  0.9500212  -0.868454   -0.80793816]
expert:[ 0.01893933  0.9499934  -0.86866426 -0.80738425]
expert:[ 0.01877316  0.94996256 -0.86885524 -0.80682105]
expert:[ 0.01860481  0.94993275 -0.8690448  -0.80623853]
expert:[ 0.0184337   0.94990414 -0.8692343  -0.8056365 ]
expert:[ 0.01826112  0.94987524 -0.8694254  -0.8050285 ]
expert:[ 0.01808832  0.9498463  -0.8696155  -0.8044126 ]
expert:[ 0.01792307  0.9498192  -0.8697889  -0.80377644]
expert:[ 0.01775676  0.9497919  -0.8699633  -0.8031345 ]
expert:[ 0.01758939  0.94976443 -0.87013865 -0.8024873 ]
expert:[ 0.01742056  0.9497366  -0.87031096 -0.8018307 ]
expert:[ 0.01725101  0.949708   -0.87048185 -0.80116785]
expert:[ 0.01707847  0.94967896 -0.8706541  -0.8004933 ]
expert:[ 0.01689809  0.9496489  -0.8708333  -0.7998043 ]
expert:[ 0.0167167   0.94961876 -0.8710134  -0.7991099 ]
expert:[ 0.01653435  0.9495884  -0.8711941  -0.79841006]
expert:[ 0.01635484  0.9495585  -0.87137127 -0.7977294 ]
expert:[ 0.01617475  0.9495285  -0.871549   -0.7970439 ]
expert:[ 0.01599512  0.94949895 -0.87172836 -0.7963512 ]
expert:[ 0.0158147  0.9494692 -0.8719081 -0.7956534]
expert:[ 0.01563346  0.94943935 -0.87208873 -0.79495084]
expert:[ 0.01545621  0.9494097  -0.87225854 -0.7942297 ]
expert:[ 0.0152697   0.9493827  -0.87242675 -0.79347515]
expert:[ 0.01508339  0.9493564  -0.8725965  -0.7927137 ]
expert:[ 0.0148965   0.9493299  -0.8727668  -0.79194707]
expert_success: 1.0
path_length: 150



-------------------------------- Iteration 0 -------------------------------- 
initial ob: [-0.03264849  0.51488124  0.2368859   0.          0.75        0.12
  0.          0.79999998  0.09        0.          0.79999998  0.09      ]
agent_success: 0

training time:  0.24396753311157227
evaluation time:  10.834278106689453
epoch time:  11.078275442123413


-------------------------------- Iteration 200 -------------------------------- 
initial ob: [-0.03264849  0.51488124  0.2368859   0.          0.75        0.12
  0.          0.79999998  0.09        0.          0.79999998  0.09      ]
agent_success: 0

training time:  0.0018134117126464844
evaluation time:  15.347790718078613
epoch time:  15.349635124206543


-------------------------------- Iteration 400 -------------------------------- 
initial ob: [-0.03264849  0.51488124  0.2368859   0.          0.75        0.12
  0.          0.79999998  0.09        0.          0.79999998  0.09      ]
agent_success: 0

training time:  0.0018208026885986328
evaluation time:  15.249964237213135
epoch time:  15.251813650131226


-------------------------------- Iteration 600 -------------------------------- 
initial ob: [-0.03264849  0.51488124  0.2368859   0.          0.75        0.12
  0.          0.79999998  0.09        0.          0.79999998  0.09      ]
agent_success: 0

training time:  0.0018162727355957031
evaluation time:  14.855626344680786
epoch time:  14.857466697692871


-------------------------------- Iteration 800 -------------------------------- 
initial ob: [-0.03264849  0.51488124  0.2368859   0.          0.75        0.12
  0.          0.79999998  0.09        0.          0.79999998  0.09      ]
agent_success: 0

training time:  0.0018339157104492188
evaluation time:  14.990190982818604
epoch time:  14.992053747177124


-------------------------------- Iteration 1000 -------------------------------- 
initial ob: [-0.03264849  0.51488124  0.2368859   0.          0.75        0.12
  0.          0.79999998  0.09        0.          0.79999998  0.09      ]
agent_success: 0

training time:  0.0018227100372314453
evaluation time:  14.83125901222229
epoch time:  14.833108901977539


-------------------------------- Iteration 1200 -------------------------------- 
initial ob: [-0.03264849  0.51488124  0.2368859   0.          0.75        0.12
  0.          0.79999998  0.09        0.          0.79999998  0.09      ]
agent_success: 0

training time:  0.0018274784088134766
evaluation time:  14.880129098892212
epoch time:  14.881979703903198


-------------------------------- Iteration 1400 -------------------------------- 
initial ob: [-0.03264849  0.51488124  0.2368859   0.          0.75        0.12
  0.          0.79999998  0.09        0.          0.79999998  0.09      ]
agent_success: 0

training time:  0.0018117427825927734
evaluation time:  14.779129266738892
epoch time:  14.780967473983765


-------------------------------- Iteration 1600 -------------------------------- 
initial ob: [-0.03264849  0.51488124  0.2368859   0.          0.75        0.12
  0.          0.79999998  0.09        0.          0.79999998  0.09      ]
agent_success: 0

training time:  0.0018241405487060547
evaluation time:  14.862225532531738
epoch time:  14.864071130752563


-------------------------------- Iteration 1800 -------------------------------- 
initial ob: [-0.03264849  0.51488124  0.2368859   0.          0.75        0.12
  0.          0.79999998  0.09        0.          0.79999998  0.09      ]
agent_success: 0

training time:  0.0018277168273925781
evaluation time:  14.811805486679077
epoch time:  14.81366229057312


-------------------------------- Iteration 2000 -------------------------------- 
initial ob: [-0.03264849  0.51488124  0.2368859   0.          0.75        0.12
  0.          0.79999998  0.09        0.          0.79999998  0.09      ]
agent_success: 0

training time:  0.0018215179443359375
evaluation time:  15.005324840545654
epoch time:  15.007168054580688


-------------------------------- Iteration 2200 -------------------------------- 
initial ob: [-0.03264849  0.51488124  0.2368859   0.          0.75        0.12
  0.          0.79999998  0.09        0.          0.79999998  0.09      ]
agent_success: 0

training time:  0.0018224716186523438
evaluation time:  14.859752178192139
epoch time:  14.861600160598755


-------------------------------- Iteration 2400 -------------------------------- 
initial ob: [-0.03264849  0.51488124  0.2368859   0.          0.75        0.12
  0.          0.79999998  0.09        0.          0.79999998  0.09      ]
agent_success: 0

training time:  0.0018205642700195312
evaluation time:  14.950791358947754
epoch time:  14.95263934135437


-------------------------------- Training stopped due to early stopping -------------------------------- 
min loss:  0.0044789976


-------------------------------- Test Results -------------------------------- 
initial ob: [-0.03264849  0.51488124  0.2368859   0.          0.75        0.12
  0.          0.79999998  0.09        0.          0.79999998  0.09      ]
agent_success: 0

mean_success_rate:  0.0
Done
