/var/lib/slurm/slurmd/job3513866/slurm_script: line 9: batch_scripts/MT50_batch/seed.sh: No such file or directory
SLURM_JOBID=3513866
working directory=/viscam/u/jialugao/Imitation-SoftModule
########################
logging outputs to  /viscam/u/jialugao/Imitation-SoftModule/data/Base_bc_reach_coffee-pull-v1_2640.000124-01-2022_18-56-19
########################
{'expert_policy_file': '../Multi-Task-RL/log/MT50_Single_Task/coffee-pull-v1/Fixed/238/model/model_pf_best.pth', 'exp_name': 'bc_reach', 'do_dagger': False, 'ep_len': 200, 'gradient_steps': 1, 'n_iter': 10000, 'render_interval': 1, 'eval_interval': 200, 'batch_size': 64, 'eval_batch_size': 32, 'train_batch_size': 32, 'n_layers': 2, 'size': 400, 'learning_rate': 0.0001, 'video_log_freq': -1, 'scalar_log_freq': 1, 'no_gpu': False, 'which_gpu': 0, 'max_replay_buffer_size': 1000000, 'save_params': False, 'seed': 32, 'worker_nums': 1, 'eval_worker_nums': 1, 'config': 'config/BC.json', 'no_cuda': True, 'random_init': False, 'device': 'cpu', 'id': 'MT50_Single_Task', 'task_name': 'coffee-pull-v1', 'task_env': 'MT50_task_env', 'cuda': False, 'log_dir': '/viscam/u/jialugao/Imitation-SoftModule/data/Base_bc_reach_coffee-pull-v1_2640.000124-01-2022_18-56-19', 'agent_class': <class 'agents.bc_agent.MLPAgent'>, 'agent_params': {'n_layers': 2, 'size': 400, 'learning_rate': 0.0001, 'max_replay_buffer_size': 1000000, 'discrete': False, 'ac_dim': 4, 'ob_dim': 9}}
{'env_name': 'single_task', 'env': {'reward_scale': 1, 'obs_norm': False}, 'meta_env': {'obs_type': 'with_goal', 'random_init': False}, 'replay_buffer': {'size': 1000000.0}, 'net': {'hidden_shapes': [400, 400], 'append_hidden_shapes': [400], 'base_type': <class 'networks.base.MLPBase'>}, 'general_setting': {'discount': 0.99, 'pretrain_epochs': 20, 'num_epochs': 7500, 'epoch_frames': 200, 'max_episode_frames': 200, 'batch_size': 1280, 'min_pool': 10000, 'target_hard_update_period': 1000, 'use_soft_update': True, 'tau': 0.005, 'opt_times': 200, 'eval_episodes': 100, 'train_render': False, 'eval_render': False, 'env': <NormAct<RewardShift<SingleWrapperNone>>>, 'logger': <utils.logger.Logger object at 0x7f710737ded0>, 'device': device(type='cpu')}, 'sac': {'plr': 0.0003, 'qlr': 0.0003, 'reparameterization': True, 'automatic_entropy_tuning': True, 'policy_std_reg_weight': 0, 'policy_mean_reg_weight': 0}}
Loading expert policy from... ../Multi-Task-RL/log/MT50_Single_Task/coffee-pull-v1/Fixed/238/model/model_pf_best.pth
tensor([[ 0.0517, -0.1321, -0.1541,  ..., -0.0365, -0.0100, -0.0293],
        [-0.1045, -0.1277, -0.2389,  ...,  0.0090,  0.0729, -0.0384],
        [-0.4723, -0.3375,  0.1808,  ..., -0.0016,  0.0358, -0.0104],
        ...,
        [ 1.3443, -0.2119,  0.3777,  ...,  0.0400, -0.0111, -0.0043],
        [-0.7796, -0.1414, -0.3474,  ..., -0.0461,  0.1187,  0.0185],
        [ 0.8797, -0.1711,  0.0188,  ..., -0.0211, -0.0018,  0.0179]])
Done restoring expert policy...
<NormAct<RewardShift<AugObs<SawyerCoffeePullEnv instance>>>>


-------------------------------- Iteration 0 -------------------------------- 
initial ob: [-3.26504931e-02  5.14881056e-01  2.36887642e-01 -1.77416902e-07
  7.49999879e-01  2.79199750e-02  0.00000000e+00  6.00000000e-01
  0.00000000e+00  0.00000000e+00  6.00000000e-01  0.00000000e+00]
expert:[ 0.53289807 -0.1852507  -0.956713   -0.28332612]
expert:[-0.9495509   0.9444577  -0.93911415 -0.9342741 ]
expert:[-0.97902375  0.9792768  -0.90506494 -0.9289436 ]
expert:[-0.9793808   0.98887455 -0.8882289  -0.82756436]
expert:[-0.9784393  0.9919026 -0.8786539 -0.5775462]
expert:[-0.96980786  0.98999923 -0.9007806  -0.10060589]
expert:[-0.6064228   0.98157215 -0.9385985   0.1130207 ]
expert:[ 0.9588106  0.9758741 -0.8877509  0.1590249]
expert:[ 0.9667354   0.9732143  -0.8088089  -0.01238363]
expert:[ 0.9664781   0.9684297  -0.70159334 -0.11392601]
expert:[ 0.9607777   0.968387   -0.60268503 -0.28453758]
expert:[ 0.96062726  0.9831789  -0.4808595  -0.23049231]
expert:[ 0.9341611   0.9865907  -0.37584555 -0.19300358]
expert:[-0.9195443   0.9381991  -0.0059913  -0.78931195]
expert:[-0.9805289   0.8400957   0.11327673 -0.8396328 ]
expert:[-0.98219174  0.7420315   0.15824857 -0.83062714]
expert:[-0.9830905   0.70819503  0.14038298 -0.8447998 ]
expert:[-0.9828574   0.67884654  0.11050933 -0.8392887 ]
expert:[-0.98168343  0.6551675   0.06947506 -0.81809837]
expert:[-0.97995484  0.65062     0.0076105  -0.78482497]
expert:[-0.96817005  0.66166174 -0.10740239 -0.71089137]
expert:[-0.7375976   0.64255273 -0.42765602 -0.5474089 ]
expert:[ 0.7724588   0.5213835  -0.84241706 -0.43996203]
expert:[ 0.88527715  0.42954513 -0.8986156  -0.56806004]
expert:[ 0.8875768   0.17632246 -0.9181798  -0.5938267 ]
expert:[ 0.8786087  -0.13790496 -0.93869823 -0.72089094]
expert:[ 0.8329601  -0.4552908  -0.94595814 -0.82742244]
expert:[ 0.80339533 -0.5793899  -0.9447169  -0.8727265 ]
expert:[ 0.8215232  -0.54309815 -0.9422753  -0.8848178 ]
expert:[ 0.82433563 -0.49324208 -0.92509097 -0.8794897 ]
expert:[ 0.8240427  -0.4205747  -0.86164784 -0.7908395 ]
expert:[ 0.75905645 -0.69893795 -0.79980683 -0.80172884]
expert:[ 0.49291584 -0.8516226  -0.74423605 -0.8788585 ]
expert:[ 0.00444697 -0.9542068  -0.7511294  -0.95073515]
expert:[-0.2575637  -0.9774773  -0.7301332  -0.97339076]
expert:[-0.3645732  -0.99218524 -0.6812683  -0.9852286 ]
expert:[-0.33342364 -0.9958056  -0.6827722  -0.98831683]
expert:[-0.24109517 -0.9972659  -0.70170736 -0.98971593]
expert:[-0.1455849  -0.9981487  -0.7260559  -0.99022764]
expert:[-0.08372127 -0.9985968  -0.7493619  -0.990033  ]
expert:[-0.0668662 -0.9987338 -0.7685465 -0.9899344]
expert:[-0.05221932 -0.9988532  -0.7878244  -0.9894871 ]
expert:[-0.03686128 -0.9989655  -0.8083672  -0.9888275 ]
expert:[-0.0229737  -0.99904156 -0.82785    -0.9878821 ]
expert:[-4.8130887e-04 -9.9886376e-01 -8.4317744e-01 -9.8575932e-01]
expert:[ 0.02028372 -0.99865085 -0.84957063 -0.9840937 ]
expert:[ 0.04291772 -0.9981947  -0.8553028  -0.9811485 ]
expert:[ 0.09176248 -0.9974699  -0.86305124 -0.9764504 ]
expert:[ 0.13635363 -0.9963568  -0.86897343 -0.97108126]
expert:[ 0.21159348 -0.98680085 -0.8737357  -0.9508601 ]
expert:[ 0.26578647 -0.8823688  -0.86614996 -0.89151126]
expert:[ 0.30412403 -0.26956517 -0.8449475  -0.7902054 ]
expert:[ 0.16320434  0.40616155 -0.8186213  -0.7144064 ]
expert:[ 0.05293752  0.6313366  -0.81234986 -0.6789361 ]
expert:[-0.01676864  0.71181184 -0.81198823 -0.6547178 ]
expert:[-0.18782458  0.7016792  -0.8128473  -0.6396572 ]
expert:[-0.27475268  0.65420854 -0.81516933 -0.63125366]
expert:[-0.22207017  0.59509104 -0.81629455 -0.61923295]
expert:[-0.0426251  0.5365177 -0.8188301 -0.6262467]
expert:[ 0.06142909  0.48209772 -0.827551   -0.6387682 ]
expert:[ 0.12905559  0.3892652  -0.8345839  -0.6575872 ]
expert:[ 0.16593046  0.24727553 -0.8452264  -0.67373335]
expert:[ 0.16833954  0.0209442  -0.85337055 -0.7030324 ]
expert:[ 0.14431156 -0.24370958 -0.86084783 -0.7365729 ]
expert:[ 0.14854132 -0.40695634 -0.86533064 -0.752731  ]
expert:[ 0.1384562 -0.4079701 -0.8642917 -0.7383811]
expert:[ 0.07567676 -0.32603997 -0.860364   -0.7002771 ]
expert:[-0.00840382 -0.20511036 -0.8548313  -0.65542746]
expert:[-0.08459454 -0.11923827 -0.8502106  -0.62134665]
expert:[-0.14208022 -0.08167496 -0.8469843  -0.60175365]
expert:[-0.16519944 -0.02641241 -0.8447366  -0.592796  ]
expert:[-0.13464798  0.04249368 -0.8409235  -0.59572786]
expert:[-0.07236013  0.1057733  -0.8377244  -0.6066671 ]
expert:[-0.01330169  0.14929089 -0.8378863  -0.6183615 ]
expert:[ 0.04200066  0.18614867 -0.8390034  -0.62840253]
expert:[ 0.08111185  0.19638622 -0.8405443  -0.6370671 ]
expert:[ 0.09884629  0.17800854 -0.8427136  -0.64293385]
expert:[ 0.0941825   0.13546582 -0.8450436  -0.6445913 ]
expert:[ 0.07131848  0.07038821 -0.8472505  -0.6447362 ]
expert:[ 0.03726175 -0.00313551 -0.8492102  -0.6432431 ]
expert:[-8.9199748e-05 -7.0574023e-02 -8.5056794e-01 -6.3960153e-01]
expert:[-0.02989027 -0.11063898 -0.8511118  -0.63538504]
expert:[-0.05040706 -0.12862228 -0.8511542  -0.63152295]
expert:[-0.0592793  -0.12277686 -0.8507698  -0.6282991 ]
expert:[-0.05647464 -0.10136739 -0.8500149  -0.62665766]
expert:[-0.0439235  -0.07164729 -0.84899783 -0.6267658 ]
expert:[-0.02332357 -0.02867626 -0.8478882  -0.62778467]
expert:[ 1.2123445e-04  1.4720375e-02 -8.4685487e-01 -6.2991458e-01]
expert:[ 0.02034178  0.04961218 -0.84607345 -0.63206494]
expert:[ 0.03375008  0.06972741 -0.8456376  -0.6340857 ]
expert:[ 0.03874174  0.07444046 -0.8456382  -0.63504976]
expert:[ 0.03502399  0.06538047 -0.8459331  -0.634884  ]
expert:[ 0.02429511  0.04707091 -0.84637094 -0.6336355 ]
expert:[ 0.00990352  0.02343117 -0.8469033  -0.6318777 ]
expert:[-0.00462141 -0.0013638  -0.84744745 -0.63040036]
expert:[-0.01628613 -0.02192362 -0.84791493 -0.6292738 ]
expert:[-0.02282405 -0.0369771  -0.8483293  -0.62913126]
expert:[-0.02369342 -0.04508267 -0.84865516 -0.6298878 ]
expert:[-0.01980317 -0.04195784 -0.8486773  -0.63067234]
expert:[-0.01250238 -0.02939737 -0.8484197  -0.6313041 ]
expert:[-0.00364207 -0.01252763 -0.8480315  -0.6318723 ]
expert:[ 0.00483265  0.00403296 -0.84763134 -0.6324288 ]
expert:[ 0.01129096  0.01656364 -0.84731007 -0.6329985 ]
expert:[ 0.01477742  0.02269255 -0.84715897 -0.63338226]
expert:[ 0.0150606   0.02182955 -0.8472029  -0.6335348 ]
expert:[ 0.01221304  0.01647143 -0.847332   -0.63323206]
expert:[ 0.00704855  0.00918742 -0.8474594  -0.632465  ]
expert:[ 0.00102135  0.00104065 -0.847577   -0.631645  ]
expert:[-0.0043875  -0.00664703 -0.8476976  -0.6309588 ]
expert:[-0.00812212 -0.01282316 -0.8478162  -0.6306056 ]
expert:[-0.00977947 -0.01584458 -0.8478802  -0.6304853 ]
expert:[-0.00937512 -0.01458716 -0.8478405  -0.63045317]
expert:[-0.00722303 -0.00954866 -0.84770596 -0.6304769 ]
expert:[-0.00385661 -0.00287137 -0.8475418  -0.63073045]
expert:[-1.02521386e-04  3.60485842e-03 -8.47402930e-01 -6.31120205e-01]
expert:[ 0.00325771  0.00819395 -0.8473356  -0.63158315]
expert:[ 0.0056228   0.00996493 -0.8473571  -0.632047  ]
expert:[ 0.00661626  0.0090634  -0.847444   -0.6323982 ]
expert:[ 0.00616414  0.00628885 -0.84755373 -0.63255924]
expert:[ 0.00452426  0.00252129 -0.84765387 -0.63253194]
expert:[ 0.00213363 -0.00126441 -0.8477237  -0.6322816 ]
expert:[-4.2006510e-04 -4.4613630e-03 -8.4775996e-01 -6.3190961e-01]
expert:[-0.00260216 -0.00653298 -0.8477608  -0.63150966]
expert:[-0.0040365 -0.0070733 -0.847724  -0.6311458]
expert:[-0.0045225  -0.00597355 -0.8476535  -0.63086295]
expert:[-0.00404255 -0.00370517 -0.8475686  -0.63075346]
expert:[-0.00279572 -0.00086112 -0.8474889  -0.6308144 ]
expert:[-0.0011166   0.00189782 -0.8474329  -0.63099915]
expert:[ 6.087408e-04  3.924305e-03 -8.474141e-01 -6.312667e-01]
expert:[ 0.00203457  0.00485802 -0.84743387 -0.6315582 ]
expert:[ 0.0028983   0.00465665 -0.8474827  -0.6318082 ]
expert:[ 0.0030817   0.00353801 -0.8475443  -0.631968  ]
expert:[ 0.00264513  0.00174747 -0.8476067  -0.63205755]
expert:[ 1.7119914e-03 -1.7200410e-04 -8.4765428e-01 -6.3201463e-01]
expert:[ 5.2970502e-04 -1.8559226e-03 -8.4768051e-01 -6.3186777e-01]
expert:[-6.3955918e-04 -3.0152260e-03 -8.4768361e-01 -6.3166076e-01]
expert:[-0.00156432 -0.00345579 -0.8476644  -0.6314389 ]
expert:[-0.00208145 -0.00312743 -0.8476277  -0.6312439 ]
expert:[-0.00212693 -0.00218801 -0.8475826  -0.6311216 ]
expert:[-0.00172833 -0.00093456 -0.84754056 -0.6311085 ]
expert:[-1.0218929e-03  4.0082631e-04 -8.4750855e-01 -6.3116974e-01]
expert:[-1.8552085e-04  1.5189785e-03 -8.4749293e-01 -6.3128680e-01]
expert:[ 6.0048554e-04  2.2064860e-03 -8.4749568e-01 -6.3143170e-01]
expert:[ 0.00118434  0.00237928 -0.84751385 -0.6315713 ]
expert:[ 0.00146407  0.00205917 -0.84754205 -0.6316769 ]
expert:[ 0.00142765  0.00133152 -0.8475741  -0.63174814]
expert:[ 1.1103433e-03  3.9900836e-04 -8.4760290e-01 -6.3176775e-01]
expert:[ 5.9723709e-04 -5.0871068e-04 -8.4762239e-01 -6.3172585e-01]
expert:[ 1.6747508e-05 -1.2138927e-03 -8.4762985e-01 -6.3163859e-01]
expert:[-5.1030651e-04 -1.5992359e-03 -8.4762508e-01 -6.3152802e-01]
expert_success: 1.0
path_length: 150



-------------------------------- Iteration 0 -------------------------------- 
initial ob: [-3.26504931e-02  5.14881056e-01  2.36887642e-01 -1.77416902e-07
  7.49999879e-01  2.79199750e-02  0.00000000e+00  6.00000000e-01
  0.00000000e+00  0.00000000e+00  6.00000000e-01  0.00000000e+00]
agent_success: 0

training time:  0.1518251895904541
evaluation time:  8.603726863861084
epoch time:  8.755583763122559


-------------------------------- Iteration 200 -------------------------------- 
initial ob: [-3.26504931e-02  5.14881056e-01  2.36887642e-01 -1.77416902e-07
  7.49999879e-01  2.79199750e-02  0.00000000e+00  6.00000000e-01
  0.00000000e+00  0.00000000e+00  6.00000000e-01  0.00000000e+00]
agent_success: 0

training time:  0.0024483203887939453
evaluation time:  8.430619478225708
epoch time:  8.433094263076782


-------------------------------- Iteration 400 -------------------------------- 
initial ob: [-3.26504931e-02  5.14881056e-01  2.36887642e-01 -1.77416902e-07
  7.49999879e-01  2.79199750e-02  0.00000000e+00  6.00000000e-01
  0.00000000e+00  0.00000000e+00  6.00000000e-01  0.00000000e+00]
agent_success: 0

training time:  0.0025398731231689453
evaluation time:  8.466435670852661
epoch time:  8.46899938583374


-------------------------------- Iteration 600 -------------------------------- 
initial ob: [-3.26504931e-02  5.14881056e-01  2.36887642e-01 -1.77416902e-07
  7.49999879e-01  2.79199750e-02  0.00000000e+00  6.00000000e-01
  0.00000000e+00  0.00000000e+00  6.00000000e-01  0.00000000e+00]
agent_success: 0

training time:  0.002446413040161133
evaluation time:  8.345893144607544
epoch time:  8.34836196899414


-------------------------------- Iteration 800 -------------------------------- 
initial ob: [-3.26504931e-02  5.14881056e-01  2.36887642e-01 -1.77416902e-07
  7.49999879e-01  2.79199750e-02  0.00000000e+00  6.00000000e-01
  0.00000000e+00  0.00000000e+00  6.00000000e-01  0.00000000e+00]
agent_success: 0

training time:  0.0023992061614990234
evaluation time:  8.046324491500854
epoch time:  8.048751831054688


-------------------------------- Iteration 1000 -------------------------------- 
initial ob: [-3.26504931e-02  5.14881056e-01  2.36887642e-01 -1.77416902e-07
  7.49999879e-01  2.79199750e-02  0.00000000e+00  6.00000000e-01
  0.00000000e+00  0.00000000e+00  6.00000000e-01  0.00000000e+00]
agent_success: 0

training time:  0.0023157596588134766
evaluation time:  8.259509801864624
epoch time:  8.261868238449097


-------------------------------- Iteration 1200 -------------------------------- 
initial ob: [-3.26504931e-02  5.14881056e-01  2.36887642e-01 -1.77416902e-07
  7.49999879e-01  2.79199750e-02  0.00000000e+00  6.00000000e-01
  0.00000000e+00  0.00000000e+00  6.00000000e-01  0.00000000e+00]
agent_success: 0

training time:  0.0024378299713134766
evaluation time:  8.346469402313232
epoch time:  8.348937273025513


-------------------------------- Iteration 1400 -------------------------------- 
initial ob: [-3.26504931e-02  5.14881056e-01  2.36887642e-01 -1.77416902e-07
  7.49999879e-01  2.79199750e-02  0.00000000e+00  6.00000000e-01
  0.00000000e+00  0.00000000e+00  6.00000000e-01  0.00000000e+00]
agent_success: 0

training time:  0.0024080276489257812
evaluation time:  8.311804056167603
epoch time:  8.314230918884277


-------------------------------- Iteration 1600 -------------------------------- 
initial ob: [-3.26504931e-02  5.14881056e-01  2.36887642e-01 -1.77416902e-07
  7.49999879e-01  2.79199750e-02  0.00000000e+00  6.00000000e-01
  0.00000000e+00  0.00000000e+00  6.00000000e-01  0.00000000e+00]
agent_success: 0

training time:  0.002416849136352539
evaluation time:  8.40376877784729
epoch time:  8.406211137771606


-------------------------------- Iteration 1800 -------------------------------- 
initial ob: [-3.26504931e-02  5.14881056e-01  2.36887642e-01 -1.77416902e-07
  7.49999879e-01  2.79199750e-02  0.00000000e+00  6.00000000e-01
  0.00000000e+00  0.00000000e+00  6.00000000e-01  0.00000000e+00]
agent_success: 0

training time:  0.0024394989013671875
evaluation time:  8.391388654708862
epoch time:  8.393841981887817


-------------------------------- Iteration 2000 -------------------------------- 
initial ob: [-3.26504931e-02  5.14881056e-01  2.36887642e-01 -1.77416902e-07
  7.49999879e-01  2.79199750e-02  0.00000000e+00  6.00000000e-01
  0.00000000e+00  0.00000000e+00  6.00000000e-01  0.00000000e+00]
agent_success: 0

training time:  0.002447366714477539
evaluation time:  8.289107084274292
epoch time:  8.291585206985474


-------------------------------- Iteration 2200 -------------------------------- 
initial ob: [-3.26504931e-02  5.14881056e-01  2.36887642e-01 -1.77416902e-07
  7.49999879e-01  2.79199750e-02  0.00000000e+00  6.00000000e-01
  0.00000000e+00  0.00000000e+00  6.00000000e-01  0.00000000e+00]
agent_success: 0

training time:  0.002306222915649414
evaluation time:  8.07408094406128
epoch time:  8.076407670974731


-------------------------------- Iteration 2400 -------------------------------- 
initial ob: [-3.26504931e-02  5.14881056e-01  2.36887642e-01 -1.77416902e-07
  7.49999879e-01  2.79199750e-02  0.00000000e+00  6.00000000e-01
  0.00000000e+00  0.00000000e+00  6.00000000e-01  0.00000000e+00]
agent_success: 0

training time:  0.0023233890533447266
evaluation time:  8.321461200714111
epoch time:  8.323820352554321


-------------------------------- Iteration 2600 -------------------------------- 
initial ob: [-3.26504931e-02  5.14881056e-01  2.36887642e-01 -1.77416902e-07
  7.49999879e-01  2.79199750e-02  0.00000000e+00  6.00000000e-01
  0.00000000e+00  0.00000000e+00  6.00000000e-01  0.00000000e+00]
agent_success: 0

training time:  0.002474546432495117
evaluation time:  8.44020676612854
epoch time:  8.442709684371948


-------------------------------- Iteration 2800 -------------------------------- 
initial ob: [-3.26504931e-02  5.14881056e-01  2.36887642e-01 -1.77416902e-07
  7.49999879e-01  2.79199750e-02  0.00000000e+00  6.00000000e-01
  0.00000000e+00  0.00000000e+00  6.00000000e-01  0.00000000e+00]
agent_success: 0

training time:  0.002468109130859375
evaluation time:  10.856654167175293
epoch time:  10.859161376953125


-------------------------------- Iteration 3000 -------------------------------- 
initial ob: [-3.26504931e-02  5.14881056e-01  2.36887642e-01 -1.77416902e-07
  7.49999879e-01  2.79199750e-02  0.00000000e+00  6.00000000e-01
  0.00000000e+00  0.00000000e+00  6.00000000e-01  0.00000000e+00]
agent_success: 0

training time:  0.002473592758178711
evaluation time:  8.457779884338379
epoch time:  8.460267782211304


-------------------------------- Iteration 3200 -------------------------------- 
initial ob: [-3.26504931e-02  5.14881056e-01  2.36887642e-01 -1.77416902e-07
  7.49999879e-01  2.79199750e-02  0.00000000e+00  6.00000000e-01
  0.00000000e+00  0.00000000e+00  6.00000000e-01  0.00000000e+00]
agent_success: 0

training time:  0.0024192333221435547
evaluation time:  8.935249328613281
epoch time:  8.937687873840332


-------------------------------- Iteration 3400 -------------------------------- 
initial ob: [-3.26504931e-02  5.14881056e-01  2.36887642e-01 -1.77416902e-07
  7.49999879e-01  2.79199750e-02  0.00000000e+00  6.00000000e-01
  0.00000000e+00  0.00000000e+00  6.00000000e-01  0.00000000e+00]
agent_success: 0

training time:  0.0024330615997314453
evaluation time:  10.874635219573975
epoch time:  10.877089738845825


-------------------------------- Iteration 3600 -------------------------------- 
initial ob: [-3.26504931e-02  5.14881056e-01  2.36887642e-01 -1.77416902e-07
  7.49999879e-01  2.79199750e-02  0.00000000e+00  6.00000000e-01
  0.00000000e+00  0.00000000e+00  6.00000000e-01  0.00000000e+00]
agent_success: 0

training time:  0.0024766921997070312
evaluation time:  10.849795579910278
epoch time:  10.852287769317627


-------------------------------- Iteration 3800 -------------------------------- 
initial ob: [-3.26504931e-02  5.14881056e-01  2.36887642e-01 -1.77416902e-07
  7.49999879e-01  2.79199750e-02  0.00000000e+00  6.00000000e-01
  0.00000000e+00  0.00000000e+00  6.00000000e-01  0.00000000e+00]
agent_success: 0

training time:  0.0024340152740478516
evaluation time:  10.607612133026123
epoch time:  10.610148191452026


-------------------------------- Iteration 4000 -------------------------------- 
initial ob: [-3.26504931e-02  5.14881056e-01  2.36887642e-01 -1.77416902e-07
  7.49999879e-01  2.79199750e-02  0.00000000e+00  6.00000000e-01
  0.00000000e+00  0.00000000e+00  6.00000000e-01  0.00000000e+00]
agent_success: 0

training time:  0.0024259090423583984
evaluation time:  10.236552000045776
epoch time:  10.238994121551514


-------------------------------- Iteration 4200 -------------------------------- 
initial ob: [-3.26504931e-02  5.14881056e-01  2.36887642e-01 -1.77416902e-07
  7.49999879e-01  2.79199750e-02  0.00000000e+00  6.00000000e-01
  0.00000000e+00  0.00000000e+00  6.00000000e-01  0.00000000e+00]
agent_success: 0

training time:  0.0024690628051757812
evaluation time:  10.414949178695679
epoch time:  10.417441606521606


-------------------------------- Iteration 4400 -------------------------------- 
initial ob: [-3.26504931e-02  5.14881056e-01  2.36887642e-01 -1.77416902e-07
  7.49999879e-01  2.79199750e-02  0.00000000e+00  6.00000000e-01
  0.00000000e+00  0.00000000e+00  6.00000000e-01  0.00000000e+00]
agent_success: 0

training time:  0.0023717880249023438
evaluation time:  9.636479139328003
epoch time:  9.638868570327759


-------------------------------- Iteration 4600 -------------------------------- 
initial ob: [-3.26504931e-02  5.14881056e-01  2.36887642e-01 -1.77416902e-07
  7.49999879e-01  2.79199750e-02  0.00000000e+00  6.00000000e-01
  0.00000000e+00  0.00000000e+00  6.00000000e-01  0.00000000e+00]
agent_success: 0

training time:  0.0024476051330566406
evaluation time:  9.667106866836548
epoch time:  9.669574975967407


-------------------------------- Iteration 4800 -------------------------------- 
initial ob: [-3.26504931e-02  5.14881056e-01  2.36887642e-01 -1.77416902e-07
  7.49999879e-01  2.79199750e-02  0.00000000e+00  6.00000000e-01
  0.00000000e+00  0.00000000e+00  6.00000000e-01  0.00000000e+00]
agent_success: 0

training time:  0.002344369888305664
evaluation time:  8.766355514526367
epoch time:  8.768714666366577


-------------------------------- Iteration 5000 -------------------------------- 
initial ob: [-3.26504931e-02  5.14881056e-01  2.36887642e-01 -1.77416902e-07
  7.49999879e-01  2.79199750e-02  0.00000000e+00  6.00000000e-01
  0.00000000e+00  0.00000000e+00  6.00000000e-01  0.00000000e+00]
agent_success: 0

training time:  0.0024313926696777344
evaluation time:  10.815358877182007
epoch time:  10.817809820175171


-------------------------------- Iteration 5200 -------------------------------- 
initial ob: [-3.26504931e-02  5.14881056e-01  2.36887642e-01 -1.77416902e-07
  7.49999879e-01  2.79199750e-02  0.00000000e+00  6.00000000e-01
  0.00000000e+00  0.00000000e+00  6.00000000e-01  0.00000000e+00]
agent_success: 0

training time:  0.0025076866149902344
evaluation time:  8.794606685638428
epoch time:  8.797128677368164


-------------------------------- Iteration 5400 -------------------------------- 
initial ob: [-3.26504931e-02  5.14881056e-01  2.36887642e-01 -1.77416902e-07
  7.49999879e-01  2.79199750e-02  0.00000000e+00  6.00000000e-01
  0.00000000e+00  0.00000000e+00  6.00000000e-01  0.00000000e+00]
agent_success: 0

training time:  0.0024344921112060547
evaluation time:  9.388428449630737
epoch time:  9.390881299972534


-------------------------------- Iteration 5600 -------------------------------- 
initial ob: [-3.26504931e-02  5.14881056e-01  2.36887642e-01 -1.77416902e-07
  7.49999879e-01  2.79199750e-02  0.00000000e+00  6.00000000e-01
  0.00000000e+00  0.00000000e+00  6.00000000e-01  0.00000000e+00]
agent_success: 0

training time:  0.0024542808532714844
evaluation time:  8.837161540985107
epoch time:  8.839630365371704


-------------------------------- Iteration 5800 -------------------------------- 
initial ob: [-3.26504931e-02  5.14881056e-01  2.36887642e-01 -1.77416902e-07
  7.49999879e-01  2.79199750e-02  0.00000000e+00  6.00000000e-01
  0.00000000e+00  0.00000000e+00  6.00000000e-01  0.00000000e+00]
agent_success: 0

training time:  0.0023822784423828125
evaluation time:  9.915527582168579
epoch time:  9.917924404144287


-------------------------------- Iteration 6000 -------------------------------- 
initial ob: [-3.26504931e-02  5.14881056e-01  2.36887642e-01 -1.77416902e-07
  7.49999879e-01  2.79199750e-02  0.00000000e+00  6.00000000e-01
  0.00000000e+00  0.00000000e+00  6.00000000e-01  0.00000000e+00]
agent_success: 0

training time:  0.002338886260986328
evaluation time:  10.012754678726196
epoch time:  10.01510739326477


-------------------------------- Iteration 6200 -------------------------------- 
initial ob: [-3.26504931e-02  5.14881056e-01  2.36887642e-01 -1.77416902e-07
  7.49999879e-01  2.79199750e-02  0.00000000e+00  6.00000000e-01
  0.00000000e+00  0.00000000e+00  6.00000000e-01  0.00000000e+00]
agent_success: 0

training time:  0.002418041229248047
evaluation time:  10.345008134841919
epoch time:  10.347445487976074


-------------------------------- Iteration 6400 -------------------------------- 
initial ob: [-3.26504931e-02  5.14881056e-01  2.36887642e-01 -1.77416902e-07
  7.49999879e-01  2.79199750e-02  0.00000000e+00  6.00000000e-01
  0.00000000e+00  0.00000000e+00  6.00000000e-01  0.00000000e+00]
agent_success: 0

training time:  0.0024843215942382812
evaluation time:  10.333040237426758
epoch time:  10.335546731948853


-------------------------------- Iteration 6600 -------------------------------- 
initial ob: [-3.26504931e-02  5.14881056e-01  2.36887642e-01 -1.77416902e-07
  7.49999879e-01  2.79199750e-02  0.00000000e+00  6.00000000e-01
  0.00000000e+00  0.00000000e+00  6.00000000e-01  0.00000000e+00]
agent_success: 0

training time:  0.002422809600830078
evaluation time:  8.867834568023682
epoch time:  8.870272874832153


-------------------------------- Iteration 6800 -------------------------------- 
initial ob: [-3.26504931e-02  5.14881056e-01  2.36887642e-01 -1.77416902e-07
  7.49999879e-01  2.79199750e-02  0.00000000e+00  6.00000000e-01
  0.00000000e+00  0.00000000e+00  6.00000000e-01  0.00000000e+00]
agent_success: 0

training time:  0.002408266067504883
evaluation time:  8.912788152694702
epoch time:  8.915210723876953


-------------------------------- Iteration 7000 -------------------------------- 
initial ob: [-3.26504931e-02  5.14881056e-01  2.36887642e-01 -1.77416902e-07
  7.49999879e-01  2.79199750e-02  0.00000000e+00  6.00000000e-01
  0.00000000e+00  0.00000000e+00  6.00000000e-01  0.00000000e+00]
agent_success: 0

training time:  0.002391338348388672
evaluation time:  10.277756929397583
epoch time:  10.280166625976562


-------------------------------- Iteration 7200 -------------------------------- 
initial ob: [-3.26504931e-02  5.14881056e-01  2.36887642e-01 -1.77416902e-07
  7.49999879e-01  2.79199750e-02  0.00000000e+00  6.00000000e-01
  0.00000000e+00  0.00000000e+00  6.00000000e-01  0.00000000e+00]
agent_success: 0

training time:  0.0023233890533447266
evaluation time:  10.628742218017578
epoch time:  10.631083965301514


-------------------------------- Iteration 7400 -------------------------------- 
initial ob: [-3.26504931e-02  5.14881056e-01  2.36887642e-01 -1.77416902e-07
  7.49999879e-01  2.79199750e-02  0.00000000e+00  6.00000000e-01
  0.00000000e+00  0.00000000e+00  6.00000000e-01  0.00000000e+00]
agent_success: 0

training time:  0.0024459362030029297
evaluation time:  11.131126403808594
epoch time:  11.133587121963501


-------------------------------- Iteration 7600 -------------------------------- 
initial ob: [-3.26504931e-02  5.14881056e-01  2.36887642e-01 -1.77416902e-07
  7.49999879e-01  2.79199750e-02  0.00000000e+00  6.00000000e-01
  0.00000000e+00  0.00000000e+00  6.00000000e-01  0.00000000e+00]
agent_success: 0

training time:  0.002473592758178711
evaluation time:  10.996922969818115
epoch time:  10.999425649642944


-------------------------------- Iteration 7800 -------------------------------- 
initial ob: [-3.26504931e-02  5.14881056e-01  2.36887642e-01 -1.77416902e-07
  7.49999879e-01  2.79199750e-02  0.00000000e+00  6.00000000e-01
  0.00000000e+00  0.00000000e+00  6.00000000e-01  0.00000000e+00]
agent_success: 0

training time:  0.0024781227111816406
evaluation time:  10.758471727371216
epoch time:  10.760963916778564


-------------------------------- Iteration 8000 -------------------------------- 
initial ob: [-3.26504931e-02  5.14881056e-01  2.36887642e-01 -1.77416902e-07
  7.49999879e-01  2.79199750e-02  0.00000000e+00  6.00000000e-01
  0.00000000e+00  0.00000000e+00  6.00000000e-01  0.00000000e+00]
agent_success: 0

training time:  0.0023488998413085938
evaluation time:  8.608944654464722
epoch time:  8.611313819885254


-------------------------------- Iteration 8200 -------------------------------- 
initial ob: [-3.26504931e-02  5.14881056e-01  2.36887642e-01 -1.77416902e-07
  7.49999879e-01  2.79199750e-02  0.00000000e+00  6.00000000e-01
  0.00000000e+00  0.00000000e+00  6.00000000e-01  0.00000000e+00]
agent_success: 0

training time:  0.002337217330932617
evaluation time:  9.141311407089233
epoch time:  9.143662929534912


-------------------------------- Iteration 8400 -------------------------------- 
initial ob: [-3.26504931e-02  5.14881056e-01  2.36887642e-01 -1.77416902e-07
  7.49999879e-01  2.79199750e-02  0.00000000e+00  6.00000000e-01
  0.00000000e+00  0.00000000e+00  6.00000000e-01  0.00000000e+00]
agent_success: 0

training time:  0.002307891845703125
evaluation time:  10.739453077316284
epoch time:  10.741788864135742


-------------------------------- Iteration 8600 -------------------------------- 
initial ob: [-3.26504931e-02  5.14881056e-01  2.36887642e-01 -1.77416902e-07
  7.49999879e-01  2.79199750e-02  0.00000000e+00  6.00000000e-01
  0.00000000e+00  0.00000000e+00  6.00000000e-01  0.00000000e+00]
agent_success: 0

training time:  0.0023431777954101562
evaluation time:  10.185168504714966
epoch time:  10.187537431716919


-------------------------------- Iteration 8800 -------------------------------- 
initial ob: [-3.26504931e-02  5.14881056e-01  2.36887642e-01 -1.77416902e-07
  7.49999879e-01  2.79199750e-02  0.00000000e+00  6.00000000e-01
  0.00000000e+00  0.00000000e+00  6.00000000e-01  0.00000000e+00]
agent_success: 0

training time:  0.0023152828216552734
evaluation time:  9.994074821472168
epoch time:  9.99641466140747


-------------------------------- Iteration 9000 -------------------------------- 
initial ob: [-3.26504931e-02  5.14881056e-01  2.36887642e-01 -1.77416902e-07
  7.49999879e-01  2.79199750e-02  0.00000000e+00  6.00000000e-01
  0.00000000e+00  0.00000000e+00  6.00000000e-01  0.00000000e+00]
agent_success: 0

training time:  0.0022945404052734375
evaluation time:  8.265941619873047
epoch time:  8.268250942230225


-------------------------------- Iteration 9200 -------------------------------- 
initial ob: [-3.26504931e-02  5.14881056e-01  2.36887642e-01 -1.77416902e-07
  7.49999879e-01  2.79199750e-02  0.00000000e+00  6.00000000e-01
  0.00000000e+00  0.00000000e+00  6.00000000e-01  0.00000000e+00]
agent_success: 0

training time:  0.0022873878479003906
evaluation time:  8.707728147506714
epoch time:  8.710043907165527


-------------------------------- Iteration 9400 -------------------------------- 
initial ob: [-3.26504931e-02  5.14881056e-01  2.36887642e-01 -1.77416902e-07
  7.49999879e-01  2.79199750e-02  0.00000000e+00  6.00000000e-01
  0.00000000e+00  0.00000000e+00  6.00000000e-01  0.00000000e+00]
agent_success: 0

training time:  0.0023005008697509766
evaluation time:  10.459051609039307
epoch time:  10.461367845535278


-------------------------------- Iteration 9600 -------------------------------- 
initial ob: [-3.26504931e-02  5.14881056e-01  2.36887642e-01 -1.77416902e-07
  7.49999879e-01  2.79199750e-02  0.00000000e+00  6.00000000e-01
  0.00000000e+00  0.00000000e+00  6.00000000e-01  0.00000000e+00]
agent_success: 0

training time:  0.002299070358276367
evaluation time:  8.250457525253296
epoch time:  8.252782106399536


-------------------------------- Iteration 9800 -------------------------------- 
initial ob: [-3.26504931e-02  5.14881056e-01  2.36887642e-01 -1.77416902e-07
  7.49999879e-01  2.79199750e-02  0.00000000e+00  6.00000000e-01
  0.00000000e+00  0.00000000e+00  6.00000000e-01  0.00000000e+00]
agent_success: 0

training time:  0.002507448196411133
evaluation time:  8.239979028701782
epoch time:  8.242500305175781


-------------------------------- Test Results -------------------------------- 
initial ob: [-3.26504931e-02  5.14881056e-01  2.36887642e-01 -1.77416902e-07
  7.49999879e-01  2.79199750e-02  0.00000000e+00  6.00000000e-01
  0.00000000e+00  0.00000000e+00  6.00000000e-01  0.00000000e+00]
agent_success: 0

mean_success_rate:  0.0
Done
