/var/lib/slurm/slurmd/job3515746/slurm_script: line 9: batch_scripts/MT50_batch/seed.sh: No such file or directory
SLURM_JOBID=3515746
working directory=/viscam/u/jialugao/Imitation-SoftModule
########################
logging outputs to  /viscam/u/jialugao/Imitation-SoftModule/data/Base_bc_reach_plate-slide-back-side-v1_2640.000125-01-2022_23-53-59
########################
{'expert_policy_file': '../Multi-Task-RL/log/MT50_Single_Task/plate-slide-back-side-v1/Fixed/238/model/model_pf_best.pth', 'exp_name': 'bc_reach', 'do_dagger': False, 'ep_len': 200, 'gradient_steps': 1, 'n_iter': 100000, 'render_interval': 1, 'eval_interval': 200, 'batch_size': 64, 'eval_batch_size': 32, 'train_batch_size': 32, 'n_layers': 2, 'size': 400, 'learning_rate': 0.0001, 'video_log_freq': -1, 'scalar_log_freq': 1, 'no_gpu': False, 'which_gpu': 0, 'max_replay_buffer_size': 1000000, 'save_params': False, 'seed': 32, 'worker_nums': 1, 'eval_worker_nums': 1, 'config': 'config/BC.json', 'no_cuda': True, 'random_init': False, 'device': 'cpu', 'id': 'MT50_Single_Task', 'task_name': 'plate-slide-back-side-v1', 'task_env': 'MT50_task_env', 'cuda': False, 'log_dir': '/viscam/u/jialugao/Imitation-SoftModule/data/Base_bc_reach_plate-slide-back-side-v1_2640.000125-01-2022_23-53-59', 'agent_class': <class 'agents.bc_agent.MLPAgent'>, 'agent_params': {'n_layers': 2, 'size': 400, 'learning_rate': 0.0001, 'max_replay_buffer_size': 1000000, 'discrete': False, 'ac_dim': 4, 'ob_dim': 9}}
{'env_name': 'single_task', 'env': {'reward_scale': 1, 'obs_norm': False}, 'meta_env': {'obs_type': 'with_goal', 'random_init': False}, 'replay_buffer': {'size': 1000000.0}, 'net': {'hidden_shapes': [400, 400], 'append_hidden_shapes': [400], 'base_type': <class 'networks.base.MLPBase'>}, 'general_setting': {'discount': 0.99, 'pretrain_epochs': 20, 'num_epochs': 7500, 'epoch_frames': 200, 'max_episode_frames': 200, 'batch_size': 1280, 'min_pool': 10000, 'target_hard_update_period': 1000, 'use_soft_update': True, 'tau': 0.005, 'opt_times': 200, 'eval_episodes': 100, 'train_render': False, 'eval_render': False, 'env': <NormAct<RewardShift<SingleWrapperNone>>>, 'logger': <utils.logger.Logger object at 0x7f1be48d4c50>, 'device': device(type='cpu')}, 'sac': {'plr': 0.0003, 'qlr': 0.0003, 'reparameterization': True, 'automatic_entropy_tuning': True, 'policy_std_reg_weight': 0, 'policy_mean_reg_weight': 0}}
Loading expert policy from... ../Multi-Task-RL/log/MT50_Single_Task/plate-slide-back-side-v1/Fixed/238/model/model_pf_best.pth
tensor([[ 0.0153, -0.0204, -0.0598,  ..., -0.0365, -0.0272, -0.0730],
        [ 0.7446, -0.1413,  0.6130,  ...,  0.0090,  0.0062, -0.0636],
        [-0.0107, -0.0921, -0.0646,  ..., -0.0016, -0.0393, -0.0605],
        ...,
        [ 0.5172, -0.1047,  0.9064,  ...,  0.0400, -0.0201, -0.0153],
        [ 0.0377, -0.0449, -0.0482,  ..., -0.0461, -0.0040, -0.0282],
        [ 0.0225, -0.0171, -0.0761,  ..., -0.0211, -0.0659, -0.0331]])
Done restoring expert policy...
<NormAct<RewardShift<AugObs<SawyerPlateSlideBackSideEnv instance>>>>


-------------------------------- Iteration 0 -------------------------------- 
initial ob: [-0.03264849  0.51488124  0.2368859  -0.2         0.6         0.015
  0.          0.6         0.015       0.          0.6         0.015     ]
expert:[-0.97477335 -0.37267956 -0.9530437   0.42607647]
expert:[-0.9766891  -0.39889014 -0.96536964  0.67829907]
expert:[-0.9808661   0.4547466  -0.96938175  0.8708272 ]
expert:[-0.98144    0.7211248 -0.969114   0.887713 ]
expert:[-0.9790692  0.8368369 -0.9704305  0.8681423]
expert:[-0.97674185  0.8690012  -0.9659494   0.8074154 ]
expert:[-0.9734538  0.8003355 -0.9590083  0.6870363]
expert:[-0.97343546  0.6268901  -0.9556226   0.46534854]
expert:[-0.97676176  0.41317052 -0.9559839   0.394105  ]
expert:[-0.9770147  -0.4499827  -0.9531284   0.20520309]
expert:[-0.97113895 -0.5735041  -0.94452375  0.00834397]
expert:[-0.9655376   0.10128079 -0.9246506  -0.27114248]
expert:[-0.96949285  0.86917543 -0.71646225 -0.66582143]
expert:[-0.96914375  0.9368096  -0.26354814 -0.69912577]
expert:[-0.9401496   0.892385    0.74238694 -0.43448192]
expert:[-0.8832693   0.71393174  0.9049092  -0.33920783]
expert:[-0.9005685  -0.11209928  0.865811   -0.49457392]
expert:[-0.72299504 -0.5810279  -0.613052   -0.7736406 ]
expert:[-0.17830954 -0.38543007 -0.9835363  -0.9116791 ]
expert:[ 0.13149425  0.01923887 -0.9861852  -0.94366604]
expert:[ 0.28101075  0.20411345 -0.98261845 -0.92519003]
expert:[ 0.7811976  -0.257669    0.04289856  0.35481888]
expert:[ 0.7617023  -0.27720368  0.05620172  0.35902852]
expert:[ 0.74907535 -0.27563676  0.09084778  0.38804594]
expert:[ 0.7338104  -0.2916585   0.12581623  0.41093418]
expert:[ 0.7114182  -0.3198031   0.18058844  0.44779882]
expert:[ 0.6857578  -0.38005212  0.23175317  0.52567434]
expert:[ 0.6710916  -0.42843294  0.24126163  0.5852953 ]
expert:[ 0.65313077 -0.45154625  0.25570208  0.6051607 ]
expert:[ 0.6490329  -0.47298312  0.27113897  0.62423664]
expert:[ 0.5405107  -0.434813    0.39538914  0.6284334 ]
expert:[-0.63145304 -0.2774464   0.83361757  0.51050776]
expert:[-0.8176165  -0.320544    0.71279746  0.2006253 ]
expert:[-0.6880487  -0.830237   -0.70953476  0.07882617]
expert:[ 0.36660248 -0.93502325 -0.9843298   0.48982015]
expert:[ 0.6976328  -0.8771653  -0.99005145  0.5338107 ]
expert:[ 0.9337902  -0.23584224 -0.9926784   0.20215973]
expert:[ 0.98091865  0.76529145 -0.95565176  0.21458308]
expert:[ 0.98598635  0.8384068  -0.7675458   0.59895146]
expert:[ 0.9805218   0.7650566  -0.67728937  0.71087635]
expert:[ 0.9743329  0.5387683 -0.7248652  0.7696495]
expert:[ 0.9652314   0.08154626 -0.8120697   0.77743167]
expert:[ 0.9600079  -0.37974027 -0.87015176  0.74779946]
expert:[ 0.957428   -0.6113144  -0.90879434  0.7058083 ]
expert:[ 0.95095676 -0.70933324 -0.9259782   0.6628535 ]
expert:[ 0.93857056 -0.72129667 -0.92797405  0.6089059 ]
expert:[ 0.9180432  -0.69694704 -0.9227704   0.5551265 ]
expert:[ 0.8379761  -0.6355247  -0.9100255   0.49350736]
expert:[ 0.61407006 -0.42024046 -0.9110101   0.5727122 ]
expert:[ 0.24130303 -0.08828185 -0.91986257  0.69369316]
expert:[ 0.0969756   0.06358883 -0.9245291   0.73603594]
expert:[ 0.02453959  0.1047375  -0.93276346  0.75498897]
expert:[-0.03193964  0.12528664 -0.9439743   0.77033454]
expert:[-0.04959463  0.11869252 -0.94945407  0.77943623]
expert:[-0.06080129  0.109954   -0.95460916  0.78379637]
expert:[-0.06755119  0.10238036 -0.9576099   0.785648  ]
expert:[-0.07082431  0.09571088 -0.9592593   0.78637016]
expert:[-0.07178672  0.09004232 -0.9599922   0.7853209 ]
expert:[-0.0710878   0.08512361 -0.9601257   0.78296965]
expert:[-0.06934547  0.08094754 -0.9598434   0.7798842 ]
expert:[-0.06695293  0.07741417 -0.95927763  0.7763769 ]
expert:[-0.06471527  0.0724911  -0.9586803   0.7729018 ]
expert:[-0.06293128  0.06565116 -0.95815927  0.7696551 ]
expert:[-0.06100569  0.05933817 -0.957552    0.76638496]
expert:[-0.05879172  0.05302419 -0.95726955  0.7632223 ]
expert:[-0.0564012   0.04704078 -0.9570898   0.7602635 ]
expert:[-0.05397405  0.04169461 -0.9568599   0.75741315]
expert:[-0.05109093  0.03725386 -0.95629674  0.7559044 ]
expert:[-0.04446344  0.02875042 -0.95579344  0.7531959 ]
expert:[-0.03825903  0.02126244 -0.9552222   0.75143284]
expert:[-0.03246646  0.01472815 -0.954634    0.75005496]
expert:[-0.0270783   0.00915296 -0.9540653   0.7490576 ]
expert:[-0.02232066  0.00489676 -0.95348567  0.7483458 ]
expert:[-0.0181447   0.00164091 -0.95292604  0.74778867]
expert:[-1.4520325e-02 -7.9024007e-04 -9.5240086e-01  7.4733359e-01]
expert:[-0.01140179 -0.00251433 -0.95191795  0.7469394 ]
expert:[-0.00875236 -0.00363565 -0.9514792   0.74660015]
expert:[-0.00653246 -0.0042595  -0.9510845   0.74631655]
expert:[-0.00470604 -0.0044908  -0.9507333   0.74609387]
expert:[-0.00321748 -0.0044204  -0.9504263   0.74590886]
expert:[-0.00203221 -0.00413765 -0.9501614   0.74576837]
expert:[-0.00110581 -0.00371469 -0.94993705  0.74566203]
expert:[-3.9106605e-04 -3.2078086e-03 -9.4975102e-01  7.4557346e-01]
expert:[ 1.3737381e-04 -2.6828619e-03 -9.4960076e-01  7.4551129e-01]
expert:[ 5.0888205e-04 -2.1795540e-03 -9.4948310e-01  7.4547273e-01]
expert:[ 7.5706083e-04 -1.7108771e-03 -9.4939423e-01  7.4544656e-01]
expert:[ 9.1057993e-04 -1.2867202e-03 -9.4932967e-01  7.4542731e-01]
expert:[ 9.8495150e-04 -9.1747171e-04 -9.4928503e-01  7.4542046e-01]
expert:[ 1.0030713e-03 -6.0395146e-04 -9.4925719e-01  7.4541759e-01]
expert:[ 9.7786600e-04 -3.4733117e-04 -9.4924271e-01  7.4542034e-01]
expert:[ 9.2345447e-04 -1.4524534e-04 -9.4923890e-01  7.4542493e-01]
expert:[ 8.4941811e-04  8.0913305e-06 -9.4924319e-01  7.4543160e-01]
expert:[ 7.6433254e-04  1.1781044e-04 -9.4925332e-01  7.4543858e-01]
expert:[ 6.7441899e-04  1.9194745e-04 -9.4926739e-01  7.4544573e-01]
expert:[ 5.8436388e-04  2.3604557e-04 -9.4928378e-01  7.4545234e-01]
expert:[ 4.9787754e-04  2.5517493e-04 -9.4930160e-01  7.4545807e-01]
expert:[ 4.173070e-04  2.578497e-04 -9.493195e-01  7.454629e-01]
expert:[ 3.4411997e-04  2.4673156e-04 -9.4933689e-01  7.4546659e-01]
expert:[ 2.7909875e-04  2.2614188e-04 -9.4935334e-01  7.4546933e-01]
expert:[ 2.2278726e-04  2.0078756e-04 -9.4936848e-01  7.4547070e-01]
expert:[ 1.7448515e-04  1.7287023e-04 -9.4938195e-01  7.4547148e-01]
expert:[ 1.3433397e-04  1.4367886e-04 -9.4939393e-01  7.4547100e-01]
expert:[ 1.01409853e-04  1.16100535e-04 -9.49404180e-01  7.45469868e-01]
expert:[ 7.5049698e-05  9.0310350e-05 -9.4941294e-01  7.4546796e-01]
expert:[ 5.4456294e-05  6.7131594e-05 -9.4942027e-01  7.4546552e-01]
expert:[ 3.8862228e-05  4.7728419e-05 -9.4942617e-01  7.4546266e-01]
expert:[ 2.7447939e-05  3.1022355e-05 -9.4943100e-01  7.4545938e-01]
expert:[ 1.9453466e-05  1.8069521e-05 -9.4943476e-01  7.4545586e-01]
expert:[ 1.4349818e-05  7.0538372e-06 -9.4943774e-01  7.4545193e-01]
expert:[ 1.142174e-05 -4.656613e-07 -9.494400e-01  7.454480e-01]
expert:[ 1.00284815e-05 -6.01075590e-06 -9.49441731e-01  7.45443940e-01]
expert:[ 9.8347664e-06 -9.8794699e-06 -9.4944304e-01  7.4544013e-01]
expert:[ 1.0602176e-05 -1.2611970e-05 -9.4944400e-01  7.4543607e-01]
expert:[ 1.1891127e-05 -1.3511628e-05 -9.4944471e-01  7.4543220e-01]
expert:[ 1.3485551e-05 -1.3366342e-05 -9.4944525e-01  7.4542832e-01]
expert:[ 1.5109777e-05 -1.2580305e-05 -9.4944566e-01  7.4542481e-01]
expert:[ 1.6920269e-05 -1.1792406e-05 -9.4944602e-01  7.4542105e-01]
expert:[ 1.8388033e-05 -1.0890886e-05 -9.4944644e-01  7.4541765e-01]
expert:[ 1.9900501e-05 -9.2703849e-06 -9.4944674e-01  7.4541432e-01]
expert:[ 2.0742416e-05 -8.6538494e-06 -9.4944715e-01  7.4541152e-01]
expert:[ 2.1629035e-05 -6.8247318e-06 -9.4944745e-01  7.4540859e-01]
expert:[ 2.2366643e-05 -6.1634928e-06 -9.4944793e-01  7.4540573e-01]
expert:[ 2.2821128e-05 -4.6677887e-06 -9.4944823e-01  7.4540323e-01]
expert:[ 2.2783875e-05 -3.9841980e-06 -9.4944870e-01  7.4540102e-01]
expert:[ 2.271682e-05 -3.511086e-06 -9.494491e-01  7.453989e-01]
expert:[ 2.2217631e-05 -3.3415854e-06 -9.4944960e-01  7.4539709e-01]
expert:[ 1.9654632e-05 -3.5464764e-06 -9.4944990e-01  7.4539793e-01]
expert:[ 1.0907650e-04  1.0005571e-04 -9.4939226e-01  7.4553847e-01]
expert:[ 1.2085587e-04  4.6225821e-04 -9.4928652e-01  7.4585730e-01]
expert:[ 1.10164285e-04  9.08352202e-04 -9.49231148e-01  7.45947182e-01]
expert:[-4.7758222e-06  1.2363953e-03 -9.4921339e-01  7.4601269e-01]
expert:[-1.4136732e-04  1.4140652e-03 -9.4922012e-01  7.4604827e-01]
expert:[-2.6023388e-04  1.4594615e-03 -9.4923854e-01  7.4606502e-01]
expert:[-3.4818053e-04  1.4018835e-03 -9.4926047e-01  7.4607372e-01]
expert:[-3.9372590e-04  1.2802642e-03 -9.4928223e-01  7.4606520e-01]
expert:[-4.1664389e-04  1.1184602e-03 -9.4930029e-01  7.4606401e-01]
expert:[-4.1510162e-04  9.4243110e-04 -9.4931513e-01  7.4605787e-01]
expert:[-3.980100e-04  7.662306e-04 -9.493267e-01  7.460505e-01]
expert:[-3.7237999e-04  5.9961336e-04 -9.4933522e-01  7.4604416e-01]
expert:[-3.4127384e-04  4.5050678e-04 -9.4934106e-01  7.4603754e-01]
expert:[-3.0737370e-04  3.1977519e-04 -9.4934493e-01  7.4603087e-01]
expert:[-2.728328e-04  2.108682e-04 -9.493467e-01  7.460249e-01]
expert:[-2.38761306e-04  1.20798126e-04 -9.49347019e-01  7.46019423e-01]
expert:[-2.0611286e-04  5.0477684e-05 -9.4934601e-01  7.4601436e-01]
expert:[-1.7543882e-04 -2.2668391e-06 -9.4934380e-01  7.4601030e-01]
expert:[-1.4691055e-04 -4.0344894e-05 -9.4934100e-01  7.4600661e-01]
expert:[-1.2118369e-04 -6.4659864e-05 -9.4933754e-01  7.4600369e-01]
expert:[-9.8198652e-05 -7.9581514e-05 -9.4933391e-01  7.4600142e-01]
expert:[-7.788092e-05 -8.533150e-05 -9.493301e-01  7.459996e-01]
expert:[-6.0401857e-05 -8.5437670e-05 -9.4932634e-01  7.4599838e-01]
expert_success: 1.0
path_length: 150



-------------------------------- Iteration 0 -------------------------------- 
initial ob: [-0.03264849  0.51488124  0.2368859  -0.2         0.6         0.015
  0.          0.6         0.015       0.          0.6         0.015     ]
agent_success: 0

training time:  0.22261977195739746
evaluation time:  13.681467294692993
epoch time:  13.904122114181519


-------------------------------- Iteration 200 -------------------------------- 
initial ob: [-0.03264849  0.51488124  0.2368859  -0.2         0.6         0.015
  0.          0.6         0.015       0.          0.6         0.015     ]
agent_success: 0

training time:  0.002305746078491211
evaluation time:  13.803187370300293
epoch time:  13.805530309677124


-------------------------------- Iteration 400 -------------------------------- 
initial ob: [-0.03264849  0.51488124  0.2368859  -0.2         0.6         0.015
  0.          0.6         0.015       0.          0.6         0.015     ]
agent_success: 0

training time:  0.0020780563354492188
evaluation time:  13.946516990661621
epoch time:  13.948621988296509


-------------------------------- Iteration 600 -------------------------------- 
initial ob: [-0.03264849  0.51488124  0.2368859  -0.2         0.6         0.015
  0.          0.6         0.015       0.          0.6         0.015     ]
agent_success: 0

training time:  0.0023064613342285156
evaluation time:  14.020549058914185
epoch time:  14.022887229919434


-------------------------------- Iteration 800 -------------------------------- 
initial ob: [-0.03264849  0.51488124  0.2368859  -0.2         0.6         0.015
  0.          0.6         0.015       0.          0.6         0.015     ]
agent_success: 0

training time:  0.0023424625396728516
evaluation time:  13.996895551681519
epoch time:  13.999268293380737


-------------------------------- Iteration 1000 -------------------------------- 
initial ob: [-0.03264849  0.51488124  0.2368859  -0.2         0.6         0.015
  0.          0.6         0.015       0.          0.6         0.015     ]
agent_success: 0

training time:  0.002204418182373047
evaluation time:  13.963083505630493
epoch time:  13.96531891822815


-------------------------------- Iteration 1200 -------------------------------- 
initial ob: [-0.03264849  0.51488124  0.2368859  -0.2         0.6         0.015
  0.          0.6         0.015       0.          0.6         0.015     ]
agent_success: 0

training time:  0.0021109580993652344
evaluation time:  13.946351766586304
epoch time:  13.948484420776367


-------------------------------- Iteration 1400 -------------------------------- 
initial ob: [-0.03264849  0.51488124  0.2368859  -0.2         0.6         0.015
  0.          0.6         0.015       0.          0.6         0.015     ]
agent_success: 0

training time:  0.0020530223846435547
evaluation time:  13.520349740982056
epoch time:  13.522433042526245


-------------------------------- Iteration 1600 -------------------------------- 
initial ob: [-0.03264849  0.51488124  0.2368859  -0.2         0.6         0.015
  0.          0.6         0.015       0.          0.6         0.015     ]
agent_success: 0

training time:  0.0021605491638183594
evaluation time:  13.582539796829224
epoch time:  13.584724426269531


-------------------------------- Iteration 1800 -------------------------------- 
initial ob: [-0.03264849  0.51488124  0.2368859  -0.2         0.6         0.015
  0.          0.6         0.015       0.          0.6         0.015     ]
agent_success: 0

training time:  0.0021390914916992188
evaluation time:  13.552978992462158
epoch time:  13.555147647857666


-------------------------------- Iteration 2000 -------------------------------- 
initial ob: [-0.03264849  0.51488124  0.2368859  -0.2         0.6         0.015
  0.          0.6         0.015       0.          0.6         0.015     ]
agent_success: 0

training time:  0.0021309852600097656
evaluation time:  13.531245708465576
epoch time:  13.533398389816284


-------------------------------- Iteration 2200 -------------------------------- 
initial ob: [-0.03264849  0.51488124  0.2368859  -0.2         0.6         0.015
  0.          0.6         0.015       0.          0.6         0.015     ]
agent_success: 0

training time:  0.0021109580993652344
evaluation time:  13.597961664199829
epoch time:  13.600102424621582


-------------------------------- Iteration 2400 -------------------------------- 
initial ob: [-0.03264849  0.51488124  0.2368859  -0.2         0.6         0.015
  0.          0.6         0.015       0.          0.6         0.015     ]
agent_success: 0

training time:  0.0021288394927978516
evaluation time:  13.54123592376709
epoch time:  13.543406963348389


-------------------------------- Iteration 2600 -------------------------------- 
initial ob: [-0.03264849  0.51488124  0.2368859  -0.2         0.6         0.015
  0.          0.6         0.015       0.          0.6         0.015     ]
agent_success: 0

training time:  0.0021185874938964844
evaluation time:  13.508729934692383
epoch time:  13.510865688323975


-------------------------------- Iteration 2800 -------------------------------- 
initial ob: [-0.03264849  0.51488124  0.2368859  -0.2         0.6         0.015
  0.          0.6         0.015       0.          0.6         0.015     ]
agent_success: 0

training time:  0.0021500587463378906
evaluation time:  13.597171545028687
epoch time:  13.599440336227417


-------------------------------- Iteration 3000 -------------------------------- 
initial ob: [-0.03264849  0.51488124  0.2368859  -0.2         0.6         0.015
  0.          0.6         0.015       0.          0.6         0.015     ]
agent_success: 0

training time:  0.0021224021911621094
evaluation time:  13.557393312454224
epoch time:  13.559537887573242


-------------------------------- Iteration 3200 -------------------------------- 
initial ob: [-0.03264849  0.51488124  0.2368859  -0.2         0.6         0.015
  0.          0.6         0.015       0.          0.6         0.015     ]
agent_success: 0

training time:  0.002121448516845703
evaluation time:  13.563066720962524
epoch time:  13.565205097198486


-------------------------------- Iteration 3400 -------------------------------- 
initial ob: [-0.03264849  0.51488124  0.2368859  -0.2         0.6         0.015
  0.          0.6         0.015       0.          0.6         0.015     ]
agent_success: 0

training time:  0.002094745635986328
evaluation time:  13.605905055999756
epoch time:  13.608020305633545


-------------------------------- Iteration 3600 -------------------------------- 
initial ob: [-0.03264849  0.51488124  0.2368859  -0.2         0.6         0.015
  0.          0.6         0.015       0.          0.6         0.015     ]
agent_success: 0

training time:  0.0021026134490966797
evaluation time:  13.582417726516724
epoch time:  13.584538698196411


-------------------------------- Iteration 3800 -------------------------------- 
initial ob: [-0.03264849  0.51488124  0.2368859  -0.2         0.6         0.015
  0.          0.6         0.015       0.          0.6         0.015     ]
agent_success: 0

training time:  0.002096414566040039
evaluation time:  13.581471681594849
epoch time:  13.583689212799072


-------------------------------- Iteration 4000 -------------------------------- 
initial ob: [-0.03264849  0.51488124  0.2368859  -0.2         0.6         0.015
  0.          0.6         0.015       0.          0.6         0.015     ]
agent_success: 0

training time:  0.002101421356201172
evaluation time:  13.61544394493103
epoch time:  13.617562055587769


-------------------------------- Iteration 4200 -------------------------------- 
initial ob: [-0.03264849  0.51488124  0.2368859  -0.2         0.6         0.015
  0.          0.6         0.015       0.          0.6         0.015     ]
agent_success: 0

training time:  0.002099275588989258
evaluation time:  13.575780153274536
epoch time:  13.577899932861328


-------------------------------- Iteration 4400 -------------------------------- 
initial ob: [-0.03264849  0.51488124  0.2368859  -0.2         0.6         0.015
  0.          0.6         0.015       0.          0.6         0.015     ]
agent_success: 0

training time:  0.002111673355102539
evaluation time:  13.589651823043823
epoch time:  13.591793537139893


-------------------------------- Iteration 4600 -------------------------------- 
initial ob: [-0.03264849  0.51488124  0.2368859  -0.2         0.6         0.015
  0.          0.6         0.015       0.          0.6         0.015     ]
agent_success: 0

training time:  0.002165555953979492
evaluation time:  13.590401887893677
epoch time:  13.592584133148193


-------------------------------- Iteration 4800 -------------------------------- 
initial ob: [-0.03264849  0.51488124  0.2368859  -0.2         0.6         0.015
  0.          0.6         0.015       0.          0.6         0.015     ]
agent_success: 0

training time:  0.002165079116821289
evaluation time:  13.595115661621094
epoch time:  13.59730076789856


-------------------------------- Iteration 5000 -------------------------------- 
initial ob: [-0.03264849  0.51488124  0.2368859  -0.2         0.6         0.015
  0.          0.6         0.015       0.          0.6         0.015     ]
agent_success: 0

training time:  0.0021140575408935547
evaluation time:  13.598501443862915
epoch time:  13.600645065307617


-------------------------------- Iteration 5200 -------------------------------- 
initial ob: [-0.03264849  0.51488124  0.2368859  -0.2         0.6         0.015
  0.          0.6         0.015       0.          0.6         0.015     ]
agent_success: 0

training time:  0.002172708511352539
evaluation time:  13.646363735198975
epoch time:  13.648568630218506


-------------------------------- Iteration 5400 -------------------------------- 
initial ob: [-0.03264849  0.51488124  0.2368859  -0.2         0.6         0.015
  0.          0.6         0.015       0.          0.6         0.015     ]
agent_success: 0

training time:  0.00213623046875
evaluation time:  13.714522123336792
epoch time:  13.716684341430664


-------------------------------- Iteration 5600 -------------------------------- 
initial ob: [-0.03264849  0.51488124  0.2368859  -0.2         0.6         0.015
  0.          0.6         0.015       0.          0.6         0.015     ]
agent_success: 0

training time:  0.002260923385620117
evaluation time:  13.844383001327515
epoch time:  13.846664905548096


-------------------------------- Iteration 5800 -------------------------------- 
initial ob: [-0.03264849  0.51488124  0.2368859  -0.2         0.6         0.015
  0.          0.6         0.015       0.          0.6         0.015     ]
agent_success: 0

training time:  0.002191781997680664
evaluation time:  13.713203191757202
epoch time:  13.71541714668274


-------------------------------- Iteration 6000 -------------------------------- 
initial ob: [-0.03264849  0.51488124  0.2368859  -0.2         0.6         0.015
  0.          0.6         0.015       0.          0.6         0.015     ]
agent_success: 0

training time:  0.002118825912475586
evaluation time:  13.697080135345459
epoch time:  13.699214935302734


-------------------------------- Iteration 6200 -------------------------------- 
initial ob: [-0.03264849  0.51488124  0.2368859  -0.2         0.6         0.015
  0.          0.6         0.015       0.          0.6         0.015     ]
agent_success: 0

training time:  0.002131938934326172
evaluation time:  13.664063692092896
epoch time:  13.666317224502563


-------------------------------- Iteration 6400 -------------------------------- 
initial ob: [-0.03264849  0.51488124  0.2368859  -0.2         0.6         0.015
  0.          0.6         0.015       0.          0.6         0.015     ]
agent_success: 0

training time:  0.0021581649780273438
evaluation time:  13.588164567947388
epoch time:  13.59034776687622


-------------------------------- Iteration 6600 -------------------------------- 
initial ob: [-0.03264849  0.51488124  0.2368859  -0.2         0.6         0.015
  0.          0.6         0.015       0.          0.6         0.015     ]
agent_success: 0

training time:  0.0021266937255859375
evaluation time:  13.753174304962158
epoch time:  13.755317449569702


-------------------------------- Iteration 6800 -------------------------------- 
initial ob: [-0.03264849  0.51488124  0.2368859  -0.2         0.6         0.015
  0.          0.6         0.015       0.          0.6         0.015     ]
agent_success: 0

training time:  0.002172708511352539
evaluation time:  13.734491109848022
epoch time:  13.73668622970581


-------------------------------- Iteration 7000 -------------------------------- 
initial ob: [-0.03264849  0.51488124  0.2368859  -0.2         0.6         0.015
  0.          0.6         0.015       0.          0.6         0.015     ]
agent_success: 0

training time:  0.0020875930786132812
evaluation time:  13.711462259292603
epoch time:  13.713573932647705


-------------------------------- Iteration 7200 -------------------------------- 
initial ob: [-0.03264849  0.51488124  0.2368859  -0.2         0.6         0.015
  0.          0.6         0.015       0.          0.6         0.015     ]
agent_success: 0

training time:  0.0021674633026123047
evaluation time:  13.673791408538818
epoch time:  13.675975322723389


-------------------------------- Iteration 7400 -------------------------------- 
initial ob: [-0.03264849  0.51488124  0.2368859  -0.2         0.6         0.015
  0.          0.6         0.015       0.          0.6         0.015     ]
agent_success: 0

training time:  0.0021097660064697266
evaluation time:  13.743674755096436
epoch time:  13.74580717086792


-------------------------------- Iteration 7600 -------------------------------- 
initial ob: [-0.03264849  0.51488124  0.2368859  -0.2         0.6         0.015
  0.          0.6         0.015       0.          0.6         0.015     ]
agent_success: 0

training time:  0.0022401809692382812
evaluation time:  13.745006084442139
epoch time:  13.747267723083496


-------------------------------- Iteration 7800 -------------------------------- 
initial ob: [-0.03264849  0.51488124  0.2368859  -0.2         0.6         0.015
  0.          0.6         0.015       0.          0.6         0.015     ]
agent_success: 0

training time:  0.0021321773529052734
evaluation time:  13.715309858322144
epoch time:  13.717473268508911


-------------------------------- Iteration 8000 -------------------------------- 
initial ob: [-0.03264849  0.51488124  0.2368859  -0.2         0.6         0.015
  0.          0.6         0.015       0.          0.6         0.015     ]
agent_success: 0

training time:  0.0021314620971679688
evaluation time:  13.685014963150024
epoch time:  13.687164306640625


-------------------------------- Iteration 8200 -------------------------------- 
initial ob: [-0.03264849  0.51488124  0.2368859  -0.2         0.6         0.015
  0.          0.6         0.015       0.          0.6         0.015     ]
agent_success: 0

training time:  0.00220489501953125
evaluation time:  13.736266374588013
epoch time:  13.738510847091675


-------------------------------- Iteration 8400 -------------------------------- 
initial ob: [-0.03264849  0.51488124  0.2368859  -0.2         0.6         0.015
  0.          0.6         0.015       0.          0.6         0.015     ]
agent_success: 0

training time:  0.0021173954010009766
evaluation time:  13.62137484550476
epoch time:  13.623523473739624


-------------------------------- Iteration 8600 -------------------------------- 
initial ob: [-0.03264849  0.51488124  0.2368859  -0.2         0.6         0.015
  0.          0.6         0.015       0.          0.6         0.015     ]
agent_success: 0

training time:  0.0021431446075439453
evaluation time:  13.724003076553345
epoch time:  13.726162195205688


-------------------------------- Iteration 8800 -------------------------------- 
initial ob: [-0.03264849  0.51488124  0.2368859  -0.2         0.6         0.015
  0.          0.6         0.015       0.          0.6         0.015     ]
agent_success: 0

training time:  0.0021941661834716797
evaluation time:  13.693559169769287
epoch time:  13.695812940597534


-------------------------------- Iteration 9000 -------------------------------- 
initial ob: [-0.03264849  0.51488124  0.2368859  -0.2         0.6         0.015
  0.          0.6         0.015       0.          0.6         0.015     ]
agent_success: 0

training time:  0.0021097660064697266
evaluation time:  13.691615343093872
epoch time:  13.693752765655518


-------------------------------- Iteration 9200 -------------------------------- 
initial ob: [-0.03264849  0.51488124  0.2368859  -0.2         0.6         0.015
  0.          0.6         0.015       0.          0.6         0.015     ]
agent_success: 0

training time:  0.002080678939819336
evaluation time:  13.792341709136963
epoch time:  13.79444432258606


-------------------------------- Iteration 9400 -------------------------------- 
initial ob: [-0.03264849  0.51488124  0.2368859  -0.2         0.6         0.015
  0.          0.6         0.015       0.          0.6         0.015     ]
agent_success: 0

training time:  0.002146005630493164
evaluation time:  13.71158504486084
epoch time:  13.713749647140503


-------------------------------- Iteration 9600 -------------------------------- 
initial ob: [-0.03264849  0.51488124  0.2368859  -0.2         0.6         0.015
  0.          0.6         0.015       0.          0.6         0.015     ]
agent_success: 0

training time:  0.002088785171508789
evaluation time:  13.740531921386719
epoch time:  13.742642164230347


-------------------------------- Iteration 9800 -------------------------------- 
initial ob: [-0.03264849  0.51488124  0.2368859  -0.2         0.6         0.015
  0.          0.6         0.015       0.          0.6         0.015     ]
agent_success: 0

training time:  0.0021257400512695312
evaluation time:  13.65119981765747
epoch time:  13.653367280960083


-------------------------------- Iteration 10000 -------------------------------- 
initial ob: [-0.03264849  0.51488124  0.2368859  -0.2         0.6         0.015
  0.          0.6         0.015       0.          0.6         0.015     ]
agent_success: 0

training time:  0.0021467208862304688
evaluation time:  13.741800308227539
epoch time:  13.743979454040527


-------------------------------- Iteration 10200 -------------------------------- 
initial ob: [-0.03264849  0.51488124  0.2368859  -0.2         0.6         0.015
  0.          0.6         0.015       0.          0.6         0.015     ]
agent_success: 0

training time:  0.0021224021911621094
evaluation time:  13.60710883140564
epoch time:  13.609255075454712


-------------------------------- Iteration 10400 -------------------------------- 
initial ob: [-0.03264849  0.51488124  0.2368859  -0.2         0.6         0.015
  0.          0.6         0.015       0.          0.6         0.015     ]
agent_success: 0

training time:  0.0021028518676757812
evaluation time:  13.63964056968689
epoch time:  13.641767740249634


-------------------------------- Iteration 10600 -------------------------------- 
initial ob: [-0.03264849  0.51488124  0.2368859  -0.2         0.6         0.015
  0.          0.6         0.015       0.          0.6         0.015     ]
agent_success: 0

training time:  0.0020847320556640625
evaluation time:  13.63997507095337
epoch time:  13.64207673072815


-------------------------------- Iteration 10800 -------------------------------- 
initial ob: [-0.03264849  0.51488124  0.2368859  -0.2         0.6         0.015
  0.          0.6         0.015       0.          0.6         0.015     ]
agent_success: 0

training time:  0.0021059513092041016
evaluation time:  13.685613632202148
epoch time:  13.687741756439209


-------------------------------- Iteration 11000 -------------------------------- 
initial ob: [-0.03264849  0.51488124  0.2368859  -0.2         0.6         0.015
  0.          0.6         0.015       0.          0.6         0.015     ]
agent_success: 0

training time:  0.002084493637084961
evaluation time:  13.696477174758911
epoch time:  13.698582172393799


-------------------------------- Iteration 11200 -------------------------------- 
initial ob: [-0.03264849  0.51488124  0.2368859  -0.2         0.6         0.015
  0.          0.6         0.015       0.          0.6         0.015     ]
agent_success: 0

training time:  0.0021131038665771484
evaluation time:  13.648909568786621
epoch time:  13.65105152130127


-------------------------------- Iteration 11400 -------------------------------- 
initial ob: [-0.03264849  0.51488124  0.2368859  -0.2         0.6         0.015
  0.          0.6         0.015       0.          0.6         0.015     ]
agent_success: 0

training time:  0.0020949840545654297
evaluation time:  13.628313779830933
epoch time:  13.630424976348877


-------------------------------- Iteration 11600 -------------------------------- 
initial ob: [-0.03264849  0.51488124  0.2368859  -0.2         0.6         0.015
  0.          0.6         0.015       0.          0.6         0.015     ]
agent_success: 0

training time:  0.002129077911376953
evaluation time:  13.691006422042847
epoch time:  13.693153381347656


-------------------------------- Iteration 11800 -------------------------------- 
initial ob: [-0.03264849  0.51488124  0.2368859  -0.2         0.6         0.015
  0.          0.6         0.015       0.          0.6         0.015     ]
agent_success: 0

training time:  0.00213623046875
evaluation time:  13.717131853103638
epoch time:  13.719297885894775


-------------------------------- Iteration 12000 -------------------------------- 
initial ob: [-0.03264849  0.51488124  0.2368859  -0.2         0.6         0.015
  0.          0.6         0.015       0.          0.6         0.015     ]
agent_success: 0

training time:  0.0021126270294189453
evaluation time:  13.711243391036987
epoch time:  13.71337342262268


-------------------------------- Iteration 12200 -------------------------------- 
initial ob: [-0.03264849  0.51488124  0.2368859  -0.2         0.6         0.015
  0.          0.6         0.015       0.          0.6         0.015     ]
agent_success: 0

training time:  0.002139568328857422
evaluation time:  13.757200241088867
epoch time:  13.75935983657837


-------------------------------- Iteration 12400 -------------------------------- 
initial ob: [-0.03264849  0.51488124  0.2368859  -0.2         0.6         0.015
  0.          0.6         0.015       0.          0.6         0.015     ]
agent_success: 0

training time:  0.002112150192260742
evaluation time:  13.748716831207275
epoch time:  13.750858545303345


-------------------------------- Iteration 12600 -------------------------------- 
initial ob: [-0.03264849  0.51488124  0.2368859  -0.2         0.6         0.015
  0.          0.6         0.015       0.          0.6         0.015     ]
agent_success: 0

training time:  0.002096414566040039
evaluation time:  13.678233861923218
epoch time:  13.680346012115479


-------------------------------- Iteration 12800 -------------------------------- 
initial ob: [-0.03264849  0.51488124  0.2368859  -0.2         0.6         0.015
  0.          0.6         0.015       0.          0.6         0.015     ]
agent_success: 0

training time:  0.002190828323364258
evaluation time:  13.709592580795288
epoch time:  13.711832284927368


-------------------------------- Iteration 13000 -------------------------------- 
initial ob: [-0.03264849  0.51488124  0.2368859  -0.2         0.6         0.015
  0.          0.6         0.015       0.          0.6         0.015     ]
agent_success: 0

training time:  0.002144336700439453
evaluation time:  13.749029397964478
epoch time:  13.751194715499878


-------------------------------- Iteration 13200 -------------------------------- 
initial ob: [-0.03264849  0.51488124  0.2368859  -0.2         0.6         0.015
  0.          0.6         0.015       0.          0.6         0.015     ]
agent_success: 0

training time:  0.0021529197692871094
evaluation time:  14.017924785614014
epoch time:  14.020101308822632


-------------------------------- Iteration 13400 -------------------------------- 
initial ob: [-0.03264849  0.51488124  0.2368859  -0.2         0.6         0.015
  0.          0.6         0.015       0.          0.6         0.015     ]
agent_success: 0

training time:  0.002126455307006836
evaluation time:  13.790807008743286
epoch time:  13.792969465255737


-------------------------------- Iteration 13600 -------------------------------- 
initial ob: [-0.03264849  0.51488124  0.2368859  -0.2         0.6         0.015
  0.          0.6         0.015       0.          0.6         0.015     ]
agent_success: 0

training time:  0.002124309539794922
evaluation time:  13.766481161117554
epoch time:  13.768625497817993


-------------------------------- Iteration 13800 -------------------------------- 
initial ob: [-0.03264849  0.51488124  0.2368859  -0.2         0.6         0.015
  0.          0.6         0.015       0.          0.6         0.015     ]
agent_success: 0

training time:  0.0021581649780273438
evaluation time:  13.793713331222534
epoch time:  13.795896291732788


-------------------------------- Iteration 14000 -------------------------------- 
initial ob: [-0.03264849  0.51488124  0.2368859  -0.2         0.6         0.015
  0.          0.6         0.015       0.          0.6         0.015     ]
agent_success: 0

training time:  0.002071380615234375
evaluation time:  13.738824605941772
epoch time:  13.740914821624756


-------------------------------- Iteration 14200 -------------------------------- 
initial ob: [-0.03264849  0.51488124  0.2368859  -0.2         0.6         0.015
  0.          0.6         0.015       0.          0.6         0.015     ]
agent_success: 0

training time:  0.002106904983520508
evaluation time:  13.765268564224243
epoch time:  13.767396688461304


-------------------------------- Iteration 14400 -------------------------------- 
initial ob: [-0.03264849  0.51488124  0.2368859  -0.2         0.6         0.015
  0.          0.6         0.015       0.          0.6         0.015     ]
agent_success: 0

training time:  0.002114534378051758
evaluation time:  13.924437761306763
epoch time:  13.926573514938354


-------------------------------- Iteration 14600 -------------------------------- 
initial ob: [-0.03264849  0.51488124  0.2368859  -0.2         0.6         0.015
  0.          0.6         0.015       0.          0.6         0.015     ]
agent_success: 0

training time:  0.002325773239135742
evaluation time:  13.95639181137085
epoch time:  13.958766460418701


-------------------------------- Iteration 14800 -------------------------------- 
initial ob: [-0.03264849  0.51488124  0.2368859  -0.2         0.6         0.015
  0.          0.6         0.015       0.          0.6         0.015     ]
agent_success: 0

training time:  0.002146005630493164
evaluation time:  13.708645105361938
epoch time:  13.710807085037231


-------------------------------- Iteration 15000 -------------------------------- 
initial ob: [-0.03264849  0.51488124  0.2368859  -0.2         0.6         0.015
  0.          0.6         0.015       0.          0.6         0.015     ]
agent_success: 0

training time:  0.0020825862884521484
evaluation time:  13.729629755020142
epoch time:  13.731731653213501


-------------------------------- Iteration 15200 -------------------------------- 
initial ob: [-0.03264849  0.51488124  0.2368859  -0.2         0.6         0.015
  0.          0.6         0.015       0.          0.6         0.015     ]
agent_success: 0

training time:  0.002099752426147461
evaluation time:  13.772575855255127
epoch time:  13.774703741073608


-------------------------------- Iteration 15400 -------------------------------- 
initial ob: [-0.03264849  0.51488124  0.2368859  -0.2         0.6         0.015
  0.          0.6         0.015       0.          0.6         0.015     ]
agent_success: 0

training time:  0.0022771358489990234
evaluation time:  13.840674638748169
epoch time:  13.842969417572021


-------------------------------- Iteration 15600 -------------------------------- 
initial ob: [-0.03264849  0.51488124  0.2368859  -0.2         0.6         0.015
  0.          0.6         0.015       0.          0.6         0.015     ]
agent_success: 0

training time:  0.0021255016326904297
evaluation time:  13.726638317108154
epoch time:  13.728785753250122


-------------------------------- Iteration 15800 -------------------------------- 
initial ob: [-0.03264849  0.51488124  0.2368859  -0.2         0.6         0.015
  0.          0.6         0.015       0.          0.6         0.015     ]
agent_success: 0

training time:  0.002127408981323242
evaluation time:  19.33302140235901
epoch time:  19.335170030593872


-------------------------------- Iteration 16000 -------------------------------- 
initial ob: [-0.03264849  0.51488124  0.2368859  -0.2         0.6         0.015
  0.          0.6         0.015       0.          0.6         0.015     ]
agent_success: 0

training time:  0.0021026134490966797
evaluation time:  13.88622784614563
epoch time:  13.888353824615479


-------------------------------- Iteration 16200 -------------------------------- 
initial ob: [-0.03264849  0.51488124  0.2368859  -0.2         0.6         0.015
  0.          0.6         0.015       0.          0.6         0.015     ]
agent_success: 0

training time:  0.0020911693572998047
evaluation time:  16.116756439208984
epoch time:  16.118878602981567


-------------------------------- Iteration 16400 -------------------------------- 
initial ob: [-0.03264849  0.51488124  0.2368859  -0.2         0.6         0.015
  0.          0.6         0.015       0.          0.6         0.015     ]
agent_success: 0

training time:  0.0021238327026367188
evaluation time:  16.56265687942505
epoch time:  16.564796686172485


-------------------------------- Iteration 16600 -------------------------------- 
initial ob: [-0.03264849  0.51488124  0.2368859  -0.2         0.6         0.015
  0.          0.6         0.015       0.          0.6         0.015     ]
agent_success: 0

training time:  0.002198934555053711
evaluation time:  13.94929313659668
epoch time:  13.951517820358276


-------------------------------- Iteration 16800 -------------------------------- 
initial ob: [-0.03264849  0.51488124  0.2368859  -0.2         0.6         0.015
  0.          0.6         0.015       0.          0.6         0.015     ]
agent_success: 0

training time:  0.0021419525146484375
evaluation time:  13.737133026123047
epoch time:  13.739296436309814


-------------------------------- Iteration 17000 -------------------------------- 
initial ob: [-0.03264849  0.51488124  0.2368859  -0.2         0.6         0.015
  0.          0.6         0.015       0.          0.6         0.015     ]
agent_success: 0

training time:  0.002176523208618164
evaluation time:  16.120421886444092
epoch time:  16.122624158859253


-------------------------------- Iteration 17200 -------------------------------- 
initial ob: [-0.03264849  0.51488124  0.2368859  -0.2         0.6         0.015
  0.          0.6         0.015       0.          0.6         0.015     ]
agent_success: 0

training time:  0.0021347999572753906
evaluation time:  13.929355144500732
epoch time:  13.931506872177124


-------------------------------- Iteration 17400 -------------------------------- 
initial ob: [-0.03264849  0.51488124  0.2368859  -0.2         0.6         0.015
  0.          0.6         0.015       0.          0.6         0.015     ]
agent_success: 0

training time:  0.0021317005157470703
evaluation time:  17.565693855285645
epoch time:  17.567866563796997


-------------------------------- Iteration 17600 -------------------------------- 
initial ob: [-0.03264849  0.51488124  0.2368859  -0.2         0.6         0.015
  0.          0.6         0.015       0.          0.6         0.015     ]
agent_success: 0

training time:  0.0021200180053710938
evaluation time:  14.72028398513794
epoch time:  14.722421169281006


-------------------------------- Iteration 17800 -------------------------------- 
initial ob: [-0.03264849  0.51488124  0.2368859  -0.2         0.6         0.015
  0.          0.6         0.015       0.          0.6         0.015     ]
agent_success: 0

training time:  0.0021066665649414062
evaluation time:  18.030062675476074
epoch time:  18.032190799713135


-------------------------------- Iteration 18000 -------------------------------- 
initial ob: [-0.03264849  0.51488124  0.2368859  -0.2         0.6         0.015
  0.          0.6         0.015       0.          0.6         0.015     ]
agent_success: 0

training time:  0.0021326541900634766
evaluation time:  13.98732876777649
epoch time:  13.989506721496582


-------------------------------- Iteration 18200 -------------------------------- 
initial ob: [-0.03264849  0.51488124  0.2368859  -0.2         0.6         0.015
  0.          0.6         0.015       0.          0.6         0.015     ]
agent_success: 0

training time:  0.0021064281463623047
evaluation time:  16.00713610649109
epoch time:  16.00927472114563


-------------------------------- Iteration 18400 -------------------------------- 
initial ob: [-0.03264849  0.51488124  0.2368859  -0.2         0.6         0.015
  0.          0.6         0.015       0.          0.6         0.015     ]
agent_success: 0

training time:  0.002112150192260742
evaluation time:  16.1537766456604
epoch time:  16.15590524673462


-------------------------------- Iteration 18600 -------------------------------- 
initial ob: [-0.03264849  0.51488124  0.2368859  -0.2         0.6         0.015
  0.          0.6         0.015       0.          0.6         0.015     ]
agent_success: 0

training time:  0.0021889209747314453
evaluation time:  15.273639678955078
epoch time:  15.27584958076477


-------------------------------- Iteration 18800 -------------------------------- 
initial ob: [-0.03264849  0.51488124  0.2368859  -0.2         0.6         0.015
  0.          0.6         0.015       0.          0.6         0.015     ]
agent_success: 0

training time:  0.0020792484283447266
evaluation time:  13.85769248008728
epoch time:  13.859792470932007


-------------------------------- Iteration 19000 -------------------------------- 
initial ob: [-0.03264849  0.51488124  0.2368859  -0.2         0.6         0.015
  0.          0.6         0.015       0.          0.6         0.015     ]
agent_success: 0

training time:  0.002084970474243164
evaluation time:  14.057413339614868
epoch time:  14.059537887573242


-------------------------------- Iteration 19200 -------------------------------- 
initial ob: [-0.03264849  0.51488124  0.2368859  -0.2         0.6         0.015
  0.          0.6         0.015       0.          0.6         0.015     ]
agent_success: 0

training time:  0.002119302749633789
evaluation time:  13.906069993972778
epoch time:  13.908223867416382


-------------------------------- Iteration 19400 -------------------------------- 
initial ob: [-0.03264849  0.51488124  0.2368859  -0.2         0.6         0.015
  0.          0.6         0.015       0.          0.6         0.015     ]
agent_success: 0

training time:  0.002085447311401367
evaluation time:  13.89193058013916
epoch time:  13.894038438796997


-------------------------------- Iteration 19600 -------------------------------- 
initial ob: [-0.03264849  0.51488124  0.2368859  -0.2         0.6         0.015
  0.          0.6         0.015       0.          0.6         0.015     ]
agent_success: 0

training time:  0.0020935535430908203
evaluation time:  16.24886965751648
epoch time:  16.250985622406006


-------------------------------- Iteration 19800 -------------------------------- 
initial ob: [-0.03264849  0.51488124  0.2368859  -0.2         0.6         0.015
  0.          0.6         0.015       0.          0.6         0.015     ]
agent_success: 0

training time:  0.0020771026611328125
evaluation time:  15.68770718574524
epoch time:  15.689812660217285


-------------------------------- Iteration 20000 -------------------------------- 
initial ob: [-0.03264849  0.51488124  0.2368859  -0.2         0.6         0.015
  0.          0.6         0.015       0.          0.6         0.015     ]
agent_success: 0

training time:  0.0021419525146484375
evaluation time:  13.878342151641846
epoch time:  13.880587100982666


-------------------------------- Iteration 20200 -------------------------------- 
initial ob: [-0.03264849  0.51488124  0.2368859  -0.2         0.6         0.015
  0.          0.6         0.015       0.          0.6         0.015     ]
agent_success: 0

training time:  0.002160787582397461
evaluation time:  14.401948928833008
epoch time:  14.404125213623047


-------------------------------- Iteration 20400 -------------------------------- 
initial ob: [-0.03264849  0.51488124  0.2368859  -0.2         0.6         0.015
  0.          0.6         0.015       0.          0.6         0.015     ]
agent_success: 0

training time:  0.002096414566040039
evaluation time:  16.133214712142944
epoch time:  16.13533329963684


-------------------------------- Iteration 20600 -------------------------------- 
initial ob: [-0.03264849  0.51488124  0.2368859  -0.2         0.6         0.015
  0.          0.6         0.015       0.          0.6         0.015     ]
agent_success: 0

training time:  0.0021331310272216797
evaluation time:  14.093771696090698
epoch time:  14.095928430557251


-------------------------------- Iteration 20800 -------------------------------- 
initial ob: [-0.03264849  0.51488124  0.2368859  -0.2         0.6         0.015
  0.          0.6         0.015       0.          0.6         0.015     ]
agent_success: 0

training time:  0.002113819122314453
evaluation time:  14.761780261993408
epoch time:  14.763911724090576


-------------------------------- Iteration 21000 -------------------------------- 
initial ob: [-0.03264849  0.51488124  0.2368859  -0.2         0.6         0.015
  0.          0.6         0.015       0.          0.6         0.015     ]
agent_success: 0

training time:  0.0021085739135742188
evaluation time:  13.882564306259155
epoch time:  13.884694814682007


-------------------------------- Iteration 21200 -------------------------------- 
initial ob: [-0.03264849  0.51488124  0.2368859  -0.2         0.6         0.015
  0.          0.6         0.015       0.          0.6         0.015     ]
agent_success: 0

training time:  0.0021369457244873047
evaluation time:  18.147878646850586
epoch time:  18.150032997131348


-------------------------------- Iteration 21400 -------------------------------- 
initial ob: [-0.03264849  0.51488124  0.2368859  -0.2         0.6         0.015
  0.          0.6         0.015       0.          0.6         0.015     ]
agent_success: 0

training time:  0.002101898193359375
evaluation time:  13.958752870559692
epoch time:  13.96088457107544


-------------------------------- Iteration 21600 -------------------------------- 
initial ob: [-0.03264849  0.51488124  0.2368859  -0.2         0.6         0.015
  0.          0.6         0.015       0.          0.6         0.015     ]
agent_success: 0

training time:  0.0022020339965820312
evaluation time:  14.008116006851196
epoch time:  14.010334730148315


-------------------------------- Training stopped due to early stopping -------------------------------- 
min loss:  0.0020777653


-------------------------------- Test Results -------------------------------- 
initial ob: [-0.03264849  0.51488124  0.2368859  -0.2         0.6         0.015
  0.          0.6         0.015       0.          0.6         0.015     ]
agent_success: 0

mean_success_rate:  0.0
Done
