/var/lib/slurm/slurmd/job3513841/slurm_script: line 9: batch_scripts/MT50_batch/seed.sh: No such file or directory
SLURM_JOBID=3513841
working directory=/viscam/u/jialugao/Imitation-SoftModule
########################
logging outputs to  /viscam/u/jialugao/Imitation-SoftModule/data/Base_bc_reach_button-press_topdown-v1_2640.000124-01-2022_18-56-06
########################
{'expert_policy_file': '../Multi-Task-RL/log/MT50_Single_Task/button-press_topdown-v1/Fixed/238/model/model_pf_best.pth', 'exp_name': 'bc_reach', 'do_dagger': False, 'ep_len': 200, 'gradient_steps': 1, 'n_iter': 10000, 'render_interval': 1, 'eval_interval': 200, 'batch_size': 64, 'eval_batch_size': 32, 'train_batch_size': 32, 'n_layers': 2, 'size': 400, 'learning_rate': 0.0001, 'video_log_freq': -1, 'scalar_log_freq': 1, 'no_gpu': False, 'which_gpu': 0, 'max_replay_buffer_size': 1000000, 'save_params': False, 'seed': 32, 'worker_nums': 1, 'eval_worker_nums': 1, 'config': 'config/BC.json', 'no_cuda': True, 'random_init': False, 'device': 'cpu', 'id': 'MT50_Single_Task', 'task_name': 'button-press_topdown-v1', 'task_env': 'MT50_task_env', 'cuda': False, 'log_dir': '/viscam/u/jialugao/Imitation-SoftModule/data/Base_bc_reach_button-press_topdown-v1_2640.000124-01-2022_18-56-06', 'agent_class': <class 'agents.bc_agent.MLPAgent'>, 'agent_params': {'n_layers': 2, 'size': 400, 'learning_rate': 0.0001, 'max_replay_buffer_size': 1000000, 'discrete': False, 'ac_dim': 4, 'ob_dim': 9}}
{'env_name': 'single_task', 'env': {'reward_scale': 1, 'obs_norm': False}, 'meta_env': {'obs_type': 'with_goal', 'random_init': False}, 'replay_buffer': {'size': 1000000.0}, 'net': {'hidden_shapes': [400, 400], 'append_hidden_shapes': [400], 'base_type': <class 'networks.base.MLPBase'>}, 'general_setting': {'discount': 0.99, 'pretrain_epochs': 20, 'num_epochs': 7500, 'epoch_frames': 200, 'max_episode_frames': 200, 'batch_size': 1280, 'min_pool': 10000, 'target_hard_update_period': 1000, 'use_soft_update': True, 'tau': 0.005, 'opt_times': 200, 'eval_episodes': 100, 'train_render': False, 'eval_render': False, 'env': <NormAct<RewardShift<SingleWrapperNone>>>, 'logger': <utils.logger.Logger object at 0x7fe895985dd0>, 'device': device(type='cpu')}, 'sac': {'plr': 0.0003, 'qlr': 0.0003, 'reparameterization': True, 'automatic_entropy_tuning': True, 'policy_std_reg_weight': 0, 'policy_mean_reg_weight': 0}}
Loading expert policy from... ../Multi-Task-RL/log/MT50_Single_Task/button-press_topdown-v1/Fixed/238/model/model_pf_best.pth
tensor([[ 0.4467,  0.0646, -1.2622,  ..., -0.0365,  0.0483,  0.0025],
        [ 0.0935, -0.0397, -0.0391,  ...,  0.0090, -0.0107, -0.0803],
        [-0.0389, -0.0834, -0.0479,  ..., -0.0016, -0.0258, -0.0475],
        ...,
        [ 0.0318, -0.0726,  0.0043,  ...,  0.0400, -0.0413, -0.0362],
        [ 0.0229, -0.2585, -1.0493,  ..., -0.0461,  0.1418,  0.1162],
        [-0.0500, -0.0072, -0.0667,  ..., -0.0211, -0.0577, -0.0257]])
Done restoring expert policy...
<NormAct<RewardShift<AugObs<SawyerButtonPressTopdownEnv instance>>>>


-------------------------------- Iteration 0 -------------------------------- 
initial ob: [-0.03265259  0.51487763  0.23688885  0.          0.88        0.13
  0.          0.88000001  0.1         0.          0.88000001  0.1       ]
expert:[-0.9629626   0.9951093   0.9694976  -0.06447275]
expert:[-0.9901197   0.9958921   0.98550695  0.84046406]
expert:[-0.99502903  0.9966065   0.9886761   0.95768195]
expert:[-0.99483365  0.99678093  0.9881564   0.9801541 ]
expert:[-0.9869199   0.9960739   0.93662983  0.9861376 ]
expert:[-0.76816124  0.99333674 -0.7502897   0.98899704]
expert:[ 0.715451    0.99244547 -0.97163194  0.3769998 ]
expert:[ 0.945505    0.9893363  -0.98828536  0.32254016]
expert:[ 0.96784157  0.98928016 -0.9912492   0.26800913]
expert:[ 0.9652382   0.9882759  -0.99115294  0.30425763]
expert:[ 0.93705153  0.9873326  -0.9874635   0.31490928]
expert:[ 0.7983578   0.98292106 -0.961829    0.16934249]
expert:[ 0.4048666   0.96957475 -0.9254284   0.22445351]
expert:[-0.76407504  0.9918444   0.62339324  0.8688499 ]
expert:[-0.86869764  0.9922377   0.974473    0.77463496]
expert:[-0.82825243  0.98742616  0.969019    0.66998935]
expert:[-0.75343055  0.9847673   0.94463795  0.53527206]
expert:[ 0.673305    0.9445852  -0.92408264 -0.5762871 ]
expert:[ 0.65631634  0.98083085 -0.4519303  -0.71354526]
expert:[ 0.6613032   0.98676     0.04107787 -0.8078336 ]
expert:[ 0.7129592   0.9886952  -0.28019854 -0.81483877]
expert:[ 0.6772284   0.9821652  -0.662639   -0.74832433]
expert:[ 0.208698    0.9823993  -0.74924845 -0.691259  ]
expert:[-0.72580886  0.98413795 -0.8836355  -0.29902816]
expert:[-0.89331293  0.9747346  -0.8904139   0.04096511]
expert:[-0.8491413   0.98199445 -0.83849543  0.00884867]
expert:[-0.78139436  0.9885324  -0.8010204  -0.13865434]
expert:[-0.5427167   0.98464006 -0.88470745 -0.22323252]
expert:[-0.19673286  0.9810674  -0.9377067  -0.4212654 ]
expert:[ 0.438158    0.9652691  -0.9305693  -0.67002326]
expert:[ 0.80545944  0.89687335 -0.7383243  -0.83451486]
expert:[ 0.8624992   0.18349046  0.4197535  -0.90405464]
expert:[ 0.87644774 -0.52029413  0.8545173  -0.9078517 ]
expert:[ 0.8605042 -0.7512097  0.8804603 -0.8690103]
expert:[ 0.8195017  -0.70802593  0.8171064  -0.83490866]
expert:[ 0.71070635 -0.5620649   0.6693099  -0.7989806 ]
expert:[ 0.3370663  -0.11837745 -0.0043857  -0.4727011 ]
expert:[-0.21256846  0.37447065 -0.32181022 -0.15691724]
expert:[-0.644297    0.40372983 -0.49674454  0.13888875]
expert:[-0.71580905  0.42134333 -0.56428915  0.2010387 ]
expert:[-0.7006559   0.375622   -0.562851    0.20920381]
expert:[-0.6538205   0.3415266  -0.5328218   0.21722339]
expert:[-0.61445105  0.3087376  -0.5187049   0.23404776]
expert:[-0.5956015   0.2923702  -0.5110851   0.24052894]
expert:[-0.5653885   0.28909335 -0.49216327  0.23779644]
expert:[-0.5270399   0.2909555  -0.47386962  0.2345215 ]
expert:[-0.4846267   0.28722346 -0.45634878  0.22905561]
expert:[-0.4285312   0.27679276 -0.4401384   0.21912186]
expert:[-0.35936877  0.26472977 -0.4205551   0.20608957]
expert:[-0.28254727  0.25259402 -0.39827636  0.19148111]
expert:[-0.20886335  0.24562472 -0.38386422  0.17202514]
expert:[-0.13664159  0.24089502 -0.37045687  0.14987439]
expert:[-0.06760403  0.23691413 -0.3556504   0.12623395]
expert:[-0.01162465  0.23341435 -0.34533024  0.11257849]
expert:[ 0.03682313  0.2292062  -0.34200397  0.11228841]
expert:[ 0.07815341  0.22468567 -0.33990607  0.11326272]
expert:[ 0.11454188  0.22056806 -0.33799955  0.11480589]
expert:[ 0.13648103  0.21921004 -0.33947486  0.11832372]
expert:[ 0.15187113  0.21921833 -0.34604755  0.12279876]
expert:[ 0.16738003  0.21867949 -0.35316202  0.12817167]
expert:[ 0.18401219  0.21492383 -0.36029488  0.13007335]
expert:[ 0.20129424  0.21032868 -0.36511448  0.1315226 ]
expert:[ 0.22219992  0.204337   -0.36676782  0.13393782]
expert:[ 0.24536169  0.19704464 -0.36696085  0.13727091]
expert:[ 0.27243042  0.187353   -0.36733964  0.1415232 ]
expert:[ 0.29796404  0.1774189  -0.3700967   0.14592642]
expert:[ 0.32051066  0.17004956 -0.3713346   0.1487541 ]
expert:[ 0.34076384  0.16413608 -0.3717559   0.1510988 ]
expert:[ 0.35985976  0.15898764 -0.37121645  0.15416381]
expert:[ 0.38247308  0.15717171 -0.36748505  0.15891807]
expert:[ 0.40314734  0.15553407 -0.36267796  0.16528744]
expert:[ 0.42515042  0.15351972 -0.35617718  0.17460382]
expert:[ 0.44583583  0.15071961 -0.34992084  0.18993446]
expert:[ 0.46828717  0.1479041  -0.34206465  0.2069486 ]
expert:[ 0.49006242  0.14526978 -0.3333794   0.22435148]
expert:[ 0.5115181   0.14264047 -0.3235728   0.24223678]
expert:[ 0.5335926   0.13968052 -0.31202933  0.26099133]
expert:[ 0.5501509   0.13775975 -0.30142492  0.2766554 ]
expert:[ 0.56250507  0.13668807 -0.29135403  0.2899277 ]
expert:[ 0.57535017  0.13239293 -0.28276226  0.29917634]
expert:[ 0.5893311   0.12664117 -0.27263743  0.3086134 ]
expert:[ 0.5997469   0.12009516 -0.2605985   0.31923708]
expert:[ 0.60586023  0.11393732 -0.24852371  0.33012435]
expert:[ 0.6030557   0.11157427 -0.24388215  0.33760813]
expert:[ 0.59962434  0.10186595 -0.24223998  0.34850886]
expert:[ 0.59424627  0.09116596 -0.24215738  0.36088374]
expert:[ 0.578786    0.08212162 -0.2522995   0.37689292]
expert:[ 0.5526803   0.06943882 -0.27383354  0.40078184]
expert:[ 0.4970306   0.06070698 -0.30380344  0.42968494]
expert:[ 0.4200297   0.05260812 -0.3392512   0.46066093]
expert:[ 0.29679123  0.02138036 -0.3847034   0.47372815]
expert:[ 0.1242621  -0.02691769 -0.44171536  0.47706196]
expert:[-0.21497127 -0.11656328 -0.5223054   0.43638855]
expert:[-0.42435506 -0.18620446 -0.5749776   0.39589444]
expert:[-0.50627863 -0.21380949 -0.5965999   0.37116987]
expert:[-0.5340066  -0.22459179 -0.60552144  0.35933813]
expert:[-0.5518722  -0.23162831 -0.6111738   0.35215387]
expert:[-0.5658898  -0.23848929 -0.6163457   0.34760445]
expert:[-0.57736516 -0.24490145 -0.62104756  0.34447497]
expert:[-0.63970554 -0.24572901 -0.65483856  0.32781568]
expert:[-0.7514181  -0.05427501 -0.70501876  0.26829717]
expert:[-0.76098645 -0.05097209 -0.71337783  0.26770177]
expert:[-0.7609792  -0.07284506 -0.71615744  0.2665088 ]
expert:[-0.75965774 -0.09207035 -0.7173921   0.26558453]
expert:[-0.7577641  -0.10592321 -0.7174434   0.2650432 ]
expert:[-0.7553287  -0.11575366 -0.716522    0.2648124 ]
expert:[-0.7522155  -0.12299988 -0.71456033  0.26446962]
expert:[-0.74814576 -0.12915306 -0.7112658   0.26330078]
expert:[-0.7429612  -0.13412353 -0.7068324   0.26221284]
expert:[-0.73586774 -0.1374249  -0.70048493  0.26122165]
expert:[-0.7265687  -0.13900799 -0.6919706   0.26033345]
expert:[-0.71567583 -0.14000238 -0.68206215  0.25952962]
expert:[-0.70363945 -0.1401415  -0.6710971   0.2588248 ]
expert:[-0.69021785 -0.13929012 -0.658863    0.25825006]
expert:[-0.6742817  -0.13822472 -0.64459115  0.25738266]
expert:[-0.656815   -0.13721065 -0.6289266   0.25828174]
expert:[-0.6375627  -0.13863456 -0.61131465  0.2648726 ]
expert:[-0.605275   -0.13114432 -0.59652257  0.2783548 ]
expert:[-0.5674788  -0.12374593 -0.58388567  0.29500544]
expert:[-0.5027536  -0.1155521  -0.5637753   0.31934065]
expert:[-0.40023506 -0.10833036 -0.5407039   0.3709279 ]
expert:[ 0.00126827 -0.08655521 -0.48851535  0.47990942]
expert:[ 0.5667603   0.01426822 -0.38397548  0.57859117]
expert:[ 0.71798396 -0.00980116 -0.3303092   0.5915371 ]
expert:[ 0.7345139  -0.0191566  -0.29992762  0.58423233]
expert:[ 0.7308485  -0.02232504 -0.30770606  0.58184683]
expert:[ 0.7283129  -0.02572775 -0.31361634  0.58072925]
expert:[ 0.7266292  -0.03140483 -0.31805184  0.58106524]
expert:[ 0.7253916  -0.03702614 -0.3214977   0.5817161 ]
expert:[ 0.7246069  -0.04154867 -0.32407308  0.5824446 ]
expert:[ 0.72405505 -0.04497851 -0.32597074  0.583138  ]
expert:[ 0.72369957 -0.0472867  -0.32723126  0.583721  ]
expert:[ 0.7235298  -0.04843874 -0.32785714  0.5841667 ]
expert:[ 0.7235378  -0.04841197 -0.32785124  0.58445746]
expert:[ 0.72371835 -0.04719593 -0.32721677  0.58458793]
expert:[ 0.72396356 -0.04459918 -0.3260275   0.5844406 ]
expert:[ 0.72427386 -0.0405008  -0.32424182  0.5840151 ]
expert:[ 0.724785   -0.03480646 -0.3216461   0.5834224 ]
expert:[ 0.7257645  -0.02767896 -0.31826526  0.5822608 ]
expert:[ 0.72665465 -0.02021425 -0.31447414  0.58099884]
expert:[ 0.72720605 -0.01372931 -0.31073633  0.57984847]
expert:[ 0.7278038  -0.00781215 -0.30709714  0.5789734 ]
expert:[ 0.72845095 -0.00461906 -0.30486465  0.5791475 ]
expert:[ 0.72752905 -0.00238859 -0.29997936  0.5764631 ]
expert:[ 0.7240709   0.00089128 -0.29560623  0.57330513]
expert:[ 0.7123552   0.00699746 -0.3061667   0.5715892 ]
expert:[ 6.8783623e-01  1.4051795e-04 -3.2547751e-01  5.6965005e-01]
expert:[ 0.6502323  -0.00456498 -0.34514937  0.56516415]
expert:[ 0.59032845 -0.00356451 -0.36920458  0.5613038 ]
expert:[ 0.48703024 -0.02304818 -0.39898908  0.5521289 ]
expert_success: 1.0
path_length: 150



-------------------------------- Iteration 0 -------------------------------- 
initial ob: [-0.03265259  0.51487763  0.23688885  0.          0.88        0.13
  0.          0.88000001  0.1         0.          0.88000001  0.1       ]
agent_success: 0

training time:  0.24300241470336914
evaluation time:  11.415283441543579
epoch time:  11.658318281173706


-------------------------------- Iteration 200 -------------------------------- 
initial ob: [-0.03265259  0.51487763  0.23688885  0.          0.88        0.13
  0.          0.88000001  0.1         0.          0.88000001  0.1       ]
agent_success: 0

training time:  0.0018002986907958984
evaluation time:  13.010430812835693
epoch time:  13.012263298034668


-------------------------------- Iteration 400 -------------------------------- 
initial ob: [-0.03265259  0.51487763  0.23688885  0.          0.88        0.13
  0.          0.88000001  0.1         0.          0.88000001  0.1       ]
agent_success: 0

training time:  0.0017919540405273438
evaluation time:  12.779047966003418
epoch time:  12.780867338180542


-------------------------------- Iteration 600 -------------------------------- 
initial ob: [-0.03265259  0.51487763  0.23688885  0.          0.88        0.13
  0.          0.88000001  0.1         0.          0.88000001  0.1       ]
agent_success: 0

training time:  0.001789093017578125
evaluation time:  12.794679403305054
epoch time:  12.796493291854858


-------------------------------- Iteration 800 -------------------------------- 
initial ob: [-0.03265259  0.51487763  0.23688885  0.          0.88        0.13
  0.          0.88000001  0.1         0.          0.88000001  0.1       ]
agent_success: 0

training time:  0.0017788410186767578
evaluation time:  12.568212985992432
epoch time:  12.570024251937866


-------------------------------- Iteration 1000 -------------------------------- 
initial ob: [-0.03265259  0.51487763  0.23688885  0.          0.88        0.13
  0.          0.88000001  0.1         0.          0.88000001  0.1       ]
agent_success: 0

training time:  0.0017948150634765625
evaluation time:  12.551074981689453
epoch time:  12.552896499633789


-------------------------------- Iteration 1200 -------------------------------- 
initial ob: [-0.03265259  0.51487763  0.23688885  0.          0.88        0.13
  0.          0.88000001  0.1         0.          0.88000001  0.1       ]
agent_success: 0

training time:  0.0018055438995361328
evaluation time:  14.530017375946045
epoch time:  14.53185248374939


-------------------------------- Iteration 1400 -------------------------------- 
initial ob: [-0.03265259  0.51487763  0.23688885  0.          0.88        0.13
  0.          0.88000001  0.1         0.          0.88000001  0.1       ]
agent_success: 0

training time:  0.0017895698547363281
evaluation time:  14.557707071304321
epoch time:  14.55951452255249


-------------------------------- Iteration 1600 -------------------------------- 
initial ob: [-0.03265259  0.51487763  0.23688885  0.          0.88        0.13
  0.          0.88000001  0.1         0.          0.88000001  0.1       ]
agent_success: 0

training time:  0.0017914772033691406
evaluation time:  14.404545545578003
epoch time:  14.406354427337646


-------------------------------- Iteration 1800 -------------------------------- 
initial ob: [-0.03265259  0.51487763  0.23688885  0.          0.88        0.13
  0.          0.88000001  0.1         0.          0.88000001  0.1       ]
agent_success: 0

training time:  0.0018053054809570312
evaluation time:  14.26429533958435
epoch time:  14.266119718551636


-------------------------------- Iteration 2000 -------------------------------- 
initial ob: [-0.03265259  0.51487763  0.23688885  0.          0.88        0.13
  0.          0.88000001  0.1         0.          0.88000001  0.1       ]
agent_success: 0

training time:  0.0017910003662109375
evaluation time:  14.005354881286621
epoch time:  14.007164716720581


-------------------------------- Iteration 2200 -------------------------------- 
initial ob: [-0.03265259  0.51487763  0.23688885  0.          0.88        0.13
  0.          0.88000001  0.1         0.          0.88000001  0.1       ]
agent_success: 0

training time:  0.001802682876586914
evaluation time:  14.223334550857544
epoch time:  14.225153923034668


-------------------------------- Iteration 2400 -------------------------------- 
initial ob: [-0.03265259  0.51487763  0.23688885  0.          0.88        0.13
  0.          0.88000001  0.1         0.          0.88000001  0.1       ]
agent_success: 0

training time:  0.0017991065979003906
evaluation time:  13.84646463394165
epoch time:  13.848319053649902


-------------------------------- Iteration 2600 -------------------------------- 
initial ob: [-0.03265259  0.51487763  0.23688885  0.          0.88        0.13
  0.          0.88000001  0.1         0.          0.88000001  0.1       ]
agent_success: 0

training time:  0.001800537109375
evaluation time:  13.733265161514282
epoch time:  13.735085725784302


-------------------------------- Iteration 2800 -------------------------------- 
initial ob: [-0.03265259  0.51487763  0.23688885  0.          0.88        0.13
  0.          0.88000001  0.1         0.          0.88000001  0.1       ]
agent_success: 0

training time:  0.001795053482055664
evaluation time:  13.520312070846558
epoch time:  13.522156000137329


-------------------------------- Iteration 3000 -------------------------------- 
initial ob: [-0.03265259  0.51487763  0.23688885  0.          0.88        0.13
  0.          0.88000001  0.1         0.          0.88000001  0.1       ]
agent_success: 1.0

training time:  0.001809835433959961
evaluation time:  11.945995807647705
epoch time:  11.947822093963623


-------------------------------- Iteration 3200 -------------------------------- 
initial ob: [-0.03265259  0.51487763  0.23688885  0.          0.88        0.13
  0.          0.88000001  0.1         0.          0.88000001  0.1       ]
agent_success: 0

training time:  0.0015254020690917969
evaluation time:  11.67208743095398
epoch time:  11.673632860183716


-------------------------------- Iteration 3400 -------------------------------- 
initial ob: [-0.03265259  0.51487763  0.23688885  0.          0.88        0.13
  0.          0.88000001  0.1         0.          0.88000001  0.1       ]
agent_success: 0

training time:  0.0016796588897705078
evaluation time:  11.632802486419678
epoch time:  11.634494543075562


-------------------------------- Iteration 3600 -------------------------------- 
initial ob: [-0.03265259  0.51487763  0.23688885  0.          0.88        0.13
  0.          0.88000001  0.1         0.          0.88000001  0.1       ]
agent_success: 1.0

training time:  0.0015339851379394531
evaluation time:  11.515707015991211
epoch time:  11.517257690429688


-------------------------------- Iteration 3800 -------------------------------- 
initial ob: [-0.03265259  0.51487763  0.23688885  0.          0.88        0.13
  0.          0.88000001  0.1         0.          0.88000001  0.1       ]
agent_success: 1.0

training time:  0.0015614032745361328
evaluation time:  11.820355415344238
epoch time:  11.82194185256958


-------------------------------- Iteration 4000 -------------------------------- 
initial ob: [-0.03265259  0.51487763  0.23688885  0.          0.88        0.13
  0.          0.88000001  0.1         0.          0.88000001  0.1       ]
agent_success: 1.0

training time:  0.001531839370727539
evaluation time:  11.59464693069458
epoch time:  11.596193313598633


-------------------------------- Iteration 4200 -------------------------------- 
initial ob: [-0.03265259  0.51487763  0.23688885  0.          0.88        0.13
  0.          0.88000001  0.1         0.          0.88000001  0.1       ]
agent_success: 1.0

training time:  0.0015358924865722656
evaluation time:  11.457337856292725
epoch time:  11.458899974822998


-------------------------------- Iteration 4400 -------------------------------- 
initial ob: [-0.03265259  0.51487763  0.23688885  0.          0.88        0.13
  0.          0.88000001  0.1         0.          0.88000001  0.1       ]
agent_success: 1.0

training time:  0.0015201568603515625
evaluation time:  11.522435188293457
epoch time:  11.523966789245605


-------------------------------- Iteration 4600 -------------------------------- 
initial ob: [-0.03265259  0.51487763  0.23688885  0.          0.88        0.13
  0.          0.88000001  0.1         0.          0.88000001  0.1       ]
agent_success: 1.0

training time:  0.0015268325805664062
evaluation time:  11.587068319320679
epoch time:  11.588612079620361


-------------------------------- Iteration 4800 -------------------------------- 
initial ob: [-0.03265259  0.51487763  0.23688885  0.          0.88        0.13
  0.          0.88000001  0.1         0.          0.88000001  0.1       ]
agent_success: 1.0

training time:  0.0015218257904052734
evaluation time:  11.572746992111206
epoch time:  11.574281930923462


-------------------------------- Iteration 5000 -------------------------------- 
initial ob: [-0.03265259  0.51487763  0.23688885  0.          0.88        0.13
  0.          0.88000001  0.1         0.          0.88000001  0.1       ]
agent_success: 1.0

training time:  0.0015265941619873047
evaluation time:  11.553635358810425
epoch time:  11.555176734924316


-------------------------------- Iteration 5200 -------------------------------- 
initial ob: [-0.03265259  0.51487763  0.23688885  0.          0.88        0.13
  0.          0.88000001  0.1         0.          0.88000001  0.1       ]
agent_success: 1.0

training time:  0.001531362533569336
evaluation time:  11.606667041778564
epoch time:  11.60822343826294


-------------------------------- Iteration 5400 -------------------------------- 
initial ob: [-0.03265259  0.51487763  0.23688885  0.          0.88        0.13
  0.          0.88000001  0.1         0.          0.88000001  0.1       ]
agent_success: 0

training time:  0.0015327930450439453
evaluation time:  11.683334112167358
epoch time:  11.684893608093262


-------------------------------- Iteration 5600 -------------------------------- 
initial ob: [-0.03265259  0.51487763  0.23688885  0.          0.88        0.13
  0.          0.88000001  0.1         0.          0.88000001  0.1       ]
agent_success: 1.0

training time:  0.001539468765258789
evaluation time:  11.609264135360718
epoch time:  11.610829830169678


-------------------------------- Iteration 5800 -------------------------------- 
initial ob: [-0.03265259  0.51487763  0.23688885  0.          0.88        0.13
  0.          0.88000001  0.1         0.          0.88000001  0.1       ]
agent_success: 1.0

training time:  0.001528024673461914
evaluation time:  11.219440460205078
epoch time:  11.220982551574707


-------------------------------- Iteration 6000 -------------------------------- 
initial ob: [-0.03265259  0.51487763  0.23688885  0.          0.88        0.13
  0.          0.88000001  0.1         0.          0.88000001  0.1       ]
agent_success: 1.0

training time:  0.0015299320220947266
evaluation time:  11.562839984893799
epoch time:  11.564383745193481


-------------------------------- Iteration 6200 -------------------------------- 
initial ob: [-0.03265259  0.51487763  0.23688885  0.          0.88        0.13
  0.          0.88000001  0.1         0.          0.88000001  0.1       ]
agent_success: 1.0

training time:  0.0015413761138916016
evaluation time:  11.666218996047974
epoch time:  11.66784930229187


-------------------------------- Iteration 6400 -------------------------------- 
initial ob: [-0.03265259  0.51487763  0.23688885  0.          0.88        0.13
  0.          0.88000001  0.1         0.          0.88000001  0.1       ]
agent_success: 1.0

training time:  0.0015282630920410156
evaluation time:  11.5114164352417
epoch time:  11.512958288192749


-------------------------------- Iteration 6600 -------------------------------- 
initial ob: [-0.03265259  0.51487763  0.23688885  0.          0.88        0.13
  0.          0.88000001  0.1         0.          0.88000001  0.1       ]
agent_success: 1.0

training time:  0.0015265941619873047
evaluation time:  11.635396718978882
epoch time:  11.636939525604248


-------------------------------- Iteration 6800 -------------------------------- 
initial ob: [-0.03265259  0.51487763  0.23688885  0.          0.88        0.13
  0.          0.88000001  0.1         0.          0.88000001  0.1       ]
agent_success: 1.0

training time:  0.0015273094177246094
evaluation time:  11.543962001800537
epoch time:  11.54550290107727


-------------------------------- Iteration 7000 -------------------------------- 
initial ob: [-0.03265259  0.51487763  0.23688885  0.          0.88        0.13
  0.          0.88000001  0.1         0.          0.88000001  0.1       ]
agent_success: 1.0

training time:  0.0015399456024169922
evaluation time:  11.550489664077759
epoch time:  11.552046060562134


-------------------------------- Iteration 7200 -------------------------------- 
initial ob: [-0.03265259  0.51487763  0.23688885  0.          0.88        0.13
  0.          0.88000001  0.1         0.          0.88000001  0.1       ]
agent_success: 1.0

training time:  0.0015375614166259766
evaluation time:  11.490158557891846
epoch time:  11.491709232330322


-------------------------------- Iteration 7400 -------------------------------- 
initial ob: [-0.03265259  0.51487763  0.23688885  0.          0.88        0.13
  0.          0.88000001  0.1         0.          0.88000001  0.1       ]
agent_success: 1.0

training time:  0.0015385150909423828
evaluation time:  11.099803924560547
epoch time:  11.101357221603394


-------------------------------- Iteration 7600 -------------------------------- 
initial ob: [-0.03265259  0.51487763  0.23688885  0.          0.88        0.13
  0.          0.88000001  0.1         0.          0.88000001  0.1       ]
agent_success: 1.0

training time:  0.0015285015106201172
evaluation time:  11.461923360824585
epoch time:  11.46347713470459


-------------------------------- Iteration 7800 -------------------------------- 
initial ob: [-0.03265259  0.51487763  0.23688885  0.          0.88        0.13
  0.          0.88000001  0.1         0.          0.88000001  0.1       ]
agent_success: 1.0

training time:  0.0015299320220947266
evaluation time:  12.263137340545654
epoch time:  12.264681100845337


-------------------------------- Iteration 8000 -------------------------------- 
initial ob: [-0.03265259  0.51487763  0.23688885  0.          0.88        0.13
  0.          0.88000001  0.1         0.          0.88000001  0.1       ]
agent_success: 1.0

training time:  0.0015277862548828125
evaluation time:  11.553475141525269
epoch time:  11.555016040802002


-------------------------------- Iteration 8200 -------------------------------- 
initial ob: [-0.03265259  0.51487763  0.23688885  0.          0.88        0.13
  0.          0.88000001  0.1         0.          0.88000001  0.1       ]
agent_success: 1.0

training time:  0.0015325546264648438
evaluation time:  11.07515025138855
epoch time:  11.07671070098877


-------------------------------- Iteration 8400 -------------------------------- 
initial ob: [-0.03265259  0.51487763  0.23688885  0.          0.88        0.13
  0.          0.88000001  0.1         0.          0.88000001  0.1       ]
agent_success: 1.0

training time:  0.0015447139739990234
evaluation time:  11.111583471298218
epoch time:  11.113144397735596


-------------------------------- Iteration 8600 -------------------------------- 
initial ob: [-0.03265259  0.51487763  0.23688885  0.          0.88        0.13
  0.          0.88000001  0.1         0.          0.88000001  0.1       ]
agent_success: 1.0

training time:  0.0015342235565185547
evaluation time:  11.094445943832397
epoch time:  11.095997095108032


-------------------------------- Iteration 8800 -------------------------------- 
initial ob: [-0.03265259  0.51487763  0.23688885  0.          0.88        0.13
  0.          0.88000001  0.1         0.          0.88000001  0.1       ]
agent_success: 1.0

training time:  0.0015363693237304688
evaluation time:  11.374071598052979
epoch time:  11.375658750534058


-------------------------------- Iteration 9000 -------------------------------- 
initial ob: [-0.03265259  0.51487763  0.23688885  0.          0.88        0.13
  0.          0.88000001  0.1         0.          0.88000001  0.1       ]
agent_success: 1.0

training time:  0.0015330314636230469
evaluation time:  11.491409063339233
epoch time:  11.49297308921814


-------------------------------- Iteration 9200 -------------------------------- 
initial ob: [-0.03265259  0.51487763  0.23688885  0.          0.88        0.13
  0.          0.88000001  0.1         0.          0.88000001  0.1       ]
agent_success: 1.0

training time:  0.001537322998046875
evaluation time:  11.31577205657959
epoch time:  11.317323446273804


-------------------------------- Iteration 9400 -------------------------------- 
initial ob: [-0.03265259  0.51487763  0.23688885  0.          0.88        0.13
  0.          0.88000001  0.1         0.          0.88000001  0.1       ]
agent_success: 1.0

training time:  0.0015501976013183594
evaluation time:  11.020157814025879
epoch time:  11.021722555160522


-------------------------------- Iteration 9600 -------------------------------- 
initial ob: [-0.03265259  0.51487763  0.23688885  0.          0.88        0.13
  0.          0.88000001  0.1         0.          0.88000001  0.1       ]
agent_success: 1.0

training time:  0.0015301704406738281
evaluation time:  11.148394346237183
epoch time:  11.149937152862549


-------------------------------- Iteration 9800 -------------------------------- 
initial ob: [-0.03265259  0.51487763  0.23688885  0.          0.88        0.13
  0.          0.88000001  0.1         0.          0.88000001  0.1       ]
agent_success: 1.0

training time:  0.0015380382537841797
evaluation time:  10.84366488456726
epoch time:  10.845224618911743


-------------------------------- Test Results -------------------------------- 
initial ob: [-0.03265259  0.51487763  0.23688885  0.          0.88        0.13
  0.          0.88000001  0.1         0.          0.88000001  0.1       ]
agent_success: 1.0

mean_success_rate:  1.0
Done
