/var/lib/slurm/slurmd/job3513851/slurm_script: line 9: batch_scripts/MT50_batch/seed.sh: No such file or directory
SLURM_JOBID=3513851
working directory=/viscam/u/jialugao/Imitation-SoftModule
########################
logging outputs to  /viscam/u/jialugao/Imitation-SoftModule/data/Base_bc_reach_plate-slide-v1_2640.000124-01-2022_18-56-05
########################
{'expert_policy_file': '../Multi-Task-RL/log/MT50_Single_Task/plate-slide-v1/Fixed/238/model/model_pf_best.pth', 'exp_name': 'bc_reach', 'do_dagger': False, 'ep_len': 200, 'gradient_steps': 1, 'n_iter': 10000, 'render_interval': 1, 'eval_interval': 200, 'batch_size': 64, 'eval_batch_size': 32, 'train_batch_size': 32, 'n_layers': 2, 'size': 400, 'learning_rate': 0.0001, 'video_log_freq': -1, 'scalar_log_freq': 1, 'no_gpu': False, 'which_gpu': 0, 'max_replay_buffer_size': 1000000, 'save_params': False, 'seed': 32, 'worker_nums': 1, 'eval_worker_nums': 1, 'config': 'config/BC.json', 'no_cuda': True, 'random_init': False, 'device': 'cpu', 'id': 'MT50_Single_Task', 'task_name': 'plate-slide-v1', 'task_env': 'MT50_task_env', 'cuda': False, 'log_dir': '/viscam/u/jialugao/Imitation-SoftModule/data/Base_bc_reach_plate-slide-v1_2640.000124-01-2022_18-56-05', 'agent_class': <class 'agents.bc_agent.MLPAgent'>, 'agent_params': {'n_layers': 2, 'size': 400, 'learning_rate': 0.0001, 'max_replay_buffer_size': 1000000, 'discrete': False, 'ac_dim': 4, 'ob_dim': 9}}
{'env_name': 'single_task', 'env': {'reward_scale': 1, 'obs_norm': False}, 'meta_env': {'obs_type': 'with_goal', 'random_init': False}, 'replay_buffer': {'size': 1000000.0}, 'net': {'hidden_shapes': [400, 400], 'append_hidden_shapes': [400], 'base_type': <class 'networks.base.MLPBase'>}, 'general_setting': {'discount': 0.99, 'pretrain_epochs': 20, 'num_epochs': 7500, 'epoch_frames': 200, 'max_episode_frames': 200, 'batch_size': 1280, 'min_pool': 10000, 'target_hard_update_period': 1000, 'use_soft_update': True, 'tau': 0.005, 'opt_times': 200, 'eval_episodes': 100, 'train_render': False, 'eval_render': False, 'env': <NormAct<RewardShift<SingleWrapperNone>>>, 'logger': <utils.logger.Logger object at 0x7f1cf4749ed0>, 'device': device(type='cpu')}, 'sac': {'plr': 0.0003, 'qlr': 0.0003, 'reparameterization': True, 'automatic_entropy_tuning': True, 'policy_std_reg_weight': 0, 'policy_mean_reg_weight': 0}}
Loading expert policy from... ../Multi-Task-RL/log/MT50_Single_Task/plate-slide-v1/Fixed/238/model/model_pf_best.pth
tensor([[-0.0244, -0.0167, -0.0563,  ..., -0.0365, -0.0216, -0.0675],
        [-0.0013, -0.0397, -0.0409,  ...,  0.0090, -0.0110, -0.0802],
        [ 0.4703, -0.3051, -0.0897,  ..., -0.0016,  0.0239,  0.0021],
        ...,
        [ 0.0397, -0.0785, -0.0076,  ...,  0.0400, -0.0489, -0.0438],
        [-0.4393, -0.1968, -0.2555,  ..., -0.0461, -0.0420, -0.0676],
        [-0.1301, -0.0276, -0.1241,  ..., -0.0211, -0.0757, -0.0438]])
Done restoring expert policy...
<NormAct<RewardShift<AugObs<SawyerPlateSlideEnv instance>>>>


-------------------------------- Iteration 0 -------------------------------- 
initial ob: [-0.03264849  0.51488124  0.2368859   0.          0.6         0.015
  0.          0.85        0.02        0.          0.85        0.02      ]
expert:[ 0.689698   -0.46850845 -0.94500476  0.4077437 ]
expert:[ 0.8807431  -0.7779495  -0.97419333  0.38915518]
expert:[ 0.9223712  -0.9013942  -0.9791319   0.92260414]
expert:[ 0.2936017 -0.9207049 -0.9790179  0.7943039]
expert:[ 0.21092841 -0.8246787  -0.9796292   0.3359039 ]
expert:[ 0.05781922 -0.5671373  -0.97748786 -0.07234787]
expert:[-0.86740476 -0.9300009  -0.8966974   0.39486626]
expert:[-0.94033456 -0.9721545  -0.81873     0.5660533 ]
expert:[-0.9139026  -0.9590289  -0.879244    0.46533343]
expert:[-0.79579794 -0.76540965 -0.94657886  0.2051349 ]
expert:[-0.42306477  0.6778461  -0.96444976  0.19561595]
expert:[-0.13796993  0.93286824 -0.94996136  0.44980717]
expert:[-0.24349509  0.9756017  -0.8680204   0.50800717]
expert:[-0.17586596  0.99054104 -0.8056205   0.5975837 ]
expert:[-0.37528643  0.99312896 -0.82682973  0.5753211 ]
expert:[-0.6327725   0.9961289  -0.88608986  0.20064579]
expert:[-0.3164515   0.9957173  -0.87745726  0.00518739]
expert:[-0.12323269  0.9953747  -0.8569548  -0.4718207 ]
expert:[ 0.20210804  0.9863751  -0.5077757  -0.29002088]
expert:[ 0.72926146  0.9746966  -0.1500281  -0.19217558]
expert:[ 0.8527583   0.96941566 -0.05665176 -0.20736417]
expert:[ 0.35332015  0.9725879  -0.32168245 -0.13720493]
expert:[-0.3100982  0.9944911 -0.8181526 -0.0735231]
expert:[-0.5669038   0.99720883 -0.94855803  0.00385312]
expert:[-0.584913    0.9977662  -0.9570623   0.08137123]
expert:[-0.60920566  0.9965623  -0.9430109   0.20357446]
expert:[-0.59674513  0.99313205 -0.8953005   0.32169175]
expert:[-0.17261301  0.9557491  -0.5268289   0.16057572]
expert:[ 0.9349492   0.89771247 -0.0744242  -0.18758641]
expert:[ 0.9845715   0.93792856  0.01583897 -0.25835732]
expert:[ 0.97893524  0.93550205  0.00383894 -0.2254849 ]
expert:[ 0.45955667  0.8563857  -0.2594798   0.04703488]
expert:[-0.6274439   0.9710785  -0.84291404  0.5843336 ]
expert:[-0.48377484  0.94765466 -0.774162    0.5435765 ]
expert:[-0.29623476  0.8323362  -0.62437975  0.5427896 ]
expert:[-0.15134315  0.61186624 -0.4696934   0.5871868 ]
expert:[-0.09773195  0.4443745  -0.36744776  0.6679428 ]
expert:[-0.10078626  0.439895   -0.36399943  0.6893351 ]
expert:[-0.09599138  0.44362447 -0.36364278  0.69391406]
expert:[-0.11706732  0.48036206 -0.38361937  0.6957037 ]
expert:[-0.1475935   0.53201914 -0.4125548   0.69496334]
expert:[-0.16734059  0.55820066 -0.43247434  0.69614923]
expert:[-0.1816569   0.58052987 -0.44967118  0.6961921 ]
expert:[-0.19744274  0.59948784 -0.46951634  0.6981252 ]
expert:[-0.12837076  0.4397852  -0.38014492  0.75964814]
expert:[-0.13324438  0.43273932 -0.38283375  0.77498406]
expert:[-0.13498212  0.42980564 -0.38707536  0.78044903]
expert:[-0.13550061  0.42291188 -0.39001465  0.78572   ]
expert:[-0.13341604  0.41540018 -0.39095604  0.79052156]
expert:[-0.1317841   0.40806705 -0.39132607  0.7950681 ]
expert:[-0.13051413  0.40230525 -0.39070418  0.79996747]
expert:[-0.12947889  0.39978552 -0.3890083   0.805496  ]
expert:[-0.12826258  0.39575398 -0.3870295   0.8092468 ]
expert:[-0.12705529  0.39121962 -0.38498247  0.8124414 ]
expert:[-0.12587634  0.386826   -0.3829239   0.8154243 ]
expert:[-0.12638636  0.38410676 -0.38107473  0.81807554]
expert:[-0.12812915  0.3826067  -0.37941915  0.82039714]
expert:[-0.12958804  0.38134712 -0.3780429   0.82228994]
expert:[-0.13097933  0.38015231 -0.37675592  0.82410014]
expert:[-0.1323179   0.37903982 -0.37551868  0.8258407 ]
expert:[-0.13355821  0.37824616 -0.3743065   0.82751274]
expert:[-0.13470042  0.37771887 -0.37314886  0.82910025]
expert:[-0.13570185  0.3772459  -0.37206075  0.830479  ]
expert:[-0.13664639  0.3766269  -0.3710767   0.8317177 ]
expert:[-0.13744238  0.3762339  -0.370378    0.8329364 ]
expert:[-0.13792363  0.37626207 -0.3703562   0.83422697]
expert:[-0.13838322  0.3763301  -0.3703417   0.8354627 ]
expert:[-0.13883924  0.37644592 -0.37034607  0.83669406]
expert:[-0.13932818  0.37640503 -0.37036917  0.8379963 ]
expert:[-0.13979258  0.37652898 -0.37041014  0.83924985]
expert:[-0.14023986  0.37648445 -0.37043622  0.8404375 ]
expert:[-0.14066279  0.3766662  -0.3704862   0.8415853 ]
expert:[-0.14088808  0.37675574 -0.37060297  0.8428088 ]
expert:[-0.14076315  0.37717226 -0.3708878   0.84423566]
expert:[-0.14064854  0.37759352 -0.37116292  0.8455914 ]
expert:[-0.14053105  0.3779545  -0.37142813  0.8468857 ]
expert:[-0.14044076  0.37840602 -0.3716852   0.8481056 ]
expert:[-0.14035487  0.37883735 -0.37193337  0.849267  ]
expert:[-0.1402602   0.37912467 -0.3721626   0.85034066]
expert:[-0.14019486  0.37950984 -0.3723941   0.8513809 ]
expert:[-0.14014244  0.37991646 -0.37261805  0.85236156]
expert:[-0.14006357  0.38015246 -0.3728346   0.85330933]
expert:[-0.14003772  0.38060665 -0.37304348  0.85417503]
expert:[-0.14001618  0.3810377  -0.37324515  0.85498893]
expert:[-0.13997698  0.38134292 -0.3734407   0.8557706 ]
expert:[-0.13993539  0.38159922 -0.3736298   0.85651135]
expert:[-0.13992678  0.38197982 -0.37381202  0.8571904 ]
expert:[-0.13991958  0.38233194 -0.37398842  0.8578304 ]
expert:[-0.13992769  0.38272467 -0.37416002  0.8584264 ]
expert:[-0.139914    0.3830089  -0.37432808  0.85897624]
expert:[-0.13987792  0.3831662  -0.3744924   0.85948586]
expert:[-0.13988169  0.38347    -0.3746514   0.859929  ]
expert:[-0.13985191  0.38356176 -0.37480608  0.8603567 ]
expert:[-0.1399028   0.38400427 -0.37495464  0.8606947 ]
expert:[-0.14005628  0.38451698 -0.37497342  0.86058664]
expert:[-0.14038996  0.38548288 -0.37486044  0.8599812 ]
expert:[-0.14081463  0.38685265 -0.37475008  0.85928917]
expert:[-0.14120802  0.38805777 -0.37464413  0.85860914]
expert:[-0.14154129  0.38879892 -0.37454745  0.8578707 ]
expert:[-0.14188546  0.3895307  -0.37445512  0.8570855 ]
expert:[-0.1422807   0.39053395 -0.37436342  0.85627395]
expert:[-0.14265777  0.39158353 -0.37427095  0.855548  ]
expert:[-0.14312887  0.3931733  -0.37417766  0.8548025 ]
expert:[-0.1434587   0.39394832 -0.3740943   0.8540781 ]
expert:[-0.14358537  0.39538252 -0.3741569   0.853472  ]
expert:[-0.1433641   0.39681968 -0.37436658  0.8531143 ]
expert:[-0.14312048  0.39857167 -0.3745809   0.85274714]
expert:[-0.1426305   0.4008328  -0.37514016  0.8523727 ]
expert:[-0.14185017  0.40371713 -0.37635794  0.85211676]
expert:[-0.14106745  0.40663812 -0.37758452  0.8518737 ]
expert:[-0.14055142  0.40867323 -0.3783712   0.85168123]
expert:[-0.1400211   0.41065294 -0.37917525  0.85148245]
expert:[-0.13935097  0.41303554 -0.3802084   0.85126215]
expert:[-0.13875374  0.41451782 -0.38106     0.85100096]
expert:[-0.138093    0.41645306 -0.38204172  0.85075635]
expert:[-0.13749191  0.4176495  -0.38285524  0.8504583 ]
expert:[-0.1368032   0.41941473 -0.3838408   0.8501728 ]
expert:[-0.13616627  0.42100143 -0.384744    0.8498963 ]
expert:[-0.1355503   0.42300633 -0.38567     0.8496789 ]
expert:[-0.13483675  0.42485535 -0.38670692  0.8493445 ]
expert:[-0.1340746   0.42694327 -0.387834    0.8490044 ]
expert:[-0.13341767  0.42956662 -0.38889048  0.8487892 ]
expert:[-0.1327334   0.4322498  -0.38998953  0.8485723 ]
expert:[-0.13188684  0.43485838 -0.39125144  0.8482138 ]
expert:[-0.13098158  0.43770987 -0.39256066  0.8478217 ]
expert:[-0.1296804   0.4400288  -0.3943881   0.84723705]
expert:[-0.12844166  0.4424083  -0.39616457  0.8467062 ]
expert:[-0.12731768  0.44486934 -0.3977931   0.8462462 ]
expert:[-0.12605092  0.4468527  -0.39951715  0.84565634]
expert:[-0.12484565  0.44864193 -0.40114608  0.84508395]
expert:[-0.12378034  0.45046926 -0.40260014  0.8445871 ]
expert:[-0.12283306  0.4523057  -0.40388775  0.8441234 ]
expert:[-0.10843797  0.44374496 -0.42029938  0.8326946 ]
expert:[ 0.8273422   0.05640211 -0.28483796  0.83013403]
expert:[ 0.9734204   0.08989293 -0.16753078  0.88114953]
expert:[9.7528517e-01 1.4354876e-01 8.6890138e-04 8.7788427e-01]
expert:[0.9443873  0.1511223  0.07054545 0.86035824]
expert:[0.9135594  0.08156069 0.06998105 0.87907755]
expert:[0.90595967 0.08569258 0.08449781 0.8883671 ]
expert:[0.8993846  0.09340762 0.09459984 0.8913532 ]
expert:[0.8902952  0.10202678 0.10277826 0.88258845]
expert:[0.8823707  0.10951875 0.10758568 0.87258244]
expert:[0.8859356  0.1199475  0.10067677 0.8673902 ]
expert:[0.8886448  0.12781711 0.09294904 0.8620208 ]
expert:[0.89100546 0.14026235 0.08748109 0.85740376]
expert:[0.8923679  0.1556011  0.08314846 0.8535264 ]
expert:[0.8975263  0.1807735  0.07603672 0.847331  ]
expert:[0.9023126  0.200174   0.07228319 0.84306484]
expert:[0.9091707  0.21807744 0.06927155 0.84226936]
expert:[0.9171435  0.23368663 0.06736435 0.8437971 ]
expert_success: 1.0
path_length: 150



-------------------------------- Iteration 0 -------------------------------- 
initial ob: [-0.03264849  0.51488124  0.2368859   0.          0.6         0.015
  0.          0.85        0.02        0.          0.85        0.02      ]
agent_success: 0

training time:  0.1468822956085205
evaluation time:  6.8151984214782715
epoch time:  6.962110996246338


-------------------------------- Iteration 200 -------------------------------- 
initial ob: [-0.03264849  0.51488124  0.2368859   0.          0.6         0.015
  0.          0.85        0.02        0.          0.85        0.02      ]
agent_success: 0

training time:  0.002454519271850586
evaluation time:  7.766285419464111
epoch time:  7.76876974105835


-------------------------------- Iteration 400 -------------------------------- 
initial ob: [-0.03264849  0.51488124  0.2368859   0.          0.6         0.015
  0.          0.85        0.02        0.          0.85        0.02      ]
agent_success: 0

training time:  0.0026574134826660156
evaluation time:  7.945961952209473
epoch time:  7.948652744293213


-------------------------------- Iteration 600 -------------------------------- 
initial ob: [-0.03264849  0.51488124  0.2368859   0.          0.6         0.015
  0.          0.85        0.02        0.          0.85        0.02      ]
agent_success: 0

training time:  0.002577543258666992
evaluation time:  7.871311187744141
epoch time:  7.873915910720825


-------------------------------- Iteration 800 -------------------------------- 
initial ob: [-0.03264849  0.51488124  0.2368859   0.          0.6         0.015
  0.          0.85        0.02        0.          0.85        0.02      ]
agent_success: 0

training time:  0.0025603771209716797
evaluation time:  8.04962968826294
epoch time:  8.052228450775146


-------------------------------- Iteration 1000 -------------------------------- 
initial ob: [-0.03264849  0.51488124  0.2368859   0.          0.6         0.015
  0.          0.85        0.02        0.          0.85        0.02      ]
agent_success: 0

training time:  0.002783536911010742
evaluation time:  8.199942350387573
epoch time:  8.202750444412231


-------------------------------- Iteration 1200 -------------------------------- 
initial ob: [-0.03264849  0.51488124  0.2368859   0.          0.6         0.015
  0.          0.85        0.02        0.          0.85        0.02      ]
agent_success: 0

training time:  0.002386808395385742
evaluation time:  8.01296353340149
epoch time:  8.015377283096313


-------------------------------- Iteration 1400 -------------------------------- 
initial ob: [-0.03264849  0.51488124  0.2368859   0.          0.6         0.015
  0.          0.85        0.02        0.          0.85        0.02      ]
agent_success: 0

training time:  0.0023250579833984375
evaluation time:  8.384193897247314
epoch time:  8.386540174484253


-------------------------------- Iteration 1600 -------------------------------- 
initial ob: [-0.03264849  0.51488124  0.2368859   0.          0.6         0.015
  0.          0.85        0.02        0.          0.85        0.02      ]
agent_success: 0

training time:  0.0025284290313720703
evaluation time:  8.459794998168945
epoch time:  8.462346315383911


-------------------------------- Iteration 1800 -------------------------------- 
initial ob: [-0.03264849  0.51488124  0.2368859   0.          0.6         0.015
  0.          0.85        0.02        0.          0.85        0.02      ]
agent_success: 0

training time:  0.0025742053985595703
evaluation time:  8.447600841522217
epoch time:  8.450194597244263


-------------------------------- Iteration 2000 -------------------------------- 
initial ob: [-0.03264849  0.51488124  0.2368859   0.          0.6         0.015
  0.          0.85        0.02        0.          0.85        0.02      ]
agent_success: 0

training time:  0.002475261688232422
evaluation time:  8.406376838684082
epoch time:  8.408874750137329


-------------------------------- Iteration 2200 -------------------------------- 
initial ob: [-0.03264849  0.51488124  0.2368859   0.          0.6         0.015
  0.          0.85        0.02        0.          0.85        0.02      ]
agent_success: 0

training time:  0.0024819374084472656
evaluation time:  8.353395938873291
epoch time:  8.35590147972107


-------------------------------- Iteration 2400 -------------------------------- 
initial ob: [-0.03264849  0.51488124  0.2368859   0.          0.6         0.015
  0.          0.85        0.02        0.          0.85        0.02      ]
agent_success: 0

training time:  0.002511739730834961
evaluation time:  8.305137395858765
epoch time:  8.307688474655151


-------------------------------- Iteration 2600 -------------------------------- 
initial ob: [-0.03264849  0.51488124  0.2368859   0.          0.6         0.015
  0.          0.85        0.02        0.          0.85        0.02      ]
agent_success: 0

training time:  0.0023522377014160156
evaluation time:  8.002245664596558
epoch time:  8.004619359970093


-------------------------------- Iteration 2800 -------------------------------- 
initial ob: [-0.03264849  0.51488124  0.2368859   0.          0.6         0.015
  0.          0.85        0.02        0.          0.85        0.02      ]
agent_success: 0

training time:  0.0023686885833740234
evaluation time:  8.284184455871582
epoch time:  8.28661561012268


-------------------------------- Iteration 3000 -------------------------------- 
initial ob: [-0.03264849  0.51488124  0.2368859   0.          0.6         0.015
  0.          0.85        0.02        0.          0.85        0.02      ]
agent_success: 0

training time:  0.002572774887084961
evaluation time:  8.450174331665039
epoch time:  8.452765226364136


-------------------------------- Iteration 3200 -------------------------------- 
initial ob: [-0.03264849  0.51488124  0.2368859   0.          0.6         0.015
  0.          0.85        0.02        0.          0.85        0.02      ]
agent_success: 0

training time:  0.002619504928588867
evaluation time:  8.452419757843018
epoch time:  8.455058097839355


-------------------------------- Iteration 3400 -------------------------------- 
initial ob: [-0.03264849  0.51488124  0.2368859   0.          0.6         0.015
  0.          0.85        0.02        0.          0.85        0.02      ]
agent_success: 1.0

training time:  0.0024847984313964844
evaluation time:  8.558947801589966
epoch time:  8.561446905136108


-------------------------------- Iteration 3600 -------------------------------- 
initial ob: [-0.03264849  0.51488124  0.2368859   0.          0.6         0.015
  0.          0.85        0.02        0.          0.85        0.02      ]
agent_success: 1.0

training time:  0.0025436878204345703
evaluation time:  8.507556438446045
epoch time:  8.510117530822754


-------------------------------- Iteration 3800 -------------------------------- 
initial ob: [-0.03264849  0.51488124  0.2368859   0.          0.6         0.015
  0.          0.85        0.02        0.          0.85        0.02      ]
agent_success: 1.0

training time:  0.002537250518798828
evaluation time:  8.404020309448242
epoch time:  8.40659236907959


-------------------------------- Iteration 4000 -------------------------------- 
initial ob: [-0.03264849  0.51488124  0.2368859   0.          0.6         0.015
  0.          0.85        0.02        0.          0.85        0.02      ]
agent_success: 1.0

training time:  0.0023996829986572266
evaluation time:  8.155021905899048
epoch time:  8.157434701919556


-------------------------------- Iteration 4200 -------------------------------- 
initial ob: [-0.03264849  0.51488124  0.2368859   0.          0.6         0.015
  0.          0.85        0.02        0.          0.85        0.02      ]
agent_success: 1.0

training time:  0.0024459362030029297
evaluation time:  8.407893896102905
epoch time:  8.410365343093872


-------------------------------- Iteration 4400 -------------------------------- 
initial ob: [-0.03264849  0.51488124  0.2368859   0.          0.6         0.015
  0.          0.85        0.02        0.          0.85        0.02      ]
agent_success: 1.0

training time:  0.0024814605712890625
evaluation time:  8.58698058128357
epoch time:  8.589570999145508


-------------------------------- Iteration 4600 -------------------------------- 
initial ob: [-0.03264849  0.51488124  0.2368859   0.          0.6         0.015
  0.          0.85        0.02        0.          0.85        0.02      ]
agent_success: 1.0

training time:  0.002494335174560547
evaluation time:  8.536118984222412
epoch time:  8.538628101348877


-------------------------------- Iteration 4800 -------------------------------- 
initial ob: [-0.03264849  0.51488124  0.2368859   0.          0.6         0.015
  0.          0.85        0.02        0.          0.85        0.02      ]
agent_success: 1.0

training time:  0.002401590347290039
evaluation time:  8.562211275100708
epoch time:  8.564627408981323


-------------------------------- Iteration 5000 -------------------------------- 
initial ob: [-0.03264849  0.51488124  0.2368859   0.          0.6         0.015
  0.          0.85        0.02        0.          0.85        0.02      ]
agent_success: 1.0

training time:  0.0024776458740234375
evaluation time:  8.359802722930908
epoch time:  8.362295150756836


-------------------------------- Iteration 5200 -------------------------------- 
initial ob: [-0.03264849  0.51488124  0.2368859   0.          0.6         0.015
  0.          0.85        0.02        0.          0.85        0.02      ]
agent_success: 1.0

training time:  0.002462625503540039
evaluation time:  8.351497888565063
epoch time:  8.353978872299194


-------------------------------- Iteration 5400 -------------------------------- 
initial ob: [-0.03264849  0.51488124  0.2368859   0.          0.6         0.015
  0.          0.85        0.02        0.          0.85        0.02      ]
agent_success: 1.0

training time:  0.002474069595336914
evaluation time:  8.047444820404053
epoch time:  8.049930095672607


-------------------------------- Iteration 5600 -------------------------------- 
initial ob: [-0.03264849  0.51488124  0.2368859   0.          0.6         0.015
  0.          0.85        0.02        0.          0.85        0.02      ]
agent_success: 1.0

training time:  0.002361774444580078
evaluation time:  8.44811725616455
epoch time:  8.450497388839722


-------------------------------- Iteration 5800 -------------------------------- 
initial ob: [-0.03264849  0.51488124  0.2368859   0.          0.6         0.015
  0.          0.85        0.02        0.          0.85        0.02      ]
agent_success: 1.0

training time:  0.002477407455444336
evaluation time:  8.487580299377441
epoch time:  8.490071773529053


-------------------------------- Iteration 6000 -------------------------------- 
initial ob: [-0.03264849  0.51488124  0.2368859   0.          0.6         0.015
  0.          0.85        0.02        0.          0.85        0.02      ]
agent_success: 1.0

training time:  0.002522706985473633
evaluation time:  8.539618730545044
epoch time:  8.542166948318481


-------------------------------- Iteration 6200 -------------------------------- 
initial ob: [-0.03264849  0.51488124  0.2368859   0.          0.6         0.015
  0.          0.85        0.02        0.          0.85        0.02      ]
agent_success: 1.0

training time:  0.002523183822631836
evaluation time:  8.476158857345581
epoch time:  8.478764772415161


-------------------------------- Iteration 6400 -------------------------------- 
initial ob: [-0.03264849  0.51488124  0.2368859   0.          0.6         0.015
  0.          0.85        0.02        0.          0.85        0.02      ]
agent_success: 1.0

training time:  0.002680540084838867
evaluation time:  8.41478943824768
epoch time:  8.417482852935791


-------------------------------- Iteration 6600 -------------------------------- 
initial ob: [-0.03264849  0.51488124  0.2368859   0.          0.6         0.015
  0.          0.85        0.02        0.          0.85        0.02      ]
agent_success: 1.0

training time:  0.002454519271850586
evaluation time:  8.265594959259033
epoch time:  8.268059968948364


-------------------------------- Iteration 6800 -------------------------------- 
initial ob: [-0.03264849  0.51488124  0.2368859   0.          0.6         0.015
  0.          0.85        0.02        0.          0.85        0.02      ]
agent_success: 1.0

training time:  0.002337217330932617
evaluation time:  8.113096475601196
epoch time:  8.115446329116821


-------------------------------- Iteration 7000 -------------------------------- 
initial ob: [-0.03264849  0.51488124  0.2368859   0.          0.6         0.015
  0.          0.85        0.02        0.          0.85        0.02      ]
agent_success: 1.0

training time:  0.0023331642150878906
evaluation time:  8.3746497631073
epoch time:  8.37700080871582


-------------------------------- Iteration 7200 -------------------------------- 
initial ob: [-0.03264849  0.51488124  0.2368859   0.          0.6         0.015
  0.          0.85        0.02        0.          0.85        0.02      ]
agent_success: 1.0

training time:  0.002731800079345703
evaluation time:  8.532311916351318
epoch time:  8.535058498382568


-------------------------------- Iteration 7400 -------------------------------- 
initial ob: [-0.03264849  0.51488124  0.2368859   0.          0.6         0.015
  0.          0.85        0.02        0.          0.85        0.02      ]
agent_success: 1.0

training time:  0.002506256103515625
evaluation time:  8.531728506088257
epoch time:  8.534255266189575


-------------------------------- Iteration 7600 -------------------------------- 
initial ob: [-0.03264849  0.51488124  0.2368859   0.          0.6         0.015
  0.          0.85        0.02        0.          0.85        0.02      ]
agent_success: 1.0

training time:  0.0025856494903564453
evaluation time:  8.447975397109985
epoch time:  8.450574398040771


-------------------------------- Iteration 7800 -------------------------------- 
initial ob: [-0.03264849  0.51488124  0.2368859   0.          0.6         0.015
  0.          0.85        0.02        0.          0.85        0.02      ]
agent_success: 1.0

training time:  0.0024836063385009766
evaluation time:  8.424304485321045
epoch time:  8.426811695098877


-------------------------------- Iteration 8000 -------------------------------- 
initial ob: [-0.03264849  0.51488124  0.2368859   0.          0.6         0.015
  0.          0.85        0.02        0.          0.85        0.02      ]
agent_success: 1.0

training time:  0.0025718212127685547
evaluation time:  8.352165699005127
epoch time:  8.35475206375122


-------------------------------- Iteration 8200 -------------------------------- 
initial ob: [-0.03264849  0.51488124  0.2368859   0.          0.6         0.015
  0.          0.85        0.02        0.          0.85        0.02      ]
agent_success: 1.0

training time:  0.0024161338806152344
evaluation time:  8.157324314117432
epoch time:  8.159770250320435


-------------------------------- Iteration 8400 -------------------------------- 
initial ob: [-0.03264849  0.51488124  0.2368859   0.          0.6         0.015
  0.          0.85        0.02        0.          0.85        0.02      ]
agent_success: 1.0

training time:  0.0023763179779052734
evaluation time:  8.449968099594116
epoch time:  8.452359437942505


-------------------------------- Iteration 8600 -------------------------------- 
initial ob: [-0.03264849  0.51488124  0.2368859   0.          0.6         0.015
  0.          0.85        0.02        0.          0.85        0.02      ]
agent_success: 1.0

training time:  0.0026404857635498047
evaluation time:  8.479108095169067
epoch time:  8.481762170791626


-------------------------------- Iteration 8800 -------------------------------- 
initial ob: [-0.03264849  0.51488124  0.2368859   0.          0.6         0.015
  0.          0.85        0.02        0.          0.85        0.02      ]
agent_success: 1.0

training time:  0.0024328231811523438
evaluation time:  8.42089056968689
epoch time:  8.423375844955444


-------------------------------- Training stopped due to early stopping -------------------------------- 
min loss:  0.0038632122


-------------------------------- Test Results -------------------------------- 
initial ob: [-0.03264849  0.51488124  0.2368859   0.          0.6         0.015
  0.          0.85        0.02        0.          0.85        0.02      ]
agent_success: 1.0

mean_success_rate:  1.0
Done
