/var/lib/slurm/slurmd/job3513839/slurm_script: line 9: batch_scripts/MT50_batch/seed.sh: No such file or directory
SLURM_JOBID=3513839
working directory=/viscam/u/jialugao/Imitation-SoftModule
########################
logging outputs to  /viscam/u/jialugao/Imitation-SoftModule/data/Base_bc_reach_drawer-open-v1_2640.000124-01-2022_18-56-07
########################
{'expert_policy_file': '../Multi-Task-RL/log/MT50_Single_Task/drawer-open-v1/Fixed/238/model/model_pf_best.pth', 'exp_name': 'bc_reach', 'do_dagger': False, 'ep_len': 200, 'gradient_steps': 1, 'n_iter': 10000, 'render_interval': 1, 'eval_interval': 200, 'batch_size': 64, 'eval_batch_size': 32, 'train_batch_size': 32, 'n_layers': 2, 'size': 400, 'learning_rate': 0.0001, 'video_log_freq': -1, 'scalar_log_freq': 1, 'no_gpu': False, 'which_gpu': 0, 'max_replay_buffer_size': 1000000, 'save_params': False, 'seed': 32, 'worker_nums': 1, 'eval_worker_nums': 1, 'config': 'config/BC.json', 'no_cuda': True, 'random_init': False, 'device': 'cpu', 'id': 'MT50_Single_Task', 'task_name': 'drawer-open-v1', 'task_env': 'MT50_task_env', 'cuda': False, 'log_dir': '/viscam/u/jialugao/Imitation-SoftModule/data/Base_bc_reach_drawer-open-v1_2640.000124-01-2022_18-56-07', 'agent_class': <class 'agents.bc_agent.MLPAgent'>, 'agent_params': {'n_layers': 2, 'size': 400, 'learning_rate': 0.0001, 'max_replay_buffer_size': 1000000, 'discrete': False, 'ac_dim': 4, 'ob_dim': 9}}
{'env_name': 'single_task', 'env': {'reward_scale': 1, 'obs_norm': False}, 'meta_env': {'obs_type': 'with_goal', 'random_init': False}, 'replay_buffer': {'size': 1000000.0}, 'net': {'hidden_shapes': [400, 400], 'append_hidden_shapes': [400], 'base_type': <class 'networks.base.MLPBase'>}, 'general_setting': {'discount': 0.99, 'pretrain_epochs': 20, 'num_epochs': 7500, 'epoch_frames': 200, 'max_episode_frames': 200, 'batch_size': 1280, 'min_pool': 10000, 'target_hard_update_period': 1000, 'use_soft_update': True, 'tau': 0.005, 'opt_times': 200, 'eval_episodes': 100, 'train_render': False, 'eval_render': False, 'env': <NormAct<RewardShift<SingleWrapperNone>>>, 'logger': <utils.logger.Logger object at 0x7f8de7616910>, 'device': device(type='cpu')}, 'sac': {'plr': 0.0003, 'qlr': 0.0003, 'reparameterization': True, 'automatic_entropy_tuning': True, 'policy_std_reg_weight': 0, 'policy_mean_reg_weight': 0}}
Loading expert policy from... ../Multi-Task-RL/log/MT50_Single_Task/drawer-open-v1/Fixed/238/model/model_pf_best.pth
tensor([[-0.0200, -0.0195, -0.0478,  ..., -0.0365, -0.0213, -0.0672],
        [-0.0069, -0.0522, -0.0370,  ...,  0.0090, -0.0164, -0.0860],
        [-0.0394, -0.0863, -0.0633,  ..., -0.0016, -0.0349, -0.0567],
        ...,
        [-0.1199, -0.4680, -0.1610,  ...,  0.0400,  0.0934,  0.0982],
        [-0.0271, -0.0478, -0.0533,  ..., -0.0461, -0.0034, -0.0289],
        [ 0.0069, -0.0174, -0.0727,  ..., -0.0211, -0.0660, -0.0341]])
Done restoring expert policy...
<NormAct<RewardShift<AugObs<SawyerDrawerOpenEnv instance>>>>


-------------------------------- Iteration 0 -------------------------------- 
initial ob: [-0.03445723  0.50704204  0.23981373  0.          0.69999998  0.09
  0.          0.55        0.04        0.          0.55        0.04      ]
expert:[-0.96706957  0.98903126  0.34249628  0.8838128 ]
expert:[-0.9902913  0.9937287 -0.5274651  0.9774162]
expert:[-0.9929837   0.99663305 -0.84411806  0.9773706 ]
expert:[-0.9898653   0.99693453 -0.8756035   0.91941243]
expert:[-0.9162882  0.9956799 -0.7736559 -0.5230196]
expert:[ 0.97440726  0.9955539  -0.92082775 -0.9693314 ]
expert:[ 0.97210306  0.9963636  -0.8879469  -0.9692829 ]
expert:[ 0.9711818   0.99383634 -0.2706128  -0.92303973]
expert:[ 0.9194364   0.9945928   0.92394406 -0.5568418 ]
expert:[8.3921134e-01 9.9112117e-01 9.6423846e-01 9.7505347e-04]
expert:[0.5348351  0.98141253 0.9356762  0.47749627]
expert:[-0.6410278  0.9827693  0.7729714  0.747233 ]
expert:[-0.75845915  0.97119707 -0.6916432   0.9166273 ]
expert:[ 0.5006698   0.282039   -0.87815875  0.7823491 ]
expert:[ 0.9752938  -0.9673011  -0.9049288  -0.01823243]
expert:[ 0.9757223  -0.9700305  -0.93683964  0.09814885]
expert:[ 0.21065907  0.5694354  -0.92621356  0.7798227 ]
expert:[-0.7539019   0.8540451  -0.7888653   0.39590406]
expert:[-0.21770315  0.19614534 -0.19904934 -0.07596909]
expert:[-0.5083836   0.34984535  0.9261273   0.6569816 ]
expert:[-0.76667714  0.5766916   0.9899406   0.92306143]
expert:[-0.8276214   0.65709126  0.99400276  0.9496416 ]
expert:[-0.8214708   0.7057513   0.99473065  0.94565296]
expert:[-0.7844157  0.7240472  0.9931272  0.9215025]
expert:[-0.55149126  0.6382782   0.96161604  0.743451  ]
expert:[ 0.60585314 -0.0506876  -0.41129318 -0.06110426]
expert:[ 0.74694914 -0.95318407 -0.9489969  -0.8155572 ]
expert:[ 0.65759766 -0.99036187 -0.9677573  -0.90395594]
expert:[ 0.63649076 -0.99216825 -0.967187   -0.9031283 ]
expert:[ 0.6493175  -0.98907226 -0.9586477  -0.8760858 ]
expert:[ 0.6700901  -0.9828646  -0.94770515 -0.8306236 ]
expert:[ 0.68312347 -0.97466    -0.9352017  -0.7757895 ]
expert:[ 0.70522875 -0.964263   -0.9200555  -0.7120992 ]
expert:[ 0.7201     -0.95421284 -0.9095248  -0.6591168 ]
expert:[ 0.72987086 -0.94528574 -0.9020032  -0.61991   ]
expert:[ 0.7320279  -0.93789357 -0.8971277  -0.59277534]
expert:[ 0.7335699  -0.9324167  -0.8945818  -0.57537335]
expert:[ 0.73390484 -0.92897534 -0.89402485 -0.5695715 ]
expert:[ 0.73434824 -0.92632383 -0.8935453  -0.56752896]
expert:[ 0.73607945 -0.9215564  -0.8915558  -0.5552777 ]
expert:[ 0.8024181  -0.7558549  -0.8096138  -0.20111544]
expert:[-0.89729553  0.48798332  0.9954946   0.9825029 ]
expert:[-0.9399171   0.03682895  0.9656666   0.7648976 ]
expert:[-0.97384995 -0.11550249  0.984162    0.6815055 ]
expert:[-0.98103464 -0.2316823   0.98845     0.68583804]
expert:[-0.98216355 -0.24537009  0.9904535   0.6938684 ]
expert:[-0.98201424 -0.26400092  0.9914509   0.70896816]
expert:[-0.9819222  -0.27896413  0.99157083  0.71381235]
expert:[-0.98153347 -0.28182057  0.99141324  0.71680546]
expert:[-0.9809637  -0.27918997  0.9911835   0.72025806]
expert:[-0.9797991 -0.2773793  0.9907146  0.727579 ]
expert:[-0.97747535 -0.2804629   0.9898496   0.74177045]
expert:[-0.9738694  -0.28030592  0.98963785  0.7604061 ]
expert:[-0.9702593  -0.21454698  0.99215454  0.78092664]
expert:[-0.96525294 -0.14585091  0.99522287  0.81752336]
expert:[-0.9606695  -0.01742841  0.9974923   0.8621681 ]
expert:[-0.95811975  0.1347849   0.9984529   0.9128074 ]
expert:[-0.9486972   0.54926854  0.9989801   0.8971017 ]
expert:[-0.97873545  0.9830201   0.99954903  0.9575597 ]
expert:[0.3332699  0.9924363  0.99807715 0.8564351 ]
expert:[ 0.9727409   0.97718906  0.807992   -0.9011728 ]
expert:[ 0.9848267 -0.9912276 -0.9810175 -0.9749898]
expert:[ 0.97180915 -0.9896914  -0.9937946  -0.970857  ]
expert:[ 0.9664186  -0.986492   -0.9952495  -0.97164524]
expert:[ 0.9674678  -0.9826911  -0.994731   -0.97716004]
expert:[ 0.9733726  -0.9763088  -0.99334294 -0.98223794]
expert:[ 0.98504364 -0.95514774 -0.9901354  -0.98701745]
expert:[ 0.9938774  -0.7303003  -0.98608327 -0.99559003]
expert:[ 0.9896442  0.9629179 -0.9696741 -0.9970046]
expert:[ 0.9842109   0.99431944 -0.95369625 -0.98523104]
expert:[-0.9024829  0.9960634 -0.7011685 -0.9114081]
expert:[-0.9673678   0.99553347 -0.70195997 -0.8544742 ]
expert:[-0.9796431   0.9968403   0.7464164  -0.91970915]
expert:[-0.98015165  0.99777406  0.990999   -0.9052811 ]
expert:[-0.98098207  0.9958383   0.9972661  -0.89771616]
expert:[-0.7077019   0.99539894  0.99375945 -0.70106506]
expert:[ 0.88526416  0.994878    0.9535181  -0.36783218]
expert:[ 0.98074865  0.91890645 -0.0369706  -0.9659538 ]
expert:[ 0.9926211 -0.9079416 -0.7937956 -0.9917206]
expert:[ 0.9916237 -0.9936041 -0.8417348 -0.9937051]
expert:[ 0.993477   -0.99665976 -0.8226788  -0.99287546]
expert:[ 0.9911115  -0.9736083  -0.75211376 -0.98223025]
expert:[ 0.97135884  0.750488   -0.7619934  -0.6683728 ]
expert:[-0.98125535  0.9980338  -0.75075024  0.7293603 ]
expert:[-0.9902232  0.9953452 -0.5688774  0.8819918]
expert:[-0.9867524   0.99392796  0.8885034   0.9193319 ]
expert:[-0.9901403   0.99542356  0.9947899   0.9462825 ]
expert:[-0.992034    0.99575     0.9978112   0.95728076]
expert:[-0.9918377   0.99533874  0.9975632   0.95189565]
expert:[-0.9922001   0.99532306  0.99758637  0.9482982 ]
expert:[-0.99269     0.995445    0.99770653  0.94567424]
expert:[-0.9932055   0.9954912   0.9977514   0.93982285]
expert:[-0.99375063  0.9953576   0.9976681   0.92863256]
expert:[-0.9941854   0.99389756  0.99605244  0.87471837]
expert:[-0.9944246   0.99314106  0.9948563   0.8336076 ]
expert:[-0.9947452   0.99260604  0.99365515  0.8008268 ]
expert:[ 0.99008703 -0.996269   -0.73922783 -0.92846125]
expert:[ 0.73070645 -0.9970098  -0.908216   -0.9674615 ]
expert:[ 0.4582679  -0.9760484  -0.843437   -0.70123744]
expert:[ 0.6244025  -0.94750303 -0.7661418  -0.36578918]
expert:[ 0.6661246  -0.94403803 -0.7590691  -0.20934719]
expert:[ 0.64821887 -0.9450769  -0.75786716 -0.11518453]
expert:[ 0.5897114 -0.947108  -0.747192  -0.0720251]
expert:[ 0.50866014 -0.95275396 -0.7349349  -0.05394565]
expert:[ 0.45722455 -0.96204144 -0.7348314  -0.04018638]
expert:[ 0.44755682 -0.9719674  -0.74057335 -0.09194323]
expert:[ 0.352264   -0.9849469  -0.77556396 -0.3383816 ]
expert:[ 0.38495263 -0.9925385  -0.81614    -0.560307  ]
expert:[ 0.419669   -0.9928553  -0.80745906 -0.60980755]
expert:[ 0.48561358 -0.99300253 -0.80761737 -0.66712314]
expert:[ 0.56284064 -0.9928654  -0.8038558  -0.7285657 ]
expert:[ 0.74219894 -0.9915936  -0.712115   -0.83642817]
expert:[ 0.85713077 -0.98687196 -0.50476617 -0.8706282 ]
expert:[ 0.8895213  -0.9803993  -0.28636122 -0.8856952 ]
expert:[ 0.8966896  -0.97749555 -0.1753709  -0.88178635]
expert:[ 0.9050064  -0.97537833 -0.09341312 -0.8852284 ]
expert:[ 0.91591746 -0.97313285  0.03747328 -0.8950358 ]
expert:[ 0.9325781  -0.97180784  0.17942584 -0.90393955]
expert:[ 0.95538294 -0.9681021   0.33763203 -0.8946074 ]
expert:[ 0.967425   -0.9604419   0.4530085  -0.88917303]
expert:[ 0.97166425 -0.9325732   0.52868587 -0.8949323 ]
expert:[ 0.97193104 -0.84019923  0.6192167  -0.8905635 ]
expert:[ 0.9696144  -0.51914984  0.70118254 -0.8736069 ]
expert:[ 0.9644618   0.18620537  0.7854164  -0.84658885]
expert:[ 0.9516498  0.7395189  0.8313204 -0.773643 ]
expert:[ 0.91131645  0.96449524  0.87335277 -0.514883  ]
expert:[ 0.79914516  0.98550856  0.8407733  -0.06423751]
expert:[-0.3390851   0.99379057  0.7469473   0.04323783]
expert:[-0.98649424  0.99512213  0.03481904  0.23549838]
expert:[-0.9897639   0.99446976 -0.78057796  0.8166551 ]
expert:[-0.99299     0.99914795 -0.95851153  0.9584916 ]
expert:[-0.98779476  0.9992107  -0.4078202   0.88864857]
expert:[-0.9773472   0.59449637  0.9609345   0.7390469 ]
expert:[-0.9750501 -0.8335735  0.9901806  0.9371447]
expert:[-0.9793297 -0.8358705  0.9935694  0.9618111]
expert:[-0.9832888  -0.8306795   0.9936928   0.97045827]
expert:[-0.9838872  -0.83067024  0.9924203   0.9750989 ]
expert:[-0.9782222 -0.6161686  0.9837826  0.9718048]
expert:[-0.9797156   0.7518314   0.6473845   0.95256674]
expert:[-0.9810984   0.99374604 -0.9247984   0.9506882 ]
expert:[-0.9942711  0.9982589 -0.9874154  0.9712366]
expert:[-0.994243    0.9975684  -0.9883999   0.96894264]
expert:[-0.9888739   0.992921   -0.98049414  0.9306232 ]
expert:[-0.8859671   0.86805105 -0.9365742   0.31835052]
expert:[ 0.9391207 -0.8214898 -0.8303325 -0.9809298]
expert:[ 0.99474186 -0.9931537  -0.91218275 -0.99508065]
expert:[ 0.9961936 -0.9776731 -0.8960879 -0.9950455]
expert:[ 0.99155205  0.05337449 -0.86765593 -0.98498636]
expert:[ 0.9649709   0.96753234 -0.8351371  -0.89175713]
expert:[-0.7472926  0.9965956 -0.4871872 -0.4796922]
expert_success: 1.0
path_length: 150



-------------------------------- Iteration 0 -------------------------------- 
initial ob: [-0.03445723  0.50704204  0.23981373  0.          0.69999998  0.09
  0.          0.55        0.04        0.          0.55        0.04      ]
agent_success: 0

training time:  0.21465826034545898
evaluation time:  13.34854769706726
epoch time:  13.56323504447937


-------------------------------- Iteration 200 -------------------------------- 
initial ob: [-0.03445723  0.50704204  0.23981373  0.          0.69999998  0.09
  0.          0.55        0.04        0.          0.55        0.04      ]
agent_success: 0

training time:  0.002200603485107422
evaluation time:  13.380779266357422
epoch time:  13.383011102676392


-------------------------------- Iteration 400 -------------------------------- 
initial ob: [-0.03445723  0.50704204  0.23981373  0.          0.69999998  0.09
  0.          0.55        0.04        0.          0.55        0.04      ]
agent_success: 0

training time:  0.0021865367889404297
evaluation time:  13.339632987976074
epoch time:  13.34185528755188


-------------------------------- Iteration 600 -------------------------------- 
initial ob: [-0.03445723  0.50704204  0.23981373  0.          0.69999998  0.09
  0.          0.55        0.04        0.          0.55        0.04      ]
agent_success: 0

training time:  0.002202272415161133
evaluation time:  13.351566076278687
epoch time:  13.353795051574707


-------------------------------- Iteration 800 -------------------------------- 
initial ob: [-0.03445723  0.50704204  0.23981373  0.          0.69999998  0.09
  0.          0.55        0.04        0.          0.55        0.04      ]
agent_success: 0

training time:  0.0021965503692626953
evaluation time:  13.370735883712769
epoch time:  13.372963428497314


-------------------------------- Iteration 1000 -------------------------------- 
initial ob: [-0.03445723  0.50704204  0.23981373  0.          0.69999998  0.09
  0.          0.55        0.04        0.          0.55        0.04      ]
agent_success: 0

training time:  0.0021991729736328125
evaluation time:  13.325554609298706
epoch time:  13.327782154083252


-------------------------------- Iteration 1200 -------------------------------- 
initial ob: [-0.03445723  0.50704204  0.23981373  0.          0.69999998  0.09
  0.          0.55        0.04        0.          0.55        0.04      ]
agent_success: 0

training time:  0.0021882057189941406
evaluation time:  13.31068468093872
epoch time:  13.312929153442383


-------------------------------- Iteration 1400 -------------------------------- 
initial ob: [-0.03445723  0.50704204  0.23981373  0.          0.69999998  0.09
  0.          0.55        0.04        0.          0.55        0.04      ]
agent_success: 0

training time:  0.0021796226501464844
evaluation time:  13.353786706924438
epoch time:  13.355984210968018


-------------------------------- Iteration 1600 -------------------------------- 
initial ob: [-0.03445723  0.50704204  0.23981373  0.          0.69999998  0.09
  0.          0.55        0.04        0.          0.55        0.04      ]
agent_success: 0

training time:  0.002193927764892578
evaluation time:  13.637203454971313
epoch time:  13.639416456222534


-------------------------------- Iteration 1800 -------------------------------- 
initial ob: [-0.03445723  0.50704204  0.23981373  0.          0.69999998  0.09
  0.          0.55        0.04        0.          0.55        0.04      ]
agent_success: 0

training time:  0.0021889209747314453
evaluation time:  13.434785842895508
epoch time:  13.43699312210083


-------------------------------- Iteration 2000 -------------------------------- 
initial ob: [-0.03445723  0.50704204  0.23981373  0.          0.69999998  0.09
  0.          0.55        0.04        0.          0.55        0.04      ]
agent_success: 0

training time:  0.002202272415161133
evaluation time:  13.412989139556885
epoch time:  13.415210962295532


-------------------------------- Iteration 2200 -------------------------------- 
initial ob: [-0.03445723  0.50704204  0.23981373  0.          0.69999998  0.09
  0.          0.55        0.04        0.          0.55        0.04      ]
agent_success: 0

training time:  0.0022025108337402344
evaluation time:  13.388582229614258
epoch time:  13.390803813934326


-------------------------------- Iteration 2400 -------------------------------- 
initial ob: [-0.03445723  0.50704204  0.23981373  0.          0.69999998  0.09
  0.          0.55        0.04        0.          0.55        0.04      ]
agent_success: 0

training time:  0.002180814743041992
evaluation time:  13.405892848968506
epoch time:  13.408094644546509


-------------------------------- Iteration 2600 -------------------------------- 
initial ob: [-0.03445723  0.50704204  0.23981373  0.          0.69999998  0.09
  0.          0.55        0.04        0.          0.55        0.04      ]
agent_success: 0

training time:  0.0021975040435791016
evaluation time:  14.07423734664917
epoch time:  14.076451301574707


-------------------------------- Iteration 2800 -------------------------------- 
initial ob: [-0.03445723  0.50704204  0.23981373  0.          0.69999998  0.09
  0.          0.55        0.04        0.          0.55        0.04      ]
agent_success: 0

training time:  0.002198934555053711
evaluation time:  13.676763534545898
epoch time:  13.678990364074707


-------------------------------- Iteration 3000 -------------------------------- 
initial ob: [-0.03445723  0.50704204  0.23981373  0.          0.69999998  0.09
  0.          0.55        0.04        0.          0.55        0.04      ]
agent_success: 0

training time:  0.002194643020629883
evaluation time:  11.674164295196533
epoch time:  11.676381826400757


-------------------------------- Iteration 3200 -------------------------------- 
initial ob: [-0.03445723  0.50704204  0.23981373  0.          0.69999998  0.09
  0.          0.55        0.04        0.          0.55        0.04      ]
agent_success: 0

training time:  0.0019137859344482422
evaluation time:  11.40014123916626
epoch time:  11.402071475982666


-------------------------------- Iteration 3400 -------------------------------- 
initial ob: [-0.03445723  0.50704204  0.23981373  0.          0.69999998  0.09
  0.          0.55        0.04        0.          0.55        0.04      ]
agent_success: 0

training time:  0.001917123794555664
evaluation time:  11.354336023330688
epoch time:  11.356280326843262


-------------------------------- Iteration 3600 -------------------------------- 
initial ob: [-0.03445723  0.50704204  0.23981373  0.          0.69999998  0.09
  0.          0.55        0.04        0.          0.55        0.04      ]
agent_success: 0

training time:  0.0018982887268066406
evaluation time:  11.557556390762329
epoch time:  11.559468507766724


-------------------------------- Iteration 3800 -------------------------------- 
initial ob: [-0.03445723  0.50704204  0.23981373  0.          0.69999998  0.09
  0.          0.55        0.04        0.          0.55        0.04      ]
agent_success: 0

training time:  0.001909017562866211
evaluation time:  11.379129409790039
epoch time:  11.38105845451355


-------------------------------- Iteration 4000 -------------------------------- 
initial ob: [-0.03445723  0.50704204  0.23981373  0.          0.69999998  0.09
  0.          0.55        0.04        0.          0.55        0.04      ]
agent_success: 0

training time:  0.001901388168334961
evaluation time:  11.368853569030762
epoch time:  11.37077808380127


-------------------------------- Iteration 4200 -------------------------------- 
initial ob: [-0.03445723  0.50704204  0.23981373  0.          0.69999998  0.09
  0.          0.55        0.04        0.          0.55        0.04      ]
agent_success: 0

training time:  0.0019123554229736328
evaluation time:  11.307521343231201
epoch time:  11.309447288513184


-------------------------------- Iteration 4400 -------------------------------- 
initial ob: [-0.03445723  0.50704204  0.23981373  0.          0.69999998  0.09
  0.          0.55        0.04        0.          0.55        0.04      ]
agent_success: 0

training time:  0.0019116401672363281
evaluation time:  11.377670049667358
epoch time:  11.379961013793945


-------------------------------- Iteration 4600 -------------------------------- 
initial ob: [-0.03445723  0.50704204  0.23981373  0.          0.69999998  0.09
  0.          0.55        0.04        0.          0.55        0.04      ]
agent_success: 0

training time:  0.0019118785858154297
evaluation time:  11.382419347763062
epoch time:  11.38434624671936


-------------------------------- Iteration 4800 -------------------------------- 
initial ob: [-0.03445723  0.50704204  0.23981373  0.          0.69999998  0.09
  0.          0.55        0.04        0.          0.55        0.04      ]
agent_success: 0

training time:  0.001895904541015625
evaluation time:  11.268568754196167
epoch time:  11.270482778549194


-------------------------------- Iteration 5000 -------------------------------- 
initial ob: [-0.03445723  0.50704204  0.23981373  0.          0.69999998  0.09
  0.          0.55        0.04        0.          0.55        0.04      ]
agent_success: 0

training time:  0.0019958019256591797
evaluation time:  11.380128383636475
epoch time:  11.382138729095459


-------------------------------- Iteration 5200 -------------------------------- 
initial ob: [-0.03445723  0.50704204  0.23981373  0.          0.69999998  0.09
  0.          0.55        0.04        0.          0.55        0.04      ]
agent_success: 0

training time:  0.0019152164459228516
evaluation time:  11.587639808654785
epoch time:  11.589573621749878


-------------------------------- Iteration 5400 -------------------------------- 
initial ob: [-0.03445723  0.50704204  0.23981373  0.          0.69999998  0.09
  0.          0.55        0.04        0.          0.55        0.04      ]
agent_success: 0

training time:  0.001913309097290039
evaluation time:  11.348400354385376
epoch time:  11.350337028503418


-------------------------------- Iteration 5600 -------------------------------- 
initial ob: [-0.03445723  0.50704204  0.23981373  0.          0.69999998  0.09
  0.          0.55        0.04        0.          0.55        0.04      ]
agent_success: 0

training time:  0.001909017562866211
evaluation time:  11.378925085067749
epoch time:  11.38084864616394


-------------------------------- Iteration 5800 -------------------------------- 
initial ob: [-0.03445723  0.50704204  0.23981373  0.          0.69999998  0.09
  0.          0.55        0.04        0.          0.55        0.04      ]
agent_success: 0

training time:  0.0020873546600341797
evaluation time:  11.386173725128174
epoch time:  11.388276815414429


-------------------------------- Iteration 6000 -------------------------------- 
initial ob: [-0.03445723  0.50704204  0.23981373  0.          0.69999998  0.09
  0.          0.55        0.04        0.          0.55        0.04      ]
agent_success: 0

training time:  0.001909494400024414
evaluation time:  11.35417628288269
epoch time:  11.356098413467407


-------------------------------- Iteration 6200 -------------------------------- 
initial ob: [-0.03445723  0.50704204  0.23981373  0.          0.69999998  0.09
  0.          0.55        0.04        0.          0.55        0.04      ]
agent_success: 0

training time:  0.001905202865600586
evaluation time:  11.385298728942871
epoch time:  11.387255907058716


-------------------------------- Iteration 6400 -------------------------------- 
initial ob: [-0.03445723  0.50704204  0.23981373  0.          0.69999998  0.09
  0.          0.55        0.04        0.          0.55        0.04      ]
agent_success: 0

training time:  0.001934051513671875
evaluation time:  11.409414291381836
epoch time:  11.411371231079102


-------------------------------- Iteration 6600 -------------------------------- 
initial ob: [-0.03445723  0.50704204  0.23981373  0.          0.69999998  0.09
  0.          0.55        0.04        0.          0.55        0.04      ]
agent_success: 0

training time:  0.0019078254699707031
evaluation time:  11.601423263549805
epoch time:  11.603344917297363


-------------------------------- Iteration 6800 -------------------------------- 
initial ob: [-0.03445723  0.50704204  0.23981373  0.          0.69999998  0.09
  0.          0.55        0.04        0.          0.55        0.04      ]
agent_success: 0

training time:  0.001916646957397461
evaluation time:  11.412702798843384
epoch time:  11.41464352607727


-------------------------------- Iteration 7000 -------------------------------- 
initial ob: [-0.03445723  0.50704204  0.23981373  0.          0.69999998  0.09
  0.          0.55        0.04        0.          0.55        0.04      ]
agent_success: 0

training time:  0.0019152164459228516
evaluation time:  11.34620714187622
epoch time:  11.348136901855469


-------------------------------- Iteration 7200 -------------------------------- 
initial ob: [-0.03445723  0.50704204  0.23981373  0.          0.69999998  0.09
  0.          0.55        0.04        0.          0.55        0.04      ]
agent_success: 0

training time:  0.0019063949584960938
evaluation time:  11.384344577789307
epoch time:  11.38626742362976


-------------------------------- Iteration 7400 -------------------------------- 
initial ob: [-0.03445723  0.50704204  0.23981373  0.          0.69999998  0.09
  0.          0.55        0.04        0.          0.55        0.04      ]
agent_success: 0

training time:  0.0019137859344482422
evaluation time:  11.413023710250854
epoch time:  11.414961338043213


-------------------------------- Iteration 7600 -------------------------------- 
initial ob: [-0.03445723  0.50704204  0.23981373  0.          0.69999998  0.09
  0.          0.55        0.04        0.          0.55        0.04      ]
agent_success: 0

training time:  0.0019073486328125
evaluation time:  11.353807210922241
epoch time:  11.35572862625122


-------------------------------- Iteration 7800 -------------------------------- 
initial ob: [-0.03445723  0.50704204  0.23981373  0.          0.69999998  0.09
  0.          0.55        0.04        0.          0.55        0.04      ]
agent_success: 0

training time:  0.0019080638885498047
evaluation time:  11.549744129180908
epoch time:  11.55167531967163


-------------------------------- Iteration 8000 -------------------------------- 
initial ob: [-0.03445723  0.50704204  0.23981373  0.          0.69999998  0.09
  0.          0.55        0.04        0.          0.55        0.04      ]
agent_success: 0

training time:  0.001920461654663086
evaluation time:  11.396520376205444
epoch time:  11.398456335067749


-------------------------------- Iteration 8200 -------------------------------- 
initial ob: [-0.03445723  0.50704204  0.23981373  0.          0.69999998  0.09
  0.          0.55        0.04        0.          0.55        0.04      ]
agent_success: 0

training time:  0.001913309097290039
evaluation time:  11.387552499771118
epoch time:  11.389485120773315


-------------------------------- Iteration 8400 -------------------------------- 
initial ob: [-0.03445723  0.50704204  0.23981373  0.          0.69999998  0.09
  0.          0.55        0.04        0.          0.55        0.04      ]
agent_success: 0

training time:  0.001918792724609375
evaluation time:  11.55777382850647
epoch time:  11.559707880020142


-------------------------------- Iteration 8600 -------------------------------- 
initial ob: [-0.03445723  0.50704204  0.23981373  0.          0.69999998  0.09
  0.          0.55        0.04        0.          0.55        0.04      ]
agent_success: 0

training time:  0.001911163330078125
evaluation time:  11.418760776519775
epoch time:  11.42069149017334


-------------------------------- Iteration 8800 -------------------------------- 
initial ob: [-0.03445723  0.50704204  0.23981373  0.          0.69999998  0.09
  0.          0.55        0.04        0.          0.55        0.04      ]
agent_success: 0

training time:  0.0019125938415527344
evaluation time:  11.455527067184448
epoch time:  11.457464456558228


-------------------------------- Iteration 9000 -------------------------------- 
initial ob: [-0.03445723  0.50704204  0.23981373  0.          0.69999998  0.09
  0.          0.55        0.04        0.          0.55        0.04      ]
agent_success: 0

training time:  0.001901388168334961
evaluation time:  11.549992322921753
epoch time:  11.551907539367676


-------------------------------- Iteration 9200 -------------------------------- 
initial ob: [-0.03445723  0.50704204  0.23981373  0.          0.69999998  0.09
  0.          0.55        0.04        0.          0.55        0.04      ]
agent_success: 0

training time:  0.001905679702758789
evaluation time:  11.497871160507202
epoch time:  11.499794960021973


-------------------------------- Iteration 9400 -------------------------------- 
initial ob: [-0.03445723  0.50704204  0.23981373  0.          0.69999998  0.09
  0.          0.55        0.04        0.          0.55        0.04      ]
agent_success: 0

training time:  0.0019168853759765625
evaluation time:  11.420905351638794
epoch time:  11.422837257385254


-------------------------------- Iteration 9600 -------------------------------- 
initial ob: [-0.03445723  0.50704204  0.23981373  0.          0.69999998  0.09
  0.          0.55        0.04        0.          0.55        0.04      ]
agent_success: 0

training time:  0.0019173622131347656
evaluation time:  11.604655027389526
epoch time:  11.606589555740356


-------------------------------- Iteration 9800 -------------------------------- 
initial ob: [-0.03445723  0.50704204  0.23981373  0.          0.69999998  0.09
  0.          0.55        0.04        0.          0.55        0.04      ]
agent_success: 0

training time:  0.0019164085388183594
evaluation time:  11.638412714004517
epoch time:  11.640359163284302


-------------------------------- Test Results -------------------------------- 
initial ob: [-0.03445723  0.50704204  0.23981373  0.          0.69999998  0.09
  0.          0.55        0.04        0.          0.55        0.04      ]
agent_success: 0

mean_success_rate:  0.0
Done
