/var/lib/slurm/slurmd/job3515633/slurm_script: line 9: batch_scripts/MT50_batch/seed.sh: No such file or directory
SLURM_JOBID=3515633
working directory=/viscam/u/jialugao/Imitation-SoftModule
########################
logging outputs to  /viscam/u/jialugao/Imitation-SoftModule/data/Base_bc_reach_dial-turn-v1_2640.000125-01-2022_23-01-55
########################
{'expert_policy_file': '../Multi-Task-RL/log/MT50_Single_Task/dial-turn-v1/Fixed/238/model/model_pf_best.pth', 'exp_name': 'bc_reach', 'do_dagger': False, 'ep_len': 200, 'gradient_steps': 1, 'n_iter': 10000, 'render_interval': 1, 'eval_interval': 200, 'batch_size': 64, 'eval_batch_size': 32, 'train_batch_size': 32, 'n_layers': 2, 'size': 400, 'learning_rate': 0.0001, 'video_log_freq': -1, 'scalar_log_freq': 1, 'no_gpu': False, 'which_gpu': 0, 'max_replay_buffer_size': 1000000, 'save_params': False, 'seed': 32, 'worker_nums': 1, 'eval_worker_nums': 1, 'config': 'config/BC.json', 'no_cuda': True, 'random_init': False, 'device': 'cpu', 'id': 'MT50_Single_Task', 'task_name': 'dial-turn-v1', 'task_env': 'MT50_task_env', 'cuda': False, 'log_dir': '/viscam/u/jialugao/Imitation-SoftModule/data/Base_bc_reach_dial-turn-v1_2640.000125-01-2022_23-01-55', 'agent_class': <class 'agents.bc_agent.MLPAgent'>, 'agent_params': {'n_layers': 2, 'size': 400, 'learning_rate': 0.0001, 'max_replay_buffer_size': 1000000, 'discrete': False, 'ac_dim': 4, 'ob_dim': 9}}
{'env_name': 'single_task', 'env': {'reward_scale': 1, 'obs_norm': False}, 'meta_env': {'obs_type': 'with_goal', 'random_init': False}, 'replay_buffer': {'size': 1000000.0}, 'net': {'hidden_shapes': [400, 400], 'append_hidden_shapes': [400], 'base_type': <class 'networks.base.MLPBase'>}, 'general_setting': {'discount': 0.99, 'pretrain_epochs': 20, 'num_epochs': 7500, 'epoch_frames': 200, 'max_episode_frames': 200, 'batch_size': 1280, 'min_pool': 10000, 'target_hard_update_period': 1000, 'use_soft_update': True, 'tau': 0.005, 'opt_times': 200, 'eval_episodes': 100, 'train_render': False, 'eval_render': False, 'env': <NormAct<RewardShift<SingleWrapperNone>>>, 'logger': <utils.logger.Logger object at 0x7f8348e34850>, 'device': device(type='cpu')}, 'sac': {'plr': 0.0003, 'qlr': 0.0003, 'reparameterization': True, 'automatic_entropy_tuning': True, 'policy_std_reg_weight': 0, 'policy_mean_reg_weight': 0}}
Loading expert policy from... ../Multi-Task-RL/log/MT50_Single_Task/dial-turn-v1/Fixed/238/model/model_pf_best.pth
tensor([[ 2.0722e+00,  9.9464e-02,  1.5657e-01,  ..., -3.6539e-02,
          3.9489e-02, -6.4526e-03],
        [ 6.5769e-02, -4.3384e-02, -4.2893e-02,  ...,  9.0029e-03,
         -1.4441e-02, -8.3983e-02],
        [ 6.4575e-02, -9.0603e-02, -6.4792e-02,  ..., -1.5992e-03,
         -3.7587e-02, -6.1687e-02],
        ...,
        [ 4.1050e-02, -8.3107e-02,  1.1953e-03,  ...,  4.0015e-02,
         -5.2654e-02, -4.8126e-02],
        [ 5.6606e-02, -4.9423e-02, -5.5986e-02,  ..., -4.6097e-02,
         -6.5246e-03, -3.1964e-02],
        [ 1.2306e-02, -1.7977e-02, -6.8652e-02,  ..., -2.1146e-02,
         -6.3568e-02, -3.1174e-02]])
Done restoring expert policy...
<NormAct<RewardShift<AugObs<SawyerDialTurnEnv instance>>>>


-------------------------------- Iteration 0 -------------------------------- 
initial ob: [-0.03445341  0.50704491  0.23981405  0.          0.67        0.08
  0.          0.73        0.08        0.          0.73        0.08      ]
expert:[-0.9514569   0.91849375 -0.52003706  0.50047886]
expert:[-0.98326224  0.9434248  -0.7833972   0.5337777 ]
expert:[-0.98518234  0.90159947 -0.7645812   0.56787044]
expert:[-0.98149586  0.74052376 -0.7905761   0.45485064]
expert:[-0.97592366  0.08587877 -0.8209292   0.2081489 ]
expert:[-0.9626981 -0.6258545 -0.8648208  0.4150734]
expert:[-0.96169937 -0.78508794 -0.90520155  0.39084497]
expert:[-0.30198854  0.2870464  -0.9162777  -0.2477281 ]
expert:[ 0.7547992   0.94145805 -0.95816624 -0.539899  ]
expert:[ 0.89217275  0.95310444 -0.9504753  -0.14322649]
expert:[ 0.92247987  0.94086486 -0.92020035  0.5857139 ]
expert:[ 0.62217003  0.9435447  -0.8309241   0.36468253]
expert:[-0.65757143  0.9520475  -0.65242535 -0.13645642]
expert:[-0.89314324  0.96736485 -0.44660795 -0.39707926]
expert:[-0.79890263  0.9719547  -0.40154585 -0.35854754]
expert:[ 0.09810392  0.9799499  -0.5509121  -0.28229028]
expert:[ 0.8699029   0.9807563  -0.78309304 -0.23423547]
expert:[ 0.94689023  0.974382   -0.9049591  -0.34035397]
expert:[ 0.96051836  0.94800085 -0.9451074  -0.4233643 ]
expert:[ 0.97660685  0.8895985  -0.89397186 -0.35753617]
expert:[ 0.9384529   0.729867   -0.3750841  -0.46155587]
expert:[ 0.90047383  0.39691192  0.08461784 -0.54572874]
expert:[ 0.9190538 -0.481007   0.5151064 -0.5629802]
expert:[ 0.9438308 -0.8680334  0.7435235 -0.6018598]
expert:[ 0.952519   -0.89467096  0.8502321  -0.5620248 ]
expert:[ 0.95904195 -0.8718937   0.9251468  -0.43842176]
expert:[ 0.9643924  -0.6959191   0.95893455 -0.1878    ]
expert:[ 0.9674511  -0.12355275  0.97896665  0.21745704]
expert:[0.96800876 0.56512654 0.98819715 0.4610331 ]
expert:[0.96675426 0.66208696 0.9909817  0.5208652 ]
expert:[0.9528459  0.57581174 0.9892688  0.30034128]
expert:[ 0.9084912   0.30781546  0.9774857  -0.15385114]
expert:[ 0.8109169  -0.11145361  0.93546534 -0.5663168 ]
expert:[ 0.64356095 -0.19548592  0.92305315 -0.7005905 ]
expert:[ 0.36875355 -0.2884001   0.9289387  -0.80052847]
expert:[-0.01954041 -0.27728775  0.9105195  -0.8330266 ]
expert:[-0.19385876 -0.16284195  0.9429275  -0.8690883 ]
expert:[-0.20573615 -0.17741558  0.9490951  -0.8493078 ]
expert:[ 0.00278565 -0.10435508  0.9295817  -0.84783316]
expert:[ 0.16364916 -0.00818717  0.78073317 -0.6808217 ]
expert:[-0.28117424  0.59283805  0.20804328 -0.1511985 ]
expert:[-0.99815327  0.83305055 -0.81873953 -0.27118334]
expert:[-0.9996311   0.7811032  -0.90262455 -0.8544515 ]
expert:[-0.99953556  0.4047012  -0.92536175 -0.766531  ]
expert:[-0.99949104  0.00206369 -0.93198156 -0.71744055]
expert:[-0.99936146 -0.2885695  -0.93899465 -0.6877303 ]
expert:[-0.9992561  -0.49322742 -0.942824   -0.7147226 ]
expert:[-0.99922305 -0.5735886  -0.9455403  -0.7748404 ]
expert:[-0.9992872 -0.4908356 -0.9544776 -0.8317475]
expert:[-0.9989867  -0.26442513 -0.94588715 -0.8595033 ]
expert:[-0.99846727  0.0437773  -0.9364344  -0.8367404 ]
expert:[-0.996592    0.33239582 -0.9386889  -0.7977022 ]
expert:[-0.97702944  0.5863507  -0.9239147  -0.75067407]
expert:[-0.74495065  0.72063243 -0.8467362  -0.8315068 ]
expert:[ 0.12972914  0.8248639  -0.62360436 -0.88529146]
expert:[ 0.23294847  0.67051274 -0.7884509  -0.7931237 ]
expert:[ 0.4247017   0.5064078  -0.9241725  -0.73592126]
expert:[ 0.45656726  0.5206263  -0.9555071  -0.7653634 ]
expert:[ 0.46334642  0.5430446  -0.9711573  -0.81492096]
expert:[ 0.45615062  0.5896277  -0.9785533  -0.88039327]
expert:[ 0.49365482  0.6531877  -0.98690975 -0.8995033 ]
expert:[ 0.47741652  0.6537947  -0.9887635  -0.9076249 ]
expert:[ 0.45862874  0.6366452  -0.988518   -0.90898955]
expert:[ 0.45191088  0.6302802  -0.988227   -0.9088167 ]
expert:[ 0.4435693   0.6225804  -0.98761326 -0.90803075]
expert:[ 0.4325948   0.61218834 -0.98662275 -0.9071925 ]
expert:[ 0.42111313  0.5984876  -0.985528   -0.9059265 ]
expert:[ 0.3773576   0.5656193  -0.98235554 -0.90565777]
expert:[ 0.30213693  0.5087533  -0.97492963 -0.90649253]
expert:[ 0.27993914  0.47847983 -0.973166   -0.9027756 ]
expert:[ 0.02582983  0.29672304 -0.95096415 -0.9199309 ]
expert:[-0.11810272  0.1349871  -0.9338642  -0.9272092 ]
expert:[-0.16075827  0.0507408  -0.9295843  -0.92458767]
expert:[-0.4085985  -0.19920903 -0.8796912  -0.94284505]
expert:[-0.46829513 -0.27718073 -0.86823165 -0.94410896]
expert:[-0.4788558  -0.2947602  -0.86722195 -0.94407487]
expert:[-0.4742516  -0.28934875 -0.8696126  -0.9433927 ]
expert:[-0.4638359  -0.27759162 -0.87282705 -0.9424831 ]
expert:[-0.45074376 -0.26732635 -0.8763297  -0.9411996 ]
expert:[-0.44292945 -0.25830558 -0.8804146  -0.93994415]
expert:[-0.4465813  -0.27629983 -0.87458605 -0.9416484 ]
expert:[-0.45029557 -0.30176    -0.8685963  -0.9428448 ]
expert:[-0.444531   -0.29517415 -0.8715086  -0.9422959 ]
expert:[-0.43585426 -0.2805419  -0.8768011  -0.9411741 ]
expert:[-0.42659065 -0.26449075 -0.88233966 -0.9398933 ]
expert:[-0.41753572 -0.24847612 -0.88743055 -0.9386954 ]
expert:[-0.40897486 -0.23543918 -0.89200157 -0.937569  ]
expert:[-0.4005044  -0.22355776 -0.8960501  -0.9365275 ]
expert:[-0.37621573 -0.20908754 -0.89726937 -0.9371218 ]
expert:[-0.34394416 -0.19366254 -0.89891714 -0.93679035]
expert:[-0.3221693  -0.17945638 -0.9029894  -0.9350199 ]
expert:[-0.30250174 -0.16517708 -0.9074664  -0.9328672 ]
expert:[-0.2841392  -0.15130474 -0.91162723 -0.9307213 ]
expert:[-0.26707256 -0.13890941 -0.9154054  -0.92866546]
expert:[-0.25057986 -0.13117896 -0.91928446 -0.92650855]
expert:[-0.23605898 -0.12382142 -0.92256224 -0.9246351 ]
expert:[-0.19819257 -0.10187993 -0.9258142  -0.9230583 ]
expert:[-0.14053616 -0.07153716 -0.92997867 -0.9208314 ]
expert:[-0.11336183 -0.06203344 -0.9342401  -0.9174712 ]
expert:[-0.08697356 -0.04709001 -0.9384109  -0.9129407 ]
expert:[-0.06203566 -0.0382426  -0.9423516  -0.9084971 ]
expert:[-0.03666385 -0.0292957  -0.94578135 -0.9048469 ]
expert:[-0.0147318  -0.02157598 -0.94858426 -0.9015924 ]
expert:[ 0.00398707 -0.01506036 -0.95086277 -0.8987425 ]
expert:[ 0.01921637 -0.00946952 -0.9525089  -0.89629227]
expert:[ 0.02995837 -0.0054704  -0.953535   -0.8943443 ]
expert:[ 0.08060965  0.01917997 -0.95769644 -0.8913718 ]
expert:[ 0.12738106  0.03586137 -0.9618037  -0.8867594 ]
expert:[ 0.14966764  0.04384116 -0.9642386  -0.8813495 ]
expert:[ 0.16627115  0.05044669 -0.9661638  -0.8762615 ]
expert:[ 0.18005887  0.05670407 -0.967717   -0.87173975]
expert:[ 0.19177894  0.06316734 -0.9689248  -0.8679646 ]
expert:[ 0.20098487  0.06788976 -0.96987295 -0.8648439 ]
expert:[ 0.208005    0.07015116 -0.97059244 -0.86237335]
expert:[ 0.21309647  0.07070158 -0.971128   -0.8604785 ]
expert:[ 0.2150482   0.06936871 -0.9714121  -0.859404  ]
expert:[ 0.22715326  0.06619481 -0.97168624 -0.8609046 ]
expert:[ 0.23690218  0.06172207 -0.9721057  -0.8599411 ]
expert:[ 0.24816607  0.06492345 -0.9730386  -0.85606545]
expert:[ 0.25935724  0.07026175 -0.9740226  -0.85164905]
expert:[ 0.26743135  0.07699852 -0.9745731  -0.84788173]
expert:[ 0.2728081   0.08121815 -0.97505385 -0.84541   ]
expert:[ 0.2769864   0.08422076 -0.97541374 -0.8433605 ]
expert:[ 0.28007966  0.08605623 -0.9756667  -0.84169906]
expert:[ 0.28220212  0.08682394 -0.9758264  -0.84038824]
expert:[ 0.28240144  0.08532703 -0.97581583 -0.8396628 ]
expert:[ 0.25396416  0.03876736 -0.97293055 -0.8517903 ]
expert:[ 0.25199175  0.02896625 -0.97262895 -0.85196173]
expert:[ 0.25902805  0.0321252  -0.9730048  -0.8482411 ]
expert:[ 0.26631424  0.03822707 -0.9734871  -0.84425545]
expert:[ 0.27132097  0.04416476 -0.9739438  -0.841227  ]
expert:[ 0.27535942  0.04894651 -0.97430253 -0.83865774]
expert:[ 0.27841333  0.05236787 -0.9745625  -0.83654904]
expert:[ 0.28058055  0.05399567 -0.9747277  -0.8348868 ]
expert:[ 0.28192675  0.05424171 -0.9748109  -0.83362055]
expert:[ 0.2478736   0.00329446 -0.9722292  -0.8466796 ]
expert:[ 0.2255331  -0.02416676 -0.9705292  -0.8534275 ]
expert:[ 0.22499241 -0.02851702 -0.9705223  -0.8525531 ]
expert:[ 0.22960727 -0.02802457 -0.9710547  -0.850032  ]
expert:[ 0.2346277  -0.02427843 -0.9713894  -0.8473842 ]
expert:[ 0.23884633 -0.02080647 -0.9716518  -0.84509134]
expert:[ 0.24202801 -0.01817086 -0.97184634 -0.8432585 ]
expert:[ 0.24400213 -0.01670551 -0.97195    -0.84186757]
expert:[ 0.14666355 -0.08599246 -0.9609233  -0.8715079 ]
expert:[ 0.08568934 -0.11983187 -0.9521864  -0.8842768 ]
expert:[ 0.08013722 -0.12622225 -0.9516928  -0.8843709 ]
expert:[ 0.08876827 -0.12532303 -0.9534069  -0.8813242 ]
expert:[ 0.0999376  -0.12259118 -0.955398   -0.8776951 ]
expert:[ 0.11042492 -0.11952151 -0.95718235 -0.8743004 ]
expert:[ 0.11915201 -0.1168346  -0.95863813 -0.8713788 ]
expert_success: 1.0
path_length: 150
