/var/lib/slurm/slurmd/job3513871/slurm_script: line 9: batch_scripts/MT50_batch/seed.sh: No such file or directory
SLURM_JOBID=3513871
working directory=/viscam/u/jialugao/Imitation-SoftModule
########################
logging outputs to  /viscam/u/jialugao/Imitation-SoftModule/data/Base_bc_reach_assembly-v1_2640.000124-01-2022_18-56-22
########################
{'expert_policy_file': '../Multi-Task-RL/log/MT50_Single_Task/assembly-v1/Fixed/238/model/model_pf_best.pth', 'exp_name': 'bc_reach', 'do_dagger': False, 'ep_len': 200, 'gradient_steps': 1, 'n_iter': 10000, 'render_interval': 1, 'eval_interval': 200, 'batch_size': 64, 'eval_batch_size': 32, 'train_batch_size': 32, 'n_layers': 2, 'size': 400, 'learning_rate': 0.0001, 'video_log_freq': -1, 'scalar_log_freq': 1, 'no_gpu': False, 'which_gpu': 0, 'max_replay_buffer_size': 1000000, 'save_params': False, 'seed': 32, 'worker_nums': 1, 'eval_worker_nums': 1, 'config': 'config/BC.json', 'no_cuda': True, 'random_init': False, 'device': 'cpu', 'id': 'MT50_Single_Task', 'task_name': 'assembly-v1', 'task_env': 'MT50_task_env', 'cuda': False, 'log_dir': '/viscam/u/jialugao/Imitation-SoftModule/data/Base_bc_reach_assembly-v1_2640.000124-01-2022_18-56-22', 'agent_class': <class 'agents.bc_agent.MLPAgent'>, 'agent_params': {'n_layers': 2, 'size': 400, 'learning_rate': 0.0001, 'max_replay_buffer_size': 1000000, 'discrete': False, 'ac_dim': 4, 'ob_dim': 9}}
{'env_name': 'single_task', 'env': {'reward_scale': 1, 'obs_norm': False}, 'meta_env': {'obs_type': 'with_goal', 'random_init': False}, 'replay_buffer': {'size': 1000000.0}, 'net': {'hidden_shapes': [400, 400], 'append_hidden_shapes': [400], 'base_type': <class 'networks.base.MLPBase'>}, 'general_setting': {'discount': 0.99, 'pretrain_epochs': 20, 'num_epochs': 7500, 'epoch_frames': 200, 'max_episode_frames': 200, 'batch_size': 1280, 'min_pool': 10000, 'target_hard_update_period': 1000, 'use_soft_update': True, 'tau': 0.005, 'opt_times': 200, 'eval_episodes': 100, 'train_render': False, 'eval_render': False, 'env': <NormAct<RewardShift<SingleWrapperNone>>>, 'logger': <utils.logger.Logger object at 0x7fceda274710>, 'device': device(type='cpu')}, 'sac': {'plr': 0.0003, 'qlr': 0.0003, 'reparameterization': True, 'automatic_entropy_tuning': True, 'policy_std_reg_weight': 0, 'policy_mean_reg_weight': 0}}
Loading expert policy from... ../Multi-Task-RL/log/MT50_Single_Task/assembly-v1/Fixed/238/model/model_pf_best.pth
tensor([[-1.2598e-01, -5.1164e-03, -9.9859e-02,  ..., -7.3808e-02,
         -2.0640e-02, -6.6525e-02],
        [ 1.7369e-04, -3.1726e-02, -3.5166e-02,  ..., -2.6836e-02,
         -4.6735e-03, -7.4235e-02],
        [-9.2819e-01, -3.0854e-02, -2.6152e-01,  ..., -4.8044e-02,
         -3.4969e-02, -5.6821e-02],
        ...,
        [ 8.5637e-02, -8.0210e-02,  2.6764e-03,  ...,  2.8755e-03,
         -4.6291e-02, -4.1451e-02],
        [-8.6747e-01, -2.4777e-02, -2.6690e-01,  ..., -1.2036e-01,
         -3.0232e-02, -5.5772e-02],
        [ 1.6434e-01,  1.0458e-01, -5.1127e-01,  ..., -1.3415e-02,
         -6.3077e-03,  2.5680e-02]])
Done restoring expert policy...
<NormAct<RewardShift<AugObs<SawyerNutAssemblyEnv instance>>>>


-------------------------------- Iteration 0 -------------------------------- 
initial ob: [-0.03265068  0.5148846   0.23688553  0.06        0.60000002  0.02
  0.1         0.80000001  0.1         0.1         0.80000001  0.1       ]
expert:[ 0.9058637   0.9953683   0.23776017 -0.9983861 ]
expert:[ 0.95099336  0.9936705   0.6288821  -0.995635  ]
expert:[ 0.947045    0.98965096  0.8397599  -0.98476535]
expert:[ 0.8669322   0.54133964  0.9250176  -0.17800339]
expert:[-0.2619629  -0.21519428  0.93362206  0.18366165]
expert:[-0.94426125 -0.38781023  0.85401106  0.41280285]
expert:[-0.97825897 -0.4669758   0.53795654  0.5263614 ]
expert:[-0.9761818  -0.5344717   0.15136306  0.50563395]
expert:[-0.9519133  -0.61424035 -0.08604603  0.3702775 ]
expert:[-0.7312323  -0.73054427 -0.22671925  0.12422975]
expert:[ 0.5604829  -0.7661595  -0.2431416  -0.04075718]
expert:[ 0.8457719  -0.71537536 -0.3950151   0.0091167 ]
expert:[ 0.90368366 -0.61685455 -0.4386838   0.02113564]
expert:[ 0.89163893 -0.4800038  -0.33841062 -0.02019602]
expert:[ 0.79685277 -0.2815176  -0.10354848 -0.08173474]
expert:[ 0.36038712 -0.05347173  0.15097459 -0.06159312]
expert:[-0.6963746   0.05445229  0.08645731  0.21939583]
expert:[-9.2787457e-01  1.5834290e-01  7.8879297e-05  4.8118177e-01]
expert:[-0.9433804   0.22699471  0.01592599  0.53947455]
expert:[-0.9115772   0.23041318  0.19273186  0.4454378 ]
expert:[-0.5592604   0.24845414  0.41329658  0.1994338 ]
expert:[ 0.4637059   0.28398114  0.48001835 -0.04880411]
expert:[ 0.8233572   0.36490548  0.2839183  -0.08697393]
expert:[ 0.884734    0.3971241  -0.02055511 -0.09793696]
expert:[ 0.8598297   0.22447443 -0.19290592 -0.04042486]
expert:[ 0.71413237  0.0417567  -0.29700357 -0.02318512]
expert:[ 0.08236258 -0.07386959 -0.37438905  0.05600596]
expert:[-0.8138628  -0.09324148 -0.5211759   0.3127736 ]
expert:[-0.92815644 -0.07487813 -0.5319229   0.47070354]
expert:[-0.9320065  -0.09904818 -0.3929102   0.45975968]
expert:[-0.86729455 -0.14416791  0.03039451  0.3220673 ]
expert:[-0.2342262  -0.17769407  0.5777909   0.01523853]
expert:[ 0.5649457  -0.21374652  0.695779   -0.15988146]
expert:[ 0.8069069  -0.23785526  0.657018   -0.19042493]
expert:[ 0.8542752  -0.147125    0.5434944  -0.18179628]
expert:[ 0.8324661  -0.02560187  0.26628622 -0.14433204]
expert:[ 0.65999234  0.03104897 -0.06692156 -0.06640032]
expert:[-0.0760074   0.04114445 -0.3805944   0.07850764]
expert:[-0.8286286   0.04817442 -0.6344517   0.34805748]
expert:[-0.9248644   0.08305117 -0.69534045  0.4968904 ]
expert:[-0.91938585  0.06908233 -0.6262203   0.4689426 ]
expert:[-0.7713061   0.03232638 -0.33794197  0.27273062]
expert:[ 0.09588172  0.0272365   0.23812728 -0.00250904]
expert:[ 0.65762097  0.0731355   0.58245593 -0.14288624]
expert:[ 0.805798    0.12991998  0.65419316 -0.14689003]
expert:[ 0.81456774  0.10818405  0.62409514 -0.154062  ]
expert:[ 0.7309899   0.00777931  0.46041247 -0.15667275]
expert:[ 0.39717266 -0.05004179  0.13143529 -0.06822425]
expert:[-0.59541374 -0.0391524  -0.3553472   0.18784523]
expert:[-0.8912192  -0.01662076 -0.6106463   0.4157888 ]
expert:[-0.9170578  -0.00326822 -0.6530569   0.46797436]
expert:[-0.845453  -0.0315733 -0.5601522  0.3511144]
expert:[-0.27638626 -0.05379047 -0.20380457  0.09469596]
expert:[ 0.5662603  -0.06574601  0.20032907 -0.1124557 ]
expert:[ 0.79680127 -0.01863912  0.44268838 -0.1639404 ]
expert:[ 0.82269204  0.02681249  0.5496914  -0.16659093]
expert:[ 0.76511854  0.00627138  0.52623755 -0.16505387]
expert:[ 0.50529766 -0.03979304  0.34828344 -0.1210743 ]
expert:[-0.3475074  -0.02477271 -0.03146486  0.10429323]
expert:[-0.8563023  -0.01218382 -0.4585021   0.3484149 ]
expert:[-0.91461575  0.01195343 -0.5773694   0.44852707]
expert:[-8.7246245e-01  1.7388165e-04 -5.3383714e-01  3.7832645e-01]
expert:[-0.51081717 -0.00706317 -0.2538317   0.15644424]
expert:[ 0.47400653  0.0010718   0.12662189 -0.07581016]
expert:[ 0.78006005  0.05691589  0.34210247 -0.13986275]
expert:[ 0.8301426   0.09431364  0.45547006 -0.15120591]
expert:[ 0.79418397  0.05785274  0.44431737 -0.1512849 ]
expert:[ 0.58151454 -0.01960165  0.31471923 -0.12563765]
expert:[-0.14604281 -0.03059188  0.01339653  0.05785847]
expert:[-0.8263682  -0.03076171 -0.3976901   0.3092963 ]
expert:[-0.91584027 -0.0044889  -0.55117744  0.44733387]
expert:[-0.8970766  -0.01417952 -0.5221598   0.40923616]
expert:[-0.6537854  -0.03714123 -0.26083997  0.20327856]
expert:[ 0.32842168 -0.05144938  0.1663697  -0.0554983 ]
expert:[ 0.73417276 -0.01564698  0.38437182 -0.15498133]
expert:[ 0.8221842   0.05276043  0.47747722 -0.1594169 ]
expert:[ 0.8066486   0.04917493  0.4443116  -0.15453528]
expert:[ 0.6494366  -0.00832036  0.30059692 -0.1315281 ]
expert:[ 0.11002959 -0.02168341  0.03726219  0.00565671]
expert:[-0.75535786 -0.02308714 -0.3849655   0.25995523]
expert:[-0.91290694  0.00559695 -0.56780326  0.44288164]
expert:[-0.91240984  0.00496185 -0.56255543  0.4411089 ]
expert:[-0.7674136  -0.02359404 -0.3641906   0.26629344]
expert:[ 0.08542784 -0.02513641  0.09660258  0.00579074]
expert:[ 0.66303295 -0.00857492  0.38068455 -0.14476132]
expert:[ 0.810193    0.0651197   0.51398414 -0.15714899]
expert:[ 0.81537795  0.07051003  0.50534815 -0.15647984]
expert:[ 0.71668166  0.00449614  0.367685   -0.14803758]
expert:[ 0.34200677 -0.02848425  0.12619698 -0.05250704]
expert:[-0.63452756 -0.02529274 -0.3059368   0.20007603]
expert:[-0.8981607  -0.00345913 -0.561159    0.41712925]
expert:[-0.9167213   0.00578017 -0.5952947   0.45599857]
expert:[-0.8366971  -0.02015888 -0.47663653  0.32944062]
expert:[-0.21021776 -0.02584661 -0.06665436  0.07620198]
expert:[ 0.58757704 -0.02797048  0.303458   -0.12643555]
expert:[ 0.8007108   0.04086177  0.4894211  -0.1593901 ]
expert:[ 0.82549286  0.06852887  0.53345346 -0.16030322]
expert:[ 0.7678532   0.0226001   0.44555184 -0.15567465]
expert:[ 0.4970809  -0.03192494  0.2329454  -0.10259746]
expert:[-0.40891984 -0.025753   -0.14565915  0.12289307]
expert:[-0.86697775 -0.01391385 -0.5127026   0.36809483]
expert:[-0.9165671   0.00518918 -0.59583205  0.45566332]
expert:[-0.87140304 -0.01166596 -0.5278402   0.37584382]
expert:[-0.4842398  -0.02481099 -0.20174333  0.14445853]
expert:[ 0.48412347 -0.03210569  0.19855985 -0.09489012]
expert:[ 0.77992815  0.02516153  0.4178859  -0.15362921]
expert:[ 0.82821804  0.07082806  0.5119606  -0.15929803]
expert:[ 0.7937748   0.04257812  0.46764484 -0.15630248]
expert:[ 0.58490354 -0.0227784   0.30260494 -0.12495232]
expert:[-0.14119126 -0.02618488 -0.02954932  0.06041434]
expert:[-0.8243612  -0.02327473 -0.44080222  0.3141756 ]
expert:[-0.91568625  0.00242199 -0.5769413   0.45078632]
expert:[-0.8969037  -0.0063016  -0.5452298   0.41273865]
expert:[-0.6570448  -0.02912015 -0.29245988  0.20764647]
expert:[ 0.32404986 -0.03688757  0.14966023 -0.05126351]
expert:[ 7.3205364e-01 -5.3934747e-04  3.8928911e-01 -1.5245526e-01]
expert:[ 0.82035553  0.06435008  0.49963644 -0.15824328]
expert:[ 0.8042982   0.05501428  0.4756285  -0.1560197 ]
expert:[ 0.6467971  -0.00979415  0.33025792 -0.13569248]
expert:[ 0.11069168 -0.02644948  0.06154609  0.00314002]
expert:[-0.7532336  -0.025996   -0.3770301   0.25789437]
expert:[-0.91211367  0.00250162 -0.56988037  0.44151995]
expert:[-0.9114422   0.00222741 -0.5699756   0.44020554]
expert:[-0.76439583 -0.02584974 -0.38764626  0.26515108]
expert:[ 0.0944826  -0.02901147  0.06666894  0.00597051]
expert:[ 0.66731906 -0.01307072  0.35505894 -0.14259784]
expert:[ 0.8106957   0.05926691  0.49892318 -0.15748966]
expert:[ 0.81401837  0.06619861  0.505234   -0.15706076]
expert:[ 0.7107108   0.00090317  0.38101318 -0.14978543]
expert:[ 0.32547602 -0.02959494  0.14598912 -0.05071932]
expert:[-0.6420441  -0.02562273 -0.2862337   0.20181926]
expert:[-0.89893013 -0.00303481 -0.5522934   0.41688943]
expert:[-0.91605055  0.006105   -0.5883543   0.4533754 ]
expert:[-0.83141375 -0.01930746 -0.46891195  0.3237327 ]
expert:[-0.18543954 -0.02325626 -0.06420955  0.07119576]
expert:[ 0.5955414  -0.02195677  0.2956764  -0.12549181]
expert:[ 0.80299336  0.04701235  0.4761069  -0.15740424]
expert:[ 0.82561445  0.07177029  0.5222738  -0.15922302]
expert:[ 0.7640781   0.02305613  0.434056   -0.15425798]
expert:[ 0.4847628  -0.03187984  0.22539662 -0.09963558]
expert:[-0.438246   -0.02618511 -0.15387504  0.1304671 ]
expert:[-0.8711345  -0.01378751 -0.51244664  0.37309462]
expert:[-0.9166985   0.0040723  -0.59085345  0.45526975]
expert:[-0.8683696  -0.01377983 -0.51795685  0.3705784 ]
expert:[-0.456666   -0.02627526 -0.17754792  0.13598894]
expert:[ 0.4966085  -0.03378421  0.2141822  -0.09955808]
expert:[ 0.78318405  0.02540103  0.4250971  -0.15451041]
expert:[ 0.8286573   0.0696889   0.5102967  -0.15950656]
expert:[ 0.7926501   0.04044935  0.45777428 -0.15565947]
expert:[ 0.5782436  -0.02303355  0.2876393  -0.12175961]
expert:[-0.17219196 -0.02508151 -0.04777286  0.06757472]
expert:[-0.83056504 -0.02190917 -0.45204163  0.32090712]
expert:[-0.91586554  0.00303519 -0.57878435  0.45150495]
expert:[-0.89468277 -0.00678515 -0.54169506  0.40895545]
expert:[-0.6418356  -0.02894316 -0.27737656  0.20083763]
expert:[ 0.34672767 -0.03682957  0.16267453 -0.05773655]
expert:[ 0.73728913  0.0027751   0.3994786  -0.15309037]
expert:[ 0.8210266   0.06548145  0.5046289  -0.15847526]
expert:[ 0.80305266  0.05377741  0.4747025  -0.15600684]
expert:[ 0.639668   -0.01085422  0.32396373 -0.1340116 ]
expert:[ 0.08664134 -0.02601315  0.04669129  0.00949387]
expert:[-0.76332766 -0.02579541 -0.39091533  0.2646495 ]
expert:[-0.91286635  0.00286943 -0.57316935  0.44350556]
expert:[-0.91043264  0.00131898 -0.5687971   0.4380324 ]
expert:[-0.75427175 -0.02659708 -0.37769917  0.25845525]
expert:[ 0.12039462 -0.03064243  0.07867038 -0.00063586]
expert:[ 0.674734   -0.01305805  0.36173886 -0.14454277]
expert:[ 0.81153244  0.05971266  0.5022993  -0.15768938]
expert:[ 0.81280154  0.06506711  0.50467604 -0.15702091]
expert:[ 0.7039866  -0.00115786  0.37629074 -0.14880352]
expert:[ 0.303596   -0.02912795  0.1377346  -0.04499703]
expert:[-0.6561079  -0.02553651 -0.29830882  0.20818035]
expert:[-0.90063065 -0.00206791 -0.55554575  0.4199599 ]
expert:[-0.9156295   0.00613999 -0.58773243  0.45223907]
expert:[-0.82488656 -0.01971417 -0.46239603  0.31761593]
expert:[-0.15428744 -0.02302006 -0.05419177  0.06440764]
expert:[ 0.6036322  -0.02007391  0.30141622 -0.12725297]
expert:[ 0.8040597   0.04906633  0.47916368 -0.15743096]
expert:[ 0.8244557   0.07161457  0.52226233 -0.1590292 ]
expert:[ 0.75868934  0.02072298  0.43150032 -0.15407822]
expert:[ 0.47102034 -0.03282456  0.2192795  -0.09694327]
expert:[-0.46750882 -0.02619324 -0.16681364  0.13845454]
expert:[-0.87475604 -0.01278883 -0.51681703  0.37827662]
expert:[-0.91656643  0.00408351 -0.5907293   0.45492086]
expert:[-0.86427224 -0.01461922 -0.513592    0.36500615]
expert:[-0.42498523 -0.02599814 -0.16394272  0.12748584]
expert:[ 0.5108514  -0.0322719   0.22078572 -0.1023601 ]
expert:[ 0.78681165  0.02809654  0.42777753 -0.15455918]
expert:[ 0.8286713   0.06987479  0.5097315  -0.15944001]
expert:[ 0.79009205  0.03838594  0.45390773 -0.1553619 ]
expert:[ 0.5678835  -0.02439758  0.28057793 -0.11938755]
expert:[-0.20842002 -0.02507776 -0.0585341   0.07553235]
expert:[-0.8375666  -0.02113944 -0.45980483  0.3282584 ]
expert:[-0.9160764   0.00308246 -0.5791418   0.4520834 ]
expert:[-0.89182466 -0.00782729 -0.53747374  0.40420657]
expert:[-0.6222238  -0.02863058 -0.26296496  0.19257523]
expert:[ 0.37054542 -0.03696531  0.17130965 -0.06506466]
expert:[ 0.74486405  0.00624218  0.40338072 -0.15328985]
expert:[ 0.8225414   0.06651746  0.5049518  -0.15858476]
expert:[ 0.80223507  0.05241481  0.47118744 -0.15584323]
expert_success: 0
path_length: 200



-------------------------------- Iteration 0 -------------------------------- 
initial ob: [-0.03265068  0.5148846   0.23688553  0.06        0.60000002  0.02
  0.1         0.80000001  0.1         0.1         0.80000001  0.1       ]
agent_success: 0

training time:  0.21671605110168457
evaluation time:  12.746790409088135
epoch time:  12.963535070419312


-------------------------------- Iteration 200 -------------------------------- 
initial ob: [-0.03265068  0.5148846   0.23688553  0.06        0.60000002  0.02
  0.1         0.80000001  0.1         0.1         0.80000001  0.1       ]
agent_success: 0

training time:  0.0023183822631835938
evaluation time:  12.742868185043335
epoch time:  12.745217084884644


-------------------------------- Iteration 400 -------------------------------- 
initial ob: [-0.03265068  0.5148846   0.23688553  0.06        0.60000002  0.02
  0.1         0.80000001  0.1         0.1         0.80000001  0.1       ]
agent_success: 0

training time:  0.002370119094848633
evaluation time:  12.748786211013794
epoch time:  12.751179695129395


-------------------------------- Iteration 600 -------------------------------- 
initial ob: [-0.03265068  0.5148846   0.23688553  0.06        0.60000002  0.02
  0.1         0.80000001  0.1         0.1         0.80000001  0.1       ]
agent_success: 0

training time:  0.0023224353790283203
evaluation time:  12.77839207649231
epoch time:  12.78073763847351


-------------------------------- Iteration 800 -------------------------------- 
initial ob: [-0.03265068  0.5148846   0.23688553  0.06        0.60000002  0.02
  0.1         0.80000001  0.1         0.1         0.80000001  0.1       ]
agent_success: 0

training time:  0.0023212432861328125
evaluation time:  12.768762588500977
epoch time:  12.771103858947754


-------------------------------- Iteration 1000 -------------------------------- 
initial ob: [-0.03265068  0.5148846   0.23688553  0.06        0.60000002  0.02
  0.1         0.80000001  0.1         0.1         0.80000001  0.1       ]
agent_success: 0

training time:  0.0023047924041748047
evaluation time:  12.724754095077515
epoch time:  12.727079391479492


-------------------------------- Iteration 1200 -------------------------------- 
initial ob: [-0.03265068  0.5148846   0.23688553  0.06        0.60000002  0.02
  0.1         0.80000001  0.1         0.1         0.80000001  0.1       ]
agent_success: 0

training time:  0.0023260116577148438
evaluation time:  12.710259914398193
epoch time:  12.71261715888977


-------------------------------- Iteration 1400 -------------------------------- 
initial ob: [-0.03265068  0.5148846   0.23688553  0.06        0.60000002  0.02
  0.1         0.80000001  0.1         0.1         0.80000001  0.1       ]
agent_success: 0

training time:  0.002308368682861328
evaluation time:  12.684707880020142
epoch time:  12.687040567398071


-------------------------------- Iteration 1600 -------------------------------- 
initial ob: [-0.03265068  0.5148846   0.23688553  0.06        0.60000002  0.02
  0.1         0.80000001  0.1         0.1         0.80000001  0.1       ]
agent_success: 0

training time:  0.002311229705810547
evaluation time:  12.702446937561035
epoch time:  12.704774379730225


-------------------------------- Iteration 1800 -------------------------------- 
initial ob: [-0.03265068  0.5148846   0.23688553  0.06        0.60000002  0.02
  0.1         0.80000001  0.1         0.1         0.80000001  0.1       ]
agent_success: 0

training time:  0.0023069381713867188
evaluation time:  12.695977926254272
epoch time:  12.698309659957886


-------------------------------- Iteration 2000 -------------------------------- 
initial ob: [-0.03265068  0.5148846   0.23688553  0.06        0.60000002  0.02
  0.1         0.80000001  0.1         0.1         0.80000001  0.1       ]
agent_success: 0

training time:  0.0023076534271240234
evaluation time:  12.697024822235107
epoch time:  12.69934868812561


-------------------------------- Iteration 2200 -------------------------------- 
initial ob: [-0.03265068  0.5148846   0.23688553  0.06        0.60000002  0.02
  0.1         0.80000001  0.1         0.1         0.80000001  0.1       ]
agent_success: 0

training time:  0.0022923946380615234
evaluation time:  12.662708759307861
epoch time:  12.665026187896729


-------------------------------- Iteration 2400 -------------------------------- 
initial ob: [-0.03265068  0.5148846   0.23688553  0.06        0.60000002  0.02
  0.1         0.80000001  0.1         0.1         0.80000001  0.1       ]
agent_success: 0

training time:  0.0023169517517089844
evaluation time:  13.491734504699707
epoch time:  13.494063377380371


-------------------------------- Iteration 2600 -------------------------------- 
initial ob: [-0.03265068  0.5148846   0.23688553  0.06        0.60000002  0.02
  0.1         0.80000001  0.1         0.1         0.80000001  0.1       ]
agent_success: 0

training time:  0.002304553985595703
evaluation time:  12.721190214157104
epoch time:  12.723520517349243


-------------------------------- Iteration 2800 -------------------------------- 
initial ob: [-0.03265068  0.5148846   0.23688553  0.06        0.60000002  0.02
  0.1         0.80000001  0.1         0.1         0.80000001  0.1       ]
agent_success: 0

training time:  0.002329111099243164
evaluation time:  12.697293043136597
epoch time:  12.699637651443481


-------------------------------- Iteration 3000 -------------------------------- 
initial ob: [-0.03265068  0.5148846   0.23688553  0.06        0.60000002  0.02
  0.1         0.80000001  0.1         0.1         0.80000001  0.1       ]
agent_success: 0

training time:  0.002318143844604492
evaluation time:  12.710785865783691
epoch time:  12.713120222091675


-------------------------------- Iteration 3200 -------------------------------- 
initial ob: [-0.03265068  0.5148846   0.23688553  0.06        0.60000002  0.02
  0.1         0.80000001  0.1         0.1         0.80000001  0.1       ]
agent_success: 0

training time:  0.0023102760314941406
evaluation time:  12.697624206542969
epoch time:  12.699946641921997


-------------------------------- Iteration 3400 -------------------------------- 
initial ob: [-0.03265068  0.5148846   0.23688553  0.06        0.60000002  0.02
  0.1         0.80000001  0.1         0.1         0.80000001  0.1       ]
agent_success: 0

training time:  0.0023102760314941406
evaluation time:  12.706504583358765
epoch time:  12.70883059501648


-------------------------------- Iteration 3600 -------------------------------- 
initial ob: [-0.03265068  0.5148846   0.23688553  0.06        0.60000002  0.02
  0.1         0.80000001  0.1         0.1         0.80000001  0.1       ]
agent_success: 0

training time:  0.0023076534271240234
evaluation time:  12.736639261245728
epoch time:  12.738964080810547


-------------------------------- Iteration 3800 -------------------------------- 
initial ob: [-0.03265068  0.5148846   0.23688553  0.06        0.60000002  0.02
  0.1         0.80000001  0.1         0.1         0.80000001  0.1       ]
agent_success: 0

training time:  0.0023255348205566406
evaluation time:  12.746546030044556
epoch time:  12.748884916305542


-------------------------------- Iteration 4000 -------------------------------- 
initial ob: [-0.03265068  0.5148846   0.23688553  0.06        0.60000002  0.02
  0.1         0.80000001  0.1         0.1         0.80000001  0.1       ]
agent_success: 0

training time:  0.002338409423828125
evaluation time:  12.70315408706665
epoch time:  12.705508947372437


-------------------------------- Iteration 4200 -------------------------------- 
initial ob: [-0.03265068  0.5148846   0.23688553  0.06        0.60000002  0.02
  0.1         0.80000001  0.1         0.1         0.80000001  0.1       ]
agent_success: 0

training time:  0.0023071765899658203
evaluation time:  13.192044734954834
epoch time:  13.194370031356812


-------------------------------- Iteration 4400 -------------------------------- 
initial ob: [-0.03265068  0.5148846   0.23688553  0.06        0.60000002  0.02
  0.1         0.80000001  0.1         0.1         0.80000001  0.1       ]
agent_success: 0

training time:  0.0023322105407714844
evaluation time:  12.71999216079712
epoch time:  12.722336292266846


-------------------------------- Iteration 4600 -------------------------------- 
initial ob: [-0.03265068  0.5148846   0.23688553  0.06        0.60000002  0.02
  0.1         0.80000001  0.1         0.1         0.80000001  0.1       ]
agent_success: 0

training time:  0.0023152828216552734
evaluation time:  12.705729007720947
epoch time:  12.70806360244751


-------------------------------- Iteration 4800 -------------------------------- 
initial ob: [-0.03265068  0.5148846   0.23688553  0.06        0.60000002  0.02
  0.1         0.80000001  0.1         0.1         0.80000001  0.1       ]
agent_success: 0

training time:  0.002320528030395508
evaluation time:  12.857269763946533
epoch time:  12.85960865020752


-------------------------------- Iteration 5000 -------------------------------- 
initial ob: [-0.03265068  0.5148846   0.23688553  0.06        0.60000002  0.02
  0.1         0.80000001  0.1         0.1         0.80000001  0.1       ]
agent_success: 0

training time:  0.0023114681243896484
evaluation time:  12.71472454071045
epoch time:  12.717048645019531


-------------------------------- Iteration 5200 -------------------------------- 
initial ob: [-0.03265068  0.5148846   0.23688553  0.06        0.60000002  0.02
  0.1         0.80000001  0.1         0.1         0.80000001  0.1       ]
agent_success: 0

training time:  0.0023107528686523438
evaluation time:  12.716657638549805
epoch time:  12.719004154205322


-------------------------------- Iteration 5400 -------------------------------- 
initial ob: [-0.03265068  0.5148846   0.23688553  0.06        0.60000002  0.02
  0.1         0.80000001  0.1         0.1         0.80000001  0.1       ]
agent_success: 0

training time:  0.0023179054260253906
evaluation time:  12.710287094116211
epoch time:  12.712640523910522


-------------------------------- Iteration 5600 -------------------------------- 
initial ob: [-0.03265068  0.5148846   0.23688553  0.06        0.60000002  0.02
  0.1         0.80000001  0.1         0.1         0.80000001  0.1       ]
agent_success: 0

training time:  0.002301454544067383
evaluation time:  12.701512813568115
epoch time:  12.703826189041138


-------------------------------- Iteration 5800 -------------------------------- 
initial ob: [-0.03265068  0.5148846   0.23688553  0.06        0.60000002  0.02
  0.1         0.80000001  0.1         0.1         0.80000001  0.1       ]
agent_success: 0

training time:  0.0023217201232910156
evaluation time:  12.697857141494751
epoch time:  12.7001953125


-------------------------------- Iteration 6000 -------------------------------- 
initial ob: [-0.03265068  0.5148846   0.23688553  0.06        0.60000002  0.02
  0.1         0.80000001  0.1         0.1         0.80000001  0.1       ]
agent_success: 0

training time:  0.0023195743560791016
evaluation time:  12.782774925231934
epoch time:  12.785109043121338


-------------------------------- Iteration 6200 -------------------------------- 
initial ob: [-0.03265068  0.5148846   0.23688553  0.06        0.60000002  0.02
  0.1         0.80000001  0.1         0.1         0.80000001  0.1       ]
agent_success: 0

training time:  0.0022974014282226562
evaluation time:  12.647165060043335
epoch time:  12.649539232254028


-------------------------------- Iteration 6400 -------------------------------- 
initial ob: [-0.03265068  0.5148846   0.23688553  0.06        0.60000002  0.02
  0.1         0.80000001  0.1         0.1         0.80000001  0.1       ]
agent_success: 0

training time:  0.002305269241333008
evaluation time:  12.633926391601562
epoch time:  12.636244773864746


-------------------------------- Iteration 6600 -------------------------------- 
initial ob: [-0.03265068  0.5148846   0.23688553  0.06        0.60000002  0.02
  0.1         0.80000001  0.1         0.1         0.80000001  0.1       ]
agent_success: 0

training time:  0.0023076534271240234
evaluation time:  12.694314002990723
epoch time:  12.696633338928223


-------------------------------- Iteration 6800 -------------------------------- 
initial ob: [-0.03265068  0.5148846   0.23688553  0.06        0.60000002  0.02
  0.1         0.80000001  0.1         0.1         0.80000001  0.1       ]
agent_success: 0

training time:  0.002293825149536133
evaluation time:  12.63701605796814
epoch time:  12.63932752609253


-------------------------------- Iteration 7000 -------------------------------- 
initial ob: [-0.03265068  0.5148846   0.23688553  0.06        0.60000002  0.02
  0.1         0.80000001  0.1         0.1         0.80000001  0.1       ]
agent_success: 0

training time:  0.0023012161254882812
evaluation time:  12.704025983810425
epoch time:  12.70634651184082


-------------------------------- Iteration 7200 -------------------------------- 
initial ob: [-0.03265068  0.5148846   0.23688553  0.06        0.60000002  0.02
  0.1         0.80000001  0.1         0.1         0.80000001  0.1       ]
agent_success: 0

training time:  0.0023140907287597656
evaluation time:  12.648995637893677
epoch time:  12.651320457458496


-------------------------------- Iteration 7400 -------------------------------- 
initial ob: [-0.03265068  0.5148846   0.23688553  0.06        0.60000002  0.02
  0.1         0.80000001  0.1         0.1         0.80000001  0.1       ]
agent_success: 0

training time:  0.002302408218383789
evaluation time:  12.626782894134521
epoch time:  12.62909722328186


-------------------------------- Iteration 7600 -------------------------------- 
initial ob: [-0.03265068  0.5148846   0.23688553  0.06        0.60000002  0.02
  0.1         0.80000001  0.1         0.1         0.80000001  0.1       ]
agent_success: 0

training time:  0.002310037612915039
evaluation time:  12.647136926651001
epoch time:  12.64946436882019


-------------------------------- Iteration 7800 -------------------------------- 
initial ob: [-0.03265068  0.5148846   0.23688553  0.06        0.60000002  0.02
  0.1         0.80000001  0.1         0.1         0.80000001  0.1       ]
agent_success: 0

training time:  0.0022971630096435547
evaluation time:  12.663073778152466
epoch time:  12.665382623672485


-------------------------------- Iteration 8000 -------------------------------- 
initial ob: [-0.03265068  0.5148846   0.23688553  0.06        0.60000002  0.02
  0.1         0.80000001  0.1         0.1         0.80000001  0.1       ]
agent_success: 0

training time:  0.0023097991943359375
evaluation time:  12.650995969772339
epoch time:  12.653318881988525


-------------------------------- Iteration 8200 -------------------------------- 
initial ob: [-0.03265068  0.5148846   0.23688553  0.06        0.60000002  0.02
  0.1         0.80000001  0.1         0.1         0.80000001  0.1       ]
agent_success: 0

training time:  0.002297639846801758
evaluation time:  12.67354416847229
epoch time:  12.675879001617432


-------------------------------- Iteration 8400 -------------------------------- 
initial ob: [-0.03265068  0.5148846   0.23688553  0.06        0.60000002  0.02
  0.1         0.80000001  0.1         0.1         0.80000001  0.1       ]
agent_success: 0

training time:  0.002300262451171875
evaluation time:  12.695704221725464
epoch time:  12.698016166687012


-------------------------------- Iteration 8600 -------------------------------- 
initial ob: [-0.03265068  0.5148846   0.23688553  0.06        0.60000002  0.02
  0.1         0.80000001  0.1         0.1         0.80000001  0.1       ]
agent_success: 0

training time:  0.002321481704711914
evaluation time:  12.703028917312622
epoch time:  12.705363035202026


-------------------------------- Iteration 8800 -------------------------------- 
initial ob: [-0.03265068  0.5148846   0.23688553  0.06        0.60000002  0.02
  0.1         0.80000001  0.1         0.1         0.80000001  0.1       ]
agent_success: 0

training time:  0.002294778823852539
evaluation time:  12.680495500564575
epoch time:  12.68282175064087


-------------------------------- Iteration 9000 -------------------------------- 
initial ob: [-0.03265068  0.5148846   0.23688553  0.06        0.60000002  0.02
  0.1         0.80000001  0.1         0.1         0.80000001  0.1       ]
agent_success: 0

training time:  0.002305269241333008
evaluation time:  12.754669427871704
epoch time:  12.756985664367676


-------------------------------- Iteration 9200 -------------------------------- 
initial ob: [-0.03265068  0.5148846   0.23688553  0.06        0.60000002  0.02
  0.1         0.80000001  0.1         0.1         0.80000001  0.1       ]
agent_success: 0

training time:  0.0023055076599121094
evaluation time:  12.666261911392212
epoch time:  12.668583154678345


-------------------------------- Iteration 9400 -------------------------------- 
initial ob: [-0.03265068  0.5148846   0.23688553  0.06        0.60000002  0.02
  0.1         0.80000001  0.1         0.1         0.80000001  0.1       ]
agent_success: 0

training time:  0.002305269241333008
evaluation time:  12.73246169090271
epoch time:  12.734786033630371


-------------------------------- Iteration 9600 -------------------------------- 
initial ob: [-0.03265068  0.5148846   0.23688553  0.06        0.60000002  0.02
  0.1         0.80000001  0.1         0.1         0.80000001  0.1       ]
agent_success: 0

training time:  0.002298593521118164
evaluation time:  12.669057846069336
epoch time:  12.671367883682251


-------------------------------- Iteration 9800 -------------------------------- 
initial ob: [-0.03265068  0.5148846   0.23688553  0.06        0.60000002  0.02
  0.1         0.80000001  0.1         0.1         0.80000001  0.1       ]
agent_success: 0

training time:  0.002315044403076172
evaluation time:  12.697411298751831
epoch time:  12.699741125106812


-------------------------------- Test Results -------------------------------- 
initial ob: [-0.03265068  0.5148846   0.23688553  0.06        0.60000002  0.02
  0.1         0.80000001  0.1         0.1         0.80000001  0.1       ]
agent_success: 0

mean_success_rate:  0.0
Done
