SLURM_JOBID=3527969
working directory=/viscam/u/jialugao/Imitation-SoftModule
{'obs_type': 'with_goal'}
obs type:  with_goal
seed:  1920
{'expert_policy_file': 'policy/expert/MT10_Similar/', 'exp_name': 'bc_reach', 'do_dagger': False, 'ep_len': 200, 'gradient_steps': 1, 'n_iter': 600000, 'render_interval': 40, 'eval_interval': 1000, 'batch_size': 64, 'eval_batch_size': 32, 'train_batch_size': 32, 'n_layers': 2, 'size': 400, 'learning_rate': 0.0001, 'video_log_freq': -1, 'scalar_log_freq': 1, 'no_gpu': False, 'which_gpu': 0, 'max_replay_buffer_size': 1000000, 'save_params': False, 'seed': 1920, 'worker_nums': 1, 'eval_worker_nums': 1, 'config': 'config/soft_module_fixed_mt10_similar.json', 'no_cuda': True, 'random_init': False, 'device': 'cpu', 'id': 'MT50_Single_Task', 'task_name': None, 'task_env': 'MT50_task_env', 'cuda': False, 'agent_class': <class 'agents.bc_agent.SoftModuleAgent'>, 'agent_params': {'n_layers': 2, 'size': 400, 'learning_rate': 0.0001, 'max_replay_buffer_size': 1000000, 'discrete': False}}
{'env_name': 'mt10_similar', 'env': {'reward_scale': 1, 'obs_norm': False}, 'meta_env': {'obs_type': 'with_goal', 'random_init': False}, 'replay_buffer': {'size': 1000000.0}, 'expert_net': {'hidden_shapes': [400, 400], 'append_hidden_shapes': [400]}, 'net': {'hidden_shapes': [400, 400], 'em_hidden_shapes': [400], 'num_layers': 2, 'num_modules': 2, 'module_hidden': 256, 'num_gating_layers': 2, 'gating_hidden': 256, 'add_bn': False, 'pre_softmax': False, 'base_type': <class 'networks.base.MLPBase'>}, 'general_setting': {'discount': 0.99, 'pretrain_epochs': 20, 'num_epochs': 7500, 'epoch_frames': 200, 'max_episode_frames': 200, 'batch_size': 1280, 'min_pool': 10000, 'target_hard_update_period': 1000, 'use_soft_update': True, 'tau': 0.005, 'opt_times': 200, 'eval_episodes': 1, 'train_render': False, 'eval_render': False, 'env': <NormAct<RewardShift<MTEnv instance>>>, 'device': device(type='cpu')}, 'sac': {'plr': 0.0003, 'qlr': 0.0003, 'reparameterization': True, 'automatic_entropy_tuning': True, 'policy_std_reg_weight': 0, 'policy_mean_reg_weight': 0}}
Loading expert policy from... policy/expert/MT10_Similar/
Done restoring expert policy...
actor: 
 ModularGuassianGatedCascadeCondContPolicy(
  (base): MLPBase(
    (fc0): Linear(in_features=9, out_features=400, bias=True)
    (fc1): Linear(in_features=400, out_features=400, bias=True)
  )
  (em_base): MLPBase(
    (fc0): Linear(in_features=10, out_features=400, bias=True)
  )
  (module_0_0): Linear(in_features=400, out_features=256, bias=True)
  (module_0_1): Linear(in_features=400, out_features=256, bias=True)
  (module_1_0): Linear(in_features=256, out_features=256, bias=True)
  (module_1_1): Linear(in_features=256, out_features=256, bias=True)
  (last): Linear(in_features=256, out_features=8, bias=True)
  (gating_fc_0): Linear(in_features=400, out_features=256, bias=True)
  (gating_fc_1): Linear(in_features=256, out_features=256, bias=True)
  (gating_weight_fc_0): Linear(in_features=256, out_features=4, bias=True)
  (gating_weight_cond_last): Linear(in_features=4, out_features=256, bias=True)
  (gating_weight_last): Linear(in_features=256, out_features=2, bias=True)
)
<NormAct<RewardShift<AugObs<SawyerReachPushPickPlaceEnv instance>>>>
<NormAct<RewardShift<AugObs<SawyerButtonPressEnv instance>>>>
<NormAct<RewardShift<AugObs<SawyerCoffeePushEnv instance>>>>
<NormAct<RewardShift<AugObs<SawyerSoccerEnv instance>>>>
<NormAct<RewardShift<AugObs<SawyerReachPushPickPlaceWallEnv instance>>>>
<NormAct<RewardShift<AugObs<SawyerSweepEnv instance>>>>
<NormAct<RewardShift<AugObs<SawyerSweepIntoGoalEnv instance>>>>
<NormAct<RewardShift<AugObs<SawyerPlateSlideEnv instance>>>>
<NormAct<RewardShift<AugObs<SawyerPlateSlideSideEnv instance>>>>
<NormAct<RewardShift<AugObs<SawyerDrawerCloseEnv instance>>>>
/viscam/u/jialugao/.anaconda3/envs/metaworldEnv/lib/python3.7/site-packages/gym/logger.py:30: UserWarning: [33mWARN: Could not seed environment <MTEnv instance>[0m
  warnings.warn(colorize('%s: %s'%('WARN', msg % args), 'yellow'))


-------------------------------- Iteration 0 -------------------------------- 
initial ob: [-0.03265039  0.51487777  0.2368754   0.          0.6         0.01492813
  0.1         0.8         0.02        0.1         0.8         0.02      ]
expert_success: 1.0
path_length: 150

initial ob: [-0.03264849  0.51488124  0.2368859   0.          0.75        0.12
  0.          0.79999998  0.09        0.          0.79999998  0.09      ]
expert_success: 1.0
path_length: 150

initial ob: [-3.26504931e-02  5.14881056e-01  2.36887642e-01 -1.77416902e-07
  5.99999879e-01  2.79199750e-02  0.00000000e+00  8.00000000e-01
  0.00000000e+00  0.00000000e+00  8.00000000e-01  0.00000000e+00]
expert_success: 1.0
path_length: 150

initial ob: [-0.03265121  0.51487852  0.23688147  0.          0.6         0.02998765
  0.          0.9         0.03        0.          0.9         0.03      ]
expert_success: 1.0
path_length: 150

initial ob: [-0.03264955  0.51487924  0.23688597  0.          0.6         0.01499496
  0.05        0.8         0.015       0.05        0.8         0.015     ]
expert_success: 1.0
path_length: 150

initial ob: [-0.03358889  0.51377023  0.23633834  0.          0.6         0.02
  0.          0.95       -0.3         0.          0.95       -0.3       ]
expert_success: 1.0
path_length: 150

initial ob: [-0.03358889  0.51377023  0.23633834  0.          0.6         0.01997144
  0.          0.84        0.02        0.          0.84        0.02      ]
expert_success: 1.0
path_length: 150

initial ob: [-0.03264849  0.51488124  0.2368859   0.          0.6         0.015
  0.          0.85        0.02        0.          0.85        0.02      ]
expert_success: 1.0
path_length: 150

initial ob: [-0.03264849  0.51488124  0.2368859   0.          0.6         0.015
 -0.25        0.6         0.02       -0.25        0.6         0.02      ]
expert_success: 1.0
path_length: 150

initial ob: [-0.03265199  0.51487863  0.23688568  0.          0.49999998  0.09
  0.          0.7         0.04        0.          0.7         0.04      ]
expert_success: 1.0
path_length: 150

{'push-v1_success_rate': array(1., dtype=float32), 'button-press-v1_success_rate': array(1., dtype=float32), 'coffee-push-v1_success_rate': array(1., dtype=float32), 'soccer-v1_success_rate': array(1., dtype=float32), 'push-wall-v1_success_rate': array(1., dtype=float32), 'sweep-v1_success_rate': array(1., dtype=float32), 'sweep-into-v1_success_rate': array(1., dtype=float32), 'plate-slide-v1_success_rate': array(1., dtype=float32), 'plate-slide-side-v1_success_rate': array(1., dtype=float32), 'drawer-close-v1_success_rate': array(1., dtype=float32), 'mean_success_rate': 1.0}
total training samples:  1500


-------------------------------- Iteration 0 -------------------------------- 
training time:  1.0828912258148193
evaluation time:  7.7095348834991455
epoch time:  8.792439460754395
loss:  0.92588675


-------------------------------- Iteration 1000 -------------------------------- 
training time:  0.012195825576782227
evaluation time:  7.86463737487793
epoch time:  7.876849412918091
loss:  0.09854704


-------------------------------- Iteration 2000 -------------------------------- 
training time:  0.012234210968017578
evaluation time:  7.800508975982666
epoch time:  7.81276273727417
loss:  0.2083028


-------------------------------- Iteration 3000 -------------------------------- 
training time:  0.012303352355957031
evaluation time:  7.811307668685913
epoch time:  7.823633193969727
loss:  0.25193942


-------------------------------- Iteration 4000 -------------------------------- 
training time:  0.012326478958129883
evaluation time:  7.894036531448364
epoch time:  7.906400680541992
loss:  0.14334516


-------------------------------- Iteration 5000 -------------------------------- 
training time:  0.012231826782226562
evaluation time:  7.788403272628784
epoch time:  7.800679683685303
loss:  0.19576183


-------------------------------- Iteration 6000 -------------------------------- 
training time:  0.012270927429199219
evaluation time:  7.8470776081085205
epoch time:  7.85936975479126
loss:  0.14428669


-------------------------------- Iteration 7000 -------------------------------- 
training time:  0.012288331985473633
evaluation time:  7.989696502685547
epoch time:  8.002012491226196
loss:  0.08804376


-------------------------------- Iteration 8000 -------------------------------- 
training time:  0.012508153915405273
evaluation time:  7.836459398269653
epoch time:  7.848980903625488
loss:  0.18160895


-------------------------------- Iteration 9000 -------------------------------- 
training time:  0.012225866317749023
evaluation time:  7.840367555618286
epoch time:  7.8526105880737305
loss:  0.10336609


-------------------------------- Iteration 10000 -------------------------------- 
training time:  0.01227879524230957
evaluation time:  7.962961912155151
epoch time:  7.975253582000732
loss:  0.12346795


-------------------------------- Iteration 11000 -------------------------------- 
training time:  0.012177467346191406
evaluation time:  7.838636875152588
epoch time:  7.85085391998291
loss:  0.13741219


-------------------------------- Iteration 12000 -------------------------------- 
training time:  0.012304067611694336
evaluation time:  7.946406841278076
epoch time:  7.9587242603302
loss:  0.048548117


-------------------------------- Iteration 13000 -------------------------------- 
training time:  0.012287378311157227
evaluation time:  7.955691814422607
epoch time:  7.968016147613525
loss:  0.0411269


-------------------------------- Iteration 14000 -------------------------------- 
training time:  0.012283563613891602
evaluation time:  7.99390721321106
epoch time:  8.006212949752808
loss:  0.07411494


-------------------------------- Iteration 15000 -------------------------------- 
training time:  0.012367963790893555
evaluation time:  7.91925311088562
epoch time:  7.931634426116943
loss:  0.13117719


-------------------------------- Iteration 16000 -------------------------------- 
training time:  0.012271642684936523
evaluation time:  7.926316738128662
epoch time:  7.93861198425293
loss:  0.12592447


-------------------------------- Iteration 17000 -------------------------------- 
training time:  0.012296199798583984
evaluation time:  8.061775207519531
epoch time:  8.074095964431763
loss:  0.11712639


-------------------------------- Iteration 18000 -------------------------------- 
training time:  0.012231588363647461
evaluation time:  7.938410043716431
epoch time:  7.950675010681152
loss:  0.03518952


-------------------------------- Iteration 19000 -------------------------------- 
training time:  0.012405633926391602
evaluation time:  7.919292688369751
epoch time:  7.93171763420105
loss:  0.06743298


-------------------------------- Iteration 20000 -------------------------------- 
training time:  0.012272119522094727
evaluation time:  7.990505933761597
epoch time:  8.00280499458313
loss:  0.06823318


-------------------------------- Iteration 21000 -------------------------------- 
training time:  0.012281656265258789
evaluation time:  7.887532711029053
epoch time:  7.899827003479004
loss:  0.05515305


-------------------------------- Iteration 22000 -------------------------------- 
training time:  0.012265682220458984
evaluation time:  7.90446400642395
epoch time:  7.916752338409424
loss:  0.12071184


-------------------------------- Iteration 23000 -------------------------------- 
training time:  0.012253761291503906
evaluation time:  7.9042346477508545
epoch time:  7.916512489318848
loss:  0.06732479


-------------------------------- Iteration 24000 -------------------------------- 
training time:  0.012173891067504883
evaluation time:  8.02118992805481
epoch time:  8.033397912979126
loss:  0.07273894


-------------------------------- Iteration 25000 -------------------------------- 
training time:  0.012180089950561523
evaluation time:  7.873063325881958
epoch time:  7.885262489318848
loss:  0.03799418


-------------------------------- Iteration 26000 -------------------------------- 
training time:  0.012473106384277344
evaluation time:  7.885711669921875
epoch time:  7.898316144943237
loss:  0.07359747


-------------------------------- Iteration 27000 -------------------------------- 
training time:  0.012321710586547852
evaluation time:  7.967220067977905
epoch time:  7.9795544147491455
loss:  0.04545919


-------------------------------- Iteration 28000 -------------------------------- 
training time:  0.012334585189819336
evaluation time:  7.814431190490723
epoch time:  7.826785564422607
loss:  0.068629764


-------------------------------- Iteration 29000 -------------------------------- 
training time:  0.012340307235717773
evaluation time:  7.8742759227752686
epoch time:  7.8866286277771
loss:  0.080204725


-------------------------------- Iteration 30000 -------------------------------- 
training time:  0.012334346771240234
evaluation time:  7.863802194595337
epoch time:  7.876153469085693
loss:  0.018071596


-------------------------------- Iteration 31000 -------------------------------- 
training time:  0.01224970817565918
evaluation time:  7.954951286315918
epoch time:  7.967228651046753
loss:  0.01925919


-------------------------------- Iteration 32000 -------------------------------- 
training time:  0.012393951416015625
evaluation time:  7.843643426895142
epoch time:  7.85607123374939
loss:  0.03887667


-------------------------------- Iteration 33000 -------------------------------- 
training time:  0.012332439422607422
evaluation time:  7.78098201751709
epoch time:  7.793354272842407
loss:  0.06438358


-------------------------------- Iteration 34000 -------------------------------- 
training time:  0.012350082397460938
evaluation time:  7.978585243225098
epoch time:  7.9909563064575195
loss:  0.02778373


-------------------------------- Iteration 35000 -------------------------------- 
training time:  0.012417078018188477
evaluation time:  7.85417103767395
epoch time:  7.866601228713989
loss:  0.026568392


-------------------------------- Iteration 36000 -------------------------------- 
training time:  0.012401342391967773
evaluation time:  7.858971834182739
epoch time:  7.871413707733154
loss:  0.08106006


-------------------------------- Iteration 37000 -------------------------------- 
training time:  0.012450218200683594
evaluation time:  7.882490634918213
epoch time:  7.894953489303589
loss:  0.039585434


-------------------------------- Iteration 38000 -------------------------------- 
training time:  0.012449264526367188
evaluation time:  7.968322277069092
epoch time:  7.980788469314575
loss:  0.05613333


-------------------------------- Iteration 39000 -------------------------------- 
training time:  0.012546777725219727
evaluation time:  7.865945816040039
epoch time:  7.8785319328308105
loss:  0.03925842


-------------------------------- Iteration 40000 -------------------------------- 
training time:  0.012588977813720703
evaluation time:  7.824481010437012
epoch time:  7.837082386016846
loss:  0.012806713


-------------------------------- Iteration 41000 -------------------------------- 
training time:  0.012429952621459961
evaluation time:  7.909249305725098
epoch time:  7.921714544296265
loss:  0.04091559


-------------------------------- Iteration 42000 -------------------------------- 
training time:  0.012709856033325195
evaluation time:  7.854343414306641
epoch time:  7.867082357406616
loss:  0.049066138


-------------------------------- Iteration 43000 -------------------------------- 
training time:  0.012679338455200195
evaluation time:  7.97383713722229
epoch time:  7.986529111862183
loss:  0.0143591575


-------------------------------- Iteration 44000 -------------------------------- 
training time:  0.01294255256652832
evaluation time:  7.9051384925842285
epoch time:  7.918102502822876
loss:  0.030475752


-------------------------------- Iteration 45000 -------------------------------- 
training time:  0.012671709060668945
evaluation time:  8.004674673080444
epoch time:  8.01737380027771
loss:  0.020964304


-------------------------------- Iteration 46000 -------------------------------- 
training time:  0.012911319732666016
evaluation time:  7.848979234695435
epoch time:  7.861926317214966
loss:  0.039436806


-------------------------------- Iteration 47000 -------------------------------- 
training time:  0.01276540756225586
evaluation time:  7.82578182220459
epoch time:  7.838565111160278
loss:  0.021350812


-------------------------------- Iteration 48000 -------------------------------- 
training time:  0.012940168380737305
evaluation time:  7.839795351028442
epoch time:  7.852755784988403
loss:  0.010240119


-------------------------------- Iteration 49000 -------------------------------- 
training time:  0.013275623321533203
evaluation time:  7.868945837020874
epoch time:  7.882235050201416
loss:  0.014530062


-------------------------------- Iteration 50000 -------------------------------- 
training time:  0.012851953506469727
evaluation time:  7.757718801498413
epoch time:  7.770588636398315
loss:  0.011604771


-------------------------------- Iteration 51000 -------------------------------- 
training time:  0.013315916061401367
evaluation time:  7.858510732650757
epoch time:  7.8718554973602295
loss:  0.036256216


-------------------------------- Iteration 52000 -------------------------------- 
training time:  0.012905120849609375
evaluation time:  7.913522720336914
epoch time:  7.926462650299072
loss:  0.010945321


-------------------------------- Iteration 53000 -------------------------------- 
training time:  0.01293039321899414
evaluation time:  7.774184942245483
epoch time:  7.787131071090698
loss:  0.018796973


-------------------------------- Iteration 54000 -------------------------------- 
training time:  0.012994050979614258
evaluation time:  7.814126014709473
epoch time:  7.8271424770355225
loss:  0.024993978


-------------------------------- Iteration 55000 -------------------------------- 
training time:  0.013268470764160156
evaluation time:  7.806292772293091
epoch time:  7.819572448730469
loss:  0.0285555


-------------------------------- Iteration 56000 -------------------------------- 
training time:  0.013219833374023438
evaluation time:  7.9335174560546875
epoch time:  7.946749448776245
loss:  0.0073833093


-------------------------------- Iteration 57000 -------------------------------- 
training time:  0.013361454010009766
evaluation time:  7.840512037277222
epoch time:  7.853888511657715
loss:  0.008169436


-------------------------------- Iteration 58000 -------------------------------- 
training time:  0.013745546340942383
evaluation time:  7.814312696456909
epoch time:  7.828071594238281
loss:  0.03850448


-------------------------------- Iteration 59000 -------------------------------- 
training time:  0.013883829116821289
evaluation time:  7.758492946624756
epoch time:  7.772393465042114
loss:  0.021694696


-------------------------------- Iteration 60000 -------------------------------- 
training time:  0.014302730560302734
evaluation time:  7.903170108795166
epoch time:  7.91748571395874
loss:  0.011269974


-------------------------------- Iteration 61000 -------------------------------- 
training time:  0.014733076095581055
evaluation time:  7.829828500747681
epoch time:  7.8445799350738525
loss:  0.018485742


-------------------------------- Iteration 62000 -------------------------------- 
training time:  0.015084028244018555
evaluation time:  7.8079540729522705
epoch time:  7.823062896728516
loss:  0.0431642


-------------------------------- Iteration 63000 -------------------------------- 
training time:  0.015821218490600586
evaluation time:  8.014054536819458
epoch time:  8.029890775680542
loss:  0.008215712


-------------------------------- Iteration 64000 -------------------------------- 
training time:  0.016223907470703125
evaluation time:  8.354508399963379
epoch time:  8.370775699615479
loss:  0.011786599


-------------------------------- Iteration 65000 -------------------------------- 
training time:  0.016293764114379883
evaluation time:  7.996055364608765
epoch time:  8.01236867904663
loss:  0.017523803


<string>:6: FutureWarning: The input object of type 'Tensor' is an array-like implementing one of the corresponding protocols (`__array__`, `__array_interface__` or `__array_struct__`); but not a sequence (or 0-D). In the future, this object will be coerced as if it was first converted using `np.array(obj)`. To retain the old behaviour, you have to either modify the type 'Tensor', or assign to an empty array created with `np.empty(correct_shape, dtype=object)`.
<string>:6: VisibleDeprecationWarning: Creating an ndarray from ragged nested sequences (which is a list-or-tuple of lists-or-tuples-or ndarrays with different lengths or shapes) is deprecated. If you meant to do this, you must specify 'dtype=object' when creating the ndarray.
-------------------------------- Iteration 66000 -------------------------------- 
training time:  0.016074419021606445
evaluation time:  8.039320468902588
epoch time:  8.055408239364624
loss:  0.0141277835


-------------------------------- Iteration 67000 -------------------------------- 
training time:  0.016269207000732422
evaluation time:  8.060651302337646
epoch time:  8.076935291290283
loss:  0.02162484


-------------------------------- Iteration 68000 -------------------------------- 
training time:  0.016063213348388672
evaluation time:  8.139783143997192
epoch time:  8.155865669250488
loss:  0.015070027


-------------------------------- Iteration 69000 -------------------------------- 
training time:  0.01583576202392578
evaluation time:  8.084363222122192
epoch time:  8.100213766098022
loss:  0.03925449


-------------------------------- Iteration 70000 -------------------------------- 
training time:  0.016340017318725586
evaluation time:  8.126858234405518
epoch time:  8.143216133117676
loss:  0.006304798


-------------------------------- Iteration 71000 -------------------------------- 
training time:  0.01622915267944336
evaluation time:  8.230752944946289
epoch time:  8.246994733810425
loss:  0.012134382


-------------------------------- Iteration 72000 -------------------------------- 
training time:  0.01622319221496582
evaluation time:  8.083682537078857
epoch time:  8.099918842315674
loss:  0.005834227


-------------------------------- Iteration 73000 -------------------------------- 
training time:  0.015937089920043945
evaluation time:  7.929640293121338
epoch time:  7.945602178573608
loss:  0.014339348


-------------------------------- Iteration 74000 -------------------------------- 
training time:  0.016241073608398438
evaluation time:  7.9531402587890625
epoch time:  7.969418048858643
loss:  0.02042777


-------------------------------- Iteration 75000 -------------------------------- 
training time:  0.01598191261291504
evaluation time:  8.036048412322998
epoch time:  8.052045583724976
loss:  0.009790493


-------------------------------- Iteration 76000 -------------------------------- 
training time:  0.015898704528808594
evaluation time:  8.107395648956299
epoch time:  8.123310327529907
loss:  0.008324649


-------------------------------- Iteration 77000 -------------------------------- 
training time:  0.01607203483581543
evaluation time:  8.052512884140015
epoch time:  8.068621158599854
loss:  0.01608861


-------------------------------- Iteration 78000 -------------------------------- 
training time:  0.016083717346191406
evaluation time:  8.023277759552002
epoch time:  8.039382934570312
loss:  0.012409469


-------------------------------- Iteration 79000 -------------------------------- 
training time:  0.01583266258239746
evaluation time:  7.978939533233643
epoch time:  7.994785308837891
loss:  0.006905875


-------------------------------- Iteration 80000 -------------------------------- 
training time:  0.016194581985473633
evaluation time:  8.11310625076294
epoch time:  8.129313468933105
loss:  0.009391332


-------------------------------- Iteration 81000 -------------------------------- 
training time:  0.0162200927734375
evaluation time:  8.059168100357056
epoch time:  8.075414419174194
loss:  0.029900298


-------------------------------- Iteration 82000 -------------------------------- 
training time:  0.01614856719970703
evaluation time:  8.061554193496704
epoch time:  8.07771372795105
loss:  0.019022018


-------------------------------- Iteration 83000 -------------------------------- 
training time:  0.015918731689453125
evaluation time:  8.019139528274536
epoch time:  8.035099506378174
loss:  0.010504392


-------------------------------- Iteration 84000 -------------------------------- 
training time:  0.016097545623779297
evaluation time:  8.16115927696228
epoch time:  8.17727017402649
loss:  0.00576609


-------------------------------- Iteration 85000 -------------------------------- 
training time:  0.016099214553833008
evaluation time:  7.997896671295166
epoch time:  8.014017105102539
loss:  0.0053490624


-------------------------------- Iteration 86000 -------------------------------- 
training time:  0.015860557556152344
evaluation time:  8.07619023323059
epoch time:  8.092084884643555
loss:  0.022755602


-------------------------------- Iteration 87000 -------------------------------- 
training time:  0.016034841537475586
evaluation time:  8.02989149093628
epoch time:  8.045939922332764
loss:  0.017062953


-------------------------------- Iteration 88000 -------------------------------- 
training time:  0.016023635864257812
evaluation time:  8.14467191696167
epoch time:  8.16071367263794
loss:  0.011116311


-------------------------------- Iteration 89000 -------------------------------- 
training time:  0.01579904556274414
evaluation time:  8.07871699333191
epoch time:  8.094538450241089
loss:  0.036539216


-------------------------------- Iteration 90000 -------------------------------- 
training time:  0.016284704208374023
evaluation time:  8.023488998413086
epoch time:  8.039784908294678
loss:  0.015174134


-------------------------------- Iteration 91000 -------------------------------- 
training time:  0.015909910202026367
evaluation time:  8.036881446838379
epoch time:  8.052805423736572
loss:  0.036335222


-------------------------------- Iteration 92000 -------------------------------- 
training time:  0.01594376564025879
evaluation time:  8.192837715148926
epoch time:  8.208802461624146
loss:  0.006418139


-------------------------------- Iteration 93000 -------------------------------- 
training time:  0.016136884689331055
evaluation time:  8.023977518081665
epoch time:  8.04012656211853
loss:  0.0050744633


-------------------------------- Iteration 94000 -------------------------------- 
training time:  0.016202211380004883
evaluation time:  7.979353904724121
epoch time:  7.995573043823242
loss:  0.013780378


-------------------------------- Iteration 95000 -------------------------------- 
training time:  0.015939712524414062
evaluation time:  8.013397455215454
epoch time:  8.029373168945312
loss:  0.0110033015


-------------------------------- Iteration 96000 -------------------------------- 
training time:  0.016410350799560547
evaluation time:  7.914954423904419
epoch time:  7.93138575553894
loss:  0.006622906


-------------------------------- Iteration 97000 -------------------------------- 
training time:  0.015650272369384766
evaluation time:  7.847598075866699
epoch time:  7.863264799118042
loss:  0.0095754815


-------------------------------- Iteration 98000 -------------------------------- 
training time:  0.015495538711547852
evaluation time:  7.8061604499816895
epoch time:  7.821669101715088
loss:  0.0049497527


-------------------------------- Training stopped due to early stopping -------------------------------- 
min loss:  0.00090660556


-------------------------------- Test Results -------------------------------- 
button-press-v1_success_rate _success_rate:  1.0
coffee-push-v1_success_rate _success_rate:  1.0
drawer-close-v1_success_rate _success_rate:  1.0
plate-slide-side-v1_success_rate _success_rate:  1.0
plate-slide-v1_success_rate _success_rate:  1.0
push-v1_success_rate _success_rate:  1.0
push-wall-v1_success_rate _success_rate:  0.0
soccer-v1_success_rate _success_rate:  1.0
sweep-into-v1_success_rate _success_rate:  1.0
sweep-v1_success_rate _success_rate:  0.0
mean_success_rate:  0.8
Done
