/var/lib/slurm/slurmd/job3511539/slurm_script: line 9: batch_scripts/MT50_batch/seed.sh: No such file or directory
SLURM_JOBID=3511539
working directory=/viscam/u/jialugao/Imitation-SoftModule
########################
logging outputs to  /viscam/u/jialugao/Imitation-SoftModule/data/Base_bc_reach_peg-insert-side-v1_2640.000123-01-2022_22-52-09
########################
{'expert_policy_file': '../Multi-Task-RL/log/MT50_Single_Task/peg-insert-side-v1/Fixed/238/model/model_pf_best.pth', 'exp_name': 'bc_reach', 'do_dagger': False, 'ep_len': 200, 'gradient_steps': 1, 'n_iter': 10000, 'render_interval': 1, 'eval_interval': 200, 'batch_size': 64, 'eval_batch_size': 32, 'train_batch_size': 32, 'n_layers': 2, 'size': 400, 'learning_rate': 0.0001, 'video_log_freq': -1, 'scalar_log_freq': 1, 'no_gpu': False, 'which_gpu': 0, 'max_replay_buffer_size': 1000000, 'save_params': False, 'seed': 32, 'worker_nums': 1, 'eval_worker_nums': 1, 'config': 'config/BC.json', 'no_cuda': True, 'random_init': False, 'device': 'cpu', 'id': 'MT50_Single_Task', 'task_name': 'peg-insert-side-v1', 'task_env': 'MT50_task_env', 'cuda': False, 'log_dir': '/viscam/u/jialugao/Imitation-SoftModule/data/Base_bc_reach_peg-insert-side-v1_2640.000123-01-2022_22-52-09', 'agent_class': <class 'agents.bc_agent.MLPAgent'>, 'agent_params': {'n_layers': 2, 'size': 400, 'learning_rate': 0.0001, 'max_replay_buffer_size': 1000000, 'discrete': False, 'ac_dim': 4, 'ob_dim': 9}}
{'env_name': 'single_task', 'env': {'reward_scale': 1, 'obs_norm': False}, 'meta_env': {'obs_type': 'with_goal', 'random_init': False}, 'replay_buffer': {'size': 1000000.0}, 'net': {'hidden_shapes': [400, 400], 'append_hidden_shapes': [400], 'base_type': <class 'networks.base.MLPBase'>}, 'general_setting': {'discount': 0.99, 'pretrain_epochs': 20, 'num_epochs': 7500, 'epoch_frames': 200, 'max_episode_frames': 200, 'batch_size': 1280, 'min_pool': 10000, 'target_hard_update_period': 1000, 'use_soft_update': True, 'tau': 0.005, 'opt_times': 200, 'eval_episodes': 100, 'train_render': False, 'eval_render': False, 'env': <NormAct<RewardShift<SingleWrapperNone>>>, 'logger': <utils.logger.Logger object at 0x7f115484cf10>, 'device': device(type='cpu')}, 'sac': {'plr': 0.0003, 'qlr': 0.0003, 'reparameterization': True, 'automatic_entropy_tuning': True, 'policy_std_reg_weight': 0, 'policy_mean_reg_weight': 0}}
Loading expert policy from... ../Multi-Task-RL/log/MT50_Single_Task/peg-insert-side-v1/Fixed/238/model/model_pf_best.pth
Done restoring expert policy...
<NormAct<RewardShift<SawyerPegInsertionSideEnv instance>>>
<NormAct<RewardShift<SawyerPegInsertionSideEnv instance>>>


-------------------------------- Iteration 0 -------------------------------- 
initial ob: [-0.03265225  0.51488206  0.23688323  0.          0.6         0.02
 -0.2         0.6         0.13      ]
expert_success: 1.0



-------------------------------- Iteration 0 -------------------------------- 
initial ob: [-0.03265225  0.51488206  0.23688323  0.          0.6         0.02
 -0.2         0.6         0.13      ]
agent_success: 0

training time:  0.1315441131591797
evaluation time:  7.745760917663574
epoch time:  7.877335071563721


-------------------------------- Iteration 200 -------------------------------- 
initial ob: [-0.03265225  0.51488206  0.23688323  0.          0.6         0.02
 -0.2         0.6         0.13      ]
agent_success: 0

training time:  0.0023064613342285156
evaluation time:  8.924112796783447
epoch time:  8.92644453048706


-------------------------------- Iteration 400 -------------------------------- 
initial ob: [-0.03265225  0.51488206  0.23688323  0.          0.6         0.02
 -0.2         0.6         0.13      ]
agent_success: 0

training time:  0.0022776126861572266
evaluation time:  8.640498876571655
epoch time:  8.642801761627197


-------------------------------- Iteration 600 -------------------------------- 
initial ob: [-0.03265225  0.51488206  0.23688323  0.          0.6         0.02
 -0.2         0.6         0.13      ]
agent_success: 0

training time:  0.002318859100341797
evaluation time:  7.87428092956543
epoch time:  7.876625061035156


-------------------------------- Iteration 800 -------------------------------- 
initial ob: [-0.03265225  0.51488206  0.23688323  0.          0.6         0.02
 -0.2         0.6         0.13      ]
agent_success: 0

training time:  0.002262592315673828
evaluation time:  7.620076417922974
epoch time:  7.622361898422241


-------------------------------- Iteration 1000 -------------------------------- 
initial ob: [-0.03265225  0.51488206  0.23688323  0.          0.6         0.02
 -0.2         0.6         0.13      ]
agent_success: 0

training time:  0.002290964126586914
evaluation time:  7.575467586517334
epoch time:  7.577784776687622


-------------------------------- Iteration 1200 -------------------------------- 
initial ob: [-0.03265225  0.51488206  0.23688323  0.          0.6         0.02
 -0.2         0.6         0.13      ]
agent_success: 0

training time:  0.0022859573364257812
evaluation time:  7.677771806716919
epoch time:  7.680081367492676


-------------------------------- Iteration 1400 -------------------------------- 
initial ob: [-0.03265225  0.51488206  0.23688323  0.          0.6         0.02
 -0.2         0.6         0.13      ]
agent_success: 0

training time:  0.0022826194763183594
evaluation time:  8.007856369018555
epoch time:  8.010165691375732


-------------------------------- Iteration 1600 -------------------------------- 
initial ob: [-0.03265225  0.51488206  0.23688323  0.          0.6         0.02
 -0.2         0.6         0.13      ]
agent_success: 0

training time:  0.002269268035888672
evaluation time:  7.898874521255493
epoch time:  7.9011619091033936


-------------------------------- Iteration 1800 -------------------------------- 
initial ob: [-0.03265225  0.51488206  0.23688323  0.          0.6         0.02
 -0.2         0.6         0.13      ]
agent_success: 0

training time:  0.002292156219482422
evaluation time:  7.983947038650513
epoch time:  7.986260414123535


-------------------------------- Iteration 2000 -------------------------------- 
initial ob: [-0.03265225  0.51488206  0.23688323  0.          0.6         0.02
 -0.2         0.6         0.13      ]
agent_success: 0

training time:  0.0022745132446289062
evaluation time:  8.065695762634277
epoch time:  8.06799030303955


-------------------------------- Iteration 2200 -------------------------------- 
initial ob: [-0.03265225  0.51488206  0.23688323  0.          0.6         0.02
 -0.2         0.6         0.13      ]
agent_success: 0

training time:  0.002254962921142578
evaluation time:  7.989227771759033
epoch time:  7.991499662399292


-------------------------------- Iteration 2400 -------------------------------- 
initial ob: [-0.03265225  0.51488206  0.23688323  0.          0.6         0.02
 -0.2         0.6         0.13      ]
agent_success: 0

training time:  0.0022726058959960938
evaluation time:  8.05254602432251
epoch time:  8.05483341217041


-------------------------------- Iteration 2600 -------------------------------- 
initial ob: [-0.03265225  0.51488206  0.23688323  0.          0.6         0.02
 -0.2         0.6         0.13      ]
agent_success: 0

training time:  0.0022802352905273438
evaluation time:  8.018267393112183
epoch time:  8.020565032958984


-------------------------------- Iteration 2800 -------------------------------- 
initial ob: [-0.03265225  0.51488206  0.23688323  0.          0.6         0.02
 -0.2         0.6         0.13      ]
agent_success: 0

training time:  0.002287626266479492
evaluation time:  7.911984920501709
epoch time:  7.91429328918457


-------------------------------- Iteration 3000 -------------------------------- 
initial ob: [-0.03265225  0.51488206  0.23688323  0.          0.6         0.02
 -0.2         0.6         0.13      ]
agent_success: 0

training time:  0.0022847652435302734
evaluation time:  8.041584968566895
epoch time:  8.04388165473938


-------------------------------- Iteration 3200 -------------------------------- 
initial ob: [-0.03265225  0.51488206  0.23688323  0.          0.6         0.02
 -0.2         0.6         0.13      ]
agent_success: 0

training time:  0.0022728443145751953
evaluation time:  8.098285436630249
epoch time:  8.10057783126831


-------------------------------- Training stopped due to early stopping -------------------------------- 
min loss:  0.09088014


-------------------------------- Test Results -------------------------------- 
initial ob: [-0.03265225  0.51488206  0.23688323  0.          0.6         0.02
 -0.2         0.6         0.13      ]
agent_success: 0

mean_success_rate:  0.0
Done
