/var/lib/slurm/slurmd/job3513852/slurm_script: line 9: batch_scripts/MT50_batch/seed.sh: No such file or directory
SLURM_JOBID=3513852
working directory=/viscam/u/jialugao/Imitation-SoftModule
########################
logging outputs to  /viscam/u/jialugao/Imitation-SoftModule/data/Base_bc_reach_plate-slide-side-v1_2640.000124-01-2022_18-56-08
########################
{'expert_policy_file': '../Multi-Task-RL/log/MT50_Single_Task/plate-slide-side-v1/Fixed/238/model/model_pf_best.pth', 'exp_name': 'bc_reach', 'do_dagger': False, 'ep_len': 200, 'gradient_steps': 1, 'n_iter': 10000, 'render_interval': 1, 'eval_interval': 200, 'batch_size': 64, 'eval_batch_size': 32, 'train_batch_size': 32, 'n_layers': 2, 'size': 400, 'learning_rate': 0.0001, 'video_log_freq': -1, 'scalar_log_freq': 1, 'no_gpu': False, 'which_gpu': 0, 'max_replay_buffer_size': 1000000, 'save_params': False, 'seed': 32, 'worker_nums': 1, 'eval_worker_nums': 1, 'config': 'config/BC.json', 'no_cuda': True, 'random_init': False, 'device': 'cpu', 'id': 'MT50_Single_Task', 'task_name': 'plate-slide-side-v1', 'task_env': 'MT50_task_env', 'cuda': False, 'log_dir': '/viscam/u/jialugao/Imitation-SoftModule/data/Base_bc_reach_plate-slide-side-v1_2640.000124-01-2022_18-56-08', 'agent_class': <class 'agents.bc_agent.MLPAgent'>, 'agent_params': {'n_layers': 2, 'size': 400, 'learning_rate': 0.0001, 'max_replay_buffer_size': 1000000, 'discrete': False, 'ac_dim': 4, 'ob_dim': 9}}
{'env_name': 'single_task', 'env': {'reward_scale': 1, 'obs_norm': False}, 'meta_env': {'obs_type': 'with_goal', 'random_init': False}, 'replay_buffer': {'size': 1000000.0}, 'net': {'hidden_shapes': [400, 400], 'append_hidden_shapes': [400], 'base_type': <class 'networks.base.MLPBase'>}, 'general_setting': {'discount': 0.99, 'pretrain_epochs': 20, 'num_epochs': 7500, 'epoch_frames': 200, 'max_episode_frames': 200, 'batch_size': 1280, 'min_pool': 10000, 'target_hard_update_period': 1000, 'use_soft_update': True, 'tau': 0.005, 'opt_times': 200, 'eval_episodes': 100, 'train_render': False, 'eval_render': False, 'env': <NormAct<RewardShift<SingleWrapperNone>>>, 'logger': <utils.logger.Logger object at 0x7f3e9a8fae90>, 'device': device(type='cpu')}, 'sac': {'plr': 0.0003, 'qlr': 0.0003, 'reparameterization': True, 'automatic_entropy_tuning': True, 'policy_std_reg_weight': 0, 'policy_mean_reg_weight': 0}}
Loading expert policy from... ../Multi-Task-RL/log/MT50_Single_Task/plate-slide-side-v1/Fixed/238/model/model_pf_best.pth
tensor([[-1.0585,  0.0078, -0.1767,  ...,  0.1536, -0.1735, -0.2194],
        [ 0.0120, -0.0384, -0.0320,  ...,  0.0505, -0.0102, -0.0797],
        [-0.3644, -0.2529, -0.1381,  ...,  0.1652, -0.1552, -0.1787],
        ...,
        [-0.6660, -0.3893,  0.0933,  ...,  0.0892, -0.0583, -0.0540],
        [-0.0898, -0.0621, -0.0988,  ...,  0.0188, -0.0208, -0.0460],
        [-0.0104, -0.0126, -0.0716,  ...,  0.0238, -0.0589, -0.0269]])
Done restoring expert policy...
<NormAct<RewardShift<AugObs<SawyerPlateSlideSideEnv instance>>>>


-------------------------------- Iteration 0 -------------------------------- 
initial ob: [-0.03264849  0.51488124  0.2368859   0.          0.6         0.015
 -0.25        0.6         0.02       -0.25        0.6         0.02      ]
expert:[ 0.92625743 -0.40408868  0.9231685   0.7354166 ]
expert:[ 0.94427395 -0.8542749  -0.8083214   0.32986194]
expert:[ 0.884709   -0.82150704 -0.92559516  0.16748387]
expert:[ 0.4199407  -0.81257915 -0.9525055   0.08463433]
expert:[-0.19964866 -0.58135027 -0.9632141  -0.2294963 ]
expert:[-0.86951977  0.3908552  -0.93011254 -0.3778322 ]
expert:[-0.9312694   0.61003035 -0.85416543 -0.43621153]
expert:[-0.713148    0.2951563  -0.8244465  -0.09697214]
expert:[ 0.9403386  0.7964189 -0.7885722  0.5627152]
expert:[ 0.9656138  0.9290186 -0.7075251  0.6628902]
expert:[ 0.9663932   0.954258   -0.82114756  0.7016462 ]
expert:[ 0.9515093   0.921924   -0.95648694  0.85858077]
expert:[ 0.7022941  -0.05415352 -0.98858976  0.85402304]
expert:[-0.37930992 -0.907681   -0.98975664  0.57657385]
expert:[-0.85411656 -0.9464539  -0.9783232   0.64670557]
expert:[-0.9360235  -0.9297154  -0.98557776  0.7159903 ]
expert:[-0.79308534 -0.5675148  -0.97667456  0.7325524 ]
expert:[ 0.3823476   0.93289334 -0.96359545  0.10046665]
expert:[-0.29468185  0.9406853  -0.97738683 -0.05318166]
expert:[-0.9781927  -0.50979793 -0.9899319   0.2604553 ]
expert:[-0.98897725 -0.8670813  -0.9922721   0.59609115]
expert:[-0.98535216 -0.73518366 -0.9851214   0.5608711 ]
expert:[-0.9636742  -0.29892027 -0.9656437   0.37355438]
expert:[-0.91786677 -0.01654551 -0.9148736   0.31532577]
expert:[-0.9104956  -0.03242265 -0.9170114   0.24598517]
expert:[-0.92493564 -0.21126692 -0.9501991   0.10018912]
expert:[-0.9622912  -0.35111853 -0.92504764 -0.33599344]
expert:[-0.97728014 -0.42487866 -0.92233366 -0.56691074]
expert:[-0.9799045  -0.44427148 -0.91712475 -0.63958526]
expert:[-0.9821509  -0.41609335 -0.8888631  -0.7540128 ]
expert:[-0.98329496 -0.28459612 -0.8094022  -0.84544593]
expert:[-0.98379004 -0.10017174 -0.6487085  -0.9166433 ]
expert:[-0.9846441   0.19287786 -0.45961478 -0.9485404 ]
expert:[-0.98851454  0.4230974  -0.40544376 -0.96231765]
expert:[-0.99316674  0.5344291  -0.36753803 -0.9695992 ]
expert:[-0.99485683  0.5358338  -0.45583615 -0.9659447 ]
expert:[-0.9962839   0.44449815 -0.58721286 -0.9465263 ]
expert:[-0.99626637  0.36847538 -0.69797313 -0.93941236]
expert:[-0.99413276  0.4058824  -0.74996954 -0.9479543 ]
expert:[-0.9802111   0.32879114 -0.8079552  -0.956531  ]
expert:[-0.86415166  0.32276374 -0.8039092  -0.970802  ]
expert:[-0.58955526  0.33316353 -0.79352057 -0.9809614 ]
expert:[-0.56122506  0.33061546 -0.79698336 -0.9821237 ]
expert:[-0.5602224  0.3271646 -0.7953122 -0.9805574]
expert:[-0.57270485  0.3218721  -0.79394805 -0.9789357 ]
expert:[-0.58535606  0.31766444 -0.79268914 -0.977569  ]
expert:[-0.58994335  0.3145595  -0.7920844  -0.97692543]
expert:[-0.5889067   0.31239042 -0.7890268  -0.9763551 ]
expert:[-0.5881829   0.31091213 -0.7860388  -0.9757784 ]
expert:[-0.5851765   0.3098627  -0.7850236  -0.97568744]
expert:[-0.5800442  0.3093861 -0.7851443 -0.9759026]
expert:[-0.57424706  0.30915037 -0.7833878  -0.97583365]
expert:[-0.56946963  0.3089695  -0.7819703  -0.97577876]
expert:[-0.5632866   0.30879298 -0.7813186  -0.9759217 ]
expert:[-0.5560437   0.30883878 -0.78130466 -0.97623825]
expert:[-0.5514639   0.30941972 -0.78289837 -0.9765847 ]
expert:[-0.5466715   0.30992606 -0.7847829  -0.976955  ]
expert:[-0.5418553   0.31019798 -0.78668237 -0.97730106]
expert:[-0.53846544  0.3103994  -0.78801477 -0.97754323]
expert:[-0.5337725   0.31051743 -0.78980875 -0.97785294]
expert:[-0.53030014  0.3108644  -0.7887278  -0.9776635 ]
expert:[-0.52819985  0.31117088 -0.78871065 -0.97748476]
expert:[-0.5260182   0.31141368 -0.78938276 -0.9773825 ]
expert:[-0.52497077  0.3114925  -0.78937453 -0.9771935 ]
expert:[-0.5240034  0.3116375 -0.789239  -0.9769924]
expert:[-0.52065057  0.311965   -0.79058695 -0.9770347 ]
expert:[-0.51808316  0.3118412  -0.79127634 -0.9769853 ]
expert:[-0.51562303  0.31159022 -0.7916839  -0.97686166]
expert:[-0.51317215  0.31130552 -0.7917704  -0.97663474]
expert:[-0.5103784  0.3110468 -0.7921683 -0.9764696]
expert:[-0.50737697  0.31079477 -0.79281867 -0.9763579 ]
expert:[-0.5037596   0.3105535  -0.7941461  -0.97638166]
expert:[-0.49872264  0.31014094 -0.79486364 -0.97625923]
expert:[-0.4933415   0.30971622 -0.79556847 -0.9760979 ]
expert:[-0.48813993  0.309465   -0.796506   -0.9759941 ]
expert:[-0.48360485  0.3093471  -0.7973591  -0.9759029 ]
expert:[-0.47961402  0.30909792 -0.79782945 -0.97572064]
expert:[-0.4741468   0.30846205 -0.7988223  -0.97549057]
expert:[-0.46959838  0.3078463  -0.7993775  -0.97527015]
expert:[-0.4640039  0.3067253 -0.7999097 -0.9750418]
expert:[-0.45742086  0.30527797 -0.8005472  -0.97477514]
expert:[-0.45130372  0.3036806  -0.80120635 -0.97441655]
expert:[-0.4462973   0.30168858 -0.802422   -0.9739852 ]
expert:[-0.44129184  0.29965043 -0.8042473  -0.9735268 ]
expert:[-0.43659207  0.29750162 -0.8080698  -0.9731748 ]
expert:[-0.43298107  0.29552603 -0.8109499  -0.9727869 ]
expert:[-0.42915013  0.2933997  -0.8138682  -0.972368  ]
expert:[-0.42517602  0.29125962 -0.8169885  -0.97197944]
expert:[-0.42138195  0.28929165 -0.82044417 -0.9717172 ]
expert:[-0.41744345  0.28723106 -0.82413965 -0.9714758 ]
expert:[-0.4128973   0.28515425 -0.8288831  -0.97142774]
expert:[-0.40795848  0.28344664 -0.8345986  -0.9713904 ]
expert:[-0.40262875  0.28179428 -0.84071654 -0.9712215 ]
expert:[-0.3965374   0.28002566 -0.8483901  -0.9712647 ]
expert:[-0.39178133  0.27777445 -0.8544081  -0.9707218 ]
expert:[-0.32127637  0.17721201 -0.93028575 -0.9531968 ]
expert:[-0.31746215  0.07160521 -0.964753   -0.83831966]
expert:[-0.50581014  0.06732637 -0.9509087  -0.62366235]
expert:[-0.7833976  -0.5295737   0.1029119   0.49091136]
expert:[-0.7955301  -0.7819635   0.83156204  0.81077707]
expert:[-0.8050932  -0.8182285   0.8911636   0.84244597]
expert:[-0.8111665 -0.8393413  0.9178048  0.8558594]
expert:[-0.80009043 -0.5435465   0.3402485   0.6640516 ]
expert:[-0.3217308   0.16012257 -0.94224745 -0.43285242]
expert:[-0.3818254   0.11764319 -0.9443841  -0.44131395]
expert:[-0.39126605  0.11333246 -0.9431394  -0.4334179 ]
expert:[-0.39382952  0.11093884 -0.9431476  -0.43193713]
expert:[-0.39441127  0.11019528 -0.94321686 -0.43029234]
expert:[-0.39363655  0.11169249 -0.9427953  -0.42591748]
expert:[-0.39309433  0.11288154 -0.9425002  -0.42246634]
expert:[-0.3937389   0.11181974 -0.9428457  -0.42306042]
expert:[-0.3947354   0.10997176 -0.9433898  -0.4251565 ]
expert:[-0.39576453  0.10799548 -0.9439654  -0.42790106]
expert:[-0.39708722  0.10597037 -0.9444665  -0.4304672 ]
expert:[-0.3979938   0.10413586 -0.94484544 -0.4329242 ]
expert:[-0.39895207  0.10250546 -0.9451692  -0.43490133]
expert:[-0.3996915   0.10115761 -0.9454339  -0.43665066]
expert:[-0.4003337   0.10005254 -0.9456438  -0.43799376]
expert:[-0.40085506  0.09916803 -0.9458085  -0.43905887]
expert:[-0.40134093  0.0984547  -0.9459336  -0.43979838]
expert:[-0.4017893   0.09788966 -0.9460252  -0.44025704]
expert:[-0.40220797  0.09744269 -0.94609034 -0.4404905 ]
expert:[-0.40263462  0.09708226 -0.94613594 -0.44051164]
expert:[-0.4028991   0.09681777 -0.9461659  -0.44057193]
expert:[-0.4031066   0.09660771 -0.9461841  -0.44058818]
expert:[-0.4033859   0.0964436  -0.9461897  -0.44037998]
expert:[-0.40362272  0.09633323 -0.94618547 -0.44012213]
expert:[-0.4038197   0.09626626 -0.9461723  -0.43981463]
expert:[-0.40397045  0.09625801 -0.94614947 -0.43944427]
expert:[-0.4040865   0.09628422 -0.94612014 -0.43904188]
expert:[-0.40432242  0.09627866 -0.9460925  -0.43853503]
expert:[-0.40463504  0.09624951 -0.946066   -0.43795598]
expert:[-0.4049155   0.09622959 -0.9460383  -0.43740952]
expert:[-0.4051884   0.0962179  -0.9460092  -0.43684804]
expert:[-0.40542135  0.09621455 -0.94597936 -0.4363269 ]
expert:[-0.40560928  0.09622192 -0.9459486  -0.43585062]
expert:[-0.40577337  0.09623791 -0.9459167  -0.43539095]
expert:[-0.40593606  0.09626006 -0.9458838  -0.4349156 ]
expert:[-0.4060976   0.09628372 -0.9458504  -0.43443653]
expert:[-0.40624437  0.09631112 -0.94581634 -0.43397   ]
expert:[-0.40636882  0.09634483 -0.9457818  -0.4335221 ]
expert:[-0.4064356   0.09637944 -0.94574845 -0.43315968]
expert:[-0.40645596  0.09641911 -0.9457158  -0.4328552 ]
expert:[-0.40649453  0.09645087 -0.94568366 -0.43253762]
expert:[-0.40652603  0.09649171 -0.9456509  -0.4322207 ]
expert:[-0.40664542  0.09650007 -0.94561964 -0.43182853]
expert:[-0.406706    0.09652605 -0.94558775 -0.43149397]
expert:[-0.40678102  0.09654839 -0.94555604 -0.43113592]
expert:[-0.40684402  0.09656657 -0.9455247  -0.4308138 ]
expert:[-0.40692842  0.09658777 -0.9454928  -0.43044713]
expert_success: 1.0
path_length: 150



-------------------------------- Iteration 0 -------------------------------- 
initial ob: [-0.03264849  0.51488124  0.2368859   0.          0.6         0.015
 -0.25        0.6         0.02       -0.25        0.6         0.02      ]
agent_success: 0

training time:  0.14667344093322754
evaluation time:  6.841263771057129
epoch time:  6.987970352172852


-------------------------------- Iteration 200 -------------------------------- 
initial ob: [-0.03264849  0.51488124  0.2368859   0.          0.6         0.015
 -0.25        0.6         0.02       -0.25        0.6         0.02      ]
agent_success: 0

training time:  0.002434253692626953
evaluation time:  7.986308574676514
epoch time:  7.988770961761475


-------------------------------- Iteration 400 -------------------------------- 
initial ob: [-0.03264849  0.51488124  0.2368859   0.          0.6         0.015
 -0.25        0.6         0.02       -0.25        0.6         0.02      ]
agent_success: 0

training time:  0.0025162696838378906
evaluation time:  7.954635381698608
epoch time:  7.957185506820679


-------------------------------- Iteration 600 -------------------------------- 
initial ob: [-0.03264849  0.51488124  0.2368859   0.          0.6         0.015
 -0.25        0.6         0.02       -0.25        0.6         0.02      ]
agent_success: 0

training time:  0.0025207996368408203
evaluation time:  7.738988161087036
epoch time:  7.7415430545806885


-------------------------------- Iteration 800 -------------------------------- 
initial ob: [-0.03264849  0.51488124  0.2368859   0.          0.6         0.015
 -0.25        0.6         0.02       -0.25        0.6         0.02      ]
agent_success: 0

training time:  0.0024843215942382812
evaluation time:  7.681902647018433
epoch time:  7.6844329833984375


-------------------------------- Iteration 1000 -------------------------------- 
initial ob: [-0.03264849  0.51488124  0.2368859   0.          0.6         0.015
 -0.25        0.6         0.02       -0.25        0.6         0.02      ]
agent_success: 0

training time:  0.0024788379669189453
evaluation time:  7.60078239440918
epoch time:  7.603306293487549


-------------------------------- Iteration 1200 -------------------------------- 
initial ob: [-0.03264849  0.51488124  0.2368859   0.          0.6         0.015
 -0.25        0.6         0.02       -0.25        0.6         0.02      ]
agent_success: 0

training time:  0.002406597137451172
evaluation time:  7.419829607009888
epoch time:  7.4222800731658936


-------------------------------- Iteration 1400 -------------------------------- 
initial ob: [-0.03264849  0.51488124  0.2368859   0.          0.6         0.015
 -0.25        0.6         0.02       -0.25        0.6         0.02      ]
agent_success: 0

training time:  0.0023272037506103516
evaluation time:  7.62846565246582
epoch time:  7.630817174911499


-------------------------------- Iteration 1600 -------------------------------- 
initial ob: [-0.03264849  0.51488124  0.2368859   0.          0.6         0.015
 -0.25        0.6         0.02       -0.25        0.6         0.02      ]
agent_success: 0

training time:  0.0024442672729492188
evaluation time:  9.043569564819336
epoch time:  9.046038627624512


-------------------------------- Iteration 1800 -------------------------------- 
initial ob: [-0.03264849  0.51488124  0.2368859   0.          0.6         0.015
 -0.25        0.6         0.02       -0.25        0.6         0.02      ]
agent_success: 0

training time:  0.0024034976959228516
evaluation time:  9.538827896118164
epoch time:  9.541256666183472


-------------------------------- Iteration 2000 -------------------------------- 
initial ob: [-0.03264849  0.51488124  0.2368859   0.          0.6         0.015
 -0.25        0.6         0.02       -0.25        0.6         0.02      ]
agent_success: 0

training time:  0.002398967742919922
evaluation time:  8.8645920753479
epoch time:  8.867022275924683


-------------------------------- Iteration 2200 -------------------------------- 
initial ob: [-0.03264849  0.51488124  0.2368859   0.          0.6         0.015
 -0.25        0.6         0.02       -0.25        0.6         0.02      ]
agent_success: 0

training time:  0.0023849010467529297
evaluation time:  9.055779218673706
epoch time:  9.058187246322632


-------------------------------- Iteration 2400 -------------------------------- 
initial ob: [-0.03264849  0.51488124  0.2368859   0.          0.6         0.015
 -0.25        0.6         0.02       -0.25        0.6         0.02      ]
agent_success: 0

training time:  0.002398967742919922
evaluation time:  9.060526609420776
epoch time:  9.06294322013855


-------------------------------- Iteration 2600 -------------------------------- 
initial ob: [-0.03264849  0.51488124  0.2368859   0.          0.6         0.015
 -0.25        0.6         0.02       -0.25        0.6         0.02      ]
agent_success: 0

training time:  0.002329111099243164
evaluation time:  9.43223524093628
epoch time:  9.434587478637695


-------------------------------- Iteration 2800 -------------------------------- 
initial ob: [-0.03264849  0.51488124  0.2368859   0.          0.6         0.015
 -0.25        0.6         0.02       -0.25        0.6         0.02      ]
agent_success: 0

training time:  0.0024917125701904297
evaluation time:  9.572396755218506
epoch time:  9.574910402297974


-------------------------------- Iteration 3000 -------------------------------- 
initial ob: [-0.03264849  0.51488124  0.2368859   0.          0.6         0.015
 -0.25        0.6         0.02       -0.25        0.6         0.02      ]
agent_success: 0

training time:  0.0024123191833496094
evaluation time:  9.15809965133667
epoch time:  9.16054368019104


-------------------------------- Iteration 3200 -------------------------------- 
initial ob: [-0.03264849  0.51488124  0.2368859   0.          0.6         0.015
 -0.25        0.6         0.02       -0.25        0.6         0.02      ]
agent_success: 0

training time:  0.0024521350860595703
evaluation time:  9.703018426895142
epoch time:  9.705487966537476


-------------------------------- Iteration 3400 -------------------------------- 
initial ob: [-0.03264849  0.51488124  0.2368859   0.          0.6         0.015
 -0.25        0.6         0.02       -0.25        0.6         0.02      ]
agent_success: 0

training time:  0.0024030208587646484
evaluation time:  8.992207527160645
epoch time:  8.994632959365845


-------------------------------- Iteration 3600 -------------------------------- 
initial ob: [-0.03264849  0.51488124  0.2368859   0.          0.6         0.015
 -0.25        0.6         0.02       -0.25        0.6         0.02      ]
agent_success: 0

training time:  0.002391338348388672
evaluation time:  9.045317649841309
epoch time:  9.04773998260498


-------------------------------- Iteration 3800 -------------------------------- 
initial ob: [-0.03264849  0.51488124  0.2368859   0.          0.6         0.015
 -0.25        0.6         0.02       -0.25        0.6         0.02      ]
agent_success: 0

training time:  0.002357006072998047
evaluation time:  8.9486722946167
epoch time:  8.951059579849243


-------------------------------- Iteration 4000 -------------------------------- 
initial ob: [-0.03264849  0.51488124  0.2368859   0.          0.6         0.015
 -0.25        0.6         0.02       -0.25        0.6         0.02      ]
agent_success: 0

training time:  0.0023832321166992188
evaluation time:  9.272160768508911
epoch time:  9.274570226669312


-------------------------------- Iteration 4200 -------------------------------- 
initial ob: [-0.03264849  0.51488124  0.2368859   0.          0.6         0.015
 -0.25        0.6         0.02       -0.25        0.6         0.02      ]
agent_success: 0

training time:  0.0024285316467285156
evaluation time:  8.881365537643433
epoch time:  8.883811235427856


-------------------------------- Iteration 4400 -------------------------------- 
initial ob: [-0.03264849  0.51488124  0.2368859   0.          0.6         0.015
 -0.25        0.6         0.02       -0.25        0.6         0.02      ]
agent_success: 0

training time:  0.002426624298095703
evaluation time:  8.9363853931427
epoch time:  8.938922882080078


-------------------------------- Iteration 4600 -------------------------------- 
initial ob: [-0.03264849  0.51488124  0.2368859   0.          0.6         0.015
 -0.25        0.6         0.02       -0.25        0.6         0.02      ]
agent_success: 0

training time:  0.002454042434692383
evaluation time:  9.088850736618042
epoch time:  9.091320037841797


-------------------------------- Iteration 4800 -------------------------------- 
initial ob: [-0.03264849  0.51488124  0.2368859   0.          0.6         0.015
 -0.25        0.6         0.02       -0.25        0.6         0.02      ]
agent_success: 0

training time:  0.002428293228149414
evaluation time:  8.777902364730835
epoch time:  8.78035831451416


-------------------------------- Iteration 5000 -------------------------------- 
initial ob: [-0.03264849  0.51488124  0.2368859   0.          0.6         0.015
 -0.25        0.6         0.02       -0.25        0.6         0.02      ]
agent_success: 0

training time:  0.0023469924926757812
evaluation time:  8.848257541656494
epoch time:  8.85062289237976


-------------------------------- Iteration 5200 -------------------------------- 
initial ob: [-0.03264849  0.51488124  0.2368859   0.          0.6         0.015
 -0.25        0.6         0.02       -0.25        0.6         0.02      ]
agent_success: 0

training time:  0.0023148059844970703
evaluation time:  8.555379152297974
epoch time:  8.557727098464966


-------------------------------- Iteration 5400 -------------------------------- 
initial ob: [-0.03264849  0.51488124  0.2368859   0.          0.6         0.015
 -0.25        0.6         0.02       -0.25        0.6         0.02      ]
agent_success: 0

training time:  0.002463102340698242
evaluation time:  8.643959283828735
epoch time:  8.646440982818604


-------------------------------- Iteration 5600 -------------------------------- 
initial ob: [-0.03264849  0.51488124  0.2368859   0.          0.6         0.015
 -0.25        0.6         0.02       -0.25        0.6         0.02      ]
agent_success: 0

training time:  0.0024852752685546875
evaluation time:  9.046259880065918
epoch time:  9.048772096633911


-------------------------------- Iteration 5800 -------------------------------- 
initial ob: [-0.03264849  0.51488124  0.2368859   0.          0.6         0.015
 -0.25        0.6         0.02       -0.25        0.6         0.02      ]
agent_success: 0

training time:  0.0024700164794921875
evaluation time:  8.913398504257202
epoch time:  8.915884971618652


-------------------------------- Iteration 6000 -------------------------------- 
initial ob: [-0.03264849  0.51488124  0.2368859   0.          0.6         0.015
 -0.25        0.6         0.02       -0.25        0.6         0.02      ]
agent_success: 0

training time:  0.0024459362030029297
evaluation time:  8.74931812286377
epoch time:  8.751779794692993


-------------------------------- Iteration 6200 -------------------------------- 
initial ob: [-0.03264849  0.51488124  0.2368859   0.          0.6         0.015
 -0.25        0.6         0.02       -0.25        0.6         0.02      ]
agent_success: 0

training time:  0.0024192333221435547
evaluation time:  8.767584562301636
epoch time:  8.770027875900269


-------------------------------- Iteration 6400 -------------------------------- 
initial ob: [-0.03264849  0.51488124  0.2368859   0.          0.6         0.015
 -0.25        0.6         0.02       -0.25        0.6         0.02      ]
agent_success: 0

training time:  0.002369403839111328
evaluation time:  8.732059955596924
epoch time:  8.734446287155151


-------------------------------- Iteration 6600 -------------------------------- 
initial ob: [-0.03264849  0.51488124  0.2368859   0.          0.6         0.015
 -0.25        0.6         0.02       -0.25        0.6         0.02      ]
agent_success: 0

training time:  0.0025625228881835938
evaluation time:  8.954036235809326
epoch time:  8.95662260055542


-------------------------------- Iteration 6800 -------------------------------- 
initial ob: [-0.03264849  0.51488124  0.2368859   0.          0.6         0.015
 -0.25        0.6         0.02       -0.25        0.6         0.02      ]
agent_success: 0

training time:  0.0024678707122802734
evaluation time:  9.060135841369629
epoch time:  9.062620639801025


-------------------------------- Iteration 7000 -------------------------------- 
initial ob: [-0.03264849  0.51488124  0.2368859   0.          0.6         0.015
 -0.25        0.6         0.02       -0.25        0.6         0.02      ]
agent_success: 0

training time:  0.0024423599243164062
evaluation time:  8.704114437103271
epoch time:  8.706577777862549


-------------------------------- Iteration 7200 -------------------------------- 
initial ob: [-0.03264849  0.51488124  0.2368859   0.          0.6         0.015
 -0.25        0.6         0.02       -0.25        0.6         0.02      ]
agent_success: 0

training time:  0.0023698806762695312
evaluation time:  9.099303483963013
epoch time:  9.101690530776978


-------------------------------- Iteration 7400 -------------------------------- 
initial ob: [-0.03264849  0.51488124  0.2368859   0.          0.6         0.015
 -0.25        0.6         0.02       -0.25        0.6         0.02      ]
agent_success: 0

training time:  0.0024483203887939453
evaluation time:  9.119641304016113
epoch time:  9.122111797332764


-------------------------------- Iteration 7600 -------------------------------- 
initial ob: [-0.03264849  0.51488124  0.2368859   0.          0.6         0.015
 -0.25        0.6         0.02       -0.25        0.6         0.02      ]
agent_success: 0

training time:  0.0024008750915527344
evaluation time:  8.944462060928345
epoch time:  8.946878671646118


-------------------------------- Iteration 7800 -------------------------------- 
initial ob: [-0.03264849  0.51488124  0.2368859   0.          0.6         0.015
 -0.25        0.6         0.02       -0.25        0.6         0.02      ]
agent_success: 0

training time:  0.002315521240234375
evaluation time:  8.826915979385376
epoch time:  8.82932710647583


-------------------------------- Iteration 8000 -------------------------------- 
initial ob: [-0.03264849  0.51488124  0.2368859   0.          0.6         0.015
 -0.25        0.6         0.02       -0.25        0.6         0.02      ]
agent_success: 0

training time:  0.002427339553833008
evaluation time:  8.97923469543457
epoch time:  8.98167872428894


-------------------------------- Iteration 8200 -------------------------------- 
initial ob: [-0.03264849  0.51488124  0.2368859   0.          0.6         0.015
 -0.25        0.6         0.02       -0.25        0.6         0.02      ]
agent_success: 0

training time:  0.002465486526489258
evaluation time:  9.197050333023071
epoch time:  9.199544668197632


-------------------------------- Iteration 8400 -------------------------------- 
initial ob: [-0.03264849  0.51488124  0.2368859   0.          0.6         0.015
 -0.25        0.6         0.02       -0.25        0.6         0.02      ]
agent_success: 0

training time:  0.0024328231811523438
evaluation time:  8.974278211593628
epoch time:  8.97672724723816


-------------------------------- Iteration 8600 -------------------------------- 
initial ob: [-0.03264849  0.51488124  0.2368859   0.          0.6         0.015
 -0.25        0.6         0.02       -0.25        0.6         0.02      ]
agent_success: 0

training time:  0.0024216175079345703
evaluation time:  9.212090015411377
epoch time:  9.214538097381592


-------------------------------- Iteration 8800 -------------------------------- 
initial ob: [-0.03264849  0.51488124  0.2368859   0.          0.6         0.015
 -0.25        0.6         0.02       -0.25        0.6         0.02      ]
agent_success: 0

training time:  0.0024080276489257812
evaluation time:  8.766569375991821
epoch time:  8.76901125907898


-------------------------------- Iteration 9000 -------------------------------- 
initial ob: [-0.03264849  0.51488124  0.2368859   0.          0.6         0.015
 -0.25        0.6         0.02       -0.25        0.6         0.02      ]
agent_success: 0

training time:  0.0023436546325683594
evaluation time:  8.471472024917603
epoch time:  8.473841905593872


-------------------------------- Iteration 9200 -------------------------------- 
initial ob: [-0.03264849  0.51488124  0.2368859   0.          0.6         0.015
 -0.25        0.6         0.02       -0.25        0.6         0.02      ]
agent_success: 0

training time:  0.0023031234741210938
evaluation time:  8.795594453811646
epoch time:  8.797912836074829


-------------------------------- Iteration 9400 -------------------------------- 
initial ob: [-0.03264849  0.51488124  0.2368859   0.          0.6         0.015
 -0.25        0.6         0.02       -0.25        0.6         0.02      ]
agent_success: 0

training time:  0.0023076534271240234
evaluation time:  8.850313901901245
epoch time:  8.852638721466064


-------------------------------- Iteration 9600 -------------------------------- 
initial ob: [-0.03264849  0.51488124  0.2368859   0.          0.6         0.015
 -0.25        0.6         0.02       -0.25        0.6         0.02      ]
agent_success: 0

training time:  0.002267122268676758
evaluation time:  8.358912467956543
epoch time:  8.361199378967285


-------------------------------- Iteration 9800 -------------------------------- 
initial ob: [-0.03264849  0.51488124  0.2368859   0.          0.6         0.015
 -0.25        0.6         0.02       -0.25        0.6         0.02      ]
agent_success: 0

training time:  0.0022695064544677734
evaluation time:  8.484626293182373
epoch time:  8.486928701400757


-------------------------------- Test Results -------------------------------- 
initial ob: [-0.03264849  0.51488124  0.2368859   0.          0.6         0.015
 -0.25        0.6         0.02       -0.25        0.6         0.02      ]
agent_success: 0

mean_success_rate:  0.0
Done
