/var/lib/slurm/slurmd/job3515759/slurm_script: line 9: batch_scripts/MT50_batch/seed.sh: No such file or directory
SLURM_JOBID=3515759
working directory=/viscam/u/jialugao/Imitation-SoftModule
########################
logging outputs to  /viscam/u/jialugao/Imitation-SoftModule/data/Base_bc_reach_coffee-button-v1_2640.000125-01-2022_23-53-55
########################
{'expert_policy_file': '../Multi-Task-RL/log/MT50_Single_Task/coffee-button-v1/Fixed/238/model/model_pf_best.pth', 'exp_name': 'bc_reach', 'do_dagger': False, 'ep_len': 200, 'gradient_steps': 1, 'n_iter': 100000, 'render_interval': 1, 'eval_interval': 200, 'batch_size': 64, 'eval_batch_size': 32, 'train_batch_size': 32, 'n_layers': 2, 'size': 400, 'learning_rate': 0.0001, 'video_log_freq': -1, 'scalar_log_freq': 1, 'no_gpu': False, 'which_gpu': 0, 'max_replay_buffer_size': 1000000, 'save_params': False, 'seed': 32, 'worker_nums': 1, 'eval_worker_nums': 1, 'config': 'config/BC.json', 'no_cuda': True, 'random_init': False, 'device': 'cpu', 'id': 'MT50_Single_Task', 'task_name': 'coffee-button-v1', 'task_env': 'MT50_task_env', 'cuda': False, 'log_dir': '/viscam/u/jialugao/Imitation-SoftModule/data/Base_bc_reach_coffee-button-v1_2640.000125-01-2022_23-53-55', 'agent_class': <class 'agents.bc_agent.MLPAgent'>, 'agent_params': {'n_layers': 2, 'size': 400, 'learning_rate': 0.0001, 'max_replay_buffer_size': 1000000, 'discrete': False, 'ac_dim': 4, 'ob_dim': 9}}
{'env_name': 'single_task', 'env': {'reward_scale': 1, 'obs_norm': False}, 'meta_env': {'obs_type': 'with_goal', 'random_init': False}, 'replay_buffer': {'size': 1000000.0}, 'net': {'hidden_shapes': [400, 400], 'append_hidden_shapes': [400], 'base_type': <class 'networks.base.MLPBase'>}, 'general_setting': {'discount': 0.99, 'pretrain_epochs': 20, 'num_epochs': 7500, 'epoch_frames': 200, 'max_episode_frames': 200, 'batch_size': 1280, 'min_pool': 10000, 'target_hard_update_period': 1000, 'use_soft_update': True, 'tau': 0.005, 'opt_times': 200, 'eval_episodes': 100, 'train_render': False, 'eval_render': False, 'env': <NormAct<RewardShift<SingleWrapperNone>>>, 'logger': <utils.logger.Logger object at 0x7fd8b672edd0>, 'device': device(type='cpu')}, 'sac': {'plr': 0.0003, 'qlr': 0.0003, 'reparameterization': True, 'automatic_entropy_tuning': True, 'policy_std_reg_weight': 0, 'policy_mean_reg_weight': 0}}
Loading expert policy from... ../Multi-Task-RL/log/MT50_Single_Task/coffee-button-v1/Fixed/238/model/model_pf_best.pth
tensor([[-0.0037, -0.0154, -0.0505,  ..., -0.0365, -0.0185, -0.0644],
        [-0.0103, -0.0351, -0.0394,  ...,  0.0090, -0.0075, -0.0771],
        [-0.0227, -0.0756, -0.0476,  ..., -0.0016, -0.0235, -0.0453],
        ...,
        [ 0.0411, -0.0798, -0.0020,  ...,  0.0400, -0.0484, -0.0435],
        [-0.0359, -0.0361, -0.0474,  ..., -0.0461,  0.0083, -0.0172],
        [-0.0148, -0.0080, -0.0662,  ..., -0.0211, -0.0547, -0.0228]])
Done restoring expert policy...
<NormAct<RewardShift<AugObs<SawyerCoffeeButtonEnv instance>>>>


-------------------------------- Iteration 0 -------------------------------- 
initial ob: [-0.03265049  0.51488106  0.23688764  0.          0.75        0.33
  0.          0.8         0.01        0.          0.8         0.01      ]
expert:[-0.00313977  0.9788106   0.98724896 -0.72744   ]
expert:[-0.04422596  0.97882825  0.9852885  -0.7009566 ]
expert:[-0.07463983  0.9854918   0.98466015 -0.694298  ]
expert:[-0.12567206  0.98763627  0.98553383 -0.68489796]
expert:[-0.15914655  0.98837477  0.9863424  -0.67399657]
expert:[-0.15823199  0.9880242   0.98720294 -0.65182024]
expert:[-0.1491171  0.9877603  0.9876872 -0.6128269]
expert:[-0.13600259  0.9871476   0.9878513  -0.5639026 ]
expert:[-0.10144548  0.9852952   0.9884301  -0.5070591 ]
expert:[-0.05116638  0.98034215  0.9880317  -0.42677268]
expert:[ 0.06391945  0.9760227   0.9877363  -0.35026973]
expert:[ 0.42868358  0.9772329   0.9903477  -0.34980598]
expert:[ 0.7372209   0.97776276  0.991219   -0.38935816]
expert:[ 0.8713949  0.9767283  0.9920169 -0.3895292]
expert:[ 0.89912736  0.9731685   0.9923821  -0.37457207]
expert:[ 0.92328304  0.9716327   0.99201185 -0.39406115]
expert:[ 0.93373084  0.97163147  0.9920282  -0.40441692]
expert:[ 0.94489574  0.9677644   0.99249077 -0.37021685]
expert:[ 0.8658322   0.8711555   0.98955834 -0.19245909]
expert:[ 0.20357926  0.5982605   0.9616051  -0.12231079]
expert:[-0.2397941   0.5966687   0.575306   -0.55987555]
expert:[-0.30762315  0.6468893   0.26478755 -0.66135365]
expert:[-0.35297346  0.6294981   0.13768958 -0.64828277]
expert:[-0.36486116  0.62118554  0.11170927 -0.6458419 ]
expert:[-0.36979148  0.62446016  0.10844218 -0.64488316]
expert:[-0.37338582  0.6325024   0.11204813 -0.6440066 ]
expert:[-0.37711567  0.64272195  0.11760208 -0.6428708 ]
expert:[-0.381252    0.65366703  0.12438237 -0.6418918 ]
expert:[-0.38582242  0.6648299   0.13140811 -0.6409202 ]
expert:[-0.3884622   0.67285347  0.13450627 -0.63920724]
expert:[-0.38914686  0.67674893  0.13506341 -0.6379485 ]
expert:[-0.38950577  0.6801162   0.13546841 -0.6369189 ]
expert:[-0.3900419  0.6843958  0.1363715 -0.6357518]
expert:[-0.39074573  0.6897029   0.13777423 -0.6343875 ]
expert:[-0.39156345  0.6959031   0.13964999 -0.6328339 ]
expert:[-0.39245355  0.7028256   0.1419571  -0.6311123 ]
expert:[-0.39345017  0.7101479   0.1440362  -0.6285574 ]
expert:[-0.39464542  0.7175228   0.14484611 -0.6240443 ]
expert:[-0.39591107  0.7253544   0.14579037 -0.619099  ]
expert:[-0.39719564  0.7334319   0.14689481 -0.6138254 ]
expert:[-0.39836675  0.74139553  0.14827164 -0.60847515]
expert:[-0.399408    0.7492237   0.15002987 -0.60300577]
expert:[-0.40044773  0.7572304   0.15214023 -0.5970949 ]
expert:[-0.40150258  0.7654008   0.15442157 -0.5908203 ]
expert:[-0.40257314  0.77370894  0.15687327 -0.5841687 ]
expert:[-0.40386692  0.78204054  0.15759473 -0.5773481 ]
expert:[-0.40568742  0.7905049   0.15414724 -0.57047904]
expert:[-0.40546826  0.79702973  0.14553633 -0.56516355]
expert:[-0.40382856  0.8024763   0.13442037 -0.5605091 ]
expert:[-0.40141913  0.8076437   0.12304749 -0.55315584]
expert:[-0.39895946  0.81278455  0.11190298 -0.54558426]
expert:[-0.3965689   0.81797934  0.10038146 -0.5377765 ]
expert:[-0.39419904  0.822961    0.08709948 -0.5294469 ]
expert:[-0.3916315   0.8277018   0.07308001 -0.5206379 ]
expert:[-0.3889494   0.83212173  0.05870418 -0.5118813 ]
expert:[-0.3860937  0.8364781  0.0443598 -0.5029616]
expert:[-0.38227656  0.84171873  0.03076337 -0.494223  ]
expert:[-0.37727895  0.84619373  0.01983952 -0.48784208]
expert:[-0.37338132  0.84907246  0.00618041 -0.48429886]
expert:[-0.37085062  0.8505556  -0.00901924 -0.48084074]
expert:[-0.36882475  0.85132986 -0.02424381 -0.47757986]
expert:[-0.3666513   0.8522856  -0.04051531 -0.4738998 ]
expert:[-0.36438888  0.85324657 -0.05675963 -0.47013354]
expert:[-0.3619523   0.85341233 -0.07098509 -0.4665061 ]
expert:[-0.35909462  0.8532236  -0.08535081 -0.46274552]
expert:[-0.35617104  0.8528168  -0.0995058  -0.458921  ]
expert:[-0.35325602  0.8521997  -0.11356773 -0.4549303 ]
expert:[-0.3497074  0.8506622 -0.1271093 -0.4506222]
expert:[-0.34597442  0.8489124  -0.14018218 -0.4461748 ]
expert:[-0.34171498  0.84674066 -0.15188587 -0.44194335]
expert:[-0.33699384  0.84390557 -0.16344365 -0.43806502]
expert:[-0.3305035   0.8419405  -0.17207731 -0.42984232]
expert:[-0.3220939   0.8416918  -0.17608817 -0.41621876]
expert:[-0.31328124  0.8413333  -0.17971754 -0.40214354]
expert:[-0.30428657  0.84061176 -0.18347491 -0.38708314]
expert:[-0.29527524  0.8394093  -0.18774077 -0.371568  ]
expert:[-0.2875925   0.83712435 -0.19453728 -0.36439982]
expert:[-0.27849042  0.8364379  -0.19970527 -0.364925  ]
expert:[-0.26951805  0.83601004 -0.20325172 -0.36568075]
expert:[-0.26054665  0.83575016 -0.20579974 -0.3665347 ]
expert:[-0.25136563  0.8354845  -0.20823489 -0.36737475]
expert:[-0.24178915  0.8351365  -0.21006118 -0.36806116]
expert:[-0.2310743   0.83404964 -0.21069624 -0.36785376]
expert:[-0.22263852  0.8310979  -0.21364684 -0.3703599 ]
expert:[-0.21072944  0.8267285  -0.21549688 -0.37400758]
expert:[-0.19445604  0.82081056 -0.21502827 -0.37847045]
expert:[-0.17785187  0.81460416 -0.2170576  -0.3828743 ]
expert:[-0.16101362  0.8073785  -0.22225644 -0.3899626 ]
expert:[-0.14320835  0.79893655 -0.23095374 -0.39628366]
expert:[-0.12176955  0.78908443 -0.2447274  -0.4007238 ]
expert:[-0.09463049  0.7788442  -0.25117984 -0.40516582]
expert:[-0.06283747  0.7698903  -0.24706542 -0.410454  ]
expert:[-0.00249144  0.7725091  -0.19666474 -0.42850596]
expert:[ 0.0869875   0.7923117  -0.07545118 -0.45469907]
expert:[ 0.21332967  0.8229856   0.10963923 -0.48844573]
expert:[ 0.3663143   0.85692626  0.3038318  -0.53069186]
expert:[ 0.51292783  0.8885286   0.47808486 -0.5832031 ]
expert:[ 0.6388378  0.9105677  0.6060944 -0.6402904]
expert:[ 0.73710734  0.92724407  0.69233155 -0.6921597 ]
expert:[ 0.80673605  0.94009155  0.7534839  -0.7392696 ]
expert:[ 0.85640633  0.9497122   0.797514   -0.77942526]
expert:[ 0.89123356  0.9568832   0.82956797 -0.8150803 ]
expert:[ 0.9130889   0.9613978   0.847117   -0.84076566]
expert:[ 0.9276777  0.9640937  0.8576334 -0.8595499]
expert:[ 0.9378574   0.96597934  0.8635181  -0.8752639 ]
expert:[ 0.9452589  0.9673416  0.8668181 -0.8875537]
expert:[ 0.95028496  0.96837085  0.86740255 -0.89700735]
expert:[ 0.9537122   0.9691345   0.86612105 -0.9043377 ]
expert:[ 0.9559689   0.96951884  0.86302626 -0.90992355]
expert:[ 0.9572164  0.9695446  0.8579639 -0.9140506]
expert:[ 0.95763713  0.9692639   0.8511459  -0.9169597 ]
expert:[ 0.9573641  0.9687245  0.8428366 -0.9188286]
expert:[ 0.95641446  0.96794254  0.8331402  -0.9197189 ]
expert:[ 0.954893   0.9669309  0.8221738 -0.9195804]
expert:[ 0.952605    0.9656244   0.80928737 -0.91851413]
expert:[ 0.94932455  0.963995    0.79432225 -0.9166275 ]
expert:[ 0.9447866  0.9619207  0.7764288 -0.9138392]
expert:[ 0.9390013  0.9593953  0.7555424 -0.9098842]
expert:[ 0.9320807  0.9562873  0.7323599 -0.9044567]
expert:[ 0.9222292   0.95220417  0.7011488  -0.89689684]
expert:[ 0.9091535   0.94714797  0.6626498  -0.8872334 ]
expert:[ 0.8920547   0.9410963   0.61667824 -0.87518185]
expert:[ 0.870395    0.9328947   0.56384706 -0.8595975 ]
expert:[ 0.8409028   0.92198163  0.49791393 -0.8387966 ]
expert:[ 0.80044645  0.90821975  0.41552728 -0.81215566]
expert:[ 0.74685544  0.89096093  0.31970578 -0.77874094]
expert:[ 0.67429394  0.87100315  0.20425524 -0.7404896 ]
expert:[ 0.577413    0.847557    0.07018565 -0.6955379 ]
expert:[ 0.45910117  0.8181086  -0.05824018 -0.64781827]
expert:[ 0.30849588  0.7825341  -0.18969624 -0.59257865]
expert:[ 0.14047015  0.7380891  -0.31253645 -0.5175376 ]
expert:[ 0.01999526  0.6870961  -0.42824686 -0.46484235]
expert:[-0.0544245   0.6522863  -0.525955   -0.42712265]
expert:[-0.10217584  0.6293161  -0.57263255 -0.39997298]
expert:[-0.11995819  0.6158951  -0.58644235 -0.39266604]
expert:[-0.1314211   0.6080786  -0.5953133  -0.38928327]
expert:[-0.13969412  0.611038   -0.5956976  -0.39116323]
expert:[-0.14896907  0.61764127 -0.59258294 -0.3953093 ]
expert:[-0.15772782  0.62392217 -0.5891257  -0.39939106]
expert:[-0.16653746  0.63049537 -0.5867609  -0.40303534]
expert:[-0.17600203  0.63928574 -0.5844089  -0.40577123]
expert:[-0.18624082  0.6502399  -0.58337766 -0.40511817]
expert:[-0.19316015  0.6591588  -0.5797018  -0.4036306 ]
expert:[-0.19842282  0.66765285 -0.5740054  -0.4023767 ]
expert:[-0.20327899  0.6759619  -0.5679304  -0.40123418]
expert:[-0.20783508  0.6829048  -0.56239325 -0.39930278]
expert:[-0.21217823  0.6893542  -0.5569828  -0.39708927]
expert:[-0.21629693  0.6957968  -0.5513838  -0.39496443]
expert:[-0.22015455  0.702155   -0.54560095 -0.39293182]
expert:[-0.22392793  0.70778203 -0.5399799  -0.39041862]
expert_success: 1.0
path_length: 150



-------------------------------- Iteration 0 -------------------------------- 
initial ob: [-0.03265049  0.51488106  0.23688764  0.          0.75        0.33
  0.          0.8         0.01        0.          0.8         0.01      ]
agent_success: 0

training time:  0.14093279838562012
evaluation time:  7.532431125640869
epoch time:  7.673395872116089


-------------------------------- Iteration 200 -------------------------------- 
initial ob: [-0.03265049  0.51488106  0.23688764  0.          0.75        0.33
  0.          0.8         0.01        0.          0.8         0.01      ]
agent_success: 1.0

training time:  0.002346515655517578
evaluation time:  9.628356695175171
epoch time:  9.630730867385864


-------------------------------- Iteration 400 -------------------------------- 
initial ob: [-0.03265049  0.51488106  0.23688764  0.          0.75        0.33
  0.          0.8         0.01        0.          0.8         0.01      ]
agent_success: 1.0

training time:  0.002333402633666992
evaluation time:  9.635631084442139
epoch time:  9.637994527816772


-------------------------------- Iteration 600 -------------------------------- 
initial ob: [-0.03265049  0.51488106  0.23688764  0.          0.75        0.33
  0.          0.8         0.01        0.          0.8         0.01      ]
agent_success: 1.0

training time:  0.0023500919342041016
evaluation time:  9.703426599502563
epoch time:  9.705800771713257


-------------------------------- Iteration 800 -------------------------------- 
initial ob: [-0.03265049  0.51488106  0.23688764  0.          0.75        0.33
  0.          0.8         0.01        0.          0.8         0.01      ]
agent_success: 1.0

training time:  0.0023450851440429688
evaluation time:  9.577586650848389
epoch time:  9.579958200454712


-------------------------------- Iteration 1000 -------------------------------- 
initial ob: [-0.03265049  0.51488106  0.23688764  0.          0.75        0.33
  0.          0.8         0.01        0.          0.8         0.01      ]
agent_success: 1.0

training time:  0.0023322105407714844
evaluation time:  9.66100025177002
epoch time:  9.663359880447388


-------------------------------- Iteration 1200 -------------------------------- 
initial ob: [-0.03265049  0.51488106  0.23688764  0.          0.75        0.33
  0.          0.8         0.01        0.          0.8         0.01      ]
agent_success: 1.0

training time:  0.0023441314697265625
evaluation time:  9.622773170471191
epoch time:  9.625130414962769


-------------------------------- Iteration 1400 -------------------------------- 
initial ob: [-0.03265049  0.51488106  0.23688764  0.          0.75        0.33
  0.          0.8         0.01        0.          0.8         0.01      ]
agent_success: 1.0

training time:  0.0023505687713623047
evaluation time:  9.466399192810059
epoch time:  9.46877384185791


-------------------------------- Iteration 1600 -------------------------------- 
initial ob: [-0.03265049  0.51488106  0.23688764  0.          0.75        0.33
  0.          0.8         0.01        0.          0.8         0.01      ]
agent_success: 1.0

training time:  0.0023543834686279297
evaluation time:  9.646718263626099
epoch time:  9.64909839630127


-------------------------------- Iteration 1800 -------------------------------- 
initial ob: [-0.03265049  0.51488106  0.23688764  0.          0.75        0.33
  0.          0.8         0.01        0.          0.8         0.01      ]
agent_success: 1.0

training time:  0.0023419857025146484
evaluation time:  9.642213344573975
epoch time:  9.64457654953003


-------------------------------- Iteration 2000 -------------------------------- 
initial ob: [-0.03265049  0.51488106  0.23688764  0.          0.75        0.33
  0.          0.8         0.01        0.          0.8         0.01      ]
agent_success: 1.0

training time:  0.0023686885833740234
evaluation time:  9.789320945739746
epoch time:  9.791714906692505


-------------------------------- Iteration 2200 -------------------------------- 
initial ob: [-0.03265049  0.51488106  0.23688764  0.          0.75        0.33
  0.          0.8         0.01        0.          0.8         0.01      ]
agent_success: 1.0

training time:  0.002329111099243164
evaluation time:  9.797794818878174
epoch time:  9.80014157295227


-------------------------------- Iteration 2400 -------------------------------- 
initial ob: [-0.03265049  0.51488106  0.23688764  0.          0.75        0.33
  0.          0.8         0.01        0.          0.8         0.01      ]
agent_success: 1.0

training time:  0.002341032028198242
evaluation time:  9.741300344467163
epoch time:  9.743683338165283


-------------------------------- Iteration 2600 -------------------------------- 
initial ob: [-0.03265049  0.51488106  0.23688764  0.          0.75        0.33
  0.          0.8         0.01        0.          0.8         0.01      ]
agent_success: 1.0

training time:  0.0023200511932373047
evaluation time:  9.789681196212769
epoch time:  9.792012929916382


-------------------------------- Iteration 2800 -------------------------------- 
initial ob: [-0.03265049  0.51488106  0.23688764  0.          0.75        0.33
  0.          0.8         0.01        0.          0.8         0.01      ]
agent_success: 1.0

training time:  0.0025529861450195312
evaluation time:  9.789153814315796
epoch time:  9.791719675064087


-------------------------------- Iteration 3000 -------------------------------- 
initial ob: [-0.03265049  0.51488106  0.23688764  0.          0.75        0.33
  0.          0.8         0.01        0.          0.8         0.01      ]
agent_success: 1.0

training time:  0.0023512840270996094
evaluation time:  9.74058222770691
epoch time:  9.742950439453125


-------------------------------- Iteration 3200 -------------------------------- 
initial ob: [-0.03265049  0.51488106  0.23688764  0.          0.75        0.33
  0.          0.8         0.01        0.          0.8         0.01      ]
agent_success: 1.0

training time:  0.0023546218872070312
evaluation time:  9.65652346611023
epoch time:  9.658891439437866


-------------------------------- Iteration 3400 -------------------------------- 
initial ob: [-0.03265049  0.51488106  0.23688764  0.          0.75        0.33
  0.          0.8         0.01        0.          0.8         0.01      ]
agent_success: 1.0

training time:  0.0023462772369384766
evaluation time:  9.824804067611694
epoch time:  9.827163219451904


-------------------------------- Iteration 3600 -------------------------------- 
initial ob: [-0.03265049  0.51488106  0.23688764  0.          0.75        0.33
  0.          0.8         0.01        0.          0.8         0.01      ]
agent_success: 1.0

training time:  0.0023260116577148438
evaluation time:  9.795667171478271
epoch time:  9.798017501831055


-------------------------------- Iteration 3800 -------------------------------- 
initial ob: [-0.03265049  0.51488106  0.23688764  0.          0.75        0.33
  0.          0.8         0.01        0.          0.8         0.01      ]
agent_success: 1.0

training time:  0.0025124549865722656
evaluation time:  9.471835374832153
epoch time:  9.474361181259155


-------------------------------- Iteration 4000 -------------------------------- 
initial ob: [-0.03265049  0.51488106  0.23688764  0.          0.75        0.33
  0.          0.8         0.01        0.          0.8         0.01      ]
agent_success: 1.0

training time:  0.0023560523986816406
evaluation time:  9.616877317428589
epoch time:  9.619251489639282


-------------------------------- Iteration 4200 -------------------------------- 
initial ob: [-0.03265049  0.51488106  0.23688764  0.          0.75        0.33
  0.          0.8         0.01        0.          0.8         0.01      ]
agent_success: 1.0

training time:  0.002348661422729492
evaluation time:  9.490328311920166
epoch time:  9.492689371109009


-------------------------------- Iteration 4400 -------------------------------- 
initial ob: [-0.03265049  0.51488106  0.23688764  0.          0.75        0.33
  0.          0.8         0.01        0.          0.8         0.01      ]
agent_success: 1.0

training time:  0.0023381710052490234
evaluation time:  9.434088945388794
epoch time:  9.436450719833374


-------------------------------- Iteration 4600 -------------------------------- 
initial ob: [-0.03265049  0.51488106  0.23688764  0.          0.75        0.33
  0.          0.8         0.01        0.          0.8         0.01      ]
agent_success: 1.0

training time:  0.0023581981658935547
evaluation time:  9.52790641784668
epoch time:  9.53027892112732


-------------------------------- Iteration 4800 -------------------------------- 
initial ob: [-0.03265049  0.51488106  0.23688764  0.          0.75        0.33
  0.          0.8         0.01        0.          0.8         0.01      ]
agent_success: 1.0

training time:  0.0023543834686279297
evaluation time:  9.568882942199707
epoch time:  9.571254968643188


-------------------------------- Iteration 5000 -------------------------------- 
initial ob: [-0.03265049  0.51488106  0.23688764  0.          0.75        0.33
  0.          0.8         0.01        0.          0.8         0.01      ]
agent_success: 1.0

training time:  0.0023581981658935547
evaluation time:  9.585869073867798
epoch time:  9.588240385055542


-------------------------------- Iteration 5200 -------------------------------- 
initial ob: [-0.03265049  0.51488106  0.23688764  0.          0.75        0.33
  0.          0.8         0.01        0.          0.8         0.01      ]
agent_success: 1.0

training time:  0.0023450851440429688
evaluation time:  9.585511207580566
epoch time:  9.587881803512573


-------------------------------- Iteration 5400 -------------------------------- 
initial ob: [-0.03265049  0.51488106  0.23688764  0.          0.75        0.33
  0.          0.8         0.01        0.          0.8         0.01      ]
agent_success: 1.0

training time:  0.002348661422729492
evaluation time:  9.520526647567749
epoch time:  9.522903680801392


-------------------------------- Iteration 5600 -------------------------------- 
initial ob: [-0.03265049  0.51488106  0.23688764  0.          0.75        0.33
  0.          0.8         0.01        0.          0.8         0.01      ]
agent_success: 1.0

training time:  0.0023446083068847656
evaluation time:  9.564935684204102
epoch time:  9.567296266555786


-------------------------------- Iteration 5800 -------------------------------- 
initial ob: [-0.03265049  0.51488106  0.23688764  0.          0.75        0.33
  0.          0.8         0.01        0.          0.8         0.01      ]
agent_success: 1.0

training time:  0.0023458003997802734
evaluation time:  9.604096412658691
epoch time:  9.60645604133606


-------------------------------- Iteration 6000 -------------------------------- 
initial ob: [-0.03265049  0.51488106  0.23688764  0.          0.75        0.33
  0.          0.8         0.01        0.          0.8         0.01      ]
agent_success: 1.0

training time:  0.0023484230041503906
evaluation time:  9.60680890083313
epoch time:  9.60918378829956


-------------------------------- Iteration 6200 -------------------------------- 
initial ob: [-0.03265049  0.51488106  0.23688764  0.          0.75        0.33
  0.          0.8         0.01        0.          0.8         0.01      ]
agent_success: 1.0

training time:  0.0023698806762695312
evaluation time:  9.61460566520691
epoch time:  9.617051362991333


-------------------------------- Iteration 6400 -------------------------------- 
initial ob: [-0.03265049  0.51488106  0.23688764  0.          0.75        0.33
  0.          0.8         0.01        0.          0.8         0.01      ]
agent_success: 1.0

training time:  0.0025522708892822266
evaluation time:  9.597251176834106
epoch time:  9.599824905395508


-------------------------------- Iteration 6600 -------------------------------- 
initial ob: [-0.03265049  0.51488106  0.23688764  0.          0.75        0.33
  0.          0.8         0.01        0.          0.8         0.01      ]
agent_success: 1.0

training time:  0.0025436878204345703
evaluation time:  9.587350368499756
epoch time:  9.589908361434937


-------------------------------- Iteration 6800 -------------------------------- 
initial ob: [-0.03265049  0.51488106  0.23688764  0.          0.75        0.33
  0.          0.8         0.01        0.          0.8         0.01      ]
agent_success: 1.0

training time:  0.002343893051147461
evaluation time:  9.588541746139526
epoch time:  9.590909719467163


-------------------------------- Iteration 7000 -------------------------------- 
initial ob: [-0.03265049  0.51488106  0.23688764  0.          0.75        0.33
  0.          0.8         0.01        0.          0.8         0.01      ]
agent_success: 1.0

training time:  0.0023577213287353516
evaluation time:  9.641318559646606
epoch time:  9.64368987083435


-------------------------------- Iteration 7200 -------------------------------- 
initial ob: [-0.03265049  0.51488106  0.23688764  0.          0.75        0.33
  0.          0.8         0.01        0.          0.8         0.01      ]
agent_success: 1.0

training time:  0.002349376678466797
evaluation time:  9.637529373168945
epoch time:  9.63990044593811


-------------------------------- Iteration 7400 -------------------------------- 
initial ob: [-0.03265049  0.51488106  0.23688764  0.          0.75        0.33
  0.          0.8         0.01        0.          0.8         0.01      ]
agent_success: 1.0

training time:  0.0024204254150390625
evaluation time:  9.635601997375488
epoch time:  9.63803505897522


-------------------------------- Iteration 7600 -------------------------------- 
initial ob: [-0.03265049  0.51488106  0.23688764  0.          0.75        0.33
  0.          0.8         0.01        0.          0.8         0.01      ]
agent_success: 1.0

training time:  0.0023682117462158203
evaluation time:  9.663251638412476
epoch time:  9.665645837783813


-------------------------------- Iteration 7800 -------------------------------- 
initial ob: [-0.03265049  0.51488106  0.23688764  0.          0.75        0.33
  0.          0.8         0.01        0.          0.8         0.01      ]
agent_success: 1.0

training time:  0.002353668212890625
evaluation time:  9.608803510665894
epoch time:  9.611171007156372


-------------------------------- Iteration 8000 -------------------------------- 
initial ob: [-0.03265049  0.51488106  0.23688764  0.          0.75        0.33
  0.          0.8         0.01        0.          0.8         0.01      ]
agent_success: 1.0

training time:  0.002382040023803711
evaluation time:  9.176307678222656
epoch time:  9.178711175918579


-------------------------------- Iteration 8200 -------------------------------- 
initial ob: [-0.03265049  0.51488106  0.23688764  0.          0.75        0.33
  0.          0.8         0.01        0.          0.8         0.01      ]
agent_success: 1.0

training time:  0.0023522377014160156
evaluation time:  9.64866042137146
epoch time:  9.651092052459717


-------------------------------- Iteration 8400 -------------------------------- 
initial ob: [-0.03265049  0.51488106  0.23688764  0.          0.75        0.33
  0.          0.8         0.01        0.          0.8         0.01      ]
agent_success: 1.0

training time:  0.0023717880249023438
evaluation time:  9.628077983856201
epoch time:  9.630478620529175


-------------------------------- Iteration 8600 -------------------------------- 
initial ob: [-0.03265049  0.51488106  0.23688764  0.          0.75        0.33
  0.          0.8         0.01        0.          0.8         0.01      ]
agent_success: 1.0

training time:  0.002345561981201172
evaluation time:  9.347229719161987
epoch time:  9.349587440490723


-------------------------------- Iteration 8800 -------------------------------- 
initial ob: [-0.03265049  0.51488106  0.23688764  0.          0.75        0.33
  0.          0.8         0.01        0.          0.8         0.01      ]
agent_success: 1.0

training time:  0.0023474693298339844
evaluation time:  9.263814210891724
epoch time:  9.266197443008423


-------------------------------- Iteration 9000 -------------------------------- 
initial ob: [-0.03265049  0.51488106  0.23688764  0.          0.75        0.33
  0.          0.8         0.01        0.          0.8         0.01      ]
agent_success: 1.0

training time:  0.002351045608520508
evaluation time:  9.644856691360474
epoch time:  9.647220611572266


-------------------------------- Iteration 9200 -------------------------------- 
initial ob: [-0.03265049  0.51488106  0.23688764  0.          0.75        0.33
  0.          0.8         0.01        0.          0.8         0.01      ]
agent_success: 1.0

training time:  0.0023136138916015625
evaluation time:  9.663804292678833
epoch time:  9.666142225265503


-------------------------------- Iteration 9400 -------------------------------- 
initial ob: [-0.03265049  0.51488106  0.23688764  0.          0.75        0.33
  0.          0.8         0.01        0.          0.8         0.01      ]
agent_success: 1.0

training time:  0.0023908615112304688
evaluation time:  9.657539129257202
epoch time:  9.659943342208862


-------------------------------- Iteration 9600 -------------------------------- 
initial ob: [-0.03265049  0.51488106  0.23688764  0.          0.75        0.33
  0.          0.8         0.01        0.          0.8         0.01      ]
agent_success: 1.0

training time:  0.002337932586669922
evaluation time:  9.575489521026611
epoch time:  9.577848196029663


-------------------------------- Iteration 9800 -------------------------------- 
initial ob: [-0.03265049  0.51488106  0.23688764  0.          0.75        0.33
  0.          0.8         0.01        0.          0.8         0.01      ]
agent_success: 1.0

training time:  0.0023987293243408203
evaluation time:  9.62842059135437
epoch time:  9.630831718444824


-------------------------------- Iteration 10000 -------------------------------- 
initial ob: [-0.03265049  0.51488106  0.23688764  0.          0.75        0.33
  0.          0.8         0.01        0.          0.8         0.01      ]
agent_success: 1.0

training time:  0.002326488494873047
evaluation time:  9.626215934753418
epoch time:  9.628570318222046


-------------------------------- Iteration 10200 -------------------------------- 
initial ob: [-0.03265049  0.51488106  0.23688764  0.          0.75        0.33
  0.          0.8         0.01        0.          0.8         0.01      ]
agent_success: 1.0

training time:  0.002344369888305664
evaluation time:  9.622459173202515
epoch time:  9.624816179275513


-------------------------------- Iteration 10400 -------------------------------- 
initial ob: [-0.03265049  0.51488106  0.23688764  0.          0.75        0.33
  0.          0.8         0.01        0.          0.8         0.01      ]
agent_success: 1.0

training time:  0.002336263656616211
evaluation time:  9.673423767089844
epoch time:  9.675781488418579


-------------------------------- Iteration 10600 -------------------------------- 
initial ob: [-0.03265049  0.51488106  0.23688764  0.          0.75        0.33
  0.          0.8         0.01        0.          0.8         0.01      ]
agent_success: 1.0

training time:  0.002333402633666992
evaluation time:  9.66231393814087
epoch time:  9.664660453796387


-------------------------------- Iteration 10800 -------------------------------- 
initial ob: [-0.03265049  0.51488106  0.23688764  0.          0.75        0.33
  0.          0.8         0.01        0.          0.8         0.01      ]
agent_success: 1.0

training time:  0.0023589134216308594
evaluation time:  9.539554595947266
epoch time:  9.541974544525146


-------------------------------- Iteration 11000 -------------------------------- 
initial ob: [-0.03265049  0.51488106  0.23688764  0.          0.75        0.33
  0.          0.8         0.01        0.          0.8         0.01      ]
agent_success: 1.0

training time:  0.002360105514526367
evaluation time:  9.524322271347046
epoch time:  9.526695013046265


-------------------------------- Iteration 11200 -------------------------------- 
initial ob: [-0.03265049  0.51488106  0.23688764  0.          0.75        0.33
  0.          0.8         0.01        0.          0.8         0.01      ]
agent_success: 1.0

training time:  0.0023674964904785156
evaluation time:  9.641776323318481
epoch time:  9.644160509109497


-------------------------------- Iteration 11400 -------------------------------- 
initial ob: [-0.03265049  0.51488106  0.23688764  0.          0.75        0.33
  0.          0.8         0.01        0.          0.8         0.01      ]
agent_success: 0

training time:  0.0023818016052246094
evaluation time:  9.158635377883911
epoch time:  9.161035060882568


-------------------------------- Iteration 11600 -------------------------------- 
initial ob: [-0.03265049  0.51488106  0.23688764  0.          0.75        0.33
  0.          0.8         0.01        0.          0.8         0.01      ]
agent_success: 1.0

training time:  0.0023517608642578125
evaluation time:  9.247337818145752
epoch time:  9.249716520309448


-------------------------------- Iteration 11800 -------------------------------- 
initial ob: [-0.03265049  0.51488106  0.23688764  0.          0.75        0.33
  0.          0.8         0.01        0.          0.8         0.01      ]
agent_success: 1.0

training time:  0.002359151840209961
evaluation time:  9.497523784637451
epoch time:  9.49989628791809


-------------------------------- Iteration 12000 -------------------------------- 
initial ob: [-0.03265049  0.51488106  0.23688764  0.          0.75        0.33
  0.          0.8         0.01        0.          0.8         0.01      ]
agent_success: 1.0

training time:  0.002389192581176758
evaluation time:  9.563815355300903
epoch time:  9.566221237182617


-------------------------------- Iteration 12200 -------------------------------- 
initial ob: [-0.03265049  0.51488106  0.23688764  0.          0.75        0.33
  0.          0.8         0.01        0.          0.8         0.01      ]
agent_success: 1.0

training time:  0.002370595932006836
evaluation time:  9.407560348510742
epoch time:  9.409943342208862


-------------------------------- Iteration 12400 -------------------------------- 
initial ob: [-0.03265049  0.51488106  0.23688764  0.          0.75        0.33
  0.          0.8         0.01        0.          0.8         0.01      ]
agent_success: 1.0

training time:  0.0023488998413085938
evaluation time:  9.861122608184814
epoch time:  9.863496541976929


-------------------------------- Iteration 12600 -------------------------------- 
initial ob: [-0.03265049  0.51488106  0.23688764  0.          0.75        0.33
  0.          0.8         0.01        0.          0.8         0.01      ]
agent_success: 1.0

training time:  0.0025272369384765625
evaluation time:  9.542503595352173
epoch time:  9.545044660568237


-------------------------------- Iteration 12800 -------------------------------- 
initial ob: [-0.03265049  0.51488106  0.23688764  0.          0.75        0.33
  0.          0.8         0.01        0.          0.8         0.01      ]
agent_success: 1.0

training time:  0.002351999282836914
evaluation time:  9.245274066925049
epoch time:  9.247675657272339


-------------------------------- Iteration 13000 -------------------------------- 
initial ob: [-0.03265049  0.51488106  0.23688764  0.          0.75        0.33
  0.          0.8         0.01        0.          0.8         0.01      ]
agent_success: 1.0

training time:  0.0023648738861083984
evaluation time:  9.584229707717896
epoch time:  9.586607217788696


-------------------------------- Iteration 13200 -------------------------------- 
initial ob: [-0.03265049  0.51488106  0.23688764  0.          0.75        0.33
  0.          0.8         0.01        0.          0.8         0.01      ]
agent_success: 1.0

training time:  0.0023500919342041016
evaluation time:  9.536759853363037
epoch time:  9.539133071899414


-------------------------------- Iteration 13400 -------------------------------- 
initial ob: [-0.03265049  0.51488106  0.23688764  0.          0.75        0.33
  0.          0.8         0.01        0.          0.8         0.01      ]
agent_success: 1.0

training time:  0.002337217330932617
evaluation time:  9.530178785324097
epoch time:  9.532546997070312


-------------------------------- Iteration 13600 -------------------------------- 
initial ob: [-0.03265049  0.51488106  0.23688764  0.          0.75        0.33
  0.          0.8         0.01        0.          0.8         0.01      ]
agent_success: 1.0

training time:  0.002336263656616211
evaluation time:  9.563830852508545
epoch time:  9.566184282302856


-------------------------------- Iteration 13800 -------------------------------- 
initial ob: [-0.03265049  0.51488106  0.23688764  0.          0.75        0.33
  0.          0.8         0.01        0.          0.8         0.01      ]
agent_success: 1.0

training time:  0.0023276805877685547
evaluation time:  9.523022174835205
epoch time:  9.525363206863403


-------------------------------- Iteration 14000 -------------------------------- 
initial ob: [-0.03265049  0.51488106  0.23688764  0.          0.75        0.33
  0.          0.8         0.01        0.          0.8         0.01      ]
agent_success: 1.0

training time:  0.002381563186645508
evaluation time:  9.478141784667969
epoch time:  9.480548858642578


-------------------------------- Iteration 14200 -------------------------------- 
initial ob: [-0.03265049  0.51488106  0.23688764  0.          0.75        0.33
  0.          0.8         0.01        0.          0.8         0.01      ]
agent_success: 1.0

training time:  0.002360820770263672
evaluation time:  9.502359390258789
epoch time:  9.504731893539429


-------------------------------- Iteration 14400 -------------------------------- 
initial ob: [-0.03265049  0.51488106  0.23688764  0.          0.75        0.33
  0.          0.8         0.01        0.          0.8         0.01      ]
agent_success: 1.0

training time:  0.0023539066314697266
evaluation time:  9.554553508758545
epoch time:  9.556931257247925


-------------------------------- Iteration 14600 -------------------------------- 
initial ob: [-0.03265049  0.51488106  0.23688764  0.          0.75        0.33
  0.          0.8         0.01        0.          0.8         0.01      ]
agent_success: 1.0

training time:  0.0023484230041503906
evaluation time:  9.536839962005615
epoch time:  9.539202451705933


-------------------------------- Iteration 14800 -------------------------------- 
initial ob: [-0.03265049  0.51488106  0.23688764  0.          0.75        0.33
  0.          0.8         0.01        0.          0.8         0.01      ]
agent_success: 1.0

training time:  0.0023386478424072266
evaluation time:  9.719772815704346
epoch time:  9.722137689590454


-------------------------------- Iteration 15000 -------------------------------- 
initial ob: [-0.03265049  0.51488106  0.23688764  0.          0.75        0.33
  0.          0.8         0.01        0.          0.8         0.01      ]
agent_success: 1.0

training time:  0.0023696422576904297
evaluation time:  9.521400690078735
epoch time:  9.523783922195435


-------------------------------- Iteration 15200 -------------------------------- 
initial ob: [-0.03265049  0.51488106  0.23688764  0.          0.75        0.33
  0.          0.8         0.01        0.          0.8         0.01      ]
agent_success: 1.0

training time:  0.002423524856567383
evaluation time:  9.548334121704102
epoch time:  9.550778150558472


-------------------------------- Iteration 15400 -------------------------------- 
initial ob: [-0.03265049  0.51488106  0.23688764  0.          0.75        0.33
  0.          0.8         0.01        0.          0.8         0.01      ]
agent_success: 1.0

training time:  0.0023458003997802734
evaluation time:  9.558470010757446
epoch time:  9.560829401016235


-------------------------------- Iteration 15600 -------------------------------- 
initial ob: [-0.03265049  0.51488106  0.23688764  0.          0.75        0.33
  0.          0.8         0.01        0.          0.8         0.01      ]
agent_success: 1.0

training time:  0.002390146255493164
evaluation time:  9.458585977554321
epoch time:  9.460999727249146


-------------------------------- Iteration 15800 -------------------------------- 
initial ob: [-0.03265049  0.51488106  0.23688764  0.          0.75        0.33
  0.          0.8         0.01        0.          0.8         0.01      ]
agent_success: 1.0

training time:  0.002330780029296875
evaluation time:  9.554871797561646
epoch time:  9.557215452194214


-------------------------------- Iteration 16000 -------------------------------- 
initial ob: [-0.03265049  0.51488106  0.23688764  0.          0.75        0.33
  0.          0.8         0.01        0.          0.8         0.01      ]
agent_success: 1.0

training time:  0.002355813980102539
evaluation time:  9.51560640335083
epoch time:  9.51797890663147


-------------------------------- Iteration 16200 -------------------------------- 
initial ob: [-0.03265049  0.51488106  0.23688764  0.          0.75        0.33
  0.          0.8         0.01        0.          0.8         0.01      ]
agent_success: 1.0

training time:  0.0023272037506103516
evaluation time:  9.513161659240723
epoch time:  9.515501499176025


-------------------------------- Iteration 16400 -------------------------------- 
initial ob: [-0.03265049  0.51488106  0.23688764  0.          0.75        0.33
  0.          0.8         0.01        0.          0.8         0.01      ]
agent_success: 1.0

training time:  0.0023076534271240234
evaluation time:  9.47230577468872
epoch time:  9.474637746810913


-------------------------------- Iteration 16600 -------------------------------- 
initial ob: [-0.03265049  0.51488106  0.23688764  0.          0.75        0.33
  0.          0.8         0.01        0.          0.8         0.01      ]
agent_success: 1.0

training time:  0.002347707748413086
evaluation time:  9.664928436279297
epoch time:  9.667287111282349


-------------------------------- Iteration 16800 -------------------------------- 
initial ob: [-0.03265049  0.51488106  0.23688764  0.          0.75        0.33
  0.          0.8         0.01        0.          0.8         0.01      ]
agent_success: 1.0

training time:  0.0022873878479003906
evaluation time:  9.398597955703735
epoch time:  9.40090012550354


-------------------------------- Iteration 17000 -------------------------------- 
initial ob: [-0.03265049  0.51488106  0.23688764  0.          0.75        0.33
  0.          0.8         0.01        0.          0.8         0.01      ]
agent_success: 1.0

training time:  0.002477884292602539
evaluation time:  8.875091314315796
epoch time:  8.877581357955933


-------------------------------- Iteration 17200 -------------------------------- 
initial ob: [-0.03265049  0.51488106  0.23688764  0.          0.75        0.33
  0.          0.8         0.01        0.          0.8         0.01      ]
agent_success: 1.0

training time:  0.0022902488708496094
evaluation time:  9.319616556167603
epoch time:  9.321928262710571


-------------------------------- Iteration 17400 -------------------------------- 
initial ob: [-0.03265049  0.51488106  0.23688764  0.          0.75        0.33
  0.          0.8         0.01        0.          0.8         0.01      ]
agent_success: 1.0

training time:  0.002292633056640625
evaluation time:  9.402498245239258
epoch time:  9.404817819595337


-------------------------------- Iteration 17600 -------------------------------- 
initial ob: [-0.03265049  0.51488106  0.23688764  0.          0.75        0.33
  0.          0.8         0.01        0.          0.8         0.01      ]
agent_success: 1.0

training time:  0.0022897720336914062
evaluation time:  9.319150924682617
epoch time:  9.321456909179688


-------------------------------- Iteration 17800 -------------------------------- 
initial ob: [-0.03265049  0.51488106  0.23688764  0.          0.75        0.33
  0.          0.8         0.01        0.          0.8         0.01      ]
agent_success: 1.0

training time:  0.0023093223571777344
evaluation time:  9.420201778411865
epoch time:  9.422523260116577


-------------------------------- Iteration 18000 -------------------------------- 
initial ob: [-0.03265049  0.51488106  0.23688764  0.          0.75        0.33
  0.          0.8         0.01        0.          0.8         0.01      ]
agent_success: 1.0

training time:  0.00229644775390625
evaluation time:  9.292200803756714
epoch time:  9.294575929641724


-------------------------------- Iteration 18200 -------------------------------- 
initial ob: [-0.03265049  0.51488106  0.23688764  0.          0.75        0.33
  0.          0.8         0.01        0.          0.8         0.01      ]
agent_success: 1.0

training time:  0.0022916793823242188
evaluation time:  9.428640127182007
epoch time:  9.430943727493286


-------------------------------- Iteration 18400 -------------------------------- 
initial ob: [-0.03265049  0.51488106  0.23688764  0.          0.75        0.33
  0.          0.8         0.01        0.          0.8         0.01      ]
agent_success: 1.0

training time:  0.0023186206817626953
evaluation time:  9.304767370223999
epoch time:  9.30709981918335


-------------------------------- Iteration 18600 -------------------------------- 
initial ob: [-0.03265049  0.51488106  0.23688764  0.          0.75        0.33
  0.          0.8         0.01        0.          0.8         0.01      ]
agent_success: 1.0

training time:  0.0023031234741210938
evaluation time:  9.417551040649414
epoch time:  9.419865369796753


-------------------------------- Iteration 18800 -------------------------------- 
initial ob: [-0.03265049  0.51488106  0.23688764  0.          0.75        0.33
  0.          0.8         0.01        0.          0.8         0.01      ]
agent_success: 1.0

training time:  0.0023124217987060547
evaluation time:  9.348106861114502
epoch time:  9.35043740272522


-------------------------------- Iteration 19000 -------------------------------- 
initial ob: [-0.03265049  0.51488106  0.23688764  0.          0.75        0.33
  0.          0.8         0.01        0.          0.8         0.01      ]
agent_success: 1.0

training time:  0.002291440963745117
evaluation time:  9.416491746902466
epoch time:  9.418795108795166


-------------------------------- Iteration 19200 -------------------------------- 
initial ob: [-0.03265049  0.51488106  0.23688764  0.          0.75        0.33
  0.          0.8         0.01        0.          0.8         0.01      ]
agent_success: 1.0

training time:  0.002286195755004883
evaluation time:  9.305999279022217
epoch time:  9.308297395706177


-------------------------------- Iteration 19400 -------------------------------- 
initial ob: [-0.03265049  0.51488106  0.23688764  0.          0.75        0.33
  0.          0.8         0.01        0.          0.8         0.01      ]
agent_success: 1.0

training time:  0.0023069381713867188
evaluation time:  9.494735717773438
epoch time:  9.4970543384552


-------------------------------- Iteration 19600 -------------------------------- 
initial ob: [-0.03265049  0.51488106  0.23688764  0.          0.75        0.33
  0.          0.8         0.01        0.          0.8         0.01      ]
agent_success: 1.0

training time:  0.002293109893798828
evaluation time:  9.25973129272461
epoch time:  9.262035846710205


-------------------------------- Iteration 19800 -------------------------------- 
initial ob: [-0.03265049  0.51488106  0.23688764  0.          0.75        0.33
  0.          0.8         0.01        0.          0.8         0.01      ]
agent_success: 1.0

training time:  0.0022859573364257812
evaluation time:  9.321394443511963
epoch time:  9.323695182800293


-------------------------------- Iteration 20000 -------------------------------- 
initial ob: [-0.03265049  0.51488106  0.23688764  0.          0.75        0.33
  0.          0.8         0.01        0.          0.8         0.01      ]
agent_success: 1.0

training time:  0.0022776126861572266
evaluation time:  9.311241149902344
epoch time:  9.31352972984314


-------------------------------- Iteration 20200 -------------------------------- 
initial ob: [-0.03265049  0.51488106  0.23688764  0.          0.75        0.33
  0.          0.8         0.01        0.          0.8         0.01      ]
agent_success: 1.0

training time:  0.0022950172424316406
evaluation time:  9.248533010482788
epoch time:  9.250839471817017


-------------------------------- Iteration 20400 -------------------------------- 
initial ob: [-0.03265049  0.51488106  0.23688764  0.          0.75        0.33
  0.          0.8         0.01        0.          0.8         0.01      ]
agent_success: 1.0

training time:  0.0022826194763183594
evaluation time:  9.296246528625488
epoch time:  9.298540115356445


-------------------------------- Iteration 20600 -------------------------------- 
initial ob: [-0.03265049  0.51488106  0.23688764  0.          0.75        0.33
  0.          0.8         0.01        0.          0.8         0.01      ]
agent_success: 1.0

training time:  0.0022954940795898438
evaluation time:  9.256471872329712
epoch time:  9.258782148361206


-------------------------------- Iteration 20800 -------------------------------- 
initial ob: [-0.03265049  0.51488106  0.23688764  0.          0.75        0.33
  0.          0.8         0.01        0.          0.8         0.01      ]
agent_success: 1.0

training time:  0.002318143844604492
evaluation time:  9.309186220169067
epoch time:  9.311516284942627


-------------------------------- Iteration 21000 -------------------------------- 
initial ob: [-0.03265049  0.51488106  0.23688764  0.          0.75        0.33
  0.          0.8         0.01        0.          0.8         0.01      ]
agent_success: 1.0

training time:  0.0023050308227539062
evaluation time:  9.302873134613037
epoch time:  9.305190324783325


-------------------------------- Iteration 21200 -------------------------------- 
initial ob: [-0.03265049  0.51488106  0.23688764  0.          0.75        0.33
  0.          0.8         0.01        0.          0.8         0.01      ]
agent_success: 1.0

training time:  0.002328157424926758
evaluation time:  9.28805136680603
epoch time:  9.290390253067017


-------------------------------- Iteration 21400 -------------------------------- 
initial ob: [-0.03265049  0.51488106  0.23688764  0.          0.75        0.33
  0.          0.8         0.01        0.          0.8         0.01      ]
agent_success: 1.0

training time:  0.002294778823852539
evaluation time:  9.302234649658203
epoch time:  9.304544687271118


-------------------------------- Iteration 21600 -------------------------------- 
initial ob: [-0.03265049  0.51488106  0.23688764  0.          0.75        0.33
  0.          0.8         0.01        0.          0.8         0.01      ]
agent_success: 1.0

training time:  0.0022966861724853516
evaluation time:  9.225540399551392
epoch time:  9.227849006652832


-------------------------------- Iteration 21800 -------------------------------- 
initial ob: [-0.03265049  0.51488106  0.23688764  0.          0.75        0.33
  0.          0.8         0.01        0.          0.8         0.01      ]
agent_success: 1.0

training time:  0.002320528030395508
evaluation time:  9.299062490463257
epoch time:  9.301393985748291


-------------------------------- Iteration 22000 -------------------------------- 
initial ob: [-0.03265049  0.51488106  0.23688764  0.          0.75        0.33
  0.          0.8         0.01        0.          0.8         0.01      ]
agent_success: 1.0

training time:  0.0023064613342285156
evaluation time:  9.270108938217163
epoch time:  9.272427082061768


-------------------------------- Iteration 22200 -------------------------------- 
initial ob: [-0.03265049  0.51488106  0.23688764  0.          0.75        0.33
  0.          0.8         0.01        0.          0.8         0.01      ]
agent_success: 1.0

training time:  0.002299785614013672
evaluation time:  9.283611059188843
epoch time:  9.285925388336182


-------------------------------- Iteration 22400 -------------------------------- 
initial ob: [-0.03265049  0.51488106  0.23688764  0.          0.75        0.33
  0.          0.8         0.01        0.          0.8         0.01      ]
agent_success: 1.0

training time:  0.0022957324981689453
evaluation time:  9.226353406906128
epoch time:  9.228661060333252


-------------------------------- Iteration 22600 -------------------------------- 
initial ob: [-0.03265049  0.51488106  0.23688764  0.          0.75        0.33
  0.          0.8         0.01        0.          0.8         0.01      ]
agent_success: 1.0

training time:  0.0023195743560791016
evaluation time:  9.299062728881836
epoch time:  9.30139422416687


-------------------------------- Iteration 22800 -------------------------------- 
initial ob: [-0.03265049  0.51488106  0.23688764  0.          0.75        0.33
  0.          0.8         0.01        0.          0.8         0.01      ]
agent_success: 1.0

training time:  0.002519845962524414
evaluation time:  9.271928787231445
epoch time:  9.274460077285767


-------------------------------- Iteration 23000 -------------------------------- 
initial ob: [-0.03265049  0.51488106  0.23688764  0.          0.75        0.33
  0.          0.8         0.01        0.          0.8         0.01      ]
agent_success: 1.0

training time:  0.002300262451171875
evaluation time:  9.264823913574219
epoch time:  9.267140865325928


-------------------------------- Iteration 23200 -------------------------------- 
initial ob: [-0.03265049  0.51488106  0.23688764  0.          0.75        0.33
  0.          0.8         0.01        0.          0.8         0.01      ]
agent_success: 1.0

training time:  0.002323627471923828
evaluation time:  9.1881103515625
epoch time:  9.19044542312622


-------------------------------- Iteration 23400 -------------------------------- 
initial ob: [-0.03265049  0.51488106  0.23688764  0.          0.75        0.33
  0.          0.8         0.01        0.          0.8         0.01      ]
agent_success: 1.0

training time:  0.0022928714752197266
evaluation time:  9.232673645019531
epoch time:  9.234981536865234


-------------------------------- Iteration 23600 -------------------------------- 
initial ob: [-0.03265049  0.51488106  0.23688764  0.          0.75        0.33
  0.          0.8         0.01        0.          0.8         0.01      ]
agent_success: 1.0

training time:  0.0023081302642822266
evaluation time:  9.282422542572021
epoch time:  9.284749031066895


-------------------------------- Iteration 23800 -------------------------------- 
initial ob: [-0.03265049  0.51488106  0.23688764  0.          0.75        0.33
  0.          0.8         0.01        0.          0.8         0.01      ]
agent_success: 1.0

training time:  0.002308368682861328
evaluation time:  9.261667728424072
epoch time:  9.264017105102539


-------------------------------- Iteration 24000 -------------------------------- 
initial ob: [-0.03265049  0.51488106  0.23688764  0.          0.75        0.33
  0.          0.8         0.01        0.          0.8         0.01      ]
agent_success: 1.0

training time:  0.002322673797607422
evaluation time:  9.282378435134888
epoch time:  9.284712553024292


-------------------------------- Iteration 24200 -------------------------------- 
initial ob: [-0.03265049  0.51488106  0.23688764  0.          0.75        0.33
  0.          0.8         0.01        0.          0.8         0.01      ]
agent_success: 1.0

training time:  0.002301931381225586
evaluation time:  9.260341882705688
epoch time:  9.262658596038818


-------------------------------- Iteration 24400 -------------------------------- 
initial ob: [-0.03265049  0.51488106  0.23688764  0.          0.75        0.33
  0.          0.8         0.01        0.          0.8         0.01      ]
agent_success: 1.0

training time:  0.0023183822631835938
evaluation time:  9.261577606201172
epoch time:  9.263906240463257


-------------------------------- Iteration 24600 -------------------------------- 
initial ob: [-0.03265049  0.51488106  0.23688764  0.          0.75        0.33
  0.          0.8         0.01        0.          0.8         0.01      ]
agent_success: 1.0

training time:  0.002310514450073242
evaluation time:  9.292752027511597
epoch time:  9.295104503631592


-------------------------------- Iteration 24800 -------------------------------- 
initial ob: [-0.03265049  0.51488106  0.23688764  0.          0.75        0.33
  0.          0.8         0.01        0.          0.8         0.01      ]
agent_success: 1.0

training time:  0.0023097991943359375
evaluation time:  9.504481554031372
epoch time:  9.506803512573242


-------------------------------- Iteration 25000 -------------------------------- 
initial ob: [-0.03265049  0.51488106  0.23688764  0.          0.75        0.33
  0.          0.8         0.01        0.          0.8         0.01      ]
agent_success: 1.0

training time:  0.002322673797607422
evaluation time:  9.228661298751831
epoch time:  9.231000900268555


-------------------------------- Iteration 25200 -------------------------------- 
initial ob: [-0.03265049  0.51488106  0.23688764  0.          0.75        0.33
  0.          0.8         0.01        0.          0.8         0.01      ]
agent_success: 1.0

training time:  0.0023031234741210938
evaluation time:  9.244568824768066
epoch time:  9.246883630752563


-------------------------------- Iteration 25400 -------------------------------- 
initial ob: [-0.03265049  0.51488106  0.23688764  0.          0.75        0.33
  0.          0.8         0.01        0.          0.8         0.01      ]
agent_success: 1.0

training time:  0.0023088455200195312
evaluation time:  9.229382038116455
epoch time:  9.231711626052856


-------------------------------- Iteration 25600 -------------------------------- 
initial ob: [-0.03265049  0.51488106  0.23688764  0.          0.75        0.33
  0.          0.8         0.01        0.          0.8         0.01      ]
agent_success: 1.0

training time:  0.002307891845703125
evaluation time:  9.381261587142944
epoch time:  9.383580207824707


-------------------------------- Iteration 25800 -------------------------------- 
initial ob: [-0.03265049  0.51488106  0.23688764  0.          0.75        0.33
  0.          0.8         0.01        0.          0.8         0.01      ]
agent_success: 1.0

training time:  0.0024902820587158203
evaluation time:  9.384513854980469
epoch time:  9.387022256851196


-------------------------------- Iteration 26000 -------------------------------- 
initial ob: [-0.03265049  0.51488106  0.23688764  0.          0.75        0.33
  0.          0.8         0.01        0.          0.8         0.01      ]
agent_success: 1.0

training time:  0.002279520034790039
evaluation time:  9.49849557876587
epoch time:  9.500786066055298


-------------------------------- Iteration 26200 -------------------------------- 
initial ob: [-0.03265049  0.51488106  0.23688764  0.          0.75        0.33
  0.          0.8         0.01        0.          0.8         0.01      ]
agent_success: 1.0

training time:  0.0023050308227539062
evaluation time:  9.306185007095337
epoch time:  9.30851149559021


-------------------------------- Iteration 26400 -------------------------------- 
initial ob: [-0.03265049  0.51488106  0.23688764  0.          0.75        0.33
  0.          0.8         0.01        0.          0.8         0.01      ]
agent_success: 1.0

training time:  0.002299785614013672
evaluation time:  9.470409393310547
epoch time:  9.47271990776062


-------------------------------- Iteration 26600 -------------------------------- 
initial ob: [-0.03265049  0.51488106  0.23688764  0.          0.75        0.33
  0.          0.8         0.01        0.          0.8         0.01      ]
agent_success: 1.0

training time:  0.0024373531341552734
evaluation time:  9.467257499694824
epoch time:  9.469712257385254


-------------------------------- Iteration 26800 -------------------------------- 
initial ob: [-0.03265049  0.51488106  0.23688764  0.          0.75        0.33
  0.          0.8         0.01        0.          0.8         0.01      ]
agent_success: 1.0

training time:  0.0023136138916015625
evaluation time:  9.130719423294067
epoch time:  9.133044719696045


-------------------------------- Iteration 27000 -------------------------------- 
initial ob: [-0.03265049  0.51488106  0.23688764  0.          0.75        0.33
  0.          0.8         0.01        0.          0.8         0.01      ]
agent_success: 1.0

training time:  0.0023012161254882812
evaluation time:  9.481551885604858
epoch time:  9.483870267868042


-------------------------------- Training stopped due to early stopping -------------------------------- 
min loss:  0.0047990438


-------------------------------- Test Results -------------------------------- 
initial ob: [-0.03265049  0.51488106  0.23688764  0.          0.75        0.33
  0.          0.8         0.01        0.          0.8         0.01      ]
agent_success: 1.0

mean_success_rate:  1.0
Done
