SLURM_JOBID=3505443
working directory=/viscam/u/jialugao/Imitation-SoftModule
{'obs_type': 'with_goal'}
{'expert_policy_file': 'policy/expert/MT10_Random/', 'exp_name': 'mt10_random', 'do_dagger': False, 'ep_len': 200, 'num_agent_train_steps_per_iter': 1000, 'n_iter': 100, 'render_interval': 100, 'batch_size': 64, 'eval_batch_size': 32, 'train_batch_size': 32, 'n_layers': 2, 'size': 400, 'learning_rate': 0.0001, 'video_log_freq': -1, 'scalar_log_freq': 1, 'no_gpu': False, 'which_gpu': 0, 'max_replay_buffer_size': 1000000, 'save_params': False, 'seed': 32, 'worker_nums': 1, 'eval_worker_nums': 1, 'config': 'config/soft_module_random_mt10.json', 'no_cuda': True, 'random_init': False, 'device': 'cpu', 'id': 'MT10_Single_Task', 'task_name': None, 'task_env': 'MT10_task_env', 'cuda': False, 'agent_class': <class 'agents.bc_agent.SoftModuleAgent'>, 'agent_params': {'n_layers': 2, 'size': 400, 'learning_rate': 0.0001, 'max_replay_buffer_size': 1000000, 'discrete': False, 'ac_dim': 4, 'ob_dim': 9}}
{'env_name': 'mt10', 'env': {'reward_scale': 1, 'obs_norm': False}, 'meta_env': {'obs_type': 'with_goal', 'random_init': True}, 'replay_buffer': {'size': 1000000.0}, 'expert_net': {'hidden_shapes': [400, 400], 'append_hidden_shapes': [400]}, 'net': {'hidden_shapes': [400, 400], 'em_hidden_shapes': [400], 'num_layers': 2, 'num_modules': 2, 'module_hidden': 256, 'num_gating_layers': 2, 'gating_hidden': 256, 'add_bn': False, 'pre_softmax': False, 'base_type': <class 'networks.base.MLPBase'>}, 'general_setting': {'discount': 0.99, 'pretrain_epochs': 20, 'num_epochs': 7500, 'epoch_frames': 200, 'max_episode_frames': 200, 'batch_size': 1280, 'min_pool': 10000, 'target_hard_update_period': 1000, 'use_soft_update': True, 'tau': 0.005, 'opt_times': 200, 'eval_episodes': 1, 'train_render': False, 'eval_render': True, 'env': <NormAct<RewardShift<MTEnv instance>>>, 'device': device(type='cpu')}, 'sac': {'plr': 0.0003, 'qlr': 0.0003, 'reparameterization': True, 'automatic_entropy_tuning': True, 'policy_std_reg_weight': 0, 'policy_mean_reg_weight': 0}}
Loading expert policy from... policy/expert/MT10_Random/
Done restoring expert policy...
<NormAct<RewardShift<SawyerReachPushPickPlaceEnv instance>>>
<NormAct<RewardShift<SawyerReachPushPickPlaceEnv instance>>>
<NormAct<RewardShift<SawyerReachPushPickPlaceEnv instance>>>
<NormAct<RewardShift<SawyerDoorEnv instance>>>
<NormAct<RewardShift<SawyerDrawerOpenEnv instance>>>
<NormAct<RewardShift<SawyerDrawerCloseEnv instance>>>
<NormAct<RewardShift<SawyerButtonPressTopdownEnv instance>>>
<NormAct<RewardShift<SawyerPegInsertionSideEnv instance>>>
<NormAct<RewardShift<SawyerWindowOpenEnv instance>>>
<NormAct<RewardShift<SawyerWindowCloseEnv instance>>>
/viscam/u/jialugao/.anaconda3/envs/metaworldEnv/lib/python3.7/site-packages/gym/logger.py:30: UserWarning: [33mWARN: Could not seed environment <MTEnv instance>[0m
  warnings.warn(colorize('%s: %s'%('WARN', msg % args), 'yellow'))


-------------------------------- Iteration 0 -------------------------------- 
{'reach-v1_success_rate': array(1., dtype=float32), 'push-v1_success_rate': array(0., dtype=float32), 'pick-place-v1_success_rate': array(0., dtype=float32), 'door-v1_success_rate': array(0., dtype=float32), 'drawer-open-v1_success_rate': array(0., dtype=float32), 'drawer-close-v1_success_rate': array(0., dtype=float32), 'button-press-topdown-v1_success_rate': array(1., dtype=float32), 'ped-insert-side-v1_success_rate': array(0., dtype=float32), 'window-open-v1_success_rate': array(0., dtype=float32), 'window-close-v1_success_rate': array(1., dtype=float32), 'mean_success_rate': 0.3}

Training agent using sampled data from replay buffer...
training time:  16.081873416900635
evaluation time:  10.816060781478882
epoch time:  26.89796805381775


-------------------------------- Iteration 1 -------------------------------- 
{'reach-v1_success_rate': array(1., dtype=float32), 'push-v1_success_rate': array(0., dtype=float32), 'pick-place-v1_success_rate': array(0., dtype=float32), 'door-v1_success_rate': array(0., dtype=float32), 'drawer-open-v1_success_rate': array(0., dtype=float32), 'drawer-close-v1_success_rate': array(0., dtype=float32), 'button-press-topdown-v1_success_rate': array(0., dtype=float32), 'ped-insert-side-v1_success_rate': array(0., dtype=float32), 'window-open-v1_success_rate': array(0., dtype=float32), 'window-close-v1_success_rate': array(1., dtype=float32), 'mean_success_rate': 0.2}

Training agent using sampled data from replay buffer...
training time:  17.49949598312378
evaluation time:  10.90542221069336
epoch time:  28.404943704605103


-------------------------------- Iteration 2 -------------------------------- 
{'reach-v1_success_rate': array(1., dtype=float32), 'push-v1_success_rate': array(0., dtype=float32), 'pick-place-v1_success_rate': array(0., dtype=float32), 'door-v1_success_rate': array(0., dtype=float32), 'drawer-open-v1_success_rate': array(0., dtype=float32), 'drawer-close-v1_success_rate': array(0., dtype=float32), 'button-press-topdown-v1_success_rate': array(1., dtype=float32), 'ped-insert-side-v1_success_rate': array(0., dtype=float32), 'window-open-v1_success_rate': array(0., dtype=float32), 'window-close-v1_success_rate': array(1., dtype=float32), 'mean_success_rate': 0.3}

Training agent using sampled data from replay buffer...
training time:  17.55280613899231
evaluation time:  10.900635719299316
epoch time:  28.453459978103638


-------------------------------- Iteration 3 -------------------------------- 
{'reach-v1_success_rate': array(1., dtype=float32), 'push-v1_success_rate': array(0., dtype=float32), 'pick-place-v1_success_rate': array(0., dtype=float32), 'door-v1_success_rate': array(0., dtype=float32), 'drawer-open-v1_success_rate': array(0., dtype=float32), 'drawer-close-v1_success_rate': array(0., dtype=float32), 'button-press-topdown-v1_success_rate': array(0., dtype=float32), 'ped-insert-side-v1_success_rate': array(0., dtype=float32), 'window-open-v1_success_rate': array(0., dtype=float32), 'window-close-v1_success_rate': array(1., dtype=float32), 'mean_success_rate': 0.2}

Training agent using sampled data from replay buffer...
training time:  17.434340000152588
evaluation time:  10.782007694244385
epoch time:  28.21637797355652


-------------------------------- Iteration 4 -------------------------------- 
{'reach-v1_success_rate': array(1., dtype=float32), 'push-v1_success_rate': array(1., dtype=float32), 'pick-place-v1_success_rate': array(0., dtype=float32), 'door-v1_success_rate': array(0., dtype=float32), 'drawer-open-v1_success_rate': array(1., dtype=float32), 'drawer-close-v1_success_rate': array(1., dtype=float32), 'button-press-topdown-v1_success_rate': array(0., dtype=float32), 'ped-insert-side-v1_success_rate': array(0., dtype=float32), 'window-open-v1_success_rate': array(0., dtype=float32), 'window-close-v1_success_rate': array(1., dtype=float32), 'mean_success_rate': 0.5}

Training agent using sampled data from replay buffer...
training time:  17.31322407722473
evaluation time:  10.8811936378479
epoch time:  28.19444251060486


-------------------------------- Iteration 5 -------------------------------- 
{'reach-v1_success_rate': array(1., dtype=float32), 'push-v1_success_rate': array(0., dtype=float32), 'pick-place-v1_success_rate': array(0., dtype=float32), 'door-v1_success_rate': array(0., dtype=float32), 'drawer-open-v1_success_rate': array(1., dtype=float32), 'drawer-close-v1_success_rate': array(0., dtype=float32), 'button-press-topdown-v1_success_rate': array(1., dtype=float32), 'ped-insert-side-v1_success_rate': array(0., dtype=float32), 'window-open-v1_success_rate': array(0., dtype=float32), 'window-close-v1_success_rate': array(0., dtype=float32), 'mean_success_rate': 0.3}

Training agent using sampled data from replay buffer...
training time:  17.556716442108154
evaluation time:  10.953963279724121
epoch time:  28.510703802108765


-------------------------------- Iteration 6 -------------------------------- 
{'reach-v1_success_rate': array(1., dtype=float32), 'push-v1_success_rate': array(0., dtype=float32), 'pick-place-v1_success_rate': array(0., dtype=float32), 'door-v1_success_rate': array(0., dtype=float32), 'drawer-open-v1_success_rate': array(0., dtype=float32), 'drawer-close-v1_success_rate': array(0., dtype=float32), 'button-press-topdown-v1_success_rate': array(0., dtype=float32), 'ped-insert-side-v1_success_rate': array(0., dtype=float32), 'window-open-v1_success_rate': array(0., dtype=float32), 'window-close-v1_success_rate': array(1., dtype=float32), 'mean_success_rate': 0.2}

Training agent using sampled data from replay buffer...
training time:  17.61570692062378
evaluation time:  11.016429901123047
epoch time:  28.63216781616211


-------------------------------- Iteration 7 -------------------------------- 
{'reach-v1_success_rate': array(1., dtype=float32), 'push-v1_success_rate': array(0., dtype=float32), 'pick-place-v1_success_rate': array(0., dtype=float32), 'door-v1_success_rate': array(0., dtype=float32), 'drawer-open-v1_success_rate': array(0., dtype=float32), 'drawer-close-v1_success_rate': array(0., dtype=float32), 'button-press-topdown-v1_success_rate': array(1., dtype=float32), 'ped-insert-side-v1_success_rate': array(0., dtype=float32), 'window-open-v1_success_rate': array(0., dtype=float32), 'window-close-v1_success_rate': array(1., dtype=float32), 'mean_success_rate': 0.3}

Training agent using sampled data from replay buffer...
training time:  17.73992371559143
evaluation time:  11.143118858337402
epoch time:  28.883060932159424


-------------------------------- Iteration 8 -------------------------------- 
{'reach-v1_success_rate': array(1., dtype=float32), 'push-v1_success_rate': array(0., dtype=float32), 'pick-place-v1_success_rate': array(0., dtype=float32), 'door-v1_success_rate': array(0., dtype=float32), 'drawer-open-v1_success_rate': array(0., dtype=float32), 'drawer-close-v1_success_rate': array(0., dtype=float32), 'button-press-topdown-v1_success_rate': array(0., dtype=float32), 'ped-insert-side-v1_success_rate': array(0., dtype=float32), 'window-open-v1_success_rate': array(0., dtype=float32), 'window-close-v1_success_rate': array(1., dtype=float32), 'mean_success_rate': 0.2}

Training agent using sampled data from replay buffer...
training time:  17.85790777206421
evaluation time:  10.97950792312622
epoch time:  28.83744740486145


-------------------------------- Iteration 9 -------------------------------- 
{'reach-v1_success_rate': array(1., dtype=float32), 'push-v1_success_rate': array(0., dtype=float32), 'pick-place-v1_success_rate': array(0., dtype=float32), 'door-v1_success_rate': array(0., dtype=float32), 'drawer-open-v1_success_rate': array(0., dtype=float32), 'drawer-close-v1_success_rate': array(0., dtype=float32), 'button-press-topdown-v1_success_rate': array(0., dtype=float32), 'ped-insert-side-v1_success_rate': array(0., dtype=float32), 'window-open-v1_success_rate': array(0., dtype=float32), 'window-close-v1_success_rate': array(1., dtype=float32), 'mean_success_rate': 0.2}

Training agent using sampled data from replay buffer...
training time:  17.78889036178589
evaluation time:  10.89696455001831
epoch time:  28.685872793197632


-------------------------------- Iteration 10 -------------------------------- 
{'reach-v1_success_rate': array(1., dtype=float32), 'push-v1_success_rate': array(1., dtype=float32), 'pick-place-v1_success_rate': array(0., dtype=float32), 'door-v1_success_rate': array(0., dtype=float32), 'drawer-open-v1_success_rate': array(0., dtype=float32), 'drawer-close-v1_success_rate': array(0., dtype=float32), 'button-press-topdown-v1_success_rate': array(1., dtype=float32), 'ped-insert-side-v1_success_rate': array(0., dtype=float32), 'window-open-v1_success_rate': array(0., dtype=float32), 'window-close-v1_success_rate': array(1., dtype=float32), 'mean_success_rate': 0.4}

Training agent using sampled data from replay buffer...
training time:  17.348857402801514
evaluation time:  10.942127704620361
epoch time:  28.29101061820984


-------------------------------- Iteration 11 -------------------------------- 
{'reach-v1_success_rate': array(1., dtype=float32), 'push-v1_success_rate': array(0., dtype=float32), 'pick-place-v1_success_rate': array(0., dtype=float32), 'door-v1_success_rate': array(0., dtype=float32), 'drawer-open-v1_success_rate': array(1., dtype=float32), 'drawer-close-v1_success_rate': array(0., dtype=float32), 'button-press-topdown-v1_success_rate': array(0., dtype=float32), 'ped-insert-side-v1_success_rate': array(0., dtype=float32), 'window-open-v1_success_rate': array(0., dtype=float32), 'window-close-v1_success_rate': array(1., dtype=float32), 'mean_success_rate': 0.3}

Training agent using sampled data from replay buffer...
training time:  17.627854824066162
evaluation time:  10.964914321899414
epoch time:  28.592785596847534


-------------------------------- Iteration 12 -------------------------------- 
{'reach-v1_success_rate': array(1., dtype=float32), 'push-v1_success_rate': array(0., dtype=float32), 'pick-place-v1_success_rate': array(0., dtype=float32), 'door-v1_success_rate': array(0., dtype=float32), 'drawer-open-v1_success_rate': array(0., dtype=float32), 'drawer-close-v1_success_rate': array(1., dtype=float32), 'button-press-topdown-v1_success_rate': array(1., dtype=float32), 'ped-insert-side-v1_success_rate': array(0., dtype=float32), 'window-open-v1_success_rate': array(0., dtype=float32), 'window-close-v1_success_rate': array(1., dtype=float32), 'mean_success_rate': 0.4}

Training agent using sampled data from replay buffer...
training time:  17.345330715179443
evaluation time:  10.908512830734253
epoch time:  28.253870964050293


-------------------------------- Iteration 13 -------------------------------- 
{'reach-v1_success_rate': array(1., dtype=float32), 'push-v1_success_rate': array(0., dtype=float32), 'pick-place-v1_success_rate': array(0., dtype=float32), 'door-v1_success_rate': array(0., dtype=float32), 'drawer-open-v1_success_rate': array(0., dtype=float32), 'drawer-close-v1_success_rate': array(0., dtype=float32), 'button-press-topdown-v1_success_rate': array(0., dtype=float32), 'ped-insert-side-v1_success_rate': array(0., dtype=float32), 'window-open-v1_success_rate': array(0., dtype=float32), 'window-close-v1_success_rate': array(1., dtype=float32), 'mean_success_rate': 0.2}

Training agent using sampled data from replay buffer...
training time:  17.739372491836548
evaluation time:  10.916572332382202
epoch time:  28.65596079826355


-------------------------------- Iteration 14 -------------------------------- 
{'reach-v1_success_rate': array(1., dtype=float32), 'push-v1_success_rate': array(0., dtype=float32), 'pick-place-v1_success_rate': array(0., dtype=float32), 'door-v1_success_rate': array(0., dtype=float32), 'drawer-open-v1_success_rate': array(1., dtype=float32), 'drawer-close-v1_success_rate': array(1., dtype=float32), 'button-press-topdown-v1_success_rate': array(1., dtype=float32), 'ped-insert-side-v1_success_rate': array(0., dtype=float32), 'window-open-v1_success_rate': array(0., dtype=float32), 'window-close-v1_success_rate': array(1., dtype=float32), 'mean_success_rate': 0.5}

Training agent using sampled data from replay buffer...
training time:  17.618817567825317
evaluation time:  10.88731575012207
epoch time:  28.50615906715393


-------------------------------- Iteration 15 -------------------------------- 
{'reach-v1_success_rate': array(1., dtype=float32), 'push-v1_success_rate': array(0., dtype=float32), 'pick-place-v1_success_rate': array(0., dtype=float32), 'door-v1_success_rate': array(0., dtype=float32), 'drawer-open-v1_success_rate': array(1., dtype=float32), 'drawer-close-v1_success_rate': array(0., dtype=float32), 'button-press-topdown-v1_success_rate': array(1., dtype=float32), 'ped-insert-side-v1_success_rate': array(0., dtype=float32), 'window-open-v1_success_rate': array(0., dtype=float32), 'window-close-v1_success_rate': array(1., dtype=float32), 'mean_success_rate': 0.4}

Training agent using sampled data from replay buffer...
training time:  17.75743532180786
evaluation time:  10.956295728683472
epoch time:  28.713754653930664


-------------------------------- Iteration 16 -------------------------------- 
{'reach-v1_success_rate': array(1., dtype=float32), 'push-v1_success_rate': array(0., dtype=float32), 'pick-place-v1_success_rate': array(0., dtype=float32), 'door-v1_success_rate': array(0., dtype=float32), 'drawer-open-v1_success_rate': array(0., dtype=float32), 'drawer-close-v1_success_rate': array(0., dtype=float32), 'button-press-topdown-v1_success_rate': array(1., dtype=float32), 'ped-insert-side-v1_success_rate': array(0., dtype=float32), 'window-open-v1_success_rate': array(1., dtype=float32), 'window-close-v1_success_rate': array(1., dtype=float32), 'mean_success_rate': 0.4}

Training agent using sampled data from replay buffer...
training time:  18.071052312850952
evaluation time:  11.063581943511963
epoch time:  29.134660959243774


-------------------------------- Iteration 17 -------------------------------- 
{'reach-v1_success_rate': array(1., dtype=float32), 'push-v1_success_rate': array(0., dtype=float32), 'pick-place-v1_success_rate': array(0., dtype=float32), 'door-v1_success_rate': array(0., dtype=float32), 'drawer-open-v1_success_rate': array(1., dtype=float32), 'drawer-close-v1_success_rate': array(0., dtype=float32), 'button-press-topdown-v1_success_rate': array(0., dtype=float32), 'ped-insert-side-v1_success_rate': array(0., dtype=float32), 'window-open-v1_success_rate': array(0., dtype=float32), 'window-close-v1_success_rate': array(1., dtype=float32), 'mean_success_rate': 0.3}

Training agent using sampled data from replay buffer...
training time:  18.168139696121216
evaluation time:  11.005270719528198
epoch time:  29.17347264289856


-------------------------------- Iteration 18 -------------------------------- 
{'reach-v1_success_rate': array(1., dtype=float32), 'push-v1_success_rate': array(0., dtype=float32), 'pick-place-v1_success_rate': array(0., dtype=float32), 'door-v1_success_rate': array(0., dtype=float32), 'drawer-open-v1_success_rate': array(1., dtype=float32), 'drawer-close-v1_success_rate': array(1., dtype=float32), 'button-press-topdown-v1_success_rate': array(0., dtype=float32), 'ped-insert-side-v1_success_rate': array(0., dtype=float32), 'window-open-v1_success_rate': array(0., dtype=float32), 'window-close-v1_success_rate': array(1., dtype=float32), 'mean_success_rate': 0.4}

Training agent using sampled data from replay buffer...
training time:  18.160738706588745
evaluation time:  10.86478853225708
epoch time:  29.025554418563843


-------------------------------- Iteration 19 -------------------------------- 
{'reach-v1_success_rate': array(1., dtype=float32), 'push-v1_success_rate': array(1., dtype=float32), 'pick-place-v1_success_rate': array(0., dtype=float32), 'door-v1_success_rate': array(0., dtype=float32), 'drawer-open-v1_success_rate': array(0., dtype=float32), 'drawer-close-v1_success_rate': array(1., dtype=float32), 'button-press-topdown-v1_success_rate': array(1., dtype=float32), 'ped-insert-side-v1_success_rate': array(0., dtype=float32), 'window-open-v1_success_rate': array(0., dtype=float32), 'window-close-v1_success_rate': array(1., dtype=float32), 'mean_success_rate': 0.5}

Training agent using sampled data from replay buffer...
training time:  18.231583833694458
evaluation time:  10.989959239959717
epoch time:  29.22156000137329


-------------------------------- Iteration 20 -------------------------------- 
{'reach-v1_success_rate': array(0., dtype=float32), 'push-v1_success_rate': array(0., dtype=float32), 'pick-place-v1_success_rate': array(0., dtype=float32), 'door-v1_success_rate': array(0., dtype=float32), 'drawer-open-v1_success_rate': array(0., dtype=float32), 'drawer-close-v1_success_rate': array(0., dtype=float32), 'button-press-topdown-v1_success_rate': array(1., dtype=float32), 'ped-insert-side-v1_success_rate': array(0., dtype=float32), 'window-open-v1_success_rate': array(1., dtype=float32), 'window-close-v1_success_rate': array(1., dtype=float32), 'mean_success_rate': 0.3}

Training agent using sampled data from replay buffer...
training time:  18.181507110595703
evaluation time:  10.899524450302124
epoch time:  29.0810604095459


-------------------------------- Iteration 21 -------------------------------- 
{'reach-v1_success_rate': array(1., dtype=float32), 'push-v1_success_rate': array(0., dtype=float32), 'pick-place-v1_success_rate': array(0., dtype=float32), 'door-v1_success_rate': array(0., dtype=float32), 'drawer-open-v1_success_rate': array(0., dtype=float32), 'drawer-close-v1_success_rate': array(0., dtype=float32), 'button-press-topdown-v1_success_rate': array(0., dtype=float32), 'ped-insert-side-v1_success_rate': array(0., dtype=float32), 'window-open-v1_success_rate': array(0., dtype=float32), 'window-close-v1_success_rate': array(1., dtype=float32), 'mean_success_rate': 0.2}

Training agent using sampled data from replay buffer...
training time:  18.005815744400024
evaluation time:  10.878485679626465
epoch time:  28.88433074951172


-------------------------------- Iteration 22 -------------------------------- 
{'reach-v1_success_rate': array(1., dtype=float32), 'push-v1_success_rate': array(1., dtype=float32), 'pick-place-v1_success_rate': array(0., dtype=float32), 'door-v1_success_rate': array(0., dtype=float32), 'drawer-open-v1_success_rate': array(0., dtype=float32), 'drawer-close-v1_success_rate': array(0., dtype=float32), 'button-press-topdown-v1_success_rate': array(1., dtype=float32), 'ped-insert-side-v1_success_rate': array(0., dtype=float32), 'window-open-v1_success_rate': array(0., dtype=float32), 'window-close-v1_success_rate': array(1., dtype=float32), 'mean_success_rate': 0.4}

Training agent using sampled data from replay buffer...
training time:  18.072063207626343
evaluation time:  10.869646787643433
epoch time:  28.94173526763916


-------------------------------- Iteration 23 -------------------------------- 
{'reach-v1_success_rate': array(1., dtype=float32), 'push-v1_success_rate': array(0., dtype=float32), 'pick-place-v1_success_rate': array(0., dtype=float32), 'door-v1_success_rate': array(0., dtype=float32), 'drawer-open-v1_success_rate': array(0., dtype=float32), 'drawer-close-v1_success_rate': array(0., dtype=float32), 'button-press-topdown-v1_success_rate': array(1., dtype=float32), 'ped-insert-side-v1_success_rate': array(0., dtype=float32), 'window-open-v1_success_rate': array(0., dtype=float32), 'window-close-v1_success_rate': array(1., dtype=float32), 'mean_success_rate': 0.3}

Training agent using sampled data from replay buffer...
training time:  18.12233018875122
evaluation time:  10.969745874404907
epoch time:  29.092100620269775


-------------------------------- Iteration 24 -------------------------------- 
{'reach-v1_success_rate': array(1., dtype=float32), 'push-v1_success_rate': array(0., dtype=float32), 'pick-place-v1_success_rate': array(0., dtype=float32), 'door-v1_success_rate': array(0., dtype=float32), 'drawer-open-v1_success_rate': array(1., dtype=float32), 'drawer-close-v1_success_rate': array(0., dtype=float32), 'button-press-topdown-v1_success_rate': array(1., dtype=float32), 'ped-insert-side-v1_success_rate': array(0., dtype=float32), 'window-open-v1_success_rate': array(0., dtype=float32), 'window-close-v1_success_rate': array(1., dtype=float32), 'mean_success_rate': 0.4}

Training agent using sampled data from replay buffer...
training time:  18.123262405395508
evaluation time:  10.835479259490967
epoch time:  28.95876979827881


-------------------------------- Iteration 25 -------------------------------- 
{'reach-v1_success_rate': array(1., dtype=float32), 'push-v1_success_rate': array(1., dtype=float32), 'pick-place-v1_success_rate': array(0., dtype=float32), 'door-v1_success_rate': array(0., dtype=float32), 'drawer-open-v1_success_rate': array(0., dtype=float32), 'drawer-close-v1_success_rate': array(1., dtype=float32), 'button-press-topdown-v1_success_rate': array(0., dtype=float32), 'ped-insert-side-v1_success_rate': array(0., dtype=float32), 'window-open-v1_success_rate': array(1., dtype=float32), 'window-close-v1_success_rate': array(1., dtype=float32), 'mean_success_rate': 0.5}

Training agent using sampled data from replay buffer...
training time:  18.09675431251526
evaluation time:  10.84163522720337
epoch time:  28.93840527534485


-------------------------------- Iteration 26 -------------------------------- 
{'reach-v1_success_rate': array(1., dtype=float32), 'push-v1_success_rate': array(0., dtype=float32), 'pick-place-v1_success_rate': array(0., dtype=float32), 'door-v1_success_rate': array(0., dtype=float32), 'drawer-open-v1_success_rate': array(1., dtype=float32), 'drawer-close-v1_success_rate': array(0., dtype=float32), 'button-press-topdown-v1_success_rate': array(0., dtype=float32), 'ped-insert-side-v1_success_rate': array(0., dtype=float32), 'window-open-v1_success_rate': array(0., dtype=float32), 'window-close-v1_success_rate': array(1., dtype=float32), 'mean_success_rate': 0.3}

Training agent using sampled data from replay buffer...
training time:  18.29930853843689
evaluation time:  11.084729433059692
epoch time:  29.38406229019165


-------------------------------- Iteration 27 -------------------------------- 
{'reach-v1_success_rate': array(1., dtype=float32), 'push-v1_success_rate': array(0., dtype=float32), 'pick-place-v1_success_rate': array(0., dtype=float32), 'door-v1_success_rate': array(0., dtype=float32), 'drawer-open-v1_success_rate': array(0., dtype=float32), 'drawer-close-v1_success_rate': array(0., dtype=float32), 'button-press-topdown-v1_success_rate': array(1., dtype=float32), 'ped-insert-side-v1_success_rate': array(0., dtype=float32), 'window-open-v1_success_rate': array(0., dtype=float32), 'window-close-v1_success_rate': array(1., dtype=float32), 'mean_success_rate': 0.3}

Training agent using sampled data from replay buffer...
training time:  18.679956436157227
evaluation time:  11.06849455833435
epoch time:  29.748506784439087


-------------------------------- Iteration 28 -------------------------------- 
{'reach-v1_success_rate': array(1., dtype=float32), 'push-v1_success_rate': array(1., dtype=float32), 'pick-place-v1_success_rate': array(0., dtype=float32), 'door-v1_success_rate': array(0., dtype=float32), 'drawer-open-v1_success_rate': array(1., dtype=float32), 'drawer-close-v1_success_rate': array(0., dtype=float32), 'button-press-topdown-v1_success_rate': array(0., dtype=float32), 'ped-insert-side-v1_success_rate': array(0., dtype=float32), 'window-open-v1_success_rate': array(0., dtype=float32), 'window-close-v1_success_rate': array(1., dtype=float32), 'mean_success_rate': 0.4}

Training agent using sampled data from replay buffer...
training time:  18.670780658721924
evaluation time:  11.090891361236572
epoch time:  29.761696815490723


-------------------------------- Iteration 29 -------------------------------- 
{'reach-v1_success_rate': array(1., dtype=float32), 'push-v1_success_rate': array(0., dtype=float32), 'pick-place-v1_success_rate': array(0., dtype=float32), 'door-v1_success_rate': array(0., dtype=float32), 'drawer-open-v1_success_rate': array(1., dtype=float32), 'drawer-close-v1_success_rate': array(0., dtype=float32), 'button-press-topdown-v1_success_rate': array(0., dtype=float32), 'ped-insert-side-v1_success_rate': array(0., dtype=float32), 'window-open-v1_success_rate': array(0., dtype=float32), 'window-close-v1_success_rate': array(1., dtype=float32), 'mean_success_rate': 0.3}

Training agent using sampled data from replay buffer...
training time:  18.69186234474182
evaluation time:  11.071884393692017
epoch time:  29.76376461982727


-------------------------------- Iteration 30 -------------------------------- 
{'reach-v1_success_rate': array(1., dtype=float32), 'push-v1_success_rate': array(0., dtype=float32), 'pick-place-v1_success_rate': array(0., dtype=float32), 'door-v1_success_rate': array(0., dtype=float32), 'drawer-open-v1_success_rate': array(0., dtype=float32), 'drawer-close-v1_success_rate': array(0., dtype=float32), 'button-press-topdown-v1_success_rate': array(1., dtype=float32), 'ped-insert-side-v1_success_rate': array(0., dtype=float32), 'window-open-v1_success_rate': array(0., dtype=float32), 'window-close-v1_success_rate': array(0., dtype=float32), 'mean_success_rate': 0.2}

Training agent using sampled data from replay buffer...
training time:  18.7279155254364
evaluation time:  10.978561401367188
epoch time:  29.706499338150024


-------------------------------- Iteration 31 -------------------------------- 
{'reach-v1_success_rate': array(1., dtype=float32), 'push-v1_success_rate': array(1., dtype=float32), 'pick-place-v1_success_rate': array(0., dtype=float32), 'door-v1_success_rate': array(0., dtype=float32), 'drawer-open-v1_success_rate': array(1., dtype=float32), 'drawer-close-v1_success_rate': array(0., dtype=float32), 'button-press-topdown-v1_success_rate': array(0., dtype=float32), 'ped-insert-side-v1_success_rate': array(0., dtype=float32), 'window-open-v1_success_rate': array(0., dtype=float32), 'window-close-v1_success_rate': array(1., dtype=float32), 'mean_success_rate': 0.4}

Training agent using sampled data from replay buffer...
training time:  18.52941393852234
evaluation time:  10.862899780273438
epoch time:  29.392342567443848


-------------------------------- Iteration 32 -------------------------------- 
{'reach-v1_success_rate': array(1., dtype=float32), 'push-v1_success_rate': array(0., dtype=float32), 'pick-place-v1_success_rate': array(0., dtype=float32), 'door-v1_success_rate': array(0., dtype=float32), 'drawer-open-v1_success_rate': array(0., dtype=float32), 'drawer-close-v1_success_rate': array(0., dtype=float32), 'button-press-topdown-v1_success_rate': array(1., dtype=float32), 'ped-insert-side-v1_success_rate': array(0., dtype=float32), 'window-open-v1_success_rate': array(1., dtype=float32), 'window-close-v1_success_rate': array(1., dtype=float32), 'mean_success_rate': 0.4}

Training agent using sampled data from replay buffer...
training time:  18.631133556365967
evaluation time:  10.810369729995728
epoch time:  29.44153094291687


-------------------------------- Iteration 33 -------------------------------- 
{'reach-v1_success_rate': array(1., dtype=float32), 'push-v1_success_rate': array(0., dtype=float32), 'pick-place-v1_success_rate': array(0., dtype=float32), 'door-v1_success_rate': array(0., dtype=float32), 'drawer-open-v1_success_rate': array(0., dtype=float32), 'drawer-close-v1_success_rate': array(0., dtype=float32), 'button-press-topdown-v1_success_rate': array(0., dtype=float32), 'ped-insert-side-v1_success_rate': array(0., dtype=float32), 'window-open-v1_success_rate': array(1., dtype=float32), 'window-close-v1_success_rate': array(1., dtype=float32), 'mean_success_rate': 0.3}

Training agent using sampled data from replay buffer...
training time:  18.577059268951416
evaluation time:  10.999295234680176
epoch time:  29.576379776000977


-------------------------------- Iteration 34 -------------------------------- 
{'reach-v1_success_rate': array(1., dtype=float32), 'push-v1_success_rate': array(0., dtype=float32), 'pick-place-v1_success_rate': array(0., dtype=float32), 'door-v1_success_rate': array(0., dtype=float32), 'drawer-open-v1_success_rate': array(1., dtype=float32), 'drawer-close-v1_success_rate': array(1., dtype=float32), 'button-press-topdown-v1_success_rate': array(0., dtype=float32), 'ped-insert-side-v1_success_rate': array(0., dtype=float32), 'window-open-v1_success_rate': array(0., dtype=float32), 'window-close-v1_success_rate': array(0., dtype=float32), 'mean_success_rate': 0.3}

Training agent using sampled data from replay buffer...
training time:  18.61995792388916
evaluation time:  10.802760124206543
epoch time:  29.4227454662323


-------------------------------- Iteration 35 -------------------------------- 
{'reach-v1_success_rate': array(1., dtype=float32), 'push-v1_success_rate': array(0., dtype=float32), 'pick-place-v1_success_rate': array(0., dtype=float32), 'door-v1_success_rate': array(0., dtype=float32), 'drawer-open-v1_success_rate': array(1., dtype=float32), 'drawer-close-v1_success_rate': array(1., dtype=float32), 'button-press-topdown-v1_success_rate': array(1., dtype=float32), 'ped-insert-side-v1_success_rate': array(0., dtype=float32), 'window-open-v1_success_rate': array(0., dtype=float32), 'window-close-v1_success_rate': array(1., dtype=float32), 'mean_success_rate': 0.5}

Training agent using sampled data from replay buffer...
training time:  18.69959568977356
evaluation time:  10.98091459274292
epoch time:  29.68053960800171


-------------------------------- Iteration 36 -------------------------------- 
{'reach-v1_success_rate': array(1., dtype=float32), 'push-v1_success_rate': array(1., dtype=float32), 'pick-place-v1_success_rate': array(0., dtype=float32), 'door-v1_success_rate': array(0., dtype=float32), 'drawer-open-v1_success_rate': array(0., dtype=float32), 'drawer-close-v1_success_rate': array(0., dtype=float32), 'button-press-topdown-v1_success_rate': array(0., dtype=float32), 'ped-insert-side-v1_success_rate': array(0., dtype=float32), 'window-open-v1_success_rate': array(0., dtype=float32), 'window-close-v1_success_rate': array(1., dtype=float32), 'mean_success_rate': 0.3}

Training agent using sampled data from replay buffer...
training time:  18.79482412338257
evaluation time:  10.996628761291504
epoch time:  29.791481971740723


-------------------------------- Iteration 37 -------------------------------- 
{'reach-v1_success_rate': array(1., dtype=float32), 'push-v1_success_rate': array(0., dtype=float32), 'pick-place-v1_success_rate': array(0., dtype=float32), 'door-v1_success_rate': array(0., dtype=float32), 'drawer-open-v1_success_rate': array(1., dtype=float32), 'drawer-close-v1_success_rate': array(0., dtype=float32), 'button-press-topdown-v1_success_rate': array(0., dtype=float32), 'ped-insert-side-v1_success_rate': array(0., dtype=float32), 'window-open-v1_success_rate': array(0., dtype=float32), 'window-close-v1_success_rate': array(1., dtype=float32), 'mean_success_rate': 0.3}

Training agent using sampled data from replay buffer...
training time:  19.11043691635132
evaluation time:  11.128161668777466
epoch time:  30.23866295814514


-------------------------------- Iteration 38 -------------------------------- 
{'reach-v1_success_rate': array(1., dtype=float32), 'push-v1_success_rate': array(1., dtype=float32), 'pick-place-v1_success_rate': array(0., dtype=float32), 'door-v1_success_rate': array(0., dtype=float32), 'drawer-open-v1_success_rate': array(1., dtype=float32), 'drawer-close-v1_success_rate': array(0., dtype=float32), 'button-press-topdown-v1_success_rate': array(0., dtype=float32), 'ped-insert-side-v1_success_rate': array(0., dtype=float32), 'window-open-v1_success_rate': array(0., dtype=float32), 'window-close-v1_success_rate': array(1., dtype=float32), 'mean_success_rate': 0.4}

Training agent using sampled data from replay buffer...
training time:  19.097736835479736
evaluation time:  10.940757274627686
epoch time:  30.038520097732544


-------------------------------- Iteration 39 -------------------------------- 
{'reach-v1_success_rate': array(1., dtype=float32), 'push-v1_success_rate': array(0., dtype=float32), 'pick-place-v1_success_rate': array(0., dtype=float32), 'door-v1_success_rate': array(0., dtype=float32), 'drawer-open-v1_success_rate': array(0., dtype=float32), 'drawer-close-v1_success_rate': array(0., dtype=float32), 'button-press-topdown-v1_success_rate': array(0., dtype=float32), 'ped-insert-side-v1_success_rate': array(0., dtype=float32), 'window-open-v1_success_rate': array(0., dtype=float32), 'window-close-v1_success_rate': array(1., dtype=float32), 'mean_success_rate': 0.2}

Training agent using sampled data from replay buffer...
training time:  19.178955078125
evaluation time:  11.029747247695923
epoch time:  30.208724975585938


-------------------------------- Iteration 40 -------------------------------- 
{'reach-v1_success_rate': array(1., dtype=float32), 'push-v1_success_rate': array(0., dtype=float32), 'pick-place-v1_success_rate': array(0., dtype=float32), 'door-v1_success_rate': array(0., dtype=float32), 'drawer-open-v1_success_rate': array(0., dtype=float32), 'drawer-close-v1_success_rate': array(0., dtype=float32), 'button-press-topdown-v1_success_rate': array(1., dtype=float32), 'ped-insert-side-v1_success_rate': array(0., dtype=float32), 'window-open-v1_success_rate': array(0., dtype=float32), 'window-close-v1_success_rate': array(0., dtype=float32), 'mean_success_rate': 0.2}

Training agent using sampled data from replay buffer...
training time:  19.19806671142578
evaluation time:  11.128998756408691
epoch time:  30.327089548110962


-------------------------------- Iteration 41 -------------------------------- 
{'reach-v1_success_rate': array(1., dtype=float32), 'push-v1_success_rate': array(1., dtype=float32), 'pick-place-v1_success_rate': array(0., dtype=float32), 'door-v1_success_rate': array(0., dtype=float32), 'drawer-open-v1_success_rate': array(0., dtype=float32), 'drawer-close-v1_success_rate': array(0., dtype=float32), 'button-press-topdown-v1_success_rate': array(1., dtype=float32), 'ped-insert-side-v1_success_rate': array(0., dtype=float32), 'window-open-v1_success_rate': array(0., dtype=float32), 'window-close-v1_success_rate': array(1., dtype=float32), 'mean_success_rate': 0.4}

Training agent using sampled data from replay buffer...
training time:  18.893911838531494
evaluation time:  10.837421178817749
epoch time:  29.731361865997314


-------------------------------- Iteration 42 -------------------------------- 
{'reach-v1_success_rate': array(1., dtype=float32), 'push-v1_success_rate': array(0., dtype=float32), 'pick-place-v1_success_rate': array(0., dtype=float32), 'door-v1_success_rate': array(0., dtype=float32), 'drawer-open-v1_success_rate': array(0., dtype=float32), 'drawer-close-v1_success_rate': array(0., dtype=float32), 'button-press-topdown-v1_success_rate': array(0., dtype=float32), 'ped-insert-side-v1_success_rate': array(0., dtype=float32), 'window-open-v1_success_rate': array(1., dtype=float32), 'window-close-v1_success_rate': array(1., dtype=float32), 'mean_success_rate': 0.3}

Training agent using sampled data from replay buffer...
training time:  18.98051881790161
evaluation time:  10.76382064819336
epoch time:  29.74436664581299


-------------------------------- Iteration 43 -------------------------------- 
{'reach-v1_success_rate': array(1., dtype=float32), 'push-v1_success_rate': array(0., dtype=float32), 'pick-place-v1_success_rate': array(0., dtype=float32), 'door-v1_success_rate': array(0., dtype=float32), 'drawer-open-v1_success_rate': array(1., dtype=float32), 'drawer-close-v1_success_rate': array(0., dtype=float32), 'button-press-topdown-v1_success_rate': array(1., dtype=float32), 'ped-insert-side-v1_success_rate': array(0., dtype=float32), 'window-open-v1_success_rate': array(0., dtype=float32), 'window-close-v1_success_rate': array(0., dtype=float32), 'mean_success_rate': 0.3}

Training agent using sampled data from replay buffer...
training time:  18.870388507843018
evaluation time:  10.859498500823975
epoch time:  29.729909896850586


-------------------------------- Iteration 44 -------------------------------- 
{'reach-v1_success_rate': array(1., dtype=float32), 'push-v1_success_rate': array(0., dtype=float32), 'pick-place-v1_success_rate': array(0., dtype=float32), 'door-v1_success_rate': array(0., dtype=float32), 'drawer-open-v1_success_rate': array(0., dtype=float32), 'drawer-close-v1_success_rate': array(0., dtype=float32), 'button-press-topdown-v1_success_rate': array(1., dtype=float32), 'ped-insert-side-v1_success_rate': array(0., dtype=float32), 'window-open-v1_success_rate': array(0., dtype=float32), 'window-close-v1_success_rate': array(1., dtype=float32), 'mean_success_rate': 0.3}

Training agent using sampled data from replay buffer...
training time:  19.024810314178467
evaluation time:  10.94641900062561
epoch time:  29.97125267982483


-------------------------------- Iteration 45 -------------------------------- 
{'reach-v1_success_rate': array(1., dtype=float32), 'push-v1_success_rate': array(0., dtype=float32), 'pick-place-v1_success_rate': array(0., dtype=float32), 'door-v1_success_rate': array(0., dtype=float32), 'drawer-open-v1_success_rate': array(0., dtype=float32), 'drawer-close-v1_success_rate': array(1., dtype=float32), 'button-press-topdown-v1_success_rate': array(0., dtype=float32), 'ped-insert-side-v1_success_rate': array(0., dtype=float32), 'window-open-v1_success_rate': array(0., dtype=float32), 'window-close-v1_success_rate': array(1., dtype=float32), 'mean_success_rate': 0.3}

Training agent using sampled data from replay buffer...
training time:  19.106149911880493
evaluation time:  10.900876760482788
epoch time:  30.007044553756714


-------------------------------- Iteration 46 -------------------------------- 
{'reach-v1_success_rate': array(1., dtype=float32), 'push-v1_success_rate': array(0., dtype=float32), 'pick-place-v1_success_rate': array(0., dtype=float32), 'door-v1_success_rate': array(0., dtype=float32), 'drawer-open-v1_success_rate': array(1., dtype=float32), 'drawer-close-v1_success_rate': array(0., dtype=float32), 'button-press-topdown-v1_success_rate': array(1., dtype=float32), 'ped-insert-side-v1_success_rate': array(0., dtype=float32), 'window-open-v1_success_rate': array(1., dtype=float32), 'window-close-v1_success_rate': array(1., dtype=float32), 'mean_success_rate': 0.5}

Training agent using sampled data from replay buffer...
training time:  19.1796772480011
evaluation time:  10.928352117538452
epoch time:  30.108059406280518


-------------------------------- Iteration 47 -------------------------------- 
{'reach-v1_success_rate': array(1., dtype=float32), 'push-v1_success_rate': array(0., dtype=float32), 'pick-place-v1_success_rate': array(0., dtype=float32), 'door-v1_success_rate': array(0., dtype=float32), 'drawer-open-v1_success_rate': array(0., dtype=float32), 'drawer-close-v1_success_rate': array(0., dtype=float32), 'button-press-topdown-v1_success_rate': array(0., dtype=float32), 'ped-insert-side-v1_success_rate': array(0., dtype=float32), 'window-open-v1_success_rate': array(0., dtype=float32), 'window-close-v1_success_rate': array(0., dtype=float32), 'mean_success_rate': 0.1}

Training agent using sampled data from replay buffer...
training time:  19.61791682243347
evaluation time:  11.135990381240845
epoch time:  30.753963708877563


-------------------------------- Iteration 48 -------------------------------- 
{'reach-v1_success_rate': array(1., dtype=float32), 'push-v1_success_rate': array(1., dtype=float32), 'pick-place-v1_success_rate': array(0., dtype=float32), 'door-v1_success_rate': array(0., dtype=float32), 'drawer-open-v1_success_rate': array(0., dtype=float32), 'drawer-close-v1_success_rate': array(0., dtype=float32), 'button-press-topdown-v1_success_rate': array(1., dtype=float32), 'ped-insert-side-v1_success_rate': array(0., dtype=float32), 'window-open-v1_success_rate': array(0., dtype=float32), 'window-close-v1_success_rate': array(1., dtype=float32), 'mean_success_rate': 0.4}

Training agent using sampled data from replay buffer...
training time:  19.730735540390015
evaluation time:  11.031478881835938
epoch time:  30.762248039245605


-------------------------------- Iteration 49 -------------------------------- 
{'reach-v1_success_rate': array(1., dtype=float32), 'push-v1_success_rate': array(0., dtype=float32), 'pick-place-v1_success_rate': array(0., dtype=float32), 'door-v1_success_rate': array(0., dtype=float32), 'drawer-open-v1_success_rate': array(1., dtype=float32), 'drawer-close-v1_success_rate': array(0., dtype=float32), 'button-press-topdown-v1_success_rate': array(0., dtype=float32), 'ped-insert-side-v1_success_rate': array(0., dtype=float32), 'window-open-v1_success_rate': array(0., dtype=float32), 'window-close-v1_success_rate': array(1., dtype=float32), 'mean_success_rate': 0.3}

Training agent using sampled data from replay buffer...
training time:  19.749756336212158
evaluation time:  11.078694343566895
epoch time:  30.828468561172485


-------------------------------- Iteration 50 -------------------------------- 
{'reach-v1_success_rate': array(1., dtype=float32), 'push-v1_success_rate': array(1., dtype=float32), 'pick-place-v1_success_rate': array(0., dtype=float32), 'door-v1_success_rate': array(0., dtype=float32), 'drawer-open-v1_success_rate': array(0., dtype=float32), 'drawer-close-v1_success_rate': array(0., dtype=float32), 'button-press-topdown-v1_success_rate': array(0., dtype=float32), 'ped-insert-side-v1_success_rate': array(0., dtype=float32), 'window-open-v1_success_rate': array(1., dtype=float32), 'window-close-v1_success_rate': array(1., dtype=float32), 'mean_success_rate': 0.4}

Training agent using sampled data from replay buffer...
training time:  19.837623119354248
evaluation time:  10.957871437072754
epoch time:  30.79552721977234


-------------------------------- Iteration 51 -------------------------------- 
{'reach-v1_success_rate': array(1., dtype=float32), 'push-v1_success_rate': array(1., dtype=float32), 'pick-place-v1_success_rate': array(0., dtype=float32), 'door-v1_success_rate': array(0., dtype=float32), 'drawer-open-v1_success_rate': array(1., dtype=float32), 'drawer-close-v1_success_rate': array(0., dtype=float32), 'button-press-topdown-v1_success_rate': array(0., dtype=float32), 'ped-insert-side-v1_success_rate': array(0., dtype=float32), 'window-open-v1_success_rate': array(0., dtype=float32), 'window-close-v1_success_rate': array(1., dtype=float32), 'mean_success_rate': 0.4}

Training agent using sampled data from replay buffer...
training time:  19.522253036499023
evaluation time:  11.0274498462677
epoch time:  30.54973077774048


-------------------------------- Iteration 52 -------------------------------- 
{'reach-v1_success_rate': array(1., dtype=float32), 'push-v1_success_rate': array(0., dtype=float32), 'pick-place-v1_success_rate': array(0., dtype=float32), 'door-v1_success_rate': array(0., dtype=float32), 'drawer-open-v1_success_rate': array(1., dtype=float32), 'drawer-close-v1_success_rate': array(1., dtype=float32), 'button-press-topdown-v1_success_rate': array(0., dtype=float32), 'ped-insert-side-v1_success_rate': array(0., dtype=float32), 'window-open-v1_success_rate': array(0., dtype=float32), 'window-close-v1_success_rate': array(0., dtype=float32), 'mean_success_rate': 0.3}

Training agent using sampled data from replay buffer...
training time:  19.551525592803955
evaluation time:  10.852975130081177
epoch time:  30.404532432556152


-------------------------------- Iteration 53 -------------------------------- 
{'reach-v1_success_rate': array(1., dtype=float32), 'push-v1_success_rate': array(0., dtype=float32), 'pick-place-v1_success_rate': array(0., dtype=float32), 'door-v1_success_rate': array(0., dtype=float32), 'drawer-open-v1_success_rate': array(0., dtype=float32), 'drawer-close-v1_success_rate': array(0., dtype=float32), 'button-press-topdown-v1_success_rate': array(0., dtype=float32), 'ped-insert-side-v1_success_rate': array(0., dtype=float32), 'window-open-v1_success_rate': array(0., dtype=float32), 'window-close-v1_success_rate': array(1., dtype=float32), 'mean_success_rate': 0.2}

Training agent using sampled data from replay buffer...
training time:  19.72697138786316
evaluation time:  11.039009094238281
epoch time:  30.765998601913452


-------------------------------- Iteration 54 -------------------------------- 
{'reach-v1_success_rate': array(1., dtype=float32), 'push-v1_success_rate': array(0., dtype=float32), 'pick-place-v1_success_rate': array(0., dtype=float32), 'door-v1_success_rate': array(0., dtype=float32), 'drawer-open-v1_success_rate': array(0., dtype=float32), 'drawer-close-v1_success_rate': array(0., dtype=float32), 'button-press-topdown-v1_success_rate': array(1., dtype=float32), 'ped-insert-side-v1_success_rate': array(0., dtype=float32), 'window-open-v1_success_rate': array(0., dtype=float32), 'window-close-v1_success_rate': array(1., dtype=float32), 'mean_success_rate': 0.3}

Training agent using sampled data from replay buffer...
training time:  19.73809814453125
evaluation time:  11.02425503730774
epoch time:  30.76237440109253


-------------------------------- Iteration 55 -------------------------------- 
{'reach-v1_success_rate': array(1., dtype=float32), 'push-v1_success_rate': array(0., dtype=float32), 'pick-place-v1_success_rate': array(0., dtype=float32), 'door-v1_success_rate': array(0., dtype=float32), 'drawer-open-v1_success_rate': array(0., dtype=float32), 'drawer-close-v1_success_rate': array(0., dtype=float32), 'button-press-topdown-v1_success_rate': array(0., dtype=float32), 'ped-insert-side-v1_success_rate': array(0., dtype=float32), 'window-open-v1_success_rate': array(1., dtype=float32), 'window-close-v1_success_rate': array(1., dtype=float32), 'mean_success_rate': 0.3}

Training agent using sampled data from replay buffer...
training time:  20.10028076171875
evaluation time:  10.903352499008179
epoch time:  31.00364899635315


-------------------------------- Iteration 56 -------------------------------- 
{'reach-v1_success_rate': array(1., dtype=float32), 'push-v1_success_rate': array(0., dtype=float32), 'pick-place-v1_success_rate': array(0., dtype=float32), 'door-v1_success_rate': array(0., dtype=float32), 'drawer-open-v1_success_rate': array(0., dtype=float32), 'drawer-close-v1_success_rate': array(0., dtype=float32), 'button-press-topdown-v1_success_rate': array(1., dtype=float32), 'ped-insert-side-v1_success_rate': array(0., dtype=float32), 'window-open-v1_success_rate': array(0., dtype=float32), 'window-close-v1_success_rate': array(1., dtype=float32), 'mean_success_rate': 0.3}

Training agent using sampled data from replay buffer...
training time:  20.168657302856445
evaluation time:  11.01251745223999
epoch time:  31.181204795837402


-------------------------------- Iteration 57 -------------------------------- 
{'reach-v1_success_rate': array(1., dtype=float32), 'push-v1_success_rate': array(0., dtype=float32), 'pick-place-v1_success_rate': array(0., dtype=float32), 'door-v1_success_rate': array(0., dtype=float32), 'drawer-open-v1_success_rate': array(1., dtype=float32), 'drawer-close-v1_success_rate': array(0., dtype=float32), 'button-press-topdown-v1_success_rate': array(0., dtype=float32), 'ped-insert-side-v1_success_rate': array(0., dtype=float32), 'window-open-v1_success_rate': array(1., dtype=float32), 'window-close-v1_success_rate': array(1., dtype=float32), 'mean_success_rate': 0.4}

Training agent using sampled data from replay buffer...
training time:  20.92481303215027
evaluation time:  11.024611234664917
epoch time:  31.949480056762695


-------------------------------- Iteration 58 -------------------------------- 
{'reach-v1_success_rate': array(1., dtype=float32), 'push-v1_success_rate': array(0., dtype=float32), 'pick-place-v1_success_rate': array(0., dtype=float32), 'door-v1_success_rate': array(0., dtype=float32), 'drawer-open-v1_success_rate': array(1., dtype=float32), 'drawer-close-v1_success_rate': array(1., dtype=float32), 'button-press-topdown-v1_success_rate': array(1., dtype=float32), 'ped-insert-side-v1_success_rate': array(0., dtype=float32), 'window-open-v1_success_rate': array(0., dtype=float32), 'window-close-v1_success_rate': array(1., dtype=float32), 'mean_success_rate': 0.5}

Training agent using sampled data from replay buffer...
training time:  21.05218482017517
evaluation time:  11.208014488220215
epoch time:  32.26022505760193


-------------------------------- Iteration 59 -------------------------------- 
{'reach-v1_success_rate': array(1., dtype=float32), 'push-v1_success_rate': array(0., dtype=float32), 'pick-place-v1_success_rate': array(0., dtype=float32), 'door-v1_success_rate': array(0., dtype=float32), 'drawer-open-v1_success_rate': array(1., dtype=float32), 'drawer-close-v1_success_rate': array(0., dtype=float32), 'button-press-topdown-v1_success_rate': array(1., dtype=float32), 'ped-insert-side-v1_success_rate': array(0., dtype=float32), 'window-open-v1_success_rate': array(0., dtype=float32), 'window-close-v1_success_rate': array(1., dtype=float32), 'mean_success_rate': 0.4}

Training agent using sampled data from replay buffer...
training time:  21.423259496688843
evaluation time:  11.03235149383545
epoch time:  32.45562720298767


-------------------------------- Iteration 60 -------------------------------- 
{'reach-v1_success_rate': array(1., dtype=float32), 'push-v1_success_rate': array(0., dtype=float32), 'pick-place-v1_success_rate': array(0., dtype=float32), 'door-v1_success_rate': array(0., dtype=float32), 'drawer-open-v1_success_rate': array(0., dtype=float32), 'drawer-close-v1_success_rate': array(0., dtype=float32), 'button-press-topdown-v1_success_rate': array(1., dtype=float32), 'ped-insert-side-v1_success_rate': array(0., dtype=float32), 'window-open-v1_success_rate': array(0., dtype=float32), 'window-close-v1_success_rate': array(1., dtype=float32), 'mean_success_rate': 0.3}

Training agent using sampled data from replay buffer...
training time:  21.696448802947998
evaluation time:  10.978043794631958
epoch time:  32.67452907562256


-------------------------------- Iteration 61 -------------------------------- 
{'reach-v1_success_rate': array(1., dtype=float32), 'push-v1_success_rate': array(0., dtype=float32), 'pick-place-v1_success_rate': array(0., dtype=float32), 'door-v1_success_rate': array(0., dtype=float32), 'drawer-open-v1_success_rate': array(1., dtype=float32), 'drawer-close-v1_success_rate': array(0., dtype=float32), 'button-press-topdown-v1_success_rate': array(1., dtype=float32), 'ped-insert-side-v1_success_rate': array(0., dtype=float32), 'window-open-v1_success_rate': array(1., dtype=float32), 'window-close-v1_success_rate': array(1., dtype=float32), 'mean_success_rate': 0.5}

Training agent using sampled data from replay buffer...
training time:  21.564525365829468
evaluation time:  10.910963773727417
epoch time:  32.475515604019165


-------------------------------- Iteration 62 -------------------------------- 
{'reach-v1_success_rate': array(1., dtype=float32), 'push-v1_success_rate': array(0., dtype=float32), 'pick-place-v1_success_rate': array(0., dtype=float32), 'door-v1_success_rate': array(0., dtype=float32), 'drawer-open-v1_success_rate': array(0., dtype=float32), 'drawer-close-v1_success_rate': array(0., dtype=float32), 'button-press-topdown-v1_success_rate': array(0., dtype=float32), 'ped-insert-side-v1_success_rate': array(0., dtype=float32), 'window-open-v1_success_rate': array(0., dtype=float32), 'window-close-v1_success_rate': array(1., dtype=float32), 'mean_success_rate': 0.2}

Training agent using sampled data from replay buffer...
training time:  21.500604391098022
evaluation time:  11.034502029418945
epoch time:  32.535130739212036


-------------------------------- Iteration 63 -------------------------------- 
{'reach-v1_success_rate': array(1., dtype=float32), 'push-v1_success_rate': array(0., dtype=float32), 'pick-place-v1_success_rate': array(0., dtype=float32), 'door-v1_success_rate': array(0., dtype=float32), 'drawer-open-v1_success_rate': array(0., dtype=float32), 'drawer-close-v1_success_rate': array(1., dtype=float32), 'button-press-topdown-v1_success_rate': array(1., dtype=float32), 'ped-insert-side-v1_success_rate': array(0., dtype=float32), 'window-open-v1_success_rate': array(0., dtype=float32), 'window-close-v1_success_rate': array(1., dtype=float32), 'mean_success_rate': 0.4}

Training agent using sampled data from replay buffer...
training time:  21.523133039474487
evaluation time:  10.836512804031372
epoch time:  32.359675884246826


-------------------------------- Iteration 64 -------------------------------- 
{'reach-v1_success_rate': array(1., dtype=float32), 'push-v1_success_rate': array(0., dtype=float32), 'pick-place-v1_success_rate': array(0., dtype=float32), 'door-v1_success_rate': array(0., dtype=float32), 'drawer-open-v1_success_rate': array(0., dtype=float32), 'drawer-close-v1_success_rate': array(0., dtype=float32), 'button-press-topdown-v1_success_rate': array(1., dtype=float32), 'ped-insert-side-v1_success_rate': array(0., dtype=float32), 'window-open-v1_success_rate': array(0., dtype=float32), 'window-close-v1_success_rate': array(1., dtype=float32), 'mean_success_rate': 0.3}

Training agent using sampled data from replay buffer...
training time:  21.535630226135254
evaluation time:  10.945916891098022
epoch time:  32.48156380653381


-------------------------------- Iteration 65 -------------------------------- 
{'reach-v1_success_rate': array(1., dtype=float32), 'push-v1_success_rate': array(0., dtype=float32), 'pick-place-v1_success_rate': array(0., dtype=float32), 'door-v1_success_rate': array(0., dtype=float32), 'drawer-open-v1_success_rate': array(0., dtype=float32), 'drawer-close-v1_success_rate': array(0., dtype=float32), 'button-press-topdown-v1_success_rate': array(1., dtype=float32), 'ped-insert-side-v1_success_rate': array(0., dtype=float32), 'window-open-v1_success_rate': array(0., dtype=float32), 'window-close-v1_success_rate': array(1., dtype=float32), 'mean_success_rate': 0.3}

Training agent using sampled data from replay buffer...
training time:  21.59134531021118
evaluation time:  11.010825872421265
epoch time:  32.60220670700073


-------------------------------- Iteration 66 -------------------------------- 
{'reach-v1_success_rate': array(1., dtype=float32), 'push-v1_success_rate': array(0., dtype=float32), 'pick-place-v1_success_rate': array(0., dtype=float32), 'door-v1_success_rate': array(0., dtype=float32), 'drawer-open-v1_success_rate': array(0., dtype=float32), 'drawer-close-v1_success_rate': array(1., dtype=float32), 'button-press-topdown-v1_success_rate': array(0., dtype=float32), 'ped-insert-side-v1_success_rate': array(0., dtype=float32), 'window-open-v1_success_rate': array(0., dtype=float32), 'window-close-v1_success_rate': array(1., dtype=float32), 'mean_success_rate': 0.3}

Training agent using sampled data from replay buffer...
training time:  22.029771089553833
evaluation time:  11.057204961776733
epoch time:  33.08699297904968


-------------------------------- Iteration 67 -------------------------------- 
{'reach-v1_success_rate': array(1., dtype=float32), 'push-v1_success_rate': array(0., dtype=float32), 'pick-place-v1_success_rate': array(0., dtype=float32), 'door-v1_success_rate': array(0., dtype=float32), 'drawer-open-v1_success_rate': array(1., dtype=float32), 'drawer-close-v1_success_rate': array(0., dtype=float32), 'button-press-topdown-v1_success_rate': array(0., dtype=float32), 'ped-insert-side-v1_success_rate': array(0., dtype=float32), 'window-open-v1_success_rate': array(0., dtype=float32), 'window-close-v1_success_rate': array(1., dtype=float32), 'mean_success_rate': 0.3}

Training agent using sampled data from replay buffer...
training time:  21.928764820098877
evaluation time:  11.025405168533325
epoch time:  32.95424127578735


-------------------------------- Iteration 68 -------------------------------- 
{'reach-v1_success_rate': array(1., dtype=float32), 'push-v1_success_rate': array(0., dtype=float32), 'pick-place-v1_success_rate': array(0., dtype=float32), 'door-v1_success_rate': array(1., dtype=float32), 'drawer-open-v1_success_rate': array(1., dtype=float32), 'drawer-close-v1_success_rate': array(0., dtype=float32), 'button-press-topdown-v1_success_rate': array(1., dtype=float32), 'ped-insert-side-v1_success_rate': array(0., dtype=float32), 'window-open-v1_success_rate': array(1., dtype=float32), 'window-close-v1_success_rate': array(1., dtype=float32), 'mean_success_rate': 0.6}

Training agent using sampled data from replay buffer...
training time:  22.274191856384277
evaluation time:  11.013382196426392
epoch time:  33.28759503364563


-------------------------------- Iteration 69 -------------------------------- 
{'reach-v1_success_rate': array(1., dtype=float32), 'push-v1_success_rate': array(0., dtype=float32), 'pick-place-v1_success_rate': array(0., dtype=float32), 'door-v1_success_rate': array(0., dtype=float32), 'drawer-open-v1_success_rate': array(1., dtype=float32), 'drawer-close-v1_success_rate': array(0., dtype=float32), 'button-press-topdown-v1_success_rate': array(1., dtype=float32), 'ped-insert-side-v1_success_rate': array(0., dtype=float32), 'window-open-v1_success_rate': array(0., dtype=float32), 'window-close-v1_success_rate': array(1., dtype=float32), 'mean_success_rate': 0.4}

Training agent using sampled data from replay buffer...
training time:  22.045486450195312
evaluation time:  11.179335117340088
epoch time:  33.22485971450806


-------------------------------- Iteration 70 -------------------------------- 
{'reach-v1_success_rate': array(1., dtype=float32), 'push-v1_success_rate': array(1., dtype=float32), 'pick-place-v1_success_rate': array(0., dtype=float32), 'door-v1_success_rate': array(0., dtype=float32), 'drawer-open-v1_success_rate': array(0., dtype=float32), 'drawer-close-v1_success_rate': array(1., dtype=float32), 'button-press-topdown-v1_success_rate': array(0., dtype=float32), 'ped-insert-side-v1_success_rate': array(0., dtype=float32), 'window-open-v1_success_rate': array(0., dtype=float32), 'window-close-v1_success_rate': array(1., dtype=float32), 'mean_success_rate': 0.4}

Training agent using sampled data from replay buffer...
training time:  21.958580493927002
evaluation time:  10.882441997528076
epoch time:  32.84104323387146


-------------------------------- Iteration 71 -------------------------------- 
{'reach-v1_success_rate': array(1., dtype=float32), 'push-v1_success_rate': array(0., dtype=float32), 'pick-place-v1_success_rate': array(0., dtype=float32), 'door-v1_success_rate': array(0., dtype=float32), 'drawer-open-v1_success_rate': array(0., dtype=float32), 'drawer-close-v1_success_rate': array(0., dtype=float32), 'button-press-topdown-v1_success_rate': array(0., dtype=float32), 'ped-insert-side-v1_success_rate': array(0., dtype=float32), 'window-open-v1_success_rate': array(0., dtype=float32), 'window-close-v1_success_rate': array(1., dtype=float32), 'mean_success_rate': 0.2}

Training agent using sampled data from replay buffer...
training time:  21.952884674072266
evaluation time:  10.936320066452026
epoch time:  32.88922834396362


-------------------------------- Iteration 72 -------------------------------- 
{'reach-v1_success_rate': array(1., dtype=float32), 'push-v1_success_rate': array(0., dtype=float32), 'pick-place-v1_success_rate': array(0., dtype=float32), 'door-v1_success_rate': array(0., dtype=float32), 'drawer-open-v1_success_rate': array(1., dtype=float32), 'drawer-close-v1_success_rate': array(0., dtype=float32), 'button-press-topdown-v1_success_rate': array(1., dtype=float32), 'ped-insert-side-v1_success_rate': array(0., dtype=float32), 'window-open-v1_success_rate': array(0., dtype=float32), 'window-close-v1_success_rate': array(1., dtype=float32), 'mean_success_rate': 0.4}

Training agent using sampled data from replay buffer...
training time:  21.914051294326782
evaluation time:  10.889678955078125
epoch time:  32.8037588596344


-------------------------------- Iteration 73 -------------------------------- 
{'reach-v1_success_rate': array(1., dtype=float32), 'push-v1_success_rate': array(0., dtype=float32), 'pick-place-v1_success_rate': array(0., dtype=float32), 'door-v1_success_rate': array(0., dtype=float32), 'drawer-open-v1_success_rate': array(0., dtype=float32), 'drawer-close-v1_success_rate': array(0., dtype=float32), 'button-press-topdown-v1_success_rate': array(1., dtype=float32), 'ped-insert-side-v1_success_rate': array(0., dtype=float32), 'window-open-v1_success_rate': array(0., dtype=float32), 'window-close-v1_success_rate': array(1., dtype=float32), 'mean_success_rate': 0.3}

Training agent using sampled data from replay buffer...
training time:  22.156266927719116
evaluation time:  11.023763179779053
epoch time:  33.180052280426025


-------------------------------- Iteration 74 -------------------------------- 
{'reach-v1_success_rate': array(1., dtype=float32), 'push-v1_success_rate': array(0., dtype=float32), 'pick-place-v1_success_rate': array(0., dtype=float32), 'door-v1_success_rate': array(0., dtype=float32), 'drawer-open-v1_success_rate': array(1., dtype=float32), 'drawer-close-v1_success_rate': array(0., dtype=float32), 'button-press-topdown-v1_success_rate': array(1., dtype=float32), 'ped-insert-side-v1_success_rate': array(0., dtype=float32), 'window-open-v1_success_rate': array(0., dtype=float32), 'window-close-v1_success_rate': array(1., dtype=float32), 'mean_success_rate': 0.4}

Training agent using sampled data from replay buffer...
training time:  21.944042921066284
evaluation time:  10.889218091964722
epoch time:  32.833292722702026


-------------------------------- Iteration 75 -------------------------------- 
{'reach-v1_success_rate': array(1., dtype=float32), 'push-v1_success_rate': array(0., dtype=float32), 'pick-place-v1_success_rate': array(0., dtype=float32), 'door-v1_success_rate': array(0., dtype=float32), 'drawer-open-v1_success_rate': array(1., dtype=float32), 'drawer-close-v1_success_rate': array(0., dtype=float32), 'button-press-topdown-v1_success_rate': array(0., dtype=float32), 'ped-insert-side-v1_success_rate': array(0., dtype=float32), 'window-open-v1_success_rate': array(0., dtype=float32), 'window-close-v1_success_rate': array(1., dtype=float32), 'mean_success_rate': 0.3}

Training agent using sampled data from replay buffer...
training time:  22.371137857437134
evaluation time:  11.11493730545044
epoch time:  33.48609232902527


-------------------------------- Iteration 76 -------------------------------- 
{'reach-v1_success_rate': array(1., dtype=float32), 'push-v1_success_rate': array(0., dtype=float32), 'pick-place-v1_success_rate': array(0., dtype=float32), 'door-v1_success_rate': array(0., dtype=float32), 'drawer-open-v1_success_rate': array(1., dtype=float32), 'drawer-close-v1_success_rate': array(0., dtype=float32), 'button-press-topdown-v1_success_rate': array(1., dtype=float32), 'ped-insert-side-v1_success_rate': array(0., dtype=float32), 'window-open-v1_success_rate': array(0., dtype=float32), 'window-close-v1_success_rate': array(0., dtype=float32), 'mean_success_rate': 0.3}

Training agent using sampled data from replay buffer...
training time:  22.46181082725525
evaluation time:  11.189165115356445
epoch time:  33.65101075172424


-------------------------------- Iteration 77 -------------------------------- 
{'reach-v1_success_rate': array(1., dtype=float32), 'push-v1_success_rate': array(0., dtype=float32), 'pick-place-v1_success_rate': array(0., dtype=float32), 'door-v1_success_rate': array(0., dtype=float32), 'drawer-open-v1_success_rate': array(1., dtype=float32), 'drawer-close-v1_success_rate': array(0., dtype=float32), 'button-press-topdown-v1_success_rate': array(0., dtype=float32), 'ped-insert-side-v1_success_rate': array(0., dtype=float32), 'window-open-v1_success_rate': array(0., dtype=float32), 'window-close-v1_success_rate': array(1., dtype=float32), 'mean_success_rate': 0.3}

Training agent using sampled data from replay buffer...
training time:  22.650579690933228
evaluation time:  11.07350468635559
epoch time:  33.7241427898407


-------------------------------- Iteration 78 -------------------------------- 
{'reach-v1_success_rate': array(1., dtype=float32), 'push-v1_success_rate': array(0., dtype=float32), 'pick-place-v1_success_rate': array(0., dtype=float32), 'door-v1_success_rate': array(0., dtype=float32), 'drawer-open-v1_success_rate': array(0., dtype=float32), 'drawer-close-v1_success_rate': array(0., dtype=float32), 'button-press-topdown-v1_success_rate': array(1., dtype=float32), 'ped-insert-side-v1_success_rate': array(0., dtype=float32), 'window-open-v1_success_rate': array(0., dtype=float32), 'window-close-v1_success_rate': array(1., dtype=float32), 'mean_success_rate': 0.3}

Training agent using sampled data from replay buffer...
training time:  22.660576820373535
evaluation time:  11.025116205215454
epoch time:  33.68572545051575


-------------------------------- Iteration 79 -------------------------------- 
{'reach-v1_success_rate': array(1., dtype=float32), 'push-v1_success_rate': array(0., dtype=float32), 'pick-place-v1_success_rate': array(0., dtype=float32), 'door-v1_success_rate': array(0., dtype=float32), 'drawer-open-v1_success_rate': array(0., dtype=float32), 'drawer-close-v1_success_rate': array(0., dtype=float32), 'button-press-topdown-v1_success_rate': array(1., dtype=float32), 'ped-insert-side-v1_success_rate': array(0., dtype=float32), 'window-open-v1_success_rate': array(0., dtype=float32), 'window-close-v1_success_rate': array(1., dtype=float32), 'mean_success_rate': 0.3}

Training agent using sampled data from replay buffer...
training time:  22.632789134979248
evaluation time:  10.759727716445923
epoch time:  33.3925359249115


-------------------------------- Iteration 80 -------------------------------- 
{'reach-v1_success_rate': array(1., dtype=float32), 'push-v1_success_rate': array(0., dtype=float32), 'pick-place-v1_success_rate': array(0., dtype=float32), 'door-v1_success_rate': array(0., dtype=float32), 'drawer-open-v1_success_rate': array(1., dtype=float32), 'drawer-close-v1_success_rate': array(0., dtype=float32), 'button-press-topdown-v1_success_rate': array(0., dtype=float32), 'ped-insert-side-v1_success_rate': array(0., dtype=float32), 'window-open-v1_success_rate': array(0., dtype=float32), 'window-close-v1_success_rate': array(1., dtype=float32), 'mean_success_rate': 0.3}

Training agent using sampled data from replay buffer...
training time:  22.59822177886963
evaluation time:  10.92966914176941
epoch time:  33.52791976928711


-------------------------------- Iteration 81 -------------------------------- 
{'reach-v1_success_rate': array(1., dtype=float32), 'push-v1_success_rate': array(0., dtype=float32), 'pick-place-v1_success_rate': array(0., dtype=float32), 'door-v1_success_rate': array(0., dtype=float32), 'drawer-open-v1_success_rate': array(1., dtype=float32), 'drawer-close-v1_success_rate': array(1., dtype=float32), 'button-press-topdown-v1_success_rate': array(1., dtype=float32), 'ped-insert-side-v1_success_rate': array(0., dtype=float32), 'window-open-v1_success_rate': array(0., dtype=float32), 'window-close-v1_success_rate': array(0., dtype=float32), 'mean_success_rate': 0.4}

Training agent using sampled data from replay buffer...
training time:  22.50024962425232
evaluation time:  11.069283723831177
epoch time:  33.5695595741272


-------------------------------- Iteration 82 -------------------------------- 
{'reach-v1_success_rate': array(1., dtype=float32), 'push-v1_success_rate': array(0., dtype=float32), 'pick-place-v1_success_rate': array(0., dtype=float32), 'door-v1_success_rate': array(0., dtype=float32), 'drawer-open-v1_success_rate': array(0., dtype=float32), 'drawer-close-v1_success_rate': array(0., dtype=float32), 'button-press-topdown-v1_success_rate': array(0., dtype=float32), 'ped-insert-side-v1_success_rate': array(0., dtype=float32), 'window-open-v1_success_rate': array(0., dtype=float32), 'window-close-v1_success_rate': array(0., dtype=float32), 'mean_success_rate': 0.1}

Training agent using sampled data from replay buffer...
training time:  22.69173550605774
evaluation time:  10.828530073165894
epoch time:  33.520289182662964


-------------------------------- Iteration 83 -------------------------------- 
{'reach-v1_success_rate': array(1., dtype=float32), 'push-v1_success_rate': array(0., dtype=float32), 'pick-place-v1_success_rate': array(0., dtype=float32), 'door-v1_success_rate': array(0., dtype=float32), 'drawer-open-v1_success_rate': array(0., dtype=float32), 'drawer-close-v1_success_rate': array(0., dtype=float32), 'button-press-topdown-v1_success_rate': array(1., dtype=float32), 'ped-insert-side-v1_success_rate': array(0., dtype=float32), 'window-open-v1_success_rate': array(1., dtype=float32), 'window-close-v1_success_rate': array(1., dtype=float32), 'mean_success_rate': 0.4}

Training agent using sampled data from replay buffer...
training time:  22.657880067825317
evaluation time:  10.876734495162964
epoch time:  33.534645557403564


-------------------------------- Iteration 84 -------------------------------- 
{'reach-v1_success_rate': array(1., dtype=float32), 'push-v1_success_rate': array(0., dtype=float32), 'pick-place-v1_success_rate': array(0., dtype=float32), 'door-v1_success_rate': array(0., dtype=float32), 'drawer-open-v1_success_rate': array(1., dtype=float32), 'drawer-close-v1_success_rate': array(0., dtype=float32), 'button-press-topdown-v1_success_rate': array(1., dtype=float32), 'ped-insert-side-v1_success_rate': array(0., dtype=float32), 'window-open-v1_success_rate': array(0., dtype=float32), 'window-close-v1_success_rate': array(1., dtype=float32), 'mean_success_rate': 0.4}

Training agent using sampled data from replay buffer...
training time:  22.857605934143066
evaluation time:  11.05999231338501
epoch time:  33.91761589050293


-------------------------------- Iteration 85 -------------------------------- 
{'reach-v1_success_rate': array(1., dtype=float32), 'push-v1_success_rate': array(0., dtype=float32), 'pick-place-v1_success_rate': array(0., dtype=float32), 'door-v1_success_rate': array(0., dtype=float32), 'drawer-open-v1_success_rate': array(1., dtype=float32), 'drawer-close-v1_success_rate': array(0., dtype=float32), 'button-press-topdown-v1_success_rate': array(0., dtype=float32), 'ped-insert-side-v1_success_rate': array(0., dtype=float32), 'window-open-v1_success_rate': array(0., dtype=float32), 'window-close-v1_success_rate': array(0., dtype=float32), 'mean_success_rate': 0.2}

Training agent using sampled data from replay buffer...
training time:  23.10437321662903
evaluation time:  11.135381937026978
epoch time:  34.239776849746704


-------------------------------- Iteration 86 -------------------------------- 
{'reach-v1_success_rate': array(1., dtype=float32), 'push-v1_success_rate': array(0., dtype=float32), 'pick-place-v1_success_rate': array(0., dtype=float32), 'door-v1_success_rate': array(0., dtype=float32), 'drawer-open-v1_success_rate': array(1., dtype=float32), 'drawer-close-v1_success_rate': array(0., dtype=float32), 'button-press-topdown-v1_success_rate': array(1., dtype=float32), 'ped-insert-side-v1_success_rate': array(0., dtype=float32), 'window-open-v1_success_rate': array(0., dtype=float32), 'window-close-v1_success_rate': array(1., dtype=float32), 'mean_success_rate': 0.4}

Training agent using sampled data from replay buffer...
training time:  23.213725805282593
evaluation time:  10.928269147872925
epoch time:  34.142011404037476


-------------------------------- Iteration 87 -------------------------------- 
{'reach-v1_success_rate': array(1., dtype=float32), 'push-v1_success_rate': array(1., dtype=float32), 'pick-place-v1_success_rate': array(0., dtype=float32), 'door-v1_success_rate': array(0., dtype=float32), 'drawer-open-v1_success_rate': array(0., dtype=float32), 'drawer-close-v1_success_rate': array(1., dtype=float32), 'button-press-topdown-v1_success_rate': array(0., dtype=float32), 'ped-insert-side-v1_success_rate': array(0., dtype=float32), 'window-open-v1_success_rate': array(0., dtype=float32), 'window-close-v1_success_rate': array(1., dtype=float32), 'mean_success_rate': 0.4}

Training agent using sampled data from replay buffer...
training time:  23.32862639427185
evaluation time:  11.007486581802368
epoch time:  34.33618402481079


-------------------------------- Iteration 88 -------------------------------- 
{'reach-v1_success_rate': array(1., dtype=float32), 'push-v1_success_rate': array(0., dtype=float32), 'pick-place-v1_success_rate': array(0., dtype=float32), 'door-v1_success_rate': array(0., dtype=float32), 'drawer-open-v1_success_rate': array(0., dtype=float32), 'drawer-close-v1_success_rate': array(0., dtype=float32), 'button-press-topdown-v1_success_rate': array(0., dtype=float32), 'ped-insert-side-v1_success_rate': array(0., dtype=float32), 'window-open-v1_success_rate': array(0., dtype=float32), 'window-close-v1_success_rate': array(1., dtype=float32), 'mean_success_rate': 0.2}

Training agent using sampled data from replay buffer...
training time:  22.989315509796143
evaluation time:  10.84445834159851
epoch time:  33.83380079269409


-------------------------------- Iteration 89 -------------------------------- 
{'reach-v1_success_rate': array(1., dtype=float32), 'push-v1_success_rate': array(0., dtype=float32), 'pick-place-v1_success_rate': array(0., dtype=float32), 'door-v1_success_rate': array(0., dtype=float32), 'drawer-open-v1_success_rate': array(0., dtype=float32), 'drawer-close-v1_success_rate': array(0., dtype=float32), 'button-press-topdown-v1_success_rate': array(0., dtype=float32), 'ped-insert-side-v1_success_rate': array(0., dtype=float32), 'window-open-v1_success_rate': array(0., dtype=float32), 'window-close-v1_success_rate': array(1., dtype=float32), 'mean_success_rate': 0.2}

Training agent using sampled data from replay buffer...
training time:  23.171395540237427
evaluation time:  10.999547719955444
epoch time:  34.1709771156311


-------------------------------- Iteration 90 -------------------------------- 
{'reach-v1_success_rate': array(1., dtype=float32), 'push-v1_success_rate': array(1., dtype=float32), 'pick-place-v1_success_rate': array(0., dtype=float32), 'door-v1_success_rate': array(0., dtype=float32), 'drawer-open-v1_success_rate': array(0., dtype=float32), 'drawer-close-v1_success_rate': array(1., dtype=float32), 'button-press-topdown-v1_success_rate': array(1., dtype=float32), 'ped-insert-side-v1_success_rate': array(0., dtype=float32), 'window-open-v1_success_rate': array(0., dtype=float32), 'window-close-v1_success_rate': array(1., dtype=float32), 'mean_success_rate': 0.5}

Training agent using sampled data from replay buffer...
training time:  23.22728180885315
evaluation time:  10.980520963668823
epoch time:  34.207831382751465


-------------------------------- Iteration 91 -------------------------------- 
{'reach-v1_success_rate': array(1., dtype=float32), 'push-v1_success_rate': array(0., dtype=float32), 'pick-place-v1_success_rate': array(0., dtype=float32), 'door-v1_success_rate': array(0., dtype=float32), 'drawer-open-v1_success_rate': array(0., dtype=float32), 'drawer-close-v1_success_rate': array(0., dtype=float32), 'button-press-topdown-v1_success_rate': array(1., dtype=float32), 'ped-insert-side-v1_success_rate': array(0., dtype=float32), 'window-open-v1_success_rate': array(0., dtype=float32), 'window-close-v1_success_rate': array(1., dtype=float32), 'mean_success_rate': 0.3}

Training agent using sampled data from replay buffer...
training time:  23.293511867523193
evaluation time:  10.943382978439331
epoch time:  34.23691177368164


-------------------------------- Iteration 92 -------------------------------- 
{'reach-v1_success_rate': array(1., dtype=float32), 'push-v1_success_rate': array(0., dtype=float32), 'pick-place-v1_success_rate': array(0., dtype=float32), 'door-v1_success_rate': array(0., dtype=float32), 'drawer-open-v1_success_rate': array(0., dtype=float32), 'drawer-close-v1_success_rate': array(0., dtype=float32), 'button-press-topdown-v1_success_rate': array(0., dtype=float32), 'ped-insert-side-v1_success_rate': array(0., dtype=float32), 'window-open-v1_success_rate': array(0., dtype=float32), 'window-close-v1_success_rate': array(1., dtype=float32), 'mean_success_rate': 0.2}

Training agent using sampled data from replay buffer...
training time:  23.5331027507782
evaluation time:  10.781137228012085
epoch time:  34.31427192687988


-------------------------------- Iteration 93 -------------------------------- 
{'reach-v1_success_rate': array(1., dtype=float32), 'push-v1_success_rate': array(0., dtype=float32), 'pick-place-v1_success_rate': array(0., dtype=float32), 'door-v1_success_rate': array(0., dtype=float32), 'drawer-open-v1_success_rate': array(1., dtype=float32), 'drawer-close-v1_success_rate': array(0., dtype=float32), 'button-press-topdown-v1_success_rate': array(1., dtype=float32), 'ped-insert-side-v1_success_rate': array(0., dtype=float32), 'window-open-v1_success_rate': array(1., dtype=float32), 'window-close-v1_success_rate': array(1., dtype=float32), 'mean_success_rate': 0.5}

Training agent using sampled data from replay buffer...
training time:  23.50103187561035
evaluation time:  11.130895137786865
epoch time:  34.631943702697754


-------------------------------- Iteration 94 -------------------------------- 
{'reach-v1_success_rate': array(1., dtype=float32), 'push-v1_success_rate': array(0., dtype=float32), 'pick-place-v1_success_rate': array(0., dtype=float32), 'door-v1_success_rate': array(0., dtype=float32), 'drawer-open-v1_success_rate': array(1., dtype=float32), 'drawer-close-v1_success_rate': array(1., dtype=float32), 'button-press-topdown-v1_success_rate': array(0., dtype=float32), 'ped-insert-side-v1_success_rate': array(0., dtype=float32), 'window-open-v1_success_rate': array(0., dtype=float32), 'window-close-v1_success_rate': array(1., dtype=float32), 'mean_success_rate': 0.4}

Training agent using sampled data from replay buffer...
training time:  23.772547483444214
evaluation time:  10.980592966079712
epoch time:  34.75317430496216


-------------------------------- Iteration 95 -------------------------------- 
{'reach-v1_success_rate': array(1., dtype=float32), 'push-v1_success_rate': array(0., dtype=float32), 'pick-place-v1_success_rate': array(0., dtype=float32), 'door-v1_success_rate': array(0., dtype=float32), 'drawer-open-v1_success_rate': array(0., dtype=float32), 'drawer-close-v1_success_rate': array(0., dtype=float32), 'button-press-topdown-v1_success_rate': array(0., dtype=float32), 'ped-insert-side-v1_success_rate': array(0., dtype=float32), 'window-open-v1_success_rate': array(0., dtype=float32), 'window-close-v1_success_rate': array(1., dtype=float32), 'mean_success_rate': 0.2}

Training agent using sampled data from replay buffer...
training time:  23.754891633987427
evaluation time:  11.113732814788818
epoch time:  34.868651390075684


-------------------------------- Iteration 96 -------------------------------- 
{'reach-v1_success_rate': array(1., dtype=float32), 'push-v1_success_rate': array(0., dtype=float32), 'pick-place-v1_success_rate': array(0., dtype=float32), 'door-v1_success_rate': array(0., dtype=float32), 'drawer-open-v1_success_rate': array(1., dtype=float32), 'drawer-close-v1_success_rate': array(0., dtype=float32), 'button-press-topdown-v1_success_rate': array(1., dtype=float32), 'ped-insert-side-v1_success_rate': array(0., dtype=float32), 'window-open-v1_success_rate': array(0., dtype=float32), 'window-close-v1_success_rate': array(1., dtype=float32), 'mean_success_rate': 0.4}

Training agent using sampled data from replay buffer...
training time:  23.87549638748169
evaluation time:  11.09700322151184
epoch time:  34.97254228591919


-------------------------------- Iteration 97 -------------------------------- 
{'reach-v1_success_rate': array(1., dtype=float32), 'push-v1_success_rate': array(0., dtype=float32), 'pick-place-v1_success_rate': array(0., dtype=float32), 'door-v1_success_rate': array(0., dtype=float32), 'drawer-open-v1_success_rate': array(1., dtype=float32), 'drawer-close-v1_success_rate': array(0., dtype=float32), 'button-press-topdown-v1_success_rate': array(0., dtype=float32), 'ped-insert-side-v1_success_rate': array(0., dtype=float32), 'window-open-v1_success_rate': array(0., dtype=float32), 'window-close-v1_success_rate': array(1., dtype=float32), 'mean_success_rate': 0.3}

Training agent using sampled data from replay buffer...
training time:  23.52826428413391
evaluation time:  10.965660095214844
epoch time:  34.49398970603943


-------------------------------- Iteration 98 -------------------------------- 
{'reach-v1_success_rate': array(1., dtype=float32), 'push-v1_success_rate': array(0., dtype=float32), 'pick-place-v1_success_rate': array(0., dtype=float32), 'door-v1_success_rate': array(0., dtype=float32), 'drawer-open-v1_success_rate': array(1., dtype=float32), 'drawer-close-v1_success_rate': array(0., dtype=float32), 'button-press-topdown-v1_success_rate': array(1., dtype=float32), 'ped-insert-side-v1_success_rate': array(0., dtype=float32), 'window-open-v1_success_rate': array(0., dtype=float32), 'window-close-v1_success_rate': array(1., dtype=float32), 'mean_success_rate': 0.4}

Training agent using sampled data from replay buffer...
training time:  23.632386207580566
evaluation time:  10.90912914276123
epoch time:  34.54153275489807


-------------------------------- Iteration 99 -------------------------------- 
<string>:6: FutureWarning: The input object of type 'Tensor' is an array-like implementing one of the corresponding protocols (`__array__`, `__array_interface__` or `__array_struct__`); but not a sequence (or 0-D). In the future, this object will be coerced as if it was first converted using `np.array(obj)`. To retain the old behaviour, you have to either modify the type 'Tensor', or assign to an empty array created with `np.empty(correct_shape, dtype=object)`.
<string>:6: VisibleDeprecationWarning: Creating an ndarray from ragged nested sequences (which is a list-or-tuple of lists-or-tuples-or ndarrays with different lengths or shapes) is deprecated. If you meant to do this, you must specify 'dtype=object' when creating the ndarray.
{'reach-v1_success_rate': array(1., dtype=float32), 'push-v1_success_rate': array(0., dtype=float32), 'pick-place-v1_success_rate': array(0., dtype=float32), 'door-v1_success_rate': array(0., dtype=float32), 'drawer-open-v1_success_rate': array(1., dtype=float32), 'drawer-close-v1_success_rate': array(0., dtype=float32), 'button-press-topdown-v1_success_rate': array(1., dtype=float32), 'ped-insert-side-v1_success_rate': array(0., dtype=float32), 'window-open-v1_success_rate': array(0., dtype=float32), 'window-close-v1_success_rate': array(1., dtype=float32), 'mean_success_rate': 0.4}

Training agent using sampled data from replay buffer...
training time:  23.631420850753784
evaluation time:  10.821491241455078
epoch time:  34.452940464019775
Done
