/var/lib/slurm/slurmd/job3515592/slurm_script: line 9: batch_scripts/MT50_batch/seed.sh: No such file or directory
SLURM_JOBID=3515592
working directory=/viscam/u/jialugao/Imitation-SoftModule
########################
logging outputs to  /viscam/u/jialugao/Imitation-SoftModule/data/Base_bc_reach_reach-wall-v1_2640.000125-01-2022_23-02-07
########################
{'expert_policy_file': '../Multi-Task-RL/log/MT50_Single_Task/reach-wall-v1/Fixed/238/model/model_pf_best.pth', 'exp_name': 'bc_reach', 'do_dagger': False, 'ep_len': 200, 'gradient_steps': 1, 'n_iter': 10000, 'render_interval': 1, 'eval_interval': 200, 'batch_size': 64, 'eval_batch_size': 32, 'train_batch_size': 32, 'n_layers': 2, 'size': 400, 'learning_rate': 0.0001, 'video_log_freq': -1, 'scalar_log_freq': 1, 'no_gpu': False, 'which_gpu': 0, 'max_replay_buffer_size': 1000000, 'save_params': False, 'seed': 32, 'worker_nums': 1, 'eval_worker_nums': 1, 'config': 'config/BC.json', 'no_cuda': True, 'random_init': False, 'device': 'cpu', 'id': 'MT50_Single_Task', 'task_name': 'reach-wall-v1', 'task_env': 'MT50_task_env', 'cuda': False, 'log_dir': '/viscam/u/jialugao/Imitation-SoftModule/data/Base_bc_reach_reach-wall-v1_2640.000125-01-2022_23-02-07', 'agent_class': <class 'agents.bc_agent.MLPAgent'>, 'agent_params': {'n_layers': 2, 'size': 400, 'learning_rate': 0.0001, 'max_replay_buffer_size': 1000000, 'discrete': False, 'ac_dim': 4, 'ob_dim': 9}}
{'env_name': 'single_task', 'env': {'reward_scale': 1, 'obs_norm': False}, 'meta_env': {'obs_type': 'with_goal', 'random_init': False}, 'replay_buffer': {'size': 1000000.0}, 'net': {'hidden_shapes': [400, 400], 'append_hidden_shapes': [400], 'base_type': <class 'networks.base.MLPBase'>}, 'general_setting': {'discount': 0.99, 'pretrain_epochs': 20, 'num_epochs': 7500, 'epoch_frames': 200, 'max_episode_frames': 200, 'batch_size': 1280, 'min_pool': 10000, 'target_hard_update_period': 1000, 'use_soft_update': True, 'tau': 0.005, 'opt_times': 200, 'eval_episodes': 100, 'train_render': False, 'eval_render': False, 'env': <NormAct<RewardShift<SingleWrapperNone>>>, 'logger': <utils.logger.Logger object at 0x7f382024eb90>, 'device': device(type='cpu')}, 'sac': {'plr': 0.0003, 'qlr': 0.0003, 'reparameterization': True, 'automatic_entropy_tuning': True, 'policy_std_reg_weight': 0, 'policy_mean_reg_weight': 0}}
Loading expert policy from... ../Multi-Task-RL/log/MT50_Single_Task/reach-wall-v1/Fixed/238/model/model_pf_best.pth
tensor([[ 0.0668, -0.0371, -0.1062,  ...,  0.0019, -0.0217, -0.0677],
        [ 0.1034, -0.0713, -0.0954,  ...,  0.0577, -0.0174, -0.0871],
        [ 0.1258, -0.1373, -0.1483,  ...,  0.0489, -0.0390, -0.0609],
        ...,
        [ 0.0205, -0.0706, -0.0069,  ...,  0.0724, -0.0415, -0.0367],
        [ 0.0327, -0.0505, -0.0793,  ..., -0.0012, -0.0008, -0.0264],
        [-0.0560, -0.0002, -0.1037,  ...,  0.0282, -0.0633, -0.0314]])
Done restoring expert policy...
<NormAct<RewardShift<AugObs<SawyerReachPushPickPlaceWallEnv instance>>>>


-------------------------------- Iteration 0 -------------------------------- 
initial ob: [-0.03264955  0.51487924  0.23688597  0.          0.6         0.01499496
 -0.05        0.8         0.2        -0.05        0.8         0.2       ]
expert:[-0.97955483  0.9886527   0.9730271   0.98368186]
expert:[-0.979885    0.9869699   0.97054565  0.982698  ]
expert:[-0.9792577  0.9856334  0.9704317  0.9809918]
expert:[-0.9784998  0.9846753  0.9696892  0.9795639]
expert:[-0.977531    0.9841563   0.9682512   0.97822404]
expert:[-0.97630847  0.9842782   0.965972    0.9778073 ]
expert:[-0.97618186  0.98534197  0.96347845  0.9768768 ]
expert:[-0.980091   0.9866802  0.9659262  0.974739 ]
expert:[-0.9808463   0.9851555   0.95896566  0.94727015]
expert:[-0.733956    0.97445554  0.47026822  0.3957249 ]
expert:[ 0.6645566   0.96551985 -0.76337636 -0.25680596]
expert:[ 0.85662526  0.9667492  -0.8697711  -0.32985246]
expert:[ 0.901793    0.9663429  -0.8950625  -0.31520486]
expert:[ 0.9178317   0.96571803 -0.9030459  -0.2729625 ]
expert:[ 0.9168975   0.9660327  -0.8991119  -0.19972906]
expert:[ 0.90169436  0.9660853  -0.8887105  -0.10713623]
expert:[ 0.8702644   0.96509975 -0.8735271   0.01834168]
expert:[ 0.8086191   0.96502846 -0.83062637  0.19724625]
expert:[ 0.24291015  0.9501064  -0.46611202  0.5081062 ]
expert:[-0.86463    0.8763996  0.5924984  0.8220023]
expert:[-0.95126176  0.6876398   0.8632567   0.89800245]
expert:[-0.9594833   0.3553709   0.88395995  0.8969823 ]
expert:[-0.9457994   0.07498468  0.8498111   0.859382  ]
expert:[-0.76190186 -0.1738343   0.6375011   0.8104909 ]
expert:[ 0.7839904 -0.4118884  0.2850593  0.7728182]
expert:[ 0.9527023  -0.34830335  0.06713354  0.7466503 ]
expert:[ 0.9670924  -0.21475287 -0.17844298  0.7377092 ]
expert:[ 0.9540266  -0.20356473 -0.3528766   0.7305748 ]
expert:[ 0.8547754  -0.21441154 -0.53253996  0.7249649 ]
expert:[-0.43654576  0.02485222 -0.66584164  0.75482607]
expert:[-0.8800387   0.13667256 -0.593992    0.80071765]
expert:[-0.9174407   0.0775787  -0.31954297  0.82722396]
expert:[-0.920078    0.03842148  0.056268    0.8193074 ]
expert:[-0.8468804  -0.08151254  0.30888888  0.79656774]
expert:[ 0.2830796  -0.35218072  0.4493405   0.7840667 ]
expert:[ 0.9130666  -0.42236543  0.5154367   0.7805919 ]
expert:[ 0.9494628  -0.28128797  0.396323    0.7703003 ]
expert:[ 0.93919116 -0.1645766   0.18255484  0.74211645]
expert:[ 0.74025065 -0.03302306 -0.19086817  0.6995404 ]
expert:[-0.6276643   0.2733552  -0.38097823  0.7206676 ]
expert:[-0.8855076   0.3758146  -0.30324548  0.77706707]
expert:[-0.9101952   0.35733765 -0.19764736  0.79760003]
expert:[-0.8960578   0.33163205 -0.1396077   0.78411424]
expert:[-0.7166802   0.17903864 -0.14284739  0.7487251 ]
expert:[ 0.690303   -0.14289254 -0.00675988  0.7260993 ]
expert:[ 0.94583726 -0.19056527  0.22732419  0.74874365]
expert:[ 0.96113884 -0.18041155  0.28642282  0.75880265]
expert:[ 0.94374436 -0.2749586   0.30451658  0.75814515]
expert:[ 0.76122856 -0.28117016  0.14791955  0.7498041 ]
expert:[-0.7068614   0.01875936 -0.02234474  0.7670336 ]
expert:[-0.91610587  0.18441239  0.02349288  0.8071608 ]
expert:[-0.92945176  0.2046817  -0.01980151  0.822023  ]
expert:[-0.91385067  0.24518271 -0.15802038  0.8076362 ]
expert:[-0.82669914  0.23088211 -0.3280389   0.7620403 ]
expert:[ 0.33031422  0.00907147 -0.31379348  0.71350694]
expert:[ 0.9348101  -0.10076933 -0.07098997  0.7171719 ]
expert:[ 0.9642623  -0.04551862  0.06351537  0.735918  ]
expert:[ 0.9587129  -0.1446726   0.17135675  0.7456098 ]
expert:[ 0.9003237  -0.2955407   0.20582263  0.74712956]
expert:[-0.09592688 -0.16491707  0.13445455  0.76565427]
expert:[-0.8971009   0.08644614  0.22232868  0.7953422 ]
expert:[-0.9338327   0.12949505  0.23414503  0.8231421 ]
expert:[-0.92971224  0.16658352  0.08746986  0.8208389 ]
expert:[-0.89058053  0.21832728 -0.19570981  0.788676  ]
expert:[-0.46589404  0.12167956 -0.40237683  0.7312665 ]
expert:[ 0.8611695 -0.0749208 -0.2969407  0.6942085]
expert:[ 0.96054816  0.03755957 -0.14216897  0.71630645]
expert:[ 0.96743697  0.02369373 -0.02871216  0.7305764 ]
expert:[ 0.949912   -0.17827725  0.10830393  0.7382581 ]
expert:[ 0.78277683 -0.28998363  0.11638299  0.7486117 ]
expert:[-0.6980648  -0.07113423  0.1488362   0.7758695 ]
expert:[-0.92713743  0.07017978  0.32901508  0.8158798 ]
expert:[-0.9406736   0.08480199  0.3207385   0.831817  ]
expert:[-0.9277267   0.12866299  0.12870206  0.8193027 ]
expert:[-0.8580358   0.16061841 -0.2179844   0.77753466]
expert:[ 0.11422776  0.01601625 -0.36875215  0.7240906 ]
expert:[ 0.9227463  -0.07036623 -0.24723718  0.6990501 ]
expert:[ 0.9638945   0.082746   -0.17999412  0.71514285]
expert:[ 0.96294516  0.00365679 -0.07931998  0.72322345]
expert:[ 0.92573315 -0.20791729  0.02000204  0.7286773 ]
expert:[ 0.31895712 -0.19310695  0.01174829  0.7529641 ]
expert:[-0.86609083  0.02334439  0.20164362  0.79090303]
expert:[-0.93566376  0.06775127  0.36845815  0.82501006]
expert:[-0.94012886  0.07848912  0.34499687  0.8307559 ]
expert:[-0.9174961   0.12109493  0.12385856  0.809004  ]
expert:[-0.73441386  0.0787248  -0.24714783  0.76320803]
expert:[ 0.68647456 -0.09516985 -0.29673135  0.7090883 ]
expert:[ 0.9495037  -0.02313977 -0.19511627  0.70779824]
expert:[ 0.9644769   0.08473035 -0.17381324  0.71613896]
expert:[ 0.95275486 -0.05842309 -0.08448508  0.718851  ]
expert:[ 0.83801675 -0.20173904 -0.07774947  0.7237763 ]
expert:[-0.5083655  -0.05526127 -0.04561364  0.76296055]
expert:[-0.9145395   0.09033684  0.2504678   0.80392677]
expert:[-0.9372892   0.07637607  0.3801855   0.8261288 ]
expert:[-0.92893344  0.08853388  0.31289715  0.81731147]
expert:[-0.8571864   0.07397633  0.04253079  0.78410405]
expert:[ 0.14822191 -0.08060552 -0.19379747  0.7401256 ]
expert:[ 0.91717696 -0.13173479 -0.1552734   0.70963764]
expert:[ 0.9601885   0.04147749 -0.16904978  0.71370304]
expert:[ 0.9571478   0.02275228 -0.15844154  0.7134688 ]
expert:[ 0.8988047  -0.13128848 -0.15563467  0.7077816 ]
expert:[-0.01234156 -0.04912013 -0.18379971  0.74193984]
expert:[-0.877974    0.11047302  0.05586864  0.78676295]
expert:[-0.9309762   0.1031502   0.30076462  0.819223  ]
expert:[-0.9322433   0.09000052  0.3472249   0.82009876]
expert:[-0.8938396   0.07889695  0.19917884  0.79480314]
expert:[-0.30212116 -0.0760962  -0.083437    0.7585368 ]
expert:[ 0.8743855  -0.19633129 -0.09511567  0.7191477 ]
expert:[ 0.9566246  -0.03939868 -0.09206878  0.71885043]
expert:[ 0.9605499   0.03271181 -0.13297272  0.7171045 ]
expert:[ 0.927069   -0.09814916 -0.13791573  0.70977026]
expert:[ 0.43403983 -0.07442819 -0.21984561  0.72348964]
expert:[-0.81892484  0.10865156 -0.10578778  0.77251226]
expert:[-0.92517275  0.13698354  0.1893532   0.81421274]
expert:[-0.9353974   0.11037383  0.31100118  0.82378525]
expert:[-0.9156205   0.10881297  0.23960245  0.80402845]
expert:[-0.6776502  -0.00708555 -0.02431672  0.7668211 ]
expert:[ 0.754444   -0.20071734 -0.07786525  0.7292977 ]
expert:[ 0.9491122  -0.10926259 -0.03419422  0.723492  ]
expert:[ 0.9617108   0.00892958 -0.08490278  0.72194976]
expert:[ 0.9438849  -0.07964571 -0.08930674  0.7171306 ]
expert:[ 0.7267057  -0.1235991  -0.19153865  0.71445125]
expert:[-0.6972634   0.07533278 -0.19326374  0.7594325 ]
expert:[-0.9158642   0.15524681  0.10442856  0.8059983 ]
expert:[-0.9343235   0.12738843  0.26493746  0.8229177 ]
expert:[-0.9215744   0.12165709  0.24193121  0.809477  ]
expert:[-0.79168355  0.03800895  0.03329703  0.7750044 ]
expert:[ 0.5323288  -0.16546361 -0.07811492  0.7363179 ]
expert:[ 0.93765235 -0.15670387 -0.01794806  0.7242146 ]
expert:[ 0.9597626  -0.01826311 -0.06031314  0.72300035]
expert:[ 0.9476413  -0.06815403 -0.07317009  0.7189625 ]
expert:[ 0.8073832  -0.13318655 -0.1754818   0.71172154]
expert:[-0.5576204   0.0522434  -0.21267864  0.7495051 ]
expert:[-0.90654165  0.16808973  0.0589765   0.7974914 ]
expert:[-0.93090826  0.14178662  0.23643446  0.8190046 ]
expert:[-0.9210853   0.13091643  0.23614931  0.80859697]
expert:[-0.8097312   0.05206127  0.05538015  0.77647805]
expert:[ 0.43265924 -0.15050283 -0.07062851  0.7392358 ]
expert:[ 0.93088436 -0.1682706  -0.01348816  0.72432333]
expert:[ 0.9583851  -0.03644565 -0.04025059  0.7240602 ]
expert:[ 0.9478997  -0.07158671 -0.05833887  0.7203179 ]
expert:[ 0.82084453 -0.13619535 -0.16206273  0.7117402 ]
expert:[-0.506656    0.04517944 -0.21133542  0.7472771 ]
expert:[-0.9031412   0.1741663   0.04213253  0.79447734]
expert:[-0.92946696  0.1503435   0.21854426  0.8174551 ]
expert:[-0.92039734  0.13847366  0.22207774  0.8079036 ]
expert:[-0.8137754   0.06090477  0.04970062  0.7762737 ]
expert:[ 0.4036906  -0.14336073 -0.07338693  0.73941743]
expert:[ 0.9290227  -0.17069757 -0.01164509  0.7243796 ]
expert:[ 0.9580729  -0.04280125 -0.02987188  0.7249798 ]
expert_success: 1.0
path_length: 150
