/var/lib/slurm/slurmd/job3513846/slurm_script: line 9: batch_scripts/MT50_batch/seed.sh: No such file or directory
SLURM_JOBID=3513846
working directory=/viscam/u/jialugao/Imitation-SoftModule
########################
logging outputs to  /viscam/u/jialugao/Imitation-SoftModule/data/Base_bc_reach_peg-unplug-side-v1_2640.000124-01-2022_18-56-09
########################
{'expert_policy_file': '../Multi-Task-RL/log/MT50_Single_Task/peg-unplug-side-v1/Fixed/238/model/model_pf_best.pth', 'exp_name': 'bc_reach', 'do_dagger': False, 'ep_len': 200, 'gradient_steps': 1, 'n_iter': 10000, 'render_interval': 1, 'eval_interval': 200, 'batch_size': 64, 'eval_batch_size': 32, 'train_batch_size': 32, 'n_layers': 2, 'size': 400, 'learning_rate': 0.0001, 'video_log_freq': -1, 'scalar_log_freq': 1, 'no_gpu': False, 'which_gpu': 0, 'max_replay_buffer_size': 1000000, 'save_params': False, 'seed': 32, 'worker_nums': 1, 'eval_worker_nums': 1, 'config': 'config/BC.json', 'no_cuda': True, 'random_init': False, 'device': 'cpu', 'id': 'MT50_Single_Task', 'task_name': 'peg-unplug-side-v1', 'task_env': 'MT50_task_env', 'cuda': False, 'log_dir': '/viscam/u/jialugao/Imitation-SoftModule/data/Base_bc_reach_peg-unplug-side-v1_2640.000124-01-2022_18-56-09', 'agent_class': <class 'agents.bc_agent.MLPAgent'>, 'agent_params': {'n_layers': 2, 'size': 400, 'learning_rate': 0.0001, 'max_replay_buffer_size': 1000000, 'discrete': False, 'ac_dim': 4, 'ob_dim': 9}}
{'env_name': 'single_task', 'env': {'reward_scale': 1, 'obs_norm': False}, 'meta_env': {'obs_type': 'with_goal', 'random_init': False}, 'replay_buffer': {'size': 1000000.0}, 'net': {'hidden_shapes': [400, 400], 'append_hidden_shapes': [400], 'base_type': <class 'networks.base.MLPBase'>}, 'general_setting': {'discount': 0.99, 'pretrain_epochs': 20, 'num_epochs': 7500, 'epoch_frames': 200, 'max_episode_frames': 200, 'batch_size': 1280, 'min_pool': 10000, 'target_hard_update_period': 1000, 'use_soft_update': True, 'tau': 0.005, 'opt_times': 200, 'eval_episodes': 100, 'train_render': False, 'eval_render': False, 'env': <NormAct<RewardShift<SingleWrapperNone>>>, 'logger': <utils.logger.Logger object at 0x7fbb4e7efad0>, 'device': device(type='cpu')}, 'sac': {'plr': 0.0003, 'qlr': 0.0003, 'reparameterization': True, 'automatic_entropy_tuning': True, 'policy_std_reg_weight': 0, 'policy_mean_reg_weight': 0}}
Loading expert policy from... ../Multi-Task-RL/log/MT50_Single_Task/peg-unplug-side-v1/Fixed/238/model/model_pf_best.pth
tensor([[-0.0090,  0.0242, -0.0164,  ..., -0.0392,  0.0193, -0.0266],
        [ 0.0285,  0.0080,  0.0081,  ...,  0.0047,  0.0356, -0.0341],
        [-0.0197, -0.0495, -0.0246,  ...,  0.0072,  0.0026, -0.0192],
        ...,
        [ 0.0438, -0.0144,  0.0578,  ...,  0.0147,  0.0165,  0.0212],
        [-0.0176,  0.0149,  0.0073,  ..., -0.0616,  0.0598,  0.0341],
        [ 0.0054,  0.0341, -0.0207,  ..., -0.0234, -0.0116,  0.0202]])
Done restoring expert policy...
<NormAct<RewardShift<AugObs<SawyerPegUnplugSideEnv instance>>>>


-------------------------------- Iteration 0 -------------------------------- 
initial ob: [-0.03265005  0.51488463  0.2368774  -0.165       0.6         0.02
 -0.005       0.6         0.02       -0.005       0.6         0.02      ]
expert:[-0.99382544 -0.02269886 -0.9729604   0.13623145]
expert:[-0.99382544 -0.02269886 -0.9729604   0.13623145]
expert:[-0.99382544 -0.02269886 -0.9729604   0.13623145]
expert:[-0.99382544 -0.02269886 -0.9729604   0.13623145]
expert:[-0.99382544 -0.02269886 -0.9729604   0.13623145]
expert:[-0.99382544 -0.02269886 -0.9729604   0.13623145]
expert:[-0.99382544 -0.02269886 -0.9729604   0.13623145]
expert:[-0.99382544 -0.02269886 -0.9729604   0.13623145]
expert:[-0.99382544 -0.02269886 -0.9729604   0.13623145]
expert:[-0.99382544 -0.02269886 -0.9729604   0.13623145]
expert:[-0.99382544 -0.02269886 -0.9729604   0.13623145]
expert:[-0.99382544 -0.02269886 -0.9729604   0.13623145]
expert:[-0.99382544 -0.02269886 -0.9729604   0.13623145]
expert:[-0.99382544 -0.02269886 -0.9729604   0.13623145]
expert:[-0.99382544 -0.02269886 -0.9729604   0.13623145]
expert:[-0.99382544 -0.02269886 -0.9729604   0.13623145]
expert:[-0.99382544 -0.02269886 -0.9729604   0.13623145]
expert:[-0.99382544 -0.02269886 -0.9729604   0.13623145]
expert:[-0.99382544 -0.02269886 -0.9729604   0.13623145]
expert:[-0.99382544 -0.02269886 -0.9729604   0.13623145]
expert:[-0.99382544 -0.02269886 -0.9729604   0.13623145]
expert:[-0.99382544 -0.02269886 -0.9729604   0.13623145]
expert:[-0.99382544 -0.02269886 -0.9729604   0.13623145]
expert:[-0.99382544 -0.02269886 -0.9729604   0.13623145]
expert:[-0.99382544 -0.02269886 -0.9729604   0.13623145]
expert:[-0.99382544 -0.02269886 -0.9729604   0.13623145]
expert:[-0.99382544 -0.02269886 -0.9729604   0.13623145]
expert:[-0.99382544 -0.02269886 -0.9729604   0.13623145]
expert:[-0.99382544 -0.02269886 -0.9729604   0.13623145]
expert:[-0.99382544 -0.02269886 -0.9729604   0.13623145]
expert:[-0.99382544 -0.02269886 -0.9729604   0.13623145]
expert:[-0.99382544 -0.02269886 -0.9729604   0.13623145]
expert:[-0.99382544 -0.02269886 -0.9729604   0.13623145]
expert:[-0.99382544 -0.02269886 -0.9729604   0.13623145]
expert:[-0.99382544 -0.02269886 -0.9729604   0.13623145]
expert:[-0.99382544 -0.02269886 -0.9729604   0.13623145]
expert:[-0.99382544 -0.02269886 -0.9729604   0.13623145]
expert:[-0.99382544 -0.02269886 -0.9729604   0.13623145]
expert:[-0.99382544 -0.02269886 -0.9729604   0.13623145]
expert:[-0.99382544 -0.02269886 -0.9729604   0.13623145]
expert:[-0.99382544 -0.02269886 -0.9729604   0.13623145]
expert:[-0.99382544 -0.02269886 -0.9729604   0.13623145]
expert:[-0.99382544 -0.02269886 -0.9729604   0.13623145]
expert:[-0.99382544 -0.02269886 -0.9729604   0.13623145]
expert:[-0.99382544 -0.02269886 -0.9729604   0.13623145]
expert:[-0.99382544 -0.02269886 -0.9729604   0.13623145]
expert:[-0.99382544 -0.02269886 -0.9729604   0.13623145]
expert:[-0.99382544 -0.02269886 -0.9729604   0.13623145]
expert:[-0.99382544 -0.02269886 -0.9729604   0.13623145]
expert:[-0.99382544 -0.02269886 -0.9729604   0.13623145]
expert:[-0.99382544 -0.02269886 -0.9729604   0.13623145]
expert:[-0.99382544 -0.02269886 -0.9729604   0.13623145]
expert:[-0.99382544 -0.02269886 -0.9729604   0.13623145]
expert:[-0.99382544 -0.02269886 -0.9729604   0.13623145]
expert:[-0.99382544 -0.02269886 -0.9729604   0.13623145]
expert:[-0.99382544 -0.02269886 -0.9729604   0.13623145]
expert:[-0.99382544 -0.02269886 -0.9729604   0.13623145]
expert:[-0.99382544 -0.02269886 -0.9729604   0.13623145]
expert:[-0.99382544 -0.02269886 -0.9729604   0.13623145]
expert:[-0.99382544 -0.02269886 -0.9729604   0.13623145]
expert:[-0.99382544 -0.02269886 -0.9729604   0.13623145]
expert:[-0.99382544 -0.02269886 -0.9729604   0.13623145]
expert:[-0.99382544 -0.02269886 -0.9729604   0.13623145]
expert:[-0.99382544 -0.02269886 -0.9729604   0.13623145]
expert:[-0.99382544 -0.02269886 -0.9729604   0.13623145]
expert:[-0.99382544 -0.02269886 -0.9729604   0.13623145]
expert:[-0.99382544 -0.02269886 -0.9729604   0.13623145]
expert:[-0.99382544 -0.02269886 -0.9729604   0.13623145]
expert:[-0.99382544 -0.02269886 -0.9729604   0.13623145]
expert:[-0.99382544 -0.02269886 -0.9729604   0.13623145]
expert:[-0.99382544 -0.02269886 -0.9729604   0.13623145]
expert:[-0.99382544 -0.02269886 -0.9729604   0.13623145]
expert:[-0.99382544 -0.02269886 -0.9729604   0.13623145]
expert:[-0.99382544 -0.02269886 -0.9729604   0.13623145]
expert:[-0.99382544 -0.02269886 -0.9729604   0.13623145]
expert:[-0.99382544 -0.02269886 -0.9729604   0.13623145]
expert:[-0.99382544 -0.02269886 -0.9729604   0.13623145]
expert:[-0.99382544 -0.02269886 -0.9729604   0.13623145]
expert:[-0.99382544 -0.02269886 -0.9729604   0.13623145]
expert:[-0.99382544 -0.02269886 -0.9729604   0.13623145]
expert:[-0.99382544 -0.02269886 -0.9729604   0.13623145]
expert:[-0.99382544 -0.02269886 -0.9729604   0.13623145]
expert:[-0.99382544 -0.02269886 -0.9729604   0.13623145]
expert:[-0.99382544 -0.02269886 -0.9729604   0.13623145]
expert:[-0.99382544 -0.02269886 -0.9729604   0.13623145]
expert:[-0.99382544 -0.02269886 -0.9729604   0.13623145]
expert:[-0.99382544 -0.02269886 -0.9729604   0.13623145]
expert:[-0.99382544 -0.02269886 -0.9729604   0.13623145]
expert:[-0.99382544 -0.02269886 -0.9729604   0.13623145]
expert:[-0.99382544 -0.02269886 -0.9729604   0.13623145]
expert:[-0.99382544 -0.02269886 -0.9729604   0.13623145]
expert:[-0.99382544 -0.02269886 -0.9729604   0.13623145]
expert:[-0.99382544 -0.02269886 -0.9729604   0.13623145]
expert:[-0.99382544 -0.02269886 -0.9729604   0.13623145]
expert:[-0.99382544 -0.02269886 -0.9729604   0.13623145]
expert:[-0.99382544 -0.02269886 -0.9729604   0.13623145]
expert:[-0.99382544 -0.02269886 -0.9729604   0.13623145]
expert:[-0.99382544 -0.02269886 -0.9729604   0.13623145]
expert:[-0.99382544 -0.02269886 -0.9729604   0.13623145]
expert:[-0.99382544 -0.02269886 -0.9729604   0.13623145]
expert:[-0.99382544 -0.02269886 -0.9729604   0.13623145]
expert:[-0.99382544 -0.02269886 -0.9729604   0.13623145]
expert:[-0.99382544 -0.02269886 -0.9729604   0.13623145]
expert:[-0.99382544 -0.02269886 -0.9729604   0.13623145]
expert:[-0.99382544 -0.02269886 -0.9729604   0.13623145]
expert:[-0.99382544 -0.02269886 -0.9729604   0.13623145]
expert:[-0.99382544 -0.02269886 -0.9729604   0.13623145]
expert:[-0.99382544 -0.02269886 -0.9729604   0.13623145]
expert:[-0.99382544 -0.02269886 -0.9729604   0.13623145]
expert:[-0.99382544 -0.02269886 -0.9729604   0.13623145]
expert:[-0.99382544 -0.02269886 -0.9729604   0.13623145]
expert:[-0.99382544 -0.02269886 -0.9729604   0.13623145]
expert:[-0.99382544 -0.02269886 -0.9729604   0.13623145]
expert:[-0.99382544 -0.02269886 -0.9729604   0.13623145]
expert:[-0.99382544 -0.02269886 -0.9729604   0.13623145]
expert:[-0.99382544 -0.02269886 -0.9729604   0.13623145]
expert:[-0.99382544 -0.02269886 -0.9729604   0.13623145]
expert:[-0.99382544 -0.02269886 -0.9729604   0.13623145]
expert:[-0.99382544 -0.02269886 -0.9729604   0.13623145]
expert:[-0.99382544 -0.02269886 -0.9729604   0.13623145]
expert:[-0.99382544 -0.02269886 -0.9729604   0.13623145]
expert:[-0.99382544 -0.02269886 -0.9729604   0.13623145]
expert:[-0.99382544 -0.02269886 -0.9729604   0.13623145]
expert:[-0.99382544 -0.02269886 -0.9729604   0.13623145]
expert:[-0.99382544 -0.02269886 -0.9729604   0.13623145]
expert:[-0.99382544 -0.02269886 -0.9729604   0.13623145]
expert:[-0.99382544 -0.02269886 -0.9729604   0.13623145]
expert:[-0.99382544 -0.02269886 -0.9729604   0.13623145]
expert:[-0.99382544 -0.02269886 -0.9729604   0.13623145]
expert:[-0.99382544 -0.02269886 -0.9729604   0.13623145]
expert:[-0.99382544 -0.02269886 -0.9729604   0.13623145]
expert:[-0.99382544 -0.02269886 -0.9729604   0.13623145]
expert:[-0.99382544 -0.02269886 -0.9729604   0.13623145]
expert:[-0.99382544 -0.02269886 -0.9729604   0.13623145]
expert:[-0.99382544 -0.02269886 -0.9729604   0.13623145]
expert:[-0.99382544 -0.02269886 -0.9729604   0.13623145]
expert:[-0.99382544 -0.02269886 -0.9729604   0.13623145]
expert:[-0.99382544 -0.02269886 -0.9729604   0.13623145]
expert:[-0.99382544 -0.02269886 -0.9729604   0.13623145]
expert:[-0.99382544 -0.02269886 -0.9729604   0.13623145]
expert:[-0.99382544 -0.02269886 -0.9729604   0.13623145]
expert:[-0.99382544 -0.02269886 -0.9729604   0.13623145]
expert:[-0.99382544 -0.02269886 -0.9729604   0.13623145]
expert:[-0.99382544 -0.02269886 -0.9729604   0.13623145]
expert:[-0.99382544 -0.02269886 -0.9729604   0.13623145]
expert:[-0.99382544 -0.02269886 -0.9729604   0.13623145]
expert:[-0.99382544 -0.02269886 -0.9729604   0.13623145]
expert:[-0.99382544 -0.02269886 -0.9729604   0.13623145]
expert:[-0.99382544 -0.02269886 -0.9729604   0.13623145]
expert:[-0.99382544 -0.02269886 -0.9729604   0.13623145]
expert:[-0.99382544 -0.02269886 -0.9729604   0.13623145]
expert:[-0.99382544 -0.02269886 -0.9729604   0.13623145]
expert:[-0.99382544 -0.02269886 -0.9729604   0.13623145]
expert:[-0.99382544 -0.02269886 -0.9729604   0.13623145]
expert:[-0.99382544 -0.02269886 -0.9729604   0.13623145]
expert:[-0.99382544 -0.02269886 -0.9729604   0.13623145]
expert:[-0.99382544 -0.02269886 -0.9729604   0.13623145]
expert:[-0.99382544 -0.02269886 -0.9729604   0.13623145]
expert:[-0.99382544 -0.02269886 -0.9729604   0.13623145]
expert:[-0.99382544 -0.02269886 -0.9729604   0.13623145]
expert:[-0.99382544 -0.02269886 -0.9729604   0.13623145]
expert:[-0.99382544 -0.02269886 -0.9729604   0.13623145]
expert:[-0.99382544 -0.02269886 -0.9729604   0.13623145]
expert:[-0.99382544 -0.02269886 -0.9729604   0.13623145]
expert:[-0.99382544 -0.02269886 -0.9729604   0.13623145]
expert:[-0.99382544 -0.02269886 -0.9729604   0.13623145]
expert:[-0.99382544 -0.02269886 -0.9729604   0.13623145]
expert:[-0.99382544 -0.02269886 -0.9729604   0.13623145]
expert:[-0.99382544 -0.02269886 -0.9729604   0.13623145]
expert:[-0.99382544 -0.02269886 -0.9729604   0.13623145]
expert:[-0.99382544 -0.02269886 -0.9729604   0.13623145]
expert:[-0.99382544 -0.02269886 -0.9729604   0.13623145]
expert:[-0.99382544 -0.02269886 -0.9729604   0.13623145]
expert:[-0.99382544 -0.02269886 -0.9729604   0.13623145]
expert:[-0.99382544 -0.02269886 -0.9729604   0.13623145]
expert:[-0.99382544 -0.02269886 -0.9729604   0.13623145]
expert:[-0.99382544 -0.02269886 -0.9729604   0.13623145]
expert:[-0.99382544 -0.02269886 -0.9729604   0.13623145]
expert:[-0.99382544 -0.02269886 -0.9729604   0.13623145]
expert:[-0.99382544 -0.02269886 -0.9729604   0.13623145]
expert:[-0.99382544 -0.02269886 -0.9729604   0.13623145]
expert:[-0.99382544 -0.02269886 -0.9729604   0.13623145]
expert:[-0.99382544 -0.02269886 -0.9729604   0.13623145]
expert:[-0.99382544 -0.02269886 -0.9729604   0.13623145]
expert:[-0.99382544 -0.02269886 -0.9729604   0.13623145]
expert:[-0.99382544 -0.02269886 -0.9729604   0.13623145]
expert:[-0.99382544 -0.02269886 -0.9729604   0.13623145]
expert:[-0.99382544 -0.02269886 -0.9729604   0.13623145]
expert:[-0.99382544 -0.02269886 -0.9729604   0.13623145]
expert:[-0.99382544 -0.02269886 -0.9729604   0.13623145]
expert:[-0.99382544 -0.02269886 -0.9729604   0.13623145]
expert:[-0.99382544 -0.02269886 -0.9729604   0.13623145]
expert:[-0.99382544 -0.02269886 -0.9729604   0.13623145]
expert:[-0.99382544 -0.02269886 -0.9729604   0.13623145]
expert:[-0.99382544 -0.02269886 -0.9729604   0.13623145]
expert:[-0.99382544 -0.02269886 -0.9729604   0.13623145]
expert:[-0.99382544 -0.02269886 -0.9729604   0.13623145]
expert:[-0.99382544 -0.02269886 -0.9729604   0.13623145]
expert:[-0.99382544 -0.02269886 -0.9729604   0.13623145]
expert:[-0.99382544 -0.02269886 -0.9729604   0.13623145]
expert_success: 0
path_length: 200



-------------------------------- Iteration 0 -------------------------------- 
initial ob: [-0.03265005  0.51488463  0.2368774  -0.165       0.6         0.02
 -0.005       0.6         0.02       -0.005       0.6         0.02      ]
agent_success: 0

training time:  0.1725301742553711
evaluation time:  9.276519298553467
epoch time:  9.449077844619751


-------------------------------- Training stopped due to early stopping -------------------------------- 
min loss:  0.0046212343


-------------------------------- Test Results -------------------------------- 
initial ob: [-0.03265005  0.51488463  0.2368774  -0.165       0.6         0.02
 -0.005       0.6         0.02       -0.005       0.6         0.02      ]
agent_success: 0

mean_success_rate:  0.0
Done
