/var/lib/slurm/slurmd/job3515831/slurm_script: line 9: batch_scripts/MT50_batch/seed.sh: No such file or directory
SLURM_JOBID=3515831
working directory=/viscam/u/jialugao/Imitation-SoftModule
no cuda:  True
gpu available:  False
########################
logging outputs to  /viscam/u/jialugao/Imitation-SoftModule/data/Base_bc_reach_reach-v1_2640.000126-01-2022_00-55-54
########################
{'expert_policy_file': '../Multi-Task-RL/log/MT50_Single_Task/reach-v1/Fixed/238/model/model_pf_best.pth', 'exp_name': 'bc_reach', 'do_dagger': False, 'ep_len': 200, 'gradient_steps': 1, 'n_iter': 100000, 'render_interval': 1, 'eval_interval': 200, 'batch_size': 64, 'eval_batch_size': 32, 'train_batch_size': 32, 'n_layers': 2, 'size': 400, 'learning_rate': 0.0001, 'video_log_freq': -1, 'scalar_log_freq': 1, 'no_gpu': False, 'which_gpu': 0, 'max_replay_buffer_size': 1000000, 'save_params': False, 'seed': 32, 'worker_nums': 1, 'eval_worker_nums': 1, 'config': 'config/BC.json', 'no_cuda': False, 'random_init': False, 'device': 0, 'id': 'MT50_Single_Task', 'task_name': 'reach-v1', 'task_env': 'MT50_task_env', 'cuda': True, 'log_dir': '/viscam/u/jialugao/Imitation-SoftModule/data/Base_bc_reach_reach-v1_2640.000126-01-2022_00-55-54', 'agent_class': <class 'agents.bc_agent.MLPAgent'>, 'agent_params': {'n_layers': 2, 'size': 400, 'learning_rate': 0.0001, 'max_replay_buffer_size': 1000000, 'discrete': False, 'ac_dim': 4, 'ob_dim': 9}}
{'env_name': 'single_task', 'env': {'reward_scale': 1, 'obs_norm': False}, 'meta_env': {'obs_type': 'with_goal', 'random_init': False}, 'replay_buffer': {'size': 1000000.0}, 'net': {'hidden_shapes': [400, 400], 'append_hidden_shapes': [400], 'base_type': <class 'networks.base.MLPBase'>}, 'general_setting': {'discount': 0.99, 'pretrain_epochs': 20, 'num_epochs': 7500, 'epoch_frames': 200, 'max_episode_frames': 200, 'batch_size': 1280, 'min_pool': 10000, 'target_hard_update_period': 1000, 'use_soft_update': True, 'tau': 0.005, 'opt_times': 200, 'eval_episodes': 100, 'train_render': True, 'eval_render': True, 'env': <NormAct<RewardShift<SingleWrapperNone>>>, 'logger': <utils.logger.Logger object at 0x7f35d6385f10>, 'device': device(type='cuda', index=0)}, 'sac': {'plr': 0.0003, 'qlr': 0.0003, 'reparameterization': True, 'automatic_entropy_tuning': True, 'policy_std_reg_weight': 0, 'policy_mean_reg_weight': 0}}
Loading expert policy from... ../Multi-Task-RL/log/MT50_Single_Task/reach-v1/Fixed/238/model/model_pf_best.pth
tensor([[ 0.0214, -0.0104, -0.0506,  ..., -0.0046, -0.0152, -0.0612],
        [ 0.0370, -0.0356, -0.0366,  ...,  0.0480, -0.0077, -0.0774],
        [ 0.0022, -0.0753, -0.0489,  ...,  0.0323, -0.0224, -0.0443],
        ...,
        [ 0.0479, -0.0673,  0.0047,  ...,  0.0670, -0.0361, -0.0313],
        [-0.0004, -0.0397, -0.0516,  ..., -0.0080,  0.0060, -0.0196],
        [ 0.0292, -0.0141, -0.0670,  ...,  0.0244, -0.0595, -0.0276]])
Done restoring expert policy...
cuda:0
<NormAct<RewardShift<AugObs<SawyerReachPushPickPlaceEnv instance>>>>


-------------------------------- Iteration 0 -------------------------------- 
Traceback (most recent call last):
  File "train_single.py", line 208, in <module>
    main()
  File "train_single.py", line 205, in main
    trainer.run_training_loop()
  File "train_single.py", line 114, in run_training_loop
    relabel_with_expert=self.args['do_dagger']
  File "/viscam/u/jialugao/Imitation-SoftModule/torch_rl/rl_trainer.py", line 157, in run_training_loop
    training_returns = self.expert_env.sample_expert(render=render, render_mode="rgb_array", log=True, log_prefix = self.plot_prefix)
  File "/viscam/u/jialugao/Imitation-SoftModule/torch_rl/single_task_collector.py", line 54, in sample_expert
    path = self.sample_trajectory(self.expert_policy, render, render_mode, run_agent=False, log = log, log_prefix = log_prefix)
  File "/viscam/u/jialugao/Imitation-SoftModule/torch_rl/single_task_collector.py", line 95, in sample_trajectory
    act = policy.get_action(torch.Tensor(ob).to(self.device).unsqueeze(0), self.device)
  File "/viscam/u/jialugao/.anaconda3/envs/metaworldEnv/lib/python3.7/site-packages/torch/cuda/__init__.py", line 172, in _lazy_init
    torch._C._cuda_init()
RuntimeError: No CUDA GPUs are available
srun: error: viscam3: task 0: Exited with exit code 1
Done
