/var/lib/slurm/slurmd/job3515619/slurm_script: line 9: batch_scripts/MT50_batch/seed.sh: No such file or directory
SLURM_JOBID=3515619
working directory=/viscam/u/jialugao/Imitation-SoftModule
########################
logging outputs to  /viscam/u/jialugao/Imitation-SoftModule/data/Base_bc_reach_basket-ball-v1_2640.000125-01-2022_23-01-55
########################
{'expert_policy_file': '../Multi-Task-RL/log/MT50_Single_Task/basket-ball-v1/Fixed/238/model/model_pf_best.pth', 'exp_name': 'bc_reach', 'do_dagger': False, 'ep_len': 200, 'gradient_steps': 1, 'n_iter': 10000, 'render_interval': 1, 'eval_interval': 200, 'batch_size': 64, 'eval_batch_size': 32, 'train_batch_size': 32, 'n_layers': 2, 'size': 400, 'learning_rate': 0.0001, 'video_log_freq': -1, 'scalar_log_freq': 1, 'no_gpu': False, 'which_gpu': 0, 'max_replay_buffer_size': 1000000, 'save_params': False, 'seed': 32, 'worker_nums': 1, 'eval_worker_nums': 1, 'config': 'config/BC.json', 'no_cuda': True, 'random_init': False, 'device': 'cpu', 'id': 'MT50_Single_Task', 'task_name': 'basket-ball-v1', 'task_env': 'MT50_task_env', 'cuda': False, 'log_dir': '/viscam/u/jialugao/Imitation-SoftModule/data/Base_bc_reach_basket-ball-v1_2640.000125-01-2022_23-01-55', 'agent_class': <class 'agents.bc_agent.MLPAgent'>, 'agent_params': {'n_layers': 2, 'size': 400, 'learning_rate': 0.0001, 'max_replay_buffer_size': 1000000, 'discrete': False, 'ac_dim': 4, 'ob_dim': 9}}
{'env_name': 'single_task', 'env': {'reward_scale': 1, 'obs_norm': False}, 'meta_env': {'obs_type': 'with_goal', 'random_init': False}, 'replay_buffer': {'size': 1000000.0}, 'net': {'hidden_shapes': [400, 400], 'append_hidden_shapes': [400], 'base_type': <class 'networks.base.MLPBase'>}, 'general_setting': {'discount': 0.99, 'pretrain_epochs': 20, 'num_epochs': 7500, 'epoch_frames': 200, 'max_episode_frames': 200, 'batch_size': 1280, 'min_pool': 10000, 'target_hard_update_period': 1000, 'use_soft_update': True, 'tau': 0.005, 'opt_times': 200, 'eval_episodes': 100, 'train_render': False, 'eval_render': False, 'env': <NormAct<RewardShift<SingleWrapperNone>>>, 'logger': <utils.logger.Logger object at 0x7f1f605f5e90>, 'device': device(type='cpu')}, 'sac': {'plr': 0.0003, 'qlr': 0.0003, 'reparameterization': True, 'automatic_entropy_tuning': True, 'policy_std_reg_weight': 0, 'policy_mean_reg_weight': 0}}
Loading expert policy from... ../Multi-Task-RL/log/MT50_Single_Task/basket-ball-v1/Fixed/238/model/model_pf_best.pth
tensor([[-1.9168e+00,  9.3661e-02, -3.4512e-01,  ..., -3.6539e-02,
         -6.4974e-02, -1.1092e-01],
        [ 5.7916e-01, -1.6831e-01, -3.0683e-01,  ...,  9.0029e-03,
         -9.5546e-02, -1.6525e-01],
        [-1.8023e+00, -5.2403e-01, -1.4840e-01,  ..., -1.5992e-03,
          1.4306e-01,  1.2120e-01],
        ...,
        [ 1.3180e-02, -7.8261e-02, -3.1428e-03,  ...,  4.0015e-02,
         -4.7222e-02, -4.1855e-02],
        [-1.1070e+00, -8.1603e-02, -1.0307e+00,  ..., -4.6097e-02,
          5.2580e-02,  2.6996e-02],
        [ 3.3361e-01,  2.4333e-01, -4.9346e-01,  ..., -2.1146e-02,
         -1.7786e-01, -1.4596e-01]])
Done restoring expert policy...
<NormAct<RewardShift<AugObs<SawyerBasketballEnv instance>>>>


-------------------------------- Iteration 0 -------------------------------- 
initial ob: [-0.03264993  0.51487868  0.2368869   0.          0.60000002  0.03
  0.          0.85        0.25        0.          0.85        0.25      ]
expert:[-0.93165153  0.9758216  -0.9759418  -0.67121166]
expert:[-0.95047927  0.97765625 -0.9743559  -0.6460703 ]
expert:[-0.9584984   0.9760022  -0.98481417  0.20665571]
expert:[-0.948395    0.9676535  -0.98680145  0.66756064]
expert:[ 0.9575935  -0.847438   -0.9707988   0.19582535]
expert:[ 0.95101875 -0.7272939  -0.9702535   0.1710541 ]
expert:[ 0.93359447 -0.7373498  -0.9662784   0.09187684]
expert:[ 0.9085114  -0.74847645 -0.9732351   0.04826818]
expert:[ 0.8321136  -0.75795776 -0.97865295  0.01164857]
expert:[ 0.59907734 -0.7400315  -0.9812438  -0.06092633]
expert:[-0.2636503  -0.40240076 -0.9805418  -0.33526316]
expert:[-0.81190354  0.9252467  -0.9849935  -0.41356376]
expert:[-0.7463429   0.9617717  -0.9841051  -0.34849077]
expert:[-0.114026    0.97752327 -0.98075825 -0.1985707 ]
expert:[ 0.7683881  0.9707334 -0.9818651 -0.4158488]
expert:[ 0.8800064   0.95495874 -0.98596627 -0.6771865 ]
expert:[ 0.80538136  0.9734441  -0.99148667 -0.96518517]
expert:[ 0.5058609  0.9798073 -0.9807934 -0.9671634]
expert:[-0.82796645  0.87166595  0.23236437  0.6772131 ]
expert:[-0.9039945  -0.04230646  0.95254076  0.9652243 ]
expert:[-0.9149963 -0.4468724  0.9687166  0.9252175]
expert:[-0.9320546 -0.7497735  0.9761364  0.8919583]
expert:[-0.9500943  -0.80168563  0.9693434   0.8174627 ]
expert:[-0.943988   -0.7585457   0.96057504  0.81310135]
expert:[-0.44413313 -0.7506707   0.9533174   0.9234321 ]
expert:[ 0.0175966 -0.6902179  0.9477035  0.9264013]
expert:[ 0.20572051 -0.60456276  0.9517064   0.9309717 ]
expert:[ 0.223485   -0.48923472  0.9540946   0.94151694]
expert:[ 0.23000148 -0.25121173  0.96138316  0.91936564]
expert:[0.18053262 0.29109034 0.96542597 0.8612047 ]
expert:[-0.02406715  0.7444936   0.9649167   0.7180934 ]
expert:[-0.15505233  0.8684644   0.97546864  0.59803975]
expert:[-0.19524865  0.919775    0.9798127   0.49380594]
expert:[-0.20148471  0.93264747  0.98383653  0.4773457 ]
expert:[-0.18865836  0.9366055   0.98657835  0.49850005]
expert:[-0.15708193  0.9333622   0.9893509   0.5520004 ]
expert:[-0.10746004  0.9146307   0.99072564  0.6260823 ]
expert:[-0.09342825  0.89041114  0.99146736  0.6828741 ]
expert:[-0.08237952  0.85742515  0.9920389   0.73046297]
expert:[-0.06288593  0.8289901   0.9924501   0.7622016 ]
expert:[-0.03103559  0.81524783  0.99281305  0.7884703 ]
expert:[0.00492676 0.80570626 0.9932834  0.8060502 ]
expert:[0.03817916 0.80296224 0.99386775 0.8113708 ]
expert:[0.06959444 0.80618435 0.99430186 0.8157984 ]
expert:[0.10370656 0.8207219  0.9949789  0.81640005]
expert:[0.12662183 0.84375584 0.9956409  0.8104143 ]
expert:[0.15339918 0.8758416  0.99621636 0.80174035]
expert:[0.19236428 0.911785   0.9968256  0.80362046]
expert:[0.22145215 0.93811387 0.9974414  0.8253606 ]
expert:[0.26300234 0.958037   0.9981962  0.90125   ]
expert:[0.31055456 0.9737181  0.9987627  0.956202  ]
expert:[0.3478926  0.9812783  0.99898815 0.9818963 ]
expert:[0.38090527 0.9838531  0.99901146 0.99307317]
expert:[0.3771147  0.9845349  0.9990013  0.99713963]
expert:[0.34410024 0.98319155 0.9986971  0.9986905 ]
expert:[0.28302714 0.9801625  0.9976886  0.99925745]
expert:[0.19167419 0.9752317  0.99432546 0.9995224 ]
expert:[0.07673305 0.9667173  0.9845411  0.9996554 ]
expert:[-0.04141027  0.95854384  0.96673006  0.9997266 ]
expert:[-0.14600234  0.9516667   0.9449226   0.9997005 ]
expert:[-0.22280487  0.9447137   0.9242638   0.9996458 ]
expert:[-0.25788423  0.9427076   0.91936374  0.99961996]
expert:[-0.21593545  0.93264335  0.9245562   0.99962413]
expert:[0.01362368 0.90724796 0.9352826  0.99945337]
expert:[0.426279   0.55081534 0.40431878 0.9959479 ]
expert:[ 0.24672316 -0.58624893 -0.9852842   0.71763504]
expert:[-0.31015238 -0.78215444 -0.9936603   0.1293351 ]
expert:[-0.60581845 -0.79301375 -0.99064326 -0.1863957 ]
expert:[-0.7436334  -0.7805616  -0.98258317 -0.20191795]
expert:[-0.75502247 -0.7486466  -0.98138666 -0.23453891]
expert:[-0.73368007 -0.79545003 -0.9880069  -0.15804394]
expert:[-0.69977784 -0.8170253  -0.99357927  0.03718858]
expert:[-0.5935668  -0.86012095 -0.9969429   0.2980589 ]
expert:[-0.44852084 -0.87872666 -0.99810755  0.41830558]
expert:[-0.2598385  -0.8776047  -0.998977    0.14805382]
expert:[-0.07528173 -0.8383201  -0.9993074  -0.31693682]
expert:[ 0.1407008  -0.84327394 -0.99908364 -0.51317114]
expert:[ 0.36648664 -0.8524857  -0.9986267  -0.63568455]
expert:[ 0.5056081  -0.86284274 -0.9978372  -0.71481615]
expert:[ 0.5103087 -0.8462348 -0.9966669 -0.783398 ]
expert:[ 0.5541537  -0.79888767 -0.9946589  -0.74112856]
expert:[ 0.6288927  -0.5535626  -0.9889727  -0.75103617]
expert:[ 0.651678   -0.24319853 -0.97336453 -0.7663879 ]
expert:[ 0.6990214   0.01801591 -0.9144758  -0.5646447 ]
expert:[0.8252643  0.46295273 0.02409817 0.38312963]
expert:[0.86915135 0.8285283  0.9252612  0.8591227 ]
expert:[0.8633454 0.9280548 0.9849592 0.9481054]
expert:[0.82249784 0.9448106  0.99439657 0.987985  ]
expert:[0.76513946 0.94438785 0.9954933  0.9956376 ]
expert:[0.6456078  0.82978845 0.9808087  0.996273  ]
expert:[-0.04364592  0.32438773  0.04178501  0.9755356 ]
expert:[-0.5843255  -0.19145554 -0.89865565  0.87946343]
expert:[-0.7844184  -0.37533584 -0.94947356  0.6130207 ]
expert:[-0.8327665  -0.42624012 -0.9483477   0.49606887]
expert:[-0.8034101  -0.4566565  -0.9515862   0.55079186]
expert:[-0.65544564 -0.44819707 -0.9505242   0.7488378 ]
expert:[-0.2674847  -0.25123456 -0.798422    0.9420128 ]
expert:[0.439699   0.15935285 0.56629336 0.9881468 ]
expert:[0.7577899  0.58640534 0.965813   0.9954947 ]
expert:[0.74717647 0.6662494  0.98007333 0.99512327]
expert:[0.76170945 0.56959134 0.9732023  0.9952868 ]
expert:[0.77380717 0.2520806  0.9216003  0.99576193]
expert:[ 0.37516785 -0.4160071  -0.07145505  0.9829529 ]
expert:[-0.42248893 -0.5381576  -0.91836333  0.88499296]
expert:[-0.7193401  -0.6111998  -0.97139263  0.52193683]
expert:[-0.8060084 -0.5980013 -0.968214   0.3241093]
expert:[-0.7938888  -0.5920344  -0.96761876  0.37502313]
expert:[-0.67008704 -0.5620574  -0.959335    0.6538455 ]
expert:[-0.2766232  -0.35145226 -0.8073047   0.919098  ]
expert:[0.51858985 0.02825867 0.7039767  0.98799443]
expert:[0.76523143 0.4483777  0.9722759  0.9948397 ]
expert:[0.7396734  0.5423128  0.9834705  0.99434316]
expert:[0.74748445 0.44611424 0.9778175  0.99488145]
expert:[0.7736582  0.12679419 0.94387126 0.9963178 ]
expert:[ 0.2267518  -0.4746925  -0.20462438  0.9704688 ]
expert:[-0.57725465 -0.58367515 -0.95866275  0.68176633]
expert:[-0.7930842  -0.6808482  -0.9816716   0.11427291]
expert:[-0.83977413 -0.6721729  -0.9796429  -0.03832579]
expert:[-0.80807734 -0.60702854 -0.9790876   0.1764463 ]
expert:[-0.5783161 -0.4430685 -0.9341965  0.7240453]
expert:[ 0.28641877 -0.11240529  0.6027151   0.98080224]
expert:[0.65006995 0.4288453  0.9834921  0.99622303]
expert:[0.5623616  0.6106854  0.9906397  0.99556655]
expert:[0.5799427  0.5872783  0.99066585 0.9955523 ]
expert:[0.69139075 0.3885588  0.9776029  0.9959888 ]
expert:[ 0.65468574 -0.15330298  0.7901009   0.99253875]
expert:[-0.13835657 -0.4993302  -0.8718316   0.88625246]
expert:[-0.66674006 -0.63083494 -0.9873425   0.27181065]
expert:[-0.7983081  -0.68524355 -0.98792714 -0.08346095]
expert:[-0.8023799  -0.64952296 -0.9874737  -0.0205953 ]
expert:[-0.65842754 -0.5187712  -0.9792762   0.4177897 ]
expert:[-0.1118895  -0.19477557 -0.4985581   0.93591595]
expert:[0.6402405  0.348153   0.96112365 0.99593544]
expert:[0.45373175 0.6449066  0.9905211  0.99572325]
expert:[0.41184357 0.6853898  0.9910774  0.9954578 ]
expert:[0.47031078 0.6326521  0.99050313 0.99569875]
expert:[0.66049755 0.3851299  0.962614   0.9955805 ]
expert:[ 0.41780117 -0.23179743  0.26992962  0.98148733]
expert:[-0.21478128 -0.49638242 -0.9314027   0.82926047]
expert:[-0.6335028  -0.5971157  -0.99003303  0.27468827]
expert:[-0.75884944 -0.6163194  -0.9903096   0.0495238 ]
expert:[-0.7449686  -0.5508915  -0.98956454  0.13085036]
expert:[-0.5238646  -0.39795136 -0.9592468   0.66394323]
expert:[ 8.0925209e-04 -5.4290682e-02  4.7697682e-02  9.6087986e-01]
expert:[0.56287426 0.4664392  0.9713096  0.9956433 ]
expert:[0.41668686 0.671474   0.9907038  0.99565536]
expert:[0.4110148  0.6862902  0.99137646 0.9955709 ]
expert:[0.5363891  0.57928824 0.984759   0.9954016 ]
expert:[0.69775283 0.22130987 0.9192086  0.99493366]
expert:[ 0.2892078  -0.33998945 -0.5001588   0.9605548 ]
expert_success: 1.0
path_length: 150
