/var/lib/slurm/slurmd/job3515620/slurm_script: line 9: batch_scripts/MT50_batch/seed.sh: No such file or directory
SLURM_JOBID=3515620
working directory=/viscam/u/jialugao/Imitation-SoftModule
########################
logging outputs to  /viscam/u/jialugao/Imitation-SoftModule/data/Base_bc_reach_soccer-v1_2640.000125-01-2022_23-01-58
########################
{'expert_policy_file': '../Multi-Task-RL/log/MT50_Single_Task/soccer-v1/Fixed/238/model/model_pf_best.pth', 'exp_name': 'bc_reach', 'do_dagger': False, 'ep_len': 200, 'gradient_steps': 1, 'n_iter': 10000, 'render_interval': 1, 'eval_interval': 200, 'batch_size': 64, 'eval_batch_size': 32, 'train_batch_size': 32, 'n_layers': 2, 'size': 400, 'learning_rate': 0.0001, 'video_log_freq': -1, 'scalar_log_freq': 1, 'no_gpu': False, 'which_gpu': 0, 'max_replay_buffer_size': 1000000, 'save_params': False, 'seed': 32, 'worker_nums': 1, 'eval_worker_nums': 1, 'config': 'config/BC.json', 'no_cuda': True, 'random_init': False, 'device': 'cpu', 'id': 'MT50_Single_Task', 'task_name': 'soccer-v1', 'task_env': 'MT50_task_env', 'cuda': False, 'log_dir': '/viscam/u/jialugao/Imitation-SoftModule/data/Base_bc_reach_soccer-v1_2640.000125-01-2022_23-01-58', 'agent_class': <class 'agents.bc_agent.MLPAgent'>, 'agent_params': {'n_layers': 2, 'size': 400, 'learning_rate': 0.0001, 'max_replay_buffer_size': 1000000, 'discrete': False, 'ac_dim': 4, 'ob_dim': 9}}
{'env_name': 'single_task', 'env': {'reward_scale': 1, 'obs_norm': False}, 'meta_env': {'obs_type': 'with_goal', 'random_init': False}, 'replay_buffer': {'size': 1000000.0}, 'net': {'hidden_shapes': [400, 400], 'append_hidden_shapes': [400], 'base_type': <class 'networks.base.MLPBase'>}, 'general_setting': {'discount': 0.99, 'pretrain_epochs': 20, 'num_epochs': 7500, 'epoch_frames': 200, 'max_episode_frames': 200, 'batch_size': 1280, 'min_pool': 10000, 'target_hard_update_period': 1000, 'use_soft_update': True, 'tau': 0.005, 'opt_times': 200, 'eval_episodes': 100, 'train_render': False, 'eval_render': False, 'env': <NormAct<RewardShift<SingleWrapperNone>>>, 'logger': <utils.logger.Logger object at 0x7f39b9d2cdd0>, 'device': device(type='cpu')}, 'sac': {'plr': 0.0003, 'qlr': 0.0003, 'reparameterization': True, 'automatic_entropy_tuning': True, 'policy_std_reg_weight': 0, 'policy_mean_reg_weight': 0}}
Loading expert policy from... ../Multi-Task-RL/log/MT50_Single_Task/soccer-v1/Fixed/238/model/model_pf_best.pth
tensor([[ 1.6382e+00, -1.0106e-01, -3.5081e-01,  ..., -3.6539e-02,
          6.6251e-03, -3.9301e-02],
        [-2.4044e-01, -2.8752e-01,  5.5876e-01,  ...,  9.0029e-03,
          4.2937e-02, -3.0972e-02],
        [-3.2837e-01, -3.0996e-01,  1.5467e-01,  ..., -1.5992e-03,
          1.2011e-02, -9.7930e-03],
        ...,
        [-7.1924e-01, -4.5679e-01,  3.6349e-01,  ...,  4.0015e-02,
          1.8082e-02,  2.2963e-02],
        [ 5.4815e-02, -5.7799e-02, -4.6843e-02,  ..., -4.6097e-02,
         -1.1205e-02, -3.6597e-02],
        [ 3.0907e-02, -2.9327e-02, -5.8558e-02,  ..., -2.1146e-02,
         -7.3470e-02, -3.5377e-02]])
Done restoring expert policy...
<NormAct<RewardShift<AugObs<SawyerSoccerEnv instance>>>>


-------------------------------- Iteration 0 -------------------------------- 
initial ob: [-0.03265121  0.51487852  0.23688147  0.          0.6         0.02998765
  0.          0.9         0.03        0.          0.9         0.03      ]
expert:[ 0.9733834  -0.949357   -0.99219275 -0.9741763 ]
expert:[ 0.96012646 -0.9737681  -0.9881684  -0.8892961 ]
expert:[ 0.959564   -0.977054   -0.98415345 -0.29540873]
expert:[ 0.943071   -0.97607243 -0.9898686   0.69722956]
expert:[-0.07067519 -0.96743256 -0.9874176   0.9841217 ]
expert:[-0.737577   -0.98101246 -0.9864186   0.9687005 ]
expert:[-0.63654625 -0.9829649  -0.98918307  0.91650724]
expert:[-0.34248334 -0.98046696 -0.9884596   0.8877617 ]
expert:[-0.03469893 -0.9771253  -0.9909574   0.8706688 ]
expert:[ 0.4640367  -0.9207991  -0.99144864  0.692966  ]
expert:[ 0.8180466  -0.7357291  -0.9859181   0.11624078]
expert:[ 0.9310034  -0.23613709 -0.9755525   0.7402024 ]
expert:[ 0.9697016  0.4772084 -0.9315334  0.9415522]
expert:[ 0.61850744  0.7714542  -0.8266699   0.95056283]
expert:[-0.9223431  0.5784796 -0.8831692  0.902735 ]
expert:[-0.98219794 -0.17869715 -0.9789975   0.8917113 ]
expert:[-0.9885786  -0.18550108 -0.98887444  0.8972404 ]
expert:[-0.987555    0.48948425 -0.989433    0.9286881 ]
expert:[-0.9547663   0.90735567 -0.9462472   0.9497521 ]
expert:[-0.20811808  0.98485464 -0.20537439  0.857567  ]
expert:[0.9029366  0.99379843 0.7023173  0.86897475]
expert:[0.9808669  0.994926   0.86936855 0.8625205 ]
expert:[0.97764844 0.995895   0.8535471  0.87760276]
expert:[0.9158586 0.9964687 0.7814328 0.8911536]
expert:[-0.6831309   0.9763213  -0.39991286  0.9147144 ]
expert:[-0.9425668   0.54295534 -0.8376703   0.9092511 ]
expert:[-0.91235596 -0.4758988  -0.8378106   0.83488494]
expert:[-0.9310243  -0.93328923 -0.94072044  0.95290303]
expert:[-0.9805539  -0.9570914  -0.98677224  0.99184704]
expert:[-0.96762276 -0.29869908 -0.9436328   0.97797173]
expert:[0.5374558  0.97228366 0.5735539  0.85927594]
expert:[0.98425955 0.98765236 0.64629596 0.8978294 ]
expert:[0.9922054  0.98882735 0.47536036 0.943588  ]
expert:[0.9854963  0.98744595 0.4304787  0.9155201 ]
expert:[0.9708972  0.9904603  0.24740773 0.90482014]
expert:[0.9002708  0.99077535 0.01197945 0.8538193 ]
expert:[ 0.74373055  0.9795181   0.281392   -0.28356847]
expert:[-0.13351235  0.9863215  -0.6666252  -0.7148945 ]
expert:[-0.43409222  0.98495466 -0.9024573  -0.7566327 ]
expert:[-0.33016142  0.97808427 -0.93452984 -0.85150623]
expert:[-0.06018997  0.9673749  -0.9328721  -0.92615926]
expert:[ 0.12319742  0.96233445 -0.92405206 -0.9493366 ]
expert:[ 0.07278013  0.9584168  -0.9277416  -0.9539312 ]
expert:[-0.00282389  0.9544713  -0.9334916  -0.9551424 ]
expert:[-0.04718987  0.95221156 -0.9370883  -0.9554458 ]
expert:[-0.0692203   0.9515849  -0.93937975 -0.9575677 ]
expert:[-0.1553147  0.9524305 -0.9531559 -0.9574773]
expert:[-0.21640363  0.9528813  -0.96191627 -0.9556169 ]
expert:[-0.29716545  0.9536513  -0.97133857 -0.95116025]
expert:[-0.34451008  0.9571714  -0.9765038  -0.9443242 ]
expert:[-0.3926881   0.95897925 -0.97960854 -0.93270683]
expert:[-0.45942307  0.9584648  -0.9825119  -0.91003305]
expert:[-0.46788585  0.95548826 -0.98239213 -0.8799466 ]
expert:[-0.38280785  0.9593121  -0.9801616  -0.8156498 ]
expert:[-0.09047242  0.96295553 -0.95423836 -0.72299   ]
expert:[ 0.10742813  0.97830003 -0.7976951  -0.6717158 ]
expert:[-0.12457712  0.93446404 -0.512946   -0.46533218]
expert:[-0.5107533   0.6654591  -0.24113205 -0.3215266 ]
expert:[-0.7023739  -0.32074395  0.31354252 -0.26243222]
expert:[-0.80900425 -0.8254047   0.7143952  -0.2687597 ]
expert:[-0.7955265  -0.8638371   0.72359353 -0.12268746]
expert:[-0.81216586 -0.91351515  0.78842366  0.06771202]
expert:[-0.87561095 -0.87968886  0.62483793  0.14282332]
expert:[-0.7312266  -0.53407776 -0.22605157  0.2896814 ]
expert:[-0.02870069  0.0853658  -0.7603237   0.09690522]
expert:[ 0.3917514   0.43699273 -0.82468903 -0.24720936]
expert:[ 0.43488416  0.49480376 -0.81435615 -0.3359227 ]
expert:[ 0.48908988  0.54648113 -0.82805675 -0.33356726]
expert:[ 0.4844023   0.6037887  -0.7992808  -0.35172722]
expert:[ 0.47800845  0.64110893 -0.72041214 -0.37231287]
expert:[ 0.41930082  0.6174536  -0.5867912  -0.40872926]
expert:[ 0.26849788  0.579481   -0.4183228  -0.4173986 ]
expert:[-0.02509014  0.47423506 -0.2478395  -0.31663203]
expert:[-0.15893862  0.4173795  -0.1564639  -0.2461016 ]
expert:[-0.20785208  0.39576346 -0.11707173 -0.22508885]
expert:[-0.22814994  0.3893839  -0.09555706 -0.22042716]
expert:[-0.23375627  0.3898968  -0.08134091 -0.22409666]
expert:[-0.22994584  0.39406005 -0.07122971 -0.23251069]
expert:[-0.22116743  0.39966932 -0.06449746 -0.24468084]
expert:[-0.20926517  0.40600604 -0.05979053 -0.2587818 ]
expert:[-0.1952634   0.4127157  -0.05604478 -0.27346075]
expert:[-0.17825726  0.4200888  -0.05517653 -0.28971148]
expert:[-0.16045102  0.4270733  -0.05611623 -0.30590177]
expert:[-0.14306395  0.43331742 -0.05621247 -0.32128847]
expert:[-0.12602824  0.43826008 -0.053482   -0.3351844 ]
expert:[-0.11018986  0.44260105 -0.05007418 -0.3480907 ]
expert:[-0.09577252  0.4462409  -0.04576341 -0.35997993]
expert:[-0.08285428  0.44917727 -0.04053312 -0.37085098]
expert:[-0.07143822  0.4514336  -0.0344069  -0.38073775]
expert:[-0.06147109  0.45304787 -0.02743664 -0.38969687]
expert:[-0.05286283  0.45406777 -0.01969065 -0.39779994]
expert:[-0.04549925  0.45454842 -0.0112503  -0.40512598]
expert:[-0.03929681  0.4543658  -0.00222307 -0.41160238]
expert:[-0.0343803   0.45247272  0.00716079 -0.4163798 ]
expert:[-0.03031107  0.4503395   0.01697268 -0.420453  ]
expert:[-0.02774359  0.44853327  0.02728421 -0.42351434]
expert:[-0.02946005  0.44539836  0.03471313 -0.4251167 ]
expert:[-0.02726035  0.4452585   0.03499513 -0.42586935]
expert:[-0.02401651  0.44761786  0.03371614 -0.4277598 ]
expert:[-0.01980112  0.45019546  0.03006735 -0.4286592 ]
expert:[-0.01714644  0.45206892  0.02790182 -0.42950335]
expert:[-0.01524743  0.45358014  0.02664132 -0.43038592]
expert:[-0.01294965  0.45499623  0.0248377  -0.4309388 ]
expert:[-0.01116457  0.45530686  0.02302284 -0.43045905]
expert:[-0.01030743  0.45544446  0.02268486 -0.43044487]
expert:[-0.0085865   0.45672968  0.02208892 -0.4313876 ]
expert:[-0.00547977  0.45830002  0.01960914 -0.43177533]
expert:[-0.00395771  0.45870546  0.01866569 -0.43174133]
expert:[-0.00187356  0.46024767  0.01791264 -0.4328649 ]
expert:[ 0.00111197  0.46124625  0.01507643 -0.43254963]
expert:[ 0.00253953  0.46178645  0.01440313 -0.43271092]
expert:[ 0.00564056  0.4637774   0.0120673  -0.43327594]
expert:[ 0.00729645  0.4643824   0.01044272 -0.43307674]
expert:[ 0.00872893  0.4662742   0.00930142 -0.43384486]
expert:[ 0.01149138  0.46777588  0.00596557 -0.43378156]
expert:[ 0.01235594  0.46802264  0.00483448 -0.43349388]
expert:[ 0.01322382  0.46896353  0.00390697 -0.43373153]
expert:[ 0.01503228  0.4706473   0.00181274 -0.43415987]
expert:[ 0.01628466  0.4712389  -0.00047429 -0.43381137]
expert:[ 0.01677516  0.47145852 -0.00127114 -0.43363473]
expert:[ 0.01746166  0.47218627 -0.00203888 -0.43382055]
expert:[ 0.01873788  0.4733642  -0.00380076 -0.43404603]
expert:[ 0.01976202  0.47358537 -0.00586887 -0.43354312]
expert:[ 0.02032071  0.4739509  -0.0065833  -0.43351266]
expert:[ 0.02089121  0.4744938  -0.00717932 -0.4336452 ]
expert:[ 0.02173015  0.4755935  -0.00793826 -0.43412283]
expert:[ 0.02303412  0.4759566  -0.01055857 -0.43358797]
expert:[ 0.02368149  0.47632378 -0.01144566 -0.43352607]
expert:[ 0.02416485  0.4766805  -0.01192427 -0.43357036]
expert:[ 0.02479029  0.47742015 -0.01248297 -0.4338681 ]
expert:[ 0.02583905  0.47830117 -0.01397145 -0.4340102 ]
expert:[ 0.02680079  0.47849944 -0.01584406 -0.4335712 ]
expert:[ 0.0273634   0.4789573  -0.01639972 -0.4336655 ]
expert:[ 0.02782802  0.4793865  -0.01679045 -0.43378958]
expert:[ 0.02847693  0.48023105 -0.01732209 -0.43416974]
expert:[ 0.02961463  0.48087397 -0.01926116 -0.43402168]
expert:[ 0.03037459  0.48114353 -0.02055581 -0.43378365]
expert:[ 0.03086569  0.48159757 -0.02096309 -0.4339106 ]
expert:[ 0.03127093  0.48199248 -0.02127157 -0.43402725]
expert:[ 0.03189875  0.4828341  -0.02175749 -0.43440604]
expert:[ 0.03303588  0.48350278 -0.02366407 -0.4342698 ]
expert:[ 0.0337629   0.4837905  -0.02489354 -0.4340491 ]
expert:[ 0.03420177  0.48424882 -0.02522439 -0.43418732]
expert:[ 0.03455519  0.48464012 -0.02546041 -0.43430647]
expert:[ 0.03515578  0.48547575 -0.02590004 -0.4346745 ]
expert:[ 0.03615959  0.48635846 -0.02726568 -0.43481323]
expert:[ 0.03701392  0.4865704  -0.02895037 -0.434396  ]
expert:[ 0.03741165  0.48701262 -0.02927212 -0.434508  ]
expert:[ 0.03767484  0.48734957 -0.02941418 -0.4345948 ]
expert:[ 0.03819831  0.488108   -0.02977568 -0.4349066 ]
expert_success: 1.0
path_length: 150
