/var/lib/slurm/slurmd/job3511549/slurm_script: line 9: batch_scripts/MT50_batch/seed.sh: No such file or directory
SLURM_JOBID=3511549
working directory=/viscam/u/jialugao/Imitation-SoftModule
########################
logging outputs to  /viscam/u/jialugao/Imitation-SoftModule/data/Base_bc_reach_handle-press-v1_2640.000123-01-2022_22-52-10
########################
{'expert_policy_file': '../Multi-Task-RL/log/MT50_Single_Task/handle-press-v1/Fixed/238/model/model_pf_best.pth', 'exp_name': 'bc_reach', 'do_dagger': False, 'ep_len': 200, 'gradient_steps': 1, 'n_iter': 10000, 'render_interval': 1, 'eval_interval': 200, 'batch_size': 64, 'eval_batch_size': 32, 'train_batch_size': 32, 'n_layers': 2, 'size': 400, 'learning_rate': 0.0001, 'video_log_freq': -1, 'scalar_log_freq': 1, 'no_gpu': False, 'which_gpu': 0, 'max_replay_buffer_size': 1000000, 'save_params': False, 'seed': 32, 'worker_nums': 1, 'eval_worker_nums': 1, 'config': 'config/BC.json', 'no_cuda': True, 'random_init': False, 'device': 'cpu', 'id': 'MT50_Single_Task', 'task_name': 'handle-press-v1', 'task_env': 'MT50_task_env', 'cuda': False, 'log_dir': '/viscam/u/jialugao/Imitation-SoftModule/data/Base_bc_reach_handle-press-v1_2640.000123-01-2022_22-52-10', 'agent_class': <class 'agents.bc_agent.MLPAgent'>, 'agent_params': {'n_layers': 2, 'size': 400, 'learning_rate': 0.0001, 'max_replay_buffer_size': 1000000, 'discrete': False, 'ac_dim': 4, 'ob_dim': 9}}
{'env_name': 'single_task', 'env': {'reward_scale': 1, 'obs_norm': False}, 'meta_env': {'obs_type': 'with_goal', 'random_init': False}, 'replay_buffer': {'size': 1000000.0}, 'net': {'hidden_shapes': [400, 400], 'append_hidden_shapes': [400], 'base_type': <class 'networks.base.MLPBase'>}, 'general_setting': {'discount': 0.99, 'pretrain_epochs': 20, 'num_epochs': 7500, 'epoch_frames': 200, 'max_episode_frames': 200, 'batch_size': 1280, 'min_pool': 10000, 'target_hard_update_period': 1000, 'use_soft_update': True, 'tau': 0.005, 'opt_times': 200, 'eval_episodes': 100, 'train_render': False, 'eval_render': False, 'env': <NormAct<RewardShift<SingleWrapperNone>>>, 'logger': <utils.logger.Logger object at 0x7fc84ddd3b50>, 'device': device(type='cpu')}, 'sac': {'plr': 0.0003, 'qlr': 0.0003, 'reparameterization': True, 'automatic_entropy_tuning': True, 'policy_std_reg_weight': 0, 'policy_mean_reg_weight': 0}}
Loading expert policy from... ../Multi-Task-RL/log/MT50_Single_Task/handle-press-v1/Fixed/238/model/model_pf_best.pth
Done restoring expert policy...
<NormAct<RewardShift<SawyerHandlePressEnv instance>>>
<NormAct<RewardShift<SawyerHandlePressEnv instance>>>


-------------------------------- Iteration 0 -------------------------------- 
initial ob: [-0.03265156  0.51487877  0.23688007  0.          0.75        0.16
  0.          0.75        0.04      ]
expert_success: 1.0



-------------------------------- Iteration 0 -------------------------------- 
initial ob: [-0.03265156  0.51487877  0.23688007  0.          0.75        0.16
  0.          0.75        0.04      ]
agent_success: 0

training time:  0.12271881103515625
evaluation time:  7.222567081451416
epoch time:  7.3453145027160645


-------------------------------- Iteration 200 -------------------------------- 
initial ob: [-0.03265156  0.51487877  0.23688007  0.          0.75        0.16
  0.          0.75        0.04      ]
agent_success: 0

training time:  0.0023276805877685547
evaluation time:  8.076079368591309
epoch time:  8.078436136245728


-------------------------------- Iteration 400 -------------------------------- 
initial ob: [-0.03265156  0.51487877  0.23688007  0.          0.75        0.16
  0.          0.75        0.04      ]
agent_success: 0

training time:  0.0023131370544433594
evaluation time:  8.157511711120605
epoch time:  8.159847736358643


-------------------------------- Iteration 600 -------------------------------- 
initial ob: [-0.03265156  0.51487877  0.23688007  0.          0.75        0.16
  0.          0.75        0.04      ]
agent_success: 0

training time:  0.002324819564819336
evaluation time:  8.209069013595581
epoch time:  8.211414337158203


-------------------------------- Iteration 800 -------------------------------- 
initial ob: [-0.03265156  0.51487877  0.23688007  0.          0.75        0.16
  0.          0.75        0.04      ]
agent_success: 0

training time:  0.0023488998413085938
evaluation time:  8.354290008544922
epoch time:  8.356661081314087


-------------------------------- Iteration 1000 -------------------------------- 
initial ob: [-0.03265156  0.51487877  0.23688007  0.          0.75        0.16
  0.          0.75        0.04      ]
agent_success: 0

training time:  0.0023441314697265625
evaluation time:  8.243708610534668
epoch time:  8.246073961257935


-------------------------------- Iteration 1200 -------------------------------- 
initial ob: [-0.03265156  0.51487877  0.23688007  0.          0.75        0.16
  0.          0.75        0.04      ]
agent_success: 0

training time:  0.002324342727661133
evaluation time:  8.283932209014893
epoch time:  8.286283731460571


-------------------------------- Iteration 1400 -------------------------------- 
initial ob: [-0.03265156  0.51487877  0.23688007  0.          0.75        0.16
  0.          0.75        0.04      ]
agent_success: 0

training time:  0.0022983551025390625
evaluation time:  7.992291688919067
epoch time:  7.994619846343994


-------------------------------- Iteration 1600 -------------------------------- 
initial ob: [-0.03265156  0.51487877  0.23688007  0.          0.75        0.16
  0.          0.75        0.04      ]
agent_success: 0

training time:  0.002323627471923828
evaluation time:  8.083265781402588
epoch time:  8.085609912872314


-------------------------------- Iteration 1800 -------------------------------- 
initial ob: [-0.03265156  0.51487877  0.23688007  0.          0.75        0.16
  0.          0.75        0.04      ]
agent_success: 0

training time:  0.002294301986694336
evaluation time:  8.051054239273071
epoch time:  8.053371667861938


-------------------------------- Iteration 2000 -------------------------------- 
initial ob: [-0.03265156  0.51487877  0.23688007  0.          0.75        0.16
  0.          0.75        0.04      ]
agent_success: 0

training time:  0.0023152828216552734
evaluation time:  8.188810110092163
epoch time:  8.191192388534546


-------------------------------- Iteration 2200 -------------------------------- 
initial ob: [-0.03265156  0.51487877  0.23688007  0.          0.75        0.16
  0.          0.75        0.04      ]
agent_success: 0

training time:  0.002312898635864258
evaluation time:  8.088520765304565
epoch time:  8.09085750579834


-------------------------------- Iteration 2400 -------------------------------- 
initial ob: [-0.03265156  0.51487877  0.23688007  0.          0.75        0.16
  0.          0.75        0.04      ]
agent_success: 0

training time:  0.0023190975189208984
evaluation time:  8.10215711593628
epoch time:  8.104545831680298


-------------------------------- Iteration 2600 -------------------------------- 
initial ob: [-0.03265156  0.51487877  0.23688007  0.          0.75        0.16
  0.          0.75        0.04      ]
agent_success: 0

training time:  0.0023169517517089844
evaluation time:  8.083863735198975
epoch time:  8.086195707321167


-------------------------------- Iteration 2800 -------------------------------- 
initial ob: [-0.03265156  0.51487877  0.23688007  0.          0.75        0.16
  0.          0.75        0.04      ]
agent_success: 0

training time:  0.0022928714752197266
evaluation time:  8.071510791778564
epoch time:  8.073827266693115


-------------------------------- Iteration 3000 -------------------------------- 
initial ob: [-0.03265156  0.51487877  0.23688007  0.          0.75        0.16
  0.          0.75        0.04      ]
agent_success: 0

training time:  0.002298116683959961
evaluation time:  8.080099105834961
epoch time:  8.082424879074097


-------------------------------- Iteration 3200 -------------------------------- 
initial ob: [-0.03265156  0.51487877  0.23688007  0.          0.75        0.16
  0.          0.75        0.04      ]
agent_success: 0

training time:  0.0023076534271240234
evaluation time:  8.04012417793274
epoch time:  8.042448997497559


-------------------------------- Training stopped due to early stopping -------------------------------- 
min loss:  0.09984571


-------------------------------- Test Results -------------------------------- 
initial ob: [-0.03265156  0.51487877  0.23688007  0.          0.75        0.16
  0.          0.75        0.04      ]
agent_success: 0

mean_success_rate:  0.0
Done
