/var/lib/slurm/slurmd/job3515601/slurm_script: line 9: batch_scripts/MT50_batch/seed.sh: No such file or directory
SLURM_JOBID=3515601
working directory=/viscam/u/jialugao/Imitation-SoftModule
########################
logging outputs to  /viscam/u/jialugao/Imitation-SoftModule/data/Base_bc_reach_button-press-topdown-wall-v1_2640.000125-01-2022_23-02-07
########################
{'expert_policy_file': '../Multi-Task-RL/log/MT50_Single_Task/button-press-topdown-wall-v1/Fixed/238/model/model_pf_best.pth', 'exp_name': 'bc_reach', 'do_dagger': False, 'ep_len': 200, 'gradient_steps': 1, 'n_iter': 10000, 'render_interval': 1, 'eval_interval': 200, 'batch_size': 64, 'eval_batch_size': 32, 'train_batch_size': 32, 'n_layers': 2, 'size': 400, 'learning_rate': 0.0001, 'video_log_freq': -1, 'scalar_log_freq': 1, 'no_gpu': False, 'which_gpu': 0, 'max_replay_buffer_size': 1000000, 'save_params': False, 'seed': 32, 'worker_nums': 1, 'eval_worker_nums': 1, 'config': 'config/BC.json', 'no_cuda': True, 'random_init': False, 'device': 'cpu', 'id': 'MT50_Single_Task', 'task_name': 'button-press-topdown-wall-v1', 'task_env': 'MT50_task_env', 'cuda': False, 'log_dir': '/viscam/u/jialugao/Imitation-SoftModule/data/Base_bc_reach_button-press-topdown-wall-v1_2640.000125-01-2022_23-02-07', 'agent_class': <class 'agents.bc_agent.MLPAgent'>, 'agent_params': {'n_layers': 2, 'size': 400, 'learning_rate': 0.0001, 'max_replay_buffer_size': 1000000, 'discrete': False, 'ac_dim': 4, 'ob_dim': 9}}
{'env_name': 'single_task', 'env': {'reward_scale': 1, 'obs_norm': False}, 'meta_env': {'obs_type': 'with_goal', 'random_init': False}, 'replay_buffer': {'size': 1000000.0}, 'net': {'hidden_shapes': [400, 400], 'append_hidden_shapes': [400], 'base_type': <class 'networks.base.MLPBase'>}, 'general_setting': {'discount': 0.99, 'pretrain_epochs': 20, 'num_epochs': 7500, 'epoch_frames': 200, 'max_episode_frames': 200, 'batch_size': 1280, 'min_pool': 10000, 'target_hard_update_period': 1000, 'use_soft_update': True, 'tau': 0.005, 'opt_times': 200, 'eval_episodes': 100, 'train_render': False, 'eval_render': False, 'env': <NormAct<RewardShift<SingleWrapperNone>>>, 'logger': <utils.logger.Logger object at 0x7fedfe2cec50>, 'device': device(type='cpu')}, 'sac': {'plr': 0.0003, 'qlr': 0.0003, 'reparameterization': True, 'automatic_entropy_tuning': True, 'policy_std_reg_weight': 0, 'policy_mean_reg_weight': 0}}
Loading expert policy from... ../Multi-Task-RL/log/MT50_Single_Task/button-press-topdown-wall-v1/Fixed/238/model/model_pf_best.pth
tensor([[ 1.2045e+00,  6.5837e-02, -3.9106e-01,  ..., -3.6539e-02,
         -9.3991e-02, -1.4000e-01],
        [ 5.5395e-02, -3.8165e-02, -3.4481e-02,  ...,  9.0029e-03,
         -8.8844e-03, -7.8427e-02],
        [ 9.2481e-01, -2.2162e-01, -2.0268e-01,  ..., -1.5992e-03,
          4.6987e-03, -1.7119e-02],
        ...,
        [ 2.5598e-02, -7.9182e-02, -1.7574e-03,  ...,  4.0015e-02,
         -4.6043e-02, -4.2970e-02],
        [-9.1012e-04, -4.0520e-02, -4.8649e-02,  ..., -4.6097e-02,
          3.3931e-03, -1.7479e-02],
        [-3.0271e-02, -2.3581e-03, -6.6254e-02,  ..., -2.1146e-02,
         -5.5429e-02, -2.3540e-02]])
Done restoring expert policy...
<NormAct<RewardShift<AugObs<SawyerButtonPressTopdownWallEnv instance>>>>


-------------------------------- Iteration 0 -------------------------------- 
initial ob: [-0.03265259  0.51487763  0.23688885  0.          0.88        0.13
  0.          0.88000001  0.1         0.          0.88000001  0.1       ]
expert:[-0.7630055   0.97969854  0.97531873 -0.7365963 ]
expert:[-0.9364958   0.9826195   0.99090326 -0.9005801 ]
expert:[-0.94369936  0.9860812   0.9931185  -0.95399594]
expert:[-0.9240082   0.98673385  0.9840729  -0.9575803 ]
expert:[-0.86665756  0.98744935  0.9538829  -0.95612717]
expert:[ 0.6822413   0.97886926  0.11844745 -0.8589878 ]
expert:[ 0.8310289   0.985538   -0.6813256  -0.52036315]
expert:[ 0.8602222   0.9874842  -0.6667698  -0.43956727]
expert:[ 0.89548016  0.9871998  -0.7731507  -0.48447022]
expert:[ 0.73367447  0.98591954 -0.76112986 -0.47293234]
expert:[-0.9896706  0.988663  -0.9544851 -0.9340776]
expert:[-0.9902191   0.98860526 -0.93918586 -0.93318945]
expert:[-0.985394   0.9846731 -0.7207181 -0.5873105]
expert:[-0.95847017  0.98077554 -0.41444692 -0.04745076]
expert:[ 0.8876074   0.96469784  0.56870586 -0.36433077]
expert:[ 0.9675319   0.95889837  0.5493436  -0.5008153 ]
expert:[ 0.97952515  0.96318144 -0.30998772 -0.37835872]
expert:[ 0.97918814  0.96999294 -0.8100572  -0.20803544]
expert:[ 0.97371006  0.97913325 -0.92801535 -0.13631938]
expert:[ 0.94251096  0.9815979  -0.76632625 -0.04466116]
expert:[-0.7880959   0.9897494  -0.92744935 -0.2649253 ]
expert:[-0.9499183   0.9919791  -0.40824395  0.31983596]
expert:[-0.95187974  0.9896021   0.70618814  0.72320217]
expert:[-0.9443303   0.9818765   0.71305233  0.7625626 ]
expert:[-0.88515085  0.96092784  0.5177512   0.6458654 ]
expert:[ 0.04439095  0.8928158  -0.5675476   0.34373555]
expert:[ 0.8182822   0.35499868 -0.9207643   0.79862535]
expert:[ 0.88809764 -0.01100371 -0.928655    0.8792626 ]
expert:[ 0.87016475 -0.19069809 -0.8871337   0.9061767 ]
expert:[ 0.8214006  -0.25682452 -0.8215784   0.9097293 ]
expert:[ 0.77497053 -0.2004478  -0.74230164  0.8850793 ]
expert:[ 0.6684329   0.098364   -0.58530873  0.75770825]
expert:[ 0.07942492  0.65112174 -0.30877224  0.3516683 ]
expert:[-0.5698494   0.8402356  -0.09159403  0.19706453]
expert:[-0.8069738   0.8225459   0.14139195  0.29502508]
expert:[-0.7979054   0.7733607   0.23640521  0.39003107]
expert:[-0.7527416   0.67452216  0.33136067  0.48227745]
expert:[-0.72295225  0.5704482   0.39098674  0.52587533]
expert:[-0.7451405   0.4836635   0.39229745  0.5202977 ]
expert:[-0.5942204   0.36154068  0.40267855  0.46310544]
expert:[0.37183028 0.14588492 0.3388038  0.27100715]
expert:[0.8124022  0.06682    0.30806315 0.09643668]
expert:[0.89304453 0.19773    0.16578433 0.04864057]
expert:[ 0.8562921  -0.23650037 -0.10397478  0.12354597]
expert:[ 0.60720885 -0.70519114 -0.25990814  0.3102762 ]
expert:[ 0.05423118 -0.76872164 -0.15362395  0.37007904]
expert:[-0.73107034 -0.6003276   0.13753816  0.47897887]
expert:[-0.87122333 -0.5049488   0.36642218  0.49611175]
expert:[-0.8757395  -0.43658373  0.39924696  0.50199664]
expert:[-0.7461953  -0.3585497   0.28638762  0.4927062 ]
expert:[-0.0563253  -0.49714583  0.00759735  0.3182365 ]
expert:[0.6639833  0.00590106 0.05135851 0.07492937]
expert:[ 0.87495375  0.64412105  0.15541688 -0.12133361]
expert:[ 0.88221097  0.7478683   0.15317047 -0.13317502]
expert:[ 0.7229178   0.5236081  -0.02962571 -0.10220905]
expert:[-0.00918874  0.10236324 -0.20958897  0.08651341]
expert:[-0.5747568  -0.15399754 -0.0916213   0.16376491]
expert:[-0.8245824  -0.24082258  0.11799626  0.26305792]
expert:[-0.8360456  -0.2598692   0.12223392  0.27108335]
expert:[-0.64359546 -0.30491763 -0.07829287  0.19954434]
expert:[ 0.08801055 -0.37675604 -0.29129684  0.11379687]
expert:[ 0.63901293 -0.30426535 -0.3698554   0.08634105]
expert:[ 0.7670434   0.23293936 -0.28892753 -0.02592083]
expert:[ 0.7675356   0.34447125 -0.09201176 -0.05683288]
expert:[0.55149347 0.02920926 0.05793734 0.08379045]
expert:[-0.04153535 -0.25296125  0.06572577  0.2647499 ]
expert:[-0.72853845 -0.05855966  0.34786797  0.4389366 ]
expert:[-0.8581865  -0.06176675  0.4040305   0.45948473]
expert:[-0.84490114 -0.02621053  0.37922692  0.42982766]
expert:[-0.6185542  -0.00730934  0.1917194   0.3146856 ]
expert:[ 0.0112437   0.16362518 -0.05161908  0.07403434]
expert:[ 0.7467621   0.55761164 -0.14879619 -0.08543656]
expert:[ 0.8796068   0.62170833 -0.39237306  0.03892352]
expert:[ 0.8794152   0.469327   -0.47340727  0.09270394]
expert:[ 0.7562016   0.02693309 -0.41157117  0.0145432 ]
expert:[ 0.23432519 -0.46099555 -0.2614026   0.20731415]
expert:[-0.67342526 -0.38266423  0.07291412  0.3508962 ]
expert:[-0.88140124 -0.35321176  0.3609309   0.43345746]
expert:[-0.9007589  -0.30755892  0.3985023   0.47579807]
expert:[-0.8297999  -0.25028482  0.3642475   0.4615191 ]
expert:[-0.34339136 -0.35471997  0.09818862  0.35276696]
expert:[ 0.49281245 -0.07937391  0.02009031  0.11974701]
expert:[ 0.8560184   0.6047599   0.05744995 -0.1039367 ]
expert:[ 0.89801705  0.75498736  0.00771104 -0.10015993]
expert:[ 0.8202767   0.5921592  -0.13710012 -0.07839357]
expert:[ 0.48914054 -0.11649295 -0.2668428   0.07899737]
expert:[-0.21285518 -0.31972006 -0.18147765  0.15334998]
expert:[-0.8249418  -0.2668643   0.14826873  0.30076644]
expert:[-0.8904116  -0.36994848  0.28425384  0.34245896]
expert:[-0.8722722  -0.3258848   0.24910265  0.33084616]
expert:[-0.70204407 -0.21327119  0.03118922  0.23881015]
expert:[ 0.03706108 -0.13512976 -0.2473551   0.11431091]
expert:[ 0.72237235  0.28331292 -0.3057787  -0.03500386]
expert:[ 0.8840073   0.63210016 -0.2942048  -0.02901711]
expert:[ 0.89320695  0.65538436 -0.18682241 -0.05552292]
expert:[ 0.77647215  0.27830544 -0.10737404 -0.04249115]
expert:[ 0.13654082 -0.36131695 -0.0966915   0.20048237]
expert:[-0.64584726 -0.3467819   0.14963093  0.39339215]
expert:[-0.8663414 -0.2916104  0.3575185  0.4348721]
expert:[-0.8839727  -0.28185835  0.38101894  0.44313478]
expert:[-0.78982687 -0.25243774  0.2788914   0.41297123]
expert:[-0.17021556 -0.32674804 -0.0526821   0.22639804]
expert:[ 0.5269505  -0.05099171 -0.14501293  0.07148667]
expert:[ 0.825699    0.5508981  -0.12930071 -0.07481022]
expert:[ 0.86478156  0.6607701  -0.14707948 -0.0758261 ]
expert:[ 0.7721306   0.43267846 -0.13916968 -0.07446703]
expert:[ 0.29863402 -0.20539244 -0.194049    0.15531671]
expert:[-0.4436804  -0.30305022 -0.03346964  0.24203782]
expert:[-0.83020973 -0.27842546  0.2496802   0.35987383]
expert:[-0.87368137 -0.30533683  0.32592854  0.3744408 ]
expert:[-0.8153476  -0.24166025  0.24370213  0.3644961 ]
expert:[-0.36257353 -0.23671643 -0.04134623  0.2117263 ]
expert:[ 0.3844541  -0.07020184 -0.19243203  0.0923944 ]
expert:[ 0.799119    0.5182215  -0.15138581 -0.07368383]
expert:[ 0.8726448   0.67796826 -0.14792748 -0.07431362]
expert:[ 0.8204858   0.53075445 -0.11450117 -0.07849705]
expert:[ 0.5065743  -0.13932294 -0.1694769   0.10038583]
expert:[-0.19922161 -0.34993827 -0.09042522  0.20619489]
expert:[-0.81238484 -0.27644014  0.23573643  0.37135673]
expert:[-0.8890482  -0.32211968  0.35800856  0.39478973]
expert:[-0.8680989  -0.28055066  0.32449222  0.3769818 ]
expert:[-0.68724006 -0.19887877  0.11610702  0.31317785]
expert:[ 0.01778407 -0.10283214 -0.15876278  0.13054684]
expert:[ 0.74866486  0.3933916  -0.20408347 -0.06344649]
expert:[ 0.8938402   0.6725671  -0.26361445 -0.03523965]
expert:[ 0.89740723  0.6546219  -0.25061265 -0.03925797]
expert:[ 0.77714866  0.2661636  -0.20997514 -0.03872427]
expert:[ 0.19113061 -0.3808289  -0.18967481  0.21014279]
expert:[-0.63535535 -0.36001632  0.08151406  0.35114023]
expert:[-0.8681291  -0.33903116  0.33360106  0.41161442]
expert:[-0.89050245 -0.3254645   0.37732053  0.43726623]
expert:[-0.81257415 -0.27374184  0.29052004  0.4127163 ]
expert:[-0.282223   -0.33197495 -0.0080636   0.26822475]
expert:[ 0.48224747 -0.10774654 -0.12895107  0.09767764]
expert:[ 0.8287927   0.54754883 -0.09281988 -0.08257488]
expert:[ 0.8801367   0.6939731  -0.09281508 -0.08306284]
expert:[ 0.80858076  0.5216202  -0.10783255 -0.08242514]
expert:[ 0.4397218  -0.15351419 -0.19224887  0.11155883]
expert:[-0.30657044 -0.31258672 -0.08672216  0.20453142]
expert:[-0.827154   -0.27299473  0.22733398  0.34932157]
expert:[-0.88652694 -0.34079698  0.33409414  0.37072557]
expert:[-0.8566627  -0.27818978  0.2860723   0.3486461 ]
expert:[-0.6220241  -0.1840054   0.03796445  0.25159568]
expert:[ 0.12625486 -0.09370217 -0.2238161   0.13758989]
expert:[ 0.77172357  0.44172677 -0.24241216 -0.05460574]
expert:[ 0.89461905  0.67352843 -0.26544726 -0.03438192]
expert:[ 0.88904995  0.63675696 -0.21623038 -0.05085935]
expert:[ 0.73599845  0.16849668 -0.17236635 -0.01656036]
expert:[ 0.06382295 -0.3922807  -0.13374151  0.19139941]
expert:[-0.7027503  -0.34042206  0.14789088  0.38302597]
expert_success: 1.0
path_length: 150
