/var/lib/slurm/slurmd/job3513838/slurm_script: line 9: batch_scripts/MT50_batch/seed.sh: No such file or directory
SLURM_JOBID=3513838
working directory=/viscam/u/jialugao/Imitation-SoftModule
########################
logging outputs to  /viscam/u/jialugao/Imitation-SoftModule/data/Base_bc_reach_door-close-v1_2640.000124-01-2022_18-56-07
########################
{'expert_policy_file': '../Multi-Task-RL/log/MT50_Single_Task/door-close-v1/Fixed/238/model/model_pf_best.pth', 'exp_name': 'bc_reach', 'do_dagger': False, 'ep_len': 200, 'gradient_steps': 1, 'n_iter': 10000, 'render_interval': 1, 'eval_interval': 200, 'batch_size': 64, 'eval_batch_size': 32, 'train_batch_size': 32, 'n_layers': 2, 'size': 400, 'learning_rate': 0.0001, 'video_log_freq': -1, 'scalar_log_freq': 1, 'no_gpu': False, 'which_gpu': 0, 'max_replay_buffer_size': 1000000, 'save_params': False, 'seed': 32, 'worker_nums': 1, 'eval_worker_nums': 1, 'config': 'config/BC.json', 'no_cuda': True, 'random_init': False, 'device': 'cpu', 'id': 'MT50_Single_Task', 'task_name': 'door-close-v1', 'task_env': 'MT50_task_env', 'cuda': False, 'log_dir': '/viscam/u/jialugao/Imitation-SoftModule/data/Base_bc_reach_door-close-v1_2640.000124-01-2022_18-56-07', 'agent_class': <class 'agents.bc_agent.MLPAgent'>, 'agent_params': {'n_layers': 2, 'size': 400, 'learning_rate': 0.0001, 'max_replay_buffer_size': 1000000, 'discrete': False, 'ac_dim': 4, 'ob_dim': 9}}
{'env_name': 'single_task', 'env': {'reward_scale': 1, 'obs_norm': False}, 'meta_env': {'obs_type': 'with_goal', 'random_init': False}, 'replay_buffer': {'size': 1000000.0}, 'net': {'hidden_shapes': [400, 400], 'append_hidden_shapes': [400], 'base_type': <class 'networks.base.MLPBase'>}, 'general_setting': {'discount': 0.99, 'pretrain_epochs': 20, 'num_epochs': 7500, 'epoch_frames': 200, 'max_episode_frames': 200, 'batch_size': 1280, 'min_pool': 10000, 'target_hard_update_period': 1000, 'use_soft_update': True, 'tau': 0.005, 'opt_times': 200, 'eval_episodes': 100, 'train_render': False, 'eval_render': False, 'env': <NormAct<RewardShift<SingleWrapperNone>>>, 'logger': <utils.logger.Logger object at 0x7f68a0116450>, 'device': device(type='cpu')}, 'sac': {'plr': 0.0003, 'qlr': 0.0003, 'reparameterization': True, 'automatic_entropy_tuning': True, 'policy_std_reg_weight': 0, 'policy_mean_reg_weight': 0}}
Loading expert policy from... ../Multi-Task-RL/log/MT50_Single_Task/door-close-v1/Fixed/238/model/model_pf_best.pth
tensor([[-0.0084, -0.0111, -0.0533,  ..., -0.0694, -0.0162, -0.0621],
        [ 0.0223, -0.0394, -0.0400,  ..., -0.0335, -0.0115, -0.0807],
        [ 0.0017, -0.0862, -0.0634,  ..., -0.0467, -0.0336, -0.0555],
        ...,
        [ 0.0428, -0.0779, -0.0112,  ..., -0.0011, -0.0504, -0.0453],
        [-0.0050, -0.0363, -0.0449,  ..., -0.0799,  0.0103, -0.0153],
        [-0.0205, -0.0083, -0.0645,  ..., -0.0618, -0.0546, -0.0227]])
Done restoring expert policy...
<NormAct<RewardShift<AugObs<SawyerDoorCloseEnv instance>>>>


-------------------------------- Iteration 0 -------------------------------- 
initial ob: [-0.03264849  0.51488124  0.2368859  -0.21000095  0.69000054  0.15
  0.2         0.8         0.15        0.2         0.8         0.15      ]
expert:[-0.52662235  0.95202315  0.746524    0.6017667 ]
expert:[-0.49044853  0.90745103  0.85134375 -0.1474665 ]
expert:[-0.9304517   0.8354914   0.95825285  0.11095073]
expert:[-0.9674468   0.8408603   0.9743648   0.07119634]
expert:[-0.96432173  0.8718661   0.9694415  -0.2413091 ]
expert:[-0.9331523   0.92712194  0.9351092  -0.69527245]
expert:[-0.9496532  0.9442531  0.8694137 -0.9321625]
expert:[-0.97224116  0.95948005  0.8636173  -0.9607468 ]
expert:[-0.97689694  0.97107065  0.91100764 -0.922039  ]
expert:[-0.9804239   0.97277737  0.91565543 -0.7501122 ]
expert:[-0.9818481   0.97463614  0.85537463 -0.80755454]
expert:[-0.97228     0.976791    0.7909296  -0.66984916]
expert:[-0.97973716  0.97500753  0.7504407  -0.6562395 ]
expert:[-0.98134047  0.96604586  0.26545143 -0.5465459 ]
expert:[-0.9797704   0.9584271  -0.68341804  0.11391854]
expert:[-0.9866016   0.9683548  -0.9213528   0.91118395]
expert:[-0.9823226   0.9615425  -0.9441586   0.98507977]
expert:[ 0.9623727   0.65759623 -0.9625056   0.9132908 ]
expert:[ 0.9908042  0.4859362 -0.9841294  0.9321254]
expert:[ 0.99101365  0.42598373 -0.9876444   0.9410242 ]
expert:[ 0.991026    0.45420736 -0.9842373   0.93919003]
expert:[ 0.99079776  0.61202615 -0.96371627  0.92372394]
expert:[ 0.98746586  0.7734106  -0.887612    0.8883475 ]
expert:[ 0.9878299   0.7747717  -0.84073406  0.8545236 ]
expert:[ 0.9912537   0.746495   -0.76244265  0.82404727]
expert:[ 0.993355    0.75107646 -0.5049002   0.7815443 ]
expert:[0.9923787  0.65657645 0.20580633 0.81083214]
expert:[ 0.9936125  -0.26546803  0.43473423  0.75962955]
expert:[ 0.9954178 -0.9700549  0.5780112  0.6066997]
expert:[ 0.9953897  -0.991398    0.80652094  0.16820748]
expert:[ 0.99882036 -0.9951063   0.97778195 -0.41721177]
expert:[ 0.9930314  -0.9974958   0.1462044  -0.53607166]
expert:[ 0.99209857 -0.99875563 -0.9481275   0.30167347]
expert:[ 0.99149543 -0.9764001  -0.98107964  0.38049254]
expert:[ 0.99667877 -0.9765977  -0.9766839   0.21964   ]
expert:[ 0.997126   -0.97664756 -0.96640104  0.18224616]
expert:[ 0.99750936 -0.93757445 -0.8380257   0.19316907]
expert:[ 0.997344   -0.5901099  -0.10844089 -0.47570413]
expert:[ 0.99636805  0.7277524   0.7260137  -0.7652098 ]
expert:[ 0.99244356  0.83850074  0.92878795 -0.8476575 ]
expert:[ 0.98690623  0.841651    0.922105   -0.84111917]
expert:[ 0.9765814   0.80504507  0.8527174  -0.7636158 ]
expert:[ 0.95821947  0.7490607   0.710487   -0.65839505]
expert:[ 0.94426024  0.73177266  0.59775174 -0.6344917 ]
expert:[ 0.9559594   0.7252716   0.45051646 -0.6876543 ]
expert:[ 0.96663636  0.6603613   0.09061526 -0.7354623 ]
expert:[ 0.9780667  0.5275074 -0.6247479 -0.4998674]
expert:[ 0.9732182   0.32463312 -0.88434345  0.06946365]
expert:[ 0.9560326   0.5659706  -0.93920374  0.5376468 ]
expert:[ 0.92842823  0.6626328  -0.96535265  0.7894024 ]
expert:[ 0.8902892   0.62326485 -0.97372496  0.8770576 ]
expert:[ 0.8185129  0.5276444 -0.9536293  0.9053557]
expert:[ 0.6729078   0.38818565 -0.87766814  0.91151965]
expert:[ 0.4174486   0.2041345  -0.6506025   0.90247995]
expert:[ 0.14046542  0.08618162 -0.28533435  0.890746  ]
expert:[ 0.07699719  0.03997987 -0.19117382  0.87752706]
expert:[ 0.02553349  0.00204465 -0.14744349  0.8752117 ]
expert:[-0.01463219 -0.02866579 -0.12101593  0.8747518 ]
expert:[-0.03289591 -0.03638204 -0.10833981  0.87804985]
expert:[-0.04348952 -0.0385414  -0.09586045  0.87940484]
expert:[-0.05208213 -0.04190165 -0.0812832   0.8771945 ]
expert:[-0.05957713 -0.0459171  -0.06637068  0.8728607 ]
expert:[-0.06588494 -0.04976185 -0.0522329   0.86766005]
expert:[-0.07055927 -0.05263375 -0.04074462  0.8629977 ]
expert:[-0.07404765 -0.05518954 -0.02861296  0.8576745 ]
expert:[-0.0759704  -0.05739444 -0.01248211  0.8507704 ]
expert:[-0.07732159 -0.05945589  0.00201996  0.8436909 ]
expert:[-0.07825444 -0.0614161   0.01570096  0.8362397 ]
expert:[-0.07882892 -0.06317413  0.02821179  0.82878566]
expert:[-0.07903742 -0.06469358  0.03945426  0.82146925]
expert:[-0.07886618 -0.06574513  0.04933743  0.81453025]
expert:[-0.07831771 -0.06610972  0.05774511  0.808243  ]
expert:[-0.07742053 -0.06610367  0.06487142  0.80255103]
expert:[-0.07620608 -0.06571797  0.07077242  0.7975477 ]
expert:[-0.0747014  -0.06494045  0.07557134  0.79327005]
expert:[-0.07286561 -0.0637793   0.0792153   0.78971004]
expert:[-0.07077965 -0.06227179  0.08184905  0.7868565 ]
expert:[-0.06846367 -0.06045087  0.08350617  0.78467935]
expert:[-0.06593954 -0.05835039  0.08422709  0.78313935]
expert:[-0.06322908 -0.05600388  0.0840597   0.7821883 ]
expert:[-0.06035363 -0.05344147  0.08305853  0.78177446]
expert:[-0.05725876 -0.05056052  0.08123121  0.7819275 ]
expert:[-0.05385048 -0.04722109  0.07852305  0.78267825]
expert:[-0.05008039 -0.04339758  0.07487779  0.78395116]
expert:[-0.04525281 -0.03908159  0.06908956  0.7844937 ]
expert:[-0.04011792 -0.03461185  0.06230954  0.78506505]
expert:[-0.03516133 -0.03024778  0.05540609  0.78593427]
expert:[-0.03071837 -0.02609341  0.04924181  0.78725034]
expert:[-0.02666544 -0.02223166  0.0434922   0.7886798 ]
expert:[-0.02312141 -0.01875111  0.03844995  0.79019356]
expert:[-0.01990109 -0.01561712  0.03371191  0.79158485]
expert:[-0.0169604  -0.01258375  0.02925212  0.79283684]
expert:[-0.01421198 -0.00933791  0.02501408  0.7940265 ]
expert:[-0.01159249 -0.00616782  0.02097514  0.79524404]
expert:[-0.00876535 -0.00298653  0.01868574  0.79600734]
expert:[-6.0006254e-03  6.4171851e-05  1.6919525e-02  7.9659188e-01]
expert:[-0.00340273  0.00292218  0.01521496  0.79709744]
expert:[-0.00090694  0.00556954  0.01360879  0.7974762 ]
expert:[0.00183341 0.00798962 0.01235034 0.79751897]
expert:[0.00437212 0.01018995 0.01110306 0.79750484]
expert:[0.00671222 0.01217085 0.00986278 0.79744357]
expert:[0.00885309 0.01393962 0.00862189 0.79735565]
expert:[0.01079815 0.01550409 0.00737917 0.79725564]
expert:[0.01255127 0.01687308 0.00613454 0.7971566 ]
expert:[0.01411741 0.01805564 0.00488992 0.79706895]
expert:[0.01550202 0.01906166 0.00364878 0.79700136]
expert:[0.01671099 0.01990116 0.00241491 0.796961  ]
expert:[0.01775051 0.02058305 0.00119393 0.7969513 ]
expert:[ 1.8626681e-02  2.1116491e-02 -9.6634030e-06  7.9697603e-01]
expert:[ 0.01934573  0.02151045 -0.00119146  0.79703575]
expert:[ 0.01991491  0.02177306 -0.00234597  0.7971305 ]
expert:[ 0.02034035  0.02191265 -0.00346794  0.797259  ]
expert:[ 0.02062877  0.02193629 -0.00455215  0.7974185 ]
expert:[ 0.02078639  0.02185079 -0.00559474  0.7976063 ]
expert:[ 0.02082077  0.02166399 -0.00659058  0.79781836]
expert:[ 0.02073807  0.02138231 -0.00753707  0.7980516 ]
expert:[ 0.02054489  0.02101216 -0.0084289   0.79830116]
expert:[ 0.02024842  0.02056031 -0.00926391  0.7985632 ]
expert:[ 0.01985521  0.02003323 -0.01003814  0.79883325]
expert:[ 0.01937216  0.01943706 -0.01074893  0.7991074 ]
expert:[ 0.01880579  0.01877782 -0.01139434  0.7993814 ]
expert:[ 0.0181632   0.01806238 -0.01197228  0.79965174]
expert:[ 0.01745089  0.01729628 -0.01248109  0.7999145 ]
expert:[ 0.01667548  0.01648577 -0.01291919  0.8001667 ]
expert:[ 0.01584397  0.01563704 -0.01328603  0.8004054 ]
expert:[ 0.01496266  0.01475566 -0.01358128  0.80062747]
expert:[ 0.01403859  0.0138481  -0.01380445  0.800831  ]
expert:[ 0.01307782  0.01291961 -0.01395621  0.8010134 ]
expert:[ 0.01208661  0.01197542 -0.01403668  0.80117255]
expert:[ 0.01107156  0.01102195 -0.01404756  0.80130744]
expert:[ 0.01003849  0.01006336 -0.01398947  0.8014164 ]
expert:[ 0.00899317  0.00910501 -0.01386563  0.8014983 ]
expert:[ 0.00794218  0.00815227 -0.0136759   0.80155206]
expert:[ 0.00689031  0.00720911 -0.01342452  0.80157715]
expert:[ 0.00584283  0.00627962 -0.01311417  0.80157316]
expert:[ 0.00480559  0.00536886 -0.01274653  0.8015401 ]
expert:[ 0.0037827   0.00447959 -0.01232643  0.8014776 ]
expert:[ 0.00277918  0.00361603 -0.01185707  0.801386  ]
expert:[ 0.00179946  0.00278126 -0.01134115  0.8012657 ]
expert:[ 0.00084752  0.00197791 -0.01078335  0.8011168 ]
expert:[-8.0913305e-05  1.3110854e-03 -1.0188785e-02  8.0091059e-01]
expert:[-9.741482e-04  6.835534e-04 -9.560584e-03  8.006761e-01]
expert:[-1.8289962e-03  8.8520348e-05 -8.9028133e-03  8.0041718e-01]
expert:[-2.6425361e-03 -4.7264245e-04 -8.2215825e-03  8.0013412e-01]
expert:[-0.00341241 -0.00099906 -0.00751959  0.7998274 ]
expert:[-0.00413627 -0.00148953 -0.00680224  0.79949903]
expert:[-0.00481259 -0.00194359 -0.0060749   0.79914963]
expert:[-0.00543911 -0.00236044 -0.00534092  0.7987801 ]
expert:[-0.00601475 -0.00274007 -0.00460513  0.79839253]
expert:[-0.0065386  -0.00308199 -0.00387135  0.79798806]
expert_success: 1.0
path_length: 150



-------------------------------- Iteration 0 -------------------------------- 
initial ob: [-0.03264849  0.51488124  0.2368859  -0.21000095  0.69000054  0.15
  0.2         0.8         0.15        0.2         0.8         0.15      ]
agent_success: 0

training time:  0.19849681854248047
evaluation time:  14.971879005432129
epoch time:  15.170411825180054


-------------------------------- Iteration 200 -------------------------------- 
initial ob: [-0.03264849  0.51488124  0.2368859  -0.21000095  0.69000054  0.15
  0.2         0.8         0.15        0.2         0.8         0.15      ]
agent_success: 0

training time:  0.001943349838256836
evaluation time:  11.421883821487427
epoch time:  11.423859119415283


-------------------------------- Iteration 400 -------------------------------- 
initial ob: [-0.03264849  0.51488124  0.2368859  -0.21000095  0.69000054  0.15
  0.2         0.8         0.15        0.2         0.8         0.15      ]
agent_success: 0

training time:  0.0018162727355957031
evaluation time:  10.883448123931885
epoch time:  10.885295629501343


-------------------------------- Iteration 600 -------------------------------- 
initial ob: [-0.03264849  0.51488124  0.2368859  -0.21000095  0.69000054  0.15
  0.2         0.8         0.15        0.2         0.8         0.15      ]
agent_success: 0

training time:  0.001954793930053711
evaluation time:  10.884313821792603
epoch time:  10.886301040649414


-------------------------------- Iteration 800 -------------------------------- 
initial ob: [-0.03264849  0.51488124  0.2368859  -0.21000095  0.69000054  0.15
  0.2         0.8         0.15        0.2         0.8         0.15      ]
agent_success: 0

training time:  0.0018224716186523438
evaluation time:  10.89639163017273
epoch time:  10.898252725601196


-------------------------------- Iteration 1000 -------------------------------- 
initial ob: [-0.03264849  0.51488124  0.2368859  -0.21000095  0.69000054  0.15
  0.2         0.8         0.15        0.2         0.8         0.15      ]
agent_success: 0

training time:  0.001888275146484375
evaluation time:  10.889693021774292
epoch time:  10.891621112823486


-------------------------------- Iteration 1200 -------------------------------- 
initial ob: [-0.03264849  0.51488124  0.2368859  -0.21000095  0.69000054  0.15
  0.2         0.8         0.15        0.2         0.8         0.15      ]
agent_success: 0

training time:  0.0018477439880371094
evaluation time:  10.87209963798523
epoch time:  10.87398362159729


-------------------------------- Iteration 1400 -------------------------------- 
initial ob: [-0.03264849  0.51488124  0.2368859  -0.21000095  0.69000054  0.15
  0.2         0.8         0.15        0.2         0.8         0.15      ]
agent_success: 0

training time:  0.0018181800842285156
evaluation time:  10.876177549362183
epoch time:  10.87802529335022


-------------------------------- Iteration 1600 -------------------------------- 
initial ob: [-0.03264849  0.51488124  0.2368859  -0.21000095  0.69000054  0.15
  0.2         0.8         0.15        0.2         0.8         0.15      ]
agent_success: 0

training time:  0.0018260478973388672
evaluation time:  11.047930479049683
epoch time:  11.049778699874878


-------------------------------- Iteration 1800 -------------------------------- 
initial ob: [-0.03264849  0.51488124  0.2368859  -0.21000095  0.69000054  0.15
  0.2         0.8         0.15        0.2         0.8         0.15      ]
agent_success: 1.0

training time:  0.0018286705017089844
evaluation time:  16.202885627746582
epoch time:  16.204733848571777


-------------------------------- Iteration 2000 -------------------------------- 
initial ob: [-0.03264849  0.51488124  0.2368859  -0.21000095  0.69000054  0.15
  0.2         0.8         0.15        0.2         0.8         0.15      ]
agent_success: 0

training time:  0.0019218921661376953
evaluation time:  13.245960235595703
epoch time:  13.247915029525757


-------------------------------- Iteration 2200 -------------------------------- 
initial ob: [-0.03264849  0.51488124  0.2368859  -0.21000095  0.69000054  0.15
  0.2         0.8         0.15        0.2         0.8         0.15      ]
agent_success: 0

training time:  0.001977205276489258
evaluation time:  13.71355676651001
epoch time:  13.715551853179932


-------------------------------- Iteration 2400 -------------------------------- 
initial ob: [-0.03264849  0.51488124  0.2368859  -0.21000095  0.69000054  0.15
  0.2         0.8         0.15        0.2         0.8         0.15      ]
agent_success: 0

training time:  0.0018515586853027344
evaluation time:  11.154665231704712
epoch time:  11.156540155410767


-------------------------------- Iteration 2600 -------------------------------- 
initial ob: [-0.03264849  0.51488124  0.2368859  -0.21000095  0.69000054  0.15
  0.2         0.8         0.15        0.2         0.8         0.15      ]
agent_success: 0

training time:  0.0018589496612548828
evaluation time:  14.654097318649292
epoch time:  14.655977249145508


-------------------------------- Iteration 2800 -------------------------------- 
initial ob: [-0.03264849  0.51488124  0.2368859  -0.21000095  0.69000054  0.15
  0.2         0.8         0.15        0.2         0.8         0.15      ]
agent_success: 1.0

training time:  0.0018436908721923828
evaluation time:  11.822392702102661
epoch time:  11.824257373809814


-------------------------------- Iteration 3000 -------------------------------- 
initial ob: [-0.03264849  0.51488124  0.2368859  -0.21000095  0.69000054  0.15
  0.2         0.8         0.15        0.2         0.8         0.15      ]
agent_success: 0

training time:  0.001802682876586914
evaluation time:  14.738529205322266
epoch time:  14.740360975265503


-------------------------------- Iteration 3200 -------------------------------- 
initial ob: [-0.03264849  0.51488124  0.2368859  -0.21000095  0.69000054  0.15
  0.2         0.8         0.15        0.2         0.8         0.15      ]
agent_success: 1.0

training time:  0.0018203258514404297
evaluation time:  11.649019241333008
epoch time:  11.650853872299194


-------------------------------- Iteration 3400 -------------------------------- 
initial ob: [-0.03264849  0.51488124  0.2368859  -0.21000095  0.69000054  0.15
  0.2         0.8         0.15        0.2         0.8         0.15      ]
agent_success: 1.0

training time:  0.0018093585968017578
evaluation time:  11.487022161483765
epoch time:  11.488847970962524


-------------------------------- Iteration 3600 -------------------------------- 
initial ob: [-0.03264849  0.51488124  0.2368859  -0.21000095  0.69000054  0.15
  0.2         0.8         0.15        0.2         0.8         0.15      ]
agent_success: 1.0

training time:  0.0018341541290283203
evaluation time:  11.788126945495605
epoch time:  11.789975881576538


-------------------------------- Iteration 3800 -------------------------------- 
initial ob: [-0.03264849  0.51488124  0.2368859  -0.21000095  0.69000054  0.15
  0.2         0.8         0.15        0.2         0.8         0.15      ]
agent_success: 1.0

training time:  0.0018849372863769531
evaluation time:  11.676496267318726
epoch time:  11.67840027809143


-------------------------------- Iteration 4000 -------------------------------- 
initial ob: [-0.03264849  0.51488124  0.2368859  -0.21000095  0.69000054  0.15
  0.2         0.8         0.15        0.2         0.8         0.15      ]
agent_success: 1.0

training time:  0.0018830299377441406
evaluation time:  11.56977653503418
epoch time:  11.57168436050415


-------------------------------- Iteration 4200 -------------------------------- 
initial ob: [-0.03264849  0.51488124  0.2368859  -0.21000095  0.69000054  0.15
  0.2         0.8         0.15        0.2         0.8         0.15      ]
agent_success: 1.0

training time:  0.0018877983093261719
evaluation time:  11.427769660949707
epoch time:  11.429672718048096


-------------------------------- Iteration 4400 -------------------------------- 
initial ob: [-0.03264849  0.51488124  0.2368859  -0.21000095  0.69000054  0.15
  0.2         0.8         0.15        0.2         0.8         0.15      ]
agent_success: 1.0

training time:  0.0018837451934814453
evaluation time:  11.521315813064575
epoch time:  11.523216009140015


-------------------------------- Iteration 4600 -------------------------------- 
initial ob: [-0.03264849  0.51488124  0.2368859  -0.21000095  0.69000054  0.15
  0.2         0.8         0.15        0.2         0.8         0.15      ]
agent_success: 1.0

training time:  0.002050638198852539
evaluation time:  11.695264339447021
epoch time:  11.697329759597778


-------------------------------- Iteration 4800 -------------------------------- 
initial ob: [-0.03264849  0.51488124  0.2368859  -0.21000095  0.69000054  0.15
  0.2         0.8         0.15        0.2         0.8         0.15      ]
agent_success: 1.0

training time:  0.0018317699432373047
evaluation time:  14.832929611206055
epoch time:  14.834779262542725


-------------------------------- Iteration 5000 -------------------------------- 
initial ob: [-0.03264849  0.51488124  0.2368859  -0.21000095  0.69000054  0.15
  0.2         0.8         0.15        0.2         0.8         0.15      ]
agent_success: 1.0

training time:  0.0019257068634033203
evaluation time:  11.359519958496094
epoch time:  11.361474990844727


-------------------------------- Iteration 5200 -------------------------------- 
initial ob: [-0.03264849  0.51488124  0.2368859  -0.21000095  0.69000054  0.15
  0.2         0.8         0.15        0.2         0.8         0.15      ]
agent_success: 0

training time:  0.0019211769104003906
evaluation time:  15.96110725402832
epoch time:  15.963069677352905


-------------------------------- Iteration 5400 -------------------------------- 
initial ob: [-0.03264849  0.51488124  0.2368859  -0.21000095  0.69000054  0.15
  0.2         0.8         0.15        0.2         0.8         0.15      ]
agent_success: 1.0

training time:  0.001953601837158203
evaluation time:  11.422047853469849
epoch time:  11.424019575119019


-------------------------------- Iteration 5600 -------------------------------- 
initial ob: [-0.03264849  0.51488124  0.2368859  -0.21000095  0.69000054  0.15
  0.2         0.8         0.15        0.2         0.8         0.15      ]
agent_success: 1.0

training time:  0.0019016265869140625
evaluation time:  11.521011114120483
epoch time:  11.522940397262573


-------------------------------- Iteration 5800 -------------------------------- 
initial ob: [-0.03264849  0.51488124  0.2368859  -0.21000095  0.69000054  0.15
  0.2         0.8         0.15        0.2         0.8         0.15      ]
agent_success: 1.0

training time:  0.0018870830535888672
evaluation time:  13.24404501914978
epoch time:  13.245948791503906


-------------------------------- Iteration 6000 -------------------------------- 
initial ob: [-0.03264849  0.51488124  0.2368859  -0.21000095  0.69000054  0.15
  0.2         0.8         0.15        0.2         0.8         0.15      ]
agent_success: 1.0

training time:  0.0018224716186523438
evaluation time:  13.165327787399292
epoch time:  13.167166471481323


-------------------------------- Iteration 6200 -------------------------------- 
initial ob: [-0.03264849  0.51488124  0.2368859  -0.21000095  0.69000054  0.15
  0.2         0.8         0.15        0.2         0.8         0.15      ]
agent_success: 1.0

training time:  0.0018508434295654297
evaluation time:  11.292285442352295
epoch time:  11.294181108474731


-------------------------------- Iteration 6400 -------------------------------- 
initial ob: [-0.03264849  0.51488124  0.2368859  -0.21000095  0.69000054  0.15
  0.2         0.8         0.15        0.2         0.8         0.15      ]
agent_success: 1.0

training time:  0.0018527507781982422
evaluation time:  11.575398445129395
epoch time:  11.57726526260376


-------------------------------- Iteration 6600 -------------------------------- 
initial ob: [-0.03264849  0.51488124  0.2368859  -0.21000095  0.69000054  0.15
  0.2         0.8         0.15        0.2         0.8         0.15      ]
agent_success: 1.0

training time:  0.0018579959869384766
evaluation time:  11.351054668426514
epoch time:  11.352929592132568


-------------------------------- Iteration 6800 -------------------------------- 
initial ob: [-0.03264849  0.51488124  0.2368859  -0.21000095  0.69000054  0.15
  0.2         0.8         0.15        0.2         0.8         0.15      ]
agent_success: 0

training time:  0.0019304752349853516
evaluation time:  14.756782293319702
epoch time:  14.758744716644287


-------------------------------- Iteration 7000 -------------------------------- 
initial ob: [-0.03264849  0.51488124  0.2368859  -0.21000095  0.69000054  0.15
  0.2         0.8         0.15        0.2         0.8         0.15      ]
agent_success: 1.0

training time:  0.0018329620361328125
evaluation time:  11.340059995651245
epoch time:  11.341909885406494


-------------------------------- Iteration 7200 -------------------------------- 
initial ob: [-0.03264849  0.51488124  0.2368859  -0.21000095  0.69000054  0.15
  0.2         0.8         0.15        0.2         0.8         0.15      ]
agent_success: 0

training time:  0.0018475055694580078
evaluation time:  15.168498516082764
epoch time:  15.170367956161499


-------------------------------- Iteration 7400 -------------------------------- 
initial ob: [-0.03264849  0.51488124  0.2368859  -0.21000095  0.69000054  0.15
  0.2         0.8         0.15        0.2         0.8         0.15      ]
agent_success: 0

training time:  0.001913309097290039
evaluation time:  11.334097623825073
epoch time:  11.336040735244751


-------------------------------- Iteration 7600 -------------------------------- 
initial ob: [-0.03264849  0.51488124  0.2368859  -0.21000095  0.69000054  0.15
  0.2         0.8         0.15        0.2         0.8         0.15      ]
agent_success: 0

training time:  0.0018317699432373047
evaluation time:  11.359387636184692
epoch time:  11.361236572265625


-------------------------------- Iteration 7800 -------------------------------- 
initial ob: [-0.03264849  0.51488124  0.2368859  -0.21000095  0.69000054  0.15
  0.2         0.8         0.15        0.2         0.8         0.15      ]
agent_success: 1.0

training time:  0.0018377304077148438
evaluation time:  14.334856271743774
epoch time:  14.336710453033447


-------------------------------- Iteration 8000 -------------------------------- 
initial ob: [-0.03264849  0.51488124  0.2368859  -0.21000095  0.69000054  0.15
  0.2         0.8         0.15        0.2         0.8         0.15      ]
agent_success: 0

training time:  0.0018732547760009766
evaluation time:  11.35881781578064
epoch time:  11.360708713531494


-------------------------------- Iteration 8200 -------------------------------- 
initial ob: [-0.03264849  0.51488124  0.2368859  -0.21000095  0.69000054  0.15
  0.2         0.8         0.15        0.2         0.8         0.15      ]
agent_success: 1.0

training time:  0.0018963813781738281
evaluation time:  11.340607166290283
epoch time:  11.342523574829102


-------------------------------- Iteration 8400 -------------------------------- 
initial ob: [-0.03264849  0.51488124  0.2368859  -0.21000095  0.69000054  0.15
  0.2         0.8         0.15        0.2         0.8         0.15      ]
agent_success: 1.0

training time:  0.0019953250885009766
evaluation time:  14.347217559814453
epoch time:  14.349232912063599


-------------------------------- Iteration 8600 -------------------------------- 
initial ob: [-0.03264849  0.51488124  0.2368859  -0.21000095  0.69000054  0.15
  0.2         0.8         0.15        0.2         0.8         0.15      ]
agent_success: 0

training time:  0.0018460750579833984
evaluation time:  11.34064269065857
epoch time:  11.342505931854248


-------------------------------- Iteration 8800 -------------------------------- 
initial ob: [-0.03264849  0.51488124  0.2368859  -0.21000095  0.69000054  0.15
  0.2         0.8         0.15        0.2         0.8         0.15      ]
agent_success: 1.0

training time:  0.0018644332885742188
evaluation time:  11.456054210662842
epoch time:  11.45795226097107


-------------------------------- Iteration 9000 -------------------------------- 
initial ob: [-0.03264849  0.51488124  0.2368859  -0.21000095  0.69000054  0.15
  0.2         0.8         0.15        0.2         0.8         0.15      ]
agent_success: 0

training time:  0.0019872188568115234
evaluation time:  11.367619037628174
epoch time:  11.36963152885437


-------------------------------- Iteration 9200 -------------------------------- 
initial ob: [-0.03264849  0.51488124  0.2368859  -0.21000095  0.69000054  0.15
  0.2         0.8         0.15        0.2         0.8         0.15      ]
agent_success: 0

training time:  0.0019621849060058594
evaluation time:  11.432575225830078
epoch time:  11.434556484222412


-------------------------------- Iteration 9400 -------------------------------- 
initial ob: [-0.03264849  0.51488124  0.2368859  -0.21000095  0.69000054  0.15
  0.2         0.8         0.15        0.2         0.8         0.15      ]
agent_success: 0

training time:  0.0019202232360839844
evaluation time:  11.403757095336914
epoch time:  11.405707120895386


-------------------------------- Iteration 9600 -------------------------------- 
initial ob: [-0.03264849  0.51488124  0.2368859  -0.21000095  0.69000054  0.15
  0.2         0.8         0.15        0.2         0.8         0.15      ]
agent_success: 0

training time:  0.0018525123596191406
evaluation time:  11.358576774597168
epoch time:  11.360446691513062


-------------------------------- Iteration 9800 -------------------------------- 
initial ob: [-0.03264849  0.51488124  0.2368859  -0.21000095  0.69000054  0.15
  0.2         0.8         0.15        0.2         0.8         0.15      ]
agent_success: 1.0

training time:  0.0018410682678222656
evaluation time:  11.448844909667969
epoch time:  11.450713872909546


-------------------------------- Test Results -------------------------------- 
initial ob: [-0.03264849  0.51488124  0.2368859  -0.21000095  0.69000054  0.15
  0.2         0.8         0.15        0.2         0.8         0.15      ]
agent_success: 1.0

mean_success_rate:  1.0
Done
