/var/lib/slurm/slurmd/job3515607/slurm_script: line 9: batch_scripts/MT50_batch/seed.sh: No such file or directory
SLURM_JOBID=3515607
working directory=/viscam/u/jialugao/Imitation-SoftModule
########################
logging outputs to  /viscam/u/jialugao/Imitation-SoftModule/data/Base_bc_reach_dissassemble-v1_2640.000125-01-2022_23-01-56
########################
{'expert_policy_file': '../Multi-Task-RL/log/MT50_Single_Task/dissassemble-v1/Fixed/238/model/model_pf_best.pth', 'exp_name': 'bc_reach', 'do_dagger': False, 'ep_len': 200, 'gradient_steps': 1, 'n_iter': 10000, 'render_interval': 1, 'eval_interval': 200, 'batch_size': 64, 'eval_batch_size': 32, 'train_batch_size': 32, 'n_layers': 2, 'size': 400, 'learning_rate': 0.0001, 'video_log_freq': -1, 'scalar_log_freq': 1, 'no_gpu': False, 'which_gpu': 0, 'max_replay_buffer_size': 1000000, 'save_params': False, 'seed': 32, 'worker_nums': 1, 'eval_worker_nums': 1, 'config': 'config/BC.json', 'no_cuda': True, 'random_init': False, 'device': 'cpu', 'id': 'MT50_Single_Task', 'task_name': 'dissassemble-v1', 'task_env': 'MT50_task_env', 'cuda': False, 'log_dir': '/viscam/u/jialugao/Imitation-SoftModule/data/Base_bc_reach_dissassemble-v1_2640.000125-01-2022_23-01-56', 'agent_class': <class 'agents.bc_agent.MLPAgent'>, 'agent_params': {'n_layers': 2, 'size': 400, 'learning_rate': 0.0001, 'max_replay_buffer_size': 1000000, 'discrete': False, 'ac_dim': 4, 'ob_dim': 9}}
{'env_name': 'single_task', 'env': {'reward_scale': 1, 'obs_norm': False}, 'meta_env': {'obs_type': 'with_goal', 'random_init': False}, 'replay_buffer': {'size': 1000000.0}, 'net': {'hidden_shapes': [400, 400], 'append_hidden_shapes': [400], 'base_type': <class 'networks.base.MLPBase'>}, 'general_setting': {'discount': 0.99, 'pretrain_epochs': 20, 'num_epochs': 7500, 'epoch_frames': 200, 'max_episode_frames': 200, 'batch_size': 1280, 'min_pool': 10000, 'target_hard_update_period': 1000, 'use_soft_update': True, 'tau': 0.005, 'opt_times': 200, 'eval_episodes': 100, 'train_render': False, 'eval_render': False, 'env': <NormAct<RewardShift<SingleWrapperNone>>>, 'logger': <utils.logger.Logger object at 0x7fb8213e3f10>, 'device': device(type='cpu')}, 'sac': {'plr': 0.0003, 'qlr': 0.0003, 'reparameterization': True, 'automatic_entropy_tuning': True, 'policy_std_reg_weight': 0, 'policy_mean_reg_weight': 0}}
Loading expert policy from... ../Multi-Task-RL/log/MT50_Single_Task/dissassemble-v1/Fixed/238/model/model_pf_best.pth
tensor([[-0.7246, -0.0200, -0.5470,  ..., -0.0365, -0.0181, -0.0640],
        [ 0.0708, -0.0335, -0.1121,  ...,  0.0090,  0.0007, -0.0689],
        [-0.0451, -0.3095, -0.2645,  ..., -0.0016,  0.0895,  0.0677],
        ...,
        [ 0.0314, -0.0729, -0.0021,  ...,  0.0400, -0.0395, -0.0347],
        [-0.0131, -0.0380, -0.0870,  ..., -0.0461,  0.0083, -0.0173],
        [ 0.0093, -0.0079, -0.1167,  ..., -0.0211, -0.0510, -0.0191]])
Done restoring expert policy...
<NormAct<RewardShift<AugObs<SawyerNutDisassembleEnv instance>>>>


-------------------------------- Iteration 0 -------------------------------- 
initial ob: [-0.03265068  0.5148846   0.23688553  0.09        0.8         0.02
  0.          0.8         0.17        0.          0.8         0.17      ]
expert:[ 0.98849934  0.9752687   0.98803324 -0.9749033 ]
expert:[ 0.98525673  0.9692504   0.981177   -0.96783376]
expert:[ 0.9852546  0.9716328  0.9817483 -0.9661816]
expert:[ 0.9843761   0.97069734  0.9818421  -0.9613873 ]
expert:[ 0.9795041   0.96099436  0.97006965 -0.9533581 ]
expert:[ 0.97344726  0.948738    0.9564916  -0.9469584 ]
expert:[ 0.9767077   0.95227474  0.96576875 -0.9604227 ]
expert:[ 0.9849841  0.9629221  0.9827683 -0.9776718]
expert:[ 0.9807575   0.96474403  0.5867064  -0.97880703]
expert:[ 0.97751117  0.9767995  -0.96739626 -0.9233618 ]
expert:[ 0.97426426  0.9811382  -0.97495306 -0.90988356]
expert:[ 0.9725388   0.9808906  -0.9754963  -0.93491715]
expert:[ 0.97232574  0.9811638  -0.9716938  -0.958487  ]
expert:[ 0.97218233  0.97929245 -0.966076   -0.9732985 ]
expert:[ 0.97947437  0.9761382  -0.96621436 -0.98421425]
expert:[ 0.98666674  0.97716635 -0.9716411  -0.98934525]
expert:[-0.8594111   0.92655087  0.15892155  0.79700685]
expert:[-0.84643006  0.91263497  0.6283213   0.80014354]
expert:[-0.84679085  0.88935536  0.7763514   0.78724366]
expert:[-0.82562274  0.8506681   0.8050033   0.74689835]
expert:[-0.6811611   0.7298589   0.72655153  0.587969  ]
expert:[-0.25986248  0.36996797  0.38430437  0.23963326]
expert:[ 0.38693532  0.03196175 -0.08881017  0.02099045]
expert:[ 0.80783576 -0.6006348  -0.52402914 -0.01733124]
expert:[ 0.8852305  -0.77768624 -0.6533461  -0.0072327 ]
expert:[ 0.85798603 -0.7450657  -0.6246643   0.00217153]
expert:[ 0.6547434  -0.4863645  -0.39651248  0.01210906]
expert:[0.05507916 0.049379   0.01998403 0.09879746]
expert:[-0.344381    0.18786232  0.3495107   0.2165447 ]
expert:[-0.48693603  0.19853066  0.54060245  0.25324646]
expert:[-0.5347545   0.20314015  0.5677158   0.26112553]
expert:[-0.50319076  0.2020455   0.46758756  0.2422954 ]
expert:[-0.41694874  0.2004173   0.20819056  0.20173378]
expert:[-0.28394344  0.20643577 -0.10608202  0.1566995 ]
expert:[-0.07818417  0.16907759 -0.24625687  0.08776667]
expert:[ 0.29055807 -0.01003656 -0.39530313  0.02398732]
expert:[ 0.5422835  -0.28095427 -0.4888513   0.01658085]
expert:[ 0.59155273 -0.3663694  -0.43847314  0.01332535]
expert:[ 0.41678572 -0.22147445 -0.22656596  0.02799666]
expert:[0.0918157  0.03556445 0.05793316 0.09850295]
expert:[-0.19176899  0.150048    0.28500894  0.1899979 ]
expert:[-0.34027937  0.18322252  0.43163866  0.2281906 ]
expert:[-0.3754841   0.18441875  0.45116773  0.23239513]
expert:[-0.34204635  0.17650646  0.34032434  0.21360534]
expert:[-0.25393328  0.15823063  0.13800262  0.18228835]
expert:[-0.06993421  0.09987453 -0.10260964  0.11137791]
expert:[ 0.11462396  0.00067131 -0.20351388  0.06000935]
expert:[ 0.3550668  -0.18184741 -0.33882242  0.03649142]
expert:[ 0.42648998 -0.25431764 -0.37006158  0.0305213 ]
expert:[ 0.33084887 -0.18761641 -0.27381596  0.03840854]
expert:[ 0.11586273 -0.02428755 -0.1172725   0.07454686]
expert:[-0.07410365  0.08055133  0.0492878   0.13329355]
expert:[-0.2478468   0.13436253  0.21138608  0.18933329]
expert:[-0.30061263  0.14520979  0.301281    0.2031332 ]
expert:[-0.29389533  0.1392823   0.2985677   0.20206761]
expert:[-0.22249754  0.11576393  0.20858574  0.18338767]
expert:[-0.05399511  0.0591182   0.06471729  0.13033274]
expert:[ 0.10568302 -0.04126584 -0.07935538  0.08224364]
expert:[ 0.23936513 -0.15129776 -0.17207783  0.05031877]
expert:[ 0.3108472  -0.20596631 -0.23006988  0.03995046]
expert:[ 0.25018603 -0.15749693 -0.19799325  0.04661933]
expert:[ 0.11558069 -0.04314363 -0.14394091  0.07256497]
expert:[-0.02665356  0.0590977  -0.07022498  0.10549849]
expert:[-0.15235132  0.10052694  0.04469251  0.15132919]
expert:[-0.23864374  0.1240759   0.14152335  0.17902322]
expert:[-0.24432838  0.12297894  0.18581359  0.18470319]
expert:[-0.17843616  0.0995338   0.17120028  0.16992015]
expert:[-0.0584118   0.0585408   0.10551339  0.13554075]
expert:[ 0.06758682 -0.02056559  0.01229046  0.09921268]
expert:[ 0.16661502 -0.10354897 -0.06234895  0.07589325]
expert:[ 0.20923872 -0.14034101 -0.10570939  0.06415724]
expert:[ 0.1912413  -0.12316838 -0.12074745  0.06490267]
expert:[ 0.12189183 -0.06083917 -0.11069579  0.0764439 ]
expert:[ 0.01929561  0.02867588 -0.07946119  0.09530739]
expert:[-0.07741835  0.06794306 -0.02369883  0.12377203]
expert:[-0.15006079  0.09108597  0.04275041  0.14975438]
expert:[-0.17891401  0.09711406  0.09217696  0.16079499]
expert:[-0.14835261  0.08475283  0.11003819  0.15651233]
expert:[-0.07592716  0.05836614  0.08972271  0.1380228 ]
expert:[0.00847804 0.01663974 0.042576   0.11188175]
expert:[ 0.09444781 -0.05701127 -0.01405635  0.0928311 ]
expert:[ 0.14433868 -0.0988861  -0.05055074  0.08161622]
expert:[ 0.14912175 -0.10302906 -0.06830231  0.07871424]
expert:[ 0.11166915 -0.06968262 -0.07087476  0.08394942]
expert:[ 0.04287066 -0.00936198 -0.05782697  0.09553736]
expert:[-0.03324208  0.04245679 -0.02433129  0.11297373]
expert:[-0.09188262  0.06183396  0.01271213  0.13230965]
expert:[-0.12368776  0.07160227  0.04651517  0.14388826]
expert:[-0.11733056  0.0677178   0.06455071  0.14451933]
expert:[-0.0769507   0.05296839  0.05846415  0.13394292]
expert:[-0.02134665  0.03108376  0.03321474  0.1152021 ]
expert:[ 0.0451755  -0.02527765 -0.00167044  0.1016755 ]
expert:[ 0.09349097 -0.0653994  -0.02900711  0.09207793]
expert:[ 0.11151303 -0.08030076 -0.04465677  0.08789308]
expert:[ 0.09528386 -0.06619286 -0.04628935  0.09005634]
expert:[ 0.05080543 -0.02867485 -0.03422863  0.09753598]
expert:[-0.00713857  0.01995629 -0.01321071  0.10780469]
expert:[-0.05502589  0.04325158  0.01069115  0.12190817]
expert:[-0.08341886  0.05280255  0.03205108  0.13263756]
expert:[-0.08745614  0.05367203  0.04248722  0.1348575 ]
expert:[-0.06765225  0.04629052  0.0369553   0.1282355 ]
expert:[-0.03094443  0.03305329  0.01871918  0.11519846]
expert:[ 0.01805458 -0.00713231 -0.00430399  0.10552645]
expert:[ 0.05832484 -0.041157   -0.0227088   0.09802602]
expert:[ 0.07920925 -0.05924933 -0.03183287  0.0942039 ]
expert:[ 0.07491962 -0.0563075  -0.03031966  0.09500419]
expert:[ 0.0478293  -0.03371664 -0.02128203  0.09973903]
expert:[ 0.00744992  0.00036736 -0.0068265   0.10685644]
expert:[-0.03338661  0.03261907  0.00933704  0.11469855]
expert:[-0.05812655  0.04133038  0.02340864  0.12363544]
expert:[-0.06568734  0.04366146  0.03100543  0.12665583]
expert:[-0.0548702   0.03946521  0.02722181  0.12292846]
expert:[-0.02925518  0.02865684  0.01285858  0.11418939]
expert:[ 0.00749941 -0.00205322 -0.00423702  0.10726379]
expert:[ 0.0393294  -0.02910505 -0.01852271  0.10137746]
expert:[ 0.05762308 -0.04516658 -0.02502395  0.09819253]
expert:[ 0.05744279 -0.04585595 -0.02280653  0.09849539]
expert:[ 0.0395047  -0.03104589 -0.01535822  0.1017869 ]
expert:[ 0.01016081 -0.00610736 -0.00456822  0.10697269]
expert:[-0.02201557  0.02145873  0.00752668  0.11270246]
expert:[-0.04343751  0.03444213  0.01739908  0.11826117]
expert:[-0.0507909   0.0369279   0.02380698  0.12113549]
expert:[-0.04377523  0.03419688  0.02146387  0.1187278 ]
expert:[-0.02365225  0.02185538  0.01034042  0.11328089]
expert:[ 0.00479293 -0.0021381  -0.00324262  0.10790019]
expert:[ 0.02972657 -0.02328379 -0.01482954  0.10324451]
expert:[ 0.04423138 -0.03606099 -0.01962567  0.10076156]
expert:[ 0.0445395  -0.03712882 -0.01708856  0.10102536]
expert:[ 0.0309434  -0.02590952 -0.01103335  0.10355831]
expert:[ 0.00815522 -0.00630487 -0.00316776  0.1075201 ]
expert:[-0.01689688  0.01554285  0.00546747  0.11187725]
expert:[-0.03494229  0.03066881  0.01249464  0.11506917]
expert:[-0.0406553   0.03261806  0.0177931   0.1173102 ]
expert:[-0.03478559  0.02980317  0.01641976  0.11555355]
expert:[-0.01725093  0.01516208  0.00814847  0.11224174]
expert:[ 0.00553368 -0.00421617 -0.00269155  0.10794597]
expert:[ 0.02502147 -0.02081813 -0.01168517  0.10431758]
expert:[ 0.03575907 -0.03044679 -0.01463365  0.10255229]
expert:[ 0.03504207 -0.03054454 -0.01201565  0.10296115]
expert:[ 0.02336466 -0.02074484 -0.00740065  0.10506535]
expert:[ 0.00459855 -0.00431837 -0.0018995   0.10821582]
expert:[-0.0152384   0.01334171  0.00392981  0.11154059]
expert:[-0.02928639  0.02566611  0.00923331  0.11402372]
expert:[-0.03339671  0.02857443  0.01308874  0.11498966]
expert:[-0.02713422  0.02317706  0.01216203  0.11405931]
expert:[-0.01197662  0.01020901  0.0057368   0.11128782]
expert:[ 0.00659154 -0.00555109 -0.0029279   0.10780171]
expert:[ 0.02179796 -0.01852992 -0.00938253  0.10502839]
expert:[ 0.02949842 -0.02559223 -0.01061023  0.10386214]
expert:[ 0.027813   -0.02473449 -0.0080004   0.10439681]
expert:[ 0.01748321 -0.01592309 -0.00451376  0.10618813]
expert:[ 0.00175542 -0.00195593 -0.00075392  0.10873476]
expert:[-0.01403395  0.01228947  0.00312307  0.11129179]
expert:[-0.02466267  0.02167065  0.00703063  0.11315715]
expert:[-0.02720398  0.02357783  0.00991596  0.1138217 ]
expert:[-0.02103107  0.01803366  0.00888112  0.1128691 ]
expert:[-0.00819101  0.00705755  0.00360095  0.11053601]
expert:[ 0.0068944  -0.0057518  -0.00317923  0.10773005]
expert:[ 0.01880863 -0.01601217 -0.00758068  0.10562827]
expert:[ 0.0243391  -0.02124536 -0.00773405  0.10487439]
expert:[ 0.02219126 -0.0199075  -0.00534117  0.10544612]
expert:[ 0.01317557 -0.0122002  -0.00269692  0.10696961]
expert:[ 8.9101493e-05 -4.5924887e-04 -6.8299472e-05  1.0903299e-01]
expert:[-0.01251955  0.01098268  0.00258994  0.11102643]
expert:[-0.02063799  0.01816858  0.00544925  0.11243729]
expert:[-0.0220489   0.01917447  0.00746222  0.11285116]
expert:[-0.01645888  0.01418598  0.00643633  0.11197747]
expert:[-0.0057197   0.00499155  0.00222382  0.11004746]
expert:[ 0.00650847 -0.00543381 -0.00291942  0.10781121]
expert:[ 0.01596427 -0.01365444 -0.00591597  0.1061964 ]
expert:[ 0.02003481 -0.0175982  -0.0056685   0.1056838 ]
expert:[ 0.01782553 -0.01609304 -0.00373422  0.10621052]
expert:[ 0.01010641 -0.00947024 -0.00178297  0.10748359]
expert:[-7.0933986e-04  3.0597788e-04  9.5225871e-05  1.0915612e-01]
expert:[-0.01083986  0.00953031  0.00201601  0.11073406]
expert:[-0.01715421  0.01513539  0.00417571  0.1118239 ]
expert:[-0.01793286  0.01565371  0.00564931  0.1120913 ]
expert:[-0.0130577   0.01130775  0.00481066  0.11133466]
expert:[-0.00415312  0.00364886  0.00157905  0.1097629 ]
expert:[ 0.00578547 -0.00487447 -0.00227993  0.10798102]
expert:[ 0.0134049  -0.01155183 -0.00446624  0.1067045 ]
expert:[ 0.01651534 -0.0145703  -0.00425781  0.10631455]
expert:[ 0.01444209 -0.01308706 -0.00287071  0.10676239]
expert:[ 0.00790049 -0.00740263 -0.00143786  0.10781613]
expert:[-9.8150934e-04  6.5070868e-04 -5.9910119e-05  1.0917136e-01]
expert:[-0.00918824  0.00812572  0.00145369  0.11044522]
expert:[-0.0142004   0.0125707   0.00320944  0.1113148 ]
expert:[-0.0146499   0.01282802  0.00440841  0.11150704]
expert:[-0.01051119  0.00912171  0.00382653  0.11087888]
expert:[-0.00316146  0.00276155  0.00138859  0.10960718]
expert:[ 0.00495359 -0.00423445 -0.00156551  0.1081745 ]
expert:[ 0.0111781  -0.00971895 -0.00335063  0.10713229]
expert:[ 0.01363142 -0.01207055 -0.00336562  0.10680474]
expert:[ 0.0118191  -0.01070229 -0.00247754  0.10715898]
expert:[ 0.00632557 -0.00587075 -0.00140785  0.10802808]
expert:[-0.0009843   0.00075953 -0.00029664  0.10914091]
expert:[-0.00769394  0.00685077  0.00102646  0.11019237]
expert:[-0.01175763  0.01043477  0.00256241  0.11091008]
expert:[-0.01205301  0.01056877  0.00361656  0.11106554]
expert:[-0.00858844  0.00744733  0.00324115  0.11055221]
expert_success: 0
path_length: 200
