SLURM_JOBID=3505452
working directory=/viscam/u/jialugao/Imitation-SoftModule
{'obs_type': 'with_goal'}
{'expert_policy_file': 'policy/expert/MT10_Fixed/', 'exp_name': 'mt10_fixed', 'do_dagger': False, 'ep_len': 200, 'num_agent_train_steps_per_iter': 1000, 'n_iter': 100, 'render_interval': 100, 'batch_size': 64, 'eval_batch_size': 32, 'train_batch_size': 32, 'n_layers': 2, 'size': 400, 'learning_rate': 0.0001, 'video_log_freq': -1, 'scalar_log_freq': 1, 'no_gpu': False, 'which_gpu': 0, 'max_replay_buffer_size': 1000000, 'save_params': False, 'seed': 32, 'worker_nums': 1, 'eval_worker_nums': 1, 'config': 'config/soft_module_fixed_mt10.json', 'no_cuda': True, 'random_init': False, 'device': 'cpu', 'id': 'MT10_Single_Task', 'task_name': None, 'task_env': 'MT10_task_env', 'cuda': False, 'agent_class': <class 'agents.bc_agent.SoftModuleAgent'>, 'agent_params': {'n_layers': 2, 'size': 400, 'learning_rate': 0.0001, 'max_replay_buffer_size': 1000000, 'discrete': False, 'ac_dim': 4, 'ob_dim': 9}}
{'env_name': 'mt10', 'env': {'reward_scale': 1, 'obs_norm': False}, 'meta_env': {'obs_type': 'with_goal', 'random_init': False}, 'replay_buffer': {'size': 1000000.0}, 'expert_net': {'hidden_shapes': [400, 400], 'append_hidden_shapes': [400]}, 'net': {'hidden_shapes': [400, 400], 'em_hidden_shapes': [400], 'num_layers': 2, 'num_modules': 2, 'module_hidden': 256, 'num_gating_layers': 2, 'gating_hidden': 256, 'add_bn': False, 'pre_softmax': False, 'base_type': <class 'networks.base.MLPBase'>}, 'general_setting': {'discount': 0.99, 'pretrain_epochs': 20, 'num_epochs': 7500, 'epoch_frames': 200, 'max_episode_frames': 200, 'batch_size': 1280, 'min_pool': 10000, 'target_hard_update_period': 1000, 'use_soft_update': True, 'tau': 0.005, 'opt_times': 200, 'eval_episodes': 1, 'train_render': False, 'eval_render': True, 'env': <NormAct<RewardShift<MTEnv instance>>>, 'device': device(type='cpu')}, 'sac': {'plr': 0.0003, 'qlr': 0.0003, 'reparameterization': True, 'automatic_entropy_tuning': True, 'policy_std_reg_weight': 0, 'policy_mean_reg_weight': 0}}
Loading expert policy from... policy/expert/MT10_Fixed/
Done restoring expert policy...
<NormAct<RewardShift<SawyerReachPushPickPlaceEnv instance>>>
<NormAct<RewardShift<SawyerReachPushPickPlaceEnv instance>>>
<NormAct<RewardShift<SawyerDrawerCloseEnv instance>>>
<NormAct<RewardShift<SawyerButtonPressTopdownEnv instance>>>
/viscam/u/jialugao/.anaconda3/envs/metaworldEnv/lib/python3.7/site-packages/gym/logger.py:30: UserWarning: [33mWARN: Could not seed environment <MTEnv instance>[0m
  warnings.warn(colorize('%s: %s'%('WARN', msg % args), 'yellow'))


-------------------------------- Iteration 0 -------------------------------- 
{'reach-v1_success_rate': array(1., dtype=float32), 'push-v1_success_rate': array(1., dtype=float32), 'drawer-close-v1_success_rate': array(1., dtype=float32), 'button-press-topdown-v1_success_rate': array(1., dtype=float32), 'mean_success_rate': 1.0}

Training agent using sampled data from replay buffer...
training time:  14.744886636734009
evaluation time:  10.853557109832764
epoch time:  25.598473072052002


-------------------------------- Iteration 1 -------------------------------- 
{'reach-v1_success_rate': array(1., dtype=float32), 'push-v1_success_rate': array(1., dtype=float32), 'drawer-close-v1_success_rate': array(1., dtype=float32), 'button-press-topdown-v1_success_rate': array(1., dtype=float32), 'mean_success_rate': 1.0}

Training agent using sampled data from replay buffer...
training time:  16.17660689353943
evaluation time:  10.841062545776367
epoch time:  27.01769995689392


-------------------------------- Iteration 2 -------------------------------- 
{'reach-v1_success_rate': array(1., dtype=float32), 'push-v1_success_rate': array(1., dtype=float32), 'drawer-close-v1_success_rate': array(1., dtype=float32), 'button-press-topdown-v1_success_rate': array(1., dtype=float32), 'mean_success_rate': 1.0}

Training agent using sampled data from replay buffer...
training time:  16.180749893188477
evaluation time:  10.893991708755493
epoch time:  27.074769020080566


-------------------------------- Iteration 3 -------------------------------- 
{'reach-v1_success_rate': array(1., dtype=float32), 'push-v1_success_rate': array(1., dtype=float32), 'drawer-close-v1_success_rate': array(1., dtype=float32), 'button-press-topdown-v1_success_rate': array(1., dtype=float32), 'mean_success_rate': 1.0}

Training agent using sampled data from replay buffer...
training time:  16.294153690338135
evaluation time:  11.051604747772217
epoch time:  27.34578824043274


-------------------------------- Iteration 4 -------------------------------- 
{'reach-v1_success_rate': array(1., dtype=float32), 'push-v1_success_rate': array(1., dtype=float32), 'drawer-close-v1_success_rate': array(1., dtype=float32), 'button-press-topdown-v1_success_rate': array(1., dtype=float32), 'mean_success_rate': 1.0}

Training agent using sampled data from replay buffer...
training time:  16.675424098968506
evaluation time:  10.895447969436646
epoch time:  27.57090449333191


-------------------------------- Iteration 5 -------------------------------- 
{'reach-v1_success_rate': array(1., dtype=float32), 'push-v1_success_rate': array(1., dtype=float32), 'drawer-close-v1_success_rate': array(1., dtype=float32), 'button-press-topdown-v1_success_rate': array(1., dtype=float32), 'mean_success_rate': 1.0}

Training agent using sampled data from replay buffer...
training time:  16.500833749771118
evaluation time:  11.068406581878662
epoch time:  27.569258451461792


-------------------------------- Iteration 6 -------------------------------- 
{'reach-v1_success_rate': array(1., dtype=float32), 'push-v1_success_rate': array(1., dtype=float32), 'drawer-close-v1_success_rate': array(1., dtype=float32), 'button-press-topdown-v1_success_rate': array(1., dtype=float32), 'mean_success_rate': 1.0}

Training agent using sampled data from replay buffer...
training time:  16.676242351531982
evaluation time:  11.084803104400635
epoch time:  27.761078596115112


-------------------------------- Iteration 7 -------------------------------- 
{'reach-v1_success_rate': array(1., dtype=float32), 'push-v1_success_rate': array(1., dtype=float32), 'drawer-close-v1_success_rate': array(1., dtype=float32), 'button-press-topdown-v1_success_rate': array(1., dtype=float32), 'mean_success_rate': 1.0}

Training agent using sampled data from replay buffer...
training time:  16.55218768119812
evaluation time:  10.945350408554077
epoch time:  27.49756383895874


-------------------------------- Iteration 8 -------------------------------- 
{'reach-v1_success_rate': array(1., dtype=float32), 'push-v1_success_rate': array(1., dtype=float32), 'drawer-close-v1_success_rate': array(1., dtype=float32), 'button-press-topdown-v1_success_rate': array(1., dtype=float32), 'mean_success_rate': 1.0}

Training agent using sampled data from replay buffer...
training time:  16.657629251480103
evaluation time:  10.973851442337036
epoch time:  27.63151717185974


-------------------------------- Iteration 9 -------------------------------- 
{'reach-v1_success_rate': array(1., dtype=float32), 'push-v1_success_rate': array(1., dtype=float32), 'drawer-close-v1_success_rate': array(1., dtype=float32), 'button-press-topdown-v1_success_rate': array(1., dtype=float32), 'mean_success_rate': 1.0}

Training agent using sampled data from replay buffer...
training time:  16.408151865005493
evaluation time:  10.881174802780151
epoch time:  27.28939199447632


-------------------------------- Iteration 10 -------------------------------- 
{'reach-v1_success_rate': array(1., dtype=float32), 'push-v1_success_rate': array(1., dtype=float32), 'drawer-close-v1_success_rate': array(1., dtype=float32), 'button-press-topdown-v1_success_rate': array(1., dtype=float32), 'mean_success_rate': 1.0}

Training agent using sampled data from replay buffer...
training time:  16.73882222175598
evaluation time:  11.016603469848633
epoch time:  27.75544261932373


-------------------------------- Iteration 11 -------------------------------- 
{'reach-v1_success_rate': array(1., dtype=float32), 'push-v1_success_rate': array(1., dtype=float32), 'drawer-close-v1_success_rate': array(1., dtype=float32), 'button-press-topdown-v1_success_rate': array(1., dtype=float32), 'mean_success_rate': 1.0}

Training agent using sampled data from replay buffer...
training time:  16.70933198928833
evaluation time:  10.824840545654297
epoch time:  27.53420066833496


-------------------------------- Iteration 12 -------------------------------- 
{'reach-v1_success_rate': array(1., dtype=float32), 'push-v1_success_rate': array(1., dtype=float32), 'drawer-close-v1_success_rate': array(1., dtype=float32), 'button-press-topdown-v1_success_rate': array(1., dtype=float32), 'mean_success_rate': 1.0}

Training agent using sampled data from replay buffer...
training time:  16.64975619316101
evaluation time:  10.865748882293701
epoch time:  27.515522003173828


-------------------------------- Iteration 13 -------------------------------- 
{'reach-v1_success_rate': array(1., dtype=float32), 'push-v1_success_rate': array(1., dtype=float32), 'drawer-close-v1_success_rate': array(1., dtype=float32), 'button-press-topdown-v1_success_rate': array(1., dtype=float32), 'mean_success_rate': 1.0}

Training agent using sampled data from replay buffer...
training time:  16.88219690322876
evaluation time:  10.938800811767578
epoch time:  27.821019172668457


-------------------------------- Iteration 14 -------------------------------- 
{'reach-v1_success_rate': array(1., dtype=float32), 'push-v1_success_rate': array(1., dtype=float32), 'drawer-close-v1_success_rate': array(1., dtype=float32), 'button-press-topdown-v1_success_rate': array(1., dtype=float32), 'mean_success_rate': 1.0}

Training agent using sampled data from replay buffer...
training time:  16.792840242385864
evaluation time:  11.030022144317627
epoch time:  27.822879552841187


-------------------------------- Iteration 15 -------------------------------- 
{'reach-v1_success_rate': array(1., dtype=float32), 'push-v1_success_rate': array(1., dtype=float32), 'drawer-close-v1_success_rate': array(1., dtype=float32), 'button-press-topdown-v1_success_rate': array(1., dtype=float32), 'mean_success_rate': 1.0}

Training agent using sampled data from replay buffer...
training time:  17.155633449554443
evaluation time:  10.99500060081482
epoch time:  28.150667905807495


-------------------------------- Iteration 16 -------------------------------- 
{'reach-v1_success_rate': array(1., dtype=float32), 'push-v1_success_rate': array(1., dtype=float32), 'drawer-close-v1_success_rate': array(1., dtype=float32), 'button-press-topdown-v1_success_rate': array(1., dtype=float32), 'mean_success_rate': 1.0}

Training agent using sampled data from replay buffer...
training time:  17.34165072441101
evaluation time:  11.003394603729248
epoch time:  28.34507179260254


-------------------------------- Iteration 17 -------------------------------- 
{'reach-v1_success_rate': array(1., dtype=float32), 'push-v1_success_rate': array(1., dtype=float32), 'drawer-close-v1_success_rate': array(1., dtype=float32), 'button-press-topdown-v1_success_rate': array(1., dtype=float32), 'mean_success_rate': 1.0}

Training agent using sampled data from replay buffer...
training time:  17.241518259048462
evaluation time:  11.052285432815552
epoch time:  28.29382634162903


-------------------------------- Iteration 18 -------------------------------- 
{'reach-v1_success_rate': array(1., dtype=float32), 'push-v1_success_rate': array(1., dtype=float32), 'drawer-close-v1_success_rate': array(1., dtype=float32), 'button-press-topdown-v1_success_rate': array(1., dtype=float32), 'mean_success_rate': 1.0}

Training agent using sampled data from replay buffer...
training time:  17.11913537979126
evaluation time:  11.06351113319397
epoch time:  28.182677030563354


-------------------------------- Iteration 19 -------------------------------- 
{'reach-v1_success_rate': array(1., dtype=float32), 'push-v1_success_rate': array(1., dtype=float32), 'drawer-close-v1_success_rate': array(1., dtype=float32), 'button-press-topdown-v1_success_rate': array(1., dtype=float32), 'mean_success_rate': 1.0}

Training agent using sampled data from replay buffer...
training time:  17.26129722595215
evaluation time:  11.006452083587646
epoch time:  28.267765522003174


-------------------------------- Iteration 20 -------------------------------- 
{'reach-v1_success_rate': array(1., dtype=float32), 'push-v1_success_rate': array(1., dtype=float32), 'drawer-close-v1_success_rate': array(1., dtype=float32), 'button-press-topdown-v1_success_rate': array(1., dtype=float32), 'mean_success_rate': 1.0}

Training agent using sampled data from replay buffer...
training time:  16.95978569984436
evaluation time:  10.938832998275757
epoch time:  27.8986496925354


-------------------------------- Iteration 21 -------------------------------- 
{'reach-v1_success_rate': array(1., dtype=float32), 'push-v1_success_rate': array(1., dtype=float32), 'drawer-close-v1_success_rate': array(1., dtype=float32), 'button-press-topdown-v1_success_rate': array(1., dtype=float32), 'mean_success_rate': 1.0}

Training agent using sampled data from replay buffer...
training time:  17.123982191085815
evaluation time:  11.028179168701172
epoch time:  28.152178287506104


-------------------------------- Iteration 22 -------------------------------- 
{'reach-v1_success_rate': array(1., dtype=float32), 'push-v1_success_rate': array(1., dtype=float32), 'drawer-close-v1_success_rate': array(1., dtype=float32), 'button-press-topdown-v1_success_rate': array(1., dtype=float32), 'mean_success_rate': 1.0}

Training agent using sampled data from replay buffer...
training time:  16.90288472175598
evaluation time:  11.005358219146729
epoch time:  27.908274173736572


-------------------------------- Iteration 23 -------------------------------- 
{'reach-v1_success_rate': array(1., dtype=float32), 'push-v1_success_rate': array(1., dtype=float32), 'drawer-close-v1_success_rate': array(1., dtype=float32), 'button-press-topdown-v1_success_rate': array(1., dtype=float32), 'mean_success_rate': 1.0}

Training agent using sampled data from replay buffer...
training time:  17.104778051376343
evaluation time:  10.825536966323853
epoch time:  27.930342435836792


-------------------------------- Iteration 24 -------------------------------- 
{'reach-v1_success_rate': array(1., dtype=float32), 'push-v1_success_rate': array(1., dtype=float32), 'drawer-close-v1_success_rate': array(1., dtype=float32), 'button-press-topdown-v1_success_rate': array(1., dtype=float32), 'mean_success_rate': 1.0}

Training agent using sampled data from replay buffer...
training time:  17.060468912124634
evaluation time:  11.048277378082275
epoch time:  28.10881233215332


-------------------------------- Iteration 25 -------------------------------- 
{'reach-v1_success_rate': array(1., dtype=float32), 'push-v1_success_rate': array(1., dtype=float32), 'drawer-close-v1_success_rate': array(1., dtype=float32), 'button-press-topdown-v1_success_rate': array(1., dtype=float32), 'mean_success_rate': 1.0}

Training agent using sampled data from replay buffer...
training time:  17.454334020614624
evaluation time:  11.064050436019897
epoch time:  28.518412828445435


-------------------------------- Iteration 26 -------------------------------- 
{'reach-v1_success_rate': array(1., dtype=float32), 'push-v1_success_rate': array(1., dtype=float32), 'drawer-close-v1_success_rate': array(1., dtype=float32), 'button-press-topdown-v1_success_rate': array(1., dtype=float32), 'mean_success_rate': 1.0}

Training agent using sampled data from replay buffer...
training time:  17.633076190948486
evaluation time:  11.07875919342041
epoch time:  28.711865425109863


-------------------------------- Iteration 27 -------------------------------- 
{'reach-v1_success_rate': array(1., dtype=float32), 'push-v1_success_rate': array(1., dtype=float32), 'drawer-close-v1_success_rate': array(1., dtype=float32), 'button-press-topdown-v1_success_rate': array(1., dtype=float32), 'mean_success_rate': 1.0}

Training agent using sampled data from replay buffer...
training time:  17.618969678878784
evaluation time:  11.239728927612305
epoch time:  28.85876441001892


-------------------------------- Iteration 28 -------------------------------- 
{'reach-v1_success_rate': array(1., dtype=float32), 'push-v1_success_rate': array(1., dtype=float32), 'drawer-close-v1_success_rate': array(1., dtype=float32), 'button-press-topdown-v1_success_rate': array(1., dtype=float32), 'mean_success_rate': 1.0}

Training agent using sampled data from replay buffer...
training time:  17.695905447006226
evaluation time:  10.938409566879272
epoch time:  28.63433837890625


-------------------------------- Iteration 29 -------------------------------- 
{'reach-v1_success_rate': array(1., dtype=float32), 'push-v1_success_rate': array(1., dtype=float32), 'drawer-close-v1_success_rate': array(1., dtype=float32), 'button-press-topdown-v1_success_rate': array(1., dtype=float32), 'mean_success_rate': 1.0}

Training agent using sampled data from replay buffer...
training time:  17.92518663406372
evaluation time:  11.505364418029785
epoch time:  29.430583715438843


-------------------------------- Iteration 30 -------------------------------- 
{'reach-v1_success_rate': array(1., dtype=float32), 'push-v1_success_rate': array(1., dtype=float32), 'drawer-close-v1_success_rate': array(1., dtype=float32), 'button-press-topdown-v1_success_rate': array(1., dtype=float32), 'mean_success_rate': 1.0}

Training agent using sampled data from replay buffer...
training time:  18.11646556854248
evaluation time:  11.339329242706299
epoch time:  29.455823183059692


-------------------------------- Iteration 31 -------------------------------- 
{'reach-v1_success_rate': array(1., dtype=float32), 'push-v1_success_rate': array(1., dtype=float32), 'drawer-close-v1_success_rate': array(1., dtype=float32), 'button-press-topdown-v1_success_rate': array(1., dtype=float32), 'mean_success_rate': 1.0}

Training agent using sampled data from replay buffer...
training time:  18.13258385658264
evaluation time:  11.360757112503052
epoch time:  29.49336552619934


-------------------------------- Iteration 32 -------------------------------- 
{'reach-v1_success_rate': array(1., dtype=float32), 'push-v1_success_rate': array(1., dtype=float32), 'drawer-close-v1_success_rate': array(1., dtype=float32), 'button-press-topdown-v1_success_rate': array(1., dtype=float32), 'mean_success_rate': 1.0}

Training agent using sampled data from replay buffer...
training time:  18.20673394203186
evaluation time:  11.26677656173706
epoch time:  29.473539113998413


-------------------------------- Iteration 33 -------------------------------- 
{'reach-v1_success_rate': array(1., dtype=float32), 'push-v1_success_rate': array(1., dtype=float32), 'drawer-close-v1_success_rate': array(1., dtype=float32), 'button-press-topdown-v1_success_rate': array(1., dtype=float32), 'mean_success_rate': 1.0}

Training agent using sampled data from replay buffer...
training time:  18.072777032852173
evaluation time:  11.264150381088257
epoch time:  29.33694314956665


-------------------------------- Iteration 34 -------------------------------- 
{'reach-v1_success_rate': array(1., dtype=float32), 'push-v1_success_rate': array(1., dtype=float32), 'drawer-close-v1_success_rate': array(1., dtype=float32), 'button-press-topdown-v1_success_rate': array(1., dtype=float32), 'mean_success_rate': 1.0}

Training agent using sampled data from replay buffer...
training time:  18.442747116088867
evaluation time:  11.285192728042603
epoch time:  29.727972745895386


-------------------------------- Iteration 35 -------------------------------- 
{'reach-v1_success_rate': array(1., dtype=float32), 'push-v1_success_rate': array(1., dtype=float32), 'drawer-close-v1_success_rate': array(1., dtype=float32), 'button-press-topdown-v1_success_rate': array(1., dtype=float32), 'mean_success_rate': 1.0}

Training agent using sampled data from replay buffer...
training time:  18.267122268676758
evaluation time:  11.452941179275513
epoch time:  29.72008228302002


-------------------------------- Iteration 36 -------------------------------- 
{'reach-v1_success_rate': array(1., dtype=float32), 'push-v1_success_rate': array(1., dtype=float32), 'drawer-close-v1_success_rate': array(1., dtype=float32), 'button-press-topdown-v1_success_rate': array(1., dtype=float32), 'mean_success_rate': 1.0}

Training agent using sampled data from replay buffer...
training time:  18.00465178489685
evaluation time:  11.152782440185547
epoch time:  29.157460927963257


-------------------------------- Iteration 37 -------------------------------- 
{'reach-v1_success_rate': array(1., dtype=float32), 'push-v1_success_rate': array(1., dtype=float32), 'drawer-close-v1_success_rate': array(1., dtype=float32), 'button-press-topdown-v1_success_rate': array(1., dtype=float32), 'mean_success_rate': 1.0}

Training agent using sampled data from replay buffer...
training time:  18.024062871932983
evaluation time:  11.016117095947266
epoch time:  29.040206909179688


-------------------------------- Iteration 38 -------------------------------- 
{'reach-v1_success_rate': array(1., dtype=float32), 'push-v1_success_rate': array(1., dtype=float32), 'drawer-close-v1_success_rate': array(1., dtype=float32), 'button-press-topdown-v1_success_rate': array(1., dtype=float32), 'mean_success_rate': 1.0}

Training agent using sampled data from replay buffer...
training time:  18.13028049468994
evaluation time:  11.024237155914307
epoch time:  29.154547214508057


-------------------------------- Iteration 39 -------------------------------- 
{'reach-v1_success_rate': array(1., dtype=float32), 'push-v1_success_rate': array(1., dtype=float32), 'drawer-close-v1_success_rate': array(1., dtype=float32), 'button-press-topdown-v1_success_rate': array(1., dtype=float32), 'mean_success_rate': 1.0}

Training agent using sampled data from replay buffer...
training time:  18.202922821044922
evaluation time:  11.140188455581665
epoch time:  29.34313702583313


-------------------------------- Iteration 40 -------------------------------- 
{'reach-v1_success_rate': array(1., dtype=float32), 'push-v1_success_rate': array(1., dtype=float32), 'drawer-close-v1_success_rate': array(1., dtype=float32), 'button-press-topdown-v1_success_rate': array(1., dtype=float32), 'mean_success_rate': 1.0}

Training agent using sampled data from replay buffer...
training time:  18.990041494369507
evaluation time:  11.301684379577637
epoch time:  30.291743516921997


-------------------------------- Iteration 41 -------------------------------- 
{'reach-v1_success_rate': array(1., dtype=float32), 'push-v1_success_rate': array(1., dtype=float32), 'drawer-close-v1_success_rate': array(1., dtype=float32), 'button-press-topdown-v1_success_rate': array(1., dtype=float32), 'mean_success_rate': 1.0}

Training agent using sampled data from replay buffer...
training time:  18.84009838104248
evaluation time:  11.212507963180542
epoch time:  30.05267572402954


-------------------------------- Iteration 42 -------------------------------- 
{'reach-v1_success_rate': array(1., dtype=float32), 'push-v1_success_rate': array(1., dtype=float32), 'drawer-close-v1_success_rate': array(1., dtype=float32), 'button-press-topdown-v1_success_rate': array(1., dtype=float32), 'mean_success_rate': 1.0}

Training agent using sampled data from replay buffer...
training time:  19.036003351211548
evaluation time:  11.313953399658203
epoch time:  30.349974632263184


-------------------------------- Iteration 43 -------------------------------- 
{'reach-v1_success_rate': array(1., dtype=float32), 'push-v1_success_rate': array(1., dtype=float32), 'drawer-close-v1_success_rate': array(1., dtype=float32), 'button-press-topdown-v1_success_rate': array(1., dtype=float32), 'mean_success_rate': 1.0}

Training agent using sampled data from replay buffer...
training time:  19.0377140045166
evaluation time:  11.316575050354004
epoch time:  30.354318618774414


-------------------------------- Iteration 44 -------------------------------- 
{'reach-v1_success_rate': array(1., dtype=float32), 'push-v1_success_rate': array(1., dtype=float32), 'drawer-close-v1_success_rate': array(1., dtype=float32), 'button-press-topdown-v1_success_rate': array(1., dtype=float32), 'mean_success_rate': 1.0}

Training agent using sampled data from replay buffer...
training time:  19.1308913230896
evaluation time:  11.187247037887573
epoch time:  30.318217754364014


-------------------------------- Iteration 45 -------------------------------- 
{'reach-v1_success_rate': array(1., dtype=float32), 'push-v1_success_rate': array(1., dtype=float32), 'drawer-close-v1_success_rate': array(1., dtype=float32), 'button-press-topdown-v1_success_rate': array(1., dtype=float32), 'mean_success_rate': 1.0}

Training agent using sampled data from replay buffer...
training time:  19.114319324493408
evaluation time:  11.298220872879028
epoch time:  30.41255760192871


-------------------------------- Iteration 46 -------------------------------- 
{'reach-v1_success_rate': array(1., dtype=float32), 'push-v1_success_rate': array(1., dtype=float32), 'drawer-close-v1_success_rate': array(1., dtype=float32), 'button-press-topdown-v1_success_rate': array(1., dtype=float32), 'mean_success_rate': 1.0}

Training agent using sampled data from replay buffer...
training time:  19.507800102233887
evaluation time:  11.261662244796753
epoch time:  30.76949667930603


-------------------------------- Iteration 47 -------------------------------- 
{'reach-v1_success_rate': array(1., dtype=float32), 'push-v1_success_rate': array(1., dtype=float32), 'drawer-close-v1_success_rate': array(1., dtype=float32), 'button-press-topdown-v1_success_rate': array(1., dtype=float32), 'mean_success_rate': 1.0}

Training agent using sampled data from replay buffer...
training time:  18.795832633972168
evaluation time:  10.982033252716064
epoch time:  29.77789282798767


-------------------------------- Iteration 48 -------------------------------- 
{'reach-v1_success_rate': array(1., dtype=float32), 'push-v1_success_rate': array(1., dtype=float32), 'drawer-close-v1_success_rate': array(1., dtype=float32), 'button-press-topdown-v1_success_rate': array(1., dtype=float32), 'mean_success_rate': 1.0}

Training agent using sampled data from replay buffer...
training time:  18.868337154388428
evaluation time:  10.914625883102417
epoch time:  29.7829909324646


-------------------------------- Iteration 49 -------------------------------- 
{'reach-v1_success_rate': array(1., dtype=float32), 'push-v1_success_rate': array(1., dtype=float32), 'drawer-close-v1_success_rate': array(1., dtype=float32), 'button-press-topdown-v1_success_rate': array(1., dtype=float32), 'mean_success_rate': 1.0}

Training agent using sampled data from replay buffer...
training time:  18.992371082305908
evaluation time:  10.975645780563354
epoch time:  29.968042612075806


-------------------------------- Iteration 50 -------------------------------- 
{'reach-v1_success_rate': array(1., dtype=float32), 'push-v1_success_rate': array(1., dtype=float32), 'drawer-close-v1_success_rate': array(1., dtype=float32), 'button-press-topdown-v1_success_rate': array(1., dtype=float32), 'mean_success_rate': 1.0}

Training agent using sampled data from replay buffer...
training time:  18.96558952331543
evaluation time:  10.75978398323059
epoch time:  29.725404500961304


-------------------------------- Iteration 51 -------------------------------- 
{'reach-v1_success_rate': array(1., dtype=float32), 'push-v1_success_rate': array(1., dtype=float32), 'drawer-close-v1_success_rate': array(1., dtype=float32), 'button-press-topdown-v1_success_rate': array(1., dtype=float32), 'mean_success_rate': 1.0}

Training agent using sampled data from replay buffer...
training time:  18.68364906311035
evaluation time:  10.781720638275146
epoch time:  29.465401887893677


-------------------------------- Iteration 52 -------------------------------- 
{'reach-v1_success_rate': array(1., dtype=float32), 'push-v1_success_rate': array(1., dtype=float32), 'drawer-close-v1_success_rate': array(1., dtype=float32), 'button-press-topdown-v1_success_rate': array(1., dtype=float32), 'mean_success_rate': 1.0}

Training agent using sampled data from replay buffer...
training time:  18.802910804748535
evaluation time:  10.92845606803894
epoch time:  29.73138427734375


-------------------------------- Iteration 53 -------------------------------- 
{'reach-v1_success_rate': array(1., dtype=float32), 'push-v1_success_rate': array(1., dtype=float32), 'drawer-close-v1_success_rate': array(1., dtype=float32), 'button-press-topdown-v1_success_rate': array(1., dtype=float32), 'mean_success_rate': 1.0}

Training agent using sampled data from replay buffer...
training time:  18.812103509902954
evaluation time:  10.820837259292603
epoch time:  29.63297390937805


-------------------------------- Iteration 54 -------------------------------- 
{'reach-v1_success_rate': array(1., dtype=float32), 'push-v1_success_rate': array(1., dtype=float32), 'drawer-close-v1_success_rate': array(1., dtype=float32), 'button-press-topdown-v1_success_rate': array(1., dtype=float32), 'mean_success_rate': 1.0}

Training agent using sampled data from replay buffer...
training time:  18.990484476089478
evaluation time:  10.757683753967285
epoch time:  29.748194694519043


-------------------------------- Iteration 55 -------------------------------- 
{'reach-v1_success_rate': array(1., dtype=float32), 'push-v1_success_rate': array(1., dtype=float32), 'drawer-close-v1_success_rate': array(1., dtype=float32), 'button-press-topdown-v1_success_rate': array(1., dtype=float32), 'mean_success_rate': 1.0}

Training agent using sampled data from replay buffer...
training time:  19.20111846923828
evaluation time:  10.92057490348816
epoch time:  30.121718168258667


-------------------------------- Iteration 56 -------------------------------- 
{'reach-v1_success_rate': array(1., dtype=float32), 'push-v1_success_rate': array(1., dtype=float32), 'drawer-close-v1_success_rate': array(1., dtype=float32), 'button-press-topdown-v1_success_rate': array(1., dtype=float32), 'mean_success_rate': 1.0}

Training agent using sampled data from replay buffer...
training time:  19.757513761520386
evaluation time:  10.910280227661133
epoch time:  30.667819023132324


-------------------------------- Iteration 57 -------------------------------- 
{'reach-v1_success_rate': array(1., dtype=float32), 'push-v1_success_rate': array(1., dtype=float32), 'drawer-close-v1_success_rate': array(1., dtype=float32), 'button-press-topdown-v1_success_rate': array(1., dtype=float32), 'mean_success_rate': 1.0}

Training agent using sampled data from replay buffer...
training time:  20.117606163024902
evaluation time:  10.921940803527832
epoch time:  31.039571285247803


-------------------------------- Iteration 58 -------------------------------- 
{'reach-v1_success_rate': array(1., dtype=float32), 'push-v1_success_rate': array(1., dtype=float32), 'drawer-close-v1_success_rate': array(1., dtype=float32), 'button-press-topdown-v1_success_rate': array(1., dtype=float32), 'mean_success_rate': 1.0}

Training agent using sampled data from replay buffer...
training time:  20.34876036643982
evaluation time:  11.090761184692383
epoch time:  31.439579248428345


-------------------------------- Iteration 59 -------------------------------- 
{'reach-v1_success_rate': array(1., dtype=float32), 'push-v1_success_rate': array(1., dtype=float32), 'drawer-close-v1_success_rate': array(1., dtype=float32), 'button-press-topdown-v1_success_rate': array(1., dtype=float32), 'mean_success_rate': 1.0}

Training agent using sampled data from replay buffer...
training time:  20.567846298217773
evaluation time:  10.98131799697876
epoch time:  31.54918146133423


-------------------------------- Iteration 60 -------------------------------- 
{'reach-v1_success_rate': array(1., dtype=float32), 'push-v1_success_rate': array(1., dtype=float32), 'drawer-close-v1_success_rate': array(1., dtype=float32), 'button-press-topdown-v1_success_rate': array(1., dtype=float32), 'mean_success_rate': 1.0}

Training agent using sampled data from replay buffer...
training time:  20.7509548664093
evaluation time:  10.937947511672974
epoch time:  31.688925981521606


-------------------------------- Iteration 61 -------------------------------- 
{'reach-v1_success_rate': array(1., dtype=float32), 'push-v1_success_rate': array(1., dtype=float32), 'drawer-close-v1_success_rate': array(1., dtype=float32), 'button-press-topdown-v1_success_rate': array(1., dtype=float32), 'mean_success_rate': 1.0}

Training agent using sampled data from replay buffer...
training time:  20.59229850769043
evaluation time:  10.965967416763306
epoch time:  31.558333158493042


-------------------------------- Iteration 62 -------------------------------- 
{'reach-v1_success_rate': array(1., dtype=float32), 'push-v1_success_rate': array(1., dtype=float32), 'drawer-close-v1_success_rate': array(1., dtype=float32), 'button-press-topdown-v1_success_rate': array(1., dtype=float32), 'mean_success_rate': 1.0}

Training agent using sampled data from replay buffer...
training time:  20.76716423034668
evaluation time:  10.85225248336792
epoch time:  31.619433641433716


-------------------------------- Iteration 63 -------------------------------- 
{'reach-v1_success_rate': array(1., dtype=float32), 'push-v1_success_rate': array(1., dtype=float32), 'drawer-close-v1_success_rate': array(1., dtype=float32), 'button-press-topdown-v1_success_rate': array(1., dtype=float32), 'mean_success_rate': 1.0}

Training agent using sampled data from replay buffer...
training time:  20.796764612197876
evaluation time:  10.90610146522522
epoch time:  31.702895641326904


-------------------------------- Iteration 64 -------------------------------- 
{'reach-v1_success_rate': array(1., dtype=float32), 'push-v1_success_rate': array(1., dtype=float32), 'drawer-close-v1_success_rate': array(1., dtype=float32), 'button-press-topdown-v1_success_rate': array(1., dtype=float32), 'mean_success_rate': 1.0}

Training agent using sampled data from replay buffer...
training time:  20.93249273300171
evaluation time:  11.048859357833862
epoch time:  31.981369972229004


-------------------------------- Iteration 65 -------------------------------- 
{'reach-v1_success_rate': array(1., dtype=float32), 'push-v1_success_rate': array(1., dtype=float32), 'drawer-close-v1_success_rate': array(1., dtype=float32), 'button-press-topdown-v1_success_rate': array(1., dtype=float32), 'mean_success_rate': 1.0}

Training agent using sampled data from replay buffer...
training time:  21.004924774169922
evaluation time:  10.937626361846924
epoch time:  31.942580938339233


-------------------------------- Iteration 66 -------------------------------- 
{'reach-v1_success_rate': array(1., dtype=float32), 'push-v1_success_rate': array(1., dtype=float32), 'drawer-close-v1_success_rate': array(1., dtype=float32), 'button-press-topdown-v1_success_rate': array(1., dtype=float32), 'mean_success_rate': 1.0}

Training agent using sampled data from replay buffer...
training time:  21.317639350891113
evaluation time:  10.881149768829346
epoch time:  32.19882154464722


-------------------------------- Iteration 67 -------------------------------- 
{'reach-v1_success_rate': array(1., dtype=float32), 'push-v1_success_rate': array(1., dtype=float32), 'drawer-close-v1_success_rate': array(1., dtype=float32), 'button-press-topdown-v1_success_rate': array(1., dtype=float32), 'mean_success_rate': 1.0}

Training agent using sampled data from replay buffer...
training time:  21.398601531982422
evaluation time:  10.952301025390625
epoch time:  32.35092115402222


-------------------------------- Iteration 68 -------------------------------- 
{'reach-v1_success_rate': array(1., dtype=float32), 'push-v1_success_rate': array(1., dtype=float32), 'drawer-close-v1_success_rate': array(1., dtype=float32), 'button-press-topdown-v1_success_rate': array(1., dtype=float32), 'mean_success_rate': 1.0}

Training agent using sampled data from replay buffer...
training time:  21.3915114402771
evaluation time:  11.089492321014404
epoch time:  32.48102521896362


-------------------------------- Iteration 69 -------------------------------- 
{'reach-v1_success_rate': array(1., dtype=float32), 'push-v1_success_rate': array(1., dtype=float32), 'drawer-close-v1_success_rate': array(1., dtype=float32), 'button-press-topdown-v1_success_rate': array(1., dtype=float32), 'mean_success_rate': 1.0}

Training agent using sampled data from replay buffer...
training time:  21.595696210861206
evaluation time:  10.98714303970337
epoch time:  32.58286428451538


-------------------------------- Iteration 70 -------------------------------- 
{'reach-v1_success_rate': array(1., dtype=float32), 'push-v1_success_rate': array(1., dtype=float32), 'drawer-close-v1_success_rate': array(1., dtype=float32), 'button-press-topdown-v1_success_rate': array(1., dtype=float32), 'mean_success_rate': 1.0}

Training agent using sampled data from replay buffer...
training time:  21.183595895767212
evaluation time:  10.892334222793579
epoch time:  32.07595181465149


-------------------------------- Iteration 71 -------------------------------- 
{'reach-v1_success_rate': array(1., dtype=float32), 'push-v1_success_rate': array(1., dtype=float32), 'drawer-close-v1_success_rate': array(1., dtype=float32), 'button-press-topdown-v1_success_rate': array(1., dtype=float32), 'mean_success_rate': 1.0}

Training agent using sampled data from replay buffer...
training time:  21.251652002334595
evaluation time:  10.960652589797974
epoch time:  32.212342739105225


-------------------------------- Iteration 72 -------------------------------- 
{'reach-v1_success_rate': array(1., dtype=float32), 'push-v1_success_rate': array(1., dtype=float32), 'drawer-close-v1_success_rate': array(1., dtype=float32), 'button-press-topdown-v1_success_rate': array(1., dtype=float32), 'mean_success_rate': 1.0}

Training agent using sampled data from replay buffer...
training time:  21.12404727935791
evaluation time:  10.882827043533325
epoch time:  32.006908655166626


-------------------------------- Iteration 73 -------------------------------- 
{'reach-v1_success_rate': array(1., dtype=float32), 'push-v1_success_rate': array(1., dtype=float32), 'drawer-close-v1_success_rate': array(1., dtype=float32), 'button-press-topdown-v1_success_rate': array(1., dtype=float32), 'mean_success_rate': 1.0}

Training agent using sampled data from replay buffer...
training time:  21.319421529769897
evaluation time:  10.801249742507935
epoch time:  32.12069368362427


-------------------------------- Iteration 74 -------------------------------- 
{'reach-v1_success_rate': array(1., dtype=float32), 'push-v1_success_rate': array(1., dtype=float32), 'drawer-close-v1_success_rate': array(1., dtype=float32), 'button-press-topdown-v1_success_rate': array(1., dtype=float32), 'mean_success_rate': 1.0}

Training agent using sampled data from replay buffer...
training time:  21.32551646232605
evaluation time:  10.969733953475952
epoch time:  32.295268297195435


-------------------------------- Iteration 75 -------------------------------- 
{'reach-v1_success_rate': array(1., dtype=float32), 'push-v1_success_rate': array(1., dtype=float32), 'drawer-close-v1_success_rate': array(1., dtype=float32), 'button-press-topdown-v1_success_rate': array(1., dtype=float32), 'mean_success_rate': 1.0}

Training agent using sampled data from replay buffer...
training time:  21.50891137123108
evaluation time:  10.907324314117432
epoch time:  32.416300535202026


-------------------------------- Iteration 76 -------------------------------- 
{'reach-v1_success_rate': array(1., dtype=float32), 'push-v1_success_rate': array(1., dtype=float32), 'drawer-close-v1_success_rate': array(1., dtype=float32), 'button-press-topdown-v1_success_rate': array(1., dtype=float32), 'mean_success_rate': 1.0}

Training agent using sampled data from replay buffer...
training time:  21.70028591156006
evaluation time:  10.990322351455688
epoch time:  32.69063925743103


-------------------------------- Iteration 77 -------------------------------- 
{'reach-v1_success_rate': array(1., dtype=float32), 'push-v1_success_rate': array(1., dtype=float32), 'drawer-close-v1_success_rate': array(1., dtype=float32), 'button-press-topdown-v1_success_rate': array(1., dtype=float32), 'mean_success_rate': 1.0}

Training agent using sampled data from replay buffer...
training time:  21.72903537750244
evaluation time:  10.974216938018799
epoch time:  32.70328211784363


-------------------------------- Iteration 78 -------------------------------- 
{'reach-v1_success_rate': array(1., dtype=float32), 'push-v1_success_rate': array(1., dtype=float32), 'drawer-close-v1_success_rate': array(1., dtype=float32), 'button-press-topdown-v1_success_rate': array(1., dtype=float32), 'mean_success_rate': 1.0}

Training agent using sampled data from replay buffer...
training time:  21.81435489654541
evaluation time:  11.136701345443726
epoch time:  32.951114892959595


-------------------------------- Iteration 79 -------------------------------- 
{'reach-v1_success_rate': array(1., dtype=float32), 'push-v1_success_rate': array(1., dtype=float32), 'drawer-close-v1_success_rate': array(1., dtype=float32), 'button-press-topdown-v1_success_rate': array(1., dtype=float32), 'mean_success_rate': 1.0}

Training agent using sampled data from replay buffer...
training time:  21.854841947555542
evaluation time:  10.872816324234009
epoch time:  32.7276873588562


-------------------------------- Iteration 80 -------------------------------- 
{'reach-v1_success_rate': array(1., dtype=float32), 'push-v1_success_rate': array(1., dtype=float32), 'drawer-close-v1_success_rate': array(1., dtype=float32), 'button-press-topdown-v1_success_rate': array(1., dtype=float32), 'mean_success_rate': 1.0}

Training agent using sampled data from replay buffer...
training time:  21.660542011260986
evaluation time:  10.818068265914917
epoch time:  32.4786376953125


-------------------------------- Iteration 81 -------------------------------- 
{'reach-v1_success_rate': array(1., dtype=float32), 'push-v1_success_rate': array(1., dtype=float32), 'drawer-close-v1_success_rate': array(1., dtype=float32), 'button-press-topdown-v1_success_rate': array(1., dtype=float32), 'mean_success_rate': 1.0}

Training agent using sampled data from replay buffer...
training time:  21.734400272369385
evaluation time:  11.00095009803772
epoch time:  32.735377073287964


-------------------------------- Iteration 82 -------------------------------- 
{'reach-v1_success_rate': array(1., dtype=float32), 'push-v1_success_rate': array(1., dtype=float32), 'drawer-close-v1_success_rate': array(1., dtype=float32), 'button-press-topdown-v1_success_rate': array(1., dtype=float32), 'mean_success_rate': 1.0}

Training agent using sampled data from replay buffer...
training time:  21.726112365722656
evaluation time:  10.806991815567017
epoch time:  32.53312921524048


-------------------------------- Iteration 83 -------------------------------- 
{'reach-v1_success_rate': array(1., dtype=float32), 'push-v1_success_rate': array(1., dtype=float32), 'drawer-close-v1_success_rate': array(1., dtype=float32), 'button-press-topdown-v1_success_rate': array(1., dtype=float32), 'mean_success_rate': 1.0}

Training agent using sampled data from replay buffer...
training time:  21.81431484222412
evaluation time:  10.868486166000366
epoch time:  32.68281602859497


-------------------------------- Iteration 84 -------------------------------- 
<string>:6: FutureWarning: The input object of type 'Tensor' is an array-like implementing one of the corresponding protocols (`__array__`, `__array_interface__` or `__array_struct__`); but not a sequence (or 0-D). In the future, this object will be coerced as if it was first converted using `np.array(obj)`. To retain the old behaviour, you have to either modify the type 'Tensor', or assign to an empty array created with `np.empty(correct_shape, dtype=object)`.
<string>:6: VisibleDeprecationWarning: Creating an ndarray from ragged nested sequences (which is a list-or-tuple of lists-or-tuples-or ndarrays with different lengths or shapes) is deprecated. If you meant to do this, you must specify 'dtype=object' when creating the ndarray.
{'reach-v1_success_rate': array(1., dtype=float32), 'push-v1_success_rate': array(1., dtype=float32), 'drawer-close-v1_success_rate': array(1., dtype=float32), 'button-press-topdown-v1_success_rate': array(1., dtype=float32), 'mean_success_rate': 1.0}

Training agent using sampled data from replay buffer...
training time:  21.98412847518921
evaluation time:  10.897501707077026
epoch time:  32.88166069984436


-------------------------------- Iteration 85 -------------------------------- 
{'reach-v1_success_rate': array(1., dtype=float32), 'push-v1_success_rate': array(1., dtype=float32), 'drawer-close-v1_success_rate': array(1., dtype=float32), 'button-press-topdown-v1_success_rate': array(1., dtype=float32), 'mean_success_rate': 1.0}

Training agent using sampled data from replay buffer...
training time:  22.18587017059326
evaluation time:  11.160239934921265
epoch time:  33.3461275100708


-------------------------------- Iteration 86 -------------------------------- 
{'reach-v1_success_rate': array(1., dtype=float32), 'push-v1_success_rate': array(1., dtype=float32), 'drawer-close-v1_success_rate': array(1., dtype=float32), 'button-press-topdown-v1_success_rate': array(1., dtype=float32), 'mean_success_rate': 1.0}

Training agent using sampled data from replay buffer...
training time:  22.071730852127075
evaluation time:  11.038588762283325
epoch time:  33.1103458404541


-------------------------------- Iteration 87 -------------------------------- 
{'reach-v1_success_rate': array(1., dtype=float32), 'push-v1_success_rate': array(1., dtype=float32), 'drawer-close-v1_success_rate': array(1., dtype=float32), 'button-press-topdown-v1_success_rate': array(1., dtype=float32), 'mean_success_rate': 1.0}

Training agent using sampled data from replay buffer...
training time:  22.266446352005005
evaluation time:  10.960857152938843
epoch time:  33.227335691452026


-------------------------------- Iteration 88 -------------------------------- 
{'reach-v1_success_rate': array(1., dtype=float32), 'push-v1_success_rate': array(1., dtype=float32), 'drawer-close-v1_success_rate': array(1., dtype=float32), 'button-press-topdown-v1_success_rate': array(1., dtype=float32), 'mean_success_rate': 1.0}

Training agent using sampled data from replay buffer...
training time:  22.333422422409058
evaluation time:  10.93231201171875
epoch time:  33.26576113700867


-------------------------------- Iteration 89 -------------------------------- 
{'reach-v1_success_rate': array(1., dtype=float32), 'push-v1_success_rate': array(1., dtype=float32), 'drawer-close-v1_success_rate': array(1., dtype=float32), 'button-press-topdown-v1_success_rate': array(1., dtype=float32), 'mean_success_rate': 1.0}

Training agent using sampled data from replay buffer...
training time:  22.135940551757812
evaluation time:  10.994522333145142
epoch time:  33.130483865737915


-------------------------------- Iteration 90 -------------------------------- 
{'reach-v1_success_rate': array(1., dtype=float32), 'push-v1_success_rate': array(1., dtype=float32), 'drawer-close-v1_success_rate': array(1., dtype=float32), 'button-press-topdown-v1_success_rate': array(1., dtype=float32), 'mean_success_rate': 1.0}

Training agent using sampled data from replay buffer...
training time:  22.115087747573853
evaluation time:  10.788132190704346
epoch time:  32.903250217437744


-------------------------------- Iteration 91 -------------------------------- 
{'reach-v1_success_rate': array(1., dtype=float32), 'push-v1_success_rate': array(1., dtype=float32), 'drawer-close-v1_success_rate': array(1., dtype=float32), 'button-press-topdown-v1_success_rate': array(1., dtype=float32), 'mean_success_rate': 1.0}

Training agent using sampled data from replay buffer...
training time:  22.15801429748535
evaluation time:  10.85077452659607
epoch time:  33.00881385803223


-------------------------------- Iteration 92 -------------------------------- 
{'reach-v1_success_rate': array(1., dtype=float32), 'push-v1_success_rate': array(1., dtype=float32), 'drawer-close-v1_success_rate': array(1., dtype=float32), 'button-press-topdown-v1_success_rate': array(1., dtype=float32), 'mean_success_rate': 1.0}

Training agent using sampled data from replay buffer...
training time:  22.100255966186523
evaluation time:  11.069988012313843
epoch time:  33.17031288146973


-------------------------------- Iteration 93 -------------------------------- 
{'reach-v1_success_rate': array(1., dtype=float32), 'push-v1_success_rate': array(1., dtype=float32), 'drawer-close-v1_success_rate': array(1., dtype=float32), 'button-press-topdown-v1_success_rate': array(1., dtype=float32), 'mean_success_rate': 1.0}

Training agent using sampled data from replay buffer...
training time:  22.28892970085144
evaluation time:  10.87541937828064
epoch time:  33.16438031196594


-------------------------------- Iteration 94 -------------------------------- 
{'reach-v1_success_rate': array(1., dtype=float32), 'push-v1_success_rate': array(1., dtype=float32), 'drawer-close-v1_success_rate': array(1., dtype=float32), 'button-press-topdown-v1_success_rate': array(1., dtype=float32), 'mean_success_rate': 1.0}

Training agent using sampled data from replay buffer...
training time:  22.634993076324463
evaluation time:  10.978939056396484
epoch time:  33.613948822021484


-------------------------------- Iteration 95 -------------------------------- 
{'reach-v1_success_rate': array(1., dtype=float32), 'push-v1_success_rate': array(1., dtype=float32), 'drawer-close-v1_success_rate': array(1., dtype=float32), 'button-press-topdown-v1_success_rate': array(1., dtype=float32), 'mean_success_rate': 1.0}

Training agent using sampled data from replay buffer...
training time:  22.628110885620117
evaluation time:  11.132325887680054
epoch time:  33.760499715805054


-------------------------------- Iteration 96 -------------------------------- 
{'reach-v1_success_rate': array(1., dtype=float32), 'push-v1_success_rate': array(1., dtype=float32), 'drawer-close-v1_success_rate': array(1., dtype=float32), 'button-press-topdown-v1_success_rate': array(1., dtype=float32), 'mean_success_rate': 1.0}

Training agent using sampled data from replay buffer...
training time:  22.59412455558777
evaluation time:  11.024937868118286
epoch time:  33.619094133377075


-------------------------------- Iteration 97 -------------------------------- 
{'reach-v1_success_rate': array(1., dtype=float32), 'push-v1_success_rate': array(1., dtype=float32), 'drawer-close-v1_success_rate': array(1., dtype=float32), 'button-press-topdown-v1_success_rate': array(1., dtype=float32), 'mean_success_rate': 1.0}

Training agent using sampled data from replay buffer...
training time:  22.603965044021606
evaluation time:  11.009364604949951
epoch time:  33.61334729194641


-------------------------------- Iteration 98 -------------------------------- 
{'reach-v1_success_rate': array(1., dtype=float32), 'push-v1_success_rate': array(1., dtype=float32), 'drawer-close-v1_success_rate': array(1., dtype=float32), 'button-press-topdown-v1_success_rate': array(1., dtype=float32), 'mean_success_rate': 1.0}

Training agent using sampled data from replay buffer...
training time:  22.464967489242554
evaluation time:  10.899672508239746
epoch time:  33.364670753479004


-------------------------------- Iteration 99 -------------------------------- 
{'reach-v1_success_rate': array(1., dtype=float32), 'push-v1_success_rate': array(1., dtype=float32), 'drawer-close-v1_success_rate': array(1., dtype=float32), 'button-press-topdown-v1_success_rate': array(1., dtype=float32), 'mean_success_rate': 1.0}

Training agent using sampled data from replay buffer...
training time:  22.38919186592102
evaluation time:  11.040467739105225
epoch time:  33.429686546325684
Done
