/var/lib/slurm/slurmd/job3513857/slurm_script: line 9: batch_scripts/MT50_batch/seed.sh: No such file or directory
SLURM_JOBID=3513857
working directory=/viscam/u/jialugao/Imitation-SoftModule
########################
logging outputs to  /viscam/u/jialugao/Imitation-SoftModule/data/Base_bc_reach_handle-press-side-v1_2640.000124-01-2022_18-56-19
########################
{'expert_policy_file': '../Multi-Task-RL/log/MT50_Single_Task/handle-press-side-v1/Fixed/238/model/model_pf_best.pth', 'exp_name': 'bc_reach', 'do_dagger': False, 'ep_len': 200, 'gradient_steps': 1, 'n_iter': 10000, 'render_interval': 1, 'eval_interval': 200, 'batch_size': 64, 'eval_batch_size': 32, 'train_batch_size': 32, 'n_layers': 2, 'size': 400, 'learning_rate': 0.0001, 'video_log_freq': -1, 'scalar_log_freq': 1, 'no_gpu': False, 'which_gpu': 0, 'max_replay_buffer_size': 1000000, 'save_params': False, 'seed': 32, 'worker_nums': 1, 'eval_worker_nums': 1, 'config': 'config/BC.json', 'no_cuda': True, 'random_init': False, 'device': 'cpu', 'id': 'MT50_Single_Task', 'task_name': 'handle-press-side-v1', 'task_env': 'MT50_task_env', 'cuda': False, 'log_dir': '/viscam/u/jialugao/Imitation-SoftModule/data/Base_bc_reach_handle-press-side-v1_2640.000124-01-2022_18-56-19', 'agent_class': <class 'agents.bc_agent.MLPAgent'>, 'agent_params': {'n_layers': 2, 'size': 400, 'learning_rate': 0.0001, 'max_replay_buffer_size': 1000000, 'discrete': False, 'ac_dim': 4, 'ob_dim': 9}}
{'env_name': 'single_task', 'env': {'reward_scale': 1, 'obs_norm': False}, 'meta_env': {'obs_type': 'with_goal', 'random_init': False}, 'replay_buffer': {'size': 1000000.0}, 'net': {'hidden_shapes': [400, 400], 'append_hidden_shapes': [400], 'base_type': <class 'networks.base.MLPBase'>}, 'general_setting': {'discount': 0.99, 'pretrain_epochs': 20, 'num_epochs': 7500, 'epoch_frames': 200, 'max_episode_frames': 200, 'batch_size': 1280, 'min_pool': 10000, 'target_hard_update_period': 1000, 'use_soft_update': True, 'tau': 0.005, 'opt_times': 200, 'eval_episodes': 100, 'train_render': False, 'eval_render': False, 'env': <NormAct<RewardShift<SingleWrapperNone>>>, 'logger': <utils.logger.Logger object at 0x7f2ecc9a6d50>, 'device': device(type='cpu')}, 'sac': {'plr': 0.0003, 'qlr': 0.0003, 'reparameterization': True, 'automatic_entropy_tuning': True, 'policy_std_reg_weight': 0, 'policy_mean_reg_weight': 0}}
Loading expert policy from... ../Multi-Task-RL/log/MT50_Single_Task/handle-press-side-v1/Fixed/238/model/model_pf_best.pth
tensor([[-0.0102, -0.0130, -0.0490,  ..., -0.0018, -0.0180, -0.0640],
        [-0.0224, -0.0383, -0.0492,  ...,  0.0500, -0.0097, -0.0795],
        [-0.0423, -0.0861, -0.0863,  ...,  0.0376, -0.0277, -0.0497],
        ...,
        [ 0.0161, -0.0639,  0.0074,  ...,  0.0644, -0.0335, -0.0287],
        [-0.0457, -0.0466, -0.0602,  ..., -0.0006, -0.0014, -0.0270],
        [-0.0042, -0.0119, -0.0628,  ...,  0.0234, -0.0585, -0.0263]])
Done restoring expert policy...
<NormAct<RewardShift<AugObs<SawyerHandlePressSideEnv instance>>>>


-------------------------------- Iteration 0 -------------------------------- 
initial ob: [-0.03264907  0.51488483  0.23687569 -0.15        0.7         0.16
 -0.35        0.7         0.04       -0.35        0.7         0.04      ]
expert:[-0.8651652   0.96480733  0.82121795  0.26081952]
expert:[-0.9647755   0.96677893  0.82139415  0.38165146]
expert:[-0.9851502   0.9618565   0.8475162  -0.01671241]
expert:[-0.9881307   0.9611053   0.8881281  -0.53066033]
expert:[-0.9874788   0.979347    0.65115196 -0.4872624 ]
expert:[-0.98398006  0.9801903  -0.16187647 -0.26632902]
expert:[-0.986169    0.9578904  -0.5371395   0.24468629]
expert:[-0.9860336   0.9143276  -0.79631     0.35097778]
expert:[-0.98518264  0.86649185 -0.88536775  0.15723996]
expert:[-0.9805809   0.78843147 -0.8558606  -0.22792643]
expert:[-0.9815369   0.45108488 -0.24456003 -0.67801034]
expert:[-0.985984   -0.84284353  0.90439177 -0.80829537]
expert:[-0.98942685 -0.9306811   0.9478138  -0.8244005 ]
expert:[-0.98936176 -0.91616875  0.89881015 -0.72878665]
expert:[-0.9906398  -0.87607586  0.70486146 -0.53431094]
expert:[-0.9913947  -0.91210985 -0.00246094 -0.42213282]
expert:[-0.9876011  -0.8495323  -0.98100984 -0.16624191]
expert:[-0.91106594  0.262663   -0.99227315  0.4841695 ]
expert:[-0.4526935   0.3922209  -0.99637276  0.56071717]
expert:[-0.12690479  0.02870297 -0.99565995  0.31265455]
expert:[ 0.4200756  -0.2753235  -0.9890525  -0.08584087]
expert:[ 0.89347553 -0.2897188  -0.99504524 -0.2925921 ]
expert:[ 0.945575   -0.10912537 -0.9954665  -0.0953952 ]
expert:[ 0.8997644   0.16639294 -0.9934966   0.21296251]
expert:[ 0.86439013  0.2937372  -0.991837    0.2862021 ]
expert:[ 0.8560005   0.3191919  -0.99136657  0.28435823]
expert:[ 0.8582066   0.3215676  -0.99096626  0.26625913]
expert:[ 0.86224574  0.31541562 -0.990146    0.24501012]
expert:[ 0.86577284  0.3070066  -0.9886219   0.22771762]
expert:[ 0.86206067  0.2890437  -0.9864485   0.22766295]
expert:[ 0.83877903  0.2669498  -0.9837911   0.21416642]
expert:[ 0.81348944  0.26453534 -0.9816001   0.19040902]
expert:[ 0.7060176   0.28012955 -0.9713027   0.13581656]
expert:[ 0.50425875  0.20571773 -0.9462969   0.11930308]
expert:[ 0.29096818  0.1412347  -0.9048413   0.0929688 ]
expert:[ 0.22207512  0.13520159 -0.86707604  0.04236935]
expert:[ 0.23113474  0.12777168 -0.83148026 -0.03680422]
expert:[-0.64866257  0.11239733 -0.56748694  0.24716243]
expert:[-0.7539277   0.04854638 -0.48822632  0.24140467]
expert:[-0.7360106   0.0285622  -0.5131812   0.17216505]
expert:[-0.6466793   0.01343671 -0.618258    0.06037271]
expert:[-0.47602022  0.00317707 -0.7147838  -0.06199591]
expert:[-0.26540858 -0.00779323 -0.78752714 -0.18277623]
expert:[-0.03194103 -0.01770585 -0.84718424 -0.31767657]
expert:[ 0.10890182 -0.02140269 -0.87668836 -0.39868394]
expert:[ 0.18850546 -0.00712436 -0.8947419  -0.45777312]
expert:[ 0.18347986  0.01640623 -0.9062354  -0.4881814 ]
expert:[ 0.1110756   0.01148237 -0.914919   -0.49669406]
expert:[ 0.05441688  0.01472001 -0.92636627 -0.5041981 ]
expert:[-0.0199773   0.01714247 -0.9364334  -0.49998507]
expert:[-0.10695206  0.01392025 -0.9438371  -0.48961052]
expert:[-0.18005624  0.01137336 -0.9500535  -0.48859426]
expert:[-0.25060302  0.01898496 -0.95560944 -0.489005  ]
expert:[-0.3152985   0.01830359 -0.96105075 -0.4887018 ]
expert:[-0.40309733  0.03030058 -0.96339285 -0.45820692]
expert:[-0.35110998  0.03051222 -0.9646744  -0.45821172]
expert:[-0.29308084  0.0269255  -0.96573853 -0.46841127]
expert:[-0.23036309  0.03292095 -0.9667325  -0.4778053 ]
expert:[-0.1624003   0.06077696 -0.9691453  -0.4800732 ]
expert:[-0.10766233  0.09078319 -0.9713996  -0.48296806]
expert:[-0.06493767  0.11164595 -0.9735212  -0.48424467]
expert:[-0.00936889  0.1383423  -0.97582823 -0.47948703]
expert:[ 0.03447537  0.17802258 -0.97750205 -0.4589043 ]
expert:[ 0.10031985  0.22086169 -0.9762632  -0.42945954]
expert:[ 0.1830924   0.26523897 -0.97163916 -0.3941893 ]
expert:[ 0.22510399  0.30937406 -0.9627751  -0.31662866]
expert:[ 0.24212347  0.37669972 -0.94630224 -0.1960871 ]
expert:[ 0.24810693  0.43561912 -0.9180554  -0.12251618]
expert:[ 0.17727639  0.48971188 -0.8776484  -0.0867284 ]
expert:[ 0.09880931  0.5044546  -0.8088356  -0.05486256]
expert:[ 0.03796689  0.5151885  -0.71494436 -0.02967883]
expert:[-0.03932518  0.53117293 -0.6082809  -0.01741187]
expert:[-0.05801493  0.5192772  -0.5782925  -0.04550778]
expert:[-0.12877488  0.474248   -0.5838147  -0.0662433 ]
expert:[-0.92031884  0.43959206 -0.63967174 -0.30354562]
expert:[-0.9779889   0.363316   -0.5844372  -0.36784425]
expert:[-0.9922966   0.29127967 -0.45067027 -0.3788914 ]
expert:[-0.9955402   0.25127697 -0.36695915 -0.37196186]
expert:[-0.99759156  0.20512176 -0.28102106 -0.3782704 ]
expert:[-0.9983545   0.16747504 -0.21873719 -0.38694295]
expert:[-0.99859244  0.15448987 -0.19626422 -0.41444305]
expert:[-0.9986356   0.16387074 -0.20334813 -0.44316268]
expert:[-0.9986223   0.1773866  -0.21608375 -0.46958065]
expert:[-0.9985447   0.18834162 -0.22940718 -0.49201858]
expert:[-0.9985156   0.1843535  -0.23913987 -0.5157153 ]
expert:[-0.9984363   0.16829625 -0.24746518 -0.5371779 ]
expert:[-0.99826276  0.15933728 -0.25971532 -0.55718184]
expert:[-0.9980401   0.13445723 -0.26976353 -0.5806356 ]
expert:[-0.9975328   0.0958666  -0.28048322 -0.5986154 ]
expert:[-0.9963623   0.02593741 -0.27638146 -0.60815346]
expert:[-0.99441963 -0.0512122  -0.26570526 -0.61947674]
expert:[-0.9916239  -0.11270612 -0.2565686  -0.6309761 ]
expert:[-0.98603606 -0.18612273 -0.245041   -0.64160013]
expert:[-0.9764668  -0.25248605 -0.2342805  -0.65196496]
expert:[-0.96417886 -0.30510697 -0.21684672 -0.65438646]
expert:[-0.94201475 -0.37297794 -0.19981131 -0.64847577]
expert:[-0.91388744 -0.40960416 -0.18353991 -0.64154184]
expert:[-0.8811959  -0.40644115 -0.16706032 -0.62669003]
expert:[-0.8377911  -0.40920052 -0.15425979 -0.6123183 ]
expert:[-0.7885195  -0.41305918 -0.13104078 -0.60356367]
expert:[-0.7130824  -0.4197504  -0.10062231 -0.5874332 ]
expert:[-0.69442093 -0.4136869  -0.09519541 -0.5761411 ]
expert:[-0.6691045  -0.40455467 -0.08990303 -0.5569002 ]
expert:[-0.6479102  -0.3932973  -0.08522154 -0.5459928 ]
expert:[-0.61899287 -0.37850958 -0.08126497 -0.52781993]
expert:[-0.59571505 -0.36059004 -0.07793181 -0.5187782 ]
expert:[-0.5723747  -0.34065825 -0.07504785 -0.5114586 ]
expert:[-0.54364985 -0.32076713 -0.07434018 -0.4971618 ]
expert:[-0.52116126 -0.30788654 -0.07755698 -0.48666304]
expert:[-0.4896402  -0.29019472 -0.08384207 -0.46427694]
expert:[-0.46170393 -0.2748625  -0.08809329 -0.45012638]
expert:[-0.43298823 -0.24863608 -0.09808009 -0.43522424]
expert:[-0.4000934  -0.20773081 -0.11696282 -0.4136461 ]
expert:[-0.37445247 -0.17786252 -0.12785482 -0.4048601 ]
expert:[-0.35374907 -0.15032609 -0.13709629 -0.4066603 ]
expert:[-0.33517447 -0.1233891  -0.14598686 -0.41299415]
expert:[-0.31630665 -0.09627951 -0.15478118 -0.41975248]
expert:[-0.29643577 -0.06892591 -0.16375315 -0.42498508]
expert:[-0.2813157  -0.04468326 -0.17120668 -0.43028417]
expert:[-0.27296796 -0.0240496  -0.17686279 -0.4361488 ]
expert:[-0.2646411  -0.00331217 -0.18270755 -0.44108433]
expert:[-0.2564349   0.01717782 -0.18862359 -0.44550532]
expert:[-0.24766739  0.0387084  -0.19479293 -0.44894958]
expert:[-0.2388909   0.05983293 -0.2009018  -0.45226932]
expert:[-0.23047258  0.08158874 -0.20728073 -0.45487016]
expert:[-0.22227262  0.10289171 -0.21360661 -0.4572356 ]
expert:[-0.21432516  0.12311591 -0.21965702 -0.45988563]
expert:[-0.20673655  0.1425016  -0.22568597 -0.46232244]
expert:[-0.19999263  0.1646667  -0.2355015  -0.45451272]
expert:[-0.1935461   0.18495268 -0.24460824 -0.44744974]
expert:[-0.18634006  0.20122404 -0.25040418 -0.4486615 ]
expert:[-0.17982271  0.21487595 -0.25499153 -0.45230398]
expert:[-0.17362748  0.22699304 -0.25895947 -0.45635784]
expert:[-0.16770181  0.23894604 -0.26271668 -0.46005076]
expert:[-0.16103499  0.24808991 -0.26423797 -0.46078452]
expert:[-0.15411063  0.25512862 -0.26465577 -0.45968157]
expert:[-0.14744903  0.26138023 -0.2651674  -0.45801577]
expert:[-0.09664451  0.35502744 -0.27110222 -0.43194553]
expert:[-0.14190829  0.57628405 -0.21023768 -0.40086213]
expert:[-0.17791402  0.6797015  -0.17425597 -0.37686336]
expert:[-0.15594153  0.710083   -0.19426252 -0.4381525 ]
expert:[-0.08436537  0.76483834 -0.22151996 -0.6145029 ]
expert:[-0.01680693  0.7999072  -0.24699907 -0.75010556]
expert:[ 0.01773407  0.80211425 -0.24872552 -0.81132543]
expert:[ 0.02656499  0.7834139  -0.23020826 -0.8350226 ]
expert:[ 0.03204089  0.7616211  -0.20635365 -0.8530718 ]
expert:[ 0.02347982  0.72922105 -0.18018356 -0.86281055]
expert:[-0.00786744  0.6761575  -0.15868181 -0.86097825]
expert:[-0.03927772  0.63280547 -0.1372156  -0.8586468 ]
expert:[-0.05281588  0.6126704  -0.12738098 -0.8572555 ]
expert_success: 1.0
path_length: 150



-------------------------------- Iteration 0 -------------------------------- 
initial ob: [-0.03264907  0.51488483  0.23687569 -0.15        0.7         0.16
 -0.35        0.7         0.04       -0.35        0.7         0.04      ]
agent_success: 0

training time:  0.16018939018249512
evaluation time:  10.71874713897705
epoch time:  10.878968238830566


-------------------------------- Iteration 200 -------------------------------- 
initial ob: [-0.03264907  0.51488483  0.23687569 -0.15        0.7         0.16
 -0.35        0.7         0.04       -0.35        0.7         0.04      ]
agent_success: 0

training time:  0.00440669059753418
evaluation time:  8.238508462905884
epoch time:  8.242940902709961


-------------------------------- Iteration 400 -------------------------------- 
initial ob: [-0.03264907  0.51488483  0.23687569 -0.15        0.7         0.16
 -0.35        0.7         0.04       -0.35        0.7         0.04      ]
agent_success: 0

training time:  0.002655029296875
evaluation time:  8.256221294403076
epoch time:  8.25890564918518


-------------------------------- Iteration 600 -------------------------------- 
initial ob: [-0.03264907  0.51488483  0.23687569 -0.15        0.7         0.16
 -0.35        0.7         0.04       -0.35        0.7         0.04      ]
agent_success: 0

training time:  0.0024688243865966797
evaluation time:  8.0926034450531
epoch time:  8.095101356506348


-------------------------------- Iteration 800 -------------------------------- 
initial ob: [-0.03264907  0.51488483  0.23687569 -0.15        0.7         0.16
 -0.35        0.7         0.04       -0.35        0.7         0.04      ]
agent_success: 0

training time:  0.0023620128631591797
evaluation time:  8.529753684997559
epoch time:  8.532153129577637


-------------------------------- Iteration 1000 -------------------------------- 
initial ob: [-0.03264907  0.51488483  0.23687569 -0.15        0.7         0.16
 -0.35        0.7         0.04       -0.35        0.7         0.04      ]
agent_success: 0

training time:  0.003036022186279297
evaluation time:  8.181924819946289
epoch time:  8.184983491897583


-------------------------------- Iteration 1200 -------------------------------- 
initial ob: [-0.03264907  0.51488483  0.23687569 -0.15        0.7         0.16
 -0.35        0.7         0.04       -0.35        0.7         0.04      ]
agent_success: 0

training time:  0.002683401107788086
evaluation time:  9.085713863372803
epoch time:  9.088422775268555


-------------------------------- Iteration 1400 -------------------------------- 
initial ob: [-0.03264907  0.51488483  0.23687569 -0.15        0.7         0.16
 -0.35        0.7         0.04       -0.35        0.7         0.04      ]
agent_success: 0

training time:  0.002457857131958008
evaluation time:  8.33158540725708
epoch time:  8.334065198898315


-------------------------------- Iteration 1600 -------------------------------- 
initial ob: [-0.03264907  0.51488483  0.23687569 -0.15        0.7         0.16
 -0.35        0.7         0.04       -0.35        0.7         0.04      ]
agent_success: 0

training time:  0.0025920867919921875
evaluation time:  9.089149475097656
epoch time:  9.091763496398926


-------------------------------- Iteration 1800 -------------------------------- 
initial ob: [-0.03264907  0.51488483  0.23687569 -0.15        0.7         0.16
 -0.35        0.7         0.04       -0.35        0.7         0.04      ]
agent_success: 0

training time:  0.0024323463439941406
evaluation time:  9.010915517807007
epoch time:  9.013368844985962


-------------------------------- Iteration 2000 -------------------------------- 
initial ob: [-0.03264907  0.51488483  0.23687569 -0.15        0.7         0.16
 -0.35        0.7         0.04       -0.35        0.7         0.04      ]
agent_success: 0

training time:  0.0025048255920410156
evaluation time:  9.10868763923645
epoch time:  9.111210107803345


-------------------------------- Iteration 2200 -------------------------------- 
initial ob: [-0.03264907  0.51488483  0.23687569 -0.15        0.7         0.16
 -0.35        0.7         0.04       -0.35        0.7         0.04      ]
agent_success: 0

training time:  0.0024199485778808594
evaluation time:  8.972295761108398
epoch time:  8.97473669052124


-------------------------------- Iteration 2400 -------------------------------- 
initial ob: [-0.03264907  0.51488483  0.23687569 -0.15        0.7         0.16
 -0.35        0.7         0.04       -0.35        0.7         0.04      ]
agent_success: 0

training time:  0.002430438995361328
evaluation time:  9.773798704147339
epoch time:  9.776269674301147


-------------------------------- Iteration 2600 -------------------------------- 
initial ob: [-0.03264907  0.51488483  0.23687569 -0.15        0.7         0.16
 -0.35        0.7         0.04       -0.35        0.7         0.04      ]
agent_success: 0

training time:  0.002423524856567383
evaluation time:  9.437854051589966
epoch time:  9.44030499458313


-------------------------------- Iteration 2800 -------------------------------- 
initial ob: [-0.03264907  0.51488483  0.23687569 -0.15        0.7         0.16
 -0.35        0.7         0.04       -0.35        0.7         0.04      ]
agent_success: 0

training time:  0.0024933815002441406
evaluation time:  9.628616333007812
epoch time:  9.631144762039185


-------------------------------- Iteration 3000 -------------------------------- 
initial ob: [-0.03264907  0.51488483  0.23687569 -0.15        0.7         0.16
 -0.35        0.7         0.04       -0.35        0.7         0.04      ]
agent_success: 0

training time:  0.002466440200805664
evaluation time:  9.614649295806885
epoch time:  9.617151498794556


-------------------------------- Iteration 3200 -------------------------------- 
initial ob: [-0.03264907  0.51488483  0.23687569 -0.15        0.7         0.16
 -0.35        0.7         0.04       -0.35        0.7         0.04      ]
agent_success: 0

training time:  0.002440929412841797
evaluation time:  9.187723159790039
epoch time:  9.190184593200684


-------------------------------- Iteration 3400 -------------------------------- 
initial ob: [-0.03264907  0.51488483  0.23687569 -0.15        0.7         0.16
 -0.35        0.7         0.04       -0.35        0.7         0.04      ]
agent_success: 0

training time:  0.002428293228149414
evaluation time:  9.25933289527893
epoch time:  9.261777639389038


-------------------------------- Iteration 3600 -------------------------------- 
initial ob: [-0.03264907  0.51488483  0.23687569 -0.15        0.7         0.16
 -0.35        0.7         0.04       -0.35        0.7         0.04      ]
agent_success: 0

training time:  0.0023958683013916016
evaluation time:  9.778181552886963
epoch time:  9.780601263046265


-------------------------------- Iteration 3800 -------------------------------- 
initial ob: [-0.03264907  0.51488483  0.23687569 -0.15        0.7         0.16
 -0.35        0.7         0.04       -0.35        0.7         0.04      ]
agent_success: 0

training time:  0.0024726390838623047
evaluation time:  9.287424087524414
epoch time:  9.289942741394043


-------------------------------- Iteration 4000 -------------------------------- 
initial ob: [-0.03264907  0.51488483  0.23687569 -0.15        0.7         0.16
 -0.35        0.7         0.04       -0.35        0.7         0.04      ]
agent_success: 0

training time:  0.0025141239166259766
evaluation time:  9.5337975025177
epoch time:  9.536329746246338


-------------------------------- Iteration 4200 -------------------------------- 
initial ob: [-0.03264907  0.51488483  0.23687569 -0.15        0.7         0.16
 -0.35        0.7         0.04       -0.35        0.7         0.04      ]
agent_success: 0

training time:  0.002487659454345703
evaluation time:  9.286945581436157
epoch time:  9.289460182189941


-------------------------------- Iteration 4400 -------------------------------- 
initial ob: [-0.03264907  0.51488483  0.23687569 -0.15        0.7         0.16
 -0.35        0.7         0.04       -0.35        0.7         0.04      ]
agent_success: 0

training time:  0.0024094581604003906
evaluation time:  9.56745719909668
epoch time:  9.569984674453735


-------------------------------- Iteration 4600 -------------------------------- 
initial ob: [-0.03264907  0.51488483  0.23687569 -0.15        0.7         0.16
 -0.35        0.7         0.04       -0.35        0.7         0.04      ]
agent_success: 0

training time:  0.0023899078369140625
evaluation time:  9.194987058639526
epoch time:  9.197408199310303


-------------------------------- Iteration 4800 -------------------------------- 
initial ob: [-0.03264907  0.51488483  0.23687569 -0.15        0.7         0.16
 -0.35        0.7         0.04       -0.35        0.7         0.04      ]
agent_success: 0

training time:  0.0023474693298339844
evaluation time:  9.29236364364624
epoch time:  9.294728517532349


-------------------------------- Iteration 5000 -------------------------------- 
initial ob: [-0.03264907  0.51488483  0.23687569 -0.15        0.7         0.16
 -0.35        0.7         0.04       -0.35        0.7         0.04      ]
agent_success: 0

training time:  0.00250244140625
evaluation time:  9.7381272315979
epoch time:  9.740657806396484


-------------------------------- Iteration 5200 -------------------------------- 
initial ob: [-0.03264907  0.51488483  0.23687569 -0.15        0.7         0.16
 -0.35        0.7         0.04       -0.35        0.7         0.04      ]
agent_success: 0

training time:  0.002492666244506836
evaluation time:  9.397133111953735
epoch time:  9.399642705917358


-------------------------------- Iteration 5400 -------------------------------- 
initial ob: [-0.03264907  0.51488483  0.23687569 -0.15        0.7         0.16
 -0.35        0.7         0.04       -0.35        0.7         0.04      ]
agent_success: 0

training time:  0.0024385452270507812
evaluation time:  9.876358270645142
epoch time:  9.878828287124634


-------------------------------- Iteration 5600 -------------------------------- 
initial ob: [-0.03264907  0.51488483  0.23687569 -0.15        0.7         0.16
 -0.35        0.7         0.04       -0.35        0.7         0.04      ]
agent_success: 0

training time:  0.0024933815002441406
evaluation time:  9.506521224975586
epoch time:  9.509032249450684


-------------------------------- Iteration 5800 -------------------------------- 
initial ob: [-0.03264907  0.51488483  0.23687569 -0.15        0.7         0.16
 -0.35        0.7         0.04       -0.35        0.7         0.04      ]
agent_success: 0

training time:  0.003020048141479492
evaluation time:  9.466568231582642
epoch time:  9.46960997581482


-------------------------------- Iteration 6000 -------------------------------- 
initial ob: [-0.03264907  0.51488483  0.23687569 -0.15        0.7         0.16
 -0.35        0.7         0.04       -0.35        0.7         0.04      ]
agent_success: 0

training time:  0.0024003982543945312
evaluation time:  9.664448499679565
epoch time:  9.666883707046509


-------------------------------- Iteration 6200 -------------------------------- 
initial ob: [-0.03264907  0.51488483  0.23687569 -0.15        0.7         0.16
 -0.35        0.7         0.04       -0.35        0.7         0.04      ]
agent_success: 0

training time:  0.002869844436645508
evaluation time:  9.809741735458374
epoch time:  9.812642574310303


-------------------------------- Iteration 6400 -------------------------------- 
initial ob: [-0.03264907  0.51488483  0.23687569 -0.15        0.7         0.16
 -0.35        0.7         0.04       -0.35        0.7         0.04      ]
agent_success: 0

training time:  0.002475738525390625
evaluation time:  9.151791095733643
epoch time:  9.154284715652466


-------------------------------- Iteration 6600 -------------------------------- 
initial ob: [-0.03264907  0.51488483  0.23687569 -0.15        0.7         0.16
 -0.35        0.7         0.04       -0.35        0.7         0.04      ]
agent_success: 0

training time:  0.002465963363647461
evaluation time:  9.25015139579773
epoch time:  9.25266146659851


-------------------------------- Iteration 6800 -------------------------------- 
initial ob: [-0.03264907  0.51488483  0.23687569 -0.15        0.7         0.16
 -0.35        0.7         0.04       -0.35        0.7         0.04      ]
agent_success: 1.0

training time:  0.002414703369140625
evaluation time:  9.673655033111572
epoch time:  9.676083326339722


-------------------------------- Iteration 7000 -------------------------------- 
initial ob: [-0.03264907  0.51488483  0.23687569 -0.15        0.7         0.16
 -0.35        0.7         0.04       -0.35        0.7         0.04      ]
agent_success: 0

training time:  0.0024156570434570312
evaluation time:  9.05510663986206
epoch time:  9.057551622390747


-------------------------------- Iteration 7200 -------------------------------- 
initial ob: [-0.03264907  0.51488483  0.23687569 -0.15        0.7         0.16
 -0.35        0.7         0.04       -0.35        0.7         0.04      ]
agent_success: 0

training time:  0.0025260448455810547
evaluation time:  9.162551641464233
epoch time:  9.165095567703247


-------------------------------- Iteration 7400 -------------------------------- 
initial ob: [-0.03264907  0.51488483  0.23687569 -0.15        0.7         0.16
 -0.35        0.7         0.04       -0.35        0.7         0.04      ]
agent_success: 0

training time:  0.002508401870727539
evaluation time:  9.51538372039795
epoch time:  9.517939329147339


-------------------------------- Iteration 7600 -------------------------------- 
initial ob: [-0.03264907  0.51488483  0.23687569 -0.15        0.7         0.16
 -0.35        0.7         0.04       -0.35        0.7         0.04      ]
agent_success: 1.0

training time:  0.0024819374084472656
evaluation time:  9.775921821594238
epoch time:  9.77841591835022


-------------------------------- Iteration 7800 -------------------------------- 
initial ob: [-0.03264907  0.51488483  0.23687569 -0.15        0.7         0.16
 -0.35        0.7         0.04       -0.35        0.7         0.04      ]
agent_success: 1.0

training time:  0.0026366710662841797
evaluation time:  9.785522937774658
epoch time:  9.788204908370972


-------------------------------- Iteration 8000 -------------------------------- 
initial ob: [-0.03264907  0.51488483  0.23687569 -0.15        0.7         0.16
 -0.35        0.7         0.04       -0.35        0.7         0.04      ]
agent_success: 1.0

training time:  0.0024657249450683594
evaluation time:  9.343292236328125
epoch time:  9.345771551132202


-------------------------------- Iteration 8200 -------------------------------- 
initial ob: [-0.03264907  0.51488483  0.23687569 -0.15        0.7         0.16
 -0.35        0.7         0.04       -0.35        0.7         0.04      ]
agent_success: 1.0

training time:  0.0030410289764404297
evaluation time:  9.19879150390625
epoch time:  9.201850175857544


-------------------------------- Iteration 8400 -------------------------------- 
initial ob: [-0.03264907  0.51488483  0.23687569 -0.15        0.7         0.16
 -0.35        0.7         0.04       -0.35        0.7         0.04      ]
agent_success: 0

training time:  0.0023283958435058594
evaluation time:  9.141964435577393
epoch time:  9.144309997558594


-------------------------------- Iteration 8600 -------------------------------- 
initial ob: [-0.03264907  0.51488483  0.23687569 -0.15        0.7         0.16
 -0.35        0.7         0.04       -0.35        0.7         0.04      ]
agent_success: 1.0

training time:  0.002813100814819336
evaluation time:  9.20059585571289
epoch time:  9.2034330368042


-------------------------------- Iteration 8800 -------------------------------- 
initial ob: [-0.03264907  0.51488483  0.23687569 -0.15        0.7         0.16
 -0.35        0.7         0.04       -0.35        0.7         0.04      ]
agent_success: 1.0

training time:  0.002367258071899414
evaluation time:  9.036776781082153
epoch time:  9.039156675338745


-------------------------------- Iteration 9000 -------------------------------- 
initial ob: [-0.03264907  0.51488483  0.23687569 -0.15        0.7         0.16
 -0.35        0.7         0.04       -0.35        0.7         0.04      ]
agent_success: 1.0

training time:  0.003073453903198242
evaluation time:  9.066112518310547
epoch time:  9.069196224212646


-------------------------------- Iteration 9200 -------------------------------- 
initial ob: [-0.03264907  0.51488483  0.23687569 -0.15        0.7         0.16
 -0.35        0.7         0.04       -0.35        0.7         0.04      ]
agent_success: 1.0

training time:  0.0022993087768554688
evaluation time:  8.962743520736694
epoch time:  8.965052843093872


-------------------------------- Iteration 9400 -------------------------------- 
initial ob: [-0.03264907  0.51488483  0.23687569 -0.15        0.7         0.16
 -0.35        0.7         0.04       -0.35        0.7         0.04      ]
agent_success: 1.0

training time:  0.0022771358489990234
evaluation time:  8.949130773544312
epoch time:  8.951418161392212


-------------------------------- Iteration 9600 -------------------------------- 
initial ob: [-0.03264907  0.51488483  0.23687569 -0.15        0.7         0.16
 -0.35        0.7         0.04       -0.35        0.7         0.04      ]
agent_success: 1.0

training time:  0.0022995471954345703
evaluation time:  8.882505416870117
epoch time:  8.88481879234314


-------------------------------- Iteration 9800 -------------------------------- 
initial ob: [-0.03264907  0.51488483  0.23687569 -0.15        0.7         0.16
 -0.35        0.7         0.04       -0.35        0.7         0.04      ]
agent_success: 1.0

training time:  0.0023517608642578125
evaluation time:  8.958448648452759
epoch time:  8.960819244384766


-------------------------------- Test Results -------------------------------- 
initial ob: [-0.03264907  0.51488483  0.23687569 -0.15        0.7         0.16
 -0.35        0.7         0.04       -0.35        0.7         0.04      ]
agent_success: 1.0

mean_success_rate:  1.0
Done
